[2024-02-24T15:16:54.531+0000] {taskinstance.py:1103} INFO - Dependencies all met for dep_context=non-requeueable deps ti=<TaskInstance: extract_energy_data_and_transform._fetch_and_transform manual__2024-02-24T15:16:08.666103+00:00 [queued]>
[2024-02-24T15:16:54.766+0000] {taskinstance.py:1103} INFO - Dependencies all met for dep_context=requeueable deps ti=<TaskInstance: extract_energy_data_and_transform._fetch_and_transform manual__2024-02-24T15:16:08.666103+00:00 [queued]>
[2024-02-24T15:16:54.830+0000] {taskinstance.py:1308} INFO - Starting attempt 1 of 1
[2024-02-24T15:16:55.024+0000] {taskinstance.py:1327} INFO - Executing <Task(PythonOperator): _fetch_and_transform> on 2024-02-24 15:16:08.666103+00:00
[2024-02-24T15:16:56.170+0000] {standard_task_runner.py:57} INFO - Started process 3754 to run task
[2024-02-24T15:16:56.356+0000] {standard_task_runner.py:84} INFO - Running: ['***', 'tasks', 'run', 'extract_energy_data_and_transform', '_fetch_and_transform', 'manual__2024-02-24T15:16:08.666103+00:00', '--job-id', '315', '--raw', '--subdir', 'DAGS_FOLDER/energy-prod-cons-dag/data_energy_dag.py', '--cfg-path', '/tmp/tmp1tucx0zq']
[2024-02-24T15:16:56.573+0000] {standard_task_runner.py:85} INFO - Job 315: Subtask _fetch_and_transform
[2024-02-24T15:16:58.063+0000] {task_command.py:410} INFO - Running <TaskInstance: extract_energy_data_and_transform._fetch_and_transform manual__2024-02-24T15:16:08.666103+00:00 [running]> on host 952b3f8a1a94
[2024-02-24T15:17:00.514+0000] {taskinstance.py:1547} INFO - Exporting env vars: AIRFLOW_CTX_DAG_OWNER='***' AIRFLOW_CTX_DAG_ID='extract_energy_data_and_transform' AIRFLOW_CTX_TASK_ID='_fetch_and_transform' AIRFLOW_CTX_EXECUTION_DATE='2024-02-24T15:16:08.666103+00:00' AIRFLOW_CTX_TRY_NUMBER='1' AIRFLOW_CTX_DAG_RUN_ID='manual__2024-02-24T15:16:08.666103+00:00'
[2024-02-24T15:17:00.724+0000] {warnings.py:110} WARNING - /home/***/.local/lib/python3.7/site-packages/***/operators/python.py:198: FutureWarning: The error_bad_lines argument has been deprecated and will be removed in a future version.


  return self.python_callable(*self.op_args, **self.op_kwargs)

[2024-02-24T15:17:24.211+0000] {logging_mixin.py:149} INFO - ******* STARTING columns ******  : Index(['operateur', 'annee', 'filiere', 'code_categorie_consommation',
       'libelle_categorie_consommation', 'code_grand_secteur',
       'libelle_grand_secteur', 'code_naf', 'libelle_secteur_naf2', 'conso',
       'pdl', 'indqual', 'nombre_mailles_secretisees', 'code_region',
       'libelle_region'],
      dtype='object')
[2024-02-24T15:17:24.229+0000] {logging_mixin.py:149} INFO - Strip leading and trailing whitespaces from column names
[2024-02-24T15:17:27.175+0000] {python.py:183} INFO - Done. Returned value was: None
[2024-02-24T15:17:27.267+0000] {taskinstance.py:1350} INFO - Marking task as SUCCESS. dag_id=extract_energy_data_and_transform, task_id=_fetch_and_transform, execution_date=20240224T151608, start_date=20240224T151654, end_date=20240224T151727
[2024-02-24T15:17:27.439+0000] {local_task_job_runner.py:225} INFO - Task exited with return code 0
[2024-02-24T15:17:27.571+0000] {taskinstance.py:2651} INFO - 1 downstream tasks scheduled from follow-on schedule check
