[2024-02-27T10:17:54.454+0000] {taskinstance.py:1103} INFO - Dependencies all met for dep_context=non-requeueable deps ti=<TaskInstance: EnergyWarehouse.create_dim_department manual__2024-02-27T10:15:57.554045+00:00 [queued]>
[2024-02-27T10:17:54.935+0000] {taskinstance.py:1103} INFO - Dependencies all met for dep_context=requeueable deps ti=<TaskInstance: EnergyWarehouse.create_dim_department manual__2024-02-27T10:15:57.554045+00:00 [queued]>
[2024-02-27T10:17:54.960+0000] {taskinstance.py:1308} INFO - Starting attempt 1 of 2
[2024-02-27T10:17:55.257+0000] {taskinstance.py:1327} INFO - Executing <Task(PythonOperator): create_dim_department> on 2024-02-27 10:15:57.554045+00:00
[2024-02-27T10:17:56.756+0000] {standard_task_runner.py:57} INFO - Started process 15077 to run task
[2024-02-27T10:17:57.199+0000] {standard_task_runner.py:84} INFO - Running: ['***', 'tasks', 'run', 'EnergyWarehouse', 'create_dim_department', 'manual__2024-02-27T10:15:57.554045+00:00', '--job-id', '624', '--raw', '--subdir', 'DAGS_FOLDER/***-to-bigquery-dag/***_to_bigquerry_dag.py', '--cfg-path', '/tmp/tmpqo2s37qj']
[2024-02-27T10:17:57.394+0000] {standard_task_runner.py:85} INFO - Job 624: Subtask create_dim_department
[2024-02-27T10:18:00.999+0000] {task_command.py:410} INFO - Running <TaskInstance: EnergyWarehouse.create_dim_department manual__2024-02-27T10:15:57.554045+00:00 [running]> on host 952b3f8a1a94
[2024-02-27T10:18:05.018+0000] {taskinstance.py:1547} INFO - Exporting env vars: AIRFLOW_CTX_DAG_OWNER='Mbaye SENE' AIRFLOW_CTX_DAG_ID='EnergyWarehouse' AIRFLOW_CTX_TASK_ID='create_dim_department' AIRFLOW_CTX_EXECUTION_DATE='2024-02-27T10:15:57.554045+00:00' AIRFLOW_CTX_TRY_NUMBER='1' AIRFLOW_CTX_DAG_RUN_ID='manual__2024-02-27T10:15:57.554045+00:00'
[2024-02-27T10:18:05.121+0000] {warnings.py:110} WARNING - /home/***/.local/lib/python3.7/site-packages/***/operators/python.py:198: FutureWarning: The error_bad_lines argument has been deprecated and will be removed in a future version.


  return self.python_callable(*self.op_args, **self.op_kwargs)

[2024-02-27T10:18:10.888+0000] {logging_mixin.py:149} INFO - ****DISPLAY HEAD :   operateur,annee,filiere,consoa,pdla,indquala,consoi,pdli,indquali,consot,pdlt,indqualt,consor,pdlr,indqualr,consona,pdlna,indqualna,code_departement,libelle_departement,code_region,libelle_region,id_filiere,consototale
0  Enedis,2011,Electricité,26490.69,334,0.957,838...                                                                                                                                                                        
1  Enedis,2011,Electricité,25747.9,373,0.976,4263...                                                                                                                                                                        
2  Enedis,2011,Electricité,13601.05,118,0.946,105...                                                                                                                                                                        
3  Enedis,2011,Electricité,6611.47,62,0.949,44404...                                                                                                                                                                        
4  Enedis,2011,Electricité,33909.59,288,0.944,524...                                                                                                                                                                        
[2024-02-27T10:18:11.185+0000] {logging_mixin.py:149} INFO - ****COLUMNS : Index(['operateur,annee,filiere,consoa,pdla,indquala,consoi,pdli,indquali,consot,pdlt,indqualt,consor,pdlr,indqualr,consona,pdlna,indqualna,code_departement,libelle_departement,code_region,libelle_region,id_filiere,consototale'], dtype='object')
[2024-02-27T10:18:11.203+0000] {logging_mixin.py:149} INFO - ****TRIMMED COLUMNS : ['operateur,annee,filiere,consoa,pdla,indquala,consoi,pdli,indquali,consot,pdlt,indqualt,consor,pdlr,indqualr,consona,pdlna,indqualna,code_departement,libelle_departement,code_region,libelle_region,id_filiere,consototale']
[2024-02-27T10:18:11.978+0000] {taskinstance.py:1824} ERROR - Task failed with exception
Traceback (most recent call last):
  File "/home/airflow/.local/lib/python3.7/site-packages/airflow/operators/python.py", line 181, in execute
    return_value = self.execute_callable()
  File "/home/airflow/.local/lib/python3.7/site-packages/airflow/operators/python.py", line 198, in execute_callable
    return self.python_callable(*self.op_args, **self.op_kwargs)
  File "/opt/airflow/dags/airflow-to-bigquery-dag/airflow_to_bigquerry_dag.py", line 215, in create_dim_department
    departement_dim = df_conso_energy_dept[['code_departement' , 'libelle_departement' , 'code_region']].drop_duplicates().reset_index(drop=True)
  File "/home/airflow/.local/lib/python3.7/site-packages/pandas/core/frame.py", line 3464, in __getitem__
    indexer = self.loc._get_listlike_indexer(key, axis=1)[1]
  File "/home/airflow/.local/lib/python3.7/site-packages/pandas/core/indexing.py", line 1314, in _get_listlike_indexer
    self._validate_read_indexer(keyarr, indexer, axis)
  File "/home/airflow/.local/lib/python3.7/site-packages/pandas/core/indexing.py", line 1374, in _validate_read_indexer
    raise KeyError(f"None of [{key}] are in the [{axis_name}]")
KeyError: "None of [Index(['code_departement', 'libelle_departement', 'code_region'], dtype='object')] are in the [columns]"
[2024-02-27T10:18:17.328+0000] {taskinstance.py:1350} INFO - Marking task as UP_FOR_RETRY. dag_id=EnergyWarehouse, task_id=create_dim_department, execution_date=20240227T101557, start_date=20240227T101754, end_date=20240227T101817
[2024-02-27T10:18:29.279+0000] {standard_task_runner.py:109} ERROR - Failed to execute job 624 for task create_dim_department ("None of [Index(['code_departement', 'libelle_departement', 'code_region'], dtype='object')] are in the [columns]"; 15077)
[2024-02-27T10:18:31.924+0000] {local_task_job_runner.py:225} INFO - Task exited with return code 1
[2024-02-27T10:18:42.088+0000] {taskinstance.py:2651} INFO - 0 downstream tasks scheduled from follow-on schedule check
