[2024-02-26T22:01:09.825+0000] {taskinstance.py:1103} INFO - Dependencies all met for dep_context=non-requeueable deps ti=<TaskInstance: EnergyWarehouse.dim_annee scheduled__2024-02-24T00:00:00+00:00 [queued]>
[2024-02-26T22:01:09.919+0000] {taskinstance.py:1103} INFO - Dependencies all met for dep_context=requeueable deps ti=<TaskInstance: EnergyWarehouse.dim_annee scheduled__2024-02-24T00:00:00+00:00 [queued]>
[2024-02-26T22:01:09.922+0000] {taskinstance.py:1308} INFO - Starting attempt 1 of 2
[2024-02-26T22:01:09.977+0000] {taskinstance.py:1327} INFO - Executing <Task(PythonSensor): dim_annee> on 2024-02-24 00:00:00+00:00
[2024-02-26T22:01:10.374+0000] {standard_task_runner.py:57} INFO - Started process 3851 to run task
[2024-02-26T22:01:10.494+0000] {standard_task_runner.py:84} INFO - Running: ['***', 'tasks', 'run', 'EnergyWarehouse', 'dim_annee', 'scheduled__2024-02-24T00:00:00+00:00', '--job-id', '404', '--raw', '--subdir', 'DAGS_FOLDER/***-to-bigquery-dag/***_to_bigquerry_dag.py', '--cfg-path', '/tmp/tmp5pk8grnk']
[2024-02-26T22:01:10.557+0000] {standard_task_runner.py:85} INFO - Job 404: Subtask dim_annee
[2024-02-26T22:01:12.643+0000] {task_command.py:410} INFO - Running <TaskInstance: EnergyWarehouse.dim_annee scheduled__2024-02-24T00:00:00+00:00 [running]> on host 952b3f8a1a94
[2024-02-26T22:01:15.226+0000] {taskinstance.py:1547} INFO - Exporting env vars: AIRFLOW_CTX_DAG_OWNER='Mbaye SENE' AIRFLOW_CTX_DAG_ID='EnergyWarehouse' AIRFLOW_CTX_TASK_ID='dim_annee' AIRFLOW_CTX_EXECUTION_DATE='2024-02-24T00:00:00+00:00' AIRFLOW_CTX_TRY_NUMBER='1' AIRFLOW_CTX_DAG_RUN_ID='scheduled__2024-02-24T00:00:00+00:00'
[2024-02-26T22:01:15.514+0000] {python.py:72} INFO - Poking callable: <function _wait_for_csv at 0x7f471b0a2320>
[2024-02-26T22:01:16.247+0000] {taskinstance.py:1784} INFO - Rescheduling task, marking task as UP_FOR_RESCHEDULE
[2024-02-26T22:01:18.982+0000] {local_task_job_runner.py:225} INFO - Task exited with return code 0
[2024-02-26T22:01:19.954+0000] {taskinstance.py:2651} INFO - 0 downstream tasks scheduled from follow-on schedule check
[2024-02-26T22:02:21.732+0000] {taskinstance.py:1103} INFO - Dependencies all met for dep_context=non-requeueable deps ti=<TaskInstance: EnergyWarehouse.dim_annee scheduled__2024-02-24T00:00:00+00:00 [queued]>
[2024-02-26T22:02:21.922+0000] {taskinstance.py:1103} INFO - Dependencies all met for dep_context=requeueable deps ti=<TaskInstance: EnergyWarehouse.dim_annee scheduled__2024-02-24T00:00:00+00:00 [queued]>
[2024-02-26T22:02:21.947+0000] {taskinstance.py:1308} INFO - Starting attempt 1 of 2
[2024-02-26T22:02:22.189+0000] {taskinstance.py:1327} INFO - Executing <Task(PythonSensor): dim_annee> on 2024-02-24 00:00:00+00:00
[2024-02-26T22:02:22.511+0000] {standard_task_runner.py:57} INFO - Started process 3873 to run task
[2024-02-26T22:02:22.561+0000] {standard_task_runner.py:84} INFO - Running: ['***', 'tasks', 'run', 'EnergyWarehouse', 'dim_annee', 'scheduled__2024-02-24T00:00:00+00:00', '--job-id', '410', '--raw', '--subdir', 'DAGS_FOLDER/***-to-bigquery-dag/***_to_bigquerry_dag.py', '--cfg-path', '/tmp/tmprsavhe4y']
[2024-02-26T22:02:22.615+0000] {standard_task_runner.py:85} INFO - Job 410: Subtask dim_annee
[2024-02-26T22:02:23.415+0000] {task_command.py:410} INFO - Running <TaskInstance: EnergyWarehouse.dim_annee scheduled__2024-02-24T00:00:00+00:00 [running]> on host 952b3f8a1a94
[2024-02-26T22:02:24.687+0000] {taskinstance.py:1547} INFO - Exporting env vars: AIRFLOW_CTX_DAG_OWNER='Mbaye SENE' AIRFLOW_CTX_DAG_ID='EnergyWarehouse' AIRFLOW_CTX_TASK_ID='dim_annee' AIRFLOW_CTX_EXECUTION_DATE='2024-02-24T00:00:00+00:00' AIRFLOW_CTX_TRY_NUMBER='1' AIRFLOW_CTX_DAG_RUN_ID='scheduled__2024-02-24T00:00:00+00:00'
[2024-02-26T22:02:25.715+0000] {python.py:72} INFO - Poking callable: <function _wait_for_csv at 0x7f471b437680>
[2024-02-26T22:02:26.141+0000] {taskinstance.py:1784} INFO - Rescheduling task, marking task as UP_FOR_RESCHEDULE
[2024-02-26T22:02:26.276+0000] {local_task_job_runner.py:225} INFO - Task exited with return code 0
[2024-02-26T22:02:26.600+0000] {taskinstance.py:2651} INFO - 0 downstream tasks scheduled from follow-on schedule check
[2024-02-26T22:03:03.384+0000] {taskinstance.py:1103} INFO - Dependencies all met for dep_context=non-requeueable deps ti=<TaskInstance: EnergyWarehouse.dim_annee scheduled__2024-02-24T00:00:00+00:00 [queued]>
[2024-02-26T22:03:03.421+0000] {taskinstance.py:1103} INFO - Dependencies all met for dep_context=requeueable deps ti=<TaskInstance: EnergyWarehouse.dim_annee scheduled__2024-02-24T00:00:00+00:00 [queued]>
[2024-02-26T22:03:03.425+0000] {taskinstance.py:1308} INFO - Starting attempt 1 of 2
[2024-02-26T22:03:03.500+0000] {taskinstance.py:1327} INFO - Executing <Task(PythonSensor): dim_annee> on 2024-02-24 00:00:00+00:00
[2024-02-26T22:03:03.545+0000] {standard_task_runner.py:57} INFO - Started process 3892 to run task
[2024-02-26T22:03:03.557+0000] {standard_task_runner.py:84} INFO - Running: ['***', 'tasks', 'run', 'EnergyWarehouse', 'dim_annee', 'scheduled__2024-02-24T00:00:00+00:00', '--job-id', '414', '--raw', '--subdir', 'DAGS_FOLDER/***-to-bigquery-dag/***_to_bigquerry_dag.py', '--cfg-path', '/tmp/tmp60i814vm']
[2024-02-26T22:03:03.565+0000] {standard_task_runner.py:85} INFO - Job 414: Subtask dim_annee
[2024-02-26T22:03:03.746+0000] {task_command.py:410} INFO - Running <TaskInstance: EnergyWarehouse.dim_annee scheduled__2024-02-24T00:00:00+00:00 [running]> on host 952b3f8a1a94
[2024-02-26T22:03:04.094+0000] {taskinstance.py:1547} INFO - Exporting env vars: AIRFLOW_CTX_DAG_OWNER='Mbaye SENE' AIRFLOW_CTX_DAG_ID='EnergyWarehouse' AIRFLOW_CTX_TASK_ID='dim_annee' AIRFLOW_CTX_EXECUTION_DATE='2024-02-24T00:00:00+00:00' AIRFLOW_CTX_TRY_NUMBER='1' AIRFLOW_CTX_DAG_RUN_ID='scheduled__2024-02-24T00:00:00+00:00'
[2024-02-26T22:03:04.136+0000] {python.py:72} INFO - Poking callable: <function _wait_for_csv at 0x7f471b4125f0>
[2024-02-26T22:03:04.218+0000] {taskinstance.py:1784} INFO - Rescheduling task, marking task as UP_FOR_RESCHEDULE
[2024-02-26T22:03:04.277+0000] {local_task_job_runner.py:225} INFO - Task exited with return code 0
[2024-02-26T22:03:04.379+0000] {taskinstance.py:2651} INFO - 0 downstream tasks scheduled from follow-on schedule check
[2024-02-26T22:03:36.345+0000] {taskinstance.py:1103} INFO - Dependencies all met for dep_context=non-requeueable deps ti=<TaskInstance: EnergyWarehouse.dim_annee scheduled__2024-02-24T00:00:00+00:00 [queued]>
[2024-02-26T22:03:36.365+0000] {taskinstance.py:1103} INFO - Dependencies all met for dep_context=requeueable deps ti=<TaskInstance: EnergyWarehouse.dim_annee scheduled__2024-02-24T00:00:00+00:00 [queued]>
[2024-02-26T22:03:36.368+0000] {taskinstance.py:1308} INFO - Starting attempt 1 of 2
[2024-02-26T22:03:36.396+0000] {taskinstance.py:1327} INFO - Executing <Task(PythonSensor): dim_annee> on 2024-02-24 00:00:00+00:00
[2024-02-26T22:03:36.409+0000] {standard_task_runner.py:57} INFO - Started process 3910 to run task
[2024-02-26T22:03:36.418+0000] {standard_task_runner.py:84} INFO - Running: ['***', 'tasks', 'run', 'EnergyWarehouse', 'dim_annee', 'scheduled__2024-02-24T00:00:00+00:00', '--job-id', '417', '--raw', '--subdir', 'DAGS_FOLDER/***-to-bigquery-dag/***_to_bigquerry_dag.py', '--cfg-path', '/tmp/tmpf9_63kyg']
[2024-02-26T22:03:36.423+0000] {standard_task_runner.py:85} INFO - Job 417: Subtask dim_annee
[2024-02-26T22:03:36.501+0000] {task_command.py:410} INFO - Running <TaskInstance: EnergyWarehouse.dim_annee scheduled__2024-02-24T00:00:00+00:00 [running]> on host 952b3f8a1a94
[2024-02-26T22:03:36.613+0000] {taskinstance.py:1547} INFO - Exporting env vars: AIRFLOW_CTX_DAG_OWNER='Mbaye SENE' AIRFLOW_CTX_DAG_ID='EnergyWarehouse' AIRFLOW_CTX_TASK_ID='dim_annee' AIRFLOW_CTX_EXECUTION_DATE='2024-02-24T00:00:00+00:00' AIRFLOW_CTX_TRY_NUMBER='1' AIRFLOW_CTX_DAG_RUN_ID='scheduled__2024-02-24T00:00:00+00:00'
[2024-02-26T22:03:36.631+0000] {python.py:72} INFO - Poking callable: <function _wait_for_csv at 0x7f471b431680>
[2024-02-26T22:03:36.660+0000] {taskinstance.py:1784} INFO - Rescheduling task, marking task as UP_FOR_RESCHEDULE
[2024-02-26T22:03:36.711+0000] {local_task_job_runner.py:225} INFO - Task exited with return code 0
[2024-02-26T22:03:36.745+0000] {taskinstance.py:2651} INFO - 0 downstream tasks scheduled from follow-on schedule check
[2024-02-26T22:04:08.692+0000] {taskinstance.py:1103} INFO - Dependencies all met for dep_context=non-requeueable deps ti=<TaskInstance: EnergyWarehouse.dim_annee scheduled__2024-02-24T00:00:00+00:00 [queued]>
[2024-02-26T22:04:08.715+0000] {taskinstance.py:1103} INFO - Dependencies all met for dep_context=requeueable deps ti=<TaskInstance: EnergyWarehouse.dim_annee scheduled__2024-02-24T00:00:00+00:00 [queued]>
[2024-02-26T22:04:08.717+0000] {taskinstance.py:1308} INFO - Starting attempt 1 of 2
[2024-02-26T22:04:08.748+0000] {taskinstance.py:1327} INFO - Executing <Task(PythonSensor): dim_annee> on 2024-02-24 00:00:00+00:00
[2024-02-26T22:04:08.761+0000] {standard_task_runner.py:57} INFO - Started process 3931 to run task
[2024-02-26T22:04:08.770+0000] {standard_task_runner.py:84} INFO - Running: ['***', 'tasks', 'run', 'EnergyWarehouse', 'dim_annee', 'scheduled__2024-02-24T00:00:00+00:00', '--job-id', '421', '--raw', '--subdir', 'DAGS_FOLDER/***-to-bigquery-dag/***_to_bigquerry_dag.py', '--cfg-path', '/tmp/tmpb3o4ii6o']
[2024-02-26T22:04:08.777+0000] {standard_task_runner.py:85} INFO - Job 421: Subtask dim_annee
[2024-02-26T22:04:08.859+0000] {task_command.py:410} INFO - Running <TaskInstance: EnergyWarehouse.dim_annee scheduled__2024-02-24T00:00:00+00:00 [running]> on host 952b3f8a1a94
[2024-02-26T22:04:08.994+0000] {taskinstance.py:1547} INFO - Exporting env vars: AIRFLOW_CTX_DAG_OWNER='Mbaye SENE' AIRFLOW_CTX_DAG_ID='EnergyWarehouse' AIRFLOW_CTX_TASK_ID='dim_annee' AIRFLOW_CTX_EXECUTION_DATE='2024-02-24T00:00:00+00:00' AIRFLOW_CTX_TRY_NUMBER='1' AIRFLOW_CTX_DAG_RUN_ID='scheduled__2024-02-24T00:00:00+00:00'
[2024-02-26T22:04:09.014+0000] {python.py:72} INFO - Poking callable: <function _wait_for_csv at 0x7f471b431680>
[2024-02-26T22:04:09.046+0000] {taskinstance.py:1784} INFO - Rescheduling task, marking task as UP_FOR_RESCHEDULE
[2024-02-26T22:04:09.063+0000] {local_task_job_runner.py:225} INFO - Task exited with return code 0
[2024-02-26T22:04:09.089+0000] {taskinstance.py:2651} INFO - 0 downstream tasks scheduled from follow-on schedule check
[2024-02-26T22:04:41.540+0000] {taskinstance.py:1103} INFO - Dependencies all met for dep_context=non-requeueable deps ti=<TaskInstance: EnergyWarehouse.dim_annee scheduled__2024-02-24T00:00:00+00:00 [queued]>
[2024-02-26T22:04:41.556+0000] {taskinstance.py:1103} INFO - Dependencies all met for dep_context=requeueable deps ti=<TaskInstance: EnergyWarehouse.dim_annee scheduled__2024-02-24T00:00:00+00:00 [queued]>
[2024-02-26T22:04:41.559+0000] {taskinstance.py:1308} INFO - Starting attempt 1 of 2
[2024-02-26T22:04:41.582+0000] {taskinstance.py:1327} INFO - Executing <Task(PythonSensor): dim_annee> on 2024-02-24 00:00:00+00:00
[2024-02-26T22:04:41.593+0000] {standard_task_runner.py:57} INFO - Started process 3949 to run task
[2024-02-26T22:04:41.601+0000] {standard_task_runner.py:84} INFO - Running: ['***', 'tasks', 'run', 'EnergyWarehouse', 'dim_annee', 'scheduled__2024-02-24T00:00:00+00:00', '--job-id', '424', '--raw', '--subdir', 'DAGS_FOLDER/***-to-bigquery-dag/***_to_bigquerry_dag.py', '--cfg-path', '/tmp/tmp59362bq8']
[2024-02-26T22:04:41.605+0000] {standard_task_runner.py:85} INFO - Job 424: Subtask dim_annee
[2024-02-26T22:04:41.701+0000] {task_command.py:410} INFO - Running <TaskInstance: EnergyWarehouse.dim_annee scheduled__2024-02-24T00:00:00+00:00 [running]> on host 952b3f8a1a94
[2024-02-26T22:04:41.880+0000] {taskinstance.py:1547} INFO - Exporting env vars: AIRFLOW_CTX_DAG_OWNER='Mbaye SENE' AIRFLOW_CTX_DAG_ID='EnergyWarehouse' AIRFLOW_CTX_TASK_ID='dim_annee' AIRFLOW_CTX_EXECUTION_DATE='2024-02-24T00:00:00+00:00' AIRFLOW_CTX_TRY_NUMBER='1' AIRFLOW_CTX_DAG_RUN_ID='scheduled__2024-02-24T00:00:00+00:00'
[2024-02-26T22:04:41.918+0000] {python.py:72} INFO - Poking callable: <function _wait_for_csv at 0x7f471b431680>
[2024-02-26T22:04:41.952+0000] {taskinstance.py:1784} INFO - Rescheduling task, marking task as UP_FOR_RESCHEDULE
[2024-02-26T22:04:41.979+0000] {local_task_job_runner.py:225} INFO - Task exited with return code 0
[2024-02-26T22:04:42.021+0000] {taskinstance.py:2651} INFO - 0 downstream tasks scheduled from follow-on schedule check
[2024-02-26T22:05:13.555+0000] {taskinstance.py:1103} INFO - Dependencies all met for dep_context=non-requeueable deps ti=<TaskInstance: EnergyWarehouse.dim_annee scheduled__2024-02-24T00:00:00+00:00 [queued]>
[2024-02-26T22:05:13.571+0000] {taskinstance.py:1103} INFO - Dependencies all met for dep_context=requeueable deps ti=<TaskInstance: EnergyWarehouse.dim_annee scheduled__2024-02-24T00:00:00+00:00 [queued]>
[2024-02-26T22:05:13.573+0000] {taskinstance.py:1308} INFO - Starting attempt 1 of 2
[2024-02-26T22:05:13.596+0000] {taskinstance.py:1327} INFO - Executing <Task(PythonSensor): dim_annee> on 2024-02-24 00:00:00+00:00
[2024-02-26T22:05:13.607+0000] {standard_task_runner.py:57} INFO - Started process 3966 to run task
[2024-02-26T22:05:13.616+0000] {standard_task_runner.py:84} INFO - Running: ['***', 'tasks', 'run', 'EnergyWarehouse', 'dim_annee', 'scheduled__2024-02-24T00:00:00+00:00', '--job-id', '427', '--raw', '--subdir', 'DAGS_FOLDER/***-to-bigquery-dag/***_to_bigquerry_dag.py', '--cfg-path', '/tmp/tmpp0guhn98']
[2024-02-26T22:05:13.634+0000] {standard_task_runner.py:85} INFO - Job 427: Subtask dim_annee
[2024-02-26T22:05:13.715+0000] {task_command.py:410} INFO - Running <TaskInstance: EnergyWarehouse.dim_annee scheduled__2024-02-24T00:00:00+00:00 [running]> on host 952b3f8a1a94
[2024-02-26T22:05:13.871+0000] {taskinstance.py:1547} INFO - Exporting env vars: AIRFLOW_CTX_DAG_OWNER='Mbaye SENE' AIRFLOW_CTX_DAG_ID='EnergyWarehouse' AIRFLOW_CTX_TASK_ID='dim_annee' AIRFLOW_CTX_EXECUTION_DATE='2024-02-24T00:00:00+00:00' AIRFLOW_CTX_TRY_NUMBER='1' AIRFLOW_CTX_DAG_RUN_ID='scheduled__2024-02-24T00:00:00+00:00'
[2024-02-26T22:05:13.889+0000] {python.py:72} INFO - Poking callable: <function _wait_for_csv at 0x7f471b431680>
[2024-02-26T22:05:13.920+0000] {taskinstance.py:1784} INFO - Rescheduling task, marking task as UP_FOR_RESCHEDULE
[2024-02-26T22:05:13.962+0000] {local_task_job_runner.py:225} INFO - Task exited with return code 0
[2024-02-26T22:05:13.995+0000] {taskinstance.py:2651} INFO - 0 downstream tasks scheduled from follow-on schedule check
[2024-02-26T22:05:45.881+0000] {taskinstance.py:1103} INFO - Dependencies all met for dep_context=non-requeueable deps ti=<TaskInstance: EnergyWarehouse.dim_annee scheduled__2024-02-24T00:00:00+00:00 [queued]>
[2024-02-26T22:05:45.896+0000] {taskinstance.py:1103} INFO - Dependencies all met for dep_context=requeueable deps ti=<TaskInstance: EnergyWarehouse.dim_annee scheduled__2024-02-24T00:00:00+00:00 [queued]>
[2024-02-26T22:05:45.898+0000] {taskinstance.py:1308} INFO - Starting attempt 1 of 2
[2024-02-26T22:05:45.918+0000] {taskinstance.py:1327} INFO - Executing <Task(PythonSensor): dim_annee> on 2024-02-24 00:00:00+00:00
[2024-02-26T22:05:45.927+0000] {standard_task_runner.py:57} INFO - Started process 3986 to run task
[2024-02-26T22:05:45.933+0000] {standard_task_runner.py:84} INFO - Running: ['***', 'tasks', 'run', 'EnergyWarehouse', 'dim_annee', 'scheduled__2024-02-24T00:00:00+00:00', '--job-id', '431', '--raw', '--subdir', 'DAGS_FOLDER/***-to-bigquery-dag/***_to_bigquerry_dag.py', '--cfg-path', '/tmp/tmpiosbv9vu']
[2024-02-26T22:05:45.938+0000] {standard_task_runner.py:85} INFO - Job 431: Subtask dim_annee
[2024-02-26T22:05:46.013+0000] {task_command.py:410} INFO - Running <TaskInstance: EnergyWarehouse.dim_annee scheduled__2024-02-24T00:00:00+00:00 [running]> on host 952b3f8a1a94
[2024-02-26T22:05:46.122+0000] {taskinstance.py:1547} INFO - Exporting env vars: AIRFLOW_CTX_DAG_OWNER='Mbaye SENE' AIRFLOW_CTX_DAG_ID='EnergyWarehouse' AIRFLOW_CTX_TASK_ID='dim_annee' AIRFLOW_CTX_EXECUTION_DATE='2024-02-24T00:00:00+00:00' AIRFLOW_CTX_TRY_NUMBER='1' AIRFLOW_CTX_DAG_RUN_ID='scheduled__2024-02-24T00:00:00+00:00'
[2024-02-26T22:05:46.141+0000] {python.py:72} INFO - Poking callable: <function _wait_for_csv at 0x7f471b431680>
[2024-02-26T22:05:46.170+0000] {taskinstance.py:1784} INFO - Rescheduling task, marking task as UP_FOR_RESCHEDULE
[2024-02-26T22:05:46.226+0000] {local_task_job_runner.py:225} INFO - Task exited with return code 0
[2024-02-26T22:05:46.252+0000] {taskinstance.py:2651} INFO - 0 downstream tasks scheduled from follow-on schedule check
[2024-02-26T22:07:07.231+0000] {taskinstance.py:1103} INFO - Dependencies all met for dep_context=non-requeueable deps ti=<TaskInstance: EnergyWarehouse.dim_annee scheduled__2024-02-24T00:00:00+00:00 [queued]>
[2024-02-26T22:07:07.399+0000] {taskinstance.py:1103} INFO - Dependencies all met for dep_context=requeueable deps ti=<TaskInstance: EnergyWarehouse.dim_annee scheduled__2024-02-24T00:00:00+00:00 [queued]>
[2024-02-26T22:07:07.402+0000] {taskinstance.py:1308} INFO - Starting attempt 1 of 2
[2024-02-26T22:07:07.891+0000] {taskinstance.py:1327} INFO - Executing <Task(PythonSensor): dim_annee> on 2024-02-24 00:00:00+00:00
[2024-02-26T22:07:08.692+0000] {standard_task_runner.py:57} INFO - Started process 4039 to run task
[2024-02-26T22:07:08.890+0000] {standard_task_runner.py:84} INFO - Running: ['***', 'tasks', 'run', 'EnergyWarehouse', 'dim_annee', 'scheduled__2024-02-24T00:00:00+00:00', '--job-id', '438', '--raw', '--subdir', 'DAGS_FOLDER/***-to-bigquery-dag/***_to_bigquerry_dag.py', '--cfg-path', '/tmp/tmp7tjsdhlz']
[2024-02-26T22:07:09.037+0000] {standard_task_runner.py:85} INFO - Job 438: Subtask dim_annee
[2024-02-26T22:07:09.941+0000] {task_command.py:410} INFO - Running <TaskInstance: EnergyWarehouse.dim_annee scheduled__2024-02-24T00:00:00+00:00 [running]> on host 952b3f8a1a94
[2024-02-26T22:07:11.402+0000] {taskinstance.py:1547} INFO - Exporting env vars: AIRFLOW_CTX_DAG_OWNER='Mbaye SENE' AIRFLOW_CTX_DAG_ID='EnergyWarehouse' AIRFLOW_CTX_TASK_ID='dim_annee' AIRFLOW_CTX_EXECUTION_DATE='2024-02-24T00:00:00+00:00' AIRFLOW_CTX_TRY_NUMBER='1' AIRFLOW_CTX_DAG_RUN_ID='scheduled__2024-02-24T00:00:00+00:00'
[2024-02-26T22:07:11.912+0000] {python.py:72} INFO - Poking callable: <function _wait_for_csv at 0x7f471b336170>
[2024-02-26T22:07:12.483+0000] {taskinstance.py:1784} INFO - Rescheduling task, marking task as UP_FOR_RESCHEDULE
[2024-02-26T22:07:13.364+0000] {local_task_job_runner.py:225} INFO - Task exited with return code 0
[2024-02-26T22:07:13.514+0000] {taskinstance.py:2651} INFO - 0 downstream tasks scheduled from follow-on schedule check
[2024-02-26T22:07:44.957+0000] {taskinstance.py:1103} INFO - Dependencies all met for dep_context=non-requeueable deps ti=<TaskInstance: EnergyWarehouse.dim_annee scheduled__2024-02-24T00:00:00+00:00 [queued]>
[2024-02-26T22:07:44.993+0000] {taskinstance.py:1103} INFO - Dependencies all met for dep_context=requeueable deps ti=<TaskInstance: EnergyWarehouse.dim_annee scheduled__2024-02-24T00:00:00+00:00 [queued]>
[2024-02-26T22:07:45.000+0000] {taskinstance.py:1308} INFO - Starting attempt 1 of 2
[2024-02-26T22:07:45.039+0000] {taskinstance.py:1327} INFO - Executing <Task(PythonSensor): dim_annee> on 2024-02-24 00:00:00+00:00
[2024-02-26T22:07:45.051+0000] {standard_task_runner.py:57} INFO - Started process 4066 to run task
[2024-02-26T22:07:45.060+0000] {standard_task_runner.py:84} INFO - Running: ['***', 'tasks', 'run', 'EnergyWarehouse', 'dim_annee', 'scheduled__2024-02-24T00:00:00+00:00', '--job-id', '449', '--raw', '--subdir', 'DAGS_FOLDER/***-to-bigquery-dag/***_to_bigquerry_dag.py', '--cfg-path', '/tmp/tmprlmqw05z']
[2024-02-26T22:07:45.064+0000] {standard_task_runner.py:85} INFO - Job 449: Subtask dim_annee
[2024-02-26T22:07:45.176+0000] {task_command.py:410} INFO - Running <TaskInstance: EnergyWarehouse.dim_annee scheduled__2024-02-24T00:00:00+00:00 [running]> on host 952b3f8a1a94
[2024-02-26T22:07:45.370+0000] {taskinstance.py:1547} INFO - Exporting env vars: AIRFLOW_CTX_DAG_OWNER='Mbaye SENE' AIRFLOW_CTX_DAG_ID='EnergyWarehouse' AIRFLOW_CTX_TASK_ID='dim_annee' AIRFLOW_CTX_EXECUTION_DATE='2024-02-24T00:00:00+00:00' AIRFLOW_CTX_TRY_NUMBER='1' AIRFLOW_CTX_DAG_RUN_ID='scheduled__2024-02-24T00:00:00+00:00'
[2024-02-26T22:07:45.554+0000] {python.py:72} INFO - Poking callable: <function _wait_for_csv at 0x7f471b432680>
[2024-02-26T22:07:45.606+0000] {taskinstance.py:1784} INFO - Rescheduling task, marking task as UP_FOR_RESCHEDULE
[2024-02-26T22:07:45.681+0000] {local_task_job_runner.py:225} INFO - Task exited with return code 0
[2024-02-26T22:07:45.735+0000] {taskinstance.py:2651} INFO - 0 downstream tasks scheduled from follow-on schedule check
[2024-02-26T22:08:18.027+0000] {taskinstance.py:1103} INFO - Dependencies all met for dep_context=non-requeueable deps ti=<TaskInstance: EnergyWarehouse.dim_annee scheduled__2024-02-24T00:00:00+00:00 [queued]>
[2024-02-26T22:08:18.135+0000] {taskinstance.py:1103} INFO - Dependencies all met for dep_context=requeueable deps ti=<TaskInstance: EnergyWarehouse.dim_annee scheduled__2024-02-24T00:00:00+00:00 [queued]>
[2024-02-26T22:08:18.147+0000] {taskinstance.py:1308} INFO - Starting attempt 1 of 2
[2024-02-26T22:08:18.236+0000] {taskinstance.py:1327} INFO - Executing <Task(PythonSensor): dim_annee> on 2024-02-24 00:00:00+00:00
[2024-02-26T22:08:18.270+0000] {standard_task_runner.py:57} INFO - Started process 4084 to run task
[2024-02-26T22:08:18.292+0000] {standard_task_runner.py:84} INFO - Running: ['***', 'tasks', 'run', 'EnergyWarehouse', 'dim_annee', 'scheduled__2024-02-24T00:00:00+00:00', '--job-id', '452', '--raw', '--subdir', 'DAGS_FOLDER/***-to-bigquery-dag/***_to_bigquerry_dag.py', '--cfg-path', '/tmp/tmpq2ga8swy']
[2024-02-26T22:08:18.318+0000] {standard_task_runner.py:85} INFO - Job 452: Subtask dim_annee
[2024-02-26T22:08:18.484+0000] {task_command.py:410} INFO - Running <TaskInstance: EnergyWarehouse.dim_annee scheduled__2024-02-24T00:00:00+00:00 [running]> on host 952b3f8a1a94
[2024-02-26T22:08:18.671+0000] {taskinstance.py:1547} INFO - Exporting env vars: AIRFLOW_CTX_DAG_OWNER='Mbaye SENE' AIRFLOW_CTX_DAG_ID='EnergyWarehouse' AIRFLOW_CTX_TASK_ID='dim_annee' AIRFLOW_CTX_EXECUTION_DATE='2024-02-24T00:00:00+00:00' AIRFLOW_CTX_TRY_NUMBER='1' AIRFLOW_CTX_DAG_RUN_ID='scheduled__2024-02-24T00:00:00+00:00'
[2024-02-26T22:08:18.696+0000] {python.py:72} INFO - Poking callable: <function _wait_for_csv at 0x7f471b431680>
[2024-02-26T22:08:18.742+0000] {taskinstance.py:1784} INFO - Rescheduling task, marking task as UP_FOR_RESCHEDULE
[2024-02-26T22:08:18.803+0000] {local_task_job_runner.py:225} INFO - Task exited with return code 0
[2024-02-26T22:08:18.843+0000] {taskinstance.py:2651} INFO - 0 downstream tasks scheduled from follow-on schedule check
[2024-02-26T22:08:50.096+0000] {taskinstance.py:1103} INFO - Dependencies all met for dep_context=non-requeueable deps ti=<TaskInstance: EnergyWarehouse.dim_annee scheduled__2024-02-24T00:00:00+00:00 [queued]>
[2024-02-26T22:08:50.113+0000] {taskinstance.py:1103} INFO - Dependencies all met for dep_context=requeueable deps ti=<TaskInstance: EnergyWarehouse.dim_annee scheduled__2024-02-24T00:00:00+00:00 [queued]>
[2024-02-26T22:08:50.115+0000] {taskinstance.py:1308} INFO - Starting attempt 1 of 2
[2024-02-26T22:08:50.135+0000] {taskinstance.py:1327} INFO - Executing <Task(PythonSensor): dim_annee> on 2024-02-24 00:00:00+00:00
[2024-02-26T22:08:50.145+0000] {standard_task_runner.py:57} INFO - Started process 4102 to run task
[2024-02-26T22:08:50.151+0000] {standard_task_runner.py:84} INFO - Running: ['***', 'tasks', 'run', 'EnergyWarehouse', 'dim_annee', 'scheduled__2024-02-24T00:00:00+00:00', '--job-id', '455', '--raw', '--subdir', 'DAGS_FOLDER/***-to-bigquery-dag/***_to_bigquerry_dag.py', '--cfg-path', '/tmp/tmpljg3groe']
[2024-02-26T22:08:50.157+0000] {standard_task_runner.py:85} INFO - Job 455: Subtask dim_annee
[2024-02-26T22:08:50.233+0000] {task_command.py:410} INFO - Running <TaskInstance: EnergyWarehouse.dim_annee scheduled__2024-02-24T00:00:00+00:00 [running]> on host 952b3f8a1a94
[2024-02-26T22:08:50.333+0000] {taskinstance.py:1547} INFO - Exporting env vars: AIRFLOW_CTX_DAG_OWNER='Mbaye SENE' AIRFLOW_CTX_DAG_ID='EnergyWarehouse' AIRFLOW_CTX_TASK_ID='dim_annee' AIRFLOW_CTX_EXECUTION_DATE='2024-02-24T00:00:00+00:00' AIRFLOW_CTX_TRY_NUMBER='1' AIRFLOW_CTX_DAG_RUN_ID='scheduled__2024-02-24T00:00:00+00:00'
[2024-02-26T22:08:50.352+0000] {python.py:72} INFO - Poking callable: <function _wait_for_csv at 0x7f471b431680>
[2024-02-26T22:08:50.381+0000] {taskinstance.py:1784} INFO - Rescheduling task, marking task as UP_FOR_RESCHEDULE
[2024-02-26T22:08:50.405+0000] {local_task_job_runner.py:225} INFO - Task exited with return code 0
[2024-02-26T22:08:50.441+0000] {taskinstance.py:2651} INFO - 0 downstream tasks scheduled from follow-on schedule check
[2024-02-26T22:09:21.885+0000] {taskinstance.py:1103} INFO - Dependencies all met for dep_context=non-requeueable deps ti=<TaskInstance: EnergyWarehouse.dim_annee scheduled__2024-02-24T00:00:00+00:00 [queued]>
[2024-02-26T22:09:21.904+0000] {taskinstance.py:1103} INFO - Dependencies all met for dep_context=requeueable deps ti=<TaskInstance: EnergyWarehouse.dim_annee scheduled__2024-02-24T00:00:00+00:00 [queued]>
[2024-02-26T22:09:21.907+0000] {taskinstance.py:1308} INFO - Starting attempt 1 of 2
[2024-02-26T22:09:21.939+0000] {taskinstance.py:1327} INFO - Executing <Task(PythonSensor): dim_annee> on 2024-02-24 00:00:00+00:00
[2024-02-26T22:09:21.970+0000] {standard_task_runner.py:57} INFO - Started process 4120 to run task
[2024-02-26T22:09:21.987+0000] {standard_task_runner.py:84} INFO - Running: ['***', 'tasks', 'run', 'EnergyWarehouse', 'dim_annee', 'scheduled__2024-02-24T00:00:00+00:00', '--job-id', '458', '--raw', '--subdir', 'DAGS_FOLDER/***-to-bigquery-dag/***_to_bigquerry_dag.py', '--cfg-path', '/tmp/tmpzbli413j']
[2024-02-26T22:09:21.996+0000] {standard_task_runner.py:85} INFO - Job 458: Subtask dim_annee
[2024-02-26T22:09:22.212+0000] {task_command.py:410} INFO - Running <TaskInstance: EnergyWarehouse.dim_annee scheduled__2024-02-24T00:00:00+00:00 [running]> on host 952b3f8a1a94
[2024-02-26T22:09:22.640+0000] {taskinstance.py:1547} INFO - Exporting env vars: AIRFLOW_CTX_DAG_OWNER='Mbaye SENE' AIRFLOW_CTX_DAG_ID='EnergyWarehouse' AIRFLOW_CTX_TASK_ID='dim_annee' AIRFLOW_CTX_EXECUTION_DATE='2024-02-24T00:00:00+00:00' AIRFLOW_CTX_TRY_NUMBER='1' AIRFLOW_CTX_DAG_RUN_ID='scheduled__2024-02-24T00:00:00+00:00'
[2024-02-26T22:09:22.724+0000] {python.py:72} INFO - Poking callable: <function _wait_for_csv at 0x7f471b431680>
[2024-02-26T22:09:22.846+0000] {taskinstance.py:1784} INFO - Rescheduling task, marking task as UP_FOR_RESCHEDULE
[2024-02-26T22:09:22.950+0000] {local_task_job_runner.py:225} INFO - Task exited with return code 0
[2024-02-26T22:09:23.153+0000] {taskinstance.py:2651} INFO - 0 downstream tasks scheduled from follow-on schedule check
[2024-02-26T22:09:54.626+0000] {taskinstance.py:1103} INFO - Dependencies all met for dep_context=non-requeueable deps ti=<TaskInstance: EnergyWarehouse.dim_annee scheduled__2024-02-24T00:00:00+00:00 [queued]>
[2024-02-26T22:09:54.650+0000] {taskinstance.py:1103} INFO - Dependencies all met for dep_context=requeueable deps ti=<TaskInstance: EnergyWarehouse.dim_annee scheduled__2024-02-24T00:00:00+00:00 [queued]>
[2024-02-26T22:09:54.652+0000] {taskinstance.py:1308} INFO - Starting attempt 1 of 2
[2024-02-26T22:09:54.674+0000] {taskinstance.py:1327} INFO - Executing <Task(PythonSensor): dim_annee> on 2024-02-24 00:00:00+00:00
[2024-02-26T22:09:54.685+0000] {standard_task_runner.py:57} INFO - Started process 4137 to run task
[2024-02-26T22:09:54.696+0000] {standard_task_runner.py:84} INFO - Running: ['***', 'tasks', 'run', 'EnergyWarehouse', 'dim_annee', 'scheduled__2024-02-24T00:00:00+00:00', '--job-id', '461', '--raw', '--subdir', 'DAGS_FOLDER/***-to-bigquery-dag/***_to_bigquerry_dag.py', '--cfg-path', '/tmp/tmp3_2zzlp8']
[2024-02-26T22:09:54.700+0000] {standard_task_runner.py:85} INFO - Job 461: Subtask dim_annee
[2024-02-26T22:09:54.774+0000] {task_command.py:410} INFO - Running <TaskInstance: EnergyWarehouse.dim_annee scheduled__2024-02-24T00:00:00+00:00 [running]> on host 952b3f8a1a94
[2024-02-26T22:09:54.873+0000] {taskinstance.py:1547} INFO - Exporting env vars: AIRFLOW_CTX_DAG_OWNER='Mbaye SENE' AIRFLOW_CTX_DAG_ID='EnergyWarehouse' AIRFLOW_CTX_TASK_ID='dim_annee' AIRFLOW_CTX_EXECUTION_DATE='2024-02-24T00:00:00+00:00' AIRFLOW_CTX_TRY_NUMBER='1' AIRFLOW_CTX_DAG_RUN_ID='scheduled__2024-02-24T00:00:00+00:00'
[2024-02-26T22:09:54.891+0000] {python.py:72} INFO - Poking callable: <function _wait_for_csv at 0x7f471b432560>
[2024-02-26T22:09:54.920+0000] {taskinstance.py:1784} INFO - Rescheduling task, marking task as UP_FOR_RESCHEDULE
[2024-02-26T22:09:54.947+0000] {local_task_job_runner.py:225} INFO - Task exited with return code 0
[2024-02-26T22:09:54.974+0000] {taskinstance.py:2651} INFO - 0 downstream tasks scheduled from follow-on schedule check
[2024-02-26T22:10:27.029+0000] {taskinstance.py:1103} INFO - Dependencies all met for dep_context=non-requeueable deps ti=<TaskInstance: EnergyWarehouse.dim_annee scheduled__2024-02-24T00:00:00+00:00 [queued]>
[2024-02-26T22:10:27.048+0000] {taskinstance.py:1103} INFO - Dependencies all met for dep_context=requeueable deps ti=<TaskInstance: EnergyWarehouse.dim_annee scheduled__2024-02-24T00:00:00+00:00 [queued]>
[2024-02-26T22:10:27.050+0000] {taskinstance.py:1308} INFO - Starting attempt 1 of 2
[2024-02-26T22:10:27.070+0000] {taskinstance.py:1327} INFO - Executing <Task(PythonSensor): dim_annee> on 2024-02-24 00:00:00+00:00
[2024-02-26T22:10:27.080+0000] {standard_task_runner.py:57} INFO - Started process 4155 to run task
[2024-02-26T22:10:27.087+0000] {standard_task_runner.py:84} INFO - Running: ['***', 'tasks', 'run', 'EnergyWarehouse', 'dim_annee', 'scheduled__2024-02-24T00:00:00+00:00', '--job-id', '464', '--raw', '--subdir', 'DAGS_FOLDER/***-to-bigquery-dag/***_to_bigquerry_dag.py', '--cfg-path', '/tmp/tmplmcamli0']
[2024-02-26T22:10:27.091+0000] {standard_task_runner.py:85} INFO - Job 464: Subtask dim_annee
[2024-02-26T22:10:27.163+0000] {task_command.py:410} INFO - Running <TaskInstance: EnergyWarehouse.dim_annee scheduled__2024-02-24T00:00:00+00:00 [running]> on host 952b3f8a1a94
[2024-02-26T22:10:27.284+0000] {taskinstance.py:1547} INFO - Exporting env vars: AIRFLOW_CTX_DAG_OWNER='Mbaye SENE' AIRFLOW_CTX_DAG_ID='EnergyWarehouse' AIRFLOW_CTX_TASK_ID='dim_annee' AIRFLOW_CTX_EXECUTION_DATE='2024-02-24T00:00:00+00:00' AIRFLOW_CTX_TRY_NUMBER='1' AIRFLOW_CTX_DAG_RUN_ID='scheduled__2024-02-24T00:00:00+00:00'
[2024-02-26T22:10:27.317+0000] {python.py:72} INFO - Poking callable: <function _wait_for_csv at 0x7f471b432560>
[2024-02-26T22:10:27.422+0000] {taskinstance.py:1784} INFO - Rescheduling task, marking task as UP_FOR_RESCHEDULE
[2024-02-26T22:10:27.471+0000] {local_task_job_runner.py:225} INFO - Task exited with return code 0
[2024-02-26T22:10:27.543+0000] {taskinstance.py:2651} INFO - 0 downstream tasks scheduled from follow-on schedule check
[2024-02-26T22:11:00.137+0000] {taskinstance.py:1103} INFO - Dependencies all met for dep_context=non-requeueable deps ti=<TaskInstance: EnergyWarehouse.dim_annee scheduled__2024-02-24T00:00:00+00:00 [queued]>
[2024-02-26T22:11:00.160+0000] {taskinstance.py:1103} INFO - Dependencies all met for dep_context=requeueable deps ti=<TaskInstance: EnergyWarehouse.dim_annee scheduled__2024-02-24T00:00:00+00:00 [queued]>
[2024-02-26T22:11:00.162+0000] {taskinstance.py:1308} INFO - Starting attempt 1 of 2
[2024-02-26T22:11:00.187+0000] {taskinstance.py:1327} INFO - Executing <Task(PythonSensor): dim_annee> on 2024-02-24 00:00:00+00:00
[2024-02-26T22:11:00.207+0000] {standard_task_runner.py:57} INFO - Started process 4173 to run task
[2024-02-26T22:11:00.206+0000] {standard_task_runner.py:84} INFO - Running: ['***', 'tasks', 'run', 'EnergyWarehouse', 'dim_annee', 'scheduled__2024-02-24T00:00:00+00:00', '--job-id', '467', '--raw', '--subdir', 'DAGS_FOLDER/***-to-bigquery-dag/***_to_bigquerry_dag.py', '--cfg-path', '/tmp/tmpogfgzcf6']
[2024-02-26T22:11:00.214+0000] {standard_task_runner.py:85} INFO - Job 467: Subtask dim_annee
[2024-02-26T22:11:00.290+0000] {task_command.py:410} INFO - Running <TaskInstance: EnergyWarehouse.dim_annee scheduled__2024-02-24T00:00:00+00:00 [running]> on host 952b3f8a1a94
[2024-02-26T22:11:00.676+0000] {taskinstance.py:1547} INFO - Exporting env vars: AIRFLOW_CTX_DAG_OWNER='Mbaye SENE' AIRFLOW_CTX_DAG_ID='EnergyWarehouse' AIRFLOW_CTX_TASK_ID='dim_annee' AIRFLOW_CTX_EXECUTION_DATE='2024-02-24T00:00:00+00:00' AIRFLOW_CTX_TRY_NUMBER='1' AIRFLOW_CTX_DAG_RUN_ID='scheduled__2024-02-24T00:00:00+00:00'
[2024-02-26T22:11:00.807+0000] {python.py:72} INFO - Poking callable: <function _wait_for_csv at 0x7f471b432560>
[2024-02-26T22:11:00.941+0000] {taskinstance.py:1784} INFO - Rescheduling task, marking task as UP_FOR_RESCHEDULE
[2024-02-26T22:11:00.971+0000] {local_task_job_runner.py:225} INFO - Task exited with return code 0
[2024-02-26T22:11:01.017+0000] {taskinstance.py:2651} INFO - 0 downstream tasks scheduled from follow-on schedule check
[2024-02-26T22:11:32.414+0000] {taskinstance.py:1103} INFO - Dependencies all met for dep_context=non-requeueable deps ti=<TaskInstance: EnergyWarehouse.dim_annee scheduled__2024-02-24T00:00:00+00:00 [queued]>
[2024-02-26T22:11:32.434+0000] {taskinstance.py:1103} INFO - Dependencies all met for dep_context=requeueable deps ti=<TaskInstance: EnergyWarehouse.dim_annee scheduled__2024-02-24T00:00:00+00:00 [queued]>
[2024-02-26T22:11:32.436+0000] {taskinstance.py:1308} INFO - Starting attempt 1 of 2
[2024-02-26T22:11:32.463+0000] {taskinstance.py:1327} INFO - Executing <Task(PythonSensor): dim_annee> on 2024-02-24 00:00:00+00:00
[2024-02-26T22:11:32.476+0000] {standard_task_runner.py:57} INFO - Started process 4191 to run task
[2024-02-26T22:11:32.487+0000] {standard_task_runner.py:84} INFO - Running: ['***', 'tasks', 'run', 'EnergyWarehouse', 'dim_annee', 'scheduled__2024-02-24T00:00:00+00:00', '--job-id', '470', '--raw', '--subdir', 'DAGS_FOLDER/***-to-bigquery-dag/***_to_bigquerry_dag.py', '--cfg-path', '/tmp/tmptycbuanb']
[2024-02-26T22:11:32.494+0000] {standard_task_runner.py:85} INFO - Job 470: Subtask dim_annee
[2024-02-26T22:11:32.663+0000] {task_command.py:410} INFO - Running <TaskInstance: EnergyWarehouse.dim_annee scheduled__2024-02-24T00:00:00+00:00 [running]> on host 952b3f8a1a94
[2024-02-26T22:11:33.101+0000] {taskinstance.py:1547} INFO - Exporting env vars: AIRFLOW_CTX_DAG_OWNER='Mbaye SENE' AIRFLOW_CTX_DAG_ID='EnergyWarehouse' AIRFLOW_CTX_TASK_ID='dim_annee' AIRFLOW_CTX_EXECUTION_DATE='2024-02-24T00:00:00+00:00' AIRFLOW_CTX_TRY_NUMBER='1' AIRFLOW_CTX_DAG_RUN_ID='scheduled__2024-02-24T00:00:00+00:00'
[2024-02-26T22:11:33.133+0000] {python.py:72} INFO - Poking callable: <function _wait_for_csv at 0x7f471b432560>
[2024-02-26T22:11:33.165+0000] {taskinstance.py:1784} INFO - Rescheduling task, marking task as UP_FOR_RESCHEDULE
[2024-02-26T22:11:33.201+0000] {local_task_job_runner.py:225} INFO - Task exited with return code 0
[2024-02-26T22:11:33.240+0000] {taskinstance.py:2651} INFO - 0 downstream tasks scheduled from follow-on schedule check
[2024-02-26T22:12:05.835+0000] {taskinstance.py:1103} INFO - Dependencies all met for dep_context=non-requeueable deps ti=<TaskInstance: EnergyWarehouse.dim_annee scheduled__2024-02-24T00:00:00+00:00 [queued]>
[2024-02-26T22:12:05.869+0000] {taskinstance.py:1103} INFO - Dependencies all met for dep_context=requeueable deps ti=<TaskInstance: EnergyWarehouse.dim_annee scheduled__2024-02-24T00:00:00+00:00 [queued]>
[2024-02-26T22:12:05.873+0000] {taskinstance.py:1308} INFO - Starting attempt 1 of 2
[2024-02-26T22:12:05.910+0000] {taskinstance.py:1327} INFO - Executing <Task(PythonSensor): dim_annee> on 2024-02-24 00:00:00+00:00
[2024-02-26T22:12:05.923+0000] {standard_task_runner.py:57} INFO - Started process 4209 to run task
[2024-02-26T22:12:05.931+0000] {standard_task_runner.py:84} INFO - Running: ['***', 'tasks', 'run', 'EnergyWarehouse', 'dim_annee', 'scheduled__2024-02-24T00:00:00+00:00', '--job-id', '473', '--raw', '--subdir', 'DAGS_FOLDER/***-to-bigquery-dag/***_to_bigquerry_dag.py', '--cfg-path', '/tmp/tmp6i7yeu05']
[2024-02-26T22:12:05.936+0000] {standard_task_runner.py:85} INFO - Job 473: Subtask dim_annee
[2024-02-26T22:12:06.064+0000] {task_command.py:410} INFO - Running <TaskInstance: EnergyWarehouse.dim_annee scheduled__2024-02-24T00:00:00+00:00 [running]> on host 952b3f8a1a94
[2024-02-26T22:12:06.245+0000] {taskinstance.py:1547} INFO - Exporting env vars: AIRFLOW_CTX_DAG_OWNER='Mbaye SENE' AIRFLOW_CTX_DAG_ID='EnergyWarehouse' AIRFLOW_CTX_TASK_ID='dim_annee' AIRFLOW_CTX_EXECUTION_DATE='2024-02-24T00:00:00+00:00' AIRFLOW_CTX_TRY_NUMBER='1' AIRFLOW_CTX_DAG_RUN_ID='scheduled__2024-02-24T00:00:00+00:00'
[2024-02-26T22:12:06.269+0000] {python.py:72} INFO - Poking callable: <function _wait_for_csv at 0x7f471b432560>
[2024-02-26T22:12:06.311+0000] {taskinstance.py:1784} INFO - Rescheduling task, marking task as UP_FOR_RESCHEDULE
[2024-02-26T22:12:06.350+0000] {local_task_job_runner.py:225} INFO - Task exited with return code 0
[2024-02-26T22:12:06.453+0000] {taskinstance.py:2651} INFO - 0 downstream tasks scheduled from follow-on schedule check
[2024-02-26T22:12:38.385+0000] {taskinstance.py:1103} INFO - Dependencies all met for dep_context=non-requeueable deps ti=<TaskInstance: EnergyWarehouse.dim_annee scheduled__2024-02-24T00:00:00+00:00 [queued]>
[2024-02-26T22:12:38.417+0000] {taskinstance.py:1103} INFO - Dependencies all met for dep_context=requeueable deps ti=<TaskInstance: EnergyWarehouse.dim_annee scheduled__2024-02-24T00:00:00+00:00 [queued]>
[2024-02-26T22:12:38.421+0000] {taskinstance.py:1308} INFO - Starting attempt 1 of 2
[2024-02-26T22:12:38.447+0000] {taskinstance.py:1327} INFO - Executing <Task(PythonSensor): dim_annee> on 2024-02-24 00:00:00+00:00
[2024-02-26T22:12:38.458+0000] {standard_task_runner.py:57} INFO - Started process 4226 to run task
[2024-02-26T22:12:38.469+0000] {standard_task_runner.py:84} INFO - Running: ['***', 'tasks', 'run', 'EnergyWarehouse', 'dim_annee', 'scheduled__2024-02-24T00:00:00+00:00', '--job-id', '476', '--raw', '--subdir', 'DAGS_FOLDER/***-to-bigquery-dag/***_to_bigquerry_dag.py', '--cfg-path', '/tmp/tmpat_sfmlh']
[2024-02-26T22:12:38.473+0000] {standard_task_runner.py:85} INFO - Job 476: Subtask dim_annee
[2024-02-26T22:12:38.558+0000] {task_command.py:410} INFO - Running <TaskInstance: EnergyWarehouse.dim_annee scheduled__2024-02-24T00:00:00+00:00 [running]> on host 952b3f8a1a94
[2024-02-26T22:12:38.690+0000] {taskinstance.py:1547} INFO - Exporting env vars: AIRFLOW_CTX_DAG_OWNER='Mbaye SENE' AIRFLOW_CTX_DAG_ID='EnergyWarehouse' AIRFLOW_CTX_TASK_ID='dim_annee' AIRFLOW_CTX_EXECUTION_DATE='2024-02-24T00:00:00+00:00' AIRFLOW_CTX_TRY_NUMBER='1' AIRFLOW_CTX_DAG_RUN_ID='scheduled__2024-02-24T00:00:00+00:00'
[2024-02-26T22:12:38.715+0000] {python.py:72} INFO - Poking callable: <function _wait_for_csv at 0x7f471b432560>
[2024-02-26T22:12:38.754+0000] {taskinstance.py:1784} INFO - Rescheduling task, marking task as UP_FOR_RESCHEDULE
[2024-02-26T22:12:38.803+0000] {local_task_job_runner.py:225} INFO - Task exited with return code 0
[2024-02-26T22:12:38.836+0000] {taskinstance.py:2651} INFO - 0 downstream tasks scheduled from follow-on schedule check
[2024-02-26T22:13:11.092+0000] {taskinstance.py:1103} INFO - Dependencies all met for dep_context=non-requeueable deps ti=<TaskInstance: EnergyWarehouse.dim_annee scheduled__2024-02-24T00:00:00+00:00 [queued]>
[2024-02-26T22:13:11.111+0000] {taskinstance.py:1103} INFO - Dependencies all met for dep_context=requeueable deps ti=<TaskInstance: EnergyWarehouse.dim_annee scheduled__2024-02-24T00:00:00+00:00 [queued]>
[2024-02-26T22:13:11.113+0000] {taskinstance.py:1308} INFO - Starting attempt 1 of 2
[2024-02-26T22:13:11.176+0000] {taskinstance.py:1327} INFO - Executing <Task(PythonSensor): dim_annee> on 2024-02-24 00:00:00+00:00
[2024-02-26T22:13:11.188+0000] {standard_task_runner.py:57} INFO - Started process 4244 to run task
[2024-02-26T22:13:11.197+0000] {standard_task_runner.py:84} INFO - Running: ['***', 'tasks', 'run', 'EnergyWarehouse', 'dim_annee', 'scheduled__2024-02-24T00:00:00+00:00', '--job-id', '479', '--raw', '--subdir', 'DAGS_FOLDER/***-to-bigquery-dag/***_to_bigquerry_dag.py', '--cfg-path', '/tmp/tmpqs9hei45']
[2024-02-26T22:13:11.202+0000] {standard_task_runner.py:85} INFO - Job 479: Subtask dim_annee
[2024-02-26T22:13:11.278+0000] {task_command.py:410} INFO - Running <TaskInstance: EnergyWarehouse.dim_annee scheduled__2024-02-24T00:00:00+00:00 [running]> on host 952b3f8a1a94
[2024-02-26T22:13:11.391+0000] {taskinstance.py:1547} INFO - Exporting env vars: AIRFLOW_CTX_DAG_OWNER='Mbaye SENE' AIRFLOW_CTX_DAG_ID='EnergyWarehouse' AIRFLOW_CTX_TASK_ID='dim_annee' AIRFLOW_CTX_EXECUTION_DATE='2024-02-24T00:00:00+00:00' AIRFLOW_CTX_TRY_NUMBER='1' AIRFLOW_CTX_DAG_RUN_ID='scheduled__2024-02-24T00:00:00+00:00'
[2024-02-26T22:13:11.414+0000] {python.py:72} INFO - Poking callable: <function _wait_for_csv at 0x7f471b432560>
[2024-02-26T22:13:11.445+0000] {taskinstance.py:1784} INFO - Rescheduling task, marking task as UP_FOR_RESCHEDULE
[2024-02-26T22:13:11.492+0000] {local_task_job_runner.py:225} INFO - Task exited with return code 0
[2024-02-26T22:13:11.521+0000] {taskinstance.py:2651} INFO - 0 downstream tasks scheduled from follow-on schedule check
[2024-02-26T22:13:50.470+0000] {taskinstance.py:1103} INFO - Dependencies all met for dep_context=non-requeueable deps ti=<TaskInstance: EnergyWarehouse.dim_annee scheduled__2024-02-24T00:00:00+00:00 [queued]>
[2024-02-26T22:13:50.619+0000] {taskinstance.py:1103} INFO - Dependencies all met for dep_context=requeueable deps ti=<TaskInstance: EnergyWarehouse.dim_annee scheduled__2024-02-24T00:00:00+00:00 [queued]>
[2024-02-26T22:13:50.677+0000] {taskinstance.py:1308} INFO - Starting attempt 1 of 2
[2024-02-26T22:13:50.841+0000] {taskinstance.py:1327} INFO - Executing <Task(PythonSensor): dim_annee> on 2024-02-24 00:00:00+00:00
[2024-02-26T22:13:50.960+0000] {standard_task_runner.py:57} INFO - Started process 4263 to run task
[2024-02-26T22:13:51.021+0000] {standard_task_runner.py:84} INFO - Running: ['***', 'tasks', 'run', 'EnergyWarehouse', 'dim_annee', 'scheduled__2024-02-24T00:00:00+00:00', '--job-id', '482', '--raw', '--subdir', 'DAGS_FOLDER/***-to-bigquery-dag/***_to_bigquerry_dag.py', '--cfg-path', '/tmp/tmprseqwnzk']
[2024-02-26T22:13:51.143+0000] {standard_task_runner.py:85} INFO - Job 482: Subtask dim_annee
[2024-02-26T22:13:51.784+0000] {task_command.py:410} INFO - Running <TaskInstance: EnergyWarehouse.dim_annee scheduled__2024-02-24T00:00:00+00:00 [running]> on host 952b3f8a1a94
[2024-02-26T22:13:52.348+0000] {taskinstance.py:1547} INFO - Exporting env vars: AIRFLOW_CTX_DAG_OWNER='Mbaye SENE' AIRFLOW_CTX_DAG_ID='EnergyWarehouse' AIRFLOW_CTX_TASK_ID='dim_annee' AIRFLOW_CTX_EXECUTION_DATE='2024-02-24T00:00:00+00:00' AIRFLOW_CTX_TRY_NUMBER='1' AIRFLOW_CTX_DAG_RUN_ID='scheduled__2024-02-24T00:00:00+00:00'
[2024-02-26T22:13:52.390+0000] {python.py:72} INFO - Poking callable: <function _wait_for_csv at 0x7f471b432560>
[2024-02-26T22:13:52.446+0000] {taskinstance.py:1784} INFO - Rescheduling task, marking task as UP_FOR_RESCHEDULE
[2024-02-26T22:13:52.513+0000] {local_task_job_runner.py:225} INFO - Task exited with return code 0
[2024-02-26T22:13:52.588+0000] {taskinstance.py:2651} INFO - 0 downstream tasks scheduled from follow-on schedule check
[2024-02-26T22:14:23.898+0000] {taskinstance.py:1103} INFO - Dependencies all met for dep_context=non-requeueable deps ti=<TaskInstance: EnergyWarehouse.dim_annee scheduled__2024-02-24T00:00:00+00:00 [queued]>
[2024-02-26T22:14:23.918+0000] {taskinstance.py:1103} INFO - Dependencies all met for dep_context=requeueable deps ti=<TaskInstance: EnergyWarehouse.dim_annee scheduled__2024-02-24T00:00:00+00:00 [queued]>
[2024-02-26T22:14:23.922+0000] {taskinstance.py:1308} INFO - Starting attempt 1 of 2
[2024-02-26T22:14:23.944+0000] {taskinstance.py:1327} INFO - Executing <Task(PythonSensor): dim_annee> on 2024-02-24 00:00:00+00:00
[2024-02-26T22:14:23.955+0000] {standard_task_runner.py:57} INFO - Started process 4280 to run task
[2024-02-26T22:14:23.961+0000] {standard_task_runner.py:84} INFO - Running: ['***', 'tasks', 'run', 'EnergyWarehouse', 'dim_annee', 'scheduled__2024-02-24T00:00:00+00:00', '--job-id', '485', '--raw', '--subdir', 'DAGS_FOLDER/***-to-bigquery-dag/***_to_bigquerry_dag.py', '--cfg-path', '/tmp/tmpp5lg2fca']
[2024-02-26T22:14:23.966+0000] {standard_task_runner.py:85} INFO - Job 485: Subtask dim_annee
[2024-02-26T22:14:24.044+0000] {task_command.py:410} INFO - Running <TaskInstance: EnergyWarehouse.dim_annee scheduled__2024-02-24T00:00:00+00:00 [running]> on host 952b3f8a1a94
[2024-02-26T22:14:24.150+0000] {taskinstance.py:1547} INFO - Exporting env vars: AIRFLOW_CTX_DAG_OWNER='Mbaye SENE' AIRFLOW_CTX_DAG_ID='EnergyWarehouse' AIRFLOW_CTX_TASK_ID='dim_annee' AIRFLOW_CTX_EXECUTION_DATE='2024-02-24T00:00:00+00:00' AIRFLOW_CTX_TRY_NUMBER='1' AIRFLOW_CTX_DAG_RUN_ID='scheduled__2024-02-24T00:00:00+00:00'
[2024-02-26T22:14:24.167+0000] {python.py:72} INFO - Poking callable: <function _wait_for_csv at 0x7f471b432560>
[2024-02-26T22:14:24.196+0000] {taskinstance.py:1784} INFO - Rescheduling task, marking task as UP_FOR_RESCHEDULE
[2024-02-26T22:14:24.214+0000] {local_task_job_runner.py:225} INFO - Task exited with return code 0
[2024-02-26T22:14:24.239+0000] {taskinstance.py:2651} INFO - 0 downstream tasks scheduled from follow-on schedule check
[2024-02-26T22:14:56.208+0000] {taskinstance.py:1103} INFO - Dependencies all met for dep_context=non-requeueable deps ti=<TaskInstance: EnergyWarehouse.dim_annee scheduled__2024-02-24T00:00:00+00:00 [queued]>
[2024-02-26T22:14:56.236+0000] {taskinstance.py:1103} INFO - Dependencies all met for dep_context=requeueable deps ti=<TaskInstance: EnergyWarehouse.dim_annee scheduled__2024-02-24T00:00:00+00:00 [queued]>
[2024-02-26T22:14:56.239+0000] {taskinstance.py:1308} INFO - Starting attempt 1 of 2
[2024-02-26T22:14:56.264+0000] {taskinstance.py:1327} INFO - Executing <Task(PythonSensor): dim_annee> on 2024-02-24 00:00:00+00:00
[2024-02-26T22:14:56.277+0000] {standard_task_runner.py:57} INFO - Started process 4298 to run task
[2024-02-26T22:14:56.285+0000] {standard_task_runner.py:84} INFO - Running: ['***', 'tasks', 'run', 'EnergyWarehouse', 'dim_annee', 'scheduled__2024-02-24T00:00:00+00:00', '--job-id', '488', '--raw', '--subdir', 'DAGS_FOLDER/***-to-bigquery-dag/***_to_bigquerry_dag.py', '--cfg-path', '/tmp/tmpedp8exbi']
[2024-02-26T22:14:56.290+0000] {standard_task_runner.py:85} INFO - Job 488: Subtask dim_annee
[2024-02-26T22:14:56.364+0000] {task_command.py:410} INFO - Running <TaskInstance: EnergyWarehouse.dim_annee scheduled__2024-02-24T00:00:00+00:00 [running]> on host 952b3f8a1a94
[2024-02-26T22:14:56.463+0000] {taskinstance.py:1547} INFO - Exporting env vars: AIRFLOW_CTX_DAG_OWNER='Mbaye SENE' AIRFLOW_CTX_DAG_ID='EnergyWarehouse' AIRFLOW_CTX_TASK_ID='dim_annee' AIRFLOW_CTX_EXECUTION_DATE='2024-02-24T00:00:00+00:00' AIRFLOW_CTX_TRY_NUMBER='1' AIRFLOW_CTX_DAG_RUN_ID='scheduled__2024-02-24T00:00:00+00:00'
[2024-02-26T22:14:56.480+0000] {python.py:72} INFO - Poking callable: <function _wait_for_csv at 0x7f471b432560>
[2024-02-26T22:14:56.506+0000] {taskinstance.py:1784} INFO - Rescheduling task, marking task as UP_FOR_RESCHEDULE
[2024-02-26T22:14:56.537+0000] {local_task_job_runner.py:225} INFO - Task exited with return code 0
[2024-02-26T22:14:56.564+0000] {taskinstance.py:2651} INFO - 0 downstream tasks scheduled from follow-on schedule check
[2024-02-26T22:15:28.382+0000] {taskinstance.py:1103} INFO - Dependencies all met for dep_context=non-requeueable deps ti=<TaskInstance: EnergyWarehouse.dim_annee scheduled__2024-02-24T00:00:00+00:00 [queued]>
[2024-02-26T22:15:28.404+0000] {taskinstance.py:1103} INFO - Dependencies all met for dep_context=requeueable deps ti=<TaskInstance: EnergyWarehouse.dim_annee scheduled__2024-02-24T00:00:00+00:00 [queued]>
[2024-02-26T22:15:28.406+0000] {taskinstance.py:1308} INFO - Starting attempt 1 of 2
[2024-02-26T22:15:28.425+0000] {taskinstance.py:1327} INFO - Executing <Task(PythonSensor): dim_annee> on 2024-02-24 00:00:00+00:00
[2024-02-26T22:15:28.437+0000] {standard_task_runner.py:57} INFO - Started process 4316 to run task
[2024-02-26T22:15:28.445+0000] {standard_task_runner.py:84} INFO - Running: ['***', 'tasks', 'run', 'EnergyWarehouse', 'dim_annee', 'scheduled__2024-02-24T00:00:00+00:00', '--job-id', '491', '--raw', '--subdir', 'DAGS_FOLDER/***-to-bigquery-dag/***_to_bigquerry_dag.py', '--cfg-path', '/tmp/tmpkl00kyd4']
[2024-02-26T22:15:28.450+0000] {standard_task_runner.py:85} INFO - Job 491: Subtask dim_annee
[2024-02-26T22:15:28.531+0000] {task_command.py:410} INFO - Running <TaskInstance: EnergyWarehouse.dim_annee scheduled__2024-02-24T00:00:00+00:00 [running]> on host 952b3f8a1a94
[2024-02-26T22:15:28.648+0000] {taskinstance.py:1547} INFO - Exporting env vars: AIRFLOW_CTX_DAG_OWNER='Mbaye SENE' AIRFLOW_CTX_DAG_ID='EnergyWarehouse' AIRFLOW_CTX_TASK_ID='dim_annee' AIRFLOW_CTX_EXECUTION_DATE='2024-02-24T00:00:00+00:00' AIRFLOW_CTX_TRY_NUMBER='1' AIRFLOW_CTX_DAG_RUN_ID='scheduled__2024-02-24T00:00:00+00:00'
[2024-02-26T22:15:28.672+0000] {python.py:72} INFO - Poking callable: <function _wait_for_csv at 0x7f471b432560>
[2024-02-26T22:15:28.703+0000] {taskinstance.py:1784} INFO - Rescheduling task, marking task as UP_FOR_RESCHEDULE
[2024-02-26T22:15:28.737+0000] {local_task_job_runner.py:225} INFO - Task exited with return code 0
[2024-02-26T22:15:28.764+0000] {taskinstance.py:2651} INFO - 0 downstream tasks scheduled from follow-on schedule check
[2024-02-26T22:16:00.938+0000] {taskinstance.py:1103} INFO - Dependencies all met for dep_context=non-requeueable deps ti=<TaskInstance: EnergyWarehouse.dim_annee scheduled__2024-02-24T00:00:00+00:00 [queued]>
[2024-02-26T22:16:00.973+0000] {taskinstance.py:1103} INFO - Dependencies all met for dep_context=requeueable deps ti=<TaskInstance: EnergyWarehouse.dim_annee scheduled__2024-02-24T00:00:00+00:00 [queued]>
[2024-02-26T22:16:00.976+0000] {taskinstance.py:1308} INFO - Starting attempt 1 of 2
[2024-02-26T22:16:01.021+0000] {taskinstance.py:1327} INFO - Executing <Task(PythonSensor): dim_annee> on 2024-02-24 00:00:00+00:00
[2024-02-26T22:16:01.035+0000] {standard_task_runner.py:57} INFO - Started process 4333 to run task
[2024-02-26T22:16:01.046+0000] {standard_task_runner.py:84} INFO - Running: ['***', 'tasks', 'run', 'EnergyWarehouse', 'dim_annee', 'scheduled__2024-02-24T00:00:00+00:00', '--job-id', '494', '--raw', '--subdir', 'DAGS_FOLDER/***-to-bigquery-dag/***_to_bigquerry_dag.py', '--cfg-path', '/tmp/tmpcmi4ie4r']
[2024-02-26T22:16:01.051+0000] {standard_task_runner.py:85} INFO - Job 494: Subtask dim_annee
[2024-02-26T22:16:01.231+0000] {task_command.py:410} INFO - Running <TaskInstance: EnergyWarehouse.dim_annee scheduled__2024-02-24T00:00:00+00:00 [running]> on host 952b3f8a1a94
[2024-02-26T22:16:01.412+0000] {taskinstance.py:1547} INFO - Exporting env vars: AIRFLOW_CTX_DAG_OWNER='Mbaye SENE' AIRFLOW_CTX_DAG_ID='EnergyWarehouse' AIRFLOW_CTX_TASK_ID='dim_annee' AIRFLOW_CTX_EXECUTION_DATE='2024-02-24T00:00:00+00:00' AIRFLOW_CTX_TRY_NUMBER='1' AIRFLOW_CTX_DAG_RUN_ID='scheduled__2024-02-24T00:00:00+00:00'
[2024-02-26T22:16:01.429+0000] {python.py:72} INFO - Poking callable: <function _wait_for_csv at 0x7f471b432560>
[2024-02-26T22:16:01.458+0000] {taskinstance.py:1784} INFO - Rescheduling task, marking task as UP_FOR_RESCHEDULE
[2024-02-26T22:16:01.514+0000] {local_task_job_runner.py:225} INFO - Task exited with return code 0
[2024-02-26T22:16:01.640+0000] {taskinstance.py:2651} INFO - 0 downstream tasks scheduled from follow-on schedule check
[2024-02-26T22:16:34.629+0000] {taskinstance.py:1103} INFO - Dependencies all met for dep_context=non-requeueable deps ti=<TaskInstance: EnergyWarehouse.dim_annee scheduled__2024-02-24T00:00:00+00:00 [queued]>
[2024-02-26T22:16:34.674+0000] {taskinstance.py:1103} INFO - Dependencies all met for dep_context=requeueable deps ti=<TaskInstance: EnergyWarehouse.dim_annee scheduled__2024-02-24T00:00:00+00:00 [queued]>
[2024-02-26T22:16:34.677+0000] {taskinstance.py:1308} INFO - Starting attempt 1 of 2
[2024-02-26T22:16:34.719+0000] {taskinstance.py:1327} INFO - Executing <Task(PythonSensor): dim_annee> on 2024-02-24 00:00:00+00:00
[2024-02-26T22:16:34.754+0000] {standard_task_runner.py:57} INFO - Started process 4351 to run task
[2024-02-26T22:16:34.766+0000] {standard_task_runner.py:84} INFO - Running: ['***', 'tasks', 'run', 'EnergyWarehouse', 'dim_annee', 'scheduled__2024-02-24T00:00:00+00:00', '--job-id', '497', '--raw', '--subdir', 'DAGS_FOLDER/***-to-bigquery-dag/***_to_bigquerry_dag.py', '--cfg-path', '/tmp/tmpvtg7rdb7']
[2024-02-26T22:16:34.773+0000] {standard_task_runner.py:85} INFO - Job 497: Subtask dim_annee
[2024-02-26T22:16:34.852+0000] {task_command.py:410} INFO - Running <TaskInstance: EnergyWarehouse.dim_annee scheduled__2024-02-24T00:00:00+00:00 [running]> on host 952b3f8a1a94
[2024-02-26T22:16:34.955+0000] {taskinstance.py:1547} INFO - Exporting env vars: AIRFLOW_CTX_DAG_OWNER='Mbaye SENE' AIRFLOW_CTX_DAG_ID='EnergyWarehouse' AIRFLOW_CTX_TASK_ID='dim_annee' AIRFLOW_CTX_EXECUTION_DATE='2024-02-24T00:00:00+00:00' AIRFLOW_CTX_TRY_NUMBER='1' AIRFLOW_CTX_DAG_RUN_ID='scheduled__2024-02-24T00:00:00+00:00'
[2024-02-26T22:16:34.972+0000] {python.py:72} INFO - Poking callable: <function _wait_for_csv at 0x7f471b432560>
[2024-02-26T22:16:34.999+0000] {taskinstance.py:1784} INFO - Rescheduling task, marking task as UP_FOR_RESCHEDULE
[2024-02-26T22:16:35.025+0000] {local_task_job_runner.py:225} INFO - Task exited with return code 0
[2024-02-26T22:16:35.055+0000] {taskinstance.py:2651} INFO - 0 downstream tasks scheduled from follow-on schedule check
[2024-02-26T22:17:06.789+0000] {taskinstance.py:1103} INFO - Dependencies all met for dep_context=non-requeueable deps ti=<TaskInstance: EnergyWarehouse.dim_annee scheduled__2024-02-24T00:00:00+00:00 [queued]>
[2024-02-26T22:17:06.808+0000] {taskinstance.py:1103} INFO - Dependencies all met for dep_context=requeueable deps ti=<TaskInstance: EnergyWarehouse.dim_annee scheduled__2024-02-24T00:00:00+00:00 [queued]>
[2024-02-26T22:17:06.810+0000] {taskinstance.py:1308} INFO - Starting attempt 1 of 2
[2024-02-26T22:17:06.829+0000] {taskinstance.py:1327} INFO - Executing <Task(PythonSensor): dim_annee> on 2024-02-24 00:00:00+00:00
[2024-02-26T22:17:06.842+0000] {standard_task_runner.py:57} INFO - Started process 4370 to run task
[2024-02-26T22:17:06.851+0000] {standard_task_runner.py:84} INFO - Running: ['***', 'tasks', 'run', 'EnergyWarehouse', 'dim_annee', 'scheduled__2024-02-24T00:00:00+00:00', '--job-id', '500', '--raw', '--subdir', 'DAGS_FOLDER/***-to-bigquery-dag/***_to_bigquerry_dag.py', '--cfg-path', '/tmp/tmpa94rukxy']
[2024-02-26T22:17:06.859+0000] {standard_task_runner.py:85} INFO - Job 500: Subtask dim_annee
[2024-02-26T22:17:06.930+0000] {task_command.py:410} INFO - Running <TaskInstance: EnergyWarehouse.dim_annee scheduled__2024-02-24T00:00:00+00:00 [running]> on host 952b3f8a1a94
[2024-02-26T22:17:07.046+0000] {taskinstance.py:1547} INFO - Exporting env vars: AIRFLOW_CTX_DAG_OWNER='Mbaye SENE' AIRFLOW_CTX_DAG_ID='EnergyWarehouse' AIRFLOW_CTX_TASK_ID='dim_annee' AIRFLOW_CTX_EXECUTION_DATE='2024-02-24T00:00:00+00:00' AIRFLOW_CTX_TRY_NUMBER='1' AIRFLOW_CTX_DAG_RUN_ID='scheduled__2024-02-24T00:00:00+00:00'
[2024-02-26T22:17:07.065+0000] {python.py:72} INFO - Poking callable: <function _wait_for_csv at 0x7f471b432560>
[2024-02-26T22:17:07.097+0000] {taskinstance.py:1784} INFO - Rescheduling task, marking task as UP_FOR_RESCHEDULE
[2024-02-26T22:17:07.145+0000] {local_task_job_runner.py:225} INFO - Task exited with return code 0
[2024-02-26T22:17:07.174+0000] {taskinstance.py:2651} INFO - 0 downstream tasks scheduled from follow-on schedule check
[2024-02-26T22:17:40.338+0000] {taskinstance.py:1103} INFO - Dependencies all met for dep_context=non-requeueable deps ti=<TaskInstance: EnergyWarehouse.dim_annee scheduled__2024-02-24T00:00:00+00:00 [queued]>
[2024-02-26T22:17:40.375+0000] {taskinstance.py:1103} INFO - Dependencies all met for dep_context=requeueable deps ti=<TaskInstance: EnergyWarehouse.dim_annee scheduled__2024-02-24T00:00:00+00:00 [queued]>
[2024-02-26T22:17:40.377+0000] {taskinstance.py:1308} INFO - Starting attempt 1 of 2
[2024-02-26T22:17:40.420+0000] {taskinstance.py:1327} INFO - Executing <Task(PythonSensor): dim_annee> on 2024-02-24 00:00:00+00:00
[2024-02-26T22:17:40.437+0000] {standard_task_runner.py:57} INFO - Started process 4388 to run task
[2024-02-26T22:17:40.450+0000] {standard_task_runner.py:84} INFO - Running: ['***', 'tasks', 'run', 'EnergyWarehouse', 'dim_annee', 'scheduled__2024-02-24T00:00:00+00:00', '--job-id', '503', '--raw', '--subdir', 'DAGS_FOLDER/***-to-bigquery-dag/***_to_bigquerry_dag.py', '--cfg-path', '/tmp/tmph57h6ojx']
[2024-02-26T22:17:40.478+0000] {standard_task_runner.py:85} INFO - Job 503: Subtask dim_annee
[2024-02-26T22:17:40.699+0000] {task_command.py:410} INFO - Running <TaskInstance: EnergyWarehouse.dim_annee scheduled__2024-02-24T00:00:00+00:00 [running]> on host 952b3f8a1a94
[2024-02-26T22:17:40.945+0000] {taskinstance.py:1547} INFO - Exporting env vars: AIRFLOW_CTX_DAG_OWNER='Mbaye SENE' AIRFLOW_CTX_DAG_ID='EnergyWarehouse' AIRFLOW_CTX_TASK_ID='dim_annee' AIRFLOW_CTX_EXECUTION_DATE='2024-02-24T00:00:00+00:00' AIRFLOW_CTX_TRY_NUMBER='1' AIRFLOW_CTX_DAG_RUN_ID='scheduled__2024-02-24T00:00:00+00:00'
[2024-02-26T22:17:40.999+0000] {python.py:72} INFO - Poking callable: <function _wait_for_csv at 0x7f471b432560>
[2024-02-26T22:17:41.046+0000] {taskinstance.py:1784} INFO - Rescheduling task, marking task as UP_FOR_RESCHEDULE
[2024-02-26T22:17:41.094+0000] {local_task_job_runner.py:225} INFO - Task exited with return code 0
[2024-02-26T22:17:41.141+0000] {taskinstance.py:2651} INFO - 0 downstream tasks scheduled from follow-on schedule check
[2024-02-26T22:18:15.521+0000] {taskinstance.py:1103} INFO - Dependencies all met for dep_context=non-requeueable deps ti=<TaskInstance: EnergyWarehouse.dim_annee scheduled__2024-02-24T00:00:00+00:00 [queued]>
[2024-02-26T22:18:15.550+0000] {taskinstance.py:1103} INFO - Dependencies all met for dep_context=requeueable deps ti=<TaskInstance: EnergyWarehouse.dim_annee scheduled__2024-02-24T00:00:00+00:00 [queued]>
[2024-02-26T22:18:15.552+0000] {taskinstance.py:1308} INFO - Starting attempt 1 of 2
[2024-02-26T22:18:15.586+0000] {taskinstance.py:1327} INFO - Executing <Task(PythonSensor): dim_annee> on 2024-02-24 00:00:00+00:00
[2024-02-26T22:18:15.603+0000] {standard_task_runner.py:57} INFO - Started process 4408 to run task
[2024-02-26T22:18:15.617+0000] {standard_task_runner.py:84} INFO - Running: ['***', 'tasks', 'run', 'EnergyWarehouse', 'dim_annee', 'scheduled__2024-02-24T00:00:00+00:00', '--job-id', '506', '--raw', '--subdir', 'DAGS_FOLDER/***-to-bigquery-dag/***_to_bigquerry_dag.py', '--cfg-path', '/tmp/tmp97s86u3m']
[2024-02-26T22:18:15.635+0000] {standard_task_runner.py:85} INFO - Job 506: Subtask dim_annee
[2024-02-26T22:18:15.797+0000] {task_command.py:410} INFO - Running <TaskInstance: EnergyWarehouse.dim_annee scheduled__2024-02-24T00:00:00+00:00 [running]> on host 952b3f8a1a94
[2024-02-26T22:18:16.053+0000] {taskinstance.py:1547} INFO - Exporting env vars: AIRFLOW_CTX_DAG_OWNER='Mbaye SENE' AIRFLOW_CTX_DAG_ID='EnergyWarehouse' AIRFLOW_CTX_TASK_ID='dim_annee' AIRFLOW_CTX_EXECUTION_DATE='2024-02-24T00:00:00+00:00' AIRFLOW_CTX_TRY_NUMBER='1' AIRFLOW_CTX_DAG_RUN_ID='scheduled__2024-02-24T00:00:00+00:00'
[2024-02-26T22:18:16.092+0000] {python.py:72} INFO - Poking callable: <function _wait_for_csv at 0x7f471b42e710>
[2024-02-26T22:18:16.391+0000] {taskinstance.py:1784} INFO - Rescheduling task, marking task as UP_FOR_RESCHEDULE
[2024-02-26T22:18:16.515+0000] {local_task_job_runner.py:225} INFO - Task exited with return code 0
[2024-02-26T22:18:16.636+0000] {taskinstance.py:2651} INFO - 0 downstream tasks scheduled from follow-on schedule check
