[2024-02-27T10:43:19.821+0000] {taskinstance.py:1103} INFO - Dependencies all met for dep_context=non-requeueable deps ti=<TaskInstance: EnergyWarehouse.create_fact_table_prod_energy manual__2024-02-27T10:42:24.569344+00:00 [queued]>
[2024-02-27T10:43:19.861+0000] {taskinstance.py:1103} INFO - Dependencies all met for dep_context=requeueable deps ti=<TaskInstance: EnergyWarehouse.create_fact_table_prod_energy manual__2024-02-27T10:42:24.569344+00:00 [queued]>
[2024-02-27T10:43:19.865+0000] {taskinstance.py:1308} INFO - Starting attempt 1 of 2
[2024-02-27T10:43:19.933+0000] {taskinstance.py:1327} INFO - Executing <Task(PythonOperator): create_fact_table_prod_energy> on 2024-02-27 10:42:24.569344+00:00
[2024-02-27T10:43:19.956+0000] {standard_task_runner.py:57} INFO - Started process 15746 to run task
[2024-02-27T10:43:19.982+0000] {standard_task_runner.py:84} INFO - Running: ['***', 'tasks', 'run', 'EnergyWarehouse', 'create_fact_table_prod_energy', 'manual__2024-02-27T10:42:24.569344+00:00', '--job-id', '678', '--raw', '--subdir', 'DAGS_FOLDER/***-to-bigquery-dag/***_to_bigquerry_dag.py', '--cfg-path', '/tmp/tmp_6web2uq']
[2024-02-27T10:43:19.988+0000] {standard_task_runner.py:85} INFO - Job 678: Subtask create_fact_table_prod_energy
[2024-02-27T10:43:20.166+0000] {task_command.py:410} INFO - Running <TaskInstance: EnergyWarehouse.create_fact_table_prod_energy manual__2024-02-27T10:42:24.569344+00:00 [running]> on host 952b3f8a1a94
[2024-02-27T10:43:20.388+0000] {taskinstance.py:1547} INFO - Exporting env vars: AIRFLOW_CTX_DAG_OWNER='Mbaye SENE' AIRFLOW_CTX_DAG_ID='EnergyWarehouse' AIRFLOW_CTX_TASK_ID='create_fact_table_prod_energy' AIRFLOW_CTX_EXECUTION_DATE='2024-02-27T10:42:24.569344+00:00' AIRFLOW_CTX_TRY_NUMBER='1' AIRFLOW_CTX_DAG_RUN_ID='manual__2024-02-27T10:42:24.569344+00:00'
[2024-02-27T10:43:20.621+0000] {taskinstance.py:1824} ERROR - Task failed with exception
Traceback (most recent call last):
  File "/home/airflow/.local/lib/python3.7/site-packages/airflow/operators/python.py", line 181, in execute
    return_value = self.execute_callable()
  File "/home/airflow/.local/lib/python3.7/site-packages/airflow/operators/python.py", line 198, in execute_callable
    return self.python_callable(*self.op_args, **self.op_kwargs)
  File "/opt/airflow/dags/airflow-to-bigquery-dag/airflow_to_bigquerry_dag.py", line 330, in create_fact_table_prod_energy
    fact_table_prod_energy = df_prod_elect_dept.merge(annee_dim, on='annee')\
AttributeError: 'NoneType' object has no attribute 'merge'
[2024-02-27T10:43:20.693+0000] {taskinstance.py:1350} INFO - Marking task as UP_FOR_RETRY. dag_id=EnergyWarehouse, task_id=create_fact_table_prod_energy, execution_date=20240227T104224, start_date=20240227T104319, end_date=20240227T104320
[2024-02-27T10:43:20.739+0000] {standard_task_runner.py:109} ERROR - Failed to execute job 678 for task create_fact_table_prod_energy ('NoneType' object has no attribute 'merge'; 15746)
[2024-02-27T10:43:20.819+0000] {local_task_job_runner.py:225} INFO - Task exited with return code 1
[2024-02-27T10:43:21.025+0000] {taskinstance.py:2651} INFO - 0 downstream tasks scheduled from follow-on schedule check
