[2024-02-06T17:17:00.286+0000] {taskinstance.py:1103} INFO - Dependencies all met for dep_context=non-requeueable deps ti=<TaskInstance: get_energy_data_send_psql.fetch_and_save manual__2024-02-06T17:16:54.147034+00:00 [queued]>
[2024-02-06T17:17:00.340+0000] {taskinstance.py:1103} INFO - Dependencies all met for dep_context=requeueable deps ti=<TaskInstance: get_energy_data_send_psql.fetch_and_save manual__2024-02-06T17:16:54.147034+00:00 [queued]>
[2024-02-06T17:17:00.344+0000] {taskinstance.py:1308} INFO - Starting attempt 1 of 1
[2024-02-06T17:17:00.392+0000] {taskinstance.py:1327} INFO - Executing <Task(PythonOperator): fetch_and_save> on 2024-02-06 17:16:54.147034+00:00
[2024-02-06T17:17:00.408+0000] {standard_task_runner.py:57} INFO - Started process 4101 to run task
[2024-02-06T17:17:00.418+0000] {standard_task_runner.py:84} INFO - Running: ['***', 'tasks', 'run', 'get_energy_data_send_psql', 'fetch_and_save', 'manual__2024-02-06T17:16:54.147034+00:00', '--job-id', '101', '--raw', '--subdir', 'DAGS_FOLDER/energy-prod-cons-dag/data_energy_dag.py', '--cfg-path', '/tmp/tmpk6_2p71r']
[2024-02-06T17:17:00.429+0000] {standard_task_runner.py:85} INFO - Job 101: Subtask fetch_and_save
[2024-02-06T17:17:00.564+0000] {task_command.py:410} INFO - Running <TaskInstance: get_energy_data_send_psql.fetch_and_save manual__2024-02-06T17:16:54.147034+00:00 [running]> on host 952b3f8a1a94
[2024-02-06T17:17:00.741+0000] {taskinstance.py:1547} INFO - Exporting env vars: AIRFLOW_CTX_DAG_OWNER='***' AIRFLOW_CTX_DAG_ID='get_energy_data_send_psql' AIRFLOW_CTX_TASK_ID='fetch_and_save' AIRFLOW_CTX_EXECUTION_DATE='2024-02-06T17:16:54.147034+00:00' AIRFLOW_CTX_TRY_NUMBER='1' AIRFLOW_CTX_DAG_RUN_ID='manual__2024-02-06T17:16:54.147034+00:00'
[2024-02-06T17:17:02.867+0000] {taskinstance.py:1824} ERROR - Task failed with exception
Traceback (most recent call last):
  File "/home/airflow/.local/lib/python3.7/site-packages/airflow/operators/python.py", line 181, in execute
    return_value = self.execute_callable()
  File "/home/airflow/.local/lib/python3.7/site-packages/airflow/operators/python.py", line 198, in execute_callable
    return self.python_callable(*self.op_args, **self.op_kwargs)
  File "/opt/airflow/dags/energy-prod-cons-dag/data_energy_dag.py", line 42, in _fetch_and_save
    df_conso_energy_region = pd.read_csv(conso_energy_region_local, sep=';', error_bad_lines=False)
UnboundLocalError: local variable 'conso_energy_region_local' referenced before assignment
[2024-02-06T17:17:02.896+0000] {taskinstance.py:1350} INFO - Marking task as FAILED. dag_id=get_energy_data_send_psql, task_id=fetch_and_save, execution_date=20240206T171654, start_date=20240206T171700, end_date=20240206T171702
[2024-02-06T17:17:02.928+0000] {standard_task_runner.py:109} ERROR - Failed to execute job 101 for task fetch_and_save (local variable 'conso_energy_region_local' referenced before assignment; 4101)
[2024-02-06T17:17:02.996+0000] {local_task_job_runner.py:225} INFO - Task exited with return code 1
[2024-02-06T17:17:03.059+0000] {taskinstance.py:2651} INFO - 0 downstream tasks scheduled from follow-on schedule check
