[2024-02-13T10:43:57.921+0000] {taskinstance.py:1103} INFO - Dependencies all met for dep_context=non-requeueable deps ti=<TaskInstance: get_energy_data_and_transform.wait_for_prod_gaz_region_csv manual__2024-02-13T10:43:49.353535+00:00 [queued]>
[2024-02-13T10:43:57.943+0000] {taskinstance.py:1103} INFO - Dependencies all met for dep_context=requeueable deps ti=<TaskInstance: get_energy_data_and_transform.wait_for_prod_gaz_region_csv manual__2024-02-13T10:43:49.353535+00:00 [queued]>
[2024-02-13T10:43:57.945+0000] {taskinstance.py:1308} INFO - Starting attempt 1 of 1
[2024-02-13T10:43:57.982+0000] {taskinstance.py:1327} INFO - Executing <Task(PythonSensor): wait_for_prod_gaz_region_csv> on 2024-02-13 10:43:49.353535+00:00
[2024-02-13T10:43:57.992+0000] {standard_task_runner.py:57} INFO - Started process 962 to run task
[2024-02-13T10:43:58.004+0000] {standard_task_runner.py:84} INFO - Running: ['***', 'tasks', 'run', 'get_energy_data_and_transform', 'wait_for_prod_gaz_region_csv', 'manual__2024-02-13T10:43:49.353535+00:00', '--job-id', '159', '--raw', '--subdir', 'DAGS_FOLDER/energy-prod-cons-dag/data_energy_dag.py', '--cfg-path', '/tmp/tmph8z479vk']
[2024-02-13T10:43:58.014+0000] {standard_task_runner.py:85} INFO - Job 159: Subtask wait_for_prod_gaz_region_csv
[2024-02-13T10:43:58.172+0000] {task_command.py:410} INFO - Running <TaskInstance: get_energy_data_and_transform.wait_for_prod_gaz_region_csv manual__2024-02-13T10:43:49.353535+00:00 [running]> on host 952b3f8a1a94
[2024-02-13T10:43:58.414+0000] {taskinstance.py:1547} INFO - Exporting env vars: AIRFLOW_CTX_DAG_OWNER='***' AIRFLOW_CTX_DAG_ID='get_energy_data_and_transform' AIRFLOW_CTX_TASK_ID='wait_for_prod_gaz_region_csv' AIRFLOW_CTX_EXECUTION_DATE='2024-02-13T10:43:49.353535+00:00' AIRFLOW_CTX_TRY_NUMBER='1' AIRFLOW_CTX_DAG_RUN_ID='manual__2024-02-13T10:43:49.353535+00:00'
[2024-02-13T10:43:58.465+0000] {python.py:72} INFO - Poking callable: <function _wait_for_csv at 0x7f5bd3259050>
[2024-02-13T10:43:58.527+0000] {taskinstance.py:1784} INFO - Rescheduling task, marking task as UP_FOR_RESCHEDULE
[2024-02-13T10:43:58.589+0000] {local_task_job_runner.py:225} INFO - Task exited with return code 0
[2024-02-13T10:43:58.726+0000] {taskinstance.py:2651} INFO - 0 downstream tasks scheduled from follow-on schedule check
[2024-02-13T10:44:29.982+0000] {taskinstance.py:1103} INFO - Dependencies all met for dep_context=non-requeueable deps ti=<TaskInstance: get_energy_data_and_transform.wait_for_prod_gaz_region_csv manual__2024-02-13T10:43:49.353535+00:00 [queued]>
[2024-02-13T10:44:30.020+0000] {taskinstance.py:1103} INFO - Dependencies all met for dep_context=requeueable deps ti=<TaskInstance: get_energy_data_and_transform.wait_for_prod_gaz_region_csv manual__2024-02-13T10:43:49.353535+00:00 [queued]>
[2024-02-13T10:44:30.023+0000] {taskinstance.py:1308} INFO - Starting attempt 1 of 1
[2024-02-13T10:44:30.053+0000] {taskinstance.py:1327} INFO - Executing <Task(PythonSensor): wait_for_prod_gaz_region_csv> on 2024-02-13 10:43:49.353535+00:00
[2024-02-13T10:44:30.071+0000] {standard_task_runner.py:57} INFO - Started process 980 to run task
[2024-02-13T10:44:30.086+0000] {standard_task_runner.py:84} INFO - Running: ['***', 'tasks', 'run', 'get_energy_data_and_transform', 'wait_for_prod_gaz_region_csv', 'manual__2024-02-13T10:43:49.353535+00:00', '--job-id', '163', '--raw', '--subdir', 'DAGS_FOLDER/energy-prod-cons-dag/data_energy_dag.py', '--cfg-path', '/tmp/tmpes23xxgh']
[2024-02-13T10:44:30.092+0000] {standard_task_runner.py:85} INFO - Job 163: Subtask wait_for_prod_gaz_region_csv
[2024-02-13T10:44:30.194+0000] {task_command.py:410} INFO - Running <TaskInstance: get_energy_data_and_transform.wait_for_prod_gaz_region_csv manual__2024-02-13T10:43:49.353535+00:00 [running]> on host 952b3f8a1a94
[2024-02-13T10:44:30.315+0000] {taskinstance.py:1547} INFO - Exporting env vars: AIRFLOW_CTX_DAG_OWNER='***' AIRFLOW_CTX_DAG_ID='get_energy_data_and_transform' AIRFLOW_CTX_TASK_ID='wait_for_prod_gaz_region_csv' AIRFLOW_CTX_EXECUTION_DATE='2024-02-13T10:43:49.353535+00:00' AIRFLOW_CTX_TRY_NUMBER='1' AIRFLOW_CTX_DAG_RUN_ID='manual__2024-02-13T10:43:49.353535+00:00'
[2024-02-13T10:44:30.334+0000] {python.py:72} INFO - Poking callable: <function _wait_for_csv at 0x7f5bd3255e60>
[2024-02-13T10:44:30.336+0000] {base.py:255} INFO - Success criteria met. Exiting.
[2024-02-13T10:44:30.356+0000] {taskinstance.py:1350} INFO - Marking task as SUCCESS. dag_id=get_energy_data_and_transform, task_id=wait_for_prod_gaz_region_csv, execution_date=20240213T104349, start_date=20240213T104429, end_date=20240213T104430
[2024-02-13T10:44:30.384+0000] {local_task_job_runner.py:225} INFO - Task exited with return code 0
[2024-02-13T10:44:30.452+0000] {taskinstance.py:2651} INFO - 1 downstream tasks scheduled from follow-on schedule check
