[2023-06-15T13:30:14.179+0000] {taskinstance.py:1103} INFO - Dependencies all met for dep_context=non-requeueable deps ti=<TaskInstance: get_university_api_send_psql.wait_for_json manual__2023-06-15T13:20:44.904525+00:00 [queued]>
[2023-06-15T13:30:14.471+0000] {taskinstance.py:1103} INFO - Dependencies all met for dep_context=requeueable deps ti=<TaskInstance: get_university_api_send_psql.wait_for_json manual__2023-06-15T13:20:44.904525+00:00 [queued]>
[2023-06-15T13:30:14.474+0000] {taskinstance.py:1308} INFO - Starting attempt 1 of 1
[2023-06-15T13:30:14.635+0000] {taskinstance.py:1327} INFO - Executing <Task(PythonSensor): wait_for_json> on 2023-06-15 13:20:44.904525+00:00
[2023-06-15T13:30:14.691+0000] {standard_task_runner.py:57} INFO - Started process 106 to run task
[2023-06-15T13:30:14.734+0000] {standard_task_runner.py:84} INFO - Running: ['***', 'tasks', 'run', 'get_university_api_send_psql', 'wait_for_json', 'manual__2023-06-15T13:20:44.904525+00:00', '--job-id', '1867', '--raw', '--subdir', 'DAGS_FOLDER/data-university-from-api-dag/data_university_from_api_dag.py', '--cfg-path', '/tmp/tmp3ccn2xu2']
[2023-06-15T13:30:14.739+0000] {standard_task_runner.py:85} INFO - Job 1867: Subtask wait_for_json
[2023-06-15T13:30:16.466+0000] {task_command.py:410} INFO - Running <TaskInstance: get_university_api_send_psql.wait_for_json manual__2023-06-15T13:20:44.904525+00:00 [running]> on host cd01a659cc96
[2023-06-15T13:30:18.115+0000] {taskinstance.py:1547} INFO - Exporting env vars: AIRFLOW_CTX_DAG_OWNER='***' AIRFLOW_CTX_DAG_ID='get_university_api_send_psql' AIRFLOW_CTX_TASK_ID='wait_for_json' AIRFLOW_CTX_EXECUTION_DATE='2023-06-15T13:20:44.904525+00:00' AIRFLOW_CTX_TRY_NUMBER='1' AIRFLOW_CTX_DAG_RUN_ID='manual__2023-06-15T13:20:44.904525+00:00'
[2023-06-15T13:30:18.383+0000] {python.py:72} INFO - Poking callable: <function _wait_for_json at 0x7f3aaaf5f0e0>
[2023-06-15T13:30:18.674+0000] {taskinstance.py:1784} INFO - Rescheduling task, marking task as UP_FOR_RESCHEDULE
[2023-06-15T13:30:18.987+0000] {local_task_job_runner.py:225} INFO - Task exited with return code 0
[2023-06-15T13:30:19.666+0000] {taskinstance.py:2651} INFO - 0 downstream tasks scheduled from follow-on schedule check
[2023-06-15T13:31:21.062+0000] {taskinstance.py:1103} INFO - Dependencies all met for dep_context=non-requeueable deps ti=<TaskInstance: get_university_api_send_psql.wait_for_json manual__2023-06-15T13:20:44.904525+00:00 [queued]>
[2023-06-15T13:31:21.092+0000] {taskinstance.py:1103} INFO - Dependencies all met for dep_context=requeueable deps ti=<TaskInstance: get_university_api_send_psql.wait_for_json manual__2023-06-15T13:20:44.904525+00:00 [queued]>
[2023-06-15T13:31:21.097+0000] {taskinstance.py:1308} INFO - Starting attempt 1 of 1
[2023-06-15T13:31:21.144+0000] {taskinstance.py:1327} INFO - Executing <Task(PythonSensor): wait_for_json> on 2023-06-15 13:20:44.904525+00:00
[2023-06-15T13:31:21.161+0000] {standard_task_runner.py:57} INFO - Started process 134 to run task
[2023-06-15T13:31:21.195+0000] {standard_task_runner.py:84} INFO - Running: ['***', 'tasks', 'run', 'get_university_api_send_psql', 'wait_for_json', 'manual__2023-06-15T13:20:44.904525+00:00', '--job-id', '1872', '--raw', '--subdir', 'DAGS_FOLDER/data-university-from-api-dag/data_university_from_api_dag.py', '--cfg-path', '/tmp/tmpuvswv9ry']
[2023-06-15T13:31:21.205+0000] {standard_task_runner.py:85} INFO - Job 1872: Subtask wait_for_json
[2023-06-15T13:31:21.536+0000] {task_command.py:410} INFO - Running <TaskInstance: get_university_api_send_psql.wait_for_json manual__2023-06-15T13:20:44.904525+00:00 [running]> on host cd01a659cc96
[2023-06-15T13:31:22.955+0000] {taskinstance.py:1547} INFO - Exporting env vars: AIRFLOW_CTX_DAG_OWNER='***' AIRFLOW_CTX_DAG_ID='get_university_api_send_psql' AIRFLOW_CTX_TASK_ID='wait_for_json' AIRFLOW_CTX_EXECUTION_DATE='2023-06-15T13:20:44.904525+00:00' AIRFLOW_CTX_TRY_NUMBER='1' AIRFLOW_CTX_DAG_RUN_ID='manual__2023-06-15T13:20:44.904525+00:00'
[2023-06-15T13:31:22.988+0000] {python.py:72} INFO - Poking callable: <function _wait_for_json at 0x7f3aaaf4f0e0>
[2023-06-15T13:31:23.273+0000] {taskinstance.py:1784} INFO - Rescheduling task, marking task as UP_FOR_RESCHEDULE
[2023-06-15T13:31:23.342+0000] {local_task_job_runner.py:225} INFO - Task exited with return code 0
[2023-06-15T13:31:23.432+0000] {taskinstance.py:2651} INFO - 0 downstream tasks scheduled from follow-on schedule check
[2023-06-15T13:32:26.478+0000] {taskinstance.py:1103} INFO - Dependencies all met for dep_context=non-requeueable deps ti=<TaskInstance: get_university_api_send_psql.wait_for_json manual__2023-06-15T13:20:44.904525+00:00 [queued]>
[2023-06-15T13:32:26.505+0000] {taskinstance.py:1103} INFO - Dependencies all met for dep_context=requeueable deps ti=<TaskInstance: get_university_api_send_psql.wait_for_json manual__2023-06-15T13:20:44.904525+00:00 [queued]>
[2023-06-15T13:32:26.506+0000] {taskinstance.py:1308} INFO - Starting attempt 1 of 1
[2023-06-15T13:32:26.524+0000] {taskinstance.py:1327} INFO - Executing <Task(PythonSensor): wait_for_json> on 2023-06-15 13:20:44.904525+00:00
[2023-06-15T13:32:26.533+0000] {standard_task_runner.py:57} INFO - Started process 154 to run task
[2023-06-15T13:32:26.542+0000] {standard_task_runner.py:84} INFO - Running: ['***', 'tasks', 'run', 'get_university_api_send_psql', 'wait_for_json', 'manual__2023-06-15T13:20:44.904525+00:00', '--job-id', '1874', '--raw', '--subdir', 'DAGS_FOLDER/data-university-from-api-dag/data_university_from_api_dag.py', '--cfg-path', '/tmp/tmpkhpajyrw']
[2023-06-15T13:32:26.547+0000] {standard_task_runner.py:85} INFO - Job 1874: Subtask wait_for_json
[2023-06-15T13:32:26.628+0000] {task_command.py:410} INFO - Running <TaskInstance: get_university_api_send_psql.wait_for_json manual__2023-06-15T13:20:44.904525+00:00 [running]> on host cd01a659cc96
[2023-06-15T13:32:26.771+0000] {taskinstance.py:1547} INFO - Exporting env vars: AIRFLOW_CTX_DAG_OWNER='***' AIRFLOW_CTX_DAG_ID='get_university_api_send_psql' AIRFLOW_CTX_TASK_ID='wait_for_json' AIRFLOW_CTX_EXECUTION_DATE='2023-06-15T13:20:44.904525+00:00' AIRFLOW_CTX_TRY_NUMBER='1' AIRFLOW_CTX_DAG_RUN_ID='manual__2023-06-15T13:20:44.904525+00:00'
[2023-06-15T13:32:26.787+0000] {python.py:72} INFO - Poking callable: <function _wait_for_json at 0x7f3aaaf4bc20>
[2023-06-15T13:32:26.815+0000] {taskinstance.py:1784} INFO - Rescheduling task, marking task as UP_FOR_RESCHEDULE
[2023-06-15T13:32:26.838+0000] {local_task_job_runner.py:225} INFO - Task exited with return code 0
[2023-06-15T13:32:26.883+0000] {taskinstance.py:2651} INFO - 0 downstream tasks scheduled from follow-on schedule check
[2023-06-15T13:33:05.257+0000] {taskinstance.py:1103} INFO - Dependencies all met for dep_context=non-requeueable deps ti=<TaskInstance: get_university_api_send_psql.wait_for_json manual__2023-06-15T13:20:44.904525+00:00 [queued]>
[2023-06-15T13:33:05.299+0000] {taskinstance.py:1103} INFO - Dependencies all met for dep_context=requeueable deps ti=<TaskInstance: get_university_api_send_psql.wait_for_json manual__2023-06-15T13:20:44.904525+00:00 [queued]>
[2023-06-15T13:33:05.301+0000] {taskinstance.py:1308} INFO - Starting attempt 1 of 1
[2023-06-15T13:33:05.340+0000] {taskinstance.py:1327} INFO - Executing <Task(PythonSensor): wait_for_json> on 2023-06-15 13:20:44.904525+00:00
[2023-06-15T13:33:05.361+0000] {standard_task_runner.py:57} INFO - Started process 166 to run task
[2023-06-15T13:33:05.376+0000] {standard_task_runner.py:84} INFO - Running: ['***', 'tasks', 'run', 'get_university_api_send_psql', 'wait_for_json', 'manual__2023-06-15T13:20:44.904525+00:00', '--job-id', '1875', '--raw', '--subdir', 'DAGS_FOLDER/data-university-from-api-dag/data_university_from_api_dag.py', '--cfg-path', '/tmp/tmpdlqmtkg9']
[2023-06-15T13:33:05.382+0000] {standard_task_runner.py:85} INFO - Job 1875: Subtask wait_for_json
[2023-06-15T13:33:05.470+0000] {task_command.py:410} INFO - Running <TaskInstance: get_university_api_send_psql.wait_for_json manual__2023-06-15T13:20:44.904525+00:00 [running]> on host cd01a659cc96
[2023-06-15T13:33:05.599+0000] {taskinstance.py:1547} INFO - Exporting env vars: AIRFLOW_CTX_DAG_OWNER='***' AIRFLOW_CTX_DAG_ID='get_university_api_send_psql' AIRFLOW_CTX_TASK_ID='wait_for_json' AIRFLOW_CTX_EXECUTION_DATE='2023-06-15T13:20:44.904525+00:00' AIRFLOW_CTX_TRY_NUMBER='1' AIRFLOW_CTX_DAG_RUN_ID='manual__2023-06-15T13:20:44.904525+00:00'
[2023-06-15T13:33:05.619+0000] {python.py:72} INFO - Poking callable: <function _wait_for_json at 0x7f3aaaf034d0>
[2023-06-15T13:33:05.649+0000] {taskinstance.py:1784} INFO - Rescheduling task, marking task as UP_FOR_RESCHEDULE
[2023-06-15T13:33:05.704+0000] {local_task_job_runner.py:225} INFO - Task exited with return code 0
[2023-06-15T13:33:05.754+0000] {taskinstance.py:2651} INFO - 0 downstream tasks scheduled from follow-on schedule check
[2023-06-15T13:33:40.097+0000] {taskinstance.py:1103} INFO - Dependencies all met for dep_context=non-requeueable deps ti=<TaskInstance: get_university_api_send_psql.wait_for_json manual__2023-06-15T13:20:44.904525+00:00 [queued]>
[2023-06-15T13:33:40.124+0000] {taskinstance.py:1103} INFO - Dependencies all met for dep_context=requeueable deps ti=<TaskInstance: get_university_api_send_psql.wait_for_json manual__2023-06-15T13:20:44.904525+00:00 [queued]>
[2023-06-15T13:33:40.127+0000] {taskinstance.py:1308} INFO - Starting attempt 1 of 1
[2023-06-15T13:33:40.150+0000] {taskinstance.py:1327} INFO - Executing <Task(PythonSensor): wait_for_json> on 2023-06-15 13:20:44.904525+00:00
[2023-06-15T13:33:40.158+0000] {standard_task_runner.py:57} INFO - Started process 178 to run task
[2023-06-15T13:33:40.164+0000] {standard_task_runner.py:84} INFO - Running: ['***', 'tasks', 'run', 'get_university_api_send_psql', 'wait_for_json', 'manual__2023-06-15T13:20:44.904525+00:00', '--job-id', '1876', '--raw', '--subdir', 'DAGS_FOLDER/data-university-from-api-dag/data_university_from_api_dag.py', '--cfg-path', '/tmp/tmpmcn97hx1']
[2023-06-15T13:33:40.169+0000] {standard_task_runner.py:85} INFO - Job 1876: Subtask wait_for_json
[2023-06-15T13:33:40.241+0000] {task_command.py:410} INFO - Running <TaskInstance: get_university_api_send_psql.wait_for_json manual__2023-06-15T13:20:44.904525+00:00 [running]> on host cd01a659cc96
[2023-06-15T13:33:40.398+0000] {taskinstance.py:1547} INFO - Exporting env vars: AIRFLOW_CTX_DAG_OWNER='***' AIRFLOW_CTX_DAG_ID='get_university_api_send_psql' AIRFLOW_CTX_TASK_ID='wait_for_json' AIRFLOW_CTX_EXECUTION_DATE='2023-06-15T13:20:44.904525+00:00' AIRFLOW_CTX_TRY_NUMBER='1' AIRFLOW_CTX_DAG_RUN_ID='manual__2023-06-15T13:20:44.904525+00:00'
[2023-06-15T13:33:40.421+0000] {python.py:72} INFO - Poking callable: <function _wait_for_json at 0x7f3aaaeff4d0>
[2023-06-15T13:33:40.462+0000] {taskinstance.py:1784} INFO - Rescheduling task, marking task as UP_FOR_RESCHEDULE
[2023-06-15T13:33:40.499+0000] {local_task_job_runner.py:225} INFO - Task exited with return code 0
[2023-06-15T13:33:40.551+0000] {taskinstance.py:2651} INFO - 0 downstream tasks scheduled from follow-on schedule check
[2023-06-15T13:34:14.041+0000] {taskinstance.py:1103} INFO - Dependencies all met for dep_context=non-requeueable deps ti=<TaskInstance: get_university_api_send_psql.wait_for_json manual__2023-06-15T13:20:44.904525+00:00 [queued]>
[2023-06-15T13:34:14.089+0000] {taskinstance.py:1103} INFO - Dependencies all met for dep_context=requeueable deps ti=<TaskInstance: get_university_api_send_psql.wait_for_json manual__2023-06-15T13:20:44.904525+00:00 [queued]>
[2023-06-15T13:34:14.092+0000] {taskinstance.py:1308} INFO - Starting attempt 1 of 1
[2023-06-15T13:34:14.146+0000] {taskinstance.py:1327} INFO - Executing <Task(PythonSensor): wait_for_json> on 2023-06-15 13:20:44.904525+00:00
[2023-06-15T13:34:14.164+0000] {standard_task_runner.py:57} INFO - Started process 192 to run task
[2023-06-15T13:34:14.173+0000] {standard_task_runner.py:84} INFO - Running: ['***', 'tasks', 'run', 'get_university_api_send_psql', 'wait_for_json', 'manual__2023-06-15T13:20:44.904525+00:00', '--job-id', '1878', '--raw', '--subdir', 'DAGS_FOLDER/data-university-from-api-dag/data_university_from_api_dag.py', '--cfg-path', '/tmp/tmpb58hbg2w']
[2023-06-15T13:34:14.196+0000] {standard_task_runner.py:85} INFO - Job 1878: Subtask wait_for_json
[2023-06-15T13:34:14.340+0000] {task_command.py:410} INFO - Running <TaskInstance: get_university_api_send_psql.wait_for_json manual__2023-06-15T13:20:44.904525+00:00 [running]> on host cd01a659cc96
[2023-06-15T13:34:14.548+0000] {taskinstance.py:1547} INFO - Exporting env vars: AIRFLOW_CTX_DAG_OWNER='***' AIRFLOW_CTX_DAG_ID='get_university_api_send_psql' AIRFLOW_CTX_TASK_ID='wait_for_json' AIRFLOW_CTX_EXECUTION_DATE='2023-06-15T13:20:44.904525+00:00' AIRFLOW_CTX_TRY_NUMBER='1' AIRFLOW_CTX_DAG_RUN_ID='manual__2023-06-15T13:20:44.904525+00:00'
[2023-06-15T13:34:14.572+0000] {python.py:72} INFO - Poking callable: <function _wait_for_json at 0x7f3aaaf5f0e0>
[2023-06-15T13:34:14.624+0000] {taskinstance.py:1784} INFO - Rescheduling task, marking task as UP_FOR_RESCHEDULE
[2023-06-15T13:34:14.662+0000] {local_task_job_runner.py:225} INFO - Task exited with return code 0
[2023-06-15T13:34:14.729+0000] {taskinstance.py:2651} INFO - 0 downstream tasks scheduled from follow-on schedule check
[2023-06-15T13:34:46.109+0000] {taskinstance.py:1103} INFO - Dependencies all met for dep_context=non-requeueable deps ti=<TaskInstance: get_university_api_send_psql.wait_for_json manual__2023-06-15T13:20:44.904525+00:00 [queued]>
[2023-06-15T13:34:46.130+0000] {taskinstance.py:1103} INFO - Dependencies all met for dep_context=requeueable deps ti=<TaskInstance: get_university_api_send_psql.wait_for_json manual__2023-06-15T13:20:44.904525+00:00 [queued]>
[2023-06-15T13:34:46.131+0000] {taskinstance.py:1308} INFO - Starting attempt 1 of 1
[2023-06-15T13:34:46.157+0000] {taskinstance.py:1327} INFO - Executing <Task(PythonSensor): wait_for_json> on 2023-06-15 13:20:44.904525+00:00
[2023-06-15T13:34:46.170+0000] {standard_task_runner.py:57} INFO - Started process 207 to run task
[2023-06-15T13:34:46.181+0000] {standard_task_runner.py:84} INFO - Running: ['***', 'tasks', 'run', 'get_university_api_send_psql', 'wait_for_json', 'manual__2023-06-15T13:20:44.904525+00:00', '--job-id', '1880', '--raw', '--subdir', 'DAGS_FOLDER/data-university-from-api-dag/data_university_from_api_dag.py', '--cfg-path', '/tmp/tmpug08s39q']
[2023-06-15T13:34:46.187+0000] {standard_task_runner.py:85} INFO - Job 1880: Subtask wait_for_json
[2023-06-15T13:34:46.271+0000] {task_command.py:410} INFO - Running <TaskInstance: get_university_api_send_psql.wait_for_json manual__2023-06-15T13:20:44.904525+00:00 [running]> on host cd01a659cc96
[2023-06-15T13:34:46.425+0000] {taskinstance.py:1547} INFO - Exporting env vars: AIRFLOW_CTX_DAG_OWNER='***' AIRFLOW_CTX_DAG_ID='get_university_api_send_psql' AIRFLOW_CTX_TASK_ID='wait_for_json' AIRFLOW_CTX_EXECUTION_DATE='2023-06-15T13:20:44.904525+00:00' AIRFLOW_CTX_TRY_NUMBER='1' AIRFLOW_CTX_DAG_RUN_ID='manual__2023-06-15T13:20:44.904525+00:00'
[2023-06-15T13:34:46.465+0000] {python.py:72} INFO - Poking callable: <function _wait_for_json at 0x7f3aaaf5f0e0>
[2023-06-15T13:34:46.529+0000] {taskinstance.py:1784} INFO - Rescheduling task, marking task as UP_FOR_RESCHEDULE
[2023-06-15T13:34:46.595+0000] {local_task_job_runner.py:225} INFO - Task exited with return code 0
[2023-06-15T13:34:46.672+0000] {taskinstance.py:2651} INFO - 0 downstream tasks scheduled from follow-on schedule check
[2023-06-15T13:35:19.886+0000] {taskinstance.py:1103} INFO - Dependencies all met for dep_context=non-requeueable deps ti=<TaskInstance: get_university_api_send_psql.wait_for_json manual__2023-06-15T13:20:44.904525+00:00 [queued]>
[2023-06-15T13:35:19.933+0000] {taskinstance.py:1103} INFO - Dependencies all met for dep_context=requeueable deps ti=<TaskInstance: get_university_api_send_psql.wait_for_json manual__2023-06-15T13:20:44.904525+00:00 [queued]>
[2023-06-15T13:35:19.936+0000] {taskinstance.py:1308} INFO - Starting attempt 1 of 1
[2023-06-15T13:35:19.983+0000] {taskinstance.py:1327} INFO - Executing <Task(PythonSensor): wait_for_json> on 2023-06-15 13:20:44.904525+00:00
[2023-06-15T13:35:19.998+0000] {standard_task_runner.py:57} INFO - Started process 222 to run task
[2023-06-15T13:35:20.015+0000] {standard_task_runner.py:84} INFO - Running: ['***', 'tasks', 'run', 'get_university_api_send_psql', 'wait_for_json', 'manual__2023-06-15T13:20:44.904525+00:00', '--job-id', '1882', '--raw', '--subdir', 'DAGS_FOLDER/data-university-from-api-dag/data_university_from_api_dag.py', '--cfg-path', '/tmp/tmpcr8y047a']
[2023-06-15T13:35:20.058+0000] {standard_task_runner.py:85} INFO - Job 1882: Subtask wait_for_json
[2023-06-15T13:35:20.267+0000] {task_command.py:410} INFO - Running <TaskInstance: get_university_api_send_psql.wait_for_json manual__2023-06-15T13:20:44.904525+00:00 [running]> on host cd01a659cc96
[2023-06-15T13:35:20.543+0000] {taskinstance.py:1547} INFO - Exporting env vars: AIRFLOW_CTX_DAG_OWNER='***' AIRFLOW_CTX_DAG_ID='get_university_api_send_psql' AIRFLOW_CTX_TASK_ID='wait_for_json' AIRFLOW_CTX_EXECUTION_DATE='2023-06-15T13:20:44.904525+00:00' AIRFLOW_CTX_TRY_NUMBER='1' AIRFLOW_CTX_DAG_RUN_ID='manual__2023-06-15T13:20:44.904525+00:00'
[2023-06-15T13:35:20.580+0000] {python.py:72} INFO - Poking callable: <function _wait_for_json at 0x7f3aaaf5f0e0>
[2023-06-15T13:35:20.649+0000] {taskinstance.py:1784} INFO - Rescheduling task, marking task as UP_FOR_RESCHEDULE
[2023-06-15T13:35:20.688+0000] {local_task_job_runner.py:225} INFO - Task exited with return code 0
[2023-06-15T13:35:20.768+0000] {taskinstance.py:2651} INFO - 0 downstream tasks scheduled from follow-on schedule check
[2023-06-15T13:35:52.589+0000] {taskinstance.py:1103} INFO - Dependencies all met for dep_context=non-requeueable deps ti=<TaskInstance: get_university_api_send_psql.wait_for_json manual__2023-06-15T13:20:44.904525+00:00 [queued]>
[2023-06-15T13:35:52.604+0000] {taskinstance.py:1103} INFO - Dependencies all met for dep_context=requeueable deps ti=<TaskInstance: get_university_api_send_psql.wait_for_json manual__2023-06-15T13:20:44.904525+00:00 [queued]>
[2023-06-15T13:35:52.606+0000] {taskinstance.py:1308} INFO - Starting attempt 1 of 1
[2023-06-15T13:35:52.625+0000] {taskinstance.py:1327} INFO - Executing <Task(PythonSensor): wait_for_json> on 2023-06-15 13:20:44.904525+00:00
[2023-06-15T13:35:52.634+0000] {standard_task_runner.py:57} INFO - Started process 237 to run task
[2023-06-15T13:35:52.643+0000] {standard_task_runner.py:84} INFO - Running: ['***', 'tasks', 'run', 'get_university_api_send_psql', 'wait_for_json', 'manual__2023-06-15T13:20:44.904525+00:00', '--job-id', '1884', '--raw', '--subdir', 'DAGS_FOLDER/data-university-from-api-dag/data_university_from_api_dag.py', '--cfg-path', '/tmp/tmp8846av7y']
[2023-06-15T13:35:52.647+0000] {standard_task_runner.py:85} INFO - Job 1884: Subtask wait_for_json
[2023-06-15T13:35:52.715+0000] {task_command.py:410} INFO - Running <TaskInstance: get_university_api_send_psql.wait_for_json manual__2023-06-15T13:20:44.904525+00:00 [running]> on host cd01a659cc96
[2023-06-15T13:35:52.836+0000] {taskinstance.py:1547} INFO - Exporting env vars: AIRFLOW_CTX_DAG_OWNER='***' AIRFLOW_CTX_DAG_ID='get_university_api_send_psql' AIRFLOW_CTX_TASK_ID='wait_for_json' AIRFLOW_CTX_EXECUTION_DATE='2023-06-15T13:20:44.904525+00:00' AIRFLOW_CTX_TRY_NUMBER='1' AIRFLOW_CTX_DAG_RUN_ID='manual__2023-06-15T13:20:44.904525+00:00'
[2023-06-15T13:35:52.867+0000] {python.py:72} INFO - Poking callable: <function _wait_for_json at 0x7f3aaaf5f0e0>
[2023-06-15T13:35:52.914+0000] {taskinstance.py:1784} INFO - Rescheduling task, marking task as UP_FOR_RESCHEDULE
[2023-06-15T13:35:52.935+0000] {local_task_job_runner.py:225} INFO - Task exited with return code 0
[2023-06-15T13:35:53.007+0000] {taskinstance.py:2651} INFO - 0 downstream tasks scheduled from follow-on schedule check
[2023-06-15T13:36:28.994+0000] {taskinstance.py:1103} INFO - Dependencies all met for dep_context=non-requeueable deps ti=<TaskInstance: get_university_api_send_psql.wait_for_json manual__2023-06-15T13:20:44.904525+00:00 [queued]>
[2023-06-15T13:36:29.011+0000] {taskinstance.py:1103} INFO - Dependencies all met for dep_context=requeueable deps ti=<TaskInstance: get_university_api_send_psql.wait_for_json manual__2023-06-15T13:20:44.904525+00:00 [queued]>
[2023-06-15T13:36:29.021+0000] {taskinstance.py:1308} INFO - Starting attempt 1 of 1
[2023-06-15T13:36:29.083+0000] {taskinstance.py:1327} INFO - Executing <Task(PythonSensor): wait_for_json> on 2023-06-15 13:20:44.904525+00:00
[2023-06-15T13:36:29.096+0000] {standard_task_runner.py:57} INFO - Started process 252 to run task
[2023-06-15T13:36:29.108+0000] {standard_task_runner.py:84} INFO - Running: ['***', 'tasks', 'run', 'get_university_api_send_psql', 'wait_for_json', 'manual__2023-06-15T13:20:44.904525+00:00', '--job-id', '1886', '--raw', '--subdir', 'DAGS_FOLDER/data-university-from-api-dag/data_university_from_api_dag.py', '--cfg-path', '/tmp/tmp7qqztbfb']
[2023-06-15T13:36:29.119+0000] {standard_task_runner.py:85} INFO - Job 1886: Subtask wait_for_json
[2023-06-15T13:36:29.236+0000] {task_command.py:410} INFO - Running <TaskInstance: get_university_api_send_psql.wait_for_json manual__2023-06-15T13:20:44.904525+00:00 [running]> on host cd01a659cc96
[2023-06-15T13:36:29.474+0000] {taskinstance.py:1547} INFO - Exporting env vars: AIRFLOW_CTX_DAG_OWNER='***' AIRFLOW_CTX_DAG_ID='get_university_api_send_psql' AIRFLOW_CTX_TASK_ID='wait_for_json' AIRFLOW_CTX_EXECUTION_DATE='2023-06-15T13:20:44.904525+00:00' AIRFLOW_CTX_TRY_NUMBER='1' AIRFLOW_CTX_DAG_RUN_ID='manual__2023-06-15T13:20:44.904525+00:00'
[2023-06-15T13:36:29.501+0000] {python.py:72} INFO - Poking callable: <function _wait_for_json at 0x7f3aaaf5f0e0>
[2023-06-15T13:36:29.546+0000] {taskinstance.py:1784} INFO - Rescheduling task, marking task as UP_FOR_RESCHEDULE
[2023-06-15T13:36:29.609+0000] {local_task_job_runner.py:225} INFO - Task exited with return code 0
[2023-06-15T13:36:29.681+0000] {taskinstance.py:2651} INFO - 0 downstream tasks scheduled from follow-on schedule check
[2023-06-15T13:37:00.821+0000] {taskinstance.py:1103} INFO - Dependencies all met for dep_context=non-requeueable deps ti=<TaskInstance: get_university_api_send_psql.wait_for_json manual__2023-06-15T13:20:44.904525+00:00 [queued]>
[2023-06-15T13:37:00.853+0000] {taskinstance.py:1103} INFO - Dependencies all met for dep_context=requeueable deps ti=<TaskInstance: get_university_api_send_psql.wait_for_json manual__2023-06-15T13:20:44.904525+00:00 [queued]>
[2023-06-15T13:37:00.855+0000] {taskinstance.py:1308} INFO - Starting attempt 1 of 1
[2023-06-15T13:37:00.882+0000] {taskinstance.py:1327} INFO - Executing <Task(PythonSensor): wait_for_json> on 2023-06-15 13:20:44.904525+00:00
[2023-06-15T13:37:00.894+0000] {standard_task_runner.py:57} INFO - Started process 267 to run task
[2023-06-15T13:37:00.910+0000] {standard_task_runner.py:84} INFO - Running: ['***', 'tasks', 'run', 'get_university_api_send_psql', 'wait_for_json', 'manual__2023-06-15T13:20:44.904525+00:00', '--job-id', '1888', '--raw', '--subdir', 'DAGS_FOLDER/data-university-from-api-dag/data_university_from_api_dag.py', '--cfg-path', '/tmp/tmplstrpg3a']
[2023-06-15T13:37:00.917+0000] {standard_task_runner.py:85} INFO - Job 1888: Subtask wait_for_json
[2023-06-15T13:37:01.058+0000] {task_command.py:410} INFO - Running <TaskInstance: get_university_api_send_psql.wait_for_json manual__2023-06-15T13:20:44.904525+00:00 [running]> on host cd01a659cc96
[2023-06-15T13:37:01.257+0000] {taskinstance.py:1547} INFO - Exporting env vars: AIRFLOW_CTX_DAG_OWNER='***' AIRFLOW_CTX_DAG_ID='get_university_api_send_psql' AIRFLOW_CTX_TASK_ID='wait_for_json' AIRFLOW_CTX_EXECUTION_DATE='2023-06-15T13:20:44.904525+00:00' AIRFLOW_CTX_TRY_NUMBER='1' AIRFLOW_CTX_DAG_RUN_ID='manual__2023-06-15T13:20:44.904525+00:00'
[2023-06-15T13:37:01.278+0000] {python.py:72} INFO - Poking callable: <function _wait_for_json at 0x7f3aaaf5f0e0>
[2023-06-15T13:37:01.361+0000] {taskinstance.py:1784} INFO - Rescheduling task, marking task as UP_FOR_RESCHEDULE
[2023-06-15T13:37:01.415+0000] {local_task_job_runner.py:225} INFO - Task exited with return code 0
[2023-06-15T13:37:01.468+0000] {taskinstance.py:2651} INFO - 0 downstream tasks scheduled from follow-on schedule check
[2023-06-15T13:37:34.039+0000] {taskinstance.py:1103} INFO - Dependencies all met for dep_context=non-requeueable deps ti=<TaskInstance: get_university_api_send_psql.wait_for_json manual__2023-06-15T13:20:44.904525+00:00 [queued]>
[2023-06-15T13:37:34.068+0000] {taskinstance.py:1103} INFO - Dependencies all met for dep_context=requeueable deps ti=<TaskInstance: get_university_api_send_psql.wait_for_json manual__2023-06-15T13:20:44.904525+00:00 [queued]>
[2023-06-15T13:37:34.071+0000] {taskinstance.py:1308} INFO - Starting attempt 1 of 1
[2023-06-15T13:37:34.115+0000] {taskinstance.py:1327} INFO - Executing <Task(PythonSensor): wait_for_json> on 2023-06-15 13:20:44.904525+00:00
[2023-06-15T13:37:34.135+0000] {standard_task_runner.py:57} INFO - Started process 282 to run task
[2023-06-15T13:37:34.155+0000] {standard_task_runner.py:84} INFO - Running: ['***', 'tasks', 'run', 'get_university_api_send_psql', 'wait_for_json', 'manual__2023-06-15T13:20:44.904525+00:00', '--job-id', '1890', '--raw', '--subdir', 'DAGS_FOLDER/data-university-from-api-dag/data_university_from_api_dag.py', '--cfg-path', '/tmp/tmp8k1h0a90']
[2023-06-15T13:37:34.160+0000] {standard_task_runner.py:85} INFO - Job 1890: Subtask wait_for_json
[2023-06-15T13:37:34.283+0000] {task_command.py:410} INFO - Running <TaskInstance: get_university_api_send_psql.wait_for_json manual__2023-06-15T13:20:44.904525+00:00 [running]> on host cd01a659cc96
[2023-06-15T13:37:34.488+0000] {taskinstance.py:1547} INFO - Exporting env vars: AIRFLOW_CTX_DAG_OWNER='***' AIRFLOW_CTX_DAG_ID='get_university_api_send_psql' AIRFLOW_CTX_TASK_ID='wait_for_json' AIRFLOW_CTX_EXECUTION_DATE='2023-06-15T13:20:44.904525+00:00' AIRFLOW_CTX_TRY_NUMBER='1' AIRFLOW_CTX_DAG_RUN_ID='manual__2023-06-15T13:20:44.904525+00:00'
[2023-06-15T13:37:34.528+0000] {python.py:72} INFO - Poking callable: <function _wait_for_json at 0x7f3aaaf5f0e0>
[2023-06-15T13:37:34.612+0000] {taskinstance.py:1784} INFO - Rescheduling task, marking task as UP_FOR_RESCHEDULE
[2023-06-15T13:37:34.672+0000] {local_task_job_runner.py:225} INFO - Task exited with return code 0
[2023-06-15T13:37:34.795+0000] {taskinstance.py:2651} INFO - 0 downstream tasks scheduled from follow-on schedule check
[2023-06-15T13:38:09.675+0000] {taskinstance.py:1103} INFO - Dependencies all met for dep_context=non-requeueable deps ti=<TaskInstance: get_university_api_send_psql.wait_for_json manual__2023-06-15T13:20:44.904525+00:00 [queued]>
[2023-06-15T13:38:09.709+0000] {taskinstance.py:1103} INFO - Dependencies all met for dep_context=requeueable deps ti=<TaskInstance: get_university_api_send_psql.wait_for_json manual__2023-06-15T13:20:44.904525+00:00 [queued]>
[2023-06-15T13:38:09.736+0000] {taskinstance.py:1308} INFO - Starting attempt 1 of 1
[2023-06-15T13:38:09.775+0000] {taskinstance.py:1327} INFO - Executing <Task(PythonSensor): wait_for_json> on 2023-06-15 13:20:44.904525+00:00
[2023-06-15T13:38:09.796+0000] {standard_task_runner.py:57} INFO - Started process 296 to run task
[2023-06-15T13:38:09.816+0000] {standard_task_runner.py:84} INFO - Running: ['***', 'tasks', 'run', 'get_university_api_send_psql', 'wait_for_json', 'manual__2023-06-15T13:20:44.904525+00:00', '--job-id', '1892', '--raw', '--subdir', 'DAGS_FOLDER/data-university-from-api-dag/data_university_from_api_dag.py', '--cfg-path', '/tmp/tmp9gnejdwj']
[2023-06-15T13:38:09.820+0000] {standard_task_runner.py:85} INFO - Job 1892: Subtask wait_for_json
[2023-06-15T13:38:09.932+0000] {task_command.py:410} INFO - Running <TaskInstance: get_university_api_send_psql.wait_for_json manual__2023-06-15T13:20:44.904525+00:00 [running]> on host cd01a659cc96
[2023-06-15T13:38:10.251+0000] {taskinstance.py:1547} INFO - Exporting env vars: AIRFLOW_CTX_DAG_OWNER='***' AIRFLOW_CTX_DAG_ID='get_university_api_send_psql' AIRFLOW_CTX_TASK_ID='wait_for_json' AIRFLOW_CTX_EXECUTION_DATE='2023-06-15T13:20:44.904525+00:00' AIRFLOW_CTX_TRY_NUMBER='1' AIRFLOW_CTX_DAG_RUN_ID='manual__2023-06-15T13:20:44.904525+00:00'
[2023-06-15T13:38:10.291+0000] {python.py:72} INFO - Poking callable: <function _wait_for_json at 0x7f3aaaf5f0e0>
[2023-06-15T13:38:10.332+0000] {taskinstance.py:1784} INFO - Rescheduling task, marking task as UP_FOR_RESCHEDULE
[2023-06-15T13:38:10.453+0000] {local_task_job_runner.py:225} INFO - Task exited with return code 0
[2023-06-15T13:38:10.586+0000] {taskinstance.py:2651} INFO - 0 downstream tasks scheduled from follow-on schedule check
[2023-06-15T13:38:42.405+0000] {taskinstance.py:1103} INFO - Dependencies all met for dep_context=non-requeueable deps ti=<TaskInstance: get_university_api_send_psql.wait_for_json manual__2023-06-15T13:20:44.904525+00:00 [queued]>
[2023-06-15T13:38:42.424+0000] {taskinstance.py:1103} INFO - Dependencies all met for dep_context=requeueable deps ti=<TaskInstance: get_university_api_send_psql.wait_for_json manual__2023-06-15T13:20:44.904525+00:00 [queued]>
[2023-06-15T13:38:42.426+0000] {taskinstance.py:1308} INFO - Starting attempt 1 of 1
[2023-06-15T13:38:42.455+0000] {taskinstance.py:1327} INFO - Executing <Task(PythonSensor): wait_for_json> on 2023-06-15 13:20:44.904525+00:00
[2023-06-15T13:38:42.467+0000] {standard_task_runner.py:57} INFO - Started process 310 to run task
[2023-06-15T13:38:42.480+0000] {standard_task_runner.py:84} INFO - Running: ['***', 'tasks', 'run', 'get_university_api_send_psql', 'wait_for_json', 'manual__2023-06-15T13:20:44.904525+00:00', '--job-id', '1894', '--raw', '--subdir', 'DAGS_FOLDER/data-university-from-api-dag/data_university_from_api_dag.py', '--cfg-path', '/tmp/tmp3ae5t6u3']
[2023-06-15T13:38:42.485+0000] {standard_task_runner.py:85} INFO - Job 1894: Subtask wait_for_json
[2023-06-15T13:38:42.592+0000] {task_command.py:410} INFO - Running <TaskInstance: get_university_api_send_psql.wait_for_json manual__2023-06-15T13:20:44.904525+00:00 [running]> on host cd01a659cc96
[2023-06-15T13:38:42.726+0000] {taskinstance.py:1547} INFO - Exporting env vars: AIRFLOW_CTX_DAG_OWNER='***' AIRFLOW_CTX_DAG_ID='get_university_api_send_psql' AIRFLOW_CTX_TASK_ID='wait_for_json' AIRFLOW_CTX_EXECUTION_DATE='2023-06-15T13:20:44.904525+00:00' AIRFLOW_CTX_TRY_NUMBER='1' AIRFLOW_CTX_DAG_RUN_ID='manual__2023-06-15T13:20:44.904525+00:00'
[2023-06-15T13:38:42.740+0000] {python.py:72} INFO - Poking callable: <function _wait_for_json at 0x7f3aaaf5f0e0>
[2023-06-15T13:38:42.766+0000] {taskinstance.py:1784} INFO - Rescheduling task, marking task as UP_FOR_RESCHEDULE
[2023-06-15T13:38:42.817+0000] {local_task_job_runner.py:225} INFO - Task exited with return code 0
[2023-06-15T13:38:42.871+0000] {taskinstance.py:2651} INFO - 0 downstream tasks scheduled from follow-on schedule check
[2023-06-15T13:39:14.750+0000] {taskinstance.py:1103} INFO - Dependencies all met for dep_context=non-requeueable deps ti=<TaskInstance: get_university_api_send_psql.wait_for_json manual__2023-06-15T13:20:44.904525+00:00 [queued]>
[2023-06-15T13:39:14.783+0000] {taskinstance.py:1103} INFO - Dependencies all met for dep_context=requeueable deps ti=<TaskInstance: get_university_api_send_psql.wait_for_json manual__2023-06-15T13:20:44.904525+00:00 [queued]>
[2023-06-15T13:39:14.787+0000] {taskinstance.py:1308} INFO - Starting attempt 1 of 1
[2023-06-15T13:39:14.832+0000] {taskinstance.py:1327} INFO - Executing <Task(PythonSensor): wait_for_json> on 2023-06-15 13:20:44.904525+00:00
[2023-06-15T13:39:14.856+0000] {standard_task_runner.py:57} INFO - Started process 325 to run task
[2023-06-15T13:39:14.882+0000] {standard_task_runner.py:84} INFO - Running: ['***', 'tasks', 'run', 'get_university_api_send_psql', 'wait_for_json', 'manual__2023-06-15T13:20:44.904525+00:00', '--job-id', '1896', '--raw', '--subdir', 'DAGS_FOLDER/data-university-from-api-dag/data_university_from_api_dag.py', '--cfg-path', '/tmp/tmp1vrbibbu']
[2023-06-15T13:39:14.890+0000] {standard_task_runner.py:85} INFO - Job 1896: Subtask wait_for_json
[2023-06-15T13:39:15.046+0000] {task_command.py:410} INFO - Running <TaskInstance: get_university_api_send_psql.wait_for_json manual__2023-06-15T13:20:44.904525+00:00 [running]> on host cd01a659cc96
[2023-06-15T13:39:15.249+0000] {taskinstance.py:1547} INFO - Exporting env vars: AIRFLOW_CTX_DAG_OWNER='***' AIRFLOW_CTX_DAG_ID='get_university_api_send_psql' AIRFLOW_CTX_TASK_ID='wait_for_json' AIRFLOW_CTX_EXECUTION_DATE='2023-06-15T13:20:44.904525+00:00' AIRFLOW_CTX_TRY_NUMBER='1' AIRFLOW_CTX_DAG_RUN_ID='manual__2023-06-15T13:20:44.904525+00:00'
[2023-06-15T13:39:15.287+0000] {python.py:72} INFO - Poking callable: <function _wait_for_json at 0x7f3aaaf5f0e0>
[2023-06-15T13:39:15.344+0000] {taskinstance.py:1784} INFO - Rescheduling task, marking task as UP_FOR_RESCHEDULE
[2023-06-15T13:39:15.393+0000] {local_task_job_runner.py:225} INFO - Task exited with return code 0
[2023-06-15T13:39:15.481+0000] {taskinstance.py:2651} INFO - 0 downstream tasks scheduled from follow-on schedule check
[2023-06-15T13:39:47.314+0000] {taskinstance.py:1103} INFO - Dependencies all met for dep_context=non-requeueable deps ti=<TaskInstance: get_university_api_send_psql.wait_for_json manual__2023-06-15T13:20:44.904525+00:00 [queued]>
[2023-06-15T13:39:47.329+0000] {taskinstance.py:1103} INFO - Dependencies all met for dep_context=requeueable deps ti=<TaskInstance: get_university_api_send_psql.wait_for_json manual__2023-06-15T13:20:44.904525+00:00 [queued]>
[2023-06-15T13:39:47.330+0000] {taskinstance.py:1308} INFO - Starting attempt 1 of 1
[2023-06-15T13:39:47.350+0000] {taskinstance.py:1327} INFO - Executing <Task(PythonSensor): wait_for_json> on 2023-06-15 13:20:44.904525+00:00
[2023-06-15T13:39:47.358+0000] {standard_task_runner.py:57} INFO - Started process 340 to run task
[2023-06-15T13:39:47.365+0000] {standard_task_runner.py:84} INFO - Running: ['***', 'tasks', 'run', 'get_university_api_send_psql', 'wait_for_json', 'manual__2023-06-15T13:20:44.904525+00:00', '--job-id', '1898', '--raw', '--subdir', 'DAGS_FOLDER/data-university-from-api-dag/data_university_from_api_dag.py', '--cfg-path', '/tmp/tmpc2gwuywt']
[2023-06-15T13:39:47.369+0000] {standard_task_runner.py:85} INFO - Job 1898: Subtask wait_for_json
[2023-06-15T13:39:47.433+0000] {task_command.py:410} INFO - Running <TaskInstance: get_university_api_send_psql.wait_for_json manual__2023-06-15T13:20:44.904525+00:00 [running]> on host cd01a659cc96
[2023-06-15T13:39:47.574+0000] {taskinstance.py:1547} INFO - Exporting env vars: AIRFLOW_CTX_DAG_OWNER='***' AIRFLOW_CTX_DAG_ID='get_university_api_send_psql' AIRFLOW_CTX_TASK_ID='wait_for_json' AIRFLOW_CTX_EXECUTION_DATE='2023-06-15T13:20:44.904525+00:00' AIRFLOW_CTX_TRY_NUMBER='1' AIRFLOW_CTX_DAG_RUN_ID='manual__2023-06-15T13:20:44.904525+00:00'
[2023-06-15T13:39:47.594+0000] {python.py:72} INFO - Poking callable: <function _wait_for_json at 0x7f3aaaf5f0e0>
[2023-06-15T13:39:47.623+0000] {taskinstance.py:1784} INFO - Rescheduling task, marking task as UP_FOR_RESCHEDULE
[2023-06-15T13:39:47.658+0000] {local_task_job_runner.py:225} INFO - Task exited with return code 0
[2023-06-15T13:39:47.703+0000] {taskinstance.py:2651} INFO - 0 downstream tasks scheduled from follow-on schedule check
[2023-06-15T13:40:19.746+0000] {taskinstance.py:1103} INFO - Dependencies all met for dep_context=non-requeueable deps ti=<TaskInstance: get_university_api_send_psql.wait_for_json manual__2023-06-15T13:20:44.904525+00:00 [queued]>
[2023-06-15T13:40:19.771+0000] {taskinstance.py:1103} INFO - Dependencies all met for dep_context=requeueable deps ti=<TaskInstance: get_university_api_send_psql.wait_for_json manual__2023-06-15T13:20:44.904525+00:00 [queued]>
[2023-06-15T13:40:19.773+0000] {taskinstance.py:1308} INFO - Starting attempt 1 of 1
[2023-06-15T13:40:19.797+0000] {taskinstance.py:1327} INFO - Executing <Task(PythonSensor): wait_for_json> on 2023-06-15 13:20:44.904525+00:00
[2023-06-15T13:40:19.810+0000] {standard_task_runner.py:57} INFO - Started process 354 to run task
[2023-06-15T13:40:19.821+0000] {standard_task_runner.py:84} INFO - Running: ['***', 'tasks', 'run', 'get_university_api_send_psql', 'wait_for_json', 'manual__2023-06-15T13:20:44.904525+00:00', '--job-id', '1900', '--raw', '--subdir', 'DAGS_FOLDER/data-university-from-api-dag/data_university_from_api_dag.py', '--cfg-path', '/tmp/tmp8qkrs1ag']
[2023-06-15T13:40:19.826+0000] {standard_task_runner.py:85} INFO - Job 1900: Subtask wait_for_json
[2023-06-15T13:40:19.899+0000] {task_command.py:410} INFO - Running <TaskInstance: get_university_api_send_psql.wait_for_json manual__2023-06-15T13:20:44.904525+00:00 [running]> on host cd01a659cc96
[2023-06-15T13:40:20.018+0000] {taskinstance.py:1547} INFO - Exporting env vars: AIRFLOW_CTX_DAG_OWNER='***' AIRFLOW_CTX_DAG_ID='get_university_api_send_psql' AIRFLOW_CTX_TASK_ID='wait_for_json' AIRFLOW_CTX_EXECUTION_DATE='2023-06-15T13:20:44.904525+00:00' AIRFLOW_CTX_TRY_NUMBER='1' AIRFLOW_CTX_DAG_RUN_ID='manual__2023-06-15T13:20:44.904525+00:00'
[2023-06-15T13:40:20.036+0000] {python.py:72} INFO - Poking callable: <function _wait_for_json at 0x7f3aaaf5f0e0>
[2023-06-15T13:40:20.066+0000] {taskinstance.py:1784} INFO - Rescheduling task, marking task as UP_FOR_RESCHEDULE
[2023-06-15T13:40:20.111+0000] {local_task_job_runner.py:225} INFO - Task exited with return code 0
[2023-06-15T13:40:20.160+0000] {taskinstance.py:2651} INFO - 0 downstream tasks scheduled from follow-on schedule check
[2023-06-15T13:40:52.370+0000] {taskinstance.py:1103} INFO - Dependencies all met for dep_context=non-requeueable deps ti=<TaskInstance: get_university_api_send_psql.wait_for_json manual__2023-06-15T13:20:44.904525+00:00 [queued]>
[2023-06-15T13:40:52.401+0000] {taskinstance.py:1103} INFO - Dependencies all met for dep_context=requeueable deps ti=<TaskInstance: get_university_api_send_psql.wait_for_json manual__2023-06-15T13:20:44.904525+00:00 [queued]>
[2023-06-15T13:40:52.406+0000] {taskinstance.py:1308} INFO - Starting attempt 1 of 1
[2023-06-15T13:40:52.438+0000] {taskinstance.py:1327} INFO - Executing <Task(PythonSensor): wait_for_json> on 2023-06-15 13:20:44.904525+00:00
[2023-06-15T13:40:52.451+0000] {standard_task_runner.py:57} INFO - Started process 369 to run task
[2023-06-15T13:40:52.467+0000] {standard_task_runner.py:84} INFO - Running: ['***', 'tasks', 'run', 'get_university_api_send_psql', 'wait_for_json', 'manual__2023-06-15T13:20:44.904525+00:00', '--job-id', '1902', '--raw', '--subdir', 'DAGS_FOLDER/data-university-from-api-dag/data_university_from_api_dag.py', '--cfg-path', '/tmp/tmpnx2ns5rv']
[2023-06-15T13:40:52.473+0000] {standard_task_runner.py:85} INFO - Job 1902: Subtask wait_for_json
[2023-06-15T13:40:52.575+0000] {task_command.py:410} INFO - Running <TaskInstance: get_university_api_send_psql.wait_for_json manual__2023-06-15T13:20:44.904525+00:00 [running]> on host cd01a659cc96
[2023-06-15T13:40:52.739+0000] {taskinstance.py:1547} INFO - Exporting env vars: AIRFLOW_CTX_DAG_OWNER='***' AIRFLOW_CTX_DAG_ID='get_university_api_send_psql' AIRFLOW_CTX_TASK_ID='wait_for_json' AIRFLOW_CTX_EXECUTION_DATE='2023-06-15T13:20:44.904525+00:00' AIRFLOW_CTX_TRY_NUMBER='1' AIRFLOW_CTX_DAG_RUN_ID='manual__2023-06-15T13:20:44.904525+00:00'
[2023-06-15T13:40:52.760+0000] {python.py:72} INFO - Poking callable: <function _wait_for_json at 0x7f3aaaf5f0e0>
[2023-06-15T13:40:52.790+0000] {taskinstance.py:1784} INFO - Rescheduling task, marking task as UP_FOR_RESCHEDULE
[2023-06-15T13:40:52.841+0000] {local_task_job_runner.py:225} INFO - Task exited with return code 0
[2023-06-15T13:40:52.892+0000] {taskinstance.py:2651} INFO - 0 downstream tasks scheduled from follow-on schedule check
[2023-06-15T13:41:24.930+0000] {taskinstance.py:1103} INFO - Dependencies all met for dep_context=non-requeueable deps ti=<TaskInstance: get_university_api_send_psql.wait_for_json manual__2023-06-15T13:20:44.904525+00:00 [queued]>
[2023-06-15T13:41:24.946+0000] {taskinstance.py:1103} INFO - Dependencies all met for dep_context=requeueable deps ti=<TaskInstance: get_university_api_send_psql.wait_for_json manual__2023-06-15T13:20:44.904525+00:00 [queued]>
[2023-06-15T13:41:24.949+0000] {taskinstance.py:1308} INFO - Starting attempt 1 of 1
[2023-06-15T13:41:24.981+0000] {taskinstance.py:1327} INFO - Executing <Task(PythonSensor): wait_for_json> on 2023-06-15 13:20:44.904525+00:00
[2023-06-15T13:41:24.991+0000] {standard_task_runner.py:57} INFO - Started process 384 to run task
[2023-06-15T13:41:25.005+0000] {standard_task_runner.py:84} INFO - Running: ['***', 'tasks', 'run', 'get_university_api_send_psql', 'wait_for_json', 'manual__2023-06-15T13:20:44.904525+00:00', '--job-id', '1904', '--raw', '--subdir', 'DAGS_FOLDER/data-university-from-api-dag/data_university_from_api_dag.py', '--cfg-path', '/tmp/tmptvc4pfkt']
[2023-06-15T13:41:25.010+0000] {standard_task_runner.py:85} INFO - Job 1904: Subtask wait_for_json
[2023-06-15T13:41:25.088+0000] {task_command.py:410} INFO - Running <TaskInstance: get_university_api_send_psql.wait_for_json manual__2023-06-15T13:20:44.904525+00:00 [running]> on host cd01a659cc96
[2023-06-15T13:41:25.243+0000] {taskinstance.py:1547} INFO - Exporting env vars: AIRFLOW_CTX_DAG_OWNER='***' AIRFLOW_CTX_DAG_ID='get_university_api_send_psql' AIRFLOW_CTX_TASK_ID='wait_for_json' AIRFLOW_CTX_EXECUTION_DATE='2023-06-15T13:20:44.904525+00:00' AIRFLOW_CTX_TRY_NUMBER='1' AIRFLOW_CTX_DAG_RUN_ID='manual__2023-06-15T13:20:44.904525+00:00'
[2023-06-15T13:41:25.280+0000] {python.py:72} INFO - Poking callable: <function _wait_for_json at 0x7f3aaaf5f0e0>
[2023-06-15T13:41:25.327+0000] {taskinstance.py:1784} INFO - Rescheduling task, marking task as UP_FOR_RESCHEDULE
[2023-06-15T13:41:25.388+0000] {local_task_job_runner.py:225} INFO - Task exited with return code 0
[2023-06-15T13:41:25.525+0000] {taskinstance.py:2651} INFO - 0 downstream tasks scheduled from follow-on schedule check
[2023-06-15T13:41:56.901+0000] {taskinstance.py:1103} INFO - Dependencies all met for dep_context=non-requeueable deps ti=<TaskInstance: get_university_api_send_psql.wait_for_json manual__2023-06-15T13:20:44.904525+00:00 [queued]>
[2023-06-15T13:41:56.920+0000] {taskinstance.py:1103} INFO - Dependencies all met for dep_context=requeueable deps ti=<TaskInstance: get_university_api_send_psql.wait_for_json manual__2023-06-15T13:20:44.904525+00:00 [queued]>
[2023-06-15T13:41:56.921+0000] {taskinstance.py:1308} INFO - Starting attempt 1 of 1
[2023-06-15T13:41:56.946+0000] {taskinstance.py:1327} INFO - Executing <Task(PythonSensor): wait_for_json> on 2023-06-15 13:20:44.904525+00:00
[2023-06-15T13:41:56.966+0000] {standard_task_runner.py:57} INFO - Started process 400 to run task
[2023-06-15T13:41:56.973+0000] {standard_task_runner.py:84} INFO - Running: ['***', 'tasks', 'run', 'get_university_api_send_psql', 'wait_for_json', 'manual__2023-06-15T13:20:44.904525+00:00', '--job-id', '1906', '--raw', '--subdir', 'DAGS_FOLDER/data-university-from-api-dag/data_university_from_api_dag.py', '--cfg-path', '/tmp/tmpasm70s0c']
[2023-06-15T13:41:56.989+0000] {standard_task_runner.py:85} INFO - Job 1906: Subtask wait_for_json
[2023-06-15T13:41:57.139+0000] {task_command.py:410} INFO - Running <TaskInstance: get_university_api_send_psql.wait_for_json manual__2023-06-15T13:20:44.904525+00:00 [running]> on host cd01a659cc96
[2023-06-15T13:41:57.286+0000] {taskinstance.py:1547} INFO - Exporting env vars: AIRFLOW_CTX_DAG_OWNER='***' AIRFLOW_CTX_DAG_ID='get_university_api_send_psql' AIRFLOW_CTX_TASK_ID='wait_for_json' AIRFLOW_CTX_EXECUTION_DATE='2023-06-15T13:20:44.904525+00:00' AIRFLOW_CTX_TRY_NUMBER='1' AIRFLOW_CTX_DAG_RUN_ID='manual__2023-06-15T13:20:44.904525+00:00'
[2023-06-15T13:41:57.315+0000] {python.py:72} INFO - Poking callable: <function _wait_for_json at 0x7f3aaaf5f0e0>
[2023-06-15T13:41:57.356+0000] {taskinstance.py:1784} INFO - Rescheduling task, marking task as UP_FOR_RESCHEDULE
[2023-06-15T13:41:57.378+0000] {local_task_job_runner.py:225} INFO - Task exited with return code 0
[2023-06-15T13:41:57.425+0000] {taskinstance.py:2651} INFO - 0 downstream tasks scheduled from follow-on schedule check
[2023-06-15T13:42:28.819+0000] {taskinstance.py:1103} INFO - Dependencies all met for dep_context=non-requeueable deps ti=<TaskInstance: get_university_api_send_psql.wait_for_json manual__2023-06-15T13:20:44.904525+00:00 [queued]>
[2023-06-15T13:42:28.835+0000] {taskinstance.py:1103} INFO - Dependencies all met for dep_context=requeueable deps ti=<TaskInstance: get_university_api_send_psql.wait_for_json manual__2023-06-15T13:20:44.904525+00:00 [queued]>
[2023-06-15T13:42:28.836+0000] {taskinstance.py:1308} INFO - Starting attempt 1 of 1
[2023-06-15T13:42:28.902+0000] {taskinstance.py:1327} INFO - Executing <Task(PythonSensor): wait_for_json> on 2023-06-15 13:20:44.904525+00:00
[2023-06-15T13:42:28.922+0000] {standard_task_runner.py:57} INFO - Started process 415 to run task
[2023-06-15T13:42:28.930+0000] {standard_task_runner.py:84} INFO - Running: ['***', 'tasks', 'run', 'get_university_api_send_psql', 'wait_for_json', 'manual__2023-06-15T13:20:44.904525+00:00', '--job-id', '1908', '--raw', '--subdir', 'DAGS_FOLDER/data-university-from-api-dag/data_university_from_api_dag.py', '--cfg-path', '/tmp/tmpi91jonqb']
[2023-06-15T13:42:28.935+0000] {standard_task_runner.py:85} INFO - Job 1908: Subtask wait_for_json
[2023-06-15T13:42:29.011+0000] {task_command.py:410} INFO - Running <TaskInstance: get_university_api_send_psql.wait_for_json manual__2023-06-15T13:20:44.904525+00:00 [running]> on host cd01a659cc96
[2023-06-15T13:42:29.237+0000] {taskinstance.py:1547} INFO - Exporting env vars: AIRFLOW_CTX_DAG_OWNER='***' AIRFLOW_CTX_DAG_ID='get_university_api_send_psql' AIRFLOW_CTX_TASK_ID='wait_for_json' AIRFLOW_CTX_EXECUTION_DATE='2023-06-15T13:20:44.904525+00:00' AIRFLOW_CTX_TRY_NUMBER='1' AIRFLOW_CTX_DAG_RUN_ID='manual__2023-06-15T13:20:44.904525+00:00'
[2023-06-15T13:42:29.298+0000] {python.py:72} INFO - Poking callable: <function _wait_for_json at 0x7f3aaaf5f0e0>
[2023-06-15T13:42:29.369+0000] {taskinstance.py:1784} INFO - Rescheduling task, marking task as UP_FOR_RESCHEDULE
[2023-06-15T13:42:29.395+0000] {local_task_job_runner.py:225} INFO - Task exited with return code 0
[2023-06-15T13:42:29.444+0000] {taskinstance.py:2651} INFO - 0 downstream tasks scheduled from follow-on schedule check
[2023-06-15T13:43:01.288+0000] {taskinstance.py:1097} INFO - Dependencies not met for <TaskInstance: get_university_api_send_psql.wait_for_json manual__2023-06-15T13:20:44.904525+00:00 [queued]>, dependency 'Trigger Rule' FAILED: Task's trigger rule 'all_success' requires all upstream tasks to have succeeded, but found 1 non-success(es). upstream_states=_UpstreamTIStates(success=0, skipped=0, failed=0, upstream_failed=0, removed=0, done=0), upstream_task_ids={'read_json_file'}
[2023-06-15T13:43:01.303+0000] {local_task_job_runner.py:154} INFO - Task is not able to be run
