[2024-02-06T18:44:53.539+0000] {taskinstance.py:1103} INFO - Dependencies all met for dep_context=non-requeueable deps ti=<TaskInstance: get_energy_data_and_transform.fetch_and_save manual__2024-02-06T18:44:46.734981+00:00 [queued]>
[2024-02-06T18:44:53.593+0000] {taskinstance.py:1103} INFO - Dependencies all met for dep_context=requeueable deps ti=<TaskInstance: get_energy_data_and_transform.fetch_and_save manual__2024-02-06T18:44:46.734981+00:00 [queued]>
[2024-02-06T18:44:53.595+0000] {taskinstance.py:1308} INFO - Starting attempt 1 of 1
[2024-02-06T18:44:53.706+0000] {taskinstance.py:1327} INFO - Executing <Task(PythonOperator): fetch_and_save> on 2024-02-06 18:44:46.734981+00:00
[2024-02-06T18:44:53.746+0000] {standard_task_runner.py:57} INFO - Started process 5466 to run task
[2024-02-06T18:44:53.779+0000] {standard_task_runner.py:84} INFO - Running: ['***', 'tasks', 'run', 'get_energy_data_and_transform', 'fetch_and_save', 'manual__2024-02-06T18:44:46.734981+00:00', '--job-id', '120', '--raw', '--subdir', 'DAGS_FOLDER/energy-prod-cons-dag/data_energy_dag.py', '--cfg-path', '/tmp/tmpdrv3g8if']
[2024-02-06T18:44:53.815+0000] {standard_task_runner.py:85} INFO - Job 120: Subtask fetch_and_save
[2024-02-06T18:44:53.969+0000] {task_command.py:410} INFO - Running <TaskInstance: get_energy_data_and_transform.fetch_and_save manual__2024-02-06T18:44:46.734981+00:00 [running]> on host 952b3f8a1a94
[2024-02-06T18:44:54.227+0000] {taskinstance.py:1547} INFO - Exporting env vars: AIRFLOW_CTX_DAG_OWNER='***' AIRFLOW_CTX_DAG_ID='get_energy_data_and_transform' AIRFLOW_CTX_TASK_ID='fetch_and_save' AIRFLOW_CTX_EXECUTION_DATE='2024-02-06T18:44:46.734981+00:00' AIRFLOW_CTX_TRY_NUMBER='1' AIRFLOW_CTX_DAG_RUN_ID='manual__2024-02-06T18:44:46.734981+00:00'
[2024-02-06T18:44:57.355+0000] {warnings.py:110} WARNING - /home/***/.local/lib/python3.7/site-packages/***/operators/python.py:198: FutureWarning: The error_bad_lines argument has been deprecated and will be removed in a future version.


  return self.python_callable(*self.op_args, **self.op_kwargs)

[2024-02-06T18:45:00.666+0000] {logging_mixin.py:149} INFO - ******* STARTING columns ******  : Index(['operateur', 'annee', 'filiere', 'code_categorie_consommation',
       'libelle_categorie_consommation', 'code_grand_secteur',
       'libelle_grand_secteur', 'code_naf', 'libelle_secteur_naf2', 'conso',
       'pdl', 'indqual', 'nombre_mailles_secretisees', 'code_region',
       'libelle_region'],
      dtype='object')
[2024-02-06T18:45:00.681+0000] {logging_mixin.py:149} INFO - Strip leading and trailing whitespaces from column names
[2024-02-06T18:45:00.721+0000] {logging_mixin.py:149} INFO - ******* ENDING columns REGION ****** :  Index(['operateur', 'annee', 'filiere', 'code_categorie_consommation',
       'code_grand_secteur', 'libelle_secteur_naf2', 'conso', 'pdl', 'indqual',
       'code_region', 'libelle_region'],
      dtype='object')
[2024-02-06T18:45:00.726+0000] {logging_mixin.py:149} INFO - ******* ENDING columns DEPT  ****** :  Index(['operateur', 'annee', 'filiere', 'consoa', 'pdla', 'indquala', 'consoi',
       'pdli', 'indquali', 'consot', 'pdlt', 'indqualt', 'consor', 'pdlr',
       'indqualr', 'consona', 'pdlna', 'indqualna', 'code_departement',
       'libelle_departement', 'code_region', 'libelle_region', 'id_filiere',
       'consototale'],
      dtype='object')
[2024-02-06T18:45:01.434+0000] {logging_mixin.py:149} INFO - conso_energy_region Data has been loaded into CSV: /tmp/csv_file/conso_energy_region.csv
[2024-02-06T18:45:01.456+0000] {logging_mixin.py:149} INFO - conso_energy_dept Data has been loaded into CSV: /tmp/csv_file/conso_energy_region.csv
[2024-02-06T18:45:01.472+0000] {python.py:183} INFO - Done. Returned value was: None
[2024-02-06T18:45:01.664+0000] {taskinstance.py:1350} INFO - Marking task as SUCCESS. dag_id=get_energy_data_and_transform, task_id=fetch_and_save, execution_date=20240206T184446, start_date=20240206T184453, end_date=20240206T184501
[2024-02-06T18:45:02.207+0000] {local_task_job_runner.py:225} INFO - Task exited with return code 0
[2024-02-06T18:45:03.049+0000] {taskinstance.py:2651} INFO - 0 downstream tasks scheduled from follow-on schedule check
