[2024-02-10T10:00:49.846+0000] {taskinstance.py:1103} INFO - Dependencies all met for dep_context=non-requeueable deps ti=<TaskInstance: get_production_data_and_transform.fetch_and_save_production_data manual__2024-02-10T10:00:45.603106+00:00 [queued]>
[2024-02-10T10:00:49.872+0000] {taskinstance.py:1103} INFO - Dependencies all met for dep_context=requeueable deps ti=<TaskInstance: get_production_data_and_transform.fetch_and_save_production_data manual__2024-02-10T10:00:45.603106+00:00 [queued]>
[2024-02-10T10:00:49.875+0000] {taskinstance.py:1308} INFO - Starting attempt 1 of 1
[2024-02-10T10:00:49.931+0000] {taskinstance.py:1327} INFO - Executing <Task(PythonOperator): fetch_and_save_production_data> on 2024-02-10 10:00:45.603106+00:00
[2024-02-10T10:00:49.960+0000] {standard_task_runner.py:57} INFO - Started process 725 to run task
[2024-02-10T10:00:49.975+0000] {standard_task_runner.py:84} INFO - Running: ['***', 'tasks', 'run', 'get_production_data_and_transform', 'fetch_and_save_production_data', 'manual__2024-02-10T10:00:45.603106+00:00', '--job-id', '156', '--raw', '--subdir', 'DAGS_FOLDER/energy-prod-cons-dag/data_energy_dag.py', '--cfg-path', '/tmp/tmpjp5dqy72']
[2024-02-10T10:00:49.984+0000] {standard_task_runner.py:85} INFO - Job 156: Subtask fetch_and_save_production_data
[2024-02-10T10:00:50.623+0000] {task_command.py:410} INFO - Running <TaskInstance: get_production_data_and_transform.fetch_and_save_production_data manual__2024-02-10T10:00:45.603106+00:00 [running]> on host 952b3f8a1a94
[2024-02-10T10:00:51.170+0000] {taskinstance.py:1547} INFO - Exporting env vars: AIRFLOW_CTX_DAG_OWNER='***' AIRFLOW_CTX_DAG_ID='get_production_data_and_transform' AIRFLOW_CTX_TASK_ID='fetch_and_save_production_data' AIRFLOW_CTX_EXECUTION_DATE='2024-02-10T10:00:45.603106+00:00' AIRFLOW_CTX_TRY_NUMBER='1' AIRFLOW_CTX_DAG_RUN_ID='manual__2024-02-10T10:00:45.603106+00:00'
[2024-02-10T10:00:51.182+0000] {warnings.py:110} WARNING - /home/***/.local/lib/python3.7/site-packages/***/operators/python.py:198: FutureWarning: The error_bad_lines argument has been deprecated and will be removed in a future version.


  return self.python_callable(*self.op_args, **self.op_kwargs)

[2024-02-10T10:00:57.846+0000] {logging_mixin.py:149} INFO - ******* STARTING columns ******  : Index(['date', 'code_officiel_region', 'nom_officiel_region', 'igrm', 'geom',
       'centroid'],
      dtype='object')
[2024-02-10T10:00:57.851+0000] {logging_mixin.py:149} INFO - Strip leading and trailing whitespaces from column names
[2024-02-10T10:00:57.866+0000] {logging_mixin.py:149} INFO - ******* DISPLAY HEADER  ****** : 
[2024-02-10T10:00:57.898+0000] {logging_mixin.py:149} INFO - conso_energy_region Data has been loaded into CSV: /tmp/csv_prod_file/prod_gaz_region.csv
[2024-02-10T10:00:57.905+0000] {logging_mixin.py:149} INFO - conso_energy_dept Data has been loaded into CSV: /tmp/csv_prod_file/prod_gaz_dept.csv
[2024-02-10T10:00:57.910+0000] {python.py:183} INFO - Done. Returned value was: None
[2024-02-10T10:00:57.950+0000] {taskinstance.py:1350} INFO - Marking task as SUCCESS. dag_id=get_production_data_and_transform, task_id=fetch_and_save_production_data, execution_date=20240210T100045, start_date=20240210T100049, end_date=20240210T100057
[2024-02-10T10:00:58.074+0000] {local_task_job_runner.py:225} INFO - Task exited with return code 0
[2024-02-10T10:00:58.146+0000] {taskinstance.py:2651} INFO - 0 downstream tasks scheduled from follow-on schedule check
