[2024-02-13T13:14:57.968+0000] {taskinstance.py:1103} INFO - Dependencies all met for dep_context=non-requeueable deps ti=<TaskInstance: get_energy_data_and_transform.wait_for_conso_region_csv manual__2024-02-13T13:14:30.267283+00:00 [queued]>
[2024-02-13T13:14:57.997+0000] {taskinstance.py:1103} INFO - Dependencies all met for dep_context=requeueable deps ti=<TaskInstance: get_energy_data_and_transform.wait_for_conso_region_csv manual__2024-02-13T13:14:30.267283+00:00 [queued]>
[2024-02-13T13:14:58.000+0000] {taskinstance.py:1308} INFO - Starting attempt 1 of 1
[2024-02-13T13:14:58.044+0000] {taskinstance.py:1327} INFO - Executing <Task(PythonSensor): wait_for_conso_region_csv> on 2024-02-13 13:14:30.267283+00:00
[2024-02-13T13:14:58.061+0000] {standard_task_runner.py:57} INFO - Started process 3171 to run task
[2024-02-13T13:14:58.070+0000] {standard_task_runner.py:84} INFO - Running: ['***', 'tasks', 'run', 'get_energy_data_and_transform', 'wait_for_conso_region_csv', 'manual__2024-02-13T13:14:30.267283+00:00', '--job-id', '174', '--raw', '--subdir', 'DAGS_FOLDER/energy-prod-cons-dag/data_energy_dag.py', '--cfg-path', '/tmp/tmps03cda3u']
[2024-02-13T13:14:58.077+0000] {standard_task_runner.py:85} INFO - Job 174: Subtask wait_for_conso_region_csv
[2024-02-13T13:14:58.276+0000] {task_command.py:410} INFO - Running <TaskInstance: get_energy_data_and_transform.wait_for_conso_region_csv manual__2024-02-13T13:14:30.267283+00:00 [running]> on host 952b3f8a1a94
[2024-02-13T13:14:58.778+0000] {taskinstance.py:1547} INFO - Exporting env vars: AIRFLOW_CTX_DAG_OWNER='***' AIRFLOW_CTX_DAG_ID='get_energy_data_and_transform' AIRFLOW_CTX_TASK_ID='wait_for_conso_region_csv' AIRFLOW_CTX_EXECUTION_DATE='2024-02-13T13:14:30.267283+00:00' AIRFLOW_CTX_TRY_NUMBER='1' AIRFLOW_CTX_DAG_RUN_ID='manual__2024-02-13T13:14:30.267283+00:00'
[2024-02-13T13:14:58.861+0000] {python.py:72} INFO - Poking callable: <function _wait_for_csv at 0x7f5bd3255f80>
[2024-02-13T13:14:58.927+0000] {taskinstance.py:1784} INFO - Rescheduling task, marking task as UP_FOR_RESCHEDULE
[2024-02-13T13:14:58.962+0000] {local_task_job_runner.py:225} INFO - Task exited with return code 0
[2024-02-13T13:14:59.029+0000] {taskinstance.py:2651} INFO - 0 downstream tasks scheduled from follow-on schedule check
[2024-02-13T13:15:30.702+0000] {taskinstance.py:1103} INFO - Dependencies all met for dep_context=non-requeueable deps ti=<TaskInstance: get_energy_data_and_transform.wait_for_conso_region_csv manual__2024-02-13T13:14:30.267283+00:00 [queued]>
[2024-02-13T13:15:30.727+0000] {taskinstance.py:1103} INFO - Dependencies all met for dep_context=requeueable deps ti=<TaskInstance: get_energy_data_and_transform.wait_for_conso_region_csv manual__2024-02-13T13:14:30.267283+00:00 [queued]>
[2024-02-13T13:15:30.731+0000] {taskinstance.py:1308} INFO - Starting attempt 1 of 1
[2024-02-13T13:15:30.758+0000] {taskinstance.py:1327} INFO - Executing <Task(PythonSensor): wait_for_conso_region_csv> on 2024-02-13 13:14:30.267283+00:00
[2024-02-13T13:15:30.772+0000] {standard_task_runner.py:57} INFO - Started process 3193 to run task
[2024-02-13T13:15:30.783+0000] {standard_task_runner.py:84} INFO - Running: ['***', 'tasks', 'run', 'get_energy_data_and_transform', 'wait_for_conso_region_csv', 'manual__2024-02-13T13:14:30.267283+00:00', '--job-id', '175', '--raw', '--subdir', 'DAGS_FOLDER/energy-prod-cons-dag/data_energy_dag.py', '--cfg-path', '/tmp/tmps3hjw4ht']
[2024-02-13T13:15:30.789+0000] {standard_task_runner.py:85} INFO - Job 175: Subtask wait_for_conso_region_csv
[2024-02-13T13:15:30.878+0000] {task_command.py:410} INFO - Running <TaskInstance: get_energy_data_and_transform.wait_for_conso_region_csv manual__2024-02-13T13:14:30.267283+00:00 [running]> on host 952b3f8a1a94
[2024-02-13T13:15:31.048+0000] {taskinstance.py:1547} INFO - Exporting env vars: AIRFLOW_CTX_DAG_OWNER='***' AIRFLOW_CTX_DAG_ID='get_energy_data_and_transform' AIRFLOW_CTX_TASK_ID='wait_for_conso_region_csv' AIRFLOW_CTX_EXECUTION_DATE='2024-02-13T13:14:30.267283+00:00' AIRFLOW_CTX_TRY_NUMBER='1' AIRFLOW_CTX_DAG_RUN_ID='manual__2024-02-13T13:14:30.267283+00:00'
[2024-02-13T13:15:31.085+0000] {python.py:72} INFO - Poking callable: <function _wait_for_csv at 0x7f5bd3255f80>
[2024-02-13T13:15:31.148+0000] {taskinstance.py:1784} INFO - Rescheduling task, marking task as UP_FOR_RESCHEDULE
[2024-02-13T13:15:31.212+0000] {local_task_job_runner.py:225} INFO - Task exited with return code 0
[2024-02-13T13:15:31.292+0000] {taskinstance.py:2651} INFO - 0 downstream tasks scheduled from follow-on schedule check
[2024-02-13T13:16:03.724+0000] {taskinstance.py:1103} INFO - Dependencies all met for dep_context=non-requeueable deps ti=<TaskInstance: get_energy_data_and_transform.wait_for_conso_region_csv manual__2024-02-13T13:14:30.267283+00:00 [queued]>
[2024-02-13T13:16:03.753+0000] {taskinstance.py:1103} INFO - Dependencies all met for dep_context=requeueable deps ti=<TaskInstance: get_energy_data_and_transform.wait_for_conso_region_csv manual__2024-02-13T13:14:30.267283+00:00 [queued]>
[2024-02-13T13:16:03.755+0000] {taskinstance.py:1308} INFO - Starting attempt 1 of 1
[2024-02-13T13:16:03.788+0000] {taskinstance.py:1327} INFO - Executing <Task(PythonSensor): wait_for_conso_region_csv> on 2024-02-13 13:14:30.267283+00:00
[2024-02-13T13:16:03.802+0000] {standard_task_runner.py:57} INFO - Started process 3205 to run task
[2024-02-13T13:16:03.818+0000] {standard_task_runner.py:84} INFO - Running: ['***', 'tasks', 'run', 'get_energy_data_and_transform', 'wait_for_conso_region_csv', 'manual__2024-02-13T13:14:30.267283+00:00', '--job-id', '176', '--raw', '--subdir', 'DAGS_FOLDER/energy-prod-cons-dag/data_energy_dag.py', '--cfg-path', '/tmp/tmprn_xvgg9']
[2024-02-13T13:16:03.826+0000] {standard_task_runner.py:85} INFO - Job 176: Subtask wait_for_conso_region_csv
[2024-02-13T13:16:03.923+0000] {task_command.py:410} INFO - Running <TaskInstance: get_energy_data_and_transform.wait_for_conso_region_csv manual__2024-02-13T13:14:30.267283+00:00 [running]> on host 952b3f8a1a94
[2024-02-13T13:16:04.083+0000] {taskinstance.py:1547} INFO - Exporting env vars: AIRFLOW_CTX_DAG_OWNER='***' AIRFLOW_CTX_DAG_ID='get_energy_data_and_transform' AIRFLOW_CTX_TASK_ID='wait_for_conso_region_csv' AIRFLOW_CTX_EXECUTION_DATE='2024-02-13T13:14:30.267283+00:00' AIRFLOW_CTX_TRY_NUMBER='1' AIRFLOW_CTX_DAG_RUN_ID='manual__2024-02-13T13:14:30.267283+00:00'
[2024-02-13T13:16:04.101+0000] {python.py:72} INFO - Poking callable: <function _wait_for_csv at 0x7f5bd3255f80>
[2024-02-13T13:16:04.137+0000] {taskinstance.py:1784} INFO - Rescheduling task, marking task as UP_FOR_RESCHEDULE
[2024-02-13T13:16:04.192+0000] {local_task_job_runner.py:225} INFO - Task exited with return code 0
[2024-02-13T13:16:04.250+0000] {taskinstance.py:2651} INFO - 0 downstream tasks scheduled from follow-on schedule check
[2024-02-13T13:16:39.259+0000] {taskinstance.py:1103} INFO - Dependencies all met for dep_context=non-requeueable deps ti=<TaskInstance: get_energy_data_and_transform.wait_for_conso_region_csv manual__2024-02-13T13:14:30.267283+00:00 [queued]>
[2024-02-13T13:16:39.497+0000] {taskinstance.py:1103} INFO - Dependencies all met for dep_context=requeueable deps ti=<TaskInstance: get_energy_data_and_transform.wait_for_conso_region_csv manual__2024-02-13T13:14:30.267283+00:00 [queued]>
[2024-02-13T13:16:39.500+0000] {taskinstance.py:1308} INFO - Starting attempt 1 of 1
[2024-02-13T13:16:39.625+0000] {taskinstance.py:1327} INFO - Executing <Task(PythonSensor): wait_for_conso_region_csv> on 2024-02-13 13:14:30.267283+00:00
[2024-02-13T13:16:40.075+0000] {standard_task_runner.py:57} INFO - Started process 3218 to run task
[2024-02-13T13:16:40.138+0000] {standard_task_runner.py:84} INFO - Running: ['***', 'tasks', 'run', 'get_energy_data_and_transform', 'wait_for_conso_region_csv', 'manual__2024-02-13T13:14:30.267283+00:00', '--job-id', '177', '--raw', '--subdir', 'DAGS_FOLDER/energy-prod-cons-dag/data_energy_dag.py', '--cfg-path', '/tmp/tmpru2m552b']
[2024-02-13T13:16:40.272+0000] {standard_task_runner.py:85} INFO - Job 177: Subtask wait_for_conso_region_csv
[2024-02-13T13:16:40.788+0000] {task_command.py:410} INFO - Running <TaskInstance: get_energy_data_and_transform.wait_for_conso_region_csv manual__2024-02-13T13:14:30.267283+00:00 [running]> on host 952b3f8a1a94
[2024-02-13T13:16:40.955+0000] {taskinstance.py:1547} INFO - Exporting env vars: AIRFLOW_CTX_DAG_OWNER='***' AIRFLOW_CTX_DAG_ID='get_energy_data_and_transform' AIRFLOW_CTX_TASK_ID='wait_for_conso_region_csv' AIRFLOW_CTX_EXECUTION_DATE='2024-02-13T13:14:30.267283+00:00' AIRFLOW_CTX_TRY_NUMBER='1' AIRFLOW_CTX_DAG_RUN_ID='manual__2024-02-13T13:14:30.267283+00:00'
[2024-02-13T13:16:40.979+0000] {python.py:72} INFO - Poking callable: <function _wait_for_csv at 0x7f5bd3255f80>
[2024-02-13T13:16:41.042+0000] {taskinstance.py:1784} INFO - Rescheduling task, marking task as UP_FOR_RESCHEDULE
[2024-02-13T13:16:41.109+0000] {local_task_job_runner.py:225} INFO - Task exited with return code 0
[2024-02-13T13:16:41.258+0000] {taskinstance.py:2651} INFO - 0 downstream tasks scheduled from follow-on schedule check
[2024-02-13T13:17:13.181+0000] {taskinstance.py:1103} INFO - Dependencies all met for dep_context=non-requeueable deps ti=<TaskInstance: get_energy_data_and_transform.wait_for_conso_region_csv manual__2024-02-13T13:14:30.267283+00:00 [queued]>
[2024-02-13T13:17:13.200+0000] {taskinstance.py:1103} INFO - Dependencies all met for dep_context=requeueable deps ti=<TaskInstance: get_energy_data_and_transform.wait_for_conso_region_csv manual__2024-02-13T13:14:30.267283+00:00 [queued]>
[2024-02-13T13:17:13.202+0000] {taskinstance.py:1308} INFO - Starting attempt 1 of 1
[2024-02-13T13:17:13.228+0000] {taskinstance.py:1327} INFO - Executing <Task(PythonSensor): wait_for_conso_region_csv> on 2024-02-13 13:14:30.267283+00:00
[2024-02-13T13:17:13.239+0000] {standard_task_runner.py:57} INFO - Started process 3230 to run task
[2024-02-13T13:17:13.247+0000] {standard_task_runner.py:84} INFO - Running: ['***', 'tasks', 'run', 'get_energy_data_and_transform', 'wait_for_conso_region_csv', 'manual__2024-02-13T13:14:30.267283+00:00', '--job-id', '178', '--raw', '--subdir', 'DAGS_FOLDER/energy-prod-cons-dag/data_energy_dag.py', '--cfg-path', '/tmp/tmpafbf34pc']
[2024-02-13T13:17:13.254+0000] {standard_task_runner.py:85} INFO - Job 178: Subtask wait_for_conso_region_csv
[2024-02-13T13:17:13.360+0000] {task_command.py:410} INFO - Running <TaskInstance: get_energy_data_and_transform.wait_for_conso_region_csv manual__2024-02-13T13:14:30.267283+00:00 [running]> on host 952b3f8a1a94
[2024-02-13T13:17:13.605+0000] {taskinstance.py:1547} INFO - Exporting env vars: AIRFLOW_CTX_DAG_OWNER='***' AIRFLOW_CTX_DAG_ID='get_energy_data_and_transform' AIRFLOW_CTX_TASK_ID='wait_for_conso_region_csv' AIRFLOW_CTX_EXECUTION_DATE='2024-02-13T13:14:30.267283+00:00' AIRFLOW_CTX_TRY_NUMBER='1' AIRFLOW_CTX_DAG_RUN_ID='manual__2024-02-13T13:14:30.267283+00:00'
[2024-02-13T13:17:13.667+0000] {python.py:72} INFO - Poking callable: <function _wait_for_csv at 0x7f5bd3255f80>
[2024-02-13T13:17:13.827+0000] {taskinstance.py:1784} INFO - Rescheduling task, marking task as UP_FOR_RESCHEDULE
[2024-02-13T13:17:13.867+0000] {local_task_job_runner.py:225} INFO - Task exited with return code 0
[2024-02-13T13:17:14.047+0000] {taskinstance.py:2651} INFO - 0 downstream tasks scheduled from follow-on schedule check
[2024-02-13T13:17:45.943+0000] {taskinstance.py:1103} INFO - Dependencies all met for dep_context=non-requeueable deps ti=<TaskInstance: get_energy_data_and_transform.wait_for_conso_region_csv manual__2024-02-13T13:14:30.267283+00:00 [queued]>
[2024-02-13T13:17:45.962+0000] {taskinstance.py:1103} INFO - Dependencies all met for dep_context=requeueable deps ti=<TaskInstance: get_energy_data_and_transform.wait_for_conso_region_csv manual__2024-02-13T13:14:30.267283+00:00 [queued]>
[2024-02-13T13:17:45.964+0000] {taskinstance.py:1308} INFO - Starting attempt 1 of 1
[2024-02-13T13:17:45.993+0000] {taskinstance.py:1327} INFO - Executing <Task(PythonSensor): wait_for_conso_region_csv> on 2024-02-13 13:14:30.267283+00:00
[2024-02-13T13:17:46.006+0000] {standard_task_runner.py:57} INFO - Started process 3242 to run task
[2024-02-13T13:17:46.016+0000] {standard_task_runner.py:84} INFO - Running: ['***', 'tasks', 'run', 'get_energy_data_and_transform', 'wait_for_conso_region_csv', 'manual__2024-02-13T13:14:30.267283+00:00', '--job-id', '179', '--raw', '--subdir', 'DAGS_FOLDER/energy-prod-cons-dag/data_energy_dag.py', '--cfg-path', '/tmp/tmp0ncuh6q7']
[2024-02-13T13:17:46.035+0000] {standard_task_runner.py:85} INFO - Job 179: Subtask wait_for_conso_region_csv
[2024-02-13T13:17:46.147+0000] {task_command.py:410} INFO - Running <TaskInstance: get_energy_data_and_transform.wait_for_conso_region_csv manual__2024-02-13T13:14:30.267283+00:00 [running]> on host 952b3f8a1a94
[2024-02-13T13:17:46.313+0000] {taskinstance.py:1547} INFO - Exporting env vars: AIRFLOW_CTX_DAG_OWNER='***' AIRFLOW_CTX_DAG_ID='get_energy_data_and_transform' AIRFLOW_CTX_TASK_ID='wait_for_conso_region_csv' AIRFLOW_CTX_EXECUTION_DATE='2024-02-13T13:14:30.267283+00:00' AIRFLOW_CTX_TRY_NUMBER='1' AIRFLOW_CTX_DAG_RUN_ID='manual__2024-02-13T13:14:30.267283+00:00'
[2024-02-13T13:17:46.336+0000] {python.py:72} INFO - Poking callable: <function _wait_for_csv at 0x7f5bd3255f80>
[2024-02-13T13:17:46.365+0000] {taskinstance.py:1784} INFO - Rescheduling task, marking task as UP_FOR_RESCHEDULE
[2024-02-13T13:17:46.394+0000] {local_task_job_runner.py:225} INFO - Task exited with return code 0
[2024-02-13T13:17:46.446+0000] {taskinstance.py:2651} INFO - 0 downstream tasks scheduled from follow-on schedule check
[2024-02-13T13:18:19.756+0000] {taskinstance.py:1103} INFO - Dependencies all met for dep_context=non-requeueable deps ti=<TaskInstance: get_energy_data_and_transform.wait_for_conso_region_csv manual__2024-02-13T13:14:30.267283+00:00 [queued]>
[2024-02-13T13:18:19.906+0000] {taskinstance.py:1103} INFO - Dependencies all met for dep_context=requeueable deps ti=<TaskInstance: get_energy_data_and_transform.wait_for_conso_region_csv manual__2024-02-13T13:14:30.267283+00:00 [queued]>
[2024-02-13T13:18:19.912+0000] {taskinstance.py:1308} INFO - Starting attempt 1 of 1
[2024-02-13T13:18:20.004+0000] {taskinstance.py:1327} INFO - Executing <Task(PythonSensor): wait_for_conso_region_csv> on 2024-02-13 13:14:30.267283+00:00
[2024-02-13T13:18:20.018+0000] {standard_task_runner.py:57} INFO - Started process 3254 to run task
[2024-02-13T13:18:20.038+0000] {standard_task_runner.py:84} INFO - Running: ['***', 'tasks', 'run', 'get_energy_data_and_transform', 'wait_for_conso_region_csv', 'manual__2024-02-13T13:14:30.267283+00:00', '--job-id', '180', '--raw', '--subdir', 'DAGS_FOLDER/energy-prod-cons-dag/data_energy_dag.py', '--cfg-path', '/tmp/tmpibi5w6b6']
[2024-02-13T13:18:20.046+0000] {standard_task_runner.py:85} INFO - Job 180: Subtask wait_for_conso_region_csv
[2024-02-13T13:18:20.215+0000] {task_command.py:410} INFO - Running <TaskInstance: get_energy_data_and_transform.wait_for_conso_region_csv manual__2024-02-13T13:14:30.267283+00:00 [running]> on host 952b3f8a1a94
[2024-02-13T13:18:20.413+0000] {taskinstance.py:1547} INFO - Exporting env vars: AIRFLOW_CTX_DAG_OWNER='***' AIRFLOW_CTX_DAG_ID='get_energy_data_and_transform' AIRFLOW_CTX_TASK_ID='wait_for_conso_region_csv' AIRFLOW_CTX_EXECUTION_DATE='2024-02-13T13:14:30.267283+00:00' AIRFLOW_CTX_TRY_NUMBER='1' AIRFLOW_CTX_DAG_RUN_ID='manual__2024-02-13T13:14:30.267283+00:00'
[2024-02-13T13:18:20.450+0000] {python.py:72} INFO - Poking callable: <function _wait_for_csv at 0x7f5bd3255f80>
[2024-02-13T13:18:20.511+0000] {taskinstance.py:1784} INFO - Rescheduling task, marking task as UP_FOR_RESCHEDULE
[2024-02-13T13:18:20.558+0000] {local_task_job_runner.py:225} INFO - Task exited with return code 0
[2024-02-13T13:18:20.655+0000] {taskinstance.py:2651} INFO - 0 downstream tasks scheduled from follow-on schedule check
[2024-02-13T13:18:52.545+0000] {taskinstance.py:1103} INFO - Dependencies all met for dep_context=non-requeueable deps ti=<TaskInstance: get_energy_data_and_transform.wait_for_conso_region_csv manual__2024-02-13T13:14:30.267283+00:00 [queued]>
[2024-02-13T13:18:52.581+0000] {taskinstance.py:1103} INFO - Dependencies all met for dep_context=requeueable deps ti=<TaskInstance: get_energy_data_and_transform.wait_for_conso_region_csv manual__2024-02-13T13:14:30.267283+00:00 [queued]>
[2024-02-13T13:18:52.586+0000] {taskinstance.py:1308} INFO - Starting attempt 1 of 1
[2024-02-13T13:18:52.618+0000] {taskinstance.py:1327} INFO - Executing <Task(PythonSensor): wait_for_conso_region_csv> on 2024-02-13 13:14:30.267283+00:00
[2024-02-13T13:18:52.632+0000] {standard_task_runner.py:57} INFO - Started process 3266 to run task
[2024-02-13T13:18:52.642+0000] {standard_task_runner.py:84} INFO - Running: ['***', 'tasks', 'run', 'get_energy_data_and_transform', 'wait_for_conso_region_csv', 'manual__2024-02-13T13:14:30.267283+00:00', '--job-id', '181', '--raw', '--subdir', 'DAGS_FOLDER/energy-prod-cons-dag/data_energy_dag.py', '--cfg-path', '/tmp/tmpmpnxp37e']
[2024-02-13T13:18:52.647+0000] {standard_task_runner.py:85} INFO - Job 181: Subtask wait_for_conso_region_csv
[2024-02-13T13:18:52.740+0000] {task_command.py:410} INFO - Running <TaskInstance: get_energy_data_and_transform.wait_for_conso_region_csv manual__2024-02-13T13:14:30.267283+00:00 [running]> on host 952b3f8a1a94
[2024-02-13T13:18:52.975+0000] {taskinstance.py:1547} INFO - Exporting env vars: AIRFLOW_CTX_DAG_OWNER='***' AIRFLOW_CTX_DAG_ID='get_energy_data_and_transform' AIRFLOW_CTX_TASK_ID='wait_for_conso_region_csv' AIRFLOW_CTX_EXECUTION_DATE='2024-02-13T13:14:30.267283+00:00' AIRFLOW_CTX_TRY_NUMBER='1' AIRFLOW_CTX_DAG_RUN_ID='manual__2024-02-13T13:14:30.267283+00:00'
[2024-02-13T13:18:53.000+0000] {python.py:72} INFO - Poking callable: <function _wait_for_csv at 0x7f5bd3255f80>
[2024-02-13T13:18:53.042+0000] {taskinstance.py:1784} INFO - Rescheduling task, marking task as UP_FOR_RESCHEDULE
[2024-02-13T13:18:53.132+0000] {local_task_job_runner.py:225} INFO - Task exited with return code 0
[2024-02-13T13:18:53.233+0000] {taskinstance.py:2651} INFO - 0 downstream tasks scheduled from follow-on schedule check
[2024-02-13T13:19:24.501+0000] {taskinstance.py:1103} INFO - Dependencies all met for dep_context=non-requeueable deps ti=<TaskInstance: get_energy_data_and_transform.wait_for_conso_region_csv manual__2024-02-13T13:14:30.267283+00:00 [queued]>
[2024-02-13T13:19:24.518+0000] {taskinstance.py:1103} INFO - Dependencies all met for dep_context=requeueable deps ti=<TaskInstance: get_energy_data_and_transform.wait_for_conso_region_csv manual__2024-02-13T13:14:30.267283+00:00 [queued]>
[2024-02-13T13:19:24.520+0000] {taskinstance.py:1308} INFO - Starting attempt 1 of 1
[2024-02-13T13:19:24.544+0000] {taskinstance.py:1327} INFO - Executing <Task(PythonSensor): wait_for_conso_region_csv> on 2024-02-13 13:14:30.267283+00:00
[2024-02-13T13:19:24.555+0000] {standard_task_runner.py:57} INFO - Started process 3278 to run task
[2024-02-13T13:19:24.564+0000] {standard_task_runner.py:84} INFO - Running: ['***', 'tasks', 'run', 'get_energy_data_and_transform', 'wait_for_conso_region_csv', 'manual__2024-02-13T13:14:30.267283+00:00', '--job-id', '182', '--raw', '--subdir', 'DAGS_FOLDER/energy-prod-cons-dag/data_energy_dag.py', '--cfg-path', '/tmp/tmp9b5oqhe_']
[2024-02-13T13:19:24.572+0000] {standard_task_runner.py:85} INFO - Job 182: Subtask wait_for_conso_region_csv
[2024-02-13T13:19:24.674+0000] {task_command.py:410} INFO - Running <TaskInstance: get_energy_data_and_transform.wait_for_conso_region_csv manual__2024-02-13T13:14:30.267283+00:00 [running]> on host 952b3f8a1a94
[2024-02-13T13:19:24.837+0000] {taskinstance.py:1547} INFO - Exporting env vars: AIRFLOW_CTX_DAG_OWNER='***' AIRFLOW_CTX_DAG_ID='get_energy_data_and_transform' AIRFLOW_CTX_TASK_ID='wait_for_conso_region_csv' AIRFLOW_CTX_EXECUTION_DATE='2024-02-13T13:14:30.267283+00:00' AIRFLOW_CTX_TRY_NUMBER='1' AIRFLOW_CTX_DAG_RUN_ID='manual__2024-02-13T13:14:30.267283+00:00'
[2024-02-13T13:19:24.858+0000] {python.py:72} INFO - Poking callable: <function _wait_for_csv at 0x7f5bd3255f80>
[2024-02-13T13:19:24.897+0000] {taskinstance.py:1784} INFO - Rescheduling task, marking task as UP_FOR_RESCHEDULE
[2024-02-13T13:19:24.946+0000] {local_task_job_runner.py:225} INFO - Task exited with return code 0
[2024-02-13T13:19:25.064+0000] {taskinstance.py:2651} INFO - 0 downstream tasks scheduled from follow-on schedule check
[2024-02-13T13:20:01.268+0000] {taskinstance.py:1103} INFO - Dependencies all met for dep_context=non-requeueable deps ti=<TaskInstance: get_energy_data_and_transform.wait_for_conso_region_csv manual__2024-02-13T13:14:30.267283+00:00 [queued]>
[2024-02-13T13:20:01.309+0000] {taskinstance.py:1103} INFO - Dependencies all met for dep_context=requeueable deps ti=<TaskInstance: get_energy_data_and_transform.wait_for_conso_region_csv manual__2024-02-13T13:14:30.267283+00:00 [queued]>
[2024-02-13T13:20:01.312+0000] {taskinstance.py:1308} INFO - Starting attempt 1 of 1
[2024-02-13T13:20:01.357+0000] {taskinstance.py:1327} INFO - Executing <Task(PythonSensor): wait_for_conso_region_csv> on 2024-02-13 13:14:30.267283+00:00
[2024-02-13T13:20:01.438+0000] {standard_task_runner.py:57} INFO - Started process 3290 to run task
[2024-02-13T13:20:01.476+0000] {standard_task_runner.py:84} INFO - Running: ['***', 'tasks', 'run', 'get_energy_data_and_transform', 'wait_for_conso_region_csv', 'manual__2024-02-13T13:14:30.267283+00:00', '--job-id', '183', '--raw', '--subdir', 'DAGS_FOLDER/energy-prod-cons-dag/data_energy_dag.py', '--cfg-path', '/tmp/tmpfmsmtd2w']
[2024-02-13T13:20:01.510+0000] {standard_task_runner.py:85} INFO - Job 183: Subtask wait_for_conso_region_csv
[2024-02-13T13:20:02.015+0000] {task_command.py:410} INFO - Running <TaskInstance: get_energy_data_and_transform.wait_for_conso_region_csv manual__2024-02-13T13:14:30.267283+00:00 [running]> on host 952b3f8a1a94
[2024-02-13T13:20:03.037+0000] {taskinstance.py:1547} INFO - Exporting env vars: AIRFLOW_CTX_DAG_OWNER='***' AIRFLOW_CTX_DAG_ID='get_energy_data_and_transform' AIRFLOW_CTX_TASK_ID='wait_for_conso_region_csv' AIRFLOW_CTX_EXECUTION_DATE='2024-02-13T13:14:30.267283+00:00' AIRFLOW_CTX_TRY_NUMBER='1' AIRFLOW_CTX_DAG_RUN_ID='manual__2024-02-13T13:14:30.267283+00:00'
[2024-02-13T13:20:03.087+0000] {python.py:72} INFO - Poking callable: <function _wait_for_csv at 0x7f5bd3255f80>
[2024-02-13T13:20:03.332+0000] {taskinstance.py:1784} INFO - Rescheduling task, marking task as UP_FOR_RESCHEDULE
[2024-02-13T13:20:03.419+0000] {local_task_job_runner.py:225} INFO - Task exited with return code 0
[2024-02-13T13:20:03.559+0000] {taskinstance.py:2651} INFO - 0 downstream tasks scheduled from follow-on schedule check
[2024-02-13T13:20:37.694+0000] {taskinstance.py:1103} INFO - Dependencies all met for dep_context=non-requeueable deps ti=<TaskInstance: get_energy_data_and_transform.wait_for_conso_region_csv manual__2024-02-13T13:14:30.267283+00:00 [queued]>
[2024-02-13T13:20:37.718+0000] {taskinstance.py:1103} INFO - Dependencies all met for dep_context=requeueable deps ti=<TaskInstance: get_energy_data_and_transform.wait_for_conso_region_csv manual__2024-02-13T13:14:30.267283+00:00 [queued]>
[2024-02-13T13:20:37.735+0000] {taskinstance.py:1308} INFO - Starting attempt 1 of 1
[2024-02-13T13:20:37.788+0000] {taskinstance.py:1327} INFO - Executing <Task(PythonSensor): wait_for_conso_region_csv> on 2024-02-13 13:14:30.267283+00:00
[2024-02-13T13:20:37.806+0000] {standard_task_runner.py:57} INFO - Started process 3303 to run task
[2024-02-13T13:20:37.835+0000] {standard_task_runner.py:84} INFO - Running: ['***', 'tasks', 'run', 'get_energy_data_and_transform', 'wait_for_conso_region_csv', 'manual__2024-02-13T13:14:30.267283+00:00', '--job-id', '184', '--raw', '--subdir', 'DAGS_FOLDER/energy-prod-cons-dag/data_energy_dag.py', '--cfg-path', '/tmp/tmph9fg6squ']
[2024-02-13T13:20:37.843+0000] {standard_task_runner.py:85} INFO - Job 184: Subtask wait_for_conso_region_csv
[2024-02-13T13:20:38.092+0000] {task_command.py:410} INFO - Running <TaskInstance: get_energy_data_and_transform.wait_for_conso_region_csv manual__2024-02-13T13:14:30.267283+00:00 [running]> on host 952b3f8a1a94
[2024-02-13T13:20:38.401+0000] {taskinstance.py:1547} INFO - Exporting env vars: AIRFLOW_CTX_DAG_OWNER='***' AIRFLOW_CTX_DAG_ID='get_energy_data_and_transform' AIRFLOW_CTX_TASK_ID='wait_for_conso_region_csv' AIRFLOW_CTX_EXECUTION_DATE='2024-02-13T13:14:30.267283+00:00' AIRFLOW_CTX_TRY_NUMBER='1' AIRFLOW_CTX_DAG_RUN_ID='manual__2024-02-13T13:14:30.267283+00:00'
[2024-02-13T13:20:38.448+0000] {python.py:72} INFO - Poking callable: <function _wait_for_csv at 0x7f5bd3255f80>
[2024-02-13T13:20:38.724+0000] {taskinstance.py:1784} INFO - Rescheduling task, marking task as UP_FOR_RESCHEDULE
[2024-02-13T13:20:38.832+0000] {local_task_job_runner.py:225} INFO - Task exited with return code 0
[2024-02-13T13:20:38.946+0000] {taskinstance.py:2651} INFO - 0 downstream tasks scheduled from follow-on schedule check
[2024-02-13T13:21:15.153+0000] {taskinstance.py:1103} INFO - Dependencies all met for dep_context=non-requeueable deps ti=<TaskInstance: get_energy_data_and_transform.wait_for_conso_region_csv manual__2024-02-13T13:14:30.267283+00:00 [queued]>
[2024-02-13T13:21:15.190+0000] {taskinstance.py:1103} INFO - Dependencies all met for dep_context=requeueable deps ti=<TaskInstance: get_energy_data_and_transform.wait_for_conso_region_csv manual__2024-02-13T13:14:30.267283+00:00 [queued]>
[2024-02-13T13:21:15.194+0000] {taskinstance.py:1308} INFO - Starting attempt 1 of 1
[2024-02-13T13:21:15.261+0000] {taskinstance.py:1327} INFO - Executing <Task(PythonSensor): wait_for_conso_region_csv> on 2024-02-13 13:14:30.267283+00:00
[2024-02-13T13:21:15.284+0000] {standard_task_runner.py:57} INFO - Started process 3315 to run task
[2024-02-13T13:21:15.310+0000] {standard_task_runner.py:84} INFO - Running: ['***', 'tasks', 'run', 'get_energy_data_and_transform', 'wait_for_conso_region_csv', 'manual__2024-02-13T13:14:30.267283+00:00', '--job-id', '185', '--raw', '--subdir', 'DAGS_FOLDER/energy-prod-cons-dag/data_energy_dag.py', '--cfg-path', '/tmp/tmp540eun8m']
[2024-02-13T13:21:15.349+0000] {standard_task_runner.py:85} INFO - Job 185: Subtask wait_for_conso_region_csv
[2024-02-13T13:21:15.531+0000] {task_command.py:410} INFO - Running <TaskInstance: get_energy_data_and_transform.wait_for_conso_region_csv manual__2024-02-13T13:14:30.267283+00:00 [running]> on host 952b3f8a1a94
[2024-02-13T13:21:15.738+0000] {taskinstance.py:1547} INFO - Exporting env vars: AIRFLOW_CTX_DAG_OWNER='***' AIRFLOW_CTX_DAG_ID='get_energy_data_and_transform' AIRFLOW_CTX_TASK_ID='wait_for_conso_region_csv' AIRFLOW_CTX_EXECUTION_DATE='2024-02-13T13:14:30.267283+00:00' AIRFLOW_CTX_TRY_NUMBER='1' AIRFLOW_CTX_DAG_RUN_ID='manual__2024-02-13T13:14:30.267283+00:00'
[2024-02-13T13:21:15.763+0000] {python.py:72} INFO - Poking callable: <function _wait_for_csv at 0x7f5bd3255f80>
[2024-02-13T13:21:15.811+0000] {taskinstance.py:1784} INFO - Rescheduling task, marking task as UP_FOR_RESCHEDULE
[2024-02-13T13:21:15.864+0000] {local_task_job_runner.py:225} INFO - Task exited with return code 0
[2024-02-13T13:21:15.955+0000] {taskinstance.py:2651} INFO - 0 downstream tasks scheduled from follow-on schedule check
[2024-02-13T13:21:48.038+0000] {taskinstance.py:1103} INFO - Dependencies all met for dep_context=non-requeueable deps ti=<TaskInstance: get_energy_data_and_transform.wait_for_conso_region_csv manual__2024-02-13T13:14:30.267283+00:00 [queued]>
[2024-02-13T13:21:48.065+0000] {taskinstance.py:1103} INFO - Dependencies all met for dep_context=requeueable deps ti=<TaskInstance: get_energy_data_and_transform.wait_for_conso_region_csv manual__2024-02-13T13:14:30.267283+00:00 [queued]>
[2024-02-13T13:21:48.068+0000] {taskinstance.py:1308} INFO - Starting attempt 1 of 1
[2024-02-13T13:21:48.116+0000] {taskinstance.py:1327} INFO - Executing <Task(PythonSensor): wait_for_conso_region_csv> on 2024-02-13 13:14:30.267283+00:00
[2024-02-13T13:21:48.129+0000] {standard_task_runner.py:57} INFO - Started process 3330 to run task
[2024-02-13T13:21:48.145+0000] {standard_task_runner.py:84} INFO - Running: ['***', 'tasks', 'run', 'get_energy_data_and_transform', 'wait_for_conso_region_csv', 'manual__2024-02-13T13:14:30.267283+00:00', '--job-id', '187', '--raw', '--subdir', 'DAGS_FOLDER/energy-prod-cons-dag/data_energy_dag.py', '--cfg-path', '/tmp/tmpxdw1aekl']
[2024-02-13T13:21:48.150+0000] {standard_task_runner.py:85} INFO - Job 187: Subtask wait_for_conso_region_csv
[2024-02-13T13:21:48.265+0000] {task_command.py:410} INFO - Running <TaskInstance: get_energy_data_and_transform.wait_for_conso_region_csv manual__2024-02-13T13:14:30.267283+00:00 [running]> on host 952b3f8a1a94
[2024-02-13T13:21:48.424+0000] {taskinstance.py:1547} INFO - Exporting env vars: AIRFLOW_CTX_DAG_OWNER='***' AIRFLOW_CTX_DAG_ID='get_energy_data_and_transform' AIRFLOW_CTX_TASK_ID='wait_for_conso_region_csv' AIRFLOW_CTX_EXECUTION_DATE='2024-02-13T13:14:30.267283+00:00' AIRFLOW_CTX_TRY_NUMBER='1' AIRFLOW_CTX_DAG_RUN_ID='manual__2024-02-13T13:14:30.267283+00:00'
[2024-02-13T13:21:48.444+0000] {python.py:72} INFO - Poking callable: <function _wait_for_csv at 0x7f5bd3259170>
[2024-02-13T13:21:48.481+0000] {taskinstance.py:1784} INFO - Rescheduling task, marking task as UP_FOR_RESCHEDULE
[2024-02-13T13:21:48.528+0000] {local_task_job_runner.py:225} INFO - Task exited with return code 0
[2024-02-13T13:21:48.676+0000] {taskinstance.py:2651} INFO - 0 downstream tasks scheduled from follow-on schedule check
[2024-02-13T13:22:21.832+0000] {taskinstance.py:1103} INFO - Dependencies all met for dep_context=non-requeueable deps ti=<TaskInstance: get_energy_data_and_transform.wait_for_conso_region_csv manual__2024-02-13T13:14:30.267283+00:00 [queued]>
[2024-02-13T13:22:21.875+0000] {taskinstance.py:1103} INFO - Dependencies all met for dep_context=requeueable deps ti=<TaskInstance: get_energy_data_and_transform.wait_for_conso_region_csv manual__2024-02-13T13:14:30.267283+00:00 [queued]>
[2024-02-13T13:22:21.877+0000] {taskinstance.py:1308} INFO - Starting attempt 1 of 1
[2024-02-13T13:22:21.915+0000] {taskinstance.py:1327} INFO - Executing <Task(PythonSensor): wait_for_conso_region_csv> on 2024-02-13 13:14:30.267283+00:00
[2024-02-13T13:22:21.931+0000] {standard_task_runner.py:57} INFO - Started process 3360 to run task
[2024-02-13T13:22:21.945+0000] {standard_task_runner.py:84} INFO - Running: ['***', 'tasks', 'run', 'get_energy_data_and_transform', 'wait_for_conso_region_csv', 'manual__2024-02-13T13:14:30.267283+00:00', '--job-id', '194', '--raw', '--subdir', 'DAGS_FOLDER/energy-prod-cons-dag/data_energy_dag.py', '--cfg-path', '/tmp/tmpfmfofae2']
[2024-02-13T13:22:21.953+0000] {standard_task_runner.py:85} INFO - Job 194: Subtask wait_for_conso_region_csv
[2024-02-13T13:22:22.044+0000] {task_command.py:410} INFO - Running <TaskInstance: get_energy_data_and_transform.wait_for_conso_region_csv manual__2024-02-13T13:14:30.267283+00:00 [running]> on host 952b3f8a1a94
[2024-02-13T13:22:22.210+0000] {taskinstance.py:1547} INFO - Exporting env vars: AIRFLOW_CTX_DAG_OWNER='***' AIRFLOW_CTX_DAG_ID='get_energy_data_and_transform' AIRFLOW_CTX_TASK_ID='wait_for_conso_region_csv' AIRFLOW_CTX_EXECUTION_DATE='2024-02-13T13:14:30.267283+00:00' AIRFLOW_CTX_TRY_NUMBER='1' AIRFLOW_CTX_DAG_RUN_ID='manual__2024-02-13T13:14:30.267283+00:00'
[2024-02-13T13:22:22.230+0000] {python.py:72} INFO - Poking callable: <function _wait_for_csv at 0x7f5bd3255f80>
[2024-02-13T13:22:22.233+0000] {base.py:255} INFO - Success criteria met. Exiting.
[2024-02-13T13:22:22.252+0000] {taskinstance.py:1350} INFO - Marking task as SUCCESS. dag_id=get_energy_data_and_transform, task_id=wait_for_conso_region_csv, execution_date=20240213T131430, start_date=20240213T132221, end_date=20240213T132222
[2024-02-13T13:22:22.294+0000] {local_task_job_runner.py:225} INFO - Task exited with return code 0
[2024-02-13T13:22:22.377+0000] {taskinstance.py:2651} INFO - 1 downstream tasks scheduled from follow-on schedule check
