[2024-03-16T12:13:51.123+0000] {taskinstance.py:1103} INFO - Dependencies all met for dep_context=non-requeueable deps ti=<TaskInstance: EnergyWarehouse.create_fact_table_energy_dept manual__2024-03-16T11:49:12.079063+00:00 [queued]>
[2024-03-16T12:13:51.248+0000] {taskinstance.py:1103} INFO - Dependencies all met for dep_context=requeueable deps ti=<TaskInstance: EnergyWarehouse.create_fact_table_energy_dept manual__2024-03-16T11:49:12.079063+00:00 [queued]>
[2024-03-16T12:13:51.258+0000] {taskinstance.py:1308} INFO - Starting attempt 2 of 2
[2024-03-16T12:13:51.353+0000] {taskinstance.py:1327} INFO - Executing <Task(PythonOperator): create_fact_table_energy_dept> on 2024-03-16 11:49:12.079063+00:00
[2024-03-16T12:13:51.425+0000] {standard_task_runner.py:57} INFO - Started process 1231 to run task
[2024-03-16T12:13:51.460+0000] {standard_task_runner.py:84} INFO - Running: ['***', 'tasks', 'run', 'EnergyWarehouse', 'create_fact_table_energy_dept', 'manual__2024-03-16T11:49:12.079063+00:00', '--job-id', '1737', '--raw', '--subdir', 'DAGS_FOLDER/***-to-bigquery-dag/***_to_bigquerry_dag.py', '--cfg-path', '/tmp/tmpnrwd689a']
[2024-03-16T12:13:51.474+0000] {standard_task_runner.py:85} INFO - Job 1737: Subtask create_fact_table_energy_dept
[2024-03-16T12:13:51.769+0000] {task_command.py:410} INFO - Running <TaskInstance: EnergyWarehouse.create_fact_table_energy_dept manual__2024-03-16T11:49:12.079063+00:00 [running]> on host 952b3f8a1a94
[2024-03-16T12:13:52.253+0000] {taskinstance.py:1547} INFO - Exporting env vars: AIRFLOW_CTX_DAG_OWNER='Mbaye SENE' AIRFLOW_CTX_DAG_ID='EnergyWarehouse' AIRFLOW_CTX_TASK_ID='create_fact_table_energy_dept' AIRFLOW_CTX_EXECUTION_DATE='2024-03-16T11:49:12.079063+00:00' AIRFLOW_CTX_TRY_NUMBER='2' AIRFLOW_CTX_DAG_RUN_ID='manual__2024-03-16T11:49:12.079063+00:00'
[2024-03-16T12:13:53.154+0000] {taskinstance.py:1824} ERROR - Task failed with exception
Traceback (most recent call last):
  File "/home/airflow/.local/lib/python3.7/site-packages/airflow/operators/python.py", line 181, in execute
    return_value = self.execute_callable()
  File "/home/airflow/.local/lib/python3.7/site-packages/airflow/operators/python.py", line 198, in execute_callable
    return self.python_callable(*self.op_args, **self.op_kwargs)
  File "/opt/airflow/dags/airflow-to-bigquery-dag/airflow_to_bigquerry_dag.py", line 401, in create_fact_table_energy_dept
    'consototale']]
  File "/home/airflow/.local/lib/python3.7/site-packages/pandas/core/frame.py", line 3464, in __getitem__
    indexer = self.loc._get_listlike_indexer(key, axis=1)[1]
  File "/home/airflow/.local/lib/python3.7/site-packages/pandas/core/indexing.py", line 1314, in _get_listlike_indexer
    self._validate_read_indexer(keyarr, indexer, axis)
  File "/home/airflow/.local/lib/python3.7/site-packages/pandas/core/indexing.py", line 1377, in _validate_read_indexer
    raise KeyError(f"{not_found} not in index")
KeyError: "['indquala', 'indqualna', 'indquali', 'indqualt', 'indqualr'] not in index"
[2024-03-16T12:13:53.230+0000] {taskinstance.py:1350} INFO - Marking task as FAILED. dag_id=EnergyWarehouse, task_id=create_fact_table_energy_dept, execution_date=20240316T114912, start_date=20240316T121351, end_date=20240316T121353
[2024-03-16T12:13:53.331+0000] {standard_task_runner.py:109} ERROR - Failed to execute job 1737 for task create_fact_table_energy_dept ("['indquala', 'indqualna', 'indquali', 'indqualt', 'indqualr'] not in index"; 1231)
[2024-03-16T12:13:53.454+0000] {local_task_job_runner.py:225} INFO - Task exited with return code 1
[2024-03-16T12:13:53.866+0000] {taskinstance.py:2651} INFO - 0 downstream tasks scheduled from follow-on schedule check
