[2023-06-14T18:49:48.602+0000] {taskinstance.py:1103} INFO - Dependencies all met for dep_context=non-requeueable deps ti=<TaskInstance: get_university_api_send_psql.wait_for_json manual__2023-06-14T18:49:35.958911+00:00 [queued]>
[2023-06-14T18:49:48.616+0000] {taskinstance.py:1103} INFO - Dependencies all met for dep_context=requeueable deps ti=<TaskInstance: get_university_api_send_psql.wait_for_json manual__2023-06-14T18:49:35.958911+00:00 [queued]>
[2023-06-14T18:49:48.617+0000] {taskinstance.py:1308} INFO - Starting attempt 1 of 1
[2023-06-14T18:49:48.652+0000] {taskinstance.py:1327} INFO - Executing <Task(PythonSensor): wait_for_json> on 2023-06-14 18:49:35.958911+00:00
[2023-06-14T18:49:48.662+0000] {standard_task_runner.py:57} INFO - Started process 8178 to run task
[2023-06-14T18:49:48.667+0000] {standard_task_runner.py:84} INFO - Running: ['***', 'tasks', 'run', 'get_university_api_send_psql', 'wait_for_json', 'manual__2023-06-14T18:49:35.958911+00:00', '--job-id', '1538', '--raw', '--subdir', 'DAGS_FOLDER/data-university-from-api-dag/data_university_from_api_dag.py', '--cfg-path', '/tmp/tmpezc2cty_']
[2023-06-14T18:49:48.672+0000] {standard_task_runner.py:85} INFO - Job 1538: Subtask wait_for_json
[2023-06-14T18:49:48.767+0000] {task_command.py:410} INFO - Running <TaskInstance: get_university_api_send_psql.wait_for_json manual__2023-06-14T18:49:35.958911+00:00 [running]> on host cd01a659cc96
[2023-06-14T18:49:48.921+0000] {taskinstance.py:1547} INFO - Exporting env vars: AIRFLOW_CTX_DAG_OWNER='***' AIRFLOW_CTX_DAG_ID='get_university_api_send_psql' AIRFLOW_CTX_TASK_ID='wait_for_json' AIRFLOW_CTX_EXECUTION_DATE='2023-06-14T18:49:35.958911+00:00' AIRFLOW_CTX_TRY_NUMBER='1' AIRFLOW_CTX_DAG_RUN_ID='manual__2023-06-14T18:49:35.958911+00:00'
[2023-06-14T18:49:48.955+0000] {python.py:72} INFO - Poking callable: <function _wait_for_json at 0x7fb93c188290>
[2023-06-14T18:49:48.987+0000] {taskinstance.py:1784} INFO - Rescheduling task, marking task as UP_FOR_RESCHEDULE
[2023-06-14T18:49:49.012+0000] {local_task_job_runner.py:225} INFO - Task exited with return code 0
[2023-06-14T18:49:49.081+0000] {taskinstance.py:2651} INFO - 0 downstream tasks scheduled from follow-on schedule check
[2023-06-14T18:50:21.370+0000] {taskinstance.py:1103} INFO - Dependencies all met for dep_context=non-requeueable deps ti=<TaskInstance: get_university_api_send_psql.wait_for_json manual__2023-06-14T18:49:35.958911+00:00 [queued]>
[2023-06-14T18:50:21.383+0000] {taskinstance.py:1103} INFO - Dependencies all met for dep_context=requeueable deps ti=<TaskInstance: get_university_api_send_psql.wait_for_json manual__2023-06-14T18:49:35.958911+00:00 [queued]>
[2023-06-14T18:50:21.385+0000] {taskinstance.py:1308} INFO - Starting attempt 1 of 1
[2023-06-14T18:50:21.412+0000] {taskinstance.py:1327} INFO - Executing <Task(PythonSensor): wait_for_json> on 2023-06-14 18:49:35.958911+00:00
[2023-06-14T18:50:21.423+0000] {standard_task_runner.py:57} INFO - Started process 8193 to run task
[2023-06-14T18:50:21.436+0000] {standard_task_runner.py:84} INFO - Running: ['***', 'tasks', 'run', 'get_university_api_send_psql', 'wait_for_json', 'manual__2023-06-14T18:49:35.958911+00:00', '--job-id', '1540', '--raw', '--subdir', 'DAGS_FOLDER/data-university-from-api-dag/data_university_from_api_dag.py', '--cfg-path', '/tmp/tmpjoj5tp1t']
[2023-06-14T18:50:21.440+0000] {standard_task_runner.py:85} INFO - Job 1540: Subtask wait_for_json
[2023-06-14T18:50:21.523+0000] {task_command.py:410} INFO - Running <TaskInstance: get_university_api_send_psql.wait_for_json manual__2023-06-14T18:49:35.958911+00:00 [running]> on host cd01a659cc96
[2023-06-14T18:50:21.775+0000] {taskinstance.py:1547} INFO - Exporting env vars: AIRFLOW_CTX_DAG_OWNER='***' AIRFLOW_CTX_DAG_ID='get_university_api_send_psql' AIRFLOW_CTX_TASK_ID='wait_for_json' AIRFLOW_CTX_EXECUTION_DATE='2023-06-14T18:49:35.958911+00:00' AIRFLOW_CTX_TRY_NUMBER='1' AIRFLOW_CTX_DAG_RUN_ID='manual__2023-06-14T18:49:35.958911+00:00'
[2023-06-14T18:50:21.799+0000] {python.py:72} INFO - Poking callable: <function _wait_for_json at 0x7fb93c188290>
[2023-06-14T18:50:21.855+0000] {taskinstance.py:1784} INFO - Rescheduling task, marking task as UP_FOR_RESCHEDULE
[2023-06-14T18:50:21.894+0000] {local_task_job_runner.py:225} INFO - Task exited with return code 0
[2023-06-14T18:50:21.974+0000] {taskinstance.py:2651} INFO - 0 downstream tasks scheduled from follow-on schedule check
[2023-06-14T18:50:53.073+0000] {taskinstance.py:1103} INFO - Dependencies all met for dep_context=non-requeueable deps ti=<TaskInstance: get_university_api_send_psql.wait_for_json manual__2023-06-14T18:49:35.958911+00:00 [queued]>
[2023-06-14T18:50:53.086+0000] {taskinstance.py:1103} INFO - Dependencies all met for dep_context=requeueable deps ti=<TaskInstance: get_university_api_send_psql.wait_for_json manual__2023-06-14T18:49:35.958911+00:00 [queued]>
[2023-06-14T18:50:53.088+0000] {taskinstance.py:1308} INFO - Starting attempt 1 of 1
[2023-06-14T18:50:53.110+0000] {taskinstance.py:1327} INFO - Executing <Task(PythonSensor): wait_for_json> on 2023-06-14 18:49:35.958911+00:00
[2023-06-14T18:50:53.118+0000] {standard_task_runner.py:57} INFO - Started process 8199 to run task
[2023-06-14T18:50:53.125+0000] {standard_task_runner.py:84} INFO - Running: ['***', 'tasks', 'run', 'get_university_api_send_psql', 'wait_for_json', 'manual__2023-06-14T18:49:35.958911+00:00', '--job-id', '1542', '--raw', '--subdir', 'DAGS_FOLDER/data-university-from-api-dag/data_university_from_api_dag.py', '--cfg-path', '/tmp/tmpnd6c1qb2']
[2023-06-14T18:50:53.130+0000] {standard_task_runner.py:85} INFO - Job 1542: Subtask wait_for_json
[2023-06-14T18:50:53.233+0000] {task_command.py:410} INFO - Running <TaskInstance: get_university_api_send_psql.wait_for_json manual__2023-06-14T18:49:35.958911+00:00 [running]> on host cd01a659cc96
[2023-06-14T18:50:53.423+0000] {taskinstance.py:1547} INFO - Exporting env vars: AIRFLOW_CTX_DAG_OWNER='***' AIRFLOW_CTX_DAG_ID='get_university_api_send_psql' AIRFLOW_CTX_TASK_ID='wait_for_json' AIRFLOW_CTX_EXECUTION_DATE='2023-06-14T18:49:35.958911+00:00' AIRFLOW_CTX_TRY_NUMBER='1' AIRFLOW_CTX_DAG_RUN_ID='manual__2023-06-14T18:49:35.958911+00:00'
[2023-06-14T18:50:53.471+0000] {python.py:72} INFO - Poking callable: <function _wait_for_json at 0x7fb93c188290>
[2023-06-14T18:50:53.550+0000] {taskinstance.py:1784} INFO - Rescheduling task, marking task as UP_FOR_RESCHEDULE
[2023-06-14T18:50:53.593+0000] {local_task_job_runner.py:225} INFO - Task exited with return code 0
[2023-06-14T18:50:53.679+0000] {taskinstance.py:2651} INFO - 0 downstream tasks scheduled from follow-on schedule check
[2023-06-14T18:51:25.003+0000] {taskinstance.py:1103} INFO - Dependencies all met for dep_context=non-requeueable deps ti=<TaskInstance: get_university_api_send_psql.wait_for_json manual__2023-06-14T18:49:35.958911+00:00 [queued]>
[2023-06-14T18:51:25.065+0000] {taskinstance.py:1103} INFO - Dependencies all met for dep_context=requeueable deps ti=<TaskInstance: get_university_api_send_psql.wait_for_json manual__2023-06-14T18:49:35.958911+00:00 [queued]>
[2023-06-14T18:51:25.085+0000] {taskinstance.py:1308} INFO - Starting attempt 1 of 1
[2023-06-14T18:51:25.128+0000] {taskinstance.py:1327} INFO - Executing <Task(PythonSensor): wait_for_json> on 2023-06-14 18:49:35.958911+00:00
[2023-06-14T18:51:25.146+0000] {standard_task_runner.py:57} INFO - Started process 8214 to run task
[2023-06-14T18:51:25.161+0000] {standard_task_runner.py:84} INFO - Running: ['***', 'tasks', 'run', 'get_university_api_send_psql', 'wait_for_json', 'manual__2023-06-14T18:49:35.958911+00:00', '--job-id', '1544', '--raw', '--subdir', 'DAGS_FOLDER/data-university-from-api-dag/data_university_from_api_dag.py', '--cfg-path', '/tmp/tmppwv6_ofo']
[2023-06-14T18:51:25.166+0000] {standard_task_runner.py:85} INFO - Job 1544: Subtask wait_for_json
[2023-06-14T18:51:25.254+0000] {task_command.py:410} INFO - Running <TaskInstance: get_university_api_send_psql.wait_for_json manual__2023-06-14T18:49:35.958911+00:00 [running]> on host cd01a659cc96
[2023-06-14T18:51:25.410+0000] {taskinstance.py:1547} INFO - Exporting env vars: AIRFLOW_CTX_DAG_OWNER='***' AIRFLOW_CTX_DAG_ID='get_university_api_send_psql' AIRFLOW_CTX_TASK_ID='wait_for_json' AIRFLOW_CTX_EXECUTION_DATE='2023-06-14T18:49:35.958911+00:00' AIRFLOW_CTX_TRY_NUMBER='1' AIRFLOW_CTX_DAG_RUN_ID='manual__2023-06-14T18:49:35.958911+00:00'
[2023-06-14T18:51:25.435+0000] {python.py:72} INFO - Poking callable: <function _wait_for_json at 0x7fb93c188290>
[2023-06-14T18:51:25.466+0000] {taskinstance.py:1784} INFO - Rescheduling task, marking task as UP_FOR_RESCHEDULE
[2023-06-14T18:51:25.500+0000] {local_task_job_runner.py:225} INFO - Task exited with return code 0
[2023-06-14T18:51:25.539+0000] {taskinstance.py:2651} INFO - 0 downstream tasks scheduled from follow-on schedule check
