[2024-02-13T13:21:34.093+0000] {taskinstance.py:1103} INFO - Dependencies all met for dep_context=non-requeueable deps ti=<TaskInstance: get_energy_data_and_transform._fetch_and_transform manual__2024-02-13T13:21:30.723413+00:00 [queued]>
[2024-02-13T13:21:34.109+0000] {taskinstance.py:1103} INFO - Dependencies all met for dep_context=requeueable deps ti=<TaskInstance: get_energy_data_and_transform._fetch_and_transform manual__2024-02-13T13:21:30.723413+00:00 [queued]>
[2024-02-13T13:21:34.111+0000] {taskinstance.py:1308} INFO - Starting attempt 1 of 1
[2024-02-13T13:21:34.134+0000] {taskinstance.py:1327} INFO - Executing <Task(PythonOperator): _fetch_and_transform> on 2024-02-13 13:21:30.723413+00:00
[2024-02-13T13:21:34.146+0000] {standard_task_runner.py:57} INFO - Started process 3318 to run task
[2024-02-13T13:21:34.153+0000] {standard_task_runner.py:84} INFO - Running: ['***', 'tasks', 'run', 'get_energy_data_and_transform', '_fetch_and_transform', 'manual__2024-02-13T13:21:30.723413+00:00', '--job-id', '186', '--raw', '--subdir', 'DAGS_FOLDER/energy-prod-cons-dag/data_energy_dag.py', '--cfg-path', '/tmp/tmp7s6j2_dy']
[2024-02-13T13:21:34.158+0000] {standard_task_runner.py:85} INFO - Job 186: Subtask _fetch_and_transform
[2024-02-13T13:21:34.239+0000] {task_command.py:410} INFO - Running <TaskInstance: get_energy_data_and_transform._fetch_and_transform manual__2024-02-13T13:21:30.723413+00:00 [running]> on host 952b3f8a1a94
[2024-02-13T13:21:34.374+0000] {taskinstance.py:1547} INFO - Exporting env vars: AIRFLOW_CTX_DAG_OWNER='***' AIRFLOW_CTX_DAG_ID='get_energy_data_and_transform' AIRFLOW_CTX_TASK_ID='_fetch_and_transform' AIRFLOW_CTX_EXECUTION_DATE='2024-02-13T13:21:30.723413+00:00' AIRFLOW_CTX_TRY_NUMBER='1' AIRFLOW_CTX_DAG_RUN_ID='manual__2024-02-13T13:21:30.723413+00:00'
[2024-02-13T13:21:34.379+0000] {warnings.py:110} WARNING - /home/***/.local/lib/python3.7/site-packages/***/operators/python.py:198: FutureWarning: The error_bad_lines argument has been deprecated and will be removed in a future version.


  return self.python_callable(*self.op_args, **self.op_kwargs)

[2024-02-13T13:21:51.282+0000] {logging_mixin.py:149} INFO - ******* STARTING columns ******  : Index(['operateur', 'annee', 'filiere', 'code_categorie_consommation',
       'libelle_categorie_consommation', 'code_grand_secteur',
       'libelle_grand_secteur', 'code_naf', 'libelle_secteur_naf2', 'conso',
       'pdl', 'indqual', 'nombre_mailles_secretisees', 'code_region',
       'libelle_region'],
      dtype='object')
[2024-02-13T13:21:51.288+0000] {logging_mixin.py:149} INFO - Strip leading and trailing whitespaces from column names
[2024-02-13T13:21:51.308+0000] {logging_mixin.py:149} INFO - ******* ENDING columns REGION ****** :  Index(['operateur', 'annee', 'filiere', 'code_categorie_consommation',
       'code_grand_secteur', 'libelle_secteur_naf2', 'conso', 'pdl', 'indqual',
       'code_region', 'libelle_region'],
      dtype='object')
[2024-02-13T13:21:51.311+0000] {logging_mixin.py:149} INFO - ******* ENDING columns DEPT  ****** :  Index(['operateur', 'annee', 'filiere', 'consoa', 'pdla', 'indquala', 'consoi',
       'pdli', 'indquali', 'consot', 'pdlt', 'indqualt', 'consor', 'pdlr',
       'indqualr', 'consona', 'pdlna', 'indqualna', 'code_departement',
       'libelle_departement', 'code_region', 'libelle_region', 'id_filiere',
       'consototale'],
      dtype='object')
[2024-02-13T13:21:51.313+0000] {logging_mixin.py:149} INFO - ******* DISPLAY HEADER  ****** : 
[2024-02-13T13:21:51.502+0000] {logging_mixin.py:149} INFO - conso_energy_region Data has been loaded into CSV: /tmp/csv_file/conso_energy_region.csv
[2024-02-13T13:21:51.506+0000] {logging_mixin.py:149} INFO - conso_energy_dept Data has been loaded into CSV: /tmp/csv_file/conso_energy_dept.csv
[2024-02-13T13:21:51.508+0000] {logging_mixin.py:149} INFO - prod_gaz_region Data has been loaded into CSV: /tmp/csv_file/prod_gaz_region.csv
[2024-02-13T13:21:51.510+0000] {logging_mixin.py:149} INFO - prod_gaz_dept Data has been loaded into CSV: /tmp/csv_file/prod_gaz_dept.csv
[2024-02-13T13:21:51.512+0000] {logging_mixin.py:149} INFO - prod_elec_region Data has been loaded into CSV: /tmp/csv_file/prod_elec_region.csv
[2024-02-13T13:21:51.515+0000] {logging_mixin.py:149} INFO - prod_elec_dept Data has been loaded into CSV: /tmp/csv_file/prod_elec_dept.csv
[2024-02-13T13:21:51.517+0000] {python.py:183} INFO - Done. Returned value was: None
[2024-02-13T13:21:51.534+0000] {taskinstance.py:1350} INFO - Marking task as SUCCESS. dag_id=get_energy_data_and_transform, task_id=_fetch_and_transform, execution_date=20240213T132130, start_date=20240213T132134, end_date=20240213T132151
[2024-02-13T13:21:51.613+0000] {local_task_job_runner.py:225} INFO - Task exited with return code 0
[2024-02-13T13:21:51.688+0000] {taskinstance.py:2651} INFO - 1 downstream tasks scheduled from follow-on schedule check
