[2024-02-24T15:26:20.579+0000] {taskinstance.py:1103} INFO - Dependencies all met for dep_context=non-requeueable deps ti=<TaskInstance: extract_energy_data_and_transform.wait_for_clean_csv_sensor manual__2024-02-24T15:25:54.832476+00:00 [queued]>
[2024-02-24T15:26:20.607+0000] {taskinstance.py:1103} INFO - Dependencies all met for dep_context=requeueable deps ti=<TaskInstance: extract_energy_data_and_transform.wait_for_clean_csv_sensor manual__2024-02-24T15:25:54.832476+00:00 [queued]>
[2024-02-24T15:26:20.624+0000] {taskinstance.py:1308} INFO - Starting attempt 1 of 1
[2024-02-24T15:26:20.668+0000] {taskinstance.py:1327} INFO - Executing <Task(PythonSensor): wait_for_clean_csv_sensor> on 2024-02-24 15:25:54.832476+00:00
[2024-02-24T15:26:20.681+0000] {standard_task_runner.py:57} INFO - Started process 3952 to run task
[2024-02-24T15:26:20.691+0000] {standard_task_runner.py:84} INFO - Running: ['***', 'tasks', 'run', 'extract_energy_data_and_transform', 'wait_for_clean_csv_sensor', 'manual__2024-02-24T15:25:54.832476+00:00', '--job-id', '332', '--raw', '--subdir', 'DAGS_FOLDER/energy-prod-cons-dag/data_energy_dag.py', '--cfg-path', '/tmp/tmpynwg212g']
[2024-02-24T15:26:20.699+0000] {standard_task_runner.py:85} INFO - Job 332: Subtask wait_for_clean_csv_sensor
[2024-02-24T15:26:20.888+0000] {task_command.py:410} INFO - Running <TaskInstance: extract_energy_data_and_transform.wait_for_clean_csv_sensor manual__2024-02-24T15:25:54.832476+00:00 [running]> on host 952b3f8a1a94
[2024-02-24T15:26:21.818+0000] {taskinstance.py:1547} INFO - Exporting env vars: AIRFLOW_CTX_DAG_OWNER='***' AIRFLOW_CTX_DAG_ID='extract_energy_data_and_transform' AIRFLOW_CTX_TASK_ID='wait_for_clean_csv_sensor' AIRFLOW_CTX_EXECUTION_DATE='2024-02-24T15:25:54.832476+00:00' AIRFLOW_CTX_TRY_NUMBER='1' AIRFLOW_CTX_DAG_RUN_ID='manual__2024-02-24T15:25:54.832476+00:00'
[2024-02-24T15:26:21.954+0000] {python.py:72} INFO - Poking callable: <function _wait_for_csv at 0x7fe08d225e60>
[2024-02-24T15:26:22.467+0000] {taskinstance.py:1784} INFO - Rescheduling task, marking task as UP_FOR_RESCHEDULE
[2024-02-24T15:26:22.622+0000] {local_task_job_runner.py:225} INFO - Task exited with return code 0
[2024-02-24T15:26:22.786+0000] {taskinstance.py:2651} INFO - 0 downstream tasks scheduled from follow-on schedule check
[2024-02-24T15:26:54.503+0000] {taskinstance.py:1103} INFO - Dependencies all met for dep_context=non-requeueable deps ti=<TaskInstance: extract_energy_data_and_transform.wait_for_clean_csv_sensor manual__2024-02-24T15:25:54.832476+00:00 [queued]>
[2024-02-24T15:26:54.528+0000] {taskinstance.py:1103} INFO - Dependencies all met for dep_context=requeueable deps ti=<TaskInstance: extract_energy_data_and_transform.wait_for_clean_csv_sensor manual__2024-02-24T15:25:54.832476+00:00 [queued]>
[2024-02-24T15:26:54.531+0000] {taskinstance.py:1308} INFO - Starting attempt 1 of 1
[2024-02-24T15:26:54.565+0000] {taskinstance.py:1327} INFO - Executing <Task(PythonSensor): wait_for_clean_csv_sensor> on 2024-02-24 15:25:54.832476+00:00
[2024-02-24T15:26:54.580+0000] {standard_task_runner.py:57} INFO - Started process 3965 to run task
[2024-02-24T15:26:54.590+0000] {standard_task_runner.py:84} INFO - Running: ['***', 'tasks', 'run', 'extract_energy_data_and_transform', 'wait_for_clean_csv_sensor', 'manual__2024-02-24T15:25:54.832476+00:00', '--job-id', '334', '--raw', '--subdir', 'DAGS_FOLDER/energy-prod-cons-dag/data_energy_dag.py', '--cfg-path', '/tmp/tmpp041zb8w']
[2024-02-24T15:26:54.599+0000] {standard_task_runner.py:85} INFO - Job 334: Subtask wait_for_clean_csv_sensor
[2024-02-24T15:26:54.711+0000] {task_command.py:410} INFO - Running <TaskInstance: extract_energy_data_and_transform.wait_for_clean_csv_sensor manual__2024-02-24T15:25:54.832476+00:00 [running]> on host 952b3f8a1a94
[2024-02-24T15:26:54.877+0000] {taskinstance.py:1547} INFO - Exporting env vars: AIRFLOW_CTX_DAG_OWNER='***' AIRFLOW_CTX_DAG_ID='extract_energy_data_and_transform' AIRFLOW_CTX_TASK_ID='wait_for_clean_csv_sensor' AIRFLOW_CTX_EXECUTION_DATE='2024-02-24T15:25:54.832476+00:00' AIRFLOW_CTX_TRY_NUMBER='1' AIRFLOW_CTX_DAG_RUN_ID='manual__2024-02-24T15:25:54.832476+00:00'
[2024-02-24T15:26:54.906+0000] {python.py:72} INFO - Poking callable: <function _wait_for_csv at 0x7fe08d225e60>
[2024-02-24T15:26:54.945+0000] {taskinstance.py:1784} INFO - Rescheduling task, marking task as UP_FOR_RESCHEDULE
[2024-02-24T15:26:55.008+0000] {local_task_job_runner.py:225} INFO - Task exited with return code 0
[2024-02-24T15:26:55.065+0000] {taskinstance.py:2651} INFO - 0 downstream tasks scheduled from follow-on schedule check
[2024-02-24T15:27:33.362+0000] {taskinstance.py:1103} INFO - Dependencies all met for dep_context=non-requeueable deps ti=<TaskInstance: extract_energy_data_and_transform.wait_for_clean_csv_sensor manual__2024-02-24T15:25:54.832476+00:00 [queued]>
[2024-02-24T15:27:33.432+0000] {taskinstance.py:1103} INFO - Dependencies all met for dep_context=requeueable deps ti=<TaskInstance: extract_energy_data_and_transform.wait_for_clean_csv_sensor manual__2024-02-24T15:25:54.832476+00:00 [queued]>
[2024-02-24T15:27:33.435+0000] {taskinstance.py:1308} INFO - Starting attempt 1 of 1
[2024-02-24T15:27:33.498+0000] {taskinstance.py:1327} INFO - Executing <Task(PythonSensor): wait_for_clean_csv_sensor> on 2024-02-24 15:25:54.832476+00:00
[2024-02-24T15:27:33.521+0000] {standard_task_runner.py:57} INFO - Started process 3981 to run task
[2024-02-24T15:27:33.537+0000] {standard_task_runner.py:84} INFO - Running: ['***', 'tasks', 'run', 'extract_energy_data_and_transform', 'wait_for_clean_csv_sensor', 'manual__2024-02-24T15:25:54.832476+00:00', '--job-id', '336', '--raw', '--subdir', 'DAGS_FOLDER/energy-prod-cons-dag/data_energy_dag.py', '--cfg-path', '/tmp/tmp2jauxos9']
[2024-02-24T15:27:33.562+0000] {standard_task_runner.py:85} INFO - Job 336: Subtask wait_for_clean_csv_sensor
[2024-02-24T15:27:33.794+0000] {task_command.py:410} INFO - Running <TaskInstance: extract_energy_data_and_transform.wait_for_clean_csv_sensor manual__2024-02-24T15:25:54.832476+00:00 [running]> on host 952b3f8a1a94
[2024-02-24T15:27:34.232+0000] {taskinstance.py:1547} INFO - Exporting env vars: AIRFLOW_CTX_DAG_OWNER='***' AIRFLOW_CTX_DAG_ID='extract_energy_data_and_transform' AIRFLOW_CTX_TASK_ID='wait_for_clean_csv_sensor' AIRFLOW_CTX_EXECUTION_DATE='2024-02-24T15:25:54.832476+00:00' AIRFLOW_CTX_TRY_NUMBER='1' AIRFLOW_CTX_DAG_RUN_ID='manual__2024-02-24T15:25:54.832476+00:00'
[2024-02-24T15:27:34.267+0000] {python.py:72} INFO - Poking callable: <function _wait_for_csv at 0x7fe08d225e60>
[2024-02-24T15:27:34.331+0000] {taskinstance.py:1784} INFO - Rescheduling task, marking task as UP_FOR_RESCHEDULE
[2024-02-24T15:27:34.366+0000] {local_task_job_runner.py:225} INFO - Task exited with return code 0
[2024-02-24T15:27:34.500+0000] {taskinstance.py:2651} INFO - 0 downstream tasks scheduled from follow-on schedule check
[2024-02-24T15:28:07.954+0000] {taskinstance.py:1103} INFO - Dependencies all met for dep_context=non-requeueable deps ti=<TaskInstance: extract_energy_data_and_transform.wait_for_clean_csv_sensor manual__2024-02-24T15:25:54.832476+00:00 [queued]>
[2024-02-24T15:28:08.183+0000] {taskinstance.py:1103} INFO - Dependencies all met for dep_context=requeueable deps ti=<TaskInstance: extract_energy_data_and_transform.wait_for_clean_csv_sensor manual__2024-02-24T15:25:54.832476+00:00 [queued]>
[2024-02-24T15:28:08.188+0000] {taskinstance.py:1308} INFO - Starting attempt 1 of 1
[2024-02-24T15:28:08.435+0000] {taskinstance.py:1327} INFO - Executing <Task(PythonSensor): wait_for_clean_csv_sensor> on 2024-02-24 15:25:54.832476+00:00
[2024-02-24T15:28:08.503+0000] {standard_task_runner.py:57} INFO - Started process 3995 to run task
[2024-02-24T15:28:08.556+0000] {standard_task_runner.py:84} INFO - Running: ['***', 'tasks', 'run', 'extract_energy_data_and_transform', 'wait_for_clean_csv_sensor', 'manual__2024-02-24T15:25:54.832476+00:00', '--job-id', '338', '--raw', '--subdir', 'DAGS_FOLDER/energy-prod-cons-dag/data_energy_dag.py', '--cfg-path', '/tmp/tmp84o7o87f']
[2024-02-24T15:28:08.592+0000] {standard_task_runner.py:85} INFO - Job 338: Subtask wait_for_clean_csv_sensor
[2024-02-24T15:28:08.859+0000] {task_command.py:410} INFO - Running <TaskInstance: extract_energy_data_and_transform.wait_for_clean_csv_sensor manual__2024-02-24T15:25:54.832476+00:00 [running]> on host 952b3f8a1a94
[2024-02-24T15:28:09.276+0000] {taskinstance.py:1547} INFO - Exporting env vars: AIRFLOW_CTX_DAG_OWNER='***' AIRFLOW_CTX_DAG_ID='extract_energy_data_and_transform' AIRFLOW_CTX_TASK_ID='wait_for_clean_csv_sensor' AIRFLOW_CTX_EXECUTION_DATE='2024-02-24T15:25:54.832476+00:00' AIRFLOW_CTX_TRY_NUMBER='1' AIRFLOW_CTX_DAG_RUN_ID='manual__2024-02-24T15:25:54.832476+00:00'
[2024-02-24T15:28:09.316+0000] {python.py:72} INFO - Poking callable: <function _wait_for_csv at 0x7fe08d225e60>
[2024-02-24T15:28:09.365+0000] {taskinstance.py:1784} INFO - Rescheduling task, marking task as UP_FOR_RESCHEDULE
[2024-02-24T15:28:09.415+0000] {local_task_job_runner.py:225} INFO - Task exited with return code 0
[2024-02-24T15:28:09.476+0000] {taskinstance.py:2651} INFO - 0 downstream tasks scheduled from follow-on schedule check
[2024-02-24T15:28:42.148+0000] {taskinstance.py:1103} INFO - Dependencies all met for dep_context=non-requeueable deps ti=<TaskInstance: extract_energy_data_and_transform.wait_for_clean_csv_sensor manual__2024-02-24T15:25:54.832476+00:00 [queued]>
[2024-02-24T15:28:42.220+0000] {taskinstance.py:1103} INFO - Dependencies all met for dep_context=requeueable deps ti=<TaskInstance: extract_energy_data_and_transform.wait_for_clean_csv_sensor manual__2024-02-24T15:25:54.832476+00:00 [queued]>
[2024-02-24T15:28:42.224+0000] {taskinstance.py:1308} INFO - Starting attempt 1 of 1
[2024-02-24T15:28:42.271+0000] {taskinstance.py:1327} INFO - Executing <Task(PythonSensor): wait_for_clean_csv_sensor> on 2024-02-24 15:25:54.832476+00:00
[2024-02-24T15:28:42.287+0000] {standard_task_runner.py:57} INFO - Started process 4010 to run task
[2024-02-24T15:28:42.304+0000] {standard_task_runner.py:84} INFO - Running: ['***', 'tasks', 'run', 'extract_energy_data_and_transform', 'wait_for_clean_csv_sensor', 'manual__2024-02-24T15:25:54.832476+00:00', '--job-id', '340', '--raw', '--subdir', 'DAGS_FOLDER/energy-prod-cons-dag/data_energy_dag.py', '--cfg-path', '/tmp/tmpbxy872xo']
[2024-02-24T15:28:42.313+0000] {standard_task_runner.py:85} INFO - Job 340: Subtask wait_for_clean_csv_sensor
[2024-02-24T15:28:42.647+0000] {task_command.py:410} INFO - Running <TaskInstance: extract_energy_data_and_transform.wait_for_clean_csv_sensor manual__2024-02-24T15:25:54.832476+00:00 [running]> on host 952b3f8a1a94
[2024-02-24T15:28:43.266+0000] {taskinstance.py:1547} INFO - Exporting env vars: AIRFLOW_CTX_DAG_OWNER='***' AIRFLOW_CTX_DAG_ID='extract_energy_data_and_transform' AIRFLOW_CTX_TASK_ID='wait_for_clean_csv_sensor' AIRFLOW_CTX_EXECUTION_DATE='2024-02-24T15:25:54.832476+00:00' AIRFLOW_CTX_TRY_NUMBER='1' AIRFLOW_CTX_DAG_RUN_ID='manual__2024-02-24T15:25:54.832476+00:00'
[2024-02-24T15:28:43.397+0000] {python.py:72} INFO - Poking callable: <function _wait_for_csv at 0x7fe08d225e60>
[2024-02-24T15:28:43.569+0000] {taskinstance.py:1784} INFO - Rescheduling task, marking task as UP_FOR_RESCHEDULE
[2024-02-24T15:28:43.669+0000] {local_task_job_runner.py:225} INFO - Task exited with return code 0
[2024-02-24T15:28:43.849+0000] {taskinstance.py:2651} INFO - 0 downstream tasks scheduled from follow-on schedule check
[2024-02-24T15:29:14.688+0000] {taskinstance.py:1103} INFO - Dependencies all met for dep_context=non-requeueable deps ti=<TaskInstance: extract_energy_data_and_transform.wait_for_clean_csv_sensor manual__2024-02-24T15:25:54.832476+00:00 [queued]>
[2024-02-24T15:29:14.709+0000] {taskinstance.py:1103} INFO - Dependencies all met for dep_context=requeueable deps ti=<TaskInstance: extract_energy_data_and_transform.wait_for_clean_csv_sensor manual__2024-02-24T15:25:54.832476+00:00 [queued]>
[2024-02-24T15:29:14.711+0000] {taskinstance.py:1308} INFO - Starting attempt 1 of 1
[2024-02-24T15:29:14.742+0000] {taskinstance.py:1327} INFO - Executing <Task(PythonSensor): wait_for_clean_csv_sensor> on 2024-02-24 15:25:54.832476+00:00
[2024-02-24T15:29:14.759+0000] {standard_task_runner.py:57} INFO - Started process 4026 to run task
[2024-02-24T15:29:14.771+0000] {standard_task_runner.py:84} INFO - Running: ['***', 'tasks', 'run', 'extract_energy_data_and_transform', 'wait_for_clean_csv_sensor', 'manual__2024-02-24T15:25:54.832476+00:00', '--job-id', '342', '--raw', '--subdir', 'DAGS_FOLDER/energy-prod-cons-dag/data_energy_dag.py', '--cfg-path', '/tmp/tmpqd2szyhm']
[2024-02-24T15:29:14.782+0000] {standard_task_runner.py:85} INFO - Job 342: Subtask wait_for_clean_csv_sensor
[2024-02-24T15:29:14.903+0000] {task_command.py:410} INFO - Running <TaskInstance: extract_energy_data_and_transform.wait_for_clean_csv_sensor manual__2024-02-24T15:25:54.832476+00:00 [running]> on host 952b3f8a1a94
[2024-02-24T15:29:15.099+0000] {taskinstance.py:1547} INFO - Exporting env vars: AIRFLOW_CTX_DAG_OWNER='***' AIRFLOW_CTX_DAG_ID='extract_energy_data_and_transform' AIRFLOW_CTX_TASK_ID='wait_for_clean_csv_sensor' AIRFLOW_CTX_EXECUTION_DATE='2024-02-24T15:25:54.832476+00:00' AIRFLOW_CTX_TRY_NUMBER='1' AIRFLOW_CTX_DAG_RUN_ID='manual__2024-02-24T15:25:54.832476+00:00'
[2024-02-24T15:29:15.133+0000] {python.py:72} INFO - Poking callable: <function _wait_for_csv at 0x7fe08d225e60>
[2024-02-24T15:29:15.195+0000] {taskinstance.py:1784} INFO - Rescheduling task, marking task as UP_FOR_RESCHEDULE
[2024-02-24T15:29:15.229+0000] {local_task_job_runner.py:225} INFO - Task exited with return code 0
[2024-02-24T15:29:15.312+0000] {taskinstance.py:2651} INFO - 0 downstream tasks scheduled from follow-on schedule check
[2024-02-24T15:29:47.771+0000] {taskinstance.py:1103} INFO - Dependencies all met for dep_context=non-requeueable deps ti=<TaskInstance: extract_energy_data_and_transform.wait_for_clean_csv_sensor manual__2024-02-24T15:25:54.832476+00:00 [queued]>
[2024-02-24T15:29:47.794+0000] {taskinstance.py:1103} INFO - Dependencies all met for dep_context=requeueable deps ti=<TaskInstance: extract_energy_data_and_transform.wait_for_clean_csv_sensor manual__2024-02-24T15:25:54.832476+00:00 [queued]>
[2024-02-24T15:29:47.796+0000] {taskinstance.py:1308} INFO - Starting attempt 1 of 1
[2024-02-24T15:29:47.823+0000] {taskinstance.py:1327} INFO - Executing <Task(PythonSensor): wait_for_clean_csv_sensor> on 2024-02-24 15:25:54.832476+00:00
[2024-02-24T15:29:47.835+0000] {standard_task_runner.py:57} INFO - Started process 4041 to run task
[2024-02-24T15:29:47.845+0000] {standard_task_runner.py:84} INFO - Running: ['***', 'tasks', 'run', 'extract_energy_data_and_transform', 'wait_for_clean_csv_sensor', 'manual__2024-02-24T15:25:54.832476+00:00', '--job-id', '344', '--raw', '--subdir', 'DAGS_FOLDER/energy-prod-cons-dag/data_energy_dag.py', '--cfg-path', '/tmp/tmp7i1lr57m']
[2024-02-24T15:29:47.853+0000] {standard_task_runner.py:85} INFO - Job 344: Subtask wait_for_clean_csv_sensor
[2024-02-24T15:29:47.948+0000] {task_command.py:410} INFO - Running <TaskInstance: extract_energy_data_and_transform.wait_for_clean_csv_sensor manual__2024-02-24T15:25:54.832476+00:00 [running]> on host 952b3f8a1a94
[2024-02-24T15:29:48.175+0000] {taskinstance.py:1547} INFO - Exporting env vars: AIRFLOW_CTX_DAG_OWNER='***' AIRFLOW_CTX_DAG_ID='extract_energy_data_and_transform' AIRFLOW_CTX_TASK_ID='wait_for_clean_csv_sensor' AIRFLOW_CTX_EXECUTION_DATE='2024-02-24T15:25:54.832476+00:00' AIRFLOW_CTX_TRY_NUMBER='1' AIRFLOW_CTX_DAG_RUN_ID='manual__2024-02-24T15:25:54.832476+00:00'
[2024-02-24T15:29:48.211+0000] {python.py:72} INFO - Poking callable: <function _wait_for_csv at 0x7fe08d225e60>
[2024-02-24T15:29:48.261+0000] {taskinstance.py:1784} INFO - Rescheduling task, marking task as UP_FOR_RESCHEDULE
[2024-02-24T15:29:48.301+0000] {local_task_job_runner.py:225} INFO - Task exited with return code 0
[2024-02-24T15:29:48.446+0000] {taskinstance.py:2651} INFO - 0 downstream tasks scheduled from follow-on schedule check
[2024-02-24T15:30:25.893+0000] {taskinstance.py:1103} INFO - Dependencies all met for dep_context=non-requeueable deps ti=<TaskInstance: extract_energy_data_and_transform.wait_for_clean_csv_sensor manual__2024-02-24T15:25:54.832476+00:00 [queued]>
[2024-02-24T15:30:25.921+0000] {taskinstance.py:1103} INFO - Dependencies all met for dep_context=requeueable deps ti=<TaskInstance: extract_energy_data_and_transform.wait_for_clean_csv_sensor manual__2024-02-24T15:25:54.832476+00:00 [queued]>
[2024-02-24T15:30:25.925+0000] {taskinstance.py:1308} INFO - Starting attempt 1 of 1
[2024-02-24T15:30:25.960+0000] {taskinstance.py:1327} INFO - Executing <Task(PythonSensor): wait_for_clean_csv_sensor> on 2024-02-24 15:25:54.832476+00:00
[2024-02-24T15:30:25.974+0000] {standard_task_runner.py:57} INFO - Started process 4056 to run task
[2024-02-24T15:30:25.986+0000] {standard_task_runner.py:84} INFO - Running: ['***', 'tasks', 'run', 'extract_energy_data_and_transform', 'wait_for_clean_csv_sensor', 'manual__2024-02-24T15:25:54.832476+00:00', '--job-id', '346', '--raw', '--subdir', 'DAGS_FOLDER/energy-prod-cons-dag/data_energy_dag.py', '--cfg-path', '/tmp/tmpcngd92gx']
[2024-02-24T15:30:25.993+0000] {standard_task_runner.py:85} INFO - Job 346: Subtask wait_for_clean_csv_sensor
[2024-02-24T15:30:26.093+0000] {task_command.py:410} INFO - Running <TaskInstance: extract_energy_data_and_transform.wait_for_clean_csv_sensor manual__2024-02-24T15:25:54.832476+00:00 [running]> on host 952b3f8a1a94
[2024-02-24T15:30:26.313+0000] {taskinstance.py:1547} INFO - Exporting env vars: AIRFLOW_CTX_DAG_OWNER='***' AIRFLOW_CTX_DAG_ID='extract_energy_data_and_transform' AIRFLOW_CTX_TASK_ID='wait_for_clean_csv_sensor' AIRFLOW_CTX_EXECUTION_DATE='2024-02-24T15:25:54.832476+00:00' AIRFLOW_CTX_TRY_NUMBER='1' AIRFLOW_CTX_DAG_RUN_ID='manual__2024-02-24T15:25:54.832476+00:00'
[2024-02-24T15:30:26.342+0000] {python.py:72} INFO - Poking callable: <function _wait_for_csv at 0x7fe08d225e60>
[2024-02-24T15:30:26.379+0000] {taskinstance.py:1784} INFO - Rescheduling task, marking task as UP_FOR_RESCHEDULE
[2024-02-24T15:30:26.404+0000] {local_task_job_runner.py:225} INFO - Task exited with return code 0
[2024-02-24T15:30:26.459+0000] {taskinstance.py:2651} INFO - 0 downstream tasks scheduled from follow-on schedule check
[2024-02-24T15:30:59.893+0000] {taskinstance.py:1103} INFO - Dependencies all met for dep_context=non-requeueable deps ti=<TaskInstance: extract_energy_data_and_transform.wait_for_clean_csv_sensor manual__2024-02-24T15:25:54.832476+00:00 [queued]>
[2024-02-24T15:30:59.928+0000] {taskinstance.py:1103} INFO - Dependencies all met for dep_context=requeueable deps ti=<TaskInstance: extract_energy_data_and_transform.wait_for_clean_csv_sensor manual__2024-02-24T15:25:54.832476+00:00 [queued]>
[2024-02-24T15:30:59.935+0000] {taskinstance.py:1308} INFO - Starting attempt 1 of 1
[2024-02-24T15:31:00.010+0000] {taskinstance.py:1327} INFO - Executing <Task(PythonSensor): wait_for_clean_csv_sensor> on 2024-02-24 15:25:54.832476+00:00
[2024-02-24T15:31:00.111+0000] {standard_task_runner.py:57} INFO - Started process 4071 to run task
[2024-02-24T15:31:00.122+0000] {standard_task_runner.py:84} INFO - Running: ['***', 'tasks', 'run', 'extract_energy_data_and_transform', 'wait_for_clean_csv_sensor', 'manual__2024-02-24T15:25:54.832476+00:00', '--job-id', '348', '--raw', '--subdir', 'DAGS_FOLDER/energy-prod-cons-dag/data_energy_dag.py', '--cfg-path', '/tmp/tmplb5y9pfb']
[2024-02-24T15:31:00.146+0000] {standard_task_runner.py:85} INFO - Job 348: Subtask wait_for_clean_csv_sensor
[2024-02-24T15:31:00.583+0000] {task_command.py:410} INFO - Running <TaskInstance: extract_energy_data_and_transform.wait_for_clean_csv_sensor manual__2024-02-24T15:25:54.832476+00:00 [running]> on host 952b3f8a1a94
[2024-02-24T15:31:01.398+0000] {taskinstance.py:1547} INFO - Exporting env vars: AIRFLOW_CTX_DAG_OWNER='***' AIRFLOW_CTX_DAG_ID='extract_energy_data_and_transform' AIRFLOW_CTX_TASK_ID='wait_for_clean_csv_sensor' AIRFLOW_CTX_EXECUTION_DATE='2024-02-24T15:25:54.832476+00:00' AIRFLOW_CTX_TRY_NUMBER='1' AIRFLOW_CTX_DAG_RUN_ID='manual__2024-02-24T15:25:54.832476+00:00'
[2024-02-24T15:31:01.505+0000] {python.py:72} INFO - Poking callable: <function _wait_for_csv at 0x7fe08d225e60>
[2024-02-24T15:31:01.933+0000] {taskinstance.py:1784} INFO - Rescheduling task, marking task as UP_FOR_RESCHEDULE
[2024-02-24T15:31:02.193+0000] {local_task_job_runner.py:225} INFO - Task exited with return code 0
[2024-02-24T15:31:02.661+0000] {taskinstance.py:2651} INFO - 0 downstream tasks scheduled from follow-on schedule check
[2024-02-24T15:31:33.940+0000] {taskinstance.py:1103} INFO - Dependencies all met for dep_context=non-requeueable deps ti=<TaskInstance: extract_energy_data_and_transform.wait_for_clean_csv_sensor manual__2024-02-24T15:25:54.832476+00:00 [queued]>
[2024-02-24T15:31:33.974+0000] {taskinstance.py:1103} INFO - Dependencies all met for dep_context=requeueable deps ti=<TaskInstance: extract_energy_data_and_transform.wait_for_clean_csv_sensor manual__2024-02-24T15:25:54.832476+00:00 [queued]>
[2024-02-24T15:31:33.977+0000] {taskinstance.py:1308} INFO - Starting attempt 1 of 1
[2024-02-24T15:31:34.028+0000] {taskinstance.py:1327} INFO - Executing <Task(PythonSensor): wait_for_clean_csv_sensor> on 2024-02-24 15:25:54.832476+00:00
[2024-02-24T15:31:34.046+0000] {standard_task_runner.py:57} INFO - Started process 4086 to run task
[2024-02-24T15:31:34.062+0000] {standard_task_runner.py:84} INFO - Running: ['***', 'tasks', 'run', 'extract_energy_data_and_transform', 'wait_for_clean_csv_sensor', 'manual__2024-02-24T15:25:54.832476+00:00', '--job-id', '350', '--raw', '--subdir', 'DAGS_FOLDER/energy-prod-cons-dag/data_energy_dag.py', '--cfg-path', '/tmp/tmp9bjsyba_']
[2024-02-24T15:31:34.071+0000] {standard_task_runner.py:85} INFO - Job 350: Subtask wait_for_clean_csv_sensor
[2024-02-24T15:31:34.244+0000] {task_command.py:410} INFO - Running <TaskInstance: extract_energy_data_and_transform.wait_for_clean_csv_sensor manual__2024-02-24T15:25:54.832476+00:00 [running]> on host 952b3f8a1a94
[2024-02-24T15:31:34.507+0000] {taskinstance.py:1547} INFO - Exporting env vars: AIRFLOW_CTX_DAG_OWNER='***' AIRFLOW_CTX_DAG_ID='extract_energy_data_and_transform' AIRFLOW_CTX_TASK_ID='wait_for_clean_csv_sensor' AIRFLOW_CTX_EXECUTION_DATE='2024-02-24T15:25:54.832476+00:00' AIRFLOW_CTX_TRY_NUMBER='1' AIRFLOW_CTX_DAG_RUN_ID='manual__2024-02-24T15:25:54.832476+00:00'
[2024-02-24T15:31:34.530+0000] {python.py:72} INFO - Poking callable: <function _wait_for_csv at 0x7fe08d225e60>
[2024-02-24T15:31:34.570+0000] {taskinstance.py:1784} INFO - Rescheduling task, marking task as UP_FOR_RESCHEDULE
[2024-02-24T15:31:34.619+0000] {local_task_job_runner.py:225} INFO - Task exited with return code 0
[2024-02-24T15:31:34.705+0000] {taskinstance.py:2651} INFO - 0 downstream tasks scheduled from follow-on schedule check
[2024-02-24T15:32:06.152+0000] {taskinstance.py:1103} INFO - Dependencies all met for dep_context=non-requeueable deps ti=<TaskInstance: extract_energy_data_and_transform.wait_for_clean_csv_sensor manual__2024-02-24T15:25:54.832476+00:00 [queued]>
[2024-02-24T15:32:06.180+0000] {taskinstance.py:1103} INFO - Dependencies all met for dep_context=requeueable deps ti=<TaskInstance: extract_energy_data_and_transform.wait_for_clean_csv_sensor manual__2024-02-24T15:25:54.832476+00:00 [queued]>
[2024-02-24T15:32:06.186+0000] {taskinstance.py:1308} INFO - Starting attempt 1 of 1
[2024-02-24T15:32:06.251+0000] {taskinstance.py:1327} INFO - Executing <Task(PythonSensor): wait_for_clean_csv_sensor> on 2024-02-24 15:25:54.832476+00:00
[2024-02-24T15:32:06.266+0000] {standard_task_runner.py:57} INFO - Started process 4100 to run task
[2024-02-24T15:32:06.277+0000] {standard_task_runner.py:84} INFO - Running: ['***', 'tasks', 'run', 'extract_energy_data_and_transform', 'wait_for_clean_csv_sensor', 'manual__2024-02-24T15:25:54.832476+00:00', '--job-id', '352', '--raw', '--subdir', 'DAGS_FOLDER/energy-prod-cons-dag/data_energy_dag.py', '--cfg-path', '/tmp/tmpi3cdnd6f']
[2024-02-24T15:32:06.285+0000] {standard_task_runner.py:85} INFO - Job 352: Subtask wait_for_clean_csv_sensor
[2024-02-24T15:32:06.785+0000] {task_command.py:410} INFO - Running <TaskInstance: extract_energy_data_and_transform.wait_for_clean_csv_sensor manual__2024-02-24T15:25:54.832476+00:00 [running]> on host 952b3f8a1a94
[2024-02-24T15:32:07.113+0000] {taskinstance.py:1547} INFO - Exporting env vars: AIRFLOW_CTX_DAG_OWNER='***' AIRFLOW_CTX_DAG_ID='extract_energy_data_and_transform' AIRFLOW_CTX_TASK_ID='wait_for_clean_csv_sensor' AIRFLOW_CTX_EXECUTION_DATE='2024-02-24T15:25:54.832476+00:00' AIRFLOW_CTX_TRY_NUMBER='1' AIRFLOW_CTX_DAG_RUN_ID='manual__2024-02-24T15:25:54.832476+00:00'
[2024-02-24T15:32:07.140+0000] {python.py:72} INFO - Poking callable: <function _wait_for_csv at 0x7fe08d225e60>
[2024-02-24T15:32:07.183+0000] {taskinstance.py:1784} INFO - Rescheduling task, marking task as UP_FOR_RESCHEDULE
[2024-02-24T15:32:07.246+0000] {local_task_job_runner.py:225} INFO - Task exited with return code 0
[2024-02-24T15:32:07.321+0000] {taskinstance.py:2651} INFO - 0 downstream tasks scheduled from follow-on schedule check
[2024-02-24T15:32:39.320+0000] {taskinstance.py:1103} INFO - Dependencies all met for dep_context=non-requeueable deps ti=<TaskInstance: extract_energy_data_and_transform.wait_for_clean_csv_sensor manual__2024-02-24T15:25:54.832476+00:00 [queued]>
[2024-02-24T15:32:39.342+0000] {taskinstance.py:1103} INFO - Dependencies all met for dep_context=requeueable deps ti=<TaskInstance: extract_energy_data_and_transform.wait_for_clean_csv_sensor manual__2024-02-24T15:25:54.832476+00:00 [queued]>
[2024-02-24T15:32:39.347+0000] {taskinstance.py:1308} INFO - Starting attempt 1 of 1
[2024-02-24T15:32:39.377+0000] {taskinstance.py:1327} INFO - Executing <Task(PythonSensor): wait_for_clean_csv_sensor> on 2024-02-24 15:25:54.832476+00:00
[2024-02-24T15:32:39.394+0000] {standard_task_runner.py:57} INFO - Started process 4115 to run task
[2024-02-24T15:32:39.406+0000] {standard_task_runner.py:84} INFO - Running: ['***', 'tasks', 'run', 'extract_energy_data_and_transform', 'wait_for_clean_csv_sensor', 'manual__2024-02-24T15:25:54.832476+00:00', '--job-id', '354', '--raw', '--subdir', 'DAGS_FOLDER/energy-prod-cons-dag/data_energy_dag.py', '--cfg-path', '/tmp/tmpogzr5514']
[2024-02-24T15:32:39.414+0000] {standard_task_runner.py:85} INFO - Job 354: Subtask wait_for_clean_csv_sensor
[2024-02-24T15:32:39.560+0000] {task_command.py:410} INFO - Running <TaskInstance: extract_energy_data_and_transform.wait_for_clean_csv_sensor manual__2024-02-24T15:25:54.832476+00:00 [running]> on host 952b3f8a1a94
[2024-02-24T15:32:39.744+0000] {taskinstance.py:1547} INFO - Exporting env vars: AIRFLOW_CTX_DAG_OWNER='***' AIRFLOW_CTX_DAG_ID='extract_energy_data_and_transform' AIRFLOW_CTX_TASK_ID='wait_for_clean_csv_sensor' AIRFLOW_CTX_EXECUTION_DATE='2024-02-24T15:25:54.832476+00:00' AIRFLOW_CTX_TRY_NUMBER='1' AIRFLOW_CTX_DAG_RUN_ID='manual__2024-02-24T15:25:54.832476+00:00'
[2024-02-24T15:32:39.767+0000] {python.py:72} INFO - Poking callable: <function _wait_for_csv at 0x7fe08d225e60>
[2024-02-24T15:32:39.808+0000] {taskinstance.py:1784} INFO - Rescheduling task, marking task as UP_FOR_RESCHEDULE
[2024-02-24T15:32:39.862+0000] {local_task_job_runner.py:225} INFO - Task exited with return code 0
[2024-02-24T15:32:39.938+0000] {taskinstance.py:2651} INFO - 0 downstream tasks scheduled from follow-on schedule check
[2024-02-24T15:33:14.756+0000] {taskinstance.py:1103} INFO - Dependencies all met for dep_context=non-requeueable deps ti=<TaskInstance: extract_energy_data_and_transform.wait_for_clean_csv_sensor manual__2024-02-24T15:25:54.832476+00:00 [queued]>
[2024-02-24T15:33:14.783+0000] {taskinstance.py:1103} INFO - Dependencies all met for dep_context=requeueable deps ti=<TaskInstance: extract_energy_data_and_transform.wait_for_clean_csv_sensor manual__2024-02-24T15:25:54.832476+00:00 [queued]>
[2024-02-24T15:33:14.787+0000] {taskinstance.py:1308} INFO - Starting attempt 1 of 1
[2024-02-24T15:33:14.830+0000] {taskinstance.py:1327} INFO - Executing <Task(PythonSensor): wait_for_clean_csv_sensor> on 2024-02-24 15:25:54.832476+00:00
[2024-02-24T15:33:14.845+0000] {standard_task_runner.py:57} INFO - Started process 4130 to run task
[2024-02-24T15:33:14.857+0000] {standard_task_runner.py:84} INFO - Running: ['***', 'tasks', 'run', 'extract_energy_data_and_transform', 'wait_for_clean_csv_sensor', 'manual__2024-02-24T15:25:54.832476+00:00', '--job-id', '356', '--raw', '--subdir', 'DAGS_FOLDER/energy-prod-cons-dag/data_energy_dag.py', '--cfg-path', '/tmp/tmpwqfsfz9u']
[2024-02-24T15:33:14.866+0000] {standard_task_runner.py:85} INFO - Job 356: Subtask wait_for_clean_csv_sensor
[2024-02-24T15:33:15.034+0000] {task_command.py:410} INFO - Running <TaskInstance: extract_energy_data_and_transform.wait_for_clean_csv_sensor manual__2024-02-24T15:25:54.832476+00:00 [running]> on host 952b3f8a1a94
[2024-02-24T15:33:15.389+0000] {taskinstance.py:1547} INFO - Exporting env vars: AIRFLOW_CTX_DAG_OWNER='***' AIRFLOW_CTX_DAG_ID='extract_energy_data_and_transform' AIRFLOW_CTX_TASK_ID='wait_for_clean_csv_sensor' AIRFLOW_CTX_EXECUTION_DATE='2024-02-24T15:25:54.832476+00:00' AIRFLOW_CTX_TRY_NUMBER='1' AIRFLOW_CTX_DAG_RUN_ID='manual__2024-02-24T15:25:54.832476+00:00'
[2024-02-24T15:33:15.426+0000] {python.py:72} INFO - Poking callable: <function _wait_for_csv at 0x7fe08d265e60>
[2024-02-24T15:33:15.500+0000] {taskinstance.py:1784} INFO - Rescheduling task, marking task as UP_FOR_RESCHEDULE
[2024-02-24T15:33:15.532+0000] {local_task_job_runner.py:225} INFO - Task exited with return code 0
[2024-02-24T15:33:15.619+0000] {taskinstance.py:2651} INFO - 0 downstream tasks scheduled from follow-on schedule check
[2024-02-24T15:33:47.613+0000] {taskinstance.py:1103} INFO - Dependencies all met for dep_context=non-requeueable deps ti=<TaskInstance: extract_energy_data_and_transform.wait_for_clean_csv_sensor manual__2024-02-24T15:25:54.832476+00:00 [queued]>
[2024-02-24T15:33:47.668+0000] {taskinstance.py:1103} INFO - Dependencies all met for dep_context=requeueable deps ti=<TaskInstance: extract_energy_data_and_transform.wait_for_clean_csv_sensor manual__2024-02-24T15:25:54.832476+00:00 [queued]>
[2024-02-24T15:33:47.670+0000] {taskinstance.py:1308} INFO - Starting attempt 1 of 1
[2024-02-24T15:33:47.716+0000] {taskinstance.py:1327} INFO - Executing <Task(PythonSensor): wait_for_clean_csv_sensor> on 2024-02-24 15:25:54.832476+00:00
[2024-02-24T15:33:47.738+0000] {standard_task_runner.py:57} INFO - Started process 4145 to run task
[2024-02-24T15:33:47.761+0000] {standard_task_runner.py:84} INFO - Running: ['***', 'tasks', 'run', 'extract_energy_data_and_transform', 'wait_for_clean_csv_sensor', 'manual__2024-02-24T15:25:54.832476+00:00', '--job-id', '358', '--raw', '--subdir', 'DAGS_FOLDER/energy-prod-cons-dag/data_energy_dag.py', '--cfg-path', '/tmp/tmp0y8uibdu']
[2024-02-24T15:33:47.770+0000] {standard_task_runner.py:85} INFO - Job 358: Subtask wait_for_clean_csv_sensor
[2024-02-24T15:33:47.888+0000] {task_command.py:410} INFO - Running <TaskInstance: extract_energy_data_and_transform.wait_for_clean_csv_sensor manual__2024-02-24T15:25:54.832476+00:00 [running]> on host 952b3f8a1a94
[2024-02-24T15:33:48.256+0000] {taskinstance.py:1547} INFO - Exporting env vars: AIRFLOW_CTX_DAG_OWNER='***' AIRFLOW_CTX_DAG_ID='extract_energy_data_and_transform' AIRFLOW_CTX_TASK_ID='wait_for_clean_csv_sensor' AIRFLOW_CTX_EXECUTION_DATE='2024-02-24T15:25:54.832476+00:00' AIRFLOW_CTX_TRY_NUMBER='1' AIRFLOW_CTX_DAG_RUN_ID='manual__2024-02-24T15:25:54.832476+00:00'
[2024-02-24T15:33:48.284+0000] {python.py:72} INFO - Poking callable: <function _wait_for_csv at 0x7fe08d225e60>
[2024-02-24T15:33:48.337+0000] {taskinstance.py:1784} INFO - Rescheduling task, marking task as UP_FOR_RESCHEDULE
[2024-02-24T15:33:48.366+0000] {local_task_job_runner.py:225} INFO - Task exited with return code 0
[2024-02-24T15:33:48.445+0000] {taskinstance.py:2651} INFO - 0 downstream tasks scheduled from follow-on schedule check
[2024-02-24T15:34:21.492+0000] {taskinstance.py:1103} INFO - Dependencies all met for dep_context=non-requeueable deps ti=<TaskInstance: extract_energy_data_and_transform.wait_for_clean_csv_sensor manual__2024-02-24T15:25:54.832476+00:00 [queued]>
[2024-02-24T15:34:21.544+0000] {taskinstance.py:1103} INFO - Dependencies all met for dep_context=requeueable deps ti=<TaskInstance: extract_energy_data_and_transform.wait_for_clean_csv_sensor manual__2024-02-24T15:25:54.832476+00:00 [queued]>
[2024-02-24T15:34:21.664+0000] {taskinstance.py:1308} INFO - Starting attempt 1 of 1
[2024-02-24T15:34:21.828+0000] {taskinstance.py:1327} INFO - Executing <Task(PythonSensor): wait_for_clean_csv_sensor> on 2024-02-24 15:25:54.832476+00:00
[2024-02-24T15:34:21.849+0000] {standard_task_runner.py:57} INFO - Started process 4160 to run task
[2024-02-24T15:34:21.868+0000] {standard_task_runner.py:84} INFO - Running: ['***', 'tasks', 'run', 'extract_energy_data_and_transform', 'wait_for_clean_csv_sensor', 'manual__2024-02-24T15:25:54.832476+00:00', '--job-id', '360', '--raw', '--subdir', 'DAGS_FOLDER/energy-prod-cons-dag/data_energy_dag.py', '--cfg-path', '/tmp/tmpzyjy51l4']
[2024-02-24T15:34:21.877+0000] {standard_task_runner.py:85} INFO - Job 360: Subtask wait_for_clean_csv_sensor
[2024-02-24T15:34:22.080+0000] {task_command.py:410} INFO - Running <TaskInstance: extract_energy_data_and_transform.wait_for_clean_csv_sensor manual__2024-02-24T15:25:54.832476+00:00 [running]> on host 952b3f8a1a94
[2024-02-24T15:34:22.400+0000] {taskinstance.py:1547} INFO - Exporting env vars: AIRFLOW_CTX_DAG_OWNER='***' AIRFLOW_CTX_DAG_ID='extract_energy_data_and_transform' AIRFLOW_CTX_TASK_ID='wait_for_clean_csv_sensor' AIRFLOW_CTX_EXECUTION_DATE='2024-02-24T15:25:54.832476+00:00' AIRFLOW_CTX_TRY_NUMBER='1' AIRFLOW_CTX_DAG_RUN_ID='manual__2024-02-24T15:25:54.832476+00:00'
[2024-02-24T15:34:22.466+0000] {python.py:72} INFO - Poking callable: <function _wait_for_csv at 0x7fe08d225e60>
[2024-02-24T15:34:22.544+0000] {taskinstance.py:1784} INFO - Rescheduling task, marking task as UP_FOR_RESCHEDULE
[2024-02-24T15:34:22.583+0000] {local_task_job_runner.py:225} INFO - Task exited with return code 0
[2024-02-24T15:34:22.726+0000] {taskinstance.py:2651} INFO - 0 downstream tasks scheduled from follow-on schedule check
[2024-02-24T15:35:00.965+0000] {taskinstance.py:1103} INFO - Dependencies all met for dep_context=non-requeueable deps ti=<TaskInstance: extract_energy_data_and_transform.wait_for_clean_csv_sensor manual__2024-02-24T15:25:54.832476+00:00 [queued]>
[2024-02-24T15:35:01.023+0000] {taskinstance.py:1103} INFO - Dependencies all met for dep_context=requeueable deps ti=<TaskInstance: extract_energy_data_and_transform.wait_for_clean_csv_sensor manual__2024-02-24T15:25:54.832476+00:00 [queued]>
[2024-02-24T15:35:01.037+0000] {taskinstance.py:1308} INFO - Starting attempt 1 of 1
[2024-02-24T15:35:01.452+0000] {taskinstance.py:1327} INFO - Executing <Task(PythonSensor): wait_for_clean_csv_sensor> on 2024-02-24 15:25:54.832476+00:00
[2024-02-24T15:35:01.616+0000] {standard_task_runner.py:57} INFO - Started process 4176 to run task
[2024-02-24T15:35:01.788+0000] {standard_task_runner.py:84} INFO - Running: ['***', 'tasks', 'run', 'extract_energy_data_and_transform', 'wait_for_clean_csv_sensor', 'manual__2024-02-24T15:25:54.832476+00:00', '--job-id', '362', '--raw', '--subdir', 'DAGS_FOLDER/energy-prod-cons-dag/data_energy_dag.py', '--cfg-path', '/tmp/tmpp1lfbna9']
[2024-02-24T15:35:01.849+0000] {standard_task_runner.py:85} INFO - Job 362: Subtask wait_for_clean_csv_sensor
[2024-02-24T15:35:02.554+0000] {task_command.py:410} INFO - Running <TaskInstance: extract_energy_data_and_transform.wait_for_clean_csv_sensor manual__2024-02-24T15:25:54.832476+00:00 [running]> on host 952b3f8a1a94
[2024-02-24T15:35:05.341+0000] {taskinstance.py:1547} INFO - Exporting env vars: AIRFLOW_CTX_DAG_OWNER='***' AIRFLOW_CTX_DAG_ID='extract_energy_data_and_transform' AIRFLOW_CTX_TASK_ID='wait_for_clean_csv_sensor' AIRFLOW_CTX_EXECUTION_DATE='2024-02-24T15:25:54.832476+00:00' AIRFLOW_CTX_TRY_NUMBER='1' AIRFLOW_CTX_DAG_RUN_ID='manual__2024-02-24T15:25:54.832476+00:00'
[2024-02-24T15:35:05.509+0000] {python.py:72} INFO - Poking callable: <function _wait_for_csv at 0x7fe08d225e60>
[2024-02-24T15:35:05.830+0000] {taskinstance.py:1784} INFO - Rescheduling task, marking task as UP_FOR_RESCHEDULE
[2024-02-24T15:35:06.218+0000] {local_task_job_runner.py:225} INFO - Task exited with return code 0
[2024-02-24T15:35:07.168+0000] {taskinstance.py:2651} INFO - 0 downstream tasks scheduled from follow-on schedule check
[2024-02-24T15:35:51.485+0000] {taskinstance.py:1103} INFO - Dependencies all met for dep_context=non-requeueable deps ti=<TaskInstance: extract_energy_data_and_transform.wait_for_clean_csv_sensor manual__2024-02-24T15:25:54.832476+00:00 [queued]>
[2024-02-24T15:35:51.690+0000] {taskinstance.py:1103} INFO - Dependencies all met for dep_context=requeueable deps ti=<TaskInstance: extract_energy_data_and_transform.wait_for_clean_csv_sensor manual__2024-02-24T15:25:54.832476+00:00 [queued]>
[2024-02-24T15:35:51.730+0000] {taskinstance.py:1308} INFO - Starting attempt 1 of 1
[2024-02-24T15:35:52.617+0000] {taskinstance.py:1327} INFO - Executing <Task(PythonSensor): wait_for_clean_csv_sensor> on 2024-02-24 15:25:54.832476+00:00
[2024-02-24T15:35:52.663+0000] {standard_task_runner.py:57} INFO - Started process 4190 to run task
[2024-02-24T15:35:52.677+0000] {standard_task_runner.py:84} INFO - Running: ['***', 'tasks', 'run', 'extract_energy_data_and_transform', 'wait_for_clean_csv_sensor', 'manual__2024-02-24T15:25:54.832476+00:00', '--job-id', '364', '--raw', '--subdir', 'DAGS_FOLDER/energy-prod-cons-dag/data_energy_dag.py', '--cfg-path', '/tmp/tmp4ni4zxx0']
[2024-02-24T15:35:52.735+0000] {standard_task_runner.py:85} INFO - Job 364: Subtask wait_for_clean_csv_sensor
[2024-02-24T15:35:53.896+0000] {task_command.py:410} INFO - Running <TaskInstance: extract_energy_data_and_transform.wait_for_clean_csv_sensor manual__2024-02-24T15:25:54.832476+00:00 [running]> on host 952b3f8a1a94
[2024-02-24T15:35:54.854+0000] {taskinstance.py:1547} INFO - Exporting env vars: AIRFLOW_CTX_DAG_OWNER='***' AIRFLOW_CTX_DAG_ID='extract_energy_data_and_transform' AIRFLOW_CTX_TASK_ID='wait_for_clean_csv_sensor' AIRFLOW_CTX_EXECUTION_DATE='2024-02-24T15:25:54.832476+00:00' AIRFLOW_CTX_TRY_NUMBER='1' AIRFLOW_CTX_DAG_RUN_ID='manual__2024-02-24T15:25:54.832476+00:00'
[2024-02-24T15:35:54.931+0000] {python.py:72} INFO - Poking callable: <function _wait_for_csv at 0x7fe08d225e60>
[2024-02-24T15:35:55.032+0000] {taskinstance.py:1784} INFO - Rescheduling task, marking task as UP_FOR_RESCHEDULE
[2024-02-24T15:35:55.117+0000] {local_task_job_runner.py:225} INFO - Task exited with return code 0
[2024-02-24T15:35:55.309+0000] {taskinstance.py:2651} INFO - 0 downstream tasks scheduled from follow-on schedule check
[2024-02-24T15:36:59.376+0000] {taskinstance.py:1103} INFO - Dependencies all met for dep_context=non-requeueable deps ti=<TaskInstance: extract_energy_data_and_transform.wait_for_clean_csv_sensor manual__2024-02-24T15:25:54.832476+00:00 [queued]>
[2024-02-24T15:36:59.943+0000] {taskinstance.py:1103} INFO - Dependencies all met for dep_context=requeueable deps ti=<TaskInstance: extract_energy_data_and_transform.wait_for_clean_csv_sensor manual__2024-02-24T15:25:54.832476+00:00 [queued]>
[2024-02-24T15:36:59.947+0000] {taskinstance.py:1308} INFO - Starting attempt 1 of 1
[2024-02-24T15:37:00.879+0000] {taskinstance.py:1327} INFO - Executing <Task(PythonSensor): wait_for_clean_csv_sensor> on 2024-02-24 15:25:54.832476+00:00
[2024-02-24T15:37:01.239+0000] {standard_task_runner.py:57} INFO - Started process 4216 to run task
[2024-02-24T15:37:01.649+0000] {standard_task_runner.py:84} INFO - Running: ['***', 'tasks', 'run', 'extract_energy_data_and_transform', 'wait_for_clean_csv_sensor', 'manual__2024-02-24T15:25:54.832476+00:00', '--job-id', '366', '--raw', '--subdir', 'DAGS_FOLDER/energy-prod-cons-dag/data_energy_dag.py', '--cfg-path', '/tmp/tmp_0jvudy3']
[2024-02-24T15:37:01.944+0000] {standard_task_runner.py:85} INFO - Job 366: Subtask wait_for_clean_csv_sensor
[2024-02-24T15:37:04.117+0000] {task_command.py:410} INFO - Running <TaskInstance: extract_energy_data_and_transform.wait_for_clean_csv_sensor manual__2024-02-24T15:25:54.832476+00:00 [running]> on host 952b3f8a1a94
[2024-02-24T15:37:07.912+0000] {taskinstance.py:1547} INFO - Exporting env vars: AIRFLOW_CTX_DAG_OWNER='***' AIRFLOW_CTX_DAG_ID='extract_energy_data_and_transform' AIRFLOW_CTX_TASK_ID='wait_for_clean_csv_sensor' AIRFLOW_CTX_EXECUTION_DATE='2024-02-24T15:25:54.832476+00:00' AIRFLOW_CTX_TRY_NUMBER='1' AIRFLOW_CTX_DAG_RUN_ID='manual__2024-02-24T15:25:54.832476+00:00'
[2024-02-24T15:37:08.423+0000] {python.py:72} INFO - Poking callable: <function _wait_for_csv at 0x7fe08d225e60>
[2024-02-24T15:37:08.809+0000] {taskinstance.py:1784} INFO - Rescheduling task, marking task as UP_FOR_RESCHEDULE
[2024-02-24T15:37:09.040+0000] {local_task_job_runner.py:225} INFO - Task exited with return code 0
[2024-02-24T15:37:09.550+0000] {taskinstance.py:2651} INFO - 0 downstream tasks scheduled from follow-on schedule check
[2024-02-24T15:37:55.476+0000] {taskinstance.py:1103} INFO - Dependencies all met for dep_context=non-requeueable deps ti=<TaskInstance: extract_energy_data_and_transform.wait_for_clean_csv_sensor manual__2024-02-24T15:25:54.832476+00:00 [queued]>
[2024-02-24T15:37:55.527+0000] {taskinstance.py:1103} INFO - Dependencies all met for dep_context=requeueable deps ti=<TaskInstance: extract_energy_data_and_transform.wait_for_clean_csv_sensor manual__2024-02-24T15:25:54.832476+00:00 [queued]>
[2024-02-24T15:37:55.530+0000] {taskinstance.py:1308} INFO - Starting attempt 1 of 1
[2024-02-24T15:37:55.597+0000] {taskinstance.py:1327} INFO - Executing <Task(PythonSensor): wait_for_clean_csv_sensor> on 2024-02-24 15:25:54.832476+00:00
[2024-02-24T15:37:55.620+0000] {standard_task_runner.py:57} INFO - Started process 4234 to run task
[2024-02-24T15:37:55.702+0000] {standard_task_runner.py:84} INFO - Running: ['***', 'tasks', 'run', 'extract_energy_data_and_transform', 'wait_for_clean_csv_sensor', 'manual__2024-02-24T15:25:54.832476+00:00', '--job-id', '369', '--raw', '--subdir', 'DAGS_FOLDER/energy-prod-cons-dag/data_energy_dag.py', '--cfg-path', '/tmp/tmp2wv6n8ie']
[2024-02-24T15:37:55.738+0000] {standard_task_runner.py:85} INFO - Job 369: Subtask wait_for_clean_csv_sensor
[2024-02-24T15:37:56.208+0000] {task_command.py:410} INFO - Running <TaskInstance: extract_energy_data_and_transform.wait_for_clean_csv_sensor manual__2024-02-24T15:25:54.832476+00:00 [running]> on host 952b3f8a1a94
[2024-02-24T15:37:56.945+0000] {taskinstance.py:1547} INFO - Exporting env vars: AIRFLOW_CTX_DAG_OWNER='***' AIRFLOW_CTX_DAG_ID='extract_energy_data_and_transform' AIRFLOW_CTX_TASK_ID='wait_for_clean_csv_sensor' AIRFLOW_CTX_EXECUTION_DATE='2024-02-24T15:25:54.832476+00:00' AIRFLOW_CTX_TRY_NUMBER='1' AIRFLOW_CTX_DAG_RUN_ID='manual__2024-02-24T15:25:54.832476+00:00'
[2024-02-24T15:37:57.015+0000] {python.py:72} INFO - Poking callable: <function _wait_for_csv at 0x7fe08d22a050>
[2024-02-24T15:37:57.136+0000] {taskinstance.py:1784} INFO - Rescheduling task, marking task as UP_FOR_RESCHEDULE
[2024-02-24T15:37:57.239+0000] {local_task_job_runner.py:225} INFO - Task exited with return code 0
[2024-02-24T15:37:57.742+0000] {taskinstance.py:2651} INFO - 0 downstream tasks scheduled from follow-on schedule check
[2024-02-24T15:38:47.016+0000] {taskinstance.py:1103} INFO - Dependencies all met for dep_context=non-requeueable deps ti=<TaskInstance: extract_energy_data_and_transform.wait_for_clean_csv_sensor manual__2024-02-24T15:25:54.832476+00:00 [queued]>
[2024-02-24T15:38:47.420+0000] {taskinstance.py:1103} INFO - Dependencies all met for dep_context=requeueable deps ti=<TaskInstance: extract_energy_data_and_transform.wait_for_clean_csv_sensor manual__2024-02-24T15:25:54.832476+00:00 [queued]>
[2024-02-24T15:38:47.503+0000] {taskinstance.py:1308} INFO - Starting attempt 1 of 1
[2024-02-24T15:38:48.107+0000] {taskinstance.py:1327} INFO - Executing <Task(PythonSensor): wait_for_clean_csv_sensor> on 2024-02-24 15:25:54.832476+00:00
[2024-02-24T15:38:48.226+0000] {standard_task_runner.py:57} INFO - Started process 4247 to run task
[2024-02-24T15:38:48.338+0000] {standard_task_runner.py:84} INFO - Running: ['***', 'tasks', 'run', 'extract_energy_data_and_transform', 'wait_for_clean_csv_sensor', 'manual__2024-02-24T15:25:54.832476+00:00', '--job-id', '370', '--raw', '--subdir', 'DAGS_FOLDER/energy-prod-cons-dag/data_energy_dag.py', '--cfg-path', '/tmp/tmp8lr7rptl']
[2024-02-24T15:38:48.456+0000] {standard_task_runner.py:85} INFO - Job 370: Subtask wait_for_clean_csv_sensor
[2024-02-24T15:38:51.614+0000] {task_command.py:410} INFO - Running <TaskInstance: extract_energy_data_and_transform.wait_for_clean_csv_sensor manual__2024-02-24T15:25:54.832476+00:00 [running]> on host 952b3f8a1a94
[2024-02-24T15:38:55.536+0000] {taskinstance.py:1547} INFO - Exporting env vars: AIRFLOW_CTX_DAG_OWNER='***' AIRFLOW_CTX_DAG_ID='extract_energy_data_and_transform' AIRFLOW_CTX_TASK_ID='wait_for_clean_csv_sensor' AIRFLOW_CTX_EXECUTION_DATE='2024-02-24T15:25:54.832476+00:00' AIRFLOW_CTX_TRY_NUMBER='1' AIRFLOW_CTX_DAG_RUN_ID='manual__2024-02-24T15:25:54.832476+00:00'
[2024-02-24T15:38:55.885+0000] {python.py:72} INFO - Poking callable: <function _wait_for_csv at 0x7fe08d225e60>
[2024-02-24T15:38:56.300+0000] {taskinstance.py:1784} INFO - Rescheduling task, marking task as UP_FOR_RESCHEDULE
[2024-02-24T15:38:56.488+0000] {local_task_job_runner.py:225} INFO - Task exited with return code 0
[2024-02-24T15:38:57.155+0000] {taskinstance.py:2651} INFO - 0 downstream tasks scheduled from follow-on schedule check
[2024-02-24T15:39:51.191+0000] {taskinstance.py:1103} INFO - Dependencies all met for dep_context=non-requeueable deps ti=<TaskInstance: extract_energy_data_and_transform.wait_for_clean_csv_sensor manual__2024-02-24T15:25:54.832476+00:00 [queued]>
[2024-02-24T15:39:51.273+0000] {taskinstance.py:1103} INFO - Dependencies all met for dep_context=requeueable deps ti=<TaskInstance: extract_energy_data_and_transform.wait_for_clean_csv_sensor manual__2024-02-24T15:25:54.832476+00:00 [queued]>
[2024-02-24T15:39:51.281+0000] {taskinstance.py:1308} INFO - Starting attempt 1 of 1
[2024-02-24T15:39:51.462+0000] {taskinstance.py:1327} INFO - Executing <Task(PythonSensor): wait_for_clean_csv_sensor> on 2024-02-24 15:25:54.832476+00:00
[2024-02-24T15:39:51.502+0000] {standard_task_runner.py:57} INFO - Started process 4276 to run task
[2024-02-24T15:39:51.550+0000] {standard_task_runner.py:84} INFO - Running: ['***', 'tasks', 'run', 'extract_energy_data_and_transform', 'wait_for_clean_csv_sensor', 'manual__2024-02-24T15:25:54.832476+00:00', '--job-id', '374', '--raw', '--subdir', 'DAGS_FOLDER/energy-prod-cons-dag/data_energy_dag.py', '--cfg-path', '/tmp/tmp4p_ismeb']
[2024-02-24T15:39:51.614+0000] {standard_task_runner.py:85} INFO - Job 374: Subtask wait_for_clean_csv_sensor
[2024-02-24T15:39:52.240+0000] {task_command.py:410} INFO - Running <TaskInstance: extract_energy_data_and_transform.wait_for_clean_csv_sensor manual__2024-02-24T15:25:54.832476+00:00 [running]> on host 952b3f8a1a94
[2024-02-24T15:39:52.606+0000] {taskinstance.py:1547} INFO - Exporting env vars: AIRFLOW_CTX_DAG_OWNER='***' AIRFLOW_CTX_DAG_ID='extract_energy_data_and_transform' AIRFLOW_CTX_TASK_ID='wait_for_clean_csv_sensor' AIRFLOW_CTX_EXECUTION_DATE='2024-02-24T15:25:54.832476+00:00' AIRFLOW_CTX_TRY_NUMBER='1' AIRFLOW_CTX_DAG_RUN_ID='manual__2024-02-24T15:25:54.832476+00:00'
[2024-02-24T15:39:52.652+0000] {python.py:72} INFO - Poking callable: <function _wait_for_csv at 0x7fe08d212e60>
[2024-02-24T15:39:52.795+0000] {taskinstance.py:1784} INFO - Rescheduling task, marking task as UP_FOR_RESCHEDULE
[2024-02-24T15:39:52.847+0000] {local_task_job_runner.py:225} INFO - Task exited with return code 0
[2024-02-24T15:39:52.960+0000] {taskinstance.py:2651} INFO - 0 downstream tasks scheduled from follow-on schedule check
[2024-02-24T15:40:31.814+0000] {taskinstance.py:1103} INFO - Dependencies all met for dep_context=non-requeueable deps ti=<TaskInstance: extract_energy_data_and_transform.wait_for_clean_csv_sensor manual__2024-02-24T15:25:54.832476+00:00 [queued]>
[2024-02-24T15:40:32.067+0000] {taskinstance.py:1103} INFO - Dependencies all met for dep_context=requeueable deps ti=<TaskInstance: extract_energy_data_and_transform.wait_for_clean_csv_sensor manual__2024-02-24T15:25:54.832476+00:00 [queued]>
[2024-02-24T15:40:32.102+0000] {taskinstance.py:1308} INFO - Starting attempt 1 of 1
[2024-02-24T15:40:32.441+0000] {taskinstance.py:1327} INFO - Executing <Task(PythonSensor): wait_for_clean_csv_sensor> on 2024-02-24 15:25:54.832476+00:00
[2024-02-24T15:40:32.470+0000] {standard_task_runner.py:57} INFO - Started process 4295 to run task
[2024-02-24T15:40:32.515+0000] {standard_task_runner.py:84} INFO - Running: ['***', 'tasks', 'run', 'extract_energy_data_and_transform', 'wait_for_clean_csv_sensor', 'manual__2024-02-24T15:25:54.832476+00:00', '--job-id', '378', '--raw', '--subdir', 'DAGS_FOLDER/energy-prod-cons-dag/data_energy_dag.py', '--cfg-path', '/tmp/tmpx675fwff']
[2024-02-24T15:40:32.588+0000] {standard_task_runner.py:85} INFO - Job 378: Subtask wait_for_clean_csv_sensor
[2024-02-24T15:40:32.942+0000] {task_command.py:410} INFO - Running <TaskInstance: extract_energy_data_and_transform.wait_for_clean_csv_sensor manual__2024-02-24T15:25:54.832476+00:00 [running]> on host 952b3f8a1a94
[2024-02-24T15:40:33.778+0000] {taskinstance.py:1547} INFO - Exporting env vars: AIRFLOW_CTX_DAG_OWNER='***' AIRFLOW_CTX_DAG_ID='extract_energy_data_and_transform' AIRFLOW_CTX_TASK_ID='wait_for_clean_csv_sensor' AIRFLOW_CTX_EXECUTION_DATE='2024-02-24T15:25:54.832476+00:00' AIRFLOW_CTX_TRY_NUMBER='1' AIRFLOW_CTX_DAG_RUN_ID='manual__2024-02-24T15:25:54.832476+00:00'
[2024-02-24T15:40:33.841+0000] {python.py:72} INFO - Poking callable: <function _wait_for_csv at 0x7fe08d225e60>
[2024-02-24T15:40:33.995+0000] {taskinstance.py:1784} INFO - Rescheduling task, marking task as UP_FOR_RESCHEDULE
[2024-02-24T15:40:34.089+0000] {local_task_job_runner.py:225} INFO - Task exited with return code 0
[2024-02-24T15:40:34.297+0000] {taskinstance.py:2651} INFO - 0 downstream tasks scheduled from follow-on schedule check
[2024-02-24T15:41:17.917+0000] {taskinstance.py:1103} INFO - Dependencies all met for dep_context=non-requeueable deps ti=<TaskInstance: extract_energy_data_and_transform.wait_for_clean_csv_sensor manual__2024-02-24T15:25:54.832476+00:00 [queued]>
[2024-02-24T15:41:18.030+0000] {taskinstance.py:1103} INFO - Dependencies all met for dep_context=requeueable deps ti=<TaskInstance: extract_energy_data_and_transform.wait_for_clean_csv_sensor manual__2024-02-24T15:25:54.832476+00:00 [queued]>
[2024-02-24T15:41:18.085+0000] {taskinstance.py:1308} INFO - Starting attempt 1 of 1
[2024-02-24T15:41:20.286+0000] {taskinstance.py:1327} INFO - Executing <Task(PythonSensor): wait_for_clean_csv_sensor> on 2024-02-24 15:25:54.832476+00:00
[2024-02-24T15:41:20.495+0000] {standard_task_runner.py:57} INFO - Started process 4314 to run task
[2024-02-24T15:41:20.637+0000] {standard_task_runner.py:84} INFO - Running: ['***', 'tasks', 'run', 'extract_energy_data_and_transform', 'wait_for_clean_csv_sensor', 'manual__2024-02-24T15:25:54.832476+00:00', '--job-id', '380', '--raw', '--subdir', 'DAGS_FOLDER/energy-prod-cons-dag/data_energy_dag.py', '--cfg-path', '/tmp/tmp011f3oyh']
[2024-02-24T15:41:20.683+0000] {standard_task_runner.py:85} INFO - Job 380: Subtask wait_for_clean_csv_sensor
[2024-02-24T15:41:21.358+0000] {task_command.py:410} INFO - Running <TaskInstance: extract_energy_data_and_transform.wait_for_clean_csv_sensor manual__2024-02-24T15:25:54.832476+00:00 [running]> on host 952b3f8a1a94
[2024-02-24T15:41:25.902+0000] {taskinstance.py:1547} INFO - Exporting env vars: AIRFLOW_CTX_DAG_OWNER='***' AIRFLOW_CTX_DAG_ID='extract_energy_data_and_transform' AIRFLOW_CTX_TASK_ID='wait_for_clean_csv_sensor' AIRFLOW_CTX_EXECUTION_DATE='2024-02-24T15:25:54.832476+00:00' AIRFLOW_CTX_TRY_NUMBER='1' AIRFLOW_CTX_DAG_RUN_ID='manual__2024-02-24T15:25:54.832476+00:00'
[2024-02-24T15:41:26.120+0000] {python.py:72} INFO - Poking callable: <function _wait_for_csv at 0x7fe08d225e60>
[2024-02-24T15:41:26.518+0000] {taskinstance.py:1784} INFO - Rescheduling task, marking task as UP_FOR_RESCHEDULE
[2024-02-24T15:41:26.597+0000] {local_task_job_runner.py:225} INFO - Task exited with return code 0
[2024-02-24T15:41:33.895+0000] {taskinstance.py:2651} INFO - 0 downstream tasks scheduled from follow-on schedule check
