[2023-06-14T19:31:29.179+0000] {taskinstance.py:1103} INFO - Dependencies all met for dep_context=non-requeueable deps ti=<TaskInstance: get_university_api_send_psql.wait_for_json manual__2023-06-14T19:30:54.593243+00:00 [queued]>
[2023-06-14T19:31:29.287+0000] {taskinstance.py:1103} INFO - Dependencies all met for dep_context=requeueable deps ti=<TaskInstance: get_university_api_send_psql.wait_for_json manual__2023-06-14T19:30:54.593243+00:00 [queued]>
[2023-06-14T19:31:29.289+0000] {taskinstance.py:1308} INFO - Starting attempt 1 of 1
[2023-06-14T19:31:29.491+0000] {taskinstance.py:1327} INFO - Executing <Task(PythonSensor): wait_for_json> on 2023-06-14 19:30:54.593243+00:00
[2023-06-14T19:31:29.718+0000] {standard_task_runner.py:57} INFO - Started process 9078 to run task
[2023-06-14T19:31:29.804+0000] {standard_task_runner.py:84} INFO - Running: ['***', 'tasks', 'run', 'get_university_api_send_psql', 'wait_for_json', 'manual__2023-06-14T19:30:54.593243+00:00', '--job-id', '1612', '--raw', '--subdir', 'DAGS_FOLDER/data-university-from-api-dag/data_university_from_api_dag.py', '--cfg-path', '/tmp/tmp41m9v9op']
[2023-06-14T19:31:29.884+0000] {standard_task_runner.py:85} INFO - Job 1612: Subtask wait_for_json
[2023-06-14T19:31:30.549+0000] {task_command.py:410} INFO - Running <TaskInstance: get_university_api_send_psql.wait_for_json manual__2023-06-14T19:30:54.593243+00:00 [running]> on host cd01a659cc96
[2023-06-14T19:31:31.182+0000] {taskinstance.py:1547} INFO - Exporting env vars: AIRFLOW_CTX_DAG_OWNER='***' AIRFLOW_CTX_DAG_ID='get_university_api_send_psql' AIRFLOW_CTX_TASK_ID='wait_for_json' AIRFLOW_CTX_EXECUTION_DATE='2023-06-14T19:30:54.593243+00:00' AIRFLOW_CTX_TRY_NUMBER='1' AIRFLOW_CTX_DAG_RUN_ID='manual__2023-06-14T19:30:54.593243+00:00'
[2023-06-14T19:31:31.238+0000] {python.py:72} INFO - Poking callable: <function _wait_for_json at 0x7fb93c12b440>
[2023-06-14T19:31:31.432+0000] {taskinstance.py:1784} INFO - Rescheduling task, marking task as UP_FOR_RESCHEDULE
[2023-06-14T19:31:31.570+0000] {local_task_job_runner.py:225} INFO - Task exited with return code 0
[2023-06-14T19:31:31.769+0000] {taskinstance.py:2651} INFO - 0 downstream tasks scheduled from follow-on schedule check
[2023-06-14T19:32:05.508+0000] {taskinstance.py:1103} INFO - Dependencies all met for dep_context=non-requeueable deps ti=<TaskInstance: get_university_api_send_psql.wait_for_json manual__2023-06-14T19:30:54.593243+00:00 [queued]>
[2023-06-14T19:32:05.604+0000] {taskinstance.py:1103} INFO - Dependencies all met for dep_context=requeueable deps ti=<TaskInstance: get_university_api_send_psql.wait_for_json manual__2023-06-14T19:30:54.593243+00:00 [queued]>
[2023-06-14T19:32:05.607+0000] {taskinstance.py:1308} INFO - Starting attempt 1 of 1
[2023-06-14T19:32:05.689+0000] {taskinstance.py:1327} INFO - Executing <Task(PythonSensor): wait_for_json> on 2023-06-14 19:30:54.593243+00:00
[2023-06-14T19:32:05.770+0000] {standard_task_runner.py:57} INFO - Started process 9099 to run task
[2023-06-14T19:32:05.821+0000] {standard_task_runner.py:84} INFO - Running: ['***', 'tasks', 'run', 'get_university_api_send_psql', 'wait_for_json', 'manual__2023-06-14T19:30:54.593243+00:00', '--job-id', '1616', '--raw', '--subdir', 'DAGS_FOLDER/data-university-from-api-dag/data_university_from_api_dag.py', '--cfg-path', '/tmp/tmpgh09hwcl']
[2023-06-14T19:32:05.848+0000] {standard_task_runner.py:85} INFO - Job 1616: Subtask wait_for_json
[2023-06-14T19:32:34.302+0000] {task_command.py:410} INFO - Running <TaskInstance: get_university_api_send_psql.wait_for_json manual__2023-06-14T19:30:54.593243+00:00 [running]> on host cd01a659cc96
[2023-06-14T19:32:36.740+0000] {taskinstance.py:1547} INFO - Exporting env vars: AIRFLOW_CTX_DAG_OWNER='***' AIRFLOW_CTX_DAG_ID='get_university_api_send_psql' AIRFLOW_CTX_TASK_ID='wait_for_json' AIRFLOW_CTX_EXECUTION_DATE='2023-06-14T19:30:54.593243+00:00' AIRFLOW_CTX_TRY_NUMBER='1' AIRFLOW_CTX_DAG_RUN_ID='manual__2023-06-14T19:30:54.593243+00:00'
[2023-06-14T19:32:36.816+0000] {python.py:72} INFO - Poking callable: <function _wait_for_json at 0x7fb93c17a200>
[2023-06-14T19:32:36.975+0000] {taskinstance.py:1784} INFO - Rescheduling task, marking task as UP_FOR_RESCHEDULE
[2023-06-14T19:32:37.130+0000] {local_task_job_runner.py:225} INFO - Task exited with return code 0
[2023-06-14T19:32:37.367+0000] {taskinstance.py:2651} INFO - 0 downstream tasks scheduled from follow-on schedule check
[2023-06-14T19:33:09.565+0000] {taskinstance.py:1103} INFO - Dependencies all met for dep_context=non-requeueable deps ti=<TaskInstance: get_university_api_send_psql.wait_for_json manual__2023-06-14T19:30:54.593243+00:00 [queued]>
[2023-06-14T19:33:09.582+0000] {taskinstance.py:1103} INFO - Dependencies all met for dep_context=requeueable deps ti=<TaskInstance: get_university_api_send_psql.wait_for_json manual__2023-06-14T19:30:54.593243+00:00 [queued]>
[2023-06-14T19:33:09.583+0000] {taskinstance.py:1308} INFO - Starting attempt 1 of 1
[2023-06-14T19:33:09.610+0000] {taskinstance.py:1327} INFO - Executing <Task(PythonSensor): wait_for_json> on 2023-06-14 19:30:54.593243+00:00
[2023-06-14T19:33:09.619+0000] {standard_task_runner.py:57} INFO - Started process 9128 to run task
[2023-06-14T19:33:09.625+0000] {standard_task_runner.py:84} INFO - Running: ['***', 'tasks', 'run', 'get_university_api_send_psql', 'wait_for_json', 'manual__2023-06-14T19:30:54.593243+00:00', '--job-id', '1620', '--raw', '--subdir', 'DAGS_FOLDER/data-university-from-api-dag/data_university_from_api_dag.py', '--cfg-path', '/tmp/tmpt68o51ph']
[2023-06-14T19:33:09.632+0000] {standard_task_runner.py:85} INFO - Job 1620: Subtask wait_for_json
[2023-06-14T19:33:09.710+0000] {task_command.py:410} INFO - Running <TaskInstance: get_university_api_send_psql.wait_for_json manual__2023-06-14T19:30:54.593243+00:00 [running]> on host cd01a659cc96
[2023-06-14T19:33:09.825+0000] {taskinstance.py:1547} INFO - Exporting env vars: AIRFLOW_CTX_DAG_OWNER='***' AIRFLOW_CTX_DAG_ID='get_university_api_send_psql' AIRFLOW_CTX_TASK_ID='wait_for_json' AIRFLOW_CTX_EXECUTION_DATE='2023-06-14T19:30:54.593243+00:00' AIRFLOW_CTX_TRY_NUMBER='1' AIRFLOW_CTX_DAG_RUN_ID='manual__2023-06-14T19:30:54.593243+00:00'
[2023-06-14T19:33:09.845+0000] {python.py:72} INFO - Poking callable: <function _wait_for_json at 0x7fb93c17a200>
[2023-06-14T19:33:09.877+0000] {taskinstance.py:1784} INFO - Rescheduling task, marking task as UP_FOR_RESCHEDULE
[2023-06-14T19:33:09.934+0000] {local_task_job_runner.py:225} INFO - Task exited with return code 0
[2023-06-14T19:33:09.987+0000] {taskinstance.py:2651} INFO - 0 downstream tasks scheduled from follow-on schedule check
[2023-06-14T19:33:42.679+0000] {taskinstance.py:1103} INFO - Dependencies all met for dep_context=non-requeueable deps ti=<TaskInstance: get_university_api_send_psql.wait_for_json manual__2023-06-14T19:30:54.593243+00:00 [queued]>
[2023-06-14T19:33:42.708+0000] {taskinstance.py:1103} INFO - Dependencies all met for dep_context=requeueable deps ti=<TaskInstance: get_university_api_send_psql.wait_for_json manual__2023-06-14T19:30:54.593243+00:00 [queued]>
[2023-06-14T19:33:42.713+0000] {taskinstance.py:1308} INFO - Starting attempt 1 of 1
[2023-06-14T19:33:42.790+0000] {taskinstance.py:1327} INFO - Executing <Task(PythonSensor): wait_for_json> on 2023-06-14 19:30:54.593243+00:00
[2023-06-14T19:33:42.814+0000] {standard_task_runner.py:57} INFO - Started process 9144 to run task
[2023-06-14T19:33:42.859+0000] {standard_task_runner.py:84} INFO - Running: ['***', 'tasks', 'run', 'get_university_api_send_psql', 'wait_for_json', 'manual__2023-06-14T19:30:54.593243+00:00', '--job-id', '1623', '--raw', '--subdir', 'DAGS_FOLDER/data-university-from-api-dag/data_university_from_api_dag.py', '--cfg-path', '/tmp/tmpsi1g4gx6']
[2023-06-14T19:33:42.884+0000] {standard_task_runner.py:85} INFO - Job 1623: Subtask wait_for_json
[2023-06-14T19:33:43.075+0000] {task_command.py:410} INFO - Running <TaskInstance: get_university_api_send_psql.wait_for_json manual__2023-06-14T19:30:54.593243+00:00 [running]> on host cd01a659cc96
[2023-06-14T19:33:43.240+0000] {taskinstance.py:1547} INFO - Exporting env vars: AIRFLOW_CTX_DAG_OWNER='***' AIRFLOW_CTX_DAG_ID='get_university_api_send_psql' AIRFLOW_CTX_TASK_ID='wait_for_json' AIRFLOW_CTX_EXECUTION_DATE='2023-06-14T19:30:54.593243+00:00' AIRFLOW_CTX_TRY_NUMBER='1' AIRFLOW_CTX_DAG_RUN_ID='manual__2023-06-14T19:30:54.593243+00:00'
[2023-06-14T19:33:43.286+0000] {python.py:72} INFO - Poking callable: <function _wait_for_json at 0x7fb93c17a200>
[2023-06-14T19:33:43.348+0000] {taskinstance.py:1784} INFO - Rescheduling task, marking task as UP_FOR_RESCHEDULE
[2023-06-14T19:33:43.472+0000] {local_task_job_runner.py:225} INFO - Task exited with return code 0
[2023-06-14T19:33:43.652+0000] {taskinstance.py:2651} INFO - 0 downstream tasks scheduled from follow-on schedule check
[2023-06-14T19:34:16.763+0000] {taskinstance.py:1103} INFO - Dependencies all met for dep_context=non-requeueable deps ti=<TaskInstance: get_university_api_send_psql.wait_for_json manual__2023-06-14T19:30:54.593243+00:00 [queued]>
[2023-06-14T19:34:16.792+0000] {taskinstance.py:1103} INFO - Dependencies all met for dep_context=requeueable deps ti=<TaskInstance: get_university_api_send_psql.wait_for_json manual__2023-06-14T19:30:54.593243+00:00 [queued]>
[2023-06-14T19:34:16.794+0000] {taskinstance.py:1308} INFO - Starting attempt 1 of 1
[2023-06-14T19:34:16.818+0000] {taskinstance.py:1327} INFO - Executing <Task(PythonSensor): wait_for_json> on 2023-06-14 19:30:54.593243+00:00
[2023-06-14T19:34:16.838+0000] {standard_task_runner.py:57} INFO - Started process 9161 to run task
[2023-06-14T19:34:16.861+0000] {standard_task_runner.py:84} INFO - Running: ['***', 'tasks', 'run', 'get_university_api_send_psql', 'wait_for_json', 'manual__2023-06-14T19:30:54.593243+00:00', '--job-id', '1627', '--raw', '--subdir', 'DAGS_FOLDER/data-university-from-api-dag/data_university_from_api_dag.py', '--cfg-path', '/tmp/tmpnn925kba']
[2023-06-14T19:34:16.868+0000] {standard_task_runner.py:85} INFO - Job 1627: Subtask wait_for_json
[2023-06-14T19:34:17.152+0000] {task_command.py:410} INFO - Running <TaskInstance: get_university_api_send_psql.wait_for_json manual__2023-06-14T19:30:54.593243+00:00 [running]> on host cd01a659cc96
[2023-06-14T19:34:17.442+0000] {taskinstance.py:1547} INFO - Exporting env vars: AIRFLOW_CTX_DAG_OWNER='***' AIRFLOW_CTX_DAG_ID='get_university_api_send_psql' AIRFLOW_CTX_TASK_ID='wait_for_json' AIRFLOW_CTX_EXECUTION_DATE='2023-06-14T19:30:54.593243+00:00' AIRFLOW_CTX_TRY_NUMBER='1' AIRFLOW_CTX_DAG_RUN_ID='manual__2023-06-14T19:30:54.593243+00:00'
[2023-06-14T19:34:17.476+0000] {python.py:72} INFO - Poking callable: <function _wait_for_json at 0x7fb93c18c3b0>
[2023-06-14T19:34:17.566+0000] {taskinstance.py:1784} INFO - Rescheduling task, marking task as UP_FOR_RESCHEDULE
[2023-06-14T19:34:17.627+0000] {local_task_job_runner.py:225} INFO - Task exited with return code 0
[2023-06-14T19:34:17.743+0000] {taskinstance.py:2651} INFO - 0 downstream tasks scheduled from follow-on schedule check
[2023-06-14T19:34:50.726+0000] {taskinstance.py:1103} INFO - Dependencies all met for dep_context=non-requeueable deps ti=<TaskInstance: get_university_api_send_psql.wait_for_json manual__2023-06-14T19:30:54.593243+00:00 [queued]>
[2023-06-14T19:34:50.857+0000] {taskinstance.py:1103} INFO - Dependencies all met for dep_context=requeueable deps ti=<TaskInstance: get_university_api_send_psql.wait_for_json manual__2023-06-14T19:30:54.593243+00:00 [queued]>
[2023-06-14T19:34:50.859+0000] {taskinstance.py:1308} INFO - Starting attempt 1 of 1
[2023-06-14T19:34:50.992+0000] {taskinstance.py:1327} INFO - Executing <Task(PythonSensor): wait_for_json> on 2023-06-14 19:30:54.593243+00:00
[2023-06-14T19:34:51.074+0000] {standard_task_runner.py:57} INFO - Started process 9180 to run task
[2023-06-14T19:34:51.129+0000] {standard_task_runner.py:84} INFO - Running: ['***', 'tasks', 'run', 'get_university_api_send_psql', 'wait_for_json', 'manual__2023-06-14T19:30:54.593243+00:00', '--job-id', '1630', '--raw', '--subdir', 'DAGS_FOLDER/data-university-from-api-dag/data_university_from_api_dag.py', '--cfg-path', '/tmp/tmp3fn1__2x']
[2023-06-14T19:34:51.145+0000] {standard_task_runner.py:85} INFO - Job 1630: Subtask wait_for_json
[2023-06-14T19:34:53.863+0000] {task_command.py:410} INFO - Running <TaskInstance: get_university_api_send_psql.wait_for_json manual__2023-06-14T19:30:54.593243+00:00 [running]> on host cd01a659cc96
[2023-06-14T19:34:54.669+0000] {taskinstance.py:1547} INFO - Exporting env vars: AIRFLOW_CTX_DAG_OWNER='***' AIRFLOW_CTX_DAG_ID='get_university_api_send_psql' AIRFLOW_CTX_TASK_ID='wait_for_json' AIRFLOW_CTX_EXECUTION_DATE='2023-06-14T19:30:54.593243+00:00' AIRFLOW_CTX_TRY_NUMBER='1' AIRFLOW_CTX_DAG_RUN_ID='manual__2023-06-14T19:30:54.593243+00:00'
[2023-06-14T19:34:54.840+0000] {python.py:72} INFO - Poking callable: <function _wait_for_json at 0x7fb93c18c3b0>
[2023-06-14T19:34:55.059+0000] {taskinstance.py:1784} INFO - Rescheduling task, marking task as UP_FOR_RESCHEDULE
[2023-06-14T19:34:55.220+0000] {local_task_job_runner.py:225} INFO - Task exited with return code 0
[2023-06-14T19:34:55.358+0000] {taskinstance.py:2651} INFO - 0 downstream tasks scheduled from follow-on schedule check
[2023-06-14T19:35:28.345+0000] {taskinstance.py:1103} INFO - Dependencies all met for dep_context=non-requeueable deps ti=<TaskInstance: get_university_api_send_psql.wait_for_json manual__2023-06-14T19:30:54.593243+00:00 [queued]>
[2023-06-14T19:35:28.375+0000] {taskinstance.py:1103} INFO - Dependencies all met for dep_context=requeueable deps ti=<TaskInstance: get_university_api_send_psql.wait_for_json manual__2023-06-14T19:30:54.593243+00:00 [queued]>
[2023-06-14T19:35:28.377+0000] {taskinstance.py:1308} INFO - Starting attempt 1 of 1
[2023-06-14T19:35:28.440+0000] {taskinstance.py:1327} INFO - Executing <Task(PythonSensor): wait_for_json> on 2023-06-14 19:30:54.593243+00:00
[2023-06-14T19:35:28.454+0000] {standard_task_runner.py:57} INFO - Started process 9202 to run task
[2023-06-14T19:35:28.504+0000] {standard_task_runner.py:84} INFO - Running: ['***', 'tasks', 'run', 'get_university_api_send_psql', 'wait_for_json', 'manual__2023-06-14T19:30:54.593243+00:00', '--job-id', '1634', '--raw', '--subdir', 'DAGS_FOLDER/data-university-from-api-dag/data_university_from_api_dag.py', '--cfg-path', '/tmp/tmp767xojeh']
[2023-06-14T19:35:28.525+0000] {standard_task_runner.py:85} INFO - Job 1634: Subtask wait_for_json
[2023-06-14T19:35:28.698+0000] {task_command.py:410} INFO - Running <TaskInstance: get_university_api_send_psql.wait_for_json manual__2023-06-14T19:30:54.593243+00:00 [running]> on host cd01a659cc96
[2023-06-14T19:35:29.075+0000] {taskinstance.py:1547} INFO - Exporting env vars: AIRFLOW_CTX_DAG_OWNER='***' AIRFLOW_CTX_DAG_ID='get_university_api_send_psql' AIRFLOW_CTX_TASK_ID='wait_for_json' AIRFLOW_CTX_EXECUTION_DATE='2023-06-14T19:30:54.593243+00:00' AIRFLOW_CTX_TRY_NUMBER='1' AIRFLOW_CTX_DAG_RUN_ID='manual__2023-06-14T19:30:54.593243+00:00'
[2023-06-14T19:35:29.141+0000] {python.py:72} INFO - Poking callable: <function _wait_for_json at 0x7fb93c17a200>
[2023-06-14T19:35:29.226+0000] {taskinstance.py:1784} INFO - Rescheduling task, marking task as UP_FOR_RESCHEDULE
[2023-06-14T19:35:29.276+0000] {local_task_job_runner.py:225} INFO - Task exited with return code 0
[2023-06-14T19:35:29.373+0000] {taskinstance.py:2651} INFO - 0 downstream tasks scheduled from follow-on schedule check
[2023-06-14T19:36:02.357+0000] {taskinstance.py:1103} INFO - Dependencies all met for dep_context=non-requeueable deps ti=<TaskInstance: get_university_api_send_psql.wait_for_json manual__2023-06-14T19:30:54.593243+00:00 [queued]>
[2023-06-14T19:36:02.400+0000] {taskinstance.py:1103} INFO - Dependencies all met for dep_context=requeueable deps ti=<TaskInstance: get_university_api_send_psql.wait_for_json manual__2023-06-14T19:30:54.593243+00:00 [queued]>
[2023-06-14T19:36:02.405+0000] {taskinstance.py:1308} INFO - Starting attempt 1 of 1
[2023-06-14T19:36:02.449+0000] {taskinstance.py:1327} INFO - Executing <Task(PythonSensor): wait_for_json> on 2023-06-14 19:30:54.593243+00:00
[2023-06-14T19:36:02.472+0000] {standard_task_runner.py:57} INFO - Started process 9224 to run task
[2023-06-14T19:36:02.492+0000] {standard_task_runner.py:84} INFO - Running: ['***', 'tasks', 'run', 'get_university_api_send_psql', 'wait_for_json', 'manual__2023-06-14T19:30:54.593243+00:00', '--job-id', '1640', '--raw', '--subdir', 'DAGS_FOLDER/data-university-from-api-dag/data_university_from_api_dag.py', '--cfg-path', '/tmp/tmpoir_huun']
[2023-06-14T19:36:02.507+0000] {standard_task_runner.py:85} INFO - Job 1640: Subtask wait_for_json
[2023-06-14T19:36:02.631+0000] {task_command.py:410} INFO - Running <TaskInstance: get_university_api_send_psql.wait_for_json manual__2023-06-14T19:30:54.593243+00:00 [running]> on host cd01a659cc96
[2023-06-14T19:36:02.861+0000] {taskinstance.py:1547} INFO - Exporting env vars: AIRFLOW_CTX_DAG_OWNER='***' AIRFLOW_CTX_DAG_ID='get_university_api_send_psql' AIRFLOW_CTX_TASK_ID='wait_for_json' AIRFLOW_CTX_EXECUTION_DATE='2023-06-14T19:30:54.593243+00:00' AIRFLOW_CTX_TRY_NUMBER='1' AIRFLOW_CTX_DAG_RUN_ID='manual__2023-06-14T19:30:54.593243+00:00'
[2023-06-14T19:36:02.893+0000] {python.py:72} INFO - Poking callable: <function _wait_for_json at 0x7fb93c17a200>
[2023-06-14T19:36:02.940+0000] {taskinstance.py:1784} INFO - Rescheduling task, marking task as UP_FOR_RESCHEDULE
[2023-06-14T19:36:03.012+0000] {local_task_job_runner.py:225} INFO - Task exited with return code 0
[2023-06-14T19:36:03.105+0000] {taskinstance.py:2651} INFO - 0 downstream tasks scheduled from follow-on schedule check
[2023-06-14T19:36:36.890+0000] {taskinstance.py:1103} INFO - Dependencies all met for dep_context=non-requeueable deps ti=<TaskInstance: get_university_api_send_psql.wait_for_json manual__2023-06-14T19:30:54.593243+00:00 [queued]>
[2023-06-14T19:36:36.970+0000] {taskinstance.py:1103} INFO - Dependencies all met for dep_context=requeueable deps ti=<TaskInstance: get_university_api_send_psql.wait_for_json manual__2023-06-14T19:30:54.593243+00:00 [queued]>
[2023-06-14T19:36:36.984+0000] {taskinstance.py:1308} INFO - Starting attempt 1 of 1
[2023-06-14T19:36:37.304+0000] {taskinstance.py:1327} INFO - Executing <Task(PythonSensor): wait_for_json> on 2023-06-14 19:30:54.593243+00:00
[2023-06-14T19:36:37.335+0000] {standard_task_runner.py:57} INFO - Started process 9245 to run task
[2023-06-14T19:36:37.375+0000] {standard_task_runner.py:84} INFO - Running: ['***', 'tasks', 'run', 'get_university_api_send_psql', 'wait_for_json', 'manual__2023-06-14T19:30:54.593243+00:00', '--job-id', '1644', '--raw', '--subdir', 'DAGS_FOLDER/data-university-from-api-dag/data_university_from_api_dag.py', '--cfg-path', '/tmp/tmp2wap9oj0']
[2023-06-14T19:36:37.406+0000] {standard_task_runner.py:85} INFO - Job 1644: Subtask wait_for_json
[2023-06-14T19:36:37.622+0000] {task_command.py:410} INFO - Running <TaskInstance: get_university_api_send_psql.wait_for_json manual__2023-06-14T19:30:54.593243+00:00 [running]> on host cd01a659cc96
[2023-06-14T19:36:38.176+0000] {taskinstance.py:1547} INFO - Exporting env vars: AIRFLOW_CTX_DAG_OWNER='***' AIRFLOW_CTX_DAG_ID='get_university_api_send_psql' AIRFLOW_CTX_TASK_ID='wait_for_json' AIRFLOW_CTX_EXECUTION_DATE='2023-06-14T19:30:54.593243+00:00' AIRFLOW_CTX_TRY_NUMBER='1' AIRFLOW_CTX_DAG_RUN_ID='manual__2023-06-14T19:30:54.593243+00:00'
[2023-06-14T19:36:38.227+0000] {python.py:72} INFO - Poking callable: <function _wait_for_json at 0x7fb93c17a200>
[2023-06-14T19:36:38.308+0000] {taskinstance.py:1784} INFO - Rescheduling task, marking task as UP_FOR_RESCHEDULE
[2023-06-14T19:36:38.363+0000] {local_task_job_runner.py:225} INFO - Task exited with return code 0
[2023-06-14T19:36:38.548+0000] {taskinstance.py:2651} INFO - 0 downstream tasks scheduled from follow-on schedule check
[2023-06-14T19:37:10.461+0000] {taskinstance.py:1103} INFO - Dependencies all met for dep_context=non-requeueable deps ti=<TaskInstance: get_university_api_send_psql.wait_for_json manual__2023-06-14T19:30:54.593243+00:00 [queued]>
[2023-06-14T19:37:10.492+0000] {taskinstance.py:1103} INFO - Dependencies all met for dep_context=requeueable deps ti=<TaskInstance: get_university_api_send_psql.wait_for_json manual__2023-06-14T19:30:54.593243+00:00 [queued]>
[2023-06-14T19:37:10.495+0000] {taskinstance.py:1308} INFO - Starting attempt 1 of 1
[2023-06-14T19:37:10.571+0000] {taskinstance.py:1327} INFO - Executing <Task(PythonSensor): wait_for_json> on 2023-06-14 19:30:54.593243+00:00
[2023-06-14T19:37:10.606+0000] {standard_task_runner.py:57} INFO - Started process 9263 to run task
[2023-06-14T19:37:10.639+0000] {standard_task_runner.py:84} INFO - Running: ['***', 'tasks', 'run', 'get_university_api_send_psql', 'wait_for_json', 'manual__2023-06-14T19:30:54.593243+00:00', '--job-id', '1647', '--raw', '--subdir', 'DAGS_FOLDER/data-university-from-api-dag/data_university_from_api_dag.py', '--cfg-path', '/tmp/tmpifizmgga']
[2023-06-14T19:37:10.647+0000] {standard_task_runner.py:85} INFO - Job 1647: Subtask wait_for_json
[2023-06-14T19:37:10.836+0000] {task_command.py:410} INFO - Running <TaskInstance: get_university_api_send_psql.wait_for_json manual__2023-06-14T19:30:54.593243+00:00 [running]> on host cd01a659cc96
[2023-06-14T19:37:11.163+0000] {taskinstance.py:1547} INFO - Exporting env vars: AIRFLOW_CTX_DAG_OWNER='***' AIRFLOW_CTX_DAG_ID='get_university_api_send_psql' AIRFLOW_CTX_TASK_ID='wait_for_json' AIRFLOW_CTX_EXECUTION_DATE='2023-06-14T19:30:54.593243+00:00' AIRFLOW_CTX_TRY_NUMBER='1' AIRFLOW_CTX_DAG_RUN_ID='manual__2023-06-14T19:30:54.593243+00:00'
[2023-06-14T19:37:11.187+0000] {python.py:72} INFO - Poking callable: <function _wait_for_json at 0x7fb93c18c3b0>
[2023-06-14T19:37:11.348+0000] {taskinstance.py:1784} INFO - Rescheduling task, marking task as UP_FOR_RESCHEDULE
[2023-06-14T19:37:11.460+0000] {local_task_job_runner.py:225} INFO - Task exited with return code 0
[2023-06-14T19:37:11.604+0000] {taskinstance.py:2651} INFO - 0 downstream tasks scheduled from follow-on schedule check
[2023-06-14T19:37:43.034+0000] {taskinstance.py:1103} INFO - Dependencies all met for dep_context=non-requeueable deps ti=<TaskInstance: get_university_api_send_psql.wait_for_json manual__2023-06-14T19:30:54.593243+00:00 [queued]>
[2023-06-14T19:37:43.051+0000] {taskinstance.py:1103} INFO - Dependencies all met for dep_context=requeueable deps ti=<TaskInstance: get_university_api_send_psql.wait_for_json manual__2023-06-14T19:30:54.593243+00:00 [queued]>
[2023-06-14T19:37:43.055+0000] {taskinstance.py:1308} INFO - Starting attempt 1 of 1
[2023-06-14T19:37:43.084+0000] {taskinstance.py:1327} INFO - Executing <Task(PythonSensor): wait_for_json> on 2023-06-14 19:30:54.593243+00:00
[2023-06-14T19:37:43.098+0000] {standard_task_runner.py:57} INFO - Started process 9283 to run task
[2023-06-14T19:37:43.115+0000] {standard_task_runner.py:84} INFO - Running: ['***', 'tasks', 'run', 'get_university_api_send_psql', 'wait_for_json', 'manual__2023-06-14T19:30:54.593243+00:00', '--job-id', '1651', '--raw', '--subdir', 'DAGS_FOLDER/data-university-from-api-dag/data_university_from_api_dag.py', '--cfg-path', '/tmp/tmpu8xysjit']
[2023-06-14T19:37:43.119+0000] {standard_task_runner.py:85} INFO - Job 1651: Subtask wait_for_json
[2023-06-14T19:37:43.220+0000] {task_command.py:410} INFO - Running <TaskInstance: get_university_api_send_psql.wait_for_json manual__2023-06-14T19:30:54.593243+00:00 [running]> on host cd01a659cc96
[2023-06-14T19:37:43.338+0000] {taskinstance.py:1547} INFO - Exporting env vars: AIRFLOW_CTX_DAG_OWNER='***' AIRFLOW_CTX_DAG_ID='get_university_api_send_psql' AIRFLOW_CTX_TASK_ID='wait_for_json' AIRFLOW_CTX_EXECUTION_DATE='2023-06-14T19:30:54.593243+00:00' AIRFLOW_CTX_TRY_NUMBER='1' AIRFLOW_CTX_DAG_RUN_ID='manual__2023-06-14T19:30:54.593243+00:00'
[2023-06-14T19:37:43.361+0000] {python.py:72} INFO - Poking callable: <function _wait_for_json at 0x7fb93c12b440>
[2023-06-14T19:37:43.391+0000] {taskinstance.py:1784} INFO - Rescheduling task, marking task as UP_FOR_RESCHEDULE
[2023-06-14T19:37:43.417+0000] {local_task_job_runner.py:225} INFO - Task exited with return code 0
[2023-06-14T19:37:43.546+0000] {taskinstance.py:2651} INFO - 0 downstream tasks scheduled from follow-on schedule check
[2023-06-14T19:38:14.505+0000] {taskinstance.py:1103} INFO - Dependencies all met for dep_context=non-requeueable deps ti=<TaskInstance: get_university_api_send_psql.wait_for_json manual__2023-06-14T19:30:54.593243+00:00 [queued]>
[2023-06-14T19:38:14.530+0000] {taskinstance.py:1103} INFO - Dependencies all met for dep_context=requeueable deps ti=<TaskInstance: get_university_api_send_psql.wait_for_json manual__2023-06-14T19:30:54.593243+00:00 [queued]>
[2023-06-14T19:38:14.531+0000] {taskinstance.py:1308} INFO - Starting attempt 1 of 1
[2023-06-14T19:38:14.556+0000] {taskinstance.py:1327} INFO - Executing <Task(PythonSensor): wait_for_json> on 2023-06-14 19:30:54.593243+00:00
[2023-06-14T19:38:14.565+0000] {standard_task_runner.py:57} INFO - Started process 9303 to run task
[2023-06-14T19:38:14.570+0000] {standard_task_runner.py:84} INFO - Running: ['***', 'tasks', 'run', 'get_university_api_send_psql', 'wait_for_json', 'manual__2023-06-14T19:30:54.593243+00:00', '--job-id', '1655', '--raw', '--subdir', 'DAGS_FOLDER/data-university-from-api-dag/data_university_from_api_dag.py', '--cfg-path', '/tmp/tmpfbti4tul']
[2023-06-14T19:38:14.590+0000] {standard_task_runner.py:85} INFO - Job 1655: Subtask wait_for_json
[2023-06-14T19:38:14.713+0000] {task_command.py:410} INFO - Running <TaskInstance: get_university_api_send_psql.wait_for_json manual__2023-06-14T19:30:54.593243+00:00 [running]> on host cd01a659cc96
[2023-06-14T19:38:15.075+0000] {taskinstance.py:1547} INFO - Exporting env vars: AIRFLOW_CTX_DAG_OWNER='***' AIRFLOW_CTX_DAG_ID='get_university_api_send_psql' AIRFLOW_CTX_TASK_ID='wait_for_json' AIRFLOW_CTX_EXECUTION_DATE='2023-06-14T19:30:54.593243+00:00' AIRFLOW_CTX_TRY_NUMBER='1' AIRFLOW_CTX_DAG_RUN_ID='manual__2023-06-14T19:30:54.593243+00:00'
[2023-06-14T19:38:15.100+0000] {python.py:72} INFO - Poking callable: <function _wait_for_json at 0x7fb93c12b440>
[2023-06-14T19:38:15.140+0000] {taskinstance.py:1784} INFO - Rescheduling task, marking task as UP_FOR_RESCHEDULE
[2023-06-14T19:38:15.204+0000] {local_task_job_runner.py:225} INFO - Task exited with return code 0
[2023-06-14T19:38:15.267+0000] {taskinstance.py:2651} INFO - 0 downstream tasks scheduled from follow-on schedule check
[2023-06-14T19:38:47.338+0000] {taskinstance.py:1103} INFO - Dependencies all met for dep_context=non-requeueable deps ti=<TaskInstance: get_university_api_send_psql.wait_for_json manual__2023-06-14T19:30:54.593243+00:00 [queued]>
[2023-06-14T19:38:47.355+0000] {taskinstance.py:1103} INFO - Dependencies all met for dep_context=requeueable deps ti=<TaskInstance: get_university_api_send_psql.wait_for_json manual__2023-06-14T19:30:54.593243+00:00 [queued]>
[2023-06-14T19:38:47.357+0000] {taskinstance.py:1308} INFO - Starting attempt 1 of 1
[2023-06-14T19:38:47.386+0000] {taskinstance.py:1327} INFO - Executing <Task(PythonSensor): wait_for_json> on 2023-06-14 19:30:54.593243+00:00
[2023-06-14T19:38:47.397+0000] {standard_task_runner.py:57} INFO - Started process 9324 to run task
[2023-06-14T19:38:47.409+0000] {standard_task_runner.py:84} INFO - Running: ['***', 'tasks', 'run', 'get_university_api_send_psql', 'wait_for_json', 'manual__2023-06-14T19:30:54.593243+00:00', '--job-id', '1659', '--raw', '--subdir', 'DAGS_FOLDER/data-university-from-api-dag/data_university_from_api_dag.py', '--cfg-path', '/tmp/tmp2xmajn0j']
[2023-06-14T19:38:47.413+0000] {standard_task_runner.py:85} INFO - Job 1659: Subtask wait_for_json
[2023-06-14T19:38:47.485+0000] {task_command.py:410} INFO - Running <TaskInstance: get_university_api_send_psql.wait_for_json manual__2023-06-14T19:30:54.593243+00:00 [running]> on host cd01a659cc96
[2023-06-14T19:38:47.627+0000] {taskinstance.py:1547} INFO - Exporting env vars: AIRFLOW_CTX_DAG_OWNER='***' AIRFLOW_CTX_DAG_ID='get_university_api_send_psql' AIRFLOW_CTX_TASK_ID='wait_for_json' AIRFLOW_CTX_EXECUTION_DATE='2023-06-14T19:30:54.593243+00:00' AIRFLOW_CTX_TRY_NUMBER='1' AIRFLOW_CTX_DAG_RUN_ID='manual__2023-06-14T19:30:54.593243+00:00'
[2023-06-14T19:38:47.657+0000] {python.py:72} INFO - Poking callable: <function _wait_for_json at 0x7fb93c12b440>
[2023-06-14T19:38:47.702+0000] {taskinstance.py:1784} INFO - Rescheduling task, marking task as UP_FOR_RESCHEDULE
[2023-06-14T19:38:47.746+0000] {local_task_job_runner.py:225} INFO - Task exited with return code 0
[2023-06-14T19:38:47.813+0000] {taskinstance.py:2651} INFO - 0 downstream tasks scheduled from follow-on schedule check
[2023-06-14T19:39:19.248+0000] {taskinstance.py:1103} INFO - Dependencies all met for dep_context=non-requeueable deps ti=<TaskInstance: get_university_api_send_psql.wait_for_json manual__2023-06-14T19:30:54.593243+00:00 [queued]>
[2023-06-14T19:39:19.275+0000] {taskinstance.py:1103} INFO - Dependencies all met for dep_context=requeueable deps ti=<TaskInstance: get_university_api_send_psql.wait_for_json manual__2023-06-14T19:30:54.593243+00:00 [queued]>
[2023-06-14T19:39:19.285+0000] {taskinstance.py:1308} INFO - Starting attempt 1 of 1
[2023-06-14T19:39:19.317+0000] {taskinstance.py:1327} INFO - Executing <Task(PythonSensor): wait_for_json> on 2023-06-14 19:30:54.593243+00:00
[2023-06-14T19:39:19.327+0000] {standard_task_runner.py:57} INFO - Started process 9345 to run task
[2023-06-14T19:39:19.336+0000] {standard_task_runner.py:84} INFO - Running: ['***', 'tasks', 'run', 'get_university_api_send_psql', 'wait_for_json', 'manual__2023-06-14T19:30:54.593243+00:00', '--job-id', '1663', '--raw', '--subdir', 'DAGS_FOLDER/data-university-from-api-dag/data_university_from_api_dag.py', '--cfg-path', '/tmp/tmp8ji9p556']
[2023-06-14T19:39:19.342+0000] {standard_task_runner.py:85} INFO - Job 1663: Subtask wait_for_json
[2023-06-14T19:39:19.430+0000] {task_command.py:410} INFO - Running <TaskInstance: get_university_api_send_psql.wait_for_json manual__2023-06-14T19:30:54.593243+00:00 [running]> on host cd01a659cc96
[2023-06-14T19:39:19.610+0000] {taskinstance.py:1547} INFO - Exporting env vars: AIRFLOW_CTX_DAG_OWNER='***' AIRFLOW_CTX_DAG_ID='get_university_api_send_psql' AIRFLOW_CTX_TASK_ID='wait_for_json' AIRFLOW_CTX_EXECUTION_DATE='2023-06-14T19:30:54.593243+00:00' AIRFLOW_CTX_TRY_NUMBER='1' AIRFLOW_CTX_DAG_RUN_ID='manual__2023-06-14T19:30:54.593243+00:00'
[2023-06-14T19:39:19.629+0000] {python.py:72} INFO - Poking callable: <function _wait_for_json at 0x7fb93c12b440>
[2023-06-14T19:39:19.675+0000] {taskinstance.py:1784} INFO - Rescheduling task, marking task as UP_FOR_RESCHEDULE
[2023-06-14T19:39:19.705+0000] {local_task_job_runner.py:225} INFO - Task exited with return code 0
[2023-06-14T19:39:19.755+0000] {taskinstance.py:2651} INFO - 0 downstream tasks scheduled from follow-on schedule check
[2023-06-14T19:39:52.240+0000] {taskinstance.py:1103} INFO - Dependencies all met for dep_context=non-requeueable deps ti=<TaskInstance: get_university_api_send_psql.wait_for_json manual__2023-06-14T19:30:54.593243+00:00 [queued]>
[2023-06-14T19:39:52.263+0000] {taskinstance.py:1103} INFO - Dependencies all met for dep_context=requeueable deps ti=<TaskInstance: get_university_api_send_psql.wait_for_json manual__2023-06-14T19:30:54.593243+00:00 [queued]>
[2023-06-14T19:39:52.267+0000] {taskinstance.py:1308} INFO - Starting attempt 1 of 1
[2023-06-14T19:39:52.302+0000] {taskinstance.py:1327} INFO - Executing <Task(PythonSensor): wait_for_json> on 2023-06-14 19:30:54.593243+00:00
[2023-06-14T19:39:52.315+0000] {standard_task_runner.py:57} INFO - Started process 9366 to run task
[2023-06-14T19:39:52.337+0000] {standard_task_runner.py:84} INFO - Running: ['***', 'tasks', 'run', 'get_university_api_send_psql', 'wait_for_json', 'manual__2023-06-14T19:30:54.593243+00:00', '--job-id', '1667', '--raw', '--subdir', 'DAGS_FOLDER/data-university-from-api-dag/data_university_from_api_dag.py', '--cfg-path', '/tmp/tmpkhat77dm']
[2023-06-14T19:39:52.348+0000] {standard_task_runner.py:85} INFO - Job 1667: Subtask wait_for_json
[2023-06-14T19:39:52.477+0000] {task_command.py:410} INFO - Running <TaskInstance: get_university_api_send_psql.wait_for_json manual__2023-06-14T19:30:54.593243+00:00 [running]> on host cd01a659cc96
[2023-06-14T19:39:52.637+0000] {taskinstance.py:1547} INFO - Exporting env vars: AIRFLOW_CTX_DAG_OWNER='***' AIRFLOW_CTX_DAG_ID='get_university_api_send_psql' AIRFLOW_CTX_TASK_ID='wait_for_json' AIRFLOW_CTX_EXECUTION_DATE='2023-06-14T19:30:54.593243+00:00' AIRFLOW_CTX_TRY_NUMBER='1' AIRFLOW_CTX_DAG_RUN_ID='manual__2023-06-14T19:30:54.593243+00:00'
[2023-06-14T19:39:52.658+0000] {python.py:72} INFO - Poking callable: <function _wait_for_json at 0x7fb93c12b440>
[2023-06-14T19:39:52.687+0000] {taskinstance.py:1784} INFO - Rescheduling task, marking task as UP_FOR_RESCHEDULE
[2023-06-14T19:39:52.745+0000] {local_task_job_runner.py:225} INFO - Task exited with return code 0
[2023-06-14T19:39:52.798+0000] {taskinstance.py:2651} INFO - 0 downstream tasks scheduled from follow-on schedule check
[2023-06-14T19:40:24.410+0000] {taskinstance.py:1103} INFO - Dependencies all met for dep_context=non-requeueable deps ti=<TaskInstance: get_university_api_send_psql.wait_for_json manual__2023-06-14T19:30:54.593243+00:00 [queued]>
[2023-06-14T19:40:24.426+0000] {taskinstance.py:1103} INFO - Dependencies all met for dep_context=requeueable deps ti=<TaskInstance: get_university_api_send_psql.wait_for_json manual__2023-06-14T19:30:54.593243+00:00 [queued]>
[2023-06-14T19:40:24.428+0000] {taskinstance.py:1308} INFO - Starting attempt 1 of 1
[2023-06-14T19:40:24.451+0000] {taskinstance.py:1327} INFO - Executing <Task(PythonSensor): wait_for_json> on 2023-06-14 19:30:54.593243+00:00
[2023-06-14T19:40:24.459+0000] {standard_task_runner.py:57} INFO - Started process 9387 to run task
[2023-06-14T19:40:24.466+0000] {standard_task_runner.py:84} INFO - Running: ['***', 'tasks', 'run', 'get_university_api_send_psql', 'wait_for_json', 'manual__2023-06-14T19:30:54.593243+00:00', '--job-id', '1671', '--raw', '--subdir', 'DAGS_FOLDER/data-university-from-api-dag/data_university_from_api_dag.py', '--cfg-path', '/tmp/tmpupq7gt24']
[2023-06-14T19:40:24.470+0000] {standard_task_runner.py:85} INFO - Job 1671: Subtask wait_for_json
[2023-06-14T19:40:24.539+0000] {task_command.py:410} INFO - Running <TaskInstance: get_university_api_send_psql.wait_for_json manual__2023-06-14T19:30:54.593243+00:00 [running]> on host cd01a659cc96
[2023-06-14T19:40:24.661+0000] {taskinstance.py:1547} INFO - Exporting env vars: AIRFLOW_CTX_DAG_OWNER='***' AIRFLOW_CTX_DAG_ID='get_university_api_send_psql' AIRFLOW_CTX_TASK_ID='wait_for_json' AIRFLOW_CTX_EXECUTION_DATE='2023-06-14T19:30:54.593243+00:00' AIRFLOW_CTX_TRY_NUMBER='1' AIRFLOW_CTX_DAG_RUN_ID='manual__2023-06-14T19:30:54.593243+00:00'
[2023-06-14T19:40:24.696+0000] {python.py:72} INFO - Poking callable: <function _wait_for_json at 0x7fb93c12b440>
[2023-06-14T19:40:24.724+0000] {taskinstance.py:1784} INFO - Rescheduling task, marking task as UP_FOR_RESCHEDULE
[2023-06-14T19:40:24.761+0000] {local_task_job_runner.py:225} INFO - Task exited with return code 0
[2023-06-14T19:40:24.810+0000] {taskinstance.py:2651} INFO - 0 downstream tasks scheduled from follow-on schedule check
[2023-06-14T19:40:56.739+0000] {taskinstance.py:1103} INFO - Dependencies all met for dep_context=non-requeueable deps ti=<TaskInstance: get_university_api_send_psql.wait_for_json manual__2023-06-14T19:30:54.593243+00:00 [queued]>
[2023-06-14T19:40:56.753+0000] {taskinstance.py:1103} INFO - Dependencies all met for dep_context=requeueable deps ti=<TaskInstance: get_university_api_send_psql.wait_for_json manual__2023-06-14T19:30:54.593243+00:00 [queued]>
[2023-06-14T19:40:56.754+0000] {taskinstance.py:1308} INFO - Starting attempt 1 of 1
[2023-06-14T19:40:56.776+0000] {taskinstance.py:1327} INFO - Executing <Task(PythonSensor): wait_for_json> on 2023-06-14 19:30:54.593243+00:00
[2023-06-14T19:40:56.784+0000] {standard_task_runner.py:57} INFO - Started process 9408 to run task
[2023-06-14T19:40:56.791+0000] {standard_task_runner.py:84} INFO - Running: ['***', 'tasks', 'run', 'get_university_api_send_psql', 'wait_for_json', 'manual__2023-06-14T19:30:54.593243+00:00', '--job-id', '1675', '--raw', '--subdir', 'DAGS_FOLDER/data-university-from-api-dag/data_university_from_api_dag.py', '--cfg-path', '/tmp/tmpwg3qqfx_']
[2023-06-14T19:40:56.795+0000] {standard_task_runner.py:85} INFO - Job 1675: Subtask wait_for_json
[2023-06-14T19:40:56.862+0000] {task_command.py:410} INFO - Running <TaskInstance: get_university_api_send_psql.wait_for_json manual__2023-06-14T19:30:54.593243+00:00 [running]> on host cd01a659cc96
[2023-06-14T19:40:56.964+0000] {taskinstance.py:1547} INFO - Exporting env vars: AIRFLOW_CTX_DAG_OWNER='***' AIRFLOW_CTX_DAG_ID='get_university_api_send_psql' AIRFLOW_CTX_TASK_ID='wait_for_json' AIRFLOW_CTX_EXECUTION_DATE='2023-06-14T19:30:54.593243+00:00' AIRFLOW_CTX_TRY_NUMBER='1' AIRFLOW_CTX_DAG_RUN_ID='manual__2023-06-14T19:30:54.593243+00:00'
[2023-06-14T19:40:56.980+0000] {python.py:72} INFO - Poking callable: <function _wait_for_json at 0x7fb93c12b440>
[2023-06-14T19:40:57.006+0000] {taskinstance.py:1784} INFO - Rescheduling task, marking task as UP_FOR_RESCHEDULE
[2023-06-14T19:40:57.043+0000] {local_task_job_runner.py:225} INFO - Task exited with return code 0
[2023-06-14T19:40:57.092+0000] {taskinstance.py:2651} INFO - 0 downstream tasks scheduled from follow-on schedule check
[2023-06-14T19:41:28.718+0000] {taskinstance.py:1103} INFO - Dependencies all met for dep_context=non-requeueable deps ti=<TaskInstance: get_university_api_send_psql.wait_for_json manual__2023-06-14T19:30:54.593243+00:00 [queued]>
[2023-06-14T19:41:28.733+0000] {taskinstance.py:1103} INFO - Dependencies all met for dep_context=requeueable deps ti=<TaskInstance: get_university_api_send_psql.wait_for_json manual__2023-06-14T19:30:54.593243+00:00 [queued]>
[2023-06-14T19:41:28.734+0000] {taskinstance.py:1308} INFO - Starting attempt 1 of 1
[2023-06-14T19:41:28.752+0000] {taskinstance.py:1327} INFO - Executing <Task(PythonSensor): wait_for_json> on 2023-06-14 19:30:54.593243+00:00
[2023-06-14T19:41:28.761+0000] {standard_task_runner.py:57} INFO - Started process 9428 to run task
[2023-06-14T19:41:28.767+0000] {standard_task_runner.py:84} INFO - Running: ['***', 'tasks', 'run', 'get_university_api_send_psql', 'wait_for_json', 'manual__2023-06-14T19:30:54.593243+00:00', '--job-id', '1679', '--raw', '--subdir', 'DAGS_FOLDER/data-university-from-api-dag/data_university_from_api_dag.py', '--cfg-path', '/tmp/tmp9yhmy2l1']
[2023-06-14T19:41:28.771+0000] {standard_task_runner.py:85} INFO - Job 1679: Subtask wait_for_json
[2023-06-14T19:41:28.843+0000] {task_command.py:410} INFO - Running <TaskInstance: get_university_api_send_psql.wait_for_json manual__2023-06-14T19:30:54.593243+00:00 [running]> on host cd01a659cc96
[2023-06-14T19:41:28.946+0000] {taskinstance.py:1547} INFO - Exporting env vars: AIRFLOW_CTX_DAG_OWNER='***' AIRFLOW_CTX_DAG_ID='get_university_api_send_psql' AIRFLOW_CTX_TASK_ID='wait_for_json' AIRFLOW_CTX_EXECUTION_DATE='2023-06-14T19:30:54.593243+00:00' AIRFLOW_CTX_TRY_NUMBER='1' AIRFLOW_CTX_DAG_RUN_ID='manual__2023-06-14T19:30:54.593243+00:00'
[2023-06-14T19:41:28.963+0000] {python.py:72} INFO - Poking callable: <function _wait_for_json at 0x7fb93c12b440>
[2023-06-14T19:41:28.989+0000] {taskinstance.py:1784} INFO - Rescheduling task, marking task as UP_FOR_RESCHEDULE
[2023-06-14T19:41:29.020+0000] {local_task_job_runner.py:225} INFO - Task exited with return code 0
[2023-06-14T19:41:29.071+0000] {taskinstance.py:2651} INFO - 0 downstream tasks scheduled from follow-on schedule check
[2023-06-14T19:42:00.401+0000] {taskinstance.py:1103} INFO - Dependencies all met for dep_context=non-requeueable deps ti=<TaskInstance: get_university_api_send_psql.wait_for_json manual__2023-06-14T19:30:54.593243+00:00 [queued]>
[2023-06-14T19:42:00.416+0000] {taskinstance.py:1103} INFO - Dependencies all met for dep_context=requeueable deps ti=<TaskInstance: get_university_api_send_psql.wait_for_json manual__2023-06-14T19:30:54.593243+00:00 [queued]>
[2023-06-14T19:42:00.418+0000] {taskinstance.py:1308} INFO - Starting attempt 1 of 1
[2023-06-14T19:42:00.437+0000] {taskinstance.py:1327} INFO - Executing <Task(PythonSensor): wait_for_json> on 2023-06-14 19:30:54.593243+00:00
[2023-06-14T19:42:00.445+0000] {standard_task_runner.py:57} INFO - Started process 9449 to run task
[2023-06-14T19:42:00.452+0000] {standard_task_runner.py:84} INFO - Running: ['***', 'tasks', 'run', 'get_university_api_send_psql', 'wait_for_json', 'manual__2023-06-14T19:30:54.593243+00:00', '--job-id', '1683', '--raw', '--subdir', 'DAGS_FOLDER/data-university-from-api-dag/data_university_from_api_dag.py', '--cfg-path', '/tmp/tmp1twdlngz']
[2023-06-14T19:42:00.459+0000] {standard_task_runner.py:85} INFO - Job 1683: Subtask wait_for_json
[2023-06-14T19:42:00.531+0000] {task_command.py:410} INFO - Running <TaskInstance: get_university_api_send_psql.wait_for_json manual__2023-06-14T19:30:54.593243+00:00 [running]> on host cd01a659cc96
[2023-06-14T19:42:00.642+0000] {taskinstance.py:1547} INFO - Exporting env vars: AIRFLOW_CTX_DAG_OWNER='***' AIRFLOW_CTX_DAG_ID='get_university_api_send_psql' AIRFLOW_CTX_TASK_ID='wait_for_json' AIRFLOW_CTX_EXECUTION_DATE='2023-06-14T19:30:54.593243+00:00' AIRFLOW_CTX_TRY_NUMBER='1' AIRFLOW_CTX_DAG_RUN_ID='manual__2023-06-14T19:30:54.593243+00:00'
[2023-06-14T19:42:00.662+0000] {python.py:72} INFO - Poking callable: <function _wait_for_json at 0x7fb93c12b440>
[2023-06-14T19:42:00.711+0000] {taskinstance.py:1784} INFO - Rescheduling task, marking task as UP_FOR_RESCHEDULE
[2023-06-14T19:42:00.746+0000] {local_task_job_runner.py:225} INFO - Task exited with return code 0
[2023-06-14T19:42:00.787+0000] {taskinstance.py:2651} INFO - 0 downstream tasks scheduled from follow-on schedule check
[2023-06-14T19:42:32.367+0000] {taskinstance.py:1103} INFO - Dependencies all met for dep_context=non-requeueable deps ti=<TaskInstance: get_university_api_send_psql.wait_for_json manual__2023-06-14T19:30:54.593243+00:00 [queued]>
[2023-06-14T19:42:32.384+0000] {taskinstance.py:1103} INFO - Dependencies all met for dep_context=requeueable deps ti=<TaskInstance: get_university_api_send_psql.wait_for_json manual__2023-06-14T19:30:54.593243+00:00 [queued]>
[2023-06-14T19:42:32.385+0000] {taskinstance.py:1308} INFO - Starting attempt 1 of 1
[2023-06-14T19:42:32.414+0000] {taskinstance.py:1327} INFO - Executing <Task(PythonSensor): wait_for_json> on 2023-06-14 19:30:54.593243+00:00
[2023-06-14T19:42:32.425+0000] {standard_task_runner.py:57} INFO - Started process 9472 to run task
[2023-06-14T19:42:32.434+0000] {standard_task_runner.py:84} INFO - Running: ['***', 'tasks', 'run', 'get_university_api_send_psql', 'wait_for_json', 'manual__2023-06-14T19:30:54.593243+00:00', '--job-id', '1688', '--raw', '--subdir', 'DAGS_FOLDER/data-university-from-api-dag/data_university_from_api_dag.py', '--cfg-path', '/tmp/tmplds9akwa']
[2023-06-14T19:42:32.439+0000] {standard_task_runner.py:85} INFO - Job 1688: Subtask wait_for_json
[2023-06-14T19:42:32.554+0000] {task_command.py:410} INFO - Running <TaskInstance: get_university_api_send_psql.wait_for_json manual__2023-06-14T19:30:54.593243+00:00 [running]> on host cd01a659cc96
[2023-06-14T19:42:32.981+0000] {taskinstance.py:1547} INFO - Exporting env vars: AIRFLOW_CTX_DAG_OWNER='***' AIRFLOW_CTX_DAG_ID='get_university_api_send_psql' AIRFLOW_CTX_TASK_ID='wait_for_json' AIRFLOW_CTX_EXECUTION_DATE='2023-06-14T19:30:54.593243+00:00' AIRFLOW_CTX_TRY_NUMBER='1' AIRFLOW_CTX_DAG_RUN_ID='manual__2023-06-14T19:30:54.593243+00:00'
[2023-06-14T19:42:33.013+0000] {python.py:72} INFO - Poking callable: <function _wait_for_json at 0x7fb93c12b440>
[2023-06-14T19:42:33.027+0000] {base.py:255} INFO - Success criteria met. Exiting.
[2023-06-14T19:42:33.056+0000] {taskinstance.py:1350} INFO - Marking task as SUCCESS. dag_id=get_university_api_send_psql, task_id=wait_for_json, execution_date=20230614T193054, start_date=20230614T194232, end_date=20230614T194233
[2023-06-14T19:42:33.112+0000] {local_task_job_runner.py:225} INFO - Task exited with return code 0
[2023-06-14T19:42:33.212+0000] {taskinstance.py:2651} INFO - 1 downstream tasks scheduled from follow-on schedule check
