[2023-06-15T13:30:14.200+0000] {taskinstance.py:1103} INFO - Dependencies all met for dep_context=non-requeueable deps ti=<TaskInstance: get_university_api_send_psql.wait_for_json manual__2023-06-15T13:18:49.340193+00:00 [queued]>
[2023-06-15T13:30:14.486+0000] {taskinstance.py:1103} INFO - Dependencies all met for dep_context=requeueable deps ti=<TaskInstance: get_university_api_send_psql.wait_for_json manual__2023-06-15T13:18:49.340193+00:00 [queued]>
[2023-06-15T13:30:14.494+0000] {taskinstance.py:1308} INFO - Starting attempt 1 of 1
[2023-06-15T13:30:14.635+0000] {taskinstance.py:1327} INFO - Executing <Task(PythonSensor): wait_for_json> on 2023-06-15 13:18:49.340193+00:00
[2023-06-15T13:30:14.693+0000] {standard_task_runner.py:57} INFO - Started process 107 to run task
[2023-06-15T13:30:14.746+0000] {standard_task_runner.py:84} INFO - Running: ['***', 'tasks', 'run', 'get_university_api_send_psql', 'wait_for_json', 'manual__2023-06-15T13:18:49.340193+00:00', '--job-id', '1865', '--raw', '--subdir', 'DAGS_FOLDER/data-university-from-api-dag/data_university_from_api_dag.py', '--cfg-path', '/tmp/tmpotm1cg4t']
[2023-06-15T13:30:14.756+0000] {standard_task_runner.py:85} INFO - Job 1865: Subtask wait_for_json
[2023-06-15T13:30:17.270+0000] {task_command.py:410} INFO - Running <TaskInstance: get_university_api_send_psql.wait_for_json manual__2023-06-15T13:18:49.340193+00:00 [running]> on host cd01a659cc96
[2023-06-15T13:30:18.104+0000] {taskinstance.py:1547} INFO - Exporting env vars: AIRFLOW_CTX_DAG_OWNER='***' AIRFLOW_CTX_DAG_ID='get_university_api_send_psql' AIRFLOW_CTX_TASK_ID='wait_for_json' AIRFLOW_CTX_EXECUTION_DATE='2023-06-15T13:18:49.340193+00:00' AIRFLOW_CTX_TRY_NUMBER='1' AIRFLOW_CTX_DAG_RUN_ID='manual__2023-06-15T13:18:49.340193+00:00'
[2023-06-15T13:30:18.169+0000] {python.py:72} INFO - Poking callable: <function _wait_for_json at 0x7f3aaaf60290>
[2023-06-15T13:30:18.581+0000] {taskinstance.py:1784} INFO - Rescheduling task, marking task as UP_FOR_RESCHEDULE
[2023-06-15T13:30:18.664+0000] {local_task_job_runner.py:225} INFO - Task exited with return code 0
[2023-06-15T13:30:19.586+0000] {taskinstance.py:2651} INFO - 0 downstream tasks scheduled from follow-on schedule check
[2023-06-15T13:31:17.227+0000] {taskinstance.py:1103} INFO - Dependencies all met for dep_context=non-requeueable deps ti=<TaskInstance: get_university_api_send_psql.wait_for_json manual__2023-06-15T13:18:49.340193+00:00 [queued]>
[2023-06-15T13:31:17.445+0000] {taskinstance.py:1103} INFO - Dependencies all met for dep_context=requeueable deps ti=<TaskInstance: get_university_api_send_psql.wait_for_json manual__2023-06-15T13:18:49.340193+00:00 [queued]>
[2023-06-15T13:31:17.457+0000] {taskinstance.py:1308} INFO - Starting attempt 1 of 1
[2023-06-15T13:31:17.544+0000] {taskinstance.py:1327} INFO - Executing <Task(PythonSensor): wait_for_json> on 2023-06-15 13:18:49.340193+00:00
[2023-06-15T13:31:17.584+0000] {standard_task_runner.py:57} INFO - Started process 133 to run task
[2023-06-15T13:31:17.648+0000] {standard_task_runner.py:84} INFO - Running: ['***', 'tasks', 'run', 'get_university_api_send_psql', 'wait_for_json', 'manual__2023-06-15T13:18:49.340193+00:00', '--job-id', '1871', '--raw', '--subdir', 'DAGS_FOLDER/data-university-from-api-dag/data_university_from_api_dag.py', '--cfg-path', '/tmp/tmpikr4y113']
[2023-06-15T13:31:17.694+0000] {standard_task_runner.py:85} INFO - Job 1871: Subtask wait_for_json
[2023-06-15T13:31:18.124+0000] {task_command.py:410} INFO - Running <TaskInstance: get_university_api_send_psql.wait_for_json manual__2023-06-15T13:18:49.340193+00:00 [running]> on host cd01a659cc96
[2023-06-15T13:31:18.860+0000] {taskinstance.py:1547} INFO - Exporting env vars: AIRFLOW_CTX_DAG_OWNER='***' AIRFLOW_CTX_DAG_ID='get_university_api_send_psql' AIRFLOW_CTX_TASK_ID='wait_for_json' AIRFLOW_CTX_EXECUTION_DATE='2023-06-15T13:18:49.340193+00:00' AIRFLOW_CTX_TRY_NUMBER='1' AIRFLOW_CTX_DAG_RUN_ID='manual__2023-06-15T13:18:49.340193+00:00'
[2023-06-15T13:31:18.929+0000] {python.py:72} INFO - Poking callable: <function _wait_for_json at 0x7f3aaaf60290>
[2023-06-15T13:31:19.004+0000] {taskinstance.py:1784} INFO - Rescheduling task, marking task as UP_FOR_RESCHEDULE
[2023-06-15T13:31:19.059+0000] {local_task_job_runner.py:225} INFO - Task exited with return code 0
[2023-06-15T13:31:19.127+0000] {taskinstance.py:2651} INFO - 0 downstream tasks scheduled from follow-on schedule check
