[2024-02-26T22:36:50.165+0000] {taskinstance.py:1103} INFO - Dependencies all met for dep_context=non-requeueable deps ti=<TaskInstance: EnergyWarehouse.create_dim_operateur manual__2024-02-26T22:27:55.775927+00:00 [queued]>
[2024-02-26T22:36:50.190+0000] {taskinstance.py:1103} INFO - Dependencies all met for dep_context=requeueable deps ti=<TaskInstance: EnergyWarehouse.create_dim_operateur manual__2024-02-26T22:27:55.775927+00:00 [queued]>
[2024-02-26T22:36:50.201+0000] {taskinstance.py:1308} INFO - Starting attempt 1 of 2
[2024-02-26T22:36:50.254+0000] {taskinstance.py:1327} INFO - Executing <Task(PythonOperator): create_dim_operateur> on 2024-02-26 22:27:55.775927+00:00
[2024-02-26T22:36:50.274+0000] {standard_task_runner.py:57} INFO - Started process 4764 to run task
[2024-02-26T22:36:50.286+0000] {standard_task_runner.py:84} INFO - Running: ['***', 'tasks', 'run', 'EnergyWarehouse', 'create_dim_operateur', 'manual__2024-02-26T22:27:55.775927+00:00', '--job-id', '522', '--raw', '--subdir', 'DAGS_FOLDER/***-to-bigquery-dag/***_to_bigquerry_dag.py', '--cfg-path', '/tmp/tmp87vgqjso']
[2024-02-26T22:36:50.293+0000] {standard_task_runner.py:85} INFO - Job 522: Subtask create_dim_operateur
[2024-02-26T22:36:50.499+0000] {task_command.py:410} INFO - Running <TaskInstance: EnergyWarehouse.create_dim_operateur manual__2024-02-26T22:27:55.775927+00:00 [running]> on host 952b3f8a1a94
[2024-02-26T22:36:51.049+0000] {taskinstance.py:1547} INFO - Exporting env vars: AIRFLOW_CTX_DAG_OWNER='Mbaye SENE' AIRFLOW_CTX_DAG_ID='EnergyWarehouse' AIRFLOW_CTX_TASK_ID='create_dim_operateur' AIRFLOW_CTX_EXECUTION_DATE='2024-02-26T22:27:55.775927+00:00' AIRFLOW_CTX_TRY_NUMBER='1' AIRFLOW_CTX_DAG_RUN_ID='manual__2024-02-26T22:27:55.775927+00:00'
[2024-02-26T22:36:51.057+0000] {taskinstance.py:1824} ERROR - Task failed with exception
Traceback (most recent call last):
  File "/home/airflow/.local/lib/python3.7/site-packages/airflow/operators/python.py", line 181, in execute
    return_value = self.execute_callable()
  File "/home/airflow/.local/lib/python3.7/site-packages/airflow/operators/python.py", line 198, in execute_callable
    return self.python_callable(*self.op_args, **self.op_kwargs)
TypeError: create_dim_operateur() missing 2 required positional arguments: 'conso_energy_dept' and 'conso_energy_region'
[2024-02-26T22:36:51.119+0000] {taskinstance.py:1350} INFO - Marking task as UP_FOR_RETRY. dag_id=EnergyWarehouse, task_id=create_dim_operateur, execution_date=20240226T222755, start_date=20240226T223650, end_date=20240226T223651
[2024-02-26T22:36:51.145+0000] {standard_task_runner.py:109} ERROR - Failed to execute job 522 for task create_dim_operateur (create_dim_operateur() missing 2 required positional arguments: 'conso_energy_dept' and 'conso_energy_region'; 4764)
[2024-02-26T22:36:51.178+0000] {local_task_job_runner.py:225} INFO - Task exited with return code 1
[2024-02-26T22:36:51.329+0000] {taskinstance.py:2651} INFO - 0 downstream tasks scheduled from follow-on schedule check
