[2024-03-10T20:32:59.600+0000] {taskinstance.py:1103} INFO - Dependencies all met for dep_context=non-requeueable deps ti=<TaskInstance: EnergyWarehouse.create_dim_filiere manual__2024-03-10T20:20:36.100743+00:00 [queued]>
[2024-03-10T20:33:02.155+0000] {taskinstance.py:1103} INFO - Dependencies all met for dep_context=requeueable deps ti=<TaskInstance: EnergyWarehouse.create_dim_filiere manual__2024-03-10T20:20:36.100743+00:00 [queued]>
[2024-03-10T20:33:02.179+0000] {taskinstance.py:1308} INFO - Starting attempt 1 of 2
[2024-03-10T20:33:03.670+0000] {taskinstance.py:1327} INFO - Executing <Task(PythonOperator): create_dim_filiere> on 2024-03-10 20:20:36.100743+00:00
[2024-03-10T20:33:03.797+0000] {standard_task_runner.py:57} INFO - Started process 1871 to run task
[2024-03-10T20:33:04.098+0000] {standard_task_runner.py:84} INFO - Running: ['***', 'tasks', 'run', 'EnergyWarehouse', 'create_dim_filiere', 'manual__2024-03-10T20:20:36.100743+00:00', '--job-id', '909', '--raw', '--subdir', 'DAGS_FOLDER/***-to-bigquery-dag/***_to_bigquerry_dag.py', '--cfg-path', '/tmp/tmp72lqv235']
[2024-03-10T20:33:04.166+0000] {standard_task_runner.py:85} INFO - Job 909: Subtask create_dim_filiere
[2024-03-10T20:33:06.170+0000] {task_command.py:410} INFO - Running <TaskInstance: EnergyWarehouse.create_dim_filiere manual__2024-03-10T20:20:36.100743+00:00 [running]> on host 952b3f8a1a94
[2024-03-10T20:33:07.210+0000] {taskinstance.py:1547} INFO - Exporting env vars: AIRFLOW_CTX_DAG_OWNER='Mbaye SENE' AIRFLOW_CTX_DAG_ID='EnergyWarehouse' AIRFLOW_CTX_TASK_ID='create_dim_filiere' AIRFLOW_CTX_EXECUTION_DATE='2024-03-10T20:20:36.100743+00:00' AIRFLOW_CTX_TRY_NUMBER='1' AIRFLOW_CTX_DAG_RUN_ID='manual__2024-03-10T20:20:36.100743+00:00'
[2024-03-10T20:33:07.320+0000] {taskinstance.py:1824} ERROR - Task failed with exception
Traceback (most recent call last):
  File "/home/airflow/.local/lib/python3.7/site-packages/airflow/operators/python.py", line 181, in execute
    return_value = self.execute_callable()
  File "/home/airflow/.local/lib/python3.7/site-packages/airflow/operators/python.py", line 198, in execute_callable
    return self.python_callable(*self.op_args, **self.op_kwargs)
  File "/opt/airflow/dags/airflow-to-bigquery-dag/airflow_to_bigquerry_dag.py", line 298, in create_dim_filiere
    filiere_dim = df_conso_energy_dept[['id_filiere',  'filiere']].drop_duplicates().reset_index(drop=True).append({'id_filiere': -1, 'filiere': 'unknown'}, ignore_index=True)
TypeError: 'NoneType' object is not subscriptable
[2024-03-10T20:33:07.404+0000] {taskinstance.py:1350} INFO - Marking task as UP_FOR_RETRY. dag_id=EnergyWarehouse, task_id=create_dim_filiere, execution_date=20240310T202036, start_date=20240310T203259, end_date=20240310T203307
[2024-03-10T20:33:07.839+0000] {standard_task_runner.py:109} ERROR - Failed to execute job 909 for task create_dim_filiere ('NoneType' object is not subscriptable; 1871)
[2024-03-10T20:33:08.029+0000] {local_task_job_runner.py:225} INFO - Task exited with return code 1
[2024-03-10T20:33:08.806+0000] {taskinstance.py:2651} INFO - 0 downstream tasks scheduled from follow-on schedule check
