[2024-03-11T14:13:34.949+0000] {taskinstance.py:1103} INFO - Dependencies all met for dep_context=non-requeueable deps ti=<TaskInstance: EnergyWarehouse.send_csv_s3 manual__2024-03-11T14:08:37.278941+00:00 [queued]>
[2024-03-11T14:13:34.980+0000] {taskinstance.py:1103} INFO - Dependencies all met for dep_context=requeueable deps ti=<TaskInstance: EnergyWarehouse.send_csv_s3 manual__2024-03-11T14:08:37.278941+00:00 [queued]>
[2024-03-11T14:13:34.982+0000] {taskinstance.py:1308} INFO - Starting attempt 1 of 2
[2024-03-11T14:13:35.003+0000] {taskinstance.py:1327} INFO - Executing <Task(PythonOperator): send_csv_s3> on 2024-03-11 14:08:37.278941+00:00
[2024-03-11T14:13:35.016+0000] {standard_task_runner.py:57} INFO - Started process 5183 to run task
[2024-03-11T14:13:35.024+0000] {standard_task_runner.py:84} INFO - Running: ['***', 'tasks', 'run', 'EnergyWarehouse', 'send_csv_s3', 'manual__2024-03-11T14:08:37.278941+00:00', '--job-id', '1406', '--raw', '--subdir', 'DAGS_FOLDER/***-to-bigquery-dag/***_to_bigquerry_dag.py', '--cfg-path', '/tmp/tmpkmdni7it']
[2024-03-11T14:13:35.029+0000] {standard_task_runner.py:85} INFO - Job 1406: Subtask send_csv_s3
[2024-03-11T14:13:35.105+0000] {task_command.py:410} INFO - Running <TaskInstance: EnergyWarehouse.send_csv_s3 manual__2024-03-11T14:08:37.278941+00:00 [running]> on host 952b3f8a1a94
[2024-03-11T14:13:35.240+0000] {taskinstance.py:1547} INFO - Exporting env vars: AIRFLOW_CTX_DAG_OWNER='Mbaye SENE' AIRFLOW_CTX_DAG_ID='EnergyWarehouse' AIRFLOW_CTX_TASK_ID='send_csv_s3' AIRFLOW_CTX_EXECUTION_DATE='2024-03-11T14:08:37.278941+00:00' AIRFLOW_CTX_TRY_NUMBER='1' AIRFLOW_CTX_DAG_RUN_ID='manual__2024-03-11T14:08:37.278941+00:00'
[2024-03-11T14:13:39.332+0000] {taskinstance.py:1824} ERROR - Task failed with exception
Traceback (most recent call last):
  File "/home/airflow/.local/lib/python3.7/site-packages/airflow/operators/python.py", line 181, in execute
    return_value = self.execute_callable()
  File "/home/airflow/.local/lib/python3.7/site-packages/airflow/operators/python.py", line 198, in execute_callable
    return self.python_callable(*self.op_args, **self.op_kwargs)
  File "/opt/airflow/dags/airflow-to-bigquery-dag/airflow_to_bigquerry_dag.py", line 548, in _send_csv_s3
    directory_path + file_name)
  File "/home/airflow/.local/lib/python3.7/site-packages/boto3/s3/inject.py", line 148, in upload_file
    callback=Callback,
  File "/home/airflow/.local/lib/python3.7/site-packages/boto3/s3/transfer.py", line 292, in upload_file
    future.result()
  File "/home/airflow/.local/lib/python3.7/site-packages/s3transfer/futures.py", line 103, in result
    return self._coordinator.result()
  File "/home/airflow/.local/lib/python3.7/site-packages/s3transfer/futures.py", line 266, in result
    raise self._exception
  File "/home/airflow/.local/lib/python3.7/site-packages/s3transfer/tasks.py", line 269, in _main
    self._submit(transfer_future=transfer_future, **kwargs)
  File "/home/airflow/.local/lib/python3.7/site-packages/s3transfer/upload.py", line 585, in _submit
    upload_input_manager.provide_transfer_size(transfer_future)
  File "/home/airflow/.local/lib/python3.7/site-packages/s3transfer/upload.py", line 244, in provide_transfer_size
    self._osutil.get_file_size(transfer_future.meta.call_args.fileobj)
  File "/home/airflow/.local/lib/python3.7/site-packages/s3transfer/utils.py", line 247, in get_file_size
    return os.path.getsize(filename)
  File "/usr/local/lib/python3.7/genericpath.py", line 50, in getsize
    return os.stat(filename).st_size
NotADirectoryError: [Errno 20] Not a directory: '/tmp/csv_file/domaine_tension_dim.csv/tmp/csv_file/operateur_dim.csv'
[2024-03-11T14:13:39.371+0000] {taskinstance.py:1350} INFO - Marking task as UP_FOR_RETRY. dag_id=EnergyWarehouse, task_id=send_csv_s3, execution_date=20240311T140837, start_date=20240311T141334, end_date=20240311T141339
[2024-03-11T14:13:39.405+0000] {standard_task_runner.py:109} ERROR - Failed to execute job 1406 for task send_csv_s3 ([Errno 20] Not a directory: '/tmp/csv_file/domaine_tension_dim.csv/tmp/csv_file/operateur_dim.csv'; 5183)
[2024-03-11T14:13:39.479+0000] {local_task_job_runner.py:225} INFO - Task exited with return code 1
[2024-03-11T14:13:39.532+0000] {taskinstance.py:2651} INFO - 0 downstream tasks scheduled from follow-on schedule check
