[2023-06-15T13:30:14.185+0000] {taskinstance.py:1103} INFO - Dependencies all met for dep_context=non-requeueable deps ti=<TaskInstance: get_university_api_send_psql.wait_for_json manual__2023-06-15T13:14:06.940839+00:00 [queued]>
[2023-06-15T13:30:14.484+0000] {taskinstance.py:1103} INFO - Dependencies all met for dep_context=requeueable deps ti=<TaskInstance: get_university_api_send_psql.wait_for_json manual__2023-06-15T13:14:06.940839+00:00 [queued]>
[2023-06-15T13:30:14.486+0000] {taskinstance.py:1308} INFO - Starting attempt 1 of 1
[2023-06-15T13:30:14.659+0000] {taskinstance.py:1327} INFO - Executing <Task(PythonSensor): wait_for_json> on 2023-06-15 13:14:06.940839+00:00
[2023-06-15T13:30:14.696+0000] {standard_task_runner.py:57} INFO - Started process 108 to run task
[2023-06-15T13:30:14.748+0000] {standard_task_runner.py:84} INFO - Running: ['***', 'tasks', 'run', 'get_university_api_send_psql', 'wait_for_json', 'manual__2023-06-15T13:14:06.940839+00:00', '--job-id', '1866', '--raw', '--subdir', 'DAGS_FOLDER/data-university-from-api-dag/data_university_from_api_dag.py', '--cfg-path', '/tmp/tmppzfv79b7']
[2023-06-15T13:30:14.757+0000] {standard_task_runner.py:85} INFO - Job 1866: Subtask wait_for_json
[2023-06-15T13:30:15.588+0000] {task_command.py:410} INFO - Running <TaskInstance: get_university_api_send_psql.wait_for_json manual__2023-06-15T13:14:06.940839+00:00 [running]> on host cd01a659cc96
[2023-06-15T13:30:18.232+0000] {taskinstance.py:1547} INFO - Exporting env vars: AIRFLOW_CTX_DAG_OWNER='***' AIRFLOW_CTX_DAG_ID='get_university_api_send_psql' AIRFLOW_CTX_TASK_ID='wait_for_json' AIRFLOW_CTX_EXECUTION_DATE='2023-06-15T13:14:06.940839+00:00' AIRFLOW_CTX_TRY_NUMBER='1' AIRFLOW_CTX_DAG_RUN_ID='manual__2023-06-15T13:14:06.940839+00:00'
[2023-06-15T13:30:18.397+0000] {python.py:72} INFO - Poking callable: <function _wait_for_json at 0x7f3aaaf4bc20>
[2023-06-15T13:30:18.651+0000] {taskinstance.py:1784} INFO - Rescheduling task, marking task as UP_FOR_RESCHEDULE
[2023-06-15T13:30:18.862+0000] {local_task_job_runner.py:225} INFO - Task exited with return code 0
[2023-06-15T13:30:19.683+0000] {taskinstance.py:2651} INFO - 0 downstream tasks scheduled from follow-on schedule check
[2023-06-15T13:31:16.896+0000] {taskinstance.py:1103} INFO - Dependencies all met for dep_context=non-requeueable deps ti=<TaskInstance: get_university_api_send_psql.wait_for_json manual__2023-06-15T13:14:06.940839+00:00 [queued]>
[2023-06-15T13:31:16.959+0000] {taskinstance.py:1103} INFO - Dependencies all met for dep_context=requeueable deps ti=<TaskInstance: get_university_api_send_psql.wait_for_json manual__2023-06-15T13:14:06.940839+00:00 [queued]>
[2023-06-15T13:31:16.965+0000] {taskinstance.py:1308} INFO - Starting attempt 1 of 1
[2023-06-15T13:31:17.361+0000] {taskinstance.py:1327} INFO - Executing <Task(PythonSensor): wait_for_json> on 2023-06-15 13:14:06.940839+00:00
[2023-06-15T13:31:17.437+0000] {standard_task_runner.py:57} INFO - Started process 131 to run task
[2023-06-15T13:31:17.526+0000] {standard_task_runner.py:84} INFO - Running: ['***', 'tasks', 'run', 'get_university_api_send_psql', 'wait_for_json', 'manual__2023-06-15T13:14:06.940839+00:00', '--job-id', '1869', '--raw', '--subdir', 'DAGS_FOLDER/data-university-from-api-dag/data_university_from_api_dag.py', '--cfg-path', '/tmp/tmp5rje6_f9']
[2023-06-15T13:31:17.562+0000] {standard_task_runner.py:85} INFO - Job 1869: Subtask wait_for_json
[2023-06-15T13:31:17.982+0000] {task_command.py:410} INFO - Running <TaskInstance: get_university_api_send_psql.wait_for_json manual__2023-06-15T13:14:06.940839+00:00 [running]> on host cd01a659cc96
[2023-06-15T13:31:18.703+0000] {taskinstance.py:1547} INFO - Exporting env vars: AIRFLOW_CTX_DAG_OWNER='***' AIRFLOW_CTX_DAG_ID='get_university_api_send_psql' AIRFLOW_CTX_TASK_ID='wait_for_json' AIRFLOW_CTX_EXECUTION_DATE='2023-06-15T13:14:06.940839+00:00' AIRFLOW_CTX_TRY_NUMBER='1' AIRFLOW_CTX_DAG_RUN_ID='manual__2023-06-15T13:14:06.940839+00:00'
[2023-06-15T13:31:18.769+0000] {python.py:72} INFO - Poking callable: <function _wait_for_json at 0x7f3aaaf5f0e0>
[2023-06-15T13:31:18.856+0000] {taskinstance.py:1784} INFO - Rescheduling task, marking task as UP_FOR_RESCHEDULE
[2023-06-15T13:31:18.926+0000] {local_task_job_runner.py:225} INFO - Task exited with return code 0
[2023-06-15T13:31:19.052+0000] {taskinstance.py:2651} INFO - 0 downstream tasks scheduled from follow-on schedule check
