[2024-03-13T08:45:47.558+0000] {taskinstance.py:1103} INFO - Dependencies all met for dep_context=non-requeueable deps ti=<TaskInstance: EnergyWarehouse.create_fact_table_conso_energy_region manual__2024-03-13T08:42:26.289886+00:00 [queued]>
[2024-03-13T08:45:47.669+0000] {taskinstance.py:1103} INFO - Dependencies all met for dep_context=requeueable deps ti=<TaskInstance: EnergyWarehouse.create_fact_table_conso_energy_region manual__2024-03-13T08:42:26.289886+00:00 [queued]>
[2024-03-13T08:45:47.686+0000] {taskinstance.py:1308} INFO - Starting attempt 1 of 2
[2024-03-13T08:45:47.865+0000] {taskinstance.py:1327} INFO - Executing <Task(PythonOperator): create_fact_table_conso_energy_region> on 2024-03-13 08:42:26.289886+00:00
[2024-03-13T08:45:47.894+0000] {standard_task_runner.py:57} INFO - Started process 490 to run task
[2024-03-13T08:45:47.930+0000] {standard_task_runner.py:84} INFO - Running: ['***', 'tasks', 'run', 'EnergyWarehouse', 'create_fact_table_conso_energy_region', 'manual__2024-03-13T08:42:26.289886+00:00', '--job-id', '1516', '--raw', '--subdir', 'DAGS_FOLDER/***-to-bigquery-dag/***_to_bigquerry_dag.py', '--cfg-path', '/tmp/tmp2brmoq2t']
[2024-03-13T08:45:47.962+0000] {standard_task_runner.py:85} INFO - Job 1516: Subtask create_fact_table_conso_energy_region
[2024-03-13T08:45:48.344+0000] {task_command.py:410} INFO - Running <TaskInstance: EnergyWarehouse.create_fact_table_conso_energy_region manual__2024-03-13T08:42:26.289886+00:00 [running]> on host 952b3f8a1a94
[2024-03-13T08:45:49.093+0000] {taskinstance.py:1547} INFO - Exporting env vars: AIRFLOW_CTX_DAG_OWNER='Mbaye SENE' AIRFLOW_CTX_DAG_ID='EnergyWarehouse' AIRFLOW_CTX_TASK_ID='create_fact_table_conso_energy_region' AIRFLOW_CTX_EXECUTION_DATE='2024-03-13T08:42:26.289886+00:00' AIRFLOW_CTX_TRY_NUMBER='1' AIRFLOW_CTX_DAG_RUN_ID='manual__2024-03-13T08:42:26.289886+00:00'
[2024-03-13T08:45:50.675+0000] {taskinstance.py:1824} ERROR - Task failed with exception
Traceback (most recent call last):
  File "/home/airflow/.local/lib/python3.7/site-packages/airflow/operators/python.py", line 181, in execute
    return_value = self.execute_callable()
  File "/home/airflow/.local/lib/python3.7/site-packages/airflow/operators/python.py", line 198, in execute_callable
    return self.python_callable(*self.op_args, **self.op_kwargs)
  File "/opt/airflow/dags/airflow-to-bigquery-dag/airflow_to_bigquerry_dag.py", line 440, in create_fact_table_conso_energy_region
    'code_categorie_consommation','code_naf'
  File "/home/airflow/.local/lib/python3.7/site-packages/pandas/core/frame.py", line 3464, in __getitem__
    indexer = self.loc._get_listlike_indexer(key, axis=1)[1]
  File "/home/airflow/.local/lib/python3.7/site-packages/pandas/core/indexing.py", line 1314, in _get_listlike_indexer
    self._validate_read_indexer(keyarr, indexer, axis)
  File "/home/airflow/.local/lib/python3.7/site-packages/pandas/core/indexing.py", line 1377, in _validate_read_indexer
    raise KeyError(f"{not_found} not in index")
KeyError: "['consocode_categorie_consommation'] not in index"
[2024-03-13T08:45:50.791+0000] {taskinstance.py:1350} INFO - Marking task as UP_FOR_RETRY. dag_id=EnergyWarehouse, task_id=create_fact_table_conso_energy_region, execution_date=20240313T084226, start_date=20240313T084547, end_date=20240313T084550
[2024-03-13T08:45:50.907+0000] {standard_task_runner.py:109} ERROR - Failed to execute job 1516 for task create_fact_table_conso_energy_region ("['consocode_categorie_consommation'] not in index"; 490)
[2024-03-13T08:45:51.149+0000] {local_task_job_runner.py:225} INFO - Task exited with return code 1
[2024-03-13T08:45:51.644+0000] {taskinstance.py:2651} INFO - 0 downstream tasks scheduled from follow-on schedule check
