[2024-01-30T15:52:15.641+0000] {taskinstance.py:1103} INFO - Dependencies all met for dep_context=non-requeueable deps ti=<TaskInstance: fetch_s3_csv_files.fetch_csv_files_task manual__2024-01-30T15:52:11.742336+00:00 [queued]>
[2024-01-30T15:52:15.664+0000] {taskinstance.py:1103} INFO - Dependencies all met for dep_context=requeueable deps ti=<TaskInstance: fetch_s3_csv_files.fetch_csv_files_task manual__2024-01-30T15:52:11.742336+00:00 [queued]>
[2024-01-30T15:52:15.666+0000] {taskinstance.py:1308} INFO - Starting attempt 1 of 1
[2024-01-30T15:52:15.695+0000] {taskinstance.py:1327} INFO - Executing <Task(PythonOperator): fetch_csv_files_task> on 2024-01-30 15:52:11.742336+00:00
[2024-01-30T15:52:15.708+0000] {standard_task_runner.py:57} INFO - Started process 2701 to run task
[2024-01-30T15:52:15.722+0000] {standard_task_runner.py:84} INFO - Running: ['***', 'tasks', 'run', 'fetch_s3_csv_files', 'fetch_csv_files_task', 'manual__2024-01-30T15:52:11.742336+00:00', '--job-id', '10', '--raw', '--subdir', 'DAGS_FOLDER/energy-prod-cons-dag/data_energy_dag.py', '--cfg-path', '/tmp/tmpsh68fwvf']
[2024-01-30T15:52:15.730+0000] {standard_task_runner.py:85} INFO - Job 10: Subtask fetch_csv_files_task
[2024-01-30T15:52:15.854+0000] {task_command.py:410} INFO - Running <TaskInstance: fetch_s3_csv_files.fetch_csv_files_task manual__2024-01-30T15:52:11.742336+00:00 [running]> on host 952b3f8a1a94
[2024-01-30T15:52:15.975+0000] {taskinstance.py:1547} INFO - Exporting env vars: AIRFLOW_CTX_DAG_OWNER='***' AIRFLOW_CTX_DAG_ID='fetch_s3_csv_files' AIRFLOW_CTX_TASK_ID='fetch_csv_files_task' AIRFLOW_CTX_EXECUTION_DATE='2024-01-30T15:52:11.742336+00:00' AIRFLOW_CTX_TRY_NUMBER='1' AIRFLOW_CTX_DAG_RUN_ID='manual__2024-01-30T15:52:11.742336+00:00'
[2024-01-30T15:52:16.000+0000] {base.py:73} INFO - Using connection ID 'aws_conn_id' for task execution.
[2024-01-30T15:52:16.003+0000] {connection_wrapper.py:337} INFO - AWS Connection (conn_id='aws_conn_id', conn_type='aws') credentials retrieved from login and password.
[2024-01-30T15:52:17.924+0000] {logging_mixin.py:149} INFO - ***** HERE IS A FILE ***** :  conso-elec-gaz-annuelle-par-naf-agregee-region.csv
[2024-01-30T15:52:17.933+0000] {s3.py:971} INFO - This function shadows the 'download_file' method of S3 API, but it is not the same. If you want to use the original method from S3 API, please call 'S3Hook.get_conn().download_file()'
[2024-01-30T15:52:17.940+0000] {s3.py:976} INFO - Downloading source S3 file from Bucket conso-elec-gaz-annuelle-par-naf-agregee-region.csv with path data-engineering-project-siad
[2024-01-30T15:52:18.289+0000] {taskinstance.py:1824} ERROR - Task failed with exception
Traceback (most recent call last):
  File "/home/airflow/.local/lib/python3.7/site-packages/airflow/operators/python.py", line 181, in execute
    return_value = self.execute_callable()
  File "/home/airflow/.local/lib/python3.7/site-packages/airflow/operators/python.py", line 198, in execute_callable
    return self.python_callable(*self.op_args, **self.op_kwargs)
  File "/opt/airflow/dags/energy-prod-cons-dag/data_energy_dag.py", line 59, in _fetch_csv_files
    s3_hook.download_file(bucket_name, file, local_path)
  File "/home/airflow/.local/lib/python3.7/site-packages/airflow/providers/amazon/aws/hooks/s3.py", line 111, in wrapper
    return func(*bound_args.args, **bound_args.kwargs)
  File "/home/airflow/.local/lib/python3.7/site-packages/airflow/providers/amazon/aws/hooks/s3.py", line 82, in wrapper
    return func(*bound_args.args, **bound_args.kwargs)
  File "/home/airflow/.local/lib/python3.7/site-packages/airflow/providers/amazon/aws/hooks/s3.py", line 986, in download_file
    raise e
  File "/home/airflow/.local/lib/python3.7/site-packages/airflow/providers/amazon/aws/hooks/s3.py", line 979, in download_file
    s3_obj = self.get_key(key, bucket_name)
  File "/home/airflow/.local/lib/python3.7/site-packages/airflow/providers/amazon/aws/hooks/s3.py", line 111, in wrapper
    return func(*bound_args.args, **bound_args.kwargs)
  File "/home/airflow/.local/lib/python3.7/site-packages/airflow/providers/amazon/aws/hooks/s3.py", line 82, in wrapper
    return func(*bound_args.args, **bound_args.kwargs)
  File "/home/airflow/.local/lib/python3.7/site-packages/airflow/providers/amazon/aws/hooks/s3.py", line 542, in get_key
    obj.load()
  File "/home/airflow/.local/lib/python3.7/site-packages/boto3/resources/factory.py", line 564, in do_action
    response = action(self, *args, **kwargs)
  File "/home/airflow/.local/lib/python3.7/site-packages/boto3/resources/action.py", line 88, in __call__
    response = getattr(parent.meta.client, operation_name)(*args, **params)
  File "/home/airflow/.local/lib/python3.7/site-packages/botocore/client.py", line 530, in _api_call
    return self._make_api_call(operation_name, kwargs)
  File "/home/airflow/.local/lib/python3.7/site-packages/botocore/client.py", line 960, in _make_api_call
    raise error_class(parsed_response, operation_name)
botocore.exceptions.ClientError: An error occurred (404) when calling the HeadObject operation: Not Found
[2024-01-30T15:52:18.489+0000] {taskinstance.py:1350} INFO - Marking task as FAILED. dag_id=fetch_s3_csv_files, task_id=fetch_csv_files_task, execution_date=20240130T155211, start_date=20240130T155215, end_date=20240130T155218
[2024-01-30T15:52:18.563+0000] {standard_task_runner.py:109} ERROR - Failed to execute job 10 for task fetch_csv_files_task (An error occurred (404) when calling the HeadObject operation: Not Found; 2701)
[2024-01-30T15:52:18.662+0000] {local_task_job_runner.py:225} INFO - Task exited with return code 1
[2024-01-30T15:52:18.731+0000] {taskinstance.py:2651} INFO - 0 downstream tasks scheduled from follow-on schedule check
