[2023-06-15T13:33:57.334+0000] {taskinstance.py:1103} INFO - Dependencies all met for dep_context=non-requeueable deps ti=<TaskInstance: get_university_api_send_psql.wait_for_json manual__2023-06-15T13:31:40.366189+00:00 [queued]>
[2023-06-15T13:33:57.349+0000] {taskinstance.py:1103} INFO - Dependencies all met for dep_context=requeueable deps ti=<TaskInstance: get_university_api_send_psql.wait_for_json manual__2023-06-15T13:31:40.366189+00:00 [queued]>
[2023-06-15T13:33:57.351+0000] {taskinstance.py:1308} INFO - Starting attempt 1 of 1
[2023-06-15T13:33:57.371+0000] {taskinstance.py:1327} INFO - Executing <Task(PythonSensor): wait_for_json> on 2023-06-15 13:31:40.366189+00:00
[2023-06-15T13:33:57.385+0000] {standard_task_runner.py:57} INFO - Started process 181 to run task
[2023-06-15T13:33:57.392+0000] {standard_task_runner.py:84} INFO - Running: ['***', 'tasks', 'run', 'get_university_api_send_psql', 'wait_for_json', 'manual__2023-06-15T13:31:40.366189+00:00', '--job-id', '1877', '--raw', '--subdir', 'DAGS_FOLDER/data-university-from-api-dag/data_university_from_api_dag.py', '--cfg-path', '/tmp/tmpika2_cor']
[2023-06-15T13:33:57.398+0000] {standard_task_runner.py:85} INFO - Job 1877: Subtask wait_for_json
[2023-06-15T13:33:57.484+0000] {task_command.py:410} INFO - Running <TaskInstance: get_university_api_send_psql.wait_for_json manual__2023-06-15T13:31:40.366189+00:00 [running]> on host cd01a659cc96
[2023-06-15T13:33:57.623+0000] {taskinstance.py:1547} INFO - Exporting env vars: AIRFLOW_CTX_DAG_OWNER='***' AIRFLOW_CTX_DAG_ID='get_university_api_send_psql' AIRFLOW_CTX_TASK_ID='wait_for_json' AIRFLOW_CTX_EXECUTION_DATE='2023-06-15T13:31:40.366189+00:00' AIRFLOW_CTX_TRY_NUMBER='1' AIRFLOW_CTX_DAG_RUN_ID='manual__2023-06-15T13:31:40.366189+00:00'
[2023-06-15T13:33:57.639+0000] {python.py:72} INFO - Poking callable: <function _wait_for_json at 0x7f3aaaeff4d0>
[2023-06-15T13:33:57.664+0000] {taskinstance.py:1784} INFO - Rescheduling task, marking task as UP_FOR_RESCHEDULE
[2023-06-15T13:33:57.688+0000] {local_task_job_runner.py:225} INFO - Task exited with return code 0
[2023-06-15T13:33:57.730+0000] {taskinstance.py:2651} INFO - 0 downstream tasks scheduled from follow-on schedule check
[2023-06-15T13:34:29.863+0000] {taskinstance.py:1103} INFO - Dependencies all met for dep_context=non-requeueable deps ti=<TaskInstance: get_university_api_send_psql.wait_for_json manual__2023-06-15T13:31:40.366189+00:00 [queued]>
[2023-06-15T13:34:29.879+0000] {taskinstance.py:1103} INFO - Dependencies all met for dep_context=requeueable deps ti=<TaskInstance: get_university_api_send_psql.wait_for_json manual__2023-06-15T13:31:40.366189+00:00 [queued]>
[2023-06-15T13:34:29.881+0000] {taskinstance.py:1308} INFO - Starting attempt 1 of 1
[2023-06-15T13:34:29.901+0000] {taskinstance.py:1327} INFO - Executing <Task(PythonSensor): wait_for_json> on 2023-06-15 13:31:40.366189+00:00
[2023-06-15T13:34:29.910+0000] {standard_task_runner.py:57} INFO - Started process 195 to run task
[2023-06-15T13:34:29.918+0000] {standard_task_runner.py:84} INFO - Running: ['***', 'tasks', 'run', 'get_university_api_send_psql', 'wait_for_json', 'manual__2023-06-15T13:31:40.366189+00:00', '--job-id', '1879', '--raw', '--subdir', 'DAGS_FOLDER/data-university-from-api-dag/data_university_from_api_dag.py', '--cfg-path', '/tmp/tmpri0jdyfw']
[2023-06-15T13:34:29.922+0000] {standard_task_runner.py:85} INFO - Job 1879: Subtask wait_for_json
[2023-06-15T13:34:29.990+0000] {task_command.py:410} INFO - Running <TaskInstance: get_university_api_send_psql.wait_for_json manual__2023-06-15T13:31:40.366189+00:00 [running]> on host cd01a659cc96
[2023-06-15T13:34:30.099+0000] {taskinstance.py:1547} INFO - Exporting env vars: AIRFLOW_CTX_DAG_OWNER='***' AIRFLOW_CTX_DAG_ID='get_university_api_send_psql' AIRFLOW_CTX_TASK_ID='wait_for_json' AIRFLOW_CTX_EXECUTION_DATE='2023-06-15T13:31:40.366189+00:00' AIRFLOW_CTX_TRY_NUMBER='1' AIRFLOW_CTX_DAG_RUN_ID='manual__2023-06-15T13:31:40.366189+00:00'
[2023-06-15T13:34:30.113+0000] {python.py:72} INFO - Poking callable: <function _wait_for_json at 0x7f3aaaf5f0e0>
[2023-06-15T13:34:30.142+0000] {taskinstance.py:1784} INFO - Rescheduling task, marking task as UP_FOR_RESCHEDULE
[2023-06-15T13:34:30.169+0000] {local_task_job_runner.py:225} INFO - Task exited with return code 0
[2023-06-15T13:34:30.213+0000] {taskinstance.py:2651} INFO - 0 downstream tasks scheduled from follow-on schedule check
[2023-06-15T13:35:01.568+0000] {taskinstance.py:1103} INFO - Dependencies all met for dep_context=non-requeueable deps ti=<TaskInstance: get_university_api_send_psql.wait_for_json manual__2023-06-15T13:31:40.366189+00:00 [queued]>
[2023-06-15T13:35:01.594+0000] {taskinstance.py:1103} INFO - Dependencies all met for dep_context=requeueable deps ti=<TaskInstance: get_university_api_send_psql.wait_for_json manual__2023-06-15T13:31:40.366189+00:00 [queued]>
[2023-06-15T13:35:01.597+0000] {taskinstance.py:1308} INFO - Starting attempt 1 of 1
[2023-06-15T13:35:01.629+0000] {taskinstance.py:1327} INFO - Executing <Task(PythonSensor): wait_for_json> on 2023-06-15 13:31:40.366189+00:00
[2023-06-15T13:35:01.641+0000] {standard_task_runner.py:57} INFO - Started process 210 to run task
[2023-06-15T13:35:01.650+0000] {standard_task_runner.py:84} INFO - Running: ['***', 'tasks', 'run', 'get_university_api_send_psql', 'wait_for_json', 'manual__2023-06-15T13:31:40.366189+00:00', '--job-id', '1881', '--raw', '--subdir', 'DAGS_FOLDER/data-university-from-api-dag/data_university_from_api_dag.py', '--cfg-path', '/tmp/tmpthpquc0s']
[2023-06-15T13:35:01.656+0000] {standard_task_runner.py:85} INFO - Job 1881: Subtask wait_for_json
[2023-06-15T13:35:01.739+0000] {task_command.py:410} INFO - Running <TaskInstance: get_university_api_send_psql.wait_for_json manual__2023-06-15T13:31:40.366189+00:00 [running]> on host cd01a659cc96
[2023-06-15T13:35:01.861+0000] {taskinstance.py:1547} INFO - Exporting env vars: AIRFLOW_CTX_DAG_OWNER='***' AIRFLOW_CTX_DAG_ID='get_university_api_send_psql' AIRFLOW_CTX_TASK_ID='wait_for_json' AIRFLOW_CTX_EXECUTION_DATE='2023-06-15T13:31:40.366189+00:00' AIRFLOW_CTX_TRY_NUMBER='1' AIRFLOW_CTX_DAG_RUN_ID='manual__2023-06-15T13:31:40.366189+00:00'
[2023-06-15T13:35:01.877+0000] {python.py:72} INFO - Poking callable: <function _wait_for_json at 0x7f3aaaf5f0e0>
[2023-06-15T13:35:01.909+0000] {taskinstance.py:1784} INFO - Rescheduling task, marking task as UP_FOR_RESCHEDULE
[2023-06-15T13:35:01.963+0000] {local_task_job_runner.py:225} INFO - Task exited with return code 0
[2023-06-15T13:35:02.038+0000] {taskinstance.py:2651} INFO - 0 downstream tasks scheduled from follow-on schedule check
[2023-06-15T13:35:33.190+0000] {taskinstance.py:1103} INFO - Dependencies all met for dep_context=non-requeueable deps ti=<TaskInstance: get_university_api_send_psql.wait_for_json manual__2023-06-15T13:31:40.366189+00:00 [queued]>
[2023-06-15T13:35:33.205+0000] {taskinstance.py:1103} INFO - Dependencies all met for dep_context=requeueable deps ti=<TaskInstance: get_university_api_send_psql.wait_for_json manual__2023-06-15T13:31:40.366189+00:00 [queued]>
[2023-06-15T13:35:33.207+0000] {taskinstance.py:1308} INFO - Starting attempt 1 of 1
[2023-06-15T13:35:33.227+0000] {taskinstance.py:1327} INFO - Executing <Task(PythonSensor): wait_for_json> on 2023-06-15 13:31:40.366189+00:00
[2023-06-15T13:35:33.238+0000] {standard_task_runner.py:57} INFO - Started process 225 to run task
[2023-06-15T13:35:33.246+0000] {standard_task_runner.py:84} INFO - Running: ['***', 'tasks', 'run', 'get_university_api_send_psql', 'wait_for_json', 'manual__2023-06-15T13:31:40.366189+00:00', '--job-id', '1883', '--raw', '--subdir', 'DAGS_FOLDER/data-university-from-api-dag/data_university_from_api_dag.py', '--cfg-path', '/tmp/tmp7rskdsts']
[2023-06-15T13:35:33.250+0000] {standard_task_runner.py:85} INFO - Job 1883: Subtask wait_for_json
[2023-06-15T13:35:33.344+0000] {task_command.py:410} INFO - Running <TaskInstance: get_university_api_send_psql.wait_for_json manual__2023-06-15T13:31:40.366189+00:00 [running]> on host cd01a659cc96
[2023-06-15T13:35:33.746+0000] {taskinstance.py:1547} INFO - Exporting env vars: AIRFLOW_CTX_DAG_OWNER='***' AIRFLOW_CTX_DAG_ID='get_university_api_send_psql' AIRFLOW_CTX_TASK_ID='wait_for_json' AIRFLOW_CTX_EXECUTION_DATE='2023-06-15T13:31:40.366189+00:00' AIRFLOW_CTX_TRY_NUMBER='1' AIRFLOW_CTX_DAG_RUN_ID='manual__2023-06-15T13:31:40.366189+00:00'
[2023-06-15T13:35:33.774+0000] {python.py:72} INFO - Poking callable: <function _wait_for_json at 0x7f3aaaf5f0e0>
[2023-06-15T13:35:33.823+0000] {taskinstance.py:1784} INFO - Rescheduling task, marking task as UP_FOR_RESCHEDULE
[2023-06-15T13:35:33.881+0000] {local_task_job_runner.py:225} INFO - Task exited with return code 0
[2023-06-15T13:35:33.926+0000] {taskinstance.py:2651} INFO - 0 downstream tasks scheduled from follow-on schedule check
[2023-06-15T13:36:06.223+0000] {taskinstance.py:1103} INFO - Dependencies all met for dep_context=non-requeueable deps ti=<TaskInstance: get_university_api_send_psql.wait_for_json manual__2023-06-15T13:31:40.366189+00:00 [queued]>
[2023-06-15T13:36:06.246+0000] {taskinstance.py:1103} INFO - Dependencies all met for dep_context=requeueable deps ti=<TaskInstance: get_university_api_send_psql.wait_for_json manual__2023-06-15T13:31:40.366189+00:00 [queued]>
[2023-06-15T13:36:06.248+0000] {taskinstance.py:1308} INFO - Starting attempt 1 of 1
[2023-06-15T13:36:06.280+0000] {taskinstance.py:1327} INFO - Executing <Task(PythonSensor): wait_for_json> on 2023-06-15 13:31:40.366189+00:00
[2023-06-15T13:36:06.290+0000] {standard_task_runner.py:57} INFO - Started process 240 to run task
[2023-06-15T13:36:06.304+0000] {standard_task_runner.py:84} INFO - Running: ['***', 'tasks', 'run', 'get_university_api_send_psql', 'wait_for_json', 'manual__2023-06-15T13:31:40.366189+00:00', '--job-id', '1885', '--raw', '--subdir', 'DAGS_FOLDER/data-university-from-api-dag/data_university_from_api_dag.py', '--cfg-path', '/tmp/tmpft0chqzi']
[2023-06-15T13:36:06.308+0000] {standard_task_runner.py:85} INFO - Job 1885: Subtask wait_for_json
[2023-06-15T13:36:06.386+0000] {task_command.py:410} INFO - Running <TaskInstance: get_university_api_send_psql.wait_for_json manual__2023-06-15T13:31:40.366189+00:00 [running]> on host cd01a659cc96
[2023-06-15T13:36:06.552+0000] {taskinstance.py:1547} INFO - Exporting env vars: AIRFLOW_CTX_DAG_OWNER='***' AIRFLOW_CTX_DAG_ID='get_university_api_send_psql' AIRFLOW_CTX_TASK_ID='wait_for_json' AIRFLOW_CTX_EXECUTION_DATE='2023-06-15T13:31:40.366189+00:00' AIRFLOW_CTX_TRY_NUMBER='1' AIRFLOW_CTX_DAG_RUN_ID='manual__2023-06-15T13:31:40.366189+00:00'
[2023-06-15T13:36:06.572+0000] {python.py:72} INFO - Poking callable: <function _wait_for_json at 0x7f3aaaf5f0e0>
[2023-06-15T13:36:06.601+0000] {taskinstance.py:1784} INFO - Rescheduling task, marking task as UP_FOR_RESCHEDULE
[2023-06-15T13:36:06.640+0000] {local_task_job_runner.py:225} INFO - Task exited with return code 0
[2023-06-15T13:36:06.687+0000] {taskinstance.py:2651} INFO - 0 downstream tasks scheduled from follow-on schedule check
[2023-06-15T13:36:38.554+0000] {taskinstance.py:1103} INFO - Dependencies all met for dep_context=non-requeueable deps ti=<TaskInstance: get_university_api_send_psql.wait_for_json manual__2023-06-15T13:31:40.366189+00:00 [queued]>
[2023-06-15T13:36:38.572+0000] {taskinstance.py:1103} INFO - Dependencies all met for dep_context=requeueable deps ti=<TaskInstance: get_university_api_send_psql.wait_for_json manual__2023-06-15T13:31:40.366189+00:00 [queued]>
[2023-06-15T13:36:38.574+0000] {taskinstance.py:1308} INFO - Starting attempt 1 of 1
[2023-06-15T13:36:38.599+0000] {taskinstance.py:1327} INFO - Executing <Task(PythonSensor): wait_for_json> on 2023-06-15 13:31:40.366189+00:00
[2023-06-15T13:36:38.608+0000] {standard_task_runner.py:57} INFO - Started process 255 to run task
[2023-06-15T13:36:38.615+0000] {standard_task_runner.py:84} INFO - Running: ['***', 'tasks', 'run', 'get_university_api_send_psql', 'wait_for_json', 'manual__2023-06-15T13:31:40.366189+00:00', '--job-id', '1887', '--raw', '--subdir', 'DAGS_FOLDER/data-university-from-api-dag/data_university_from_api_dag.py', '--cfg-path', '/tmp/tmpllc5za2w']
[2023-06-15T13:36:38.621+0000] {standard_task_runner.py:85} INFO - Job 1887: Subtask wait_for_json
[2023-06-15T13:36:38.700+0000] {task_command.py:410} INFO - Running <TaskInstance: get_university_api_send_psql.wait_for_json manual__2023-06-15T13:31:40.366189+00:00 [running]> on host cd01a659cc96
[2023-06-15T13:36:38.829+0000] {taskinstance.py:1547} INFO - Exporting env vars: AIRFLOW_CTX_DAG_OWNER='***' AIRFLOW_CTX_DAG_ID='get_university_api_send_psql' AIRFLOW_CTX_TASK_ID='wait_for_json' AIRFLOW_CTX_EXECUTION_DATE='2023-06-15T13:31:40.366189+00:00' AIRFLOW_CTX_TRY_NUMBER='1' AIRFLOW_CTX_DAG_RUN_ID='manual__2023-06-15T13:31:40.366189+00:00'
[2023-06-15T13:36:38.847+0000] {python.py:72} INFO - Poking callable: <function _wait_for_json at 0x7f3aaaf5f0e0>
[2023-06-15T13:36:38.893+0000] {taskinstance.py:1784} INFO - Rescheduling task, marking task as UP_FOR_RESCHEDULE
[2023-06-15T13:36:38.950+0000] {local_task_job_runner.py:225} INFO - Task exited with return code 0
[2023-06-15T13:36:39.008+0000] {taskinstance.py:2651} INFO - 0 downstream tasks scheduled from follow-on schedule check
[2023-06-15T13:37:11.084+0000] {taskinstance.py:1103} INFO - Dependencies all met for dep_context=non-requeueable deps ti=<TaskInstance: get_university_api_send_psql.wait_for_json manual__2023-06-15T13:31:40.366189+00:00 [queued]>
[2023-06-15T13:37:11.122+0000] {taskinstance.py:1103} INFO - Dependencies all met for dep_context=requeueable deps ti=<TaskInstance: get_university_api_send_psql.wait_for_json manual__2023-06-15T13:31:40.366189+00:00 [queued]>
[2023-06-15T13:37:11.133+0000] {taskinstance.py:1308} INFO - Starting attempt 1 of 1
[2023-06-15T13:37:11.158+0000] {taskinstance.py:1327} INFO - Executing <Task(PythonSensor): wait_for_json> on 2023-06-15 13:31:40.366189+00:00
[2023-06-15T13:37:11.173+0000] {standard_task_runner.py:57} INFO - Started process 270 to run task
[2023-06-15T13:37:11.184+0000] {standard_task_runner.py:84} INFO - Running: ['***', 'tasks', 'run', 'get_university_api_send_psql', 'wait_for_json', 'manual__2023-06-15T13:31:40.366189+00:00', '--job-id', '1889', '--raw', '--subdir', 'DAGS_FOLDER/data-university-from-api-dag/data_university_from_api_dag.py', '--cfg-path', '/tmp/tmpwuelq0mv']
[2023-06-15T13:37:11.189+0000] {standard_task_runner.py:85} INFO - Job 1889: Subtask wait_for_json
[2023-06-15T13:37:11.270+0000] {task_command.py:410} INFO - Running <TaskInstance: get_university_api_send_psql.wait_for_json manual__2023-06-15T13:31:40.366189+00:00 [running]> on host cd01a659cc96
[2023-06-15T13:37:11.459+0000] {taskinstance.py:1547} INFO - Exporting env vars: AIRFLOW_CTX_DAG_OWNER='***' AIRFLOW_CTX_DAG_ID='get_university_api_send_psql' AIRFLOW_CTX_TASK_ID='wait_for_json' AIRFLOW_CTX_EXECUTION_DATE='2023-06-15T13:31:40.366189+00:00' AIRFLOW_CTX_TRY_NUMBER='1' AIRFLOW_CTX_DAG_RUN_ID='manual__2023-06-15T13:31:40.366189+00:00'
[2023-06-15T13:37:11.492+0000] {python.py:72} INFO - Poking callable: <function _wait_for_json at 0x7f3aaaf5f0e0>
[2023-06-15T13:37:11.531+0000] {taskinstance.py:1784} INFO - Rescheduling task, marking task as UP_FOR_RESCHEDULE
[2023-06-15T13:37:11.559+0000] {local_task_job_runner.py:225} INFO - Task exited with return code 0
[2023-06-15T13:37:11.638+0000] {taskinstance.py:2651} INFO - 0 downstream tasks scheduled from follow-on schedule check
[2023-06-15T13:37:42.997+0000] {taskinstance.py:1103} INFO - Dependencies all met for dep_context=non-requeueable deps ti=<TaskInstance: get_university_api_send_psql.wait_for_json manual__2023-06-15T13:31:40.366189+00:00 [queued]>
[2023-06-15T13:37:43.014+0000] {taskinstance.py:1103} INFO - Dependencies all met for dep_context=requeueable deps ti=<TaskInstance: get_university_api_send_psql.wait_for_json manual__2023-06-15T13:31:40.366189+00:00 [queued]>
[2023-06-15T13:37:43.015+0000] {taskinstance.py:1308} INFO - Starting attempt 1 of 1
[2023-06-15T13:37:43.034+0000] {taskinstance.py:1327} INFO - Executing <Task(PythonSensor): wait_for_json> on 2023-06-15 13:31:40.366189+00:00
[2023-06-15T13:37:43.043+0000] {standard_task_runner.py:57} INFO - Started process 285 to run task
[2023-06-15T13:37:43.050+0000] {standard_task_runner.py:84} INFO - Running: ['***', 'tasks', 'run', 'get_university_api_send_psql', 'wait_for_json', 'manual__2023-06-15T13:31:40.366189+00:00', '--job-id', '1891', '--raw', '--subdir', 'DAGS_FOLDER/data-university-from-api-dag/data_university_from_api_dag.py', '--cfg-path', '/tmp/tmpfjhnhdkf']
[2023-06-15T13:37:43.055+0000] {standard_task_runner.py:85} INFO - Job 1891: Subtask wait_for_json
[2023-06-15T13:37:43.118+0000] {task_command.py:410} INFO - Running <TaskInstance: get_university_api_send_psql.wait_for_json manual__2023-06-15T13:31:40.366189+00:00 [running]> on host cd01a659cc96
[2023-06-15T13:37:43.232+0000] {taskinstance.py:1547} INFO - Exporting env vars: AIRFLOW_CTX_DAG_OWNER='***' AIRFLOW_CTX_DAG_ID='get_university_api_send_psql' AIRFLOW_CTX_TASK_ID='wait_for_json' AIRFLOW_CTX_EXECUTION_DATE='2023-06-15T13:31:40.366189+00:00' AIRFLOW_CTX_TRY_NUMBER='1' AIRFLOW_CTX_DAG_RUN_ID='manual__2023-06-15T13:31:40.366189+00:00'
[2023-06-15T13:37:43.247+0000] {python.py:72} INFO - Poking callable: <function _wait_for_json at 0x7f3aaaf5f0e0>
[2023-06-15T13:37:43.272+0000] {taskinstance.py:1784} INFO - Rescheduling task, marking task as UP_FOR_RESCHEDULE
[2023-06-15T13:37:43.301+0000] {local_task_job_runner.py:225} INFO - Task exited with return code 0
[2023-06-15T13:37:43.345+0000] {taskinstance.py:2651} INFO - 0 downstream tasks scheduled from follow-on schedule check
[2023-06-15T13:38:15.700+0000] {taskinstance.py:1103} INFO - Dependencies all met for dep_context=non-requeueable deps ti=<TaskInstance: get_university_api_send_psql.wait_for_json manual__2023-06-15T13:31:40.366189+00:00 [queued]>
[2023-06-15T13:38:15.723+0000] {taskinstance.py:1103} INFO - Dependencies all met for dep_context=requeueable deps ti=<TaskInstance: get_university_api_send_psql.wait_for_json manual__2023-06-15T13:31:40.366189+00:00 [queued]>
[2023-06-15T13:38:15.725+0000] {taskinstance.py:1308} INFO - Starting attempt 1 of 1
[2023-06-15T13:38:15.746+0000] {taskinstance.py:1327} INFO - Executing <Task(PythonSensor): wait_for_json> on 2023-06-15 13:31:40.366189+00:00
[2023-06-15T13:38:15.757+0000] {standard_task_runner.py:57} INFO - Started process 299 to run task
[2023-06-15T13:38:15.765+0000] {standard_task_runner.py:84} INFO - Running: ['***', 'tasks', 'run', 'get_university_api_send_psql', 'wait_for_json', 'manual__2023-06-15T13:31:40.366189+00:00', '--job-id', '1893', '--raw', '--subdir', 'DAGS_FOLDER/data-university-from-api-dag/data_university_from_api_dag.py', '--cfg-path', '/tmp/tmpjadkx8zo']
[2023-06-15T13:38:15.769+0000] {standard_task_runner.py:85} INFO - Job 1893: Subtask wait_for_json
[2023-06-15T13:38:15.836+0000] {task_command.py:410} INFO - Running <TaskInstance: get_university_api_send_psql.wait_for_json manual__2023-06-15T13:31:40.366189+00:00 [running]> on host cd01a659cc96
[2023-06-15T13:38:15.958+0000] {taskinstance.py:1547} INFO - Exporting env vars: AIRFLOW_CTX_DAG_OWNER='***' AIRFLOW_CTX_DAG_ID='get_university_api_send_psql' AIRFLOW_CTX_TASK_ID='wait_for_json' AIRFLOW_CTX_EXECUTION_DATE='2023-06-15T13:31:40.366189+00:00' AIRFLOW_CTX_TRY_NUMBER='1' AIRFLOW_CTX_DAG_RUN_ID='manual__2023-06-15T13:31:40.366189+00:00'
[2023-06-15T13:38:15.991+0000] {python.py:72} INFO - Poking callable: <function _wait_for_json at 0x7f3aaaf5f0e0>
[2023-06-15T13:38:16.025+0000] {taskinstance.py:1784} INFO - Rescheduling task, marking task as UP_FOR_RESCHEDULE
[2023-06-15T13:38:16.059+0000] {local_task_job_runner.py:225} INFO - Task exited with return code 0
[2023-06-15T13:38:16.112+0000] {taskinstance.py:2651} INFO - 0 downstream tasks scheduled from follow-on schedule check
[2023-06-15T13:38:47.418+0000] {taskinstance.py:1103} INFO - Dependencies all met for dep_context=non-requeueable deps ti=<TaskInstance: get_university_api_send_psql.wait_for_json manual__2023-06-15T13:31:40.366189+00:00 [queued]>
[2023-06-15T13:38:47.434+0000] {taskinstance.py:1103} INFO - Dependencies all met for dep_context=requeueable deps ti=<TaskInstance: get_university_api_send_psql.wait_for_json manual__2023-06-15T13:31:40.366189+00:00 [queued]>
[2023-06-15T13:38:47.436+0000] {taskinstance.py:1308} INFO - Starting attempt 1 of 1
[2023-06-15T13:38:47.458+0000] {taskinstance.py:1327} INFO - Executing <Task(PythonSensor): wait_for_json> on 2023-06-15 13:31:40.366189+00:00
[2023-06-15T13:38:47.467+0000] {standard_task_runner.py:57} INFO - Started process 313 to run task
[2023-06-15T13:38:47.473+0000] {standard_task_runner.py:84} INFO - Running: ['***', 'tasks', 'run', 'get_university_api_send_psql', 'wait_for_json', 'manual__2023-06-15T13:31:40.366189+00:00', '--job-id', '1895', '--raw', '--subdir', 'DAGS_FOLDER/data-university-from-api-dag/data_university_from_api_dag.py', '--cfg-path', '/tmp/tmpyr0kx_v7']
[2023-06-15T13:38:47.478+0000] {standard_task_runner.py:85} INFO - Job 1895: Subtask wait_for_json
[2023-06-15T13:38:47.715+0000] {task_command.py:410} INFO - Running <TaskInstance: get_university_api_send_psql.wait_for_json manual__2023-06-15T13:31:40.366189+00:00 [running]> on host cd01a659cc96
[2023-06-15T13:38:47.950+0000] {taskinstance.py:1547} INFO - Exporting env vars: AIRFLOW_CTX_DAG_OWNER='***' AIRFLOW_CTX_DAG_ID='get_university_api_send_psql' AIRFLOW_CTX_TASK_ID='wait_for_json' AIRFLOW_CTX_EXECUTION_DATE='2023-06-15T13:31:40.366189+00:00' AIRFLOW_CTX_TRY_NUMBER='1' AIRFLOW_CTX_DAG_RUN_ID='manual__2023-06-15T13:31:40.366189+00:00'
[2023-06-15T13:38:47.972+0000] {python.py:72} INFO - Poking callable: <function _wait_for_json at 0x7f3aaaf5f0e0>
[2023-06-15T13:38:47.998+0000] {taskinstance.py:1784} INFO - Rescheduling task, marking task as UP_FOR_RESCHEDULE
[2023-06-15T13:38:48.029+0000] {local_task_job_runner.py:225} INFO - Task exited with return code 0
[2023-06-15T13:38:48.080+0000] {taskinstance.py:2651} INFO - 0 downstream tasks scheduled from follow-on schedule check
[2023-06-15T13:39:19.522+0000] {taskinstance.py:1103} INFO - Dependencies all met for dep_context=non-requeueable deps ti=<TaskInstance: get_university_api_send_psql.wait_for_json manual__2023-06-15T13:31:40.366189+00:00 [queued]>
[2023-06-15T13:39:19.536+0000] {taskinstance.py:1103} INFO - Dependencies all met for dep_context=requeueable deps ti=<TaskInstance: get_university_api_send_psql.wait_for_json manual__2023-06-15T13:31:40.366189+00:00 [queued]>
[2023-06-15T13:39:19.538+0000] {taskinstance.py:1308} INFO - Starting attempt 1 of 1
[2023-06-15T13:39:19.556+0000] {taskinstance.py:1327} INFO - Executing <Task(PythonSensor): wait_for_json> on 2023-06-15 13:31:40.366189+00:00
[2023-06-15T13:39:19.565+0000] {standard_task_runner.py:57} INFO - Started process 328 to run task
[2023-06-15T13:39:19.571+0000] {standard_task_runner.py:84} INFO - Running: ['***', 'tasks', 'run', 'get_university_api_send_psql', 'wait_for_json', 'manual__2023-06-15T13:31:40.366189+00:00', '--job-id', '1897', '--raw', '--subdir', 'DAGS_FOLDER/data-university-from-api-dag/data_university_from_api_dag.py', '--cfg-path', '/tmp/tmps1dfelps']
[2023-06-15T13:39:19.576+0000] {standard_task_runner.py:85} INFO - Job 1897: Subtask wait_for_json
[2023-06-15T13:39:19.639+0000] {task_command.py:410} INFO - Running <TaskInstance: get_university_api_send_psql.wait_for_json manual__2023-06-15T13:31:40.366189+00:00 [running]> on host cd01a659cc96
[2023-06-15T13:39:19.747+0000] {taskinstance.py:1547} INFO - Exporting env vars: AIRFLOW_CTX_DAG_OWNER='***' AIRFLOW_CTX_DAG_ID='get_university_api_send_psql' AIRFLOW_CTX_TASK_ID='wait_for_json' AIRFLOW_CTX_EXECUTION_DATE='2023-06-15T13:31:40.366189+00:00' AIRFLOW_CTX_TRY_NUMBER='1' AIRFLOW_CTX_DAG_RUN_ID='manual__2023-06-15T13:31:40.366189+00:00'
[2023-06-15T13:39:19.766+0000] {python.py:72} INFO - Poking callable: <function _wait_for_json at 0x7f3aaaf5f0e0>
[2023-06-15T13:39:19.814+0000] {taskinstance.py:1784} INFO - Rescheduling task, marking task as UP_FOR_RESCHEDULE
[2023-06-15T13:39:19.867+0000] {local_task_job_runner.py:225} INFO - Task exited with return code 0
[2023-06-15T13:39:19.912+0000] {taskinstance.py:2651} INFO - 0 downstream tasks scheduled from follow-on schedule check
[2023-06-15T13:39:51.253+0000] {taskinstance.py:1103} INFO - Dependencies all met for dep_context=non-requeueable deps ti=<TaskInstance: get_university_api_send_psql.wait_for_json manual__2023-06-15T13:31:40.366189+00:00 [queued]>
[2023-06-15T13:39:51.268+0000] {taskinstance.py:1103} INFO - Dependencies all met for dep_context=requeueable deps ti=<TaskInstance: get_university_api_send_psql.wait_for_json manual__2023-06-15T13:31:40.366189+00:00 [queued]>
[2023-06-15T13:39:51.270+0000] {taskinstance.py:1308} INFO - Starting attempt 1 of 1
[2023-06-15T13:39:51.289+0000] {taskinstance.py:1327} INFO - Executing <Task(PythonSensor): wait_for_json> on 2023-06-15 13:31:40.366189+00:00
[2023-06-15T13:39:51.300+0000] {standard_task_runner.py:57} INFO - Started process 343 to run task
[2023-06-15T13:39:51.307+0000] {standard_task_runner.py:84} INFO - Running: ['***', 'tasks', 'run', 'get_university_api_send_psql', 'wait_for_json', 'manual__2023-06-15T13:31:40.366189+00:00', '--job-id', '1899', '--raw', '--subdir', 'DAGS_FOLDER/data-university-from-api-dag/data_university_from_api_dag.py', '--cfg-path', '/tmp/tmph35cw_1a']
[2023-06-15T13:39:51.311+0000] {standard_task_runner.py:85} INFO - Job 1899: Subtask wait_for_json
[2023-06-15T13:39:51.378+0000] {task_command.py:410} INFO - Running <TaskInstance: get_university_api_send_psql.wait_for_json manual__2023-06-15T13:31:40.366189+00:00 [running]> on host cd01a659cc96
[2023-06-15T13:39:51.491+0000] {taskinstance.py:1547} INFO - Exporting env vars: AIRFLOW_CTX_DAG_OWNER='***' AIRFLOW_CTX_DAG_ID='get_university_api_send_psql' AIRFLOW_CTX_TASK_ID='wait_for_json' AIRFLOW_CTX_EXECUTION_DATE='2023-06-15T13:31:40.366189+00:00' AIRFLOW_CTX_TRY_NUMBER='1' AIRFLOW_CTX_DAG_RUN_ID='manual__2023-06-15T13:31:40.366189+00:00'
[2023-06-15T13:39:51.513+0000] {python.py:72} INFO - Poking callable: <function _wait_for_json at 0x7f3aaaf5f0e0>
[2023-06-15T13:39:51.551+0000] {taskinstance.py:1784} INFO - Rescheduling task, marking task as UP_FOR_RESCHEDULE
[2023-06-15T13:39:51.599+0000] {local_task_job_runner.py:225} INFO - Task exited with return code 0
[2023-06-15T13:39:51.648+0000] {taskinstance.py:2651} INFO - 0 downstream tasks scheduled from follow-on schedule check
[2023-06-15T13:40:23.172+0000] {taskinstance.py:1103} INFO - Dependencies all met for dep_context=non-requeueable deps ti=<TaskInstance: get_university_api_send_psql.wait_for_json manual__2023-06-15T13:31:40.366189+00:00 [queued]>
[2023-06-15T13:40:23.188+0000] {taskinstance.py:1103} INFO - Dependencies all met for dep_context=requeueable deps ti=<TaskInstance: get_university_api_send_psql.wait_for_json manual__2023-06-15T13:31:40.366189+00:00 [queued]>
[2023-06-15T13:40:23.190+0000] {taskinstance.py:1308} INFO - Starting attempt 1 of 1
[2023-06-15T13:40:23.210+0000] {taskinstance.py:1327} INFO - Executing <Task(PythonSensor): wait_for_json> on 2023-06-15 13:31:40.366189+00:00
[2023-06-15T13:40:23.219+0000] {standard_task_runner.py:57} INFO - Started process 357 to run task
[2023-06-15T13:40:23.227+0000] {standard_task_runner.py:84} INFO - Running: ['***', 'tasks', 'run', 'get_university_api_send_psql', 'wait_for_json', 'manual__2023-06-15T13:31:40.366189+00:00', '--job-id', '1901', '--raw', '--subdir', 'DAGS_FOLDER/data-university-from-api-dag/data_university_from_api_dag.py', '--cfg-path', '/tmp/tmp65xbphnv']
[2023-06-15T13:40:23.231+0000] {standard_task_runner.py:85} INFO - Job 1901: Subtask wait_for_json
[2023-06-15T13:40:23.302+0000] {task_command.py:410} INFO - Running <TaskInstance: get_university_api_send_psql.wait_for_json manual__2023-06-15T13:31:40.366189+00:00 [running]> on host cd01a659cc96
[2023-06-15T13:40:23.419+0000] {taskinstance.py:1547} INFO - Exporting env vars: AIRFLOW_CTX_DAG_OWNER='***' AIRFLOW_CTX_DAG_ID='get_university_api_send_psql' AIRFLOW_CTX_TASK_ID='wait_for_json' AIRFLOW_CTX_EXECUTION_DATE='2023-06-15T13:31:40.366189+00:00' AIRFLOW_CTX_TRY_NUMBER='1' AIRFLOW_CTX_DAG_RUN_ID='manual__2023-06-15T13:31:40.366189+00:00'
[2023-06-15T13:40:23.443+0000] {python.py:72} INFO - Poking callable: <function _wait_for_json at 0x7f3aaaf5f0e0>
[2023-06-15T13:40:23.494+0000] {taskinstance.py:1784} INFO - Rescheduling task, marking task as UP_FOR_RESCHEDULE
[2023-06-15T13:40:23.523+0000] {local_task_job_runner.py:225} INFO - Task exited with return code 0
[2023-06-15T13:40:23.567+0000] {taskinstance.py:2651} INFO - 0 downstream tasks scheduled from follow-on schedule check
[2023-06-15T13:40:55.483+0000] {taskinstance.py:1103} INFO - Dependencies all met for dep_context=non-requeueable deps ti=<TaskInstance: get_university_api_send_psql.wait_for_json manual__2023-06-15T13:31:40.366189+00:00 [queued]>
[2023-06-15T13:40:55.501+0000] {taskinstance.py:1103} INFO - Dependencies all met for dep_context=requeueable deps ti=<TaskInstance: get_university_api_send_psql.wait_for_json manual__2023-06-15T13:31:40.366189+00:00 [queued]>
[2023-06-15T13:40:55.504+0000] {taskinstance.py:1308} INFO - Starting attempt 1 of 1
[2023-06-15T13:40:55.535+0000] {taskinstance.py:1327} INFO - Executing <Task(PythonSensor): wait_for_json> on 2023-06-15 13:31:40.366189+00:00
[2023-06-15T13:40:55.546+0000] {standard_task_runner.py:57} INFO - Started process 372 to run task
[2023-06-15T13:40:55.556+0000] {standard_task_runner.py:84} INFO - Running: ['***', 'tasks', 'run', 'get_university_api_send_psql', 'wait_for_json', 'manual__2023-06-15T13:31:40.366189+00:00', '--job-id', '1903', '--raw', '--subdir', 'DAGS_FOLDER/data-university-from-api-dag/data_university_from_api_dag.py', '--cfg-path', '/tmp/tmp5rfpek06']
[2023-06-15T13:40:55.561+0000] {standard_task_runner.py:85} INFO - Job 1903: Subtask wait_for_json
[2023-06-15T13:40:55.626+0000] {task_command.py:410} INFO - Running <TaskInstance: get_university_api_send_psql.wait_for_json manual__2023-06-15T13:31:40.366189+00:00 [running]> on host cd01a659cc96
[2023-06-15T13:40:55.788+0000] {taskinstance.py:1547} INFO - Exporting env vars: AIRFLOW_CTX_DAG_OWNER='***' AIRFLOW_CTX_DAG_ID='get_university_api_send_psql' AIRFLOW_CTX_TASK_ID='wait_for_json' AIRFLOW_CTX_EXECUTION_DATE='2023-06-15T13:31:40.366189+00:00' AIRFLOW_CTX_TRY_NUMBER='1' AIRFLOW_CTX_DAG_RUN_ID='manual__2023-06-15T13:31:40.366189+00:00'
[2023-06-15T13:40:55.805+0000] {python.py:72} INFO - Poking callable: <function _wait_for_json at 0x7f3aaaf5f0e0>
[2023-06-15T13:40:55.835+0000] {taskinstance.py:1784} INFO - Rescheduling task, marking task as UP_FOR_RESCHEDULE
[2023-06-15T13:40:55.888+0000] {local_task_job_runner.py:225} INFO - Task exited with return code 0
[2023-06-15T13:40:55.935+0000] {taskinstance.py:2651} INFO - 0 downstream tasks scheduled from follow-on schedule check
[2023-06-15T13:41:27.756+0000] {taskinstance.py:1103} INFO - Dependencies all met for dep_context=non-requeueable deps ti=<TaskInstance: get_university_api_send_psql.wait_for_json manual__2023-06-15T13:31:40.366189+00:00 [queued]>
[2023-06-15T13:41:27.775+0000] {taskinstance.py:1103} INFO - Dependencies all met for dep_context=requeueable deps ti=<TaskInstance: get_university_api_send_psql.wait_for_json manual__2023-06-15T13:31:40.366189+00:00 [queued]>
[2023-06-15T13:41:27.777+0000] {taskinstance.py:1308} INFO - Starting attempt 1 of 1
[2023-06-15T13:41:27.799+0000] {taskinstance.py:1327} INFO - Executing <Task(PythonSensor): wait_for_json> on 2023-06-15 13:31:40.366189+00:00
[2023-06-15T13:41:27.813+0000] {standard_task_runner.py:57} INFO - Started process 387 to run task
[2023-06-15T13:41:27.827+0000] {standard_task_runner.py:84} INFO - Running: ['***', 'tasks', 'run', 'get_university_api_send_psql', 'wait_for_json', 'manual__2023-06-15T13:31:40.366189+00:00', '--job-id', '1905', '--raw', '--subdir', 'DAGS_FOLDER/data-university-from-api-dag/data_university_from_api_dag.py', '--cfg-path', '/tmp/tmpaa_8a_a0']
[2023-06-15T13:41:27.841+0000] {standard_task_runner.py:85} INFO - Job 1905: Subtask wait_for_json
[2023-06-15T13:41:27.929+0000] {task_command.py:410} INFO - Running <TaskInstance: get_university_api_send_psql.wait_for_json manual__2023-06-15T13:31:40.366189+00:00 [running]> on host cd01a659cc96
[2023-06-15T13:41:28.049+0000] {taskinstance.py:1547} INFO - Exporting env vars: AIRFLOW_CTX_DAG_OWNER='***' AIRFLOW_CTX_DAG_ID='get_university_api_send_psql' AIRFLOW_CTX_TASK_ID='wait_for_json' AIRFLOW_CTX_EXECUTION_DATE='2023-06-15T13:31:40.366189+00:00' AIRFLOW_CTX_TRY_NUMBER='1' AIRFLOW_CTX_DAG_RUN_ID='manual__2023-06-15T13:31:40.366189+00:00'
[2023-06-15T13:41:28.064+0000] {python.py:72} INFO - Poking callable: <function _wait_for_json at 0x7f3aaaf5f0e0>
[2023-06-15T13:41:28.090+0000] {taskinstance.py:1784} INFO - Rescheduling task, marking task as UP_FOR_RESCHEDULE
[2023-06-15T13:41:28.114+0000] {local_task_job_runner.py:225} INFO - Task exited with return code 0
[2023-06-15T13:41:28.155+0000] {taskinstance.py:2651} INFO - 0 downstream tasks scheduled from follow-on schedule check
[2023-06-15T13:41:59.661+0000] {taskinstance.py:1103} INFO - Dependencies all met for dep_context=non-requeueable deps ti=<TaskInstance: get_university_api_send_psql.wait_for_json manual__2023-06-15T13:31:40.366189+00:00 [queued]>
[2023-06-15T13:41:59.683+0000] {taskinstance.py:1103} INFO - Dependencies all met for dep_context=requeueable deps ti=<TaskInstance: get_university_api_send_psql.wait_for_json manual__2023-06-15T13:31:40.366189+00:00 [queued]>
[2023-06-15T13:41:59.685+0000] {taskinstance.py:1308} INFO - Starting attempt 1 of 1
[2023-06-15T13:41:59.716+0000] {taskinstance.py:1327} INFO - Executing <Task(PythonSensor): wait_for_json> on 2023-06-15 13:31:40.366189+00:00
[2023-06-15T13:41:59.730+0000] {standard_task_runner.py:57} INFO - Started process 403 to run task
[2023-06-15T13:41:59.742+0000] {standard_task_runner.py:84} INFO - Running: ['***', 'tasks', 'run', 'get_university_api_send_psql', 'wait_for_json', 'manual__2023-06-15T13:31:40.366189+00:00', '--job-id', '1907', '--raw', '--subdir', 'DAGS_FOLDER/data-university-from-api-dag/data_university_from_api_dag.py', '--cfg-path', '/tmp/tmpyij492d5']
[2023-06-15T13:41:59.747+0000] {standard_task_runner.py:85} INFO - Job 1907: Subtask wait_for_json
[2023-06-15T13:41:59.818+0000] {task_command.py:410} INFO - Running <TaskInstance: get_university_api_send_psql.wait_for_json manual__2023-06-15T13:31:40.366189+00:00 [running]> on host cd01a659cc96
[2023-06-15T13:41:59.936+0000] {taskinstance.py:1547} INFO - Exporting env vars: AIRFLOW_CTX_DAG_OWNER='***' AIRFLOW_CTX_DAG_ID='get_university_api_send_psql' AIRFLOW_CTX_TASK_ID='wait_for_json' AIRFLOW_CTX_EXECUTION_DATE='2023-06-15T13:31:40.366189+00:00' AIRFLOW_CTX_TRY_NUMBER='1' AIRFLOW_CTX_DAG_RUN_ID='manual__2023-06-15T13:31:40.366189+00:00'
[2023-06-15T13:41:59.954+0000] {python.py:72} INFO - Poking callable: <function _wait_for_json at 0x7f3aaaf5f0e0>
[2023-06-15T13:41:59.987+0000] {taskinstance.py:1784} INFO - Rescheduling task, marking task as UP_FOR_RESCHEDULE
[2023-06-15T13:42:00.033+0000] {local_task_job_runner.py:225} INFO - Task exited with return code 0
[2023-06-15T13:42:00.081+0000] {taskinstance.py:2651} INFO - 0 downstream tasks scheduled from follow-on schedule check
[2023-06-15T13:42:31.158+0000] {taskinstance.py:1103} INFO - Dependencies all met for dep_context=non-requeueable deps ti=<TaskInstance: get_university_api_send_psql.wait_for_json manual__2023-06-15T13:31:40.366189+00:00 [queued]>
[2023-06-15T13:42:31.194+0000] {taskinstance.py:1103} INFO - Dependencies all met for dep_context=requeueable deps ti=<TaskInstance: get_university_api_send_psql.wait_for_json manual__2023-06-15T13:31:40.366189+00:00 [queued]>
[2023-06-15T13:42:31.196+0000] {taskinstance.py:1308} INFO - Starting attempt 1 of 1
[2023-06-15T13:42:31.224+0000] {taskinstance.py:1327} INFO - Executing <Task(PythonSensor): wait_for_json> on 2023-06-15 13:31:40.366189+00:00
[2023-06-15T13:42:31.234+0000] {standard_task_runner.py:57} INFO - Started process 418 to run task
[2023-06-15T13:42:31.263+0000] {standard_task_runner.py:84} INFO - Running: ['***', 'tasks', 'run', 'get_university_api_send_psql', 'wait_for_json', 'manual__2023-06-15T13:31:40.366189+00:00', '--job-id', '1909', '--raw', '--subdir', 'DAGS_FOLDER/data-university-from-api-dag/data_university_from_api_dag.py', '--cfg-path', '/tmp/tmpvgzbjv8b']
[2023-06-15T13:42:31.269+0000] {standard_task_runner.py:85} INFO - Job 1909: Subtask wait_for_json
[2023-06-15T13:42:31.344+0000] {task_command.py:410} INFO - Running <TaskInstance: get_university_api_send_psql.wait_for_json manual__2023-06-15T13:31:40.366189+00:00 [running]> on host cd01a659cc96
[2023-06-15T13:42:31.465+0000] {taskinstance.py:1547} INFO - Exporting env vars: AIRFLOW_CTX_DAG_OWNER='***' AIRFLOW_CTX_DAG_ID='get_university_api_send_psql' AIRFLOW_CTX_TASK_ID='wait_for_json' AIRFLOW_CTX_EXECUTION_DATE='2023-06-15T13:31:40.366189+00:00' AIRFLOW_CTX_TRY_NUMBER='1' AIRFLOW_CTX_DAG_RUN_ID='manual__2023-06-15T13:31:40.366189+00:00'
[2023-06-15T13:42:31.481+0000] {python.py:72} INFO - Poking callable: <function _wait_for_json at 0x7f3aaaf5f0e0>
[2023-06-15T13:42:31.508+0000] {taskinstance.py:1784} INFO - Rescheduling task, marking task as UP_FOR_RESCHEDULE
[2023-06-15T13:42:31.551+0000] {local_task_job_runner.py:225} INFO - Task exited with return code 0
[2023-06-15T13:42:31.596+0000] {taskinstance.py:2651} INFO - 0 downstream tasks scheduled from follow-on schedule check
[2023-06-15T13:43:07.596+0000] {taskinstance.py:1103} INFO - Dependencies all met for dep_context=non-requeueable deps ti=<TaskInstance: get_university_api_send_psql.wait_for_json manual__2023-06-15T13:31:40.366189+00:00 [queued]>
[2023-06-15T13:43:07.613+0000] {taskinstance.py:1103} INFO - Dependencies all met for dep_context=requeueable deps ti=<TaskInstance: get_university_api_send_psql.wait_for_json manual__2023-06-15T13:31:40.366189+00:00 [queued]>
[2023-06-15T13:43:07.614+0000] {taskinstance.py:1308} INFO - Starting attempt 1 of 1
[2023-06-15T13:43:07.645+0000] {taskinstance.py:1327} INFO - Executing <Task(PythonSensor): wait_for_json> on 2023-06-15 13:31:40.366189+00:00
[2023-06-15T13:43:07.658+0000] {standard_task_runner.py:57} INFO - Started process 437 to run task
[2023-06-15T13:43:07.669+0000] {standard_task_runner.py:84} INFO - Running: ['***', 'tasks', 'run', 'get_university_api_send_psql', 'wait_for_json', 'manual__2023-06-15T13:31:40.366189+00:00', '--job-id', '1913', '--raw', '--subdir', 'DAGS_FOLDER/data-university-from-api-dag/data_university_from_api_dag.py', '--cfg-path', '/tmp/tmp54n506ys']
[2023-06-15T13:43:07.674+0000] {standard_task_runner.py:85} INFO - Job 1913: Subtask wait_for_json
[2023-06-15T13:43:07.759+0000] {task_command.py:410} INFO - Running <TaskInstance: get_university_api_send_psql.wait_for_json manual__2023-06-15T13:31:40.366189+00:00 [running]> on host cd01a659cc96
[2023-06-15T13:43:07.964+0000] {taskinstance.py:1547} INFO - Exporting env vars: AIRFLOW_CTX_DAG_OWNER='***' AIRFLOW_CTX_DAG_ID='get_university_api_send_psql' AIRFLOW_CTX_TASK_ID='wait_for_json' AIRFLOW_CTX_EXECUTION_DATE='2023-06-15T13:31:40.366189+00:00' AIRFLOW_CTX_TRY_NUMBER='1' AIRFLOW_CTX_DAG_RUN_ID='manual__2023-06-15T13:31:40.366189+00:00'
[2023-06-15T13:43:07.985+0000] {python.py:72} INFO - Poking callable: <function _wait_for_json at 0x7f3aaaf5f0e0>
[2023-06-15T13:43:07.987+0000] {base.py:255} INFO - Success criteria met. Exiting.
[2023-06-15T13:43:08.005+0000] {taskinstance.py:1350} INFO - Marking task as SUCCESS. dag_id=get_university_api_send_psql, task_id=wait_for_json, execution_date=20230615T133140, start_date=20230615T134307, end_date=20230615T134308
[2023-06-15T13:43:08.049+0000] {local_task_job_runner.py:225} INFO - Task exited with return code 0
[2023-06-15T13:43:08.156+0000] {taskinstance.py:2651} INFO - 1 downstream tasks scheduled from follow-on schedule check
