[2024-02-24T15:55:29.707+0000] {taskinstance.py:1103} INFO - Dependencies all met for dep_context=non-requeueable deps ti=<TaskInstance: read_and_load_data_to_s3.reading_transform_csv manual__2024-02-24T15:55:26.075593+00:00 [queued]>
[2024-02-24T15:55:29.727+0000] {taskinstance.py:1103} INFO - Dependencies all met for dep_context=requeueable deps ti=<TaskInstance: read_and_load_data_to_s3.reading_transform_csv manual__2024-02-24T15:55:26.075593+00:00 [queued]>
[2024-02-24T15:55:29.731+0000] {taskinstance.py:1308} INFO - Starting attempt 1 of 1
[2024-02-24T15:55:29.788+0000] {taskinstance.py:1327} INFO - Executing <Task(PythonOperator): reading_transform_csv> on 2024-02-24 15:55:26.075593+00:00
[2024-02-24T15:55:29.802+0000] {standard_task_runner.py:57} INFO - Started process 4559 to run task
[2024-02-24T15:55:29.813+0000] {standard_task_runner.py:84} INFO - Running: ['***', 'tasks', 'run', 'read_and_load_data_to_s3', 'reading_transform_csv', 'manual__2024-02-24T15:55:26.075593+00:00', '--job-id', '389', '--raw', '--subdir', 'DAGS_FOLDER/energy-prod-cons-dag/data_energy_dag.py', '--cfg-path', '/tmp/tmpcpyke79e']
[2024-02-24T15:55:29.820+0000] {standard_task_runner.py:85} INFO - Job 389: Subtask reading_transform_csv
[2024-02-24T15:55:29.968+0000] {task_command.py:410} INFO - Running <TaskInstance: read_and_load_data_to_s3.reading_transform_csv manual__2024-02-24T15:55:26.075593+00:00 [running]> on host 952b3f8a1a94
[2024-02-24T15:55:30.176+0000] {taskinstance.py:1547} INFO - Exporting env vars: AIRFLOW_CTX_DAG_OWNER='***' AIRFLOW_CTX_DAG_ID='read_and_load_data_to_s3' AIRFLOW_CTX_TASK_ID='reading_transform_csv' AIRFLOW_CTX_EXECUTION_DATE='2024-02-24T15:55:26.075593+00:00' AIRFLOW_CTX_TRY_NUMBER='1' AIRFLOW_CTX_DAG_RUN_ID='manual__2024-02-24T15:55:26.075593+00:00'
[2024-02-24T15:55:30.184+0000] {warnings.py:110} WARNING - /home/***/.local/lib/python3.7/site-packages/***/operators/python.py:198: FutureWarning: The error_bad_lines argument has been deprecated and will be removed in a future version.


  return self.python_callable(*self.op_args, **self.op_kwargs)

[2024-02-24T15:55:30.242+0000] {logging_mixin.py:149} INFO - ***** display FACT TABLE CONSO ENERGY DEPT  :      annee,operateur,id_filiere,consoa,pdla,indquala,code_departement,consona,pdlna,indqualna,consoi,pdli,indquali,consot,pdlt,indqualt,consor,pdlr,indqualr,consototale
0     2011,Enedis,100,26490.69,334,0.957,02,3010.34,...                                                                                                                 
1     2011,Enedis,100,25747.9,373,0.976,03,3822.28,4...                                                                                                                 
2     2011,Enedis,100,13601.05,118,0.946,04,713.21,3...                                                                                                                 
3     2011,Enedis,100,6611.47,62,0.949,05,1343.35,44...                                                                                                                 
4     2011,Enedis,100,33909.59,288,0.944,10,1928.03,...                                                                                                                 
...                                                 ...                                                                                                                 
5583  2017,GRT Gaz,200,0.0,0,0.0,08,0.0,0,0.0,386313...                                                                                                                 
5584  2017,GRDF,200,7487.0,4,1.0,56,18711.0,26,1.0,7...                                                                                                                 
5585  2017,GRT Gaz,200,0.0,0,0.0,56,0.0,0,0.0,469387...                                                                                                                 
5586  2017,GRDF,200,2023.0,7,0.857,58,2341.0,6,0.833...                                                                                                                 
5587  2017,GRT Gaz,200,0.0,0,0.0,58,0.0,0,0.0,142366...                                                                                                                 

[5588 rows x 1 columns]
[2024-02-24T15:55:30.250+0000] {warnings.py:110} WARNING - /home/***/.local/lib/python3.7/site-packages/***/operators/python.py:198: FutureWarning: The error_bad_lines argument has been deprecated and will be removed in a future version.


  return self.python_callable(*self.op_args, **self.op_kwargs)

[2024-02-24T15:55:30.305+0000] {logging_mixin.py:149} INFO - ***** display FACT TABLE CONSO ENERGY REGION  :       annee,operateur,id_filiere,code_region,code_grand_secteur,code_categorie_consommation,code_naf
0                          2020,Enedis,100,84,T,ENT,72.0                                            
1                        2020,GreenAlp,100,84,T,ENT,72.0                                            
2                             2020,RTE,100,84,T,ENT,72.0                                            
3                        2020,GreenAlp,200,84,T,ENT,72.0                                            
4                            2020,GRDF,200,84,T,ENT,72.0                                            
...                                                  ...                                            
11099                      2018,Enedis,100,28,I,ENT,12.0                                            
11100                      2018,Enedis,100,24,I,ENT,12.0                                            
11101                      2018,Enedis,100,75,I,ENT,12.0                                            
11102                      2018,Enedis,100,52,I,ENT,12.0                                            
11103                     2018,GRT Gaz,200,52,I,ENT,12.0                                            

[11104 rows x 1 columns]
[2024-02-24T15:55:30.307+0000] {warnings.py:110} WARNING - /home/***/.local/lib/python3.7/site-packages/***/operators/python.py:198: FutureWarning: The error_bad_lines argument has been deprecated and will be removed in a future version.


  return self.python_callable(*self.op_args, **self.op_kwargs)

[2024-02-24T15:55:30.324+0000] {logging_mixin.py:149} INFO - ***** display FACT TABLE PROD ENERGY  :     annee,code_departement,domaine_de_tension,nb_sites_photovoltaique_enedis,energie_produite_annuelle_photovoltaique_enedis_mwh,nb_sites_eolien_enedis,energie_produite_annuelle_eolien_enedis_mwh,nb_sites_hydraulique_enedis,energie_produite_annuelle_hydraulique_enedis_mwh,nb_sites_bio_energie_enedis,energie_produite_annuelle_bio_energie_enedis_mwh,nb_sites_cogeneration_enedis,energie_produite_annuelle_cogeneration_enedis_mwh,nb_sites_autres_filieres_enedis,energie_produite_annuelle_autres_filieres_enedis_mwh,min_igrm,avg_igrm,max_igrm
0    2022,95,HTA,1.0,796.061,0.0,0.0,0.0,0.0,7.0,22...                                                                                                                                                                                                                                                                                                                                                                                                                                                                                                      
1    2022,89,HTA,6.0,23260.03,30.0,613660.291,15.0,...                                                                                                                                                                                                                                                                                                                                                                                                                                                                                                      
2    2022,79,HTA,9.0,22508.922,3.0,73388.559,0.0,0....                                                                                                                                                                                                                                                                                                                                                                                                                                                                                                      
3    2022,76,HTA,9.0,24534.604,55.0,1030355.537,0.0...                                                                                                                                                                                                                                                                                                                                                                                                                                                                                                      
4    2022,74,HTA,6.0,4037.02,0.0,0.0,24.0,93842.503...                                                                                                                                                                                                                                                                                                                                                                                                                                                                                                      
..                                                 ...                                                                                                                                                                                                                                                                                                                                                                                                                                                                                                      
583  2020,59,BT <= 36 kVA,9826.0,27011.9627449496,,...                                                                                                                                                                                                                                                                                                                                                                                                                                                                                                      
584  2020,81,BT <= 36 kVA,5294.0,28845.93766555523,...                                                                                                                                                                                                                                                                                                                                                                                                                                                                                                      
585  2020,72,BT <= 36 kVA,5624.0,23053.697509980502...                                                                                                                                                                                                                                                                                                                                                                                                                                                                                                      
586  2020,79,BT <= 36 kVA,,,0.0,0.0,0.0,0.0,0.0,0.0...                                                                                                                                                                                                                                                                                                                                                                                                                                                                                                      
587  2020,83,BT <= 36 kVA,10791.0,36700.08826753603...                                                                                                                                                                                                                                                                                                                                                                                                                                                                                                      

[588 rows x 1 columns]
[2024-02-24T15:55:30.354+0000] {python.py:183} INFO - Done. Returned value was: None
[2024-02-24T15:55:30.398+0000] {taskinstance.py:1350} INFO - Marking task as SUCCESS. dag_id=read_and_load_data_to_s3, task_id=reading_transform_csv, execution_date=20240224T155526, start_date=20240224T155529, end_date=20240224T155530
[2024-02-24T15:55:30.492+0000] {local_task_job_runner.py:225} INFO - Task exited with return code 0
[2024-02-24T15:55:30.556+0000] {taskinstance.py:2651} INFO - 1 downstream tasks scheduled from follow-on schedule check
