[2024-02-13T14:15:46.979+0000] {taskinstance.py:1103} INFO - Dependencies all met for dep_context=non-requeueable deps ti=<TaskInstance: get_energy_data_and_transform._fetch_and_transform manual__2024-02-13T14:15:43.114748+00:00 [queued]>
[2024-02-13T14:15:47.054+0000] {taskinstance.py:1103} INFO - Dependencies all met for dep_context=requeueable deps ti=<TaskInstance: get_energy_data_and_transform._fetch_and_transform manual__2024-02-13T14:15:43.114748+00:00 [queued]>
[2024-02-13T14:15:47.057+0000] {taskinstance.py:1308} INFO - Starting attempt 1 of 1
[2024-02-13T14:15:47.090+0000] {taskinstance.py:1327} INFO - Executing <Task(PythonOperator): _fetch_and_transform> on 2024-02-13 14:15:43.114748+00:00
[2024-02-13T14:15:47.108+0000] {standard_task_runner.py:57} INFO - Started process 4459 to run task
[2024-02-13T14:15:47.119+0000] {standard_task_runner.py:84} INFO - Running: ['***', 'tasks', 'run', 'get_energy_data_and_transform', '_fetch_and_transform', 'manual__2024-02-13T14:15:43.114748+00:00', '--job-id', '238', '--raw', '--subdir', 'DAGS_FOLDER/energy-prod-cons-dag/data_energy_dag.py', '--cfg-path', '/tmp/tmphk8rpehb']
[2024-02-13T14:15:47.128+0000] {standard_task_runner.py:85} INFO - Job 238: Subtask _fetch_and_transform
[2024-02-13T14:15:47.292+0000] {task_command.py:410} INFO - Running <TaskInstance: get_energy_data_and_transform._fetch_and_transform manual__2024-02-13T14:15:43.114748+00:00 [running]> on host 952b3f8a1a94
[2024-02-13T14:15:47.504+0000] {taskinstance.py:1547} INFO - Exporting env vars: AIRFLOW_CTX_DAG_OWNER='***' AIRFLOW_CTX_DAG_ID='get_energy_data_and_transform' AIRFLOW_CTX_TASK_ID='_fetch_and_transform' AIRFLOW_CTX_EXECUTION_DATE='2024-02-13T14:15:43.114748+00:00' AIRFLOW_CTX_TRY_NUMBER='1' AIRFLOW_CTX_DAG_RUN_ID='manual__2024-02-13T14:15:43.114748+00:00'
[2024-02-13T14:15:47.514+0000] {warnings.py:110} WARNING - /home/***/.local/lib/python3.7/site-packages/***/operators/python.py:198: FutureWarning: The error_bad_lines argument has been deprecated and will be removed in a future version.


  return self.python_callable(*self.op_args, **self.op_kwargs)

[2024-02-13T14:16:08.225+0000] {logging_mixin.py:149} INFO - ******* STARTING columns ******  : Index(['operateur', 'annee', 'filiere', 'code_categorie_consommation',
       'libelle_categorie_consommation', 'code_grand_secteur',
       'libelle_grand_secteur', 'code_naf', 'libelle_secteur_naf2', 'conso',
       'pdl', 'indqual', 'nombre_mailles_secretisees', 'code_region',
       'libelle_region'],
      dtype='object')
[2024-02-13T14:16:08.229+0000] {logging_mixin.py:149} INFO - Strip leading and trailing whitespaces from column names
[2024-02-13T14:16:08.619+0000] {logging_mixin.py:149} INFO - conso_energy_region Data has been loaded into CSV: /tmp/csv_file/conso_energy_region.csv
[2024-02-13T14:16:08.622+0000] {logging_mixin.py:149} INFO - conso_energy_dept Data has been loaded into CSV: /tmp/csv_file/conso_energy_dept.csv
[2024-02-13T14:16:08.624+0000] {logging_mixin.py:149} INFO - prod_gaz_region Data has been loaded into CSV: /tmp/csv_file/prod_gaz_region.csv
[2024-02-13T14:16:08.626+0000] {logging_mixin.py:149} INFO - prod_gaz_dept Data has been loaded into CSV: /tmp/csv_file/prod_gaz_dept.csv
[2024-02-13T14:16:08.628+0000] {logging_mixin.py:149} INFO - prod_elec_region Data has been loaded into CSV: /tmp/csv_file/prod_elec_region.csv
[2024-02-13T14:16:08.630+0000] {logging_mixin.py:149} INFO - prod_elec_dept Data has been loaded into CSV: /tmp/csv_file/prod_elec_dept.csv
[2024-02-13T14:16:08.632+0000] {python.py:183} INFO - Done. Returned value was: None
[2024-02-13T14:16:08.651+0000] {taskinstance.py:1350} INFO - Marking task as SUCCESS. dag_id=get_energy_data_and_transform, task_id=_fetch_and_transform, execution_date=20240213T141543, start_date=20240213T141546, end_date=20240213T141608
[2024-02-13T14:16:08.703+0000] {local_task_job_runner.py:225} INFO - Task exited with return code 0
[2024-02-13T14:16:08.818+0000] {taskinstance.py:2651} INFO - 0 downstream tasks scheduled from follow-on schedule check
