[2023-06-14T18:41:22.167+0000] {taskinstance.py:1103} INFO - Dependencies all met for dep_context=non-requeueable deps ti=<TaskInstance: get_university_api_send_psql.wait_for_json manual__2023-06-14T18:41:04.321896+00:00 [queued]>
[2023-06-14T18:41:22.184+0000] {taskinstance.py:1103} INFO - Dependencies all met for dep_context=requeueable deps ti=<TaskInstance: get_university_api_send_psql.wait_for_json manual__2023-06-14T18:41:04.321896+00:00 [queued]>
[2023-06-14T18:41:22.185+0000] {taskinstance.py:1308} INFO - Starting attempt 1 of 1
[2023-06-14T18:41:22.205+0000] {taskinstance.py:1327} INFO - Executing <Task(PythonSensor): wait_for_json> on 2023-06-14 18:41:04.321896+00:00
[2023-06-14T18:41:22.216+0000] {standard_task_runner.py:57} INFO - Started process 7964 to run task
[2023-06-14T18:41:22.228+0000] {standard_task_runner.py:84} INFO - Running: ['***', 'tasks', 'run', 'get_university_api_send_psql', 'wait_for_json', 'manual__2023-06-14T18:41:04.321896+00:00', '--job-id', '1514', '--raw', '--subdir', 'DAGS_FOLDER/data-university-from-api-dag/data_university_from_api_dag.py', '--cfg-path', '/tmp/tmptlzkfv6l']
[2023-06-14T18:41:22.233+0000] {standard_task_runner.py:85} INFO - Job 1514: Subtask wait_for_json
[2023-06-14T18:41:22.308+0000] {task_command.py:410} INFO - Running <TaskInstance: get_university_api_send_psql.wait_for_json manual__2023-06-14T18:41:04.321896+00:00 [running]> on host cd01a659cc96
[2023-06-14T18:41:22.450+0000] {taskinstance.py:1547} INFO - Exporting env vars: AIRFLOW_CTX_DAG_OWNER='***' AIRFLOW_CTX_DAG_ID='get_university_api_send_psql' AIRFLOW_CTX_TASK_ID='wait_for_json' AIRFLOW_CTX_EXECUTION_DATE='2023-06-14T18:41:04.321896+00:00' AIRFLOW_CTX_TRY_NUMBER='1' AIRFLOW_CTX_DAG_RUN_ID='manual__2023-06-14T18:41:04.321896+00:00'
[2023-06-14T18:41:22.488+0000] {python.py:72} INFO - Poking callable: <function _wait_for_json at 0x7fb93c188290>
[2023-06-14T18:41:22.552+0000] {taskinstance.py:1784} INFO - Rescheduling task, marking task as UP_FOR_RESCHEDULE
[2023-06-14T18:41:22.606+0000] {local_task_job_runner.py:225} INFO - Task exited with return code 0
[2023-06-14T18:41:22.655+0000] {taskinstance.py:2651} INFO - 0 downstream tasks scheduled from follow-on schedule check
[2023-06-14T18:41:54.228+0000] {taskinstance.py:1103} INFO - Dependencies all met for dep_context=non-requeueable deps ti=<TaskInstance: get_university_api_send_psql.wait_for_json manual__2023-06-14T18:41:04.321896+00:00 [queued]>
[2023-06-14T18:41:54.246+0000] {taskinstance.py:1103} INFO - Dependencies all met for dep_context=requeueable deps ti=<TaskInstance: get_university_api_send_psql.wait_for_json manual__2023-06-14T18:41:04.321896+00:00 [queued]>
[2023-06-14T18:41:54.247+0000] {taskinstance.py:1308} INFO - Starting attempt 1 of 1
[2023-06-14T18:41:54.267+0000] {taskinstance.py:1327} INFO - Executing <Task(PythonSensor): wait_for_json> on 2023-06-14 18:41:04.321896+00:00
[2023-06-14T18:41:54.277+0000] {standard_task_runner.py:57} INFO - Started process 7967 to run task
[2023-06-14T18:41:54.283+0000] {standard_task_runner.py:84} INFO - Running: ['***', 'tasks', 'run', 'get_university_api_send_psql', 'wait_for_json', 'manual__2023-06-14T18:41:04.321896+00:00', '--job-id', '1515', '--raw', '--subdir', 'DAGS_FOLDER/data-university-from-api-dag/data_university_from_api_dag.py', '--cfg-path', '/tmp/tmpt6u7zin1']
[2023-06-14T18:41:54.287+0000] {standard_task_runner.py:85} INFO - Job 1515: Subtask wait_for_json
[2023-06-14T18:41:54.361+0000] {task_command.py:410} INFO - Running <TaskInstance: get_university_api_send_psql.wait_for_json manual__2023-06-14T18:41:04.321896+00:00 [running]> on host cd01a659cc96
[2023-06-14T18:41:54.461+0000] {taskinstance.py:1547} INFO - Exporting env vars: AIRFLOW_CTX_DAG_OWNER='***' AIRFLOW_CTX_DAG_ID='get_university_api_send_psql' AIRFLOW_CTX_TASK_ID='wait_for_json' AIRFLOW_CTX_EXECUTION_DATE='2023-06-14T18:41:04.321896+00:00' AIRFLOW_CTX_TRY_NUMBER='1' AIRFLOW_CTX_DAG_RUN_ID='manual__2023-06-14T18:41:04.321896+00:00'
[2023-06-14T18:41:54.478+0000] {python.py:72} INFO - Poking callable: <function _wait_for_json at 0x7fb93c188290>
[2023-06-14T18:41:54.536+0000] {taskinstance.py:1784} INFO - Rescheduling task, marking task as UP_FOR_RESCHEDULE
[2023-06-14T18:41:54.578+0000] {local_task_job_runner.py:225} INFO - Task exited with return code 0
[2023-06-14T18:41:54.620+0000] {taskinstance.py:2651} INFO - 0 downstream tasks scheduled from follow-on schedule check
[2023-06-14T18:42:26.266+0000] {taskinstance.py:1103} INFO - Dependencies all met for dep_context=non-requeueable deps ti=<TaskInstance: get_university_api_send_psql.wait_for_json manual__2023-06-14T18:41:04.321896+00:00 [queued]>
[2023-06-14T18:42:26.291+0000] {taskinstance.py:1103} INFO - Dependencies all met for dep_context=requeueable deps ti=<TaskInstance: get_university_api_send_psql.wait_for_json manual__2023-06-14T18:41:04.321896+00:00 [queued]>
[2023-06-14T18:42:26.293+0000] {taskinstance.py:1308} INFO - Starting attempt 1 of 1
[2023-06-14T18:42:26.332+0000] {taskinstance.py:1327} INFO - Executing <Task(PythonSensor): wait_for_json> on 2023-06-14 18:41:04.321896+00:00
[2023-06-14T18:42:26.349+0000] {standard_task_runner.py:84} INFO - Running: ['***', 'tasks', 'run', 'get_university_api_send_psql', 'wait_for_json', 'manual__2023-06-14T18:41:04.321896+00:00', '--job-id', '1516', '--raw', '--subdir', 'DAGS_FOLDER/data-university-from-api-dag/data_university_from_api_dag.py', '--cfg-path', '/tmp/tmpq64jb47x']
[2023-06-14T18:42:26.343+0000] {standard_task_runner.py:57} INFO - Started process 7979 to run task
[2023-06-14T18:42:26.353+0000] {standard_task_runner.py:85} INFO - Job 1516: Subtask wait_for_json
[2023-06-14T18:42:26.488+0000] {task_command.py:410} INFO - Running <TaskInstance: get_university_api_send_psql.wait_for_json manual__2023-06-14T18:41:04.321896+00:00 [running]> on host cd01a659cc96
[2023-06-14T18:42:26.789+0000] {taskinstance.py:1547} INFO - Exporting env vars: AIRFLOW_CTX_DAG_OWNER='***' AIRFLOW_CTX_DAG_ID='get_university_api_send_psql' AIRFLOW_CTX_TASK_ID='wait_for_json' AIRFLOW_CTX_EXECUTION_DATE='2023-06-14T18:41:04.321896+00:00' AIRFLOW_CTX_TRY_NUMBER='1' AIRFLOW_CTX_DAG_RUN_ID='manual__2023-06-14T18:41:04.321896+00:00'
[2023-06-14T18:42:26.821+0000] {python.py:72} INFO - Poking callable: <function _wait_for_json at 0x7fb93c188290>
[2023-06-14T18:42:27.092+0000] {taskinstance.py:1784} INFO - Rescheduling task, marking task as UP_FOR_RESCHEDULE
[2023-06-14T18:42:27.187+0000] {local_task_job_runner.py:225} INFO - Task exited with return code 0
[2023-06-14T18:42:27.379+0000] {taskinstance.py:2651} INFO - 0 downstream tasks scheduled from follow-on schedule check
[2023-06-14T18:42:58.242+0000] {taskinstance.py:1103} INFO - Dependencies all met for dep_context=non-requeueable deps ti=<TaskInstance: get_university_api_send_psql.wait_for_json manual__2023-06-14T18:41:04.321896+00:00 [queued]>
[2023-06-14T18:42:58.261+0000] {taskinstance.py:1103} INFO - Dependencies all met for dep_context=requeueable deps ti=<TaskInstance: get_university_api_send_psql.wait_for_json manual__2023-06-14T18:41:04.321896+00:00 [queued]>
[2023-06-14T18:42:58.263+0000] {taskinstance.py:1308} INFO - Starting attempt 1 of 1
[2023-06-14T18:42:58.300+0000] {taskinstance.py:1327} INFO - Executing <Task(PythonSensor): wait_for_json> on 2023-06-14 18:41:04.321896+00:00
[2023-06-14T18:42:58.325+0000] {standard_task_runner.py:57} INFO - Started process 7991 to run task
[2023-06-14T18:42:58.336+0000] {standard_task_runner.py:84} INFO - Running: ['***', 'tasks', 'run', 'get_university_api_send_psql', 'wait_for_json', 'manual__2023-06-14T18:41:04.321896+00:00', '--job-id', '1517', '--raw', '--subdir', 'DAGS_FOLDER/data-university-from-api-dag/data_university_from_api_dag.py', '--cfg-path', '/tmp/tmp8t02tcqn']
[2023-06-14T18:42:58.346+0000] {standard_task_runner.py:85} INFO - Job 1517: Subtask wait_for_json
[2023-06-14T18:42:58.456+0000] {task_command.py:410} INFO - Running <TaskInstance: get_university_api_send_psql.wait_for_json manual__2023-06-14T18:41:04.321896+00:00 [running]> on host cd01a659cc96
[2023-06-14T18:42:58.587+0000] {taskinstance.py:1547} INFO - Exporting env vars: AIRFLOW_CTX_DAG_OWNER='***' AIRFLOW_CTX_DAG_ID='get_university_api_send_psql' AIRFLOW_CTX_TASK_ID='wait_for_json' AIRFLOW_CTX_EXECUTION_DATE='2023-06-14T18:41:04.321896+00:00' AIRFLOW_CTX_TRY_NUMBER='1' AIRFLOW_CTX_DAG_RUN_ID='manual__2023-06-14T18:41:04.321896+00:00'
[2023-06-14T18:42:58.610+0000] {python.py:72} INFO - Poking callable: <function _wait_for_json at 0x7fb93c188290>
[2023-06-14T18:42:58.646+0000] {taskinstance.py:1784} INFO - Rescheduling task, marking task as UP_FOR_RESCHEDULE
[2023-06-14T18:42:58.675+0000] {local_task_job_runner.py:225} INFO - Task exited with return code 0
[2023-06-14T18:42:58.723+0000] {taskinstance.py:2651} INFO - 0 downstream tasks scheduled from follow-on schedule check
[2023-06-14T18:43:30.753+0000] {taskinstance.py:1103} INFO - Dependencies all met for dep_context=non-requeueable deps ti=<TaskInstance: get_university_api_send_psql.wait_for_json manual__2023-06-14T18:41:04.321896+00:00 [queued]>
[2023-06-14T18:43:30.770+0000] {taskinstance.py:1103} INFO - Dependencies all met for dep_context=requeueable deps ti=<TaskInstance: get_university_api_send_psql.wait_for_json manual__2023-06-14T18:41:04.321896+00:00 [queued]>
[2023-06-14T18:43:30.772+0000] {taskinstance.py:1308} INFO - Starting attempt 1 of 1
[2023-06-14T18:43:30.800+0000] {taskinstance.py:1327} INFO - Executing <Task(PythonSensor): wait_for_json> on 2023-06-14 18:41:04.321896+00:00
[2023-06-14T18:43:30.820+0000] {standard_task_runner.py:57} INFO - Started process 8003 to run task
[2023-06-14T18:43:30.830+0000] {standard_task_runner.py:84} INFO - Running: ['***', 'tasks', 'run', 'get_university_api_send_psql', 'wait_for_json', 'manual__2023-06-14T18:41:04.321896+00:00', '--job-id', '1518', '--raw', '--subdir', 'DAGS_FOLDER/data-university-from-api-dag/data_university_from_api_dag.py', '--cfg-path', '/tmp/tmp250uo754']
[2023-06-14T18:43:30.836+0000] {standard_task_runner.py:85} INFO - Job 1518: Subtask wait_for_json
[2023-06-14T18:43:30.930+0000] {task_command.py:410} INFO - Running <TaskInstance: get_university_api_send_psql.wait_for_json manual__2023-06-14T18:41:04.321896+00:00 [running]> on host cd01a659cc96
[2023-06-14T18:43:31.032+0000] {taskinstance.py:1547} INFO - Exporting env vars: AIRFLOW_CTX_DAG_OWNER='***' AIRFLOW_CTX_DAG_ID='get_university_api_send_psql' AIRFLOW_CTX_TASK_ID='wait_for_json' AIRFLOW_CTX_EXECUTION_DATE='2023-06-14T18:41:04.321896+00:00' AIRFLOW_CTX_TRY_NUMBER='1' AIRFLOW_CTX_DAG_RUN_ID='manual__2023-06-14T18:41:04.321896+00:00'
[2023-06-14T18:43:31.050+0000] {python.py:72} INFO - Poking callable: <function _wait_for_json at 0x7fb93c188290>
[2023-06-14T18:43:31.076+0000] {taskinstance.py:1784} INFO - Rescheduling task, marking task as UP_FOR_RESCHEDULE
[2023-06-14T18:43:31.126+0000] {local_task_job_runner.py:225} INFO - Task exited with return code 0
[2023-06-14T18:43:31.167+0000] {taskinstance.py:2651} INFO - 0 downstream tasks scheduled from follow-on schedule check
[2023-06-14T18:44:03.471+0000] {taskinstance.py:1103} INFO - Dependencies all met for dep_context=non-requeueable deps ti=<TaskInstance: get_university_api_send_psql.wait_for_json manual__2023-06-14T18:41:04.321896+00:00 [queued]>
[2023-06-14T18:44:03.484+0000] {taskinstance.py:1103} INFO - Dependencies all met for dep_context=requeueable deps ti=<TaskInstance: get_university_api_send_psql.wait_for_json manual__2023-06-14T18:41:04.321896+00:00 [queued]>
[2023-06-14T18:44:03.486+0000] {taskinstance.py:1308} INFO - Starting attempt 1 of 1
[2023-06-14T18:44:03.506+0000] {taskinstance.py:1327} INFO - Executing <Task(PythonSensor): wait_for_json> on 2023-06-14 18:41:04.321896+00:00
[2023-06-14T18:44:03.515+0000] {standard_task_runner.py:57} INFO - Started process 8015 to run task
[2023-06-14T18:44:03.523+0000] {standard_task_runner.py:84} INFO - Running: ['***', 'tasks', 'run', 'get_university_api_send_psql', 'wait_for_json', 'manual__2023-06-14T18:41:04.321896+00:00', '--job-id', '1519', '--raw', '--subdir', 'DAGS_FOLDER/data-university-from-api-dag/data_university_from_api_dag.py', '--cfg-path', '/tmp/tmpdgwnbs_f']
[2023-06-14T18:44:03.528+0000] {standard_task_runner.py:85} INFO - Job 1519: Subtask wait_for_json
[2023-06-14T18:44:03.617+0000] {task_command.py:410} INFO - Running <TaskInstance: get_university_api_send_psql.wait_for_json manual__2023-06-14T18:41:04.321896+00:00 [running]> on host cd01a659cc96
[2023-06-14T18:44:03.749+0000] {taskinstance.py:1547} INFO - Exporting env vars: AIRFLOW_CTX_DAG_OWNER='***' AIRFLOW_CTX_DAG_ID='get_university_api_send_psql' AIRFLOW_CTX_TASK_ID='wait_for_json' AIRFLOW_CTX_EXECUTION_DATE='2023-06-14T18:41:04.321896+00:00' AIRFLOW_CTX_TRY_NUMBER='1' AIRFLOW_CTX_DAG_RUN_ID='manual__2023-06-14T18:41:04.321896+00:00'
[2023-06-14T18:44:03.771+0000] {python.py:72} INFO - Poking callable: <function _wait_for_json at 0x7fb93c188290>
[2023-06-14T18:44:03.798+0000] {taskinstance.py:1784} INFO - Rescheduling task, marking task as UP_FOR_RESCHEDULE
[2023-06-14T18:44:03.818+0000] {local_task_job_runner.py:225} INFO - Task exited with return code 0
[2023-06-14T18:44:03.858+0000] {taskinstance.py:2651} INFO - 0 downstream tasks scheduled from follow-on schedule check
[2023-06-14T18:44:35.100+0000] {taskinstance.py:1103} INFO - Dependencies all met for dep_context=non-requeueable deps ti=<TaskInstance: get_university_api_send_psql.wait_for_json manual__2023-06-14T18:41:04.321896+00:00 [queued]>
[2023-06-14T18:44:35.123+0000] {taskinstance.py:1103} INFO - Dependencies all met for dep_context=requeueable deps ti=<TaskInstance: get_university_api_send_psql.wait_for_json manual__2023-06-14T18:41:04.321896+00:00 [queued]>
[2023-06-14T18:44:35.126+0000] {taskinstance.py:1308} INFO - Starting attempt 1 of 1
[2023-06-14T18:44:35.158+0000] {taskinstance.py:1327} INFO - Executing <Task(PythonSensor): wait_for_json> on 2023-06-14 18:41:04.321896+00:00
[2023-06-14T18:44:35.179+0000] {standard_task_runner.py:57} INFO - Started process 8027 to run task
[2023-06-14T18:44:35.191+0000] {standard_task_runner.py:84} INFO - Running: ['***', 'tasks', 'run', 'get_university_api_send_psql', 'wait_for_json', 'manual__2023-06-14T18:41:04.321896+00:00', '--job-id', '1520', '--raw', '--subdir', 'DAGS_FOLDER/data-university-from-api-dag/data_university_from_api_dag.py', '--cfg-path', '/tmp/tmptg4pyldq']
[2023-06-14T18:44:35.196+0000] {standard_task_runner.py:85} INFO - Job 1520: Subtask wait_for_json
[2023-06-14T18:44:35.292+0000] {task_command.py:410} INFO - Running <TaskInstance: get_university_api_send_psql.wait_for_json manual__2023-06-14T18:41:04.321896+00:00 [running]> on host cd01a659cc96
[2023-06-14T18:44:35.397+0000] {taskinstance.py:1547} INFO - Exporting env vars: AIRFLOW_CTX_DAG_OWNER='***' AIRFLOW_CTX_DAG_ID='get_university_api_send_psql' AIRFLOW_CTX_TASK_ID='wait_for_json' AIRFLOW_CTX_EXECUTION_DATE='2023-06-14T18:41:04.321896+00:00' AIRFLOW_CTX_TRY_NUMBER='1' AIRFLOW_CTX_DAG_RUN_ID='manual__2023-06-14T18:41:04.321896+00:00'
[2023-06-14T18:44:35.412+0000] {python.py:72} INFO - Poking callable: <function _wait_for_json at 0x7fb93c188290>
[2023-06-14T18:44:35.440+0000] {taskinstance.py:1784} INFO - Rescheduling task, marking task as UP_FOR_RESCHEDULE
[2023-06-14T18:44:35.485+0000] {local_task_job_runner.py:225} INFO - Task exited with return code 0
[2023-06-14T18:44:35.527+0000] {taskinstance.py:2651} INFO - 0 downstream tasks scheduled from follow-on schedule check
[2023-06-14T18:45:06.749+0000] {taskinstance.py:1103} INFO - Dependencies all met for dep_context=non-requeueable deps ti=<TaskInstance: get_university_api_send_psql.wait_for_json manual__2023-06-14T18:41:04.321896+00:00 [queued]>
[2023-06-14T18:45:06.766+0000] {taskinstance.py:1103} INFO - Dependencies all met for dep_context=requeueable deps ti=<TaskInstance: get_university_api_send_psql.wait_for_json manual__2023-06-14T18:41:04.321896+00:00 [queued]>
[2023-06-14T18:45:06.768+0000] {taskinstance.py:1308} INFO - Starting attempt 1 of 1
[2023-06-14T18:45:06.795+0000] {taskinstance.py:1327} INFO - Executing <Task(PythonSensor): wait_for_json> on 2023-06-14 18:41:04.321896+00:00
[2023-06-14T18:45:06.806+0000] {standard_task_runner.py:57} INFO - Started process 8039 to run task
[2023-06-14T18:45:06.831+0000] {standard_task_runner.py:84} INFO - Running: ['***', 'tasks', 'run', 'get_university_api_send_psql', 'wait_for_json', 'manual__2023-06-14T18:41:04.321896+00:00', '--job-id', '1521', '--raw', '--subdir', 'DAGS_FOLDER/data-university-from-api-dag/data_university_from_api_dag.py', '--cfg-path', '/tmp/tmpgwy2gx2p']
[2023-06-14T18:45:06.845+0000] {standard_task_runner.py:85} INFO - Job 1521: Subtask wait_for_json
[2023-06-14T18:45:07.028+0000] {task_command.py:410} INFO - Running <TaskInstance: get_university_api_send_psql.wait_for_json manual__2023-06-14T18:41:04.321896+00:00 [running]> on host cd01a659cc96
[2023-06-14T18:45:07.230+0000] {taskinstance.py:1547} INFO - Exporting env vars: AIRFLOW_CTX_DAG_OWNER='***' AIRFLOW_CTX_DAG_ID='get_university_api_send_psql' AIRFLOW_CTX_TASK_ID='wait_for_json' AIRFLOW_CTX_EXECUTION_DATE='2023-06-14T18:41:04.321896+00:00' AIRFLOW_CTX_TRY_NUMBER='1' AIRFLOW_CTX_DAG_RUN_ID='manual__2023-06-14T18:41:04.321896+00:00'
[2023-06-14T18:45:07.265+0000] {python.py:72} INFO - Poking callable: <function _wait_for_json at 0x7fb93c188290>
[2023-06-14T18:45:07.414+0000] {taskinstance.py:1784} INFO - Rescheduling task, marking task as UP_FOR_RESCHEDULE
[2023-06-14T18:45:07.469+0000] {local_task_job_runner.py:225} INFO - Task exited with return code 0
[2023-06-14T18:45:07.563+0000] {taskinstance.py:2651} INFO - 0 downstream tasks scheduled from follow-on schedule check
[2023-06-14T18:45:39.675+0000] {taskinstance.py:1103} INFO - Dependencies all met for dep_context=non-requeueable deps ti=<TaskInstance: get_university_api_send_psql.wait_for_json manual__2023-06-14T18:41:04.321896+00:00 [queued]>
[2023-06-14T18:45:39.690+0000] {taskinstance.py:1103} INFO - Dependencies all met for dep_context=requeueable deps ti=<TaskInstance: get_university_api_send_psql.wait_for_json manual__2023-06-14T18:41:04.321896+00:00 [queued]>
[2023-06-14T18:45:39.692+0000] {taskinstance.py:1308} INFO - Starting attempt 1 of 1
[2023-06-14T18:45:39.718+0000] {taskinstance.py:1327} INFO - Executing <Task(PythonSensor): wait_for_json> on 2023-06-14 18:41:04.321896+00:00
[2023-06-14T18:45:39.728+0000] {standard_task_runner.py:57} INFO - Started process 8051 to run task
[2023-06-14T18:45:39.739+0000] {standard_task_runner.py:84} INFO - Running: ['***', 'tasks', 'run', 'get_university_api_send_psql', 'wait_for_json', 'manual__2023-06-14T18:41:04.321896+00:00', '--job-id', '1522', '--raw', '--subdir', 'DAGS_FOLDER/data-university-from-api-dag/data_university_from_api_dag.py', '--cfg-path', '/tmp/tmp6zfprmhm']
[2023-06-14T18:45:39.744+0000] {standard_task_runner.py:85} INFO - Job 1522: Subtask wait_for_json
[2023-06-14T18:45:39.834+0000] {task_command.py:410} INFO - Running <TaskInstance: get_university_api_send_psql.wait_for_json manual__2023-06-14T18:41:04.321896+00:00 [running]> on host cd01a659cc96
[2023-06-14T18:45:39.960+0000] {taskinstance.py:1547} INFO - Exporting env vars: AIRFLOW_CTX_DAG_OWNER='***' AIRFLOW_CTX_DAG_ID='get_university_api_send_psql' AIRFLOW_CTX_TASK_ID='wait_for_json' AIRFLOW_CTX_EXECUTION_DATE='2023-06-14T18:41:04.321896+00:00' AIRFLOW_CTX_TRY_NUMBER='1' AIRFLOW_CTX_DAG_RUN_ID='manual__2023-06-14T18:41:04.321896+00:00'
[2023-06-14T18:45:39.980+0000] {python.py:72} INFO - Poking callable: <function _wait_for_json at 0x7fb93c188290>
[2023-06-14T18:45:40.008+0000] {taskinstance.py:1784} INFO - Rescheduling task, marking task as UP_FOR_RESCHEDULE
[2023-06-14T18:45:40.032+0000] {local_task_job_runner.py:225} INFO - Task exited with return code 0
[2023-06-14T18:45:40.080+0000] {taskinstance.py:2651} INFO - 0 downstream tasks scheduled from follow-on schedule check
[2023-06-14T18:46:11.724+0000] {taskinstance.py:1103} INFO - Dependencies all met for dep_context=non-requeueable deps ti=<TaskInstance: get_university_api_send_psql.wait_for_json manual__2023-06-14T18:41:04.321896+00:00 [queued]>
[2023-06-14T18:46:11.743+0000] {taskinstance.py:1103} INFO - Dependencies all met for dep_context=requeueable deps ti=<TaskInstance: get_university_api_send_psql.wait_for_json manual__2023-06-14T18:41:04.321896+00:00 [queued]>
[2023-06-14T18:46:11.746+0000] {taskinstance.py:1308} INFO - Starting attempt 1 of 1
[2023-06-14T18:46:11.775+0000] {taskinstance.py:1327} INFO - Executing <Task(PythonSensor): wait_for_json> on 2023-06-14 18:41:04.321896+00:00
[2023-06-14T18:46:11.786+0000] {standard_task_runner.py:57} INFO - Started process 8063 to run task
[2023-06-14T18:46:11.794+0000] {standard_task_runner.py:84} INFO - Running: ['***', 'tasks', 'run', 'get_university_api_send_psql', 'wait_for_json', 'manual__2023-06-14T18:41:04.321896+00:00', '--job-id', '1523', '--raw', '--subdir', 'DAGS_FOLDER/data-university-from-api-dag/data_university_from_api_dag.py', '--cfg-path', '/tmp/tmpyjld1zrr']
[2023-06-14T18:46:11.800+0000] {standard_task_runner.py:85} INFO - Job 1523: Subtask wait_for_json
[2023-06-14T18:46:11.913+0000] {task_command.py:410} INFO - Running <TaskInstance: get_university_api_send_psql.wait_for_json manual__2023-06-14T18:41:04.321896+00:00 [running]> on host cd01a659cc96
[2023-06-14T18:46:12.167+0000] {taskinstance.py:1547} INFO - Exporting env vars: AIRFLOW_CTX_DAG_OWNER='***' AIRFLOW_CTX_DAG_ID='get_university_api_send_psql' AIRFLOW_CTX_TASK_ID='wait_for_json' AIRFLOW_CTX_EXECUTION_DATE='2023-06-14T18:41:04.321896+00:00' AIRFLOW_CTX_TRY_NUMBER='1' AIRFLOW_CTX_DAG_RUN_ID='manual__2023-06-14T18:41:04.321896+00:00'
[2023-06-14T18:46:12.212+0000] {python.py:72} INFO - Poking callable: <function _wait_for_json at 0x7fb93c188290>
[2023-06-14T18:46:12.278+0000] {taskinstance.py:1784} INFO - Rescheduling task, marking task as UP_FOR_RESCHEDULE
[2023-06-14T18:46:12.346+0000] {local_task_job_runner.py:225} INFO - Task exited with return code 0
[2023-06-14T18:46:12.428+0000] {taskinstance.py:2651} INFO - 0 downstream tasks scheduled from follow-on schedule check
[2023-06-14T18:46:43.509+0000] {taskinstance.py:1103} INFO - Dependencies all met for dep_context=non-requeueable deps ti=<TaskInstance: get_university_api_send_psql.wait_for_json manual__2023-06-14T18:41:04.321896+00:00 [queued]>
[2023-06-14T18:46:43.530+0000] {taskinstance.py:1103} INFO - Dependencies all met for dep_context=requeueable deps ti=<TaskInstance: get_university_api_send_psql.wait_for_json manual__2023-06-14T18:41:04.321896+00:00 [queued]>
[2023-06-14T18:46:43.532+0000] {taskinstance.py:1308} INFO - Starting attempt 1 of 1
[2023-06-14T18:46:43.553+0000] {taskinstance.py:1327} INFO - Executing <Task(PythonSensor): wait_for_json> on 2023-06-14 18:41:04.321896+00:00
[2023-06-14T18:46:43.565+0000] {standard_task_runner.py:57} INFO - Started process 8076 to run task
[2023-06-14T18:46:43.574+0000] {standard_task_runner.py:84} INFO - Running: ['***', 'tasks', 'run', 'get_university_api_send_psql', 'wait_for_json', 'manual__2023-06-14T18:41:04.321896+00:00', '--job-id', '1524', '--raw', '--subdir', 'DAGS_FOLDER/data-university-from-api-dag/data_university_from_api_dag.py', '--cfg-path', '/tmp/tmp5qcg8fgb']
[2023-06-14T18:46:43.578+0000] {standard_task_runner.py:85} INFO - Job 1524: Subtask wait_for_json
[2023-06-14T18:46:43.667+0000] {task_command.py:410} INFO - Running <TaskInstance: get_university_api_send_psql.wait_for_json manual__2023-06-14T18:41:04.321896+00:00 [running]> on host cd01a659cc96
[2023-06-14T18:46:43.778+0000] {taskinstance.py:1547} INFO - Exporting env vars: AIRFLOW_CTX_DAG_OWNER='***' AIRFLOW_CTX_DAG_ID='get_university_api_send_psql' AIRFLOW_CTX_TASK_ID='wait_for_json' AIRFLOW_CTX_EXECUTION_DATE='2023-06-14T18:41:04.321896+00:00' AIRFLOW_CTX_TRY_NUMBER='1' AIRFLOW_CTX_DAG_RUN_ID='manual__2023-06-14T18:41:04.321896+00:00'
[2023-06-14T18:46:43.800+0000] {python.py:72} INFO - Poking callable: <function _wait_for_json at 0x7fb93c188290>
[2023-06-14T18:46:43.831+0000] {taskinstance.py:1784} INFO - Rescheduling task, marking task as UP_FOR_RESCHEDULE
[2023-06-14T18:46:43.875+0000] {local_task_job_runner.py:225} INFO - Task exited with return code 0
[2023-06-14T18:46:43.916+0000] {taskinstance.py:2651} INFO - 0 downstream tasks scheduled from follow-on schedule check
[2023-06-14T18:49:29.559+0000] {taskinstance.py:1103} INFO - Dependencies all met for dep_context=non-requeueable deps ti=<TaskInstance: get_university_api_send_psql.wait_for_json manual__2023-06-14T18:41:04.321896+00:00 [queued]>
[2023-06-14T18:49:29.640+0000] {taskinstance.py:1103} INFO - Dependencies all met for dep_context=requeueable deps ti=<TaskInstance: get_university_api_send_psql.wait_for_json manual__2023-06-14T18:41:04.321896+00:00 [queued]>
[2023-06-14T18:49:29.643+0000] {taskinstance.py:1308} INFO - Starting attempt 1 of 1
[2023-06-14T18:49:29.733+0000] {taskinstance.py:1327} INFO - Executing <Task(PythonSensor): wait_for_json> on 2023-06-14 18:41:04.321896+00:00
[2023-06-14T18:49:29.749+0000] {standard_task_runner.py:57} INFO - Started process 8163 to run task
[2023-06-14T18:49:29.777+0000] {standard_task_runner.py:84} INFO - Running: ['***', 'tasks', 'run', 'get_university_api_send_psql', 'wait_for_json', 'manual__2023-06-14T18:41:04.321896+00:00', '--job-id', '1536', '--raw', '--subdir', 'DAGS_FOLDER/data-university-from-api-dag/data_university_from_api_dag.py', '--cfg-path', '/tmp/tmpt2_3oxg2']
[2023-06-14T18:49:29.790+0000] {standard_task_runner.py:85} INFO - Job 1536: Subtask wait_for_json
[2023-06-14T18:49:29.974+0000] {task_command.py:410} INFO - Running <TaskInstance: get_university_api_send_psql.wait_for_json manual__2023-06-14T18:41:04.321896+00:00 [running]> on host cd01a659cc96
[2023-06-14T18:49:30.205+0000] {taskinstance.py:1547} INFO - Exporting env vars: AIRFLOW_CTX_DAG_OWNER='***' AIRFLOW_CTX_DAG_ID='get_university_api_send_psql' AIRFLOW_CTX_TASK_ID='wait_for_json' AIRFLOW_CTX_EXECUTION_DATE='2023-06-14T18:41:04.321896+00:00' AIRFLOW_CTX_TRY_NUMBER='1' AIRFLOW_CTX_DAG_RUN_ID='manual__2023-06-14T18:41:04.321896+00:00'
[2023-06-14T18:49:30.309+0000] {python.py:72} INFO - Poking callable: <function _wait_for_json at 0x7fb93c188290>
[2023-06-14T18:49:30.424+0000] {taskinstance.py:1784} INFO - Rescheduling task, marking task as UP_FOR_RESCHEDULE
[2023-06-14T18:49:30.485+0000] {local_task_job_runner.py:225} INFO - Task exited with return code 0
[2023-06-14T18:49:30.550+0000] {taskinstance.py:2651} INFO - 0 downstream tasks scheduled from follow-on schedule check
[2023-06-14T18:50:01.436+0000] {taskinstance.py:1103} INFO - Dependencies all met for dep_context=non-requeueable deps ti=<TaskInstance: get_university_api_send_psql.wait_for_json manual__2023-06-14T18:41:04.321896+00:00 [queued]>
[2023-06-14T18:50:01.451+0000] {taskinstance.py:1103} INFO - Dependencies all met for dep_context=requeueable deps ti=<TaskInstance: get_university_api_send_psql.wait_for_json manual__2023-06-14T18:41:04.321896+00:00 [queued]>
[2023-06-14T18:50:01.453+0000] {taskinstance.py:1308} INFO - Starting attempt 1 of 1
[2023-06-14T18:50:01.473+0000] {taskinstance.py:1327} INFO - Executing <Task(PythonSensor): wait_for_json> on 2023-06-14 18:41:04.321896+00:00
[2023-06-14T18:50:01.481+0000] {standard_task_runner.py:57} INFO - Started process 8181 to run task
[2023-06-14T18:50:01.488+0000] {standard_task_runner.py:84} INFO - Running: ['***', 'tasks', 'run', 'get_university_api_send_psql', 'wait_for_json', 'manual__2023-06-14T18:41:04.321896+00:00', '--job-id', '1539', '--raw', '--subdir', 'DAGS_FOLDER/data-university-from-api-dag/data_university_from_api_dag.py', '--cfg-path', '/tmp/tmpmut5cqgg']
[2023-06-14T18:50:01.492+0000] {standard_task_runner.py:85} INFO - Job 1539: Subtask wait_for_json
[2023-06-14T18:50:01.561+0000] {task_command.py:410} INFO - Running <TaskInstance: get_university_api_send_psql.wait_for_json manual__2023-06-14T18:41:04.321896+00:00 [running]> on host cd01a659cc96
[2023-06-14T18:50:01.661+0000] {taskinstance.py:1547} INFO - Exporting env vars: AIRFLOW_CTX_DAG_OWNER='***' AIRFLOW_CTX_DAG_ID='get_university_api_send_psql' AIRFLOW_CTX_TASK_ID='wait_for_json' AIRFLOW_CTX_EXECUTION_DATE='2023-06-14T18:41:04.321896+00:00' AIRFLOW_CTX_TRY_NUMBER='1' AIRFLOW_CTX_DAG_RUN_ID='manual__2023-06-14T18:41:04.321896+00:00'
[2023-06-14T18:50:01.676+0000] {python.py:72} INFO - Poking callable: <function _wait_for_json at 0x7fb93c188290>
[2023-06-14T18:50:01.702+0000] {taskinstance.py:1784} INFO - Rescheduling task, marking task as UP_FOR_RESCHEDULE
[2023-06-14T18:50:01.742+0000] {local_task_job_runner.py:225} INFO - Task exited with return code 0
[2023-06-14T18:50:01.790+0000] {taskinstance.py:2651} INFO - 0 downstream tasks scheduled from follow-on schedule check
[2023-06-14T18:50:32.957+0000] {taskinstance.py:1103} INFO - Dependencies all met for dep_context=non-requeueable deps ti=<TaskInstance: get_university_api_send_psql.wait_for_json manual__2023-06-14T18:41:04.321896+00:00 [queued]>
[2023-06-14T18:50:32.972+0000] {taskinstance.py:1103} INFO - Dependencies all met for dep_context=requeueable deps ti=<TaskInstance: get_university_api_send_psql.wait_for_json manual__2023-06-14T18:41:04.321896+00:00 [queued]>
[2023-06-14T18:50:32.974+0000] {taskinstance.py:1308} INFO - Starting attempt 1 of 1
[2023-06-14T18:50:32.994+0000] {taskinstance.py:1327} INFO - Executing <Task(PythonSensor): wait_for_json> on 2023-06-14 18:41:04.321896+00:00
[2023-06-14T18:50:33.005+0000] {standard_task_runner.py:57} INFO - Started process 8196 to run task
[2023-06-14T18:50:33.012+0000] {standard_task_runner.py:84} INFO - Running: ['***', 'tasks', 'run', 'get_university_api_send_psql', 'wait_for_json', 'manual__2023-06-14T18:41:04.321896+00:00', '--job-id', '1541', '--raw', '--subdir', 'DAGS_FOLDER/data-university-from-api-dag/data_university_from_api_dag.py', '--cfg-path', '/tmp/tmps9m4j2w5']
[2023-06-14T18:50:33.017+0000] {standard_task_runner.py:85} INFO - Job 1541: Subtask wait_for_json
[2023-06-14T18:50:33.140+0000] {task_command.py:410} INFO - Running <TaskInstance: get_university_api_send_psql.wait_for_json manual__2023-06-14T18:41:04.321896+00:00 [running]> on host cd01a659cc96
[2023-06-14T18:50:33.265+0000] {taskinstance.py:1547} INFO - Exporting env vars: AIRFLOW_CTX_DAG_OWNER='***' AIRFLOW_CTX_DAG_ID='get_university_api_send_psql' AIRFLOW_CTX_TASK_ID='wait_for_json' AIRFLOW_CTX_EXECUTION_DATE='2023-06-14T18:41:04.321896+00:00' AIRFLOW_CTX_TRY_NUMBER='1' AIRFLOW_CTX_DAG_RUN_ID='manual__2023-06-14T18:41:04.321896+00:00'
[2023-06-14T18:50:33.281+0000] {python.py:72} INFO - Poking callable: <function _wait_for_json at 0x7fb93c188290>
[2023-06-14T18:50:33.306+0000] {taskinstance.py:1784} INFO - Rescheduling task, marking task as UP_FOR_RESCHEDULE
[2023-06-14T18:50:33.347+0000] {local_task_job_runner.py:225} INFO - Task exited with return code 0
[2023-06-14T18:50:33.397+0000] {taskinstance.py:2651} INFO - 0 downstream tasks scheduled from follow-on schedule check
[2023-06-14T18:51:05.220+0000] {taskinstance.py:1103} INFO - Dependencies all met for dep_context=non-requeueable deps ti=<TaskInstance: get_university_api_send_psql.wait_for_json manual__2023-06-14T18:41:04.321896+00:00 [queued]>
[2023-06-14T18:51:05.238+0000] {taskinstance.py:1103} INFO - Dependencies all met for dep_context=requeueable deps ti=<TaskInstance: get_university_api_send_psql.wait_for_json manual__2023-06-14T18:41:04.321896+00:00 [queued]>
[2023-06-14T18:51:05.240+0000] {taskinstance.py:1308} INFO - Starting attempt 1 of 1
[2023-06-14T18:51:05.262+0000] {taskinstance.py:1327} INFO - Executing <Task(PythonSensor): wait_for_json> on 2023-06-14 18:41:04.321896+00:00
[2023-06-14T18:51:05.276+0000] {standard_task_runner.py:84} INFO - Running: ['***', 'tasks', 'run', 'get_university_api_send_psql', 'wait_for_json', 'manual__2023-06-14T18:41:04.321896+00:00', '--job-id', '1543', '--raw', '--subdir', 'DAGS_FOLDER/data-university-from-api-dag/data_university_from_api_dag.py', '--cfg-path', '/tmp/tmpxhbzwb83']
[2023-06-14T18:51:05.270+0000] {standard_task_runner.py:57} INFO - Started process 8211 to run task
[2023-06-14T18:51:05.282+0000] {standard_task_runner.py:85} INFO - Job 1543: Subtask wait_for_json
[2023-06-14T18:51:05.355+0000] {task_command.py:410} INFO - Running <TaskInstance: get_university_api_send_psql.wait_for_json manual__2023-06-14T18:41:04.321896+00:00 [running]> on host cd01a659cc96
[2023-06-14T18:51:05.465+0000] {taskinstance.py:1547} INFO - Exporting env vars: AIRFLOW_CTX_DAG_OWNER='***' AIRFLOW_CTX_DAG_ID='get_university_api_send_psql' AIRFLOW_CTX_TASK_ID='wait_for_json' AIRFLOW_CTX_EXECUTION_DATE='2023-06-14T18:41:04.321896+00:00' AIRFLOW_CTX_TRY_NUMBER='1' AIRFLOW_CTX_DAG_RUN_ID='manual__2023-06-14T18:41:04.321896+00:00'
[2023-06-14T18:51:05.486+0000] {python.py:72} INFO - Poking callable: <function _wait_for_json at 0x7fb93c188290>
[2023-06-14T18:51:05.514+0000] {taskinstance.py:1784} INFO - Rescheduling task, marking task as UP_FOR_RESCHEDULE
[2023-06-14T18:51:05.540+0000] {local_task_job_runner.py:225} INFO - Task exited with return code 0
[2023-06-14T18:51:05.592+0000] {taskinstance.py:2651} INFO - 0 downstream tasks scheduled from follow-on schedule check
[2023-06-14T18:51:37.697+0000] {taskinstance.py:1103} INFO - Dependencies all met for dep_context=non-requeueable deps ti=<TaskInstance: get_university_api_send_psql.wait_for_json manual__2023-06-14T18:41:04.321896+00:00 [queued]>
[2023-06-14T18:51:37.714+0000] {taskinstance.py:1103} INFO - Dependencies all met for dep_context=requeueable deps ti=<TaskInstance: get_university_api_send_psql.wait_for_json manual__2023-06-14T18:41:04.321896+00:00 [queued]>
[2023-06-14T18:51:37.715+0000] {taskinstance.py:1308} INFO - Starting attempt 1 of 1
[2023-06-14T18:51:37.742+0000] {taskinstance.py:1327} INFO - Executing <Task(PythonSensor): wait_for_json> on 2023-06-14 18:41:04.321896+00:00
[2023-06-14T18:51:37.751+0000] {standard_task_runner.py:57} INFO - Started process 8226 to run task
[2023-06-14T18:51:37.758+0000] {standard_task_runner.py:84} INFO - Running: ['***', 'tasks', 'run', 'get_university_api_send_psql', 'wait_for_json', 'manual__2023-06-14T18:41:04.321896+00:00', '--job-id', '1545', '--raw', '--subdir', 'DAGS_FOLDER/data-university-from-api-dag/data_university_from_api_dag.py', '--cfg-path', '/tmp/tmpqpkyfnxx']
[2023-06-14T18:51:37.762+0000] {standard_task_runner.py:85} INFO - Job 1545: Subtask wait_for_json
[2023-06-14T18:51:37.843+0000] {task_command.py:410} INFO - Running <TaskInstance: get_university_api_send_psql.wait_for_json manual__2023-06-14T18:41:04.321896+00:00 [running]> on host cd01a659cc96
[2023-06-14T18:51:37.962+0000] {taskinstance.py:1547} INFO - Exporting env vars: AIRFLOW_CTX_DAG_OWNER='***' AIRFLOW_CTX_DAG_ID='get_university_api_send_psql' AIRFLOW_CTX_TASK_ID='wait_for_json' AIRFLOW_CTX_EXECUTION_DATE='2023-06-14T18:41:04.321896+00:00' AIRFLOW_CTX_TRY_NUMBER='1' AIRFLOW_CTX_DAG_RUN_ID='manual__2023-06-14T18:41:04.321896+00:00'
[2023-06-14T18:51:37.979+0000] {python.py:72} INFO - Poking callable: <function _wait_for_json at 0x7fb93c188290>
[2023-06-14T18:51:38.008+0000] {taskinstance.py:1784} INFO - Rescheduling task, marking task as UP_FOR_RESCHEDULE
[2023-06-14T18:51:38.053+0000] {local_task_job_runner.py:225} INFO - Task exited with return code 0
[2023-06-14T18:51:38.100+0000] {taskinstance.py:2651} INFO - 0 downstream tasks scheduled from follow-on schedule check
