[2024-03-11T10:46:28.512+0000] {taskinstance.py:1103} INFO - Dependencies all met for dep_context=non-requeueable deps ti=<TaskInstance: EnergyWarehouse.create_fact_table_prod_energy manual__2024-03-11T10:37:06.620895+00:00 [queued]>
[2024-03-11T10:46:28.541+0000] {taskinstance.py:1103} INFO - Dependencies all met for dep_context=requeueable deps ti=<TaskInstance: EnergyWarehouse.create_fact_table_prod_energy manual__2024-03-11T10:37:06.620895+00:00 [queued]>
[2024-03-11T10:46:28.545+0000] {taskinstance.py:1308} INFO - Starting attempt 1 of 2
[2024-03-11T10:46:28.580+0000] {taskinstance.py:1327} INFO - Executing <Task(PythonOperator): create_fact_table_prod_energy> on 2024-03-11 10:37:06.620895+00:00
[2024-03-11T10:46:28.605+0000] {standard_task_runner.py:57} INFO - Started process 958 to run task
[2024-03-11T10:46:28.620+0000] {standard_task_runner.py:84} INFO - Running: ['***', 'tasks', 'run', 'EnergyWarehouse', 'create_fact_table_prod_energy', 'manual__2024-03-11T10:37:06.620895+00:00', '--job-id', '1159', '--raw', '--subdir', 'DAGS_FOLDER/***-to-bigquery-dag/***_to_bigquerry_dag.py', '--cfg-path', '/tmp/tmpwe2cirlu']
[2024-03-11T10:46:28.627+0000] {standard_task_runner.py:85} INFO - Job 1159: Subtask create_fact_table_prod_energy
[2024-03-11T10:46:28.835+0000] {task_command.py:410} INFO - Running <TaskInstance: EnergyWarehouse.create_fact_table_prod_energy manual__2024-03-11T10:37:06.620895+00:00 [running]> on host 952b3f8a1a94
[2024-03-11T10:46:29.273+0000] {taskinstance.py:1547} INFO - Exporting env vars: AIRFLOW_CTX_DAG_OWNER='Mbaye SENE' AIRFLOW_CTX_DAG_ID='EnergyWarehouse' AIRFLOW_CTX_TASK_ID='create_fact_table_prod_energy' AIRFLOW_CTX_EXECUTION_DATE='2024-03-11T10:37:06.620895+00:00' AIRFLOW_CTX_TRY_NUMBER='1' AIRFLOW_CTX_DAG_RUN_ID='manual__2024-03-11T10:37:06.620895+00:00'
[2024-03-11T10:46:29.850+0000] {taskinstance.py:1824} ERROR - Task failed with exception
Traceback (most recent call last):
  File "/home/airflow/.local/lib/python3.7/site-packages/airflow/operators/python.py", line 181, in execute
    return_value = self.execute_callable()
  File "/home/airflow/.local/lib/python3.7/site-packages/airflow/operators/python.py", line 198, in execute_callable
    return self.python_callable(*self.op_args, **self.op_kwargs)
  File "/opt/airflow/dags/airflow-to-bigquery-dag/airflow_to_bigquerry_dag.py", line 441, in create_fact_table_prod_energy
    'min_igrm','avg_igrm',  'max_igrm'
  File "/home/airflow/.local/lib/python3.7/site-packages/pandas/core/frame.py", line 3464, in __getitem__
    indexer = self.loc._get_listlike_indexer(key, axis=1)[1]
  File "/home/airflow/.local/lib/python3.7/site-packages/pandas/core/indexing.py", line 1314, in _get_listlike_indexer
    self._validate_read_indexer(keyarr, indexer, axis)
  File "/home/airflow/.local/lib/python3.7/site-packages/pandas/core/indexing.py", line 1377, in _validate_read_indexer
    raise KeyError(f"{not_found} not in index")
KeyError: "['min_igrm', 'avg_igrm', 'max_igrm'] not in index"
[2024-03-11T10:46:29.924+0000] {taskinstance.py:1350} INFO - Marking task as UP_FOR_RETRY. dag_id=EnergyWarehouse, task_id=create_fact_table_prod_energy, execution_date=20240311T103706, start_date=20240311T104628, end_date=20240311T104629
[2024-03-11T10:46:30.111+0000] {standard_task_runner.py:109} ERROR - Failed to execute job 1159 for task create_fact_table_prod_energy ("['min_igrm', 'avg_igrm', 'max_igrm'] not in index"; 958)
[2024-03-11T10:46:30.414+0000] {local_task_job_runner.py:225} INFO - Task exited with return code 1
[2024-03-11T10:46:30.629+0000] {taskinstance.py:2651} INFO - 0 downstream tasks scheduled from follow-on schedule check
