[2024-02-06T18:46:30.331+0000] {taskinstance.py:1103} INFO - Dependencies all met for dep_context=non-requeueable deps ti=<TaskInstance: get_energy_data_and_transform.fetch_and_save manual__2024-02-06T18:46:26.087982+00:00 [queued]>
[2024-02-06T18:46:30.367+0000] {taskinstance.py:1103} INFO - Dependencies all met for dep_context=requeueable deps ti=<TaskInstance: get_energy_data_and_transform.fetch_and_save manual__2024-02-06T18:46:26.087982+00:00 [queued]>
[2024-02-06T18:46:30.370+0000] {taskinstance.py:1308} INFO - Starting attempt 1 of 1
[2024-02-06T18:46:30.411+0000] {taskinstance.py:1327} INFO - Executing <Task(PythonOperator): fetch_and_save> on 2024-02-06 18:46:26.087982+00:00
[2024-02-06T18:46:30.440+0000] {standard_task_runner.py:57} INFO - Started process 5517 to run task
[2024-02-06T18:46:30.447+0000] {standard_task_runner.py:84} INFO - Running: ['***', 'tasks', 'run', 'get_energy_data_and_transform', 'fetch_and_save', 'manual__2024-02-06T18:46:26.087982+00:00', '--job-id', '128', '--raw', '--subdir', 'DAGS_FOLDER/energy-prod-cons-dag/data_energy_dag.py', '--cfg-path', '/tmp/tmpbj_2ix9f']
[2024-02-06T18:46:30.594+0000] {standard_task_runner.py:85} INFO - Job 128: Subtask fetch_and_save
[2024-02-06T18:46:30.687+0000] {task_command.py:410} INFO - Running <TaskInstance: get_energy_data_and_transform.fetch_and_save manual__2024-02-06T18:46:26.087982+00:00 [running]> on host 952b3f8a1a94
[2024-02-06T18:46:31.378+0000] {taskinstance.py:1547} INFO - Exporting env vars: AIRFLOW_CTX_DAG_OWNER='***' AIRFLOW_CTX_DAG_ID='get_energy_data_and_transform' AIRFLOW_CTX_TASK_ID='fetch_and_save' AIRFLOW_CTX_EXECUTION_DATE='2024-02-06T18:46:26.087982+00:00' AIRFLOW_CTX_TRY_NUMBER='1' AIRFLOW_CTX_DAG_RUN_ID='manual__2024-02-06T18:46:26.087982+00:00'
[2024-02-06T18:46:33.123+0000] {warnings.py:110} WARNING - /home/***/.local/lib/python3.7/site-packages/***/operators/python.py:198: FutureWarning: The error_bad_lines argument has been deprecated and will be removed in a future version.


  return self.python_callable(*self.op_args, **self.op_kwargs)

[2024-02-06T18:46:36.858+0000] {logging_mixin.py:149} INFO - ******* STARTING columns ******  : Index(['operateur', 'annee', 'filiere', 'code_categorie_consommation',
       'libelle_categorie_consommation', 'code_grand_secteur',
       'libelle_grand_secteur', 'code_naf', 'libelle_secteur_naf2', 'conso',
       'pdl', 'indqual', 'nombre_mailles_secretisees', 'code_region',
       'libelle_region'],
      dtype='object')
[2024-02-06T18:46:36.983+0000] {logging_mixin.py:149} INFO - Strip leading and trailing whitespaces from column names
[2024-02-06T18:46:37.032+0000] {logging_mixin.py:149} INFO - ******* ENDING columns REGION ****** :  Index(['operateur', 'annee', 'filiere', 'code_categorie_consommation',
       'code_grand_secteur', 'libelle_secteur_naf2', 'conso', 'pdl', 'indqual',
       'code_region', 'libelle_region'],
      dtype='object')
[2024-02-06T18:46:37.081+0000] {logging_mixin.py:149} INFO - ******* ENDING columns DEPT  ****** :  Index(['operateur', 'annee', 'filiere', 'consoa', 'pdla', 'indquala', 'consoi',
       'pdli', 'indquali', 'consot', 'pdlt', 'indqualt', 'consor', 'pdlr',
       'indqualr', 'consona', 'pdlna', 'indqualna', 'code_departement',
       'libelle_departement', 'code_region', 'libelle_region', 'id_filiere',
       'consototale'],
      dtype='object')
[2024-02-06T18:46:39.430+0000] {logging_mixin.py:149} INFO - conso_energy_region Data has been loaded into CSV: /tmp/csv_file/conso_energy_region.csv
[2024-02-06T18:46:39.467+0000] {logging_mixin.py:149} INFO - conso_energy_dept Data has been loaded into CSV: /tmp/csv_file/conso_energy_region.csv
[2024-02-06T18:46:39.489+0000] {python.py:183} INFO - Done. Returned value was: None
[2024-02-06T18:46:39.634+0000] {taskinstance.py:1350} INFO - Marking task as SUCCESS. dag_id=get_energy_data_and_transform, task_id=fetch_and_save, execution_date=20240206T184626, start_date=20240206T184630, end_date=20240206T184639
[2024-02-06T18:46:40.038+0000] {local_task_job_runner.py:225} INFO - Task exited with return code 0
[2024-02-06T18:46:40.676+0000] {taskinstance.py:2651} INFO - 1 downstream tasks scheduled from follow-on schedule check
