[2024-02-26T22:01:14.662+0000] {taskinstance.py:1103} INFO - Dependencies all met for dep_context=non-requeueable deps ti=<TaskInstance: EnergyWarehouse.dim_annee scheduled__2024-02-25T00:00:00+00:00 [queued]>
[2024-02-26T22:01:15.416+0000] {taskinstance.py:1103} INFO - Dependencies all met for dep_context=requeueable deps ti=<TaskInstance: EnergyWarehouse.dim_annee scheduled__2024-02-25T00:00:00+00:00 [queued]>
[2024-02-26T22:01:15.449+0000] {taskinstance.py:1308} INFO - Starting attempt 1 of 2
[2024-02-26T22:01:16.097+0000] {taskinstance.py:1327} INFO - Executing <Task(PythonSensor): dim_annee> on 2024-02-25 00:00:00+00:00
[2024-02-26T22:01:17.048+0000] {standard_task_runner.py:57} INFO - Started process 3856 to run task
[2024-02-26T22:01:18.180+0000] {standard_task_runner.py:84} INFO - Running: ['***', 'tasks', 'run', 'EnergyWarehouse', 'dim_annee', 'scheduled__2024-02-25T00:00:00+00:00', '--job-id', '405', '--raw', '--subdir', 'DAGS_FOLDER/***-to-bigquery-dag/***_to_bigquerry_dag.py', '--cfg-path', '/tmp/tmpa4a9rj7u']
[2024-02-26T22:01:18.463+0000] {standard_task_runner.py:85} INFO - Job 405: Subtask dim_annee
[2024-02-26T22:01:26.094+0000] {task_command.py:410} INFO - Running <TaskInstance: EnergyWarehouse.dim_annee scheduled__2024-02-25T00:00:00+00:00 [running]> on host 952b3f8a1a94
[2024-02-26T22:01:33.423+0000] {taskinstance.py:1547} INFO - Exporting env vars: AIRFLOW_CTX_DAG_OWNER='Mbaye SENE' AIRFLOW_CTX_DAG_ID='EnergyWarehouse' AIRFLOW_CTX_TASK_ID='dim_annee' AIRFLOW_CTX_EXECUTION_DATE='2024-02-25T00:00:00+00:00' AIRFLOW_CTX_TRY_NUMBER='1' AIRFLOW_CTX_DAG_RUN_ID='scheduled__2024-02-25T00:00:00+00:00'
[2024-02-26T22:01:34.453+0000] {python.py:72} INFO - Poking callable: <function _wait_for_csv at 0x7f471b351d40>
[2024-02-26T22:01:34.785+0000] {taskinstance.py:1784} INFO - Rescheduling task, marking task as UP_FOR_RESCHEDULE
[2024-02-26T22:01:34.890+0000] {local_task_job_runner.py:225} INFO - Task exited with return code 0
[2024-02-26T22:01:35.025+0000] {taskinstance.py:2651} INFO - 0 downstream tasks scheduled from follow-on schedule check
[2024-02-26T22:02:34.459+0000] {taskinstance.py:1103} INFO - Dependencies all met for dep_context=non-requeueable deps ti=<TaskInstance: EnergyWarehouse.dim_annee scheduled__2024-02-25T00:00:00+00:00 [queued]>
[2024-02-26T22:02:34.539+0000] {taskinstance.py:1103} INFO - Dependencies all met for dep_context=requeueable deps ti=<TaskInstance: EnergyWarehouse.dim_annee scheduled__2024-02-25T00:00:00+00:00 [queued]>
[2024-02-26T22:02:34.542+0000] {taskinstance.py:1308} INFO - Starting attempt 1 of 2
[2024-02-26T22:02:34.599+0000] {taskinstance.py:1327} INFO - Executing <Task(PythonSensor): dim_annee> on 2024-02-25 00:00:00+00:00
[2024-02-26T22:02:34.900+0000] {standard_task_runner.py:57} INFO - Started process 3884 to run task
[2024-02-26T22:02:35.311+0000] {standard_task_runner.py:84} INFO - Running: ['***', 'tasks', 'run', 'EnergyWarehouse', 'dim_annee', 'scheduled__2024-02-25T00:00:00+00:00', '--job-id', '411', '--raw', '--subdir', 'DAGS_FOLDER/***-to-bigquery-dag/***_to_bigquerry_dag.py', '--cfg-path', '/tmp/tmp94s4jfex']
[2024-02-26T22:02:35.326+0000] {standard_task_runner.py:85} INFO - Job 411: Subtask dim_annee
[2024-02-26T22:02:35.692+0000] {task_command.py:410} INFO - Running <TaskInstance: EnergyWarehouse.dim_annee scheduled__2024-02-25T00:00:00+00:00 [running]> on host 952b3f8a1a94
[2024-02-26T22:02:38.542+0000] {taskinstance.py:1547} INFO - Exporting env vars: AIRFLOW_CTX_DAG_OWNER='Mbaye SENE' AIRFLOW_CTX_DAG_ID='EnergyWarehouse' AIRFLOW_CTX_TASK_ID='dim_annee' AIRFLOW_CTX_EXECUTION_DATE='2024-02-25T00:00:00+00:00' AIRFLOW_CTX_TRY_NUMBER='1' AIRFLOW_CTX_DAG_RUN_ID='scheduled__2024-02-25T00:00:00+00:00'
[2024-02-26T22:02:40.126+0000] {python.py:72} INFO - Poking callable: <function _wait_for_csv at 0x7f471b4135f0>
[2024-02-26T22:02:44.266+0000] {taskinstance.py:1784} INFO - Rescheduling task, marking task as UP_FOR_RESCHEDULE
[2024-02-26T22:02:44.645+0000] {local_task_job_runner.py:225} INFO - Task exited with return code 0
[2024-02-26T22:02:44.746+0000] {taskinstance.py:2651} INFO - 0 downstream tasks scheduled from follow-on schedule check
[2024-02-26T22:03:13.608+0000] {taskinstance.py:1103} INFO - Dependencies all met for dep_context=non-requeueable deps ti=<TaskInstance: EnergyWarehouse.dim_annee scheduled__2024-02-25T00:00:00+00:00 [queued]>
[2024-02-26T22:03:13.634+0000] {taskinstance.py:1103} INFO - Dependencies all met for dep_context=requeueable deps ti=<TaskInstance: EnergyWarehouse.dim_annee scheduled__2024-02-25T00:00:00+00:00 [queued]>
[2024-02-26T22:03:13.638+0000] {taskinstance.py:1308} INFO - Starting attempt 1 of 2
[2024-02-26T22:03:13.663+0000] {taskinstance.py:1327} INFO - Executing <Task(PythonSensor): dim_annee> on 2024-02-25 00:00:00+00:00
[2024-02-26T22:03:13.676+0000] {standard_task_runner.py:57} INFO - Started process 3904 to run task
[2024-02-26T22:03:13.684+0000] {standard_task_runner.py:84} INFO - Running: ['***', 'tasks', 'run', 'EnergyWarehouse', 'dim_annee', 'scheduled__2024-02-25T00:00:00+00:00', '--job-id', '415', '--raw', '--subdir', 'DAGS_FOLDER/***-to-bigquery-dag/***_to_bigquerry_dag.py', '--cfg-path', '/tmp/tmp0h7dtew5']
[2024-02-26T22:03:13.691+0000] {standard_task_runner.py:85} INFO - Job 415: Subtask dim_annee
[2024-02-26T22:03:13.796+0000] {task_command.py:410} INFO - Running <TaskInstance: EnergyWarehouse.dim_annee scheduled__2024-02-25T00:00:00+00:00 [running]> on host 952b3f8a1a94
[2024-02-26T22:03:14.086+0000] {taskinstance.py:1547} INFO - Exporting env vars: AIRFLOW_CTX_DAG_OWNER='Mbaye SENE' AIRFLOW_CTX_DAG_ID='EnergyWarehouse' AIRFLOW_CTX_TASK_ID='dim_annee' AIRFLOW_CTX_EXECUTION_DATE='2024-02-25T00:00:00+00:00' AIRFLOW_CTX_TRY_NUMBER='1' AIRFLOW_CTX_DAG_RUN_ID='scheduled__2024-02-25T00:00:00+00:00'
[2024-02-26T22:03:14.132+0000] {python.py:72} INFO - Poking callable: <function _wait_for_csv at 0x7f471b431680>
[2024-02-26T22:03:14.172+0000] {taskinstance.py:1784} INFO - Rescheduling task, marking task as UP_FOR_RESCHEDULE
[2024-02-26T22:03:14.233+0000] {local_task_job_runner.py:225} INFO - Task exited with return code 0
[2024-02-26T22:03:14.263+0000] {taskinstance.py:2651} INFO - 0 downstream tasks scheduled from follow-on schedule check
[2024-02-26T22:03:46.875+0000] {taskinstance.py:1103} INFO - Dependencies all met for dep_context=non-requeueable deps ti=<TaskInstance: EnergyWarehouse.dim_annee scheduled__2024-02-25T00:00:00+00:00 [queued]>
[2024-02-26T22:03:46.895+0000] {taskinstance.py:1103} INFO - Dependencies all met for dep_context=requeueable deps ti=<TaskInstance: EnergyWarehouse.dim_annee scheduled__2024-02-25T00:00:00+00:00 [queued]>
[2024-02-26T22:03:46.915+0000] {taskinstance.py:1308} INFO - Starting attempt 1 of 2
[2024-02-26T22:03:47.413+0000] {taskinstance.py:1327} INFO - Executing <Task(PythonSensor): dim_annee> on 2024-02-25 00:00:00+00:00
[2024-02-26T22:03:47.428+0000] {standard_task_runner.py:57} INFO - Started process 3925 to run task
[2024-02-26T22:03:47.436+0000] {standard_task_runner.py:84} INFO - Running: ['***', 'tasks', 'run', 'EnergyWarehouse', 'dim_annee', 'scheduled__2024-02-25T00:00:00+00:00', '--job-id', '419', '--raw', '--subdir', 'DAGS_FOLDER/***-to-bigquery-dag/***_to_bigquerry_dag.py', '--cfg-path', '/tmp/tmpb5x8lg0i']
[2024-02-26T22:03:47.443+0000] {standard_task_runner.py:85} INFO - Job 419: Subtask dim_annee
[2024-02-26T22:03:47.541+0000] {task_command.py:410} INFO - Running <TaskInstance: EnergyWarehouse.dim_annee scheduled__2024-02-25T00:00:00+00:00 [running]> on host 952b3f8a1a94
[2024-02-26T22:03:47.714+0000] {taskinstance.py:1547} INFO - Exporting env vars: AIRFLOW_CTX_DAG_OWNER='Mbaye SENE' AIRFLOW_CTX_DAG_ID='EnergyWarehouse' AIRFLOW_CTX_TASK_ID='dim_annee' AIRFLOW_CTX_EXECUTION_DATE='2024-02-25T00:00:00+00:00' AIRFLOW_CTX_TRY_NUMBER='1' AIRFLOW_CTX_DAG_RUN_ID='scheduled__2024-02-25T00:00:00+00:00'
[2024-02-26T22:03:47.736+0000] {python.py:72} INFO - Poking callable: <function _wait_for_csv at 0x7f471b4125f0>
[2024-02-26T22:03:47.780+0000] {taskinstance.py:1784} INFO - Rescheduling task, marking task as UP_FOR_RESCHEDULE
[2024-02-26T22:03:47.819+0000] {local_task_job_runner.py:225} INFO - Task exited with return code 0
[2024-02-26T22:03:48.133+0000] {taskinstance.py:2651} INFO - 0 downstream tasks scheduled from follow-on schedule check
[2024-02-26T22:04:20.154+0000] {taskinstance.py:1103} INFO - Dependencies all met for dep_context=non-requeueable deps ti=<TaskInstance: EnergyWarehouse.dim_annee scheduled__2024-02-25T00:00:00+00:00 [queued]>
[2024-02-26T22:04:20.188+0000] {taskinstance.py:1103} INFO - Dependencies all met for dep_context=requeueable deps ti=<TaskInstance: EnergyWarehouse.dim_annee scheduled__2024-02-25T00:00:00+00:00 [queued]>
[2024-02-26T22:04:20.191+0000] {taskinstance.py:1308} INFO - Starting attempt 1 of 2
[2024-02-26T22:04:20.225+0000] {taskinstance.py:1327} INFO - Executing <Task(PythonSensor): dim_annee> on 2024-02-25 00:00:00+00:00
[2024-02-26T22:04:20.245+0000] {standard_task_runner.py:57} INFO - Started process 3943 to run task
[2024-02-26T22:04:20.256+0000] {standard_task_runner.py:84} INFO - Running: ['***', 'tasks', 'run', 'EnergyWarehouse', 'dim_annee', 'scheduled__2024-02-25T00:00:00+00:00', '--job-id', '422', '--raw', '--subdir', 'DAGS_FOLDER/***-to-bigquery-dag/***_to_bigquerry_dag.py', '--cfg-path', '/tmp/tmptt7nmzdz']
[2024-02-26T22:04:20.269+0000] {standard_task_runner.py:85} INFO - Job 422: Subtask dim_annee
[2024-02-26T22:04:20.375+0000] {task_command.py:410} INFO - Running <TaskInstance: EnergyWarehouse.dim_annee scheduled__2024-02-25T00:00:00+00:00 [running]> on host 952b3f8a1a94
[2024-02-26T22:04:20.489+0000] {taskinstance.py:1547} INFO - Exporting env vars: AIRFLOW_CTX_DAG_OWNER='Mbaye SENE' AIRFLOW_CTX_DAG_ID='EnergyWarehouse' AIRFLOW_CTX_TASK_ID='dim_annee' AIRFLOW_CTX_EXECUTION_DATE='2024-02-25T00:00:00+00:00' AIRFLOW_CTX_TRY_NUMBER='1' AIRFLOW_CTX_DAG_RUN_ID='scheduled__2024-02-25T00:00:00+00:00'
[2024-02-26T22:04:20.509+0000] {python.py:72} INFO - Poking callable: <function _wait_for_csv at 0x7f471b431680>
[2024-02-26T22:04:20.542+0000] {taskinstance.py:1784} INFO - Rescheduling task, marking task as UP_FOR_RESCHEDULE
[2024-02-26T22:04:20.600+0000] {local_task_job_runner.py:225} INFO - Task exited with return code 0
[2024-02-26T22:04:20.632+0000] {taskinstance.py:2651} INFO - 0 downstream tasks scheduled from follow-on schedule check
[2024-02-26T22:04:52.920+0000] {taskinstance.py:1103} INFO - Dependencies all met for dep_context=non-requeueable deps ti=<TaskInstance: EnergyWarehouse.dim_annee scheduled__2024-02-25T00:00:00+00:00 [queued]>
[2024-02-26T22:04:52.940+0000] {taskinstance.py:1103} INFO - Dependencies all met for dep_context=requeueable deps ti=<TaskInstance: EnergyWarehouse.dim_annee scheduled__2024-02-25T00:00:00+00:00 [queued]>
[2024-02-26T22:04:52.950+0000] {taskinstance.py:1308} INFO - Starting attempt 1 of 2
[2024-02-26T22:04:52.986+0000] {taskinstance.py:1327} INFO - Executing <Task(PythonSensor): dim_annee> on 2024-02-25 00:00:00+00:00
[2024-02-26T22:04:53.002+0000] {standard_task_runner.py:57} INFO - Started process 3960 to run task
[2024-02-26T22:04:53.012+0000] {standard_task_runner.py:84} INFO - Running: ['***', 'tasks', 'run', 'EnergyWarehouse', 'dim_annee', 'scheduled__2024-02-25T00:00:00+00:00', '--job-id', '425', '--raw', '--subdir', 'DAGS_FOLDER/***-to-bigquery-dag/***_to_bigquerry_dag.py', '--cfg-path', '/tmp/tmpuv68qf9n']
[2024-02-26T22:04:53.094+0000] {standard_task_runner.py:85} INFO - Job 425: Subtask dim_annee
[2024-02-26T22:04:53.177+0000] {task_command.py:410} INFO - Running <TaskInstance: EnergyWarehouse.dim_annee scheduled__2024-02-25T00:00:00+00:00 [running]> on host 952b3f8a1a94
[2024-02-26T22:04:53.290+0000] {taskinstance.py:1547} INFO - Exporting env vars: AIRFLOW_CTX_DAG_OWNER='Mbaye SENE' AIRFLOW_CTX_DAG_ID='EnergyWarehouse' AIRFLOW_CTX_TASK_ID='dim_annee' AIRFLOW_CTX_EXECUTION_DATE='2024-02-25T00:00:00+00:00' AIRFLOW_CTX_TRY_NUMBER='1' AIRFLOW_CTX_DAG_RUN_ID='scheduled__2024-02-25T00:00:00+00:00'
[2024-02-26T22:04:53.308+0000] {python.py:72} INFO - Poking callable: <function _wait_for_csv at 0x7f471b431680>
[2024-02-26T22:04:53.335+0000] {taskinstance.py:1784} INFO - Rescheduling task, marking task as UP_FOR_RESCHEDULE
[2024-02-26T22:04:53.388+0000] {local_task_job_runner.py:225} INFO - Task exited with return code 0
[2024-02-26T22:04:53.415+0000] {taskinstance.py:2651} INFO - 0 downstream tasks scheduled from follow-on schedule check
[2024-02-26T22:05:25.699+0000] {taskinstance.py:1103} INFO - Dependencies all met for dep_context=non-requeueable deps ti=<TaskInstance: EnergyWarehouse.dim_annee scheduled__2024-02-25T00:00:00+00:00 [queued]>
[2024-02-26T22:05:25.716+0000] {taskinstance.py:1103} INFO - Dependencies all met for dep_context=requeueable deps ti=<TaskInstance: EnergyWarehouse.dim_annee scheduled__2024-02-25T00:00:00+00:00 [queued]>
[2024-02-26T22:05:25.718+0000] {taskinstance.py:1308} INFO - Starting attempt 1 of 2
[2024-02-26T22:05:25.745+0000] {taskinstance.py:1327} INFO - Executing <Task(PythonSensor): dim_annee> on 2024-02-25 00:00:00+00:00
[2024-02-26T22:05:25.758+0000] {standard_task_runner.py:57} INFO - Started process 3977 to run task
[2024-02-26T22:05:25.767+0000] {standard_task_runner.py:84} INFO - Running: ['***', 'tasks', 'run', 'EnergyWarehouse', 'dim_annee', 'scheduled__2024-02-25T00:00:00+00:00', '--job-id', '428', '--raw', '--subdir', 'DAGS_FOLDER/***-to-bigquery-dag/***_to_bigquerry_dag.py', '--cfg-path', '/tmp/tmp38cqrnc3']
[2024-02-26T22:05:25.776+0000] {standard_task_runner.py:85} INFO - Job 428: Subtask dim_annee
[2024-02-26T22:05:25.875+0000] {task_command.py:410} INFO - Running <TaskInstance: EnergyWarehouse.dim_annee scheduled__2024-02-25T00:00:00+00:00 [running]> on host 952b3f8a1a94
[2024-02-26T22:05:25.985+0000] {taskinstance.py:1547} INFO - Exporting env vars: AIRFLOW_CTX_DAG_OWNER='Mbaye SENE' AIRFLOW_CTX_DAG_ID='EnergyWarehouse' AIRFLOW_CTX_TASK_ID='dim_annee' AIRFLOW_CTX_EXECUTION_DATE='2024-02-25T00:00:00+00:00' AIRFLOW_CTX_TRY_NUMBER='1' AIRFLOW_CTX_DAG_RUN_ID='scheduled__2024-02-25T00:00:00+00:00'
[2024-02-26T22:05:26.008+0000] {python.py:72} INFO - Poking callable: <function _wait_for_csv at 0x7f471b431680>
[2024-02-26T22:05:26.046+0000] {taskinstance.py:1784} INFO - Rescheduling task, marking task as UP_FOR_RESCHEDULE
[2024-02-26T22:05:26.101+0000] {local_task_job_runner.py:225} INFO - Task exited with return code 0
[2024-02-26T22:05:26.131+0000] {taskinstance.py:2651} INFO - 0 downstream tasks scheduled from follow-on schedule check
[2024-02-26T22:07:15.772+0000] {taskinstance.py:1103} INFO - Dependencies all met for dep_context=non-requeueable deps ti=<TaskInstance: EnergyWarehouse.dim_annee scheduled__2024-02-25T00:00:00+00:00 [queued]>
[2024-02-26T22:07:16.013+0000] {taskinstance.py:1103} INFO - Dependencies all met for dep_context=requeueable deps ti=<TaskInstance: EnergyWarehouse.dim_annee scheduled__2024-02-25T00:00:00+00:00 [queued]>
[2024-02-26T22:07:16.017+0000] {taskinstance.py:1308} INFO - Starting attempt 1 of 2
[2024-02-26T22:07:16.316+0000] {taskinstance.py:1327} INFO - Executing <Task(PythonSensor): dim_annee> on 2024-02-25 00:00:00+00:00
[2024-02-26T22:07:16.609+0000] {standard_task_runner.py:57} INFO - Started process 4053 to run task
[2024-02-26T22:07:16.620+0000] {standard_task_runner.py:84} INFO - Running: ['***', 'tasks', 'run', 'EnergyWarehouse', 'dim_annee', 'scheduled__2024-02-25T00:00:00+00:00', '--job-id', '441', '--raw', '--subdir', 'DAGS_FOLDER/***-to-bigquery-dag/***_to_bigquerry_dag.py', '--cfg-path', '/tmp/tmphxtlbfza']
[2024-02-26T22:07:16.656+0000] {standard_task_runner.py:85} INFO - Job 441: Subtask dim_annee
[2024-02-26T22:07:17.439+0000] {task_command.py:410} INFO - Running <TaskInstance: EnergyWarehouse.dim_annee scheduled__2024-02-25T00:00:00+00:00 [running]> on host 952b3f8a1a94
[2024-02-26T22:07:19.838+0000] {taskinstance.py:1547} INFO - Exporting env vars: AIRFLOW_CTX_DAG_OWNER='Mbaye SENE' AIRFLOW_CTX_DAG_ID='EnergyWarehouse' AIRFLOW_CTX_TASK_ID='dim_annee' AIRFLOW_CTX_EXECUTION_DATE='2024-02-25T00:00:00+00:00' AIRFLOW_CTX_TRY_NUMBER='1' AIRFLOW_CTX_DAG_RUN_ID='scheduled__2024-02-25T00:00:00+00:00'
[2024-02-26T22:07:19.966+0000] {python.py:72} INFO - Poking callable: <function _wait_for_csv at 0x7f471b2ca0e0>
[2024-02-26T22:07:21.219+0000] {taskinstance.py:1784} INFO - Rescheduling task, marking task as UP_FOR_RESCHEDULE
[2024-02-26T22:07:21.686+0000] {local_task_job_runner.py:225} INFO - Task exited with return code 0
[2024-02-26T22:07:22.702+0000] {taskinstance.py:2651} INFO - 0 downstream tasks scheduled from follow-on schedule check
[2024-02-26T22:07:52.252+0000] {taskinstance.py:1103} INFO - Dependencies all met for dep_context=non-requeueable deps ti=<TaskInstance: EnergyWarehouse.dim_annee scheduled__2024-02-25T00:00:00+00:00 [queued]>
[2024-02-26T22:07:52.287+0000] {taskinstance.py:1103} INFO - Dependencies all met for dep_context=requeueable deps ti=<TaskInstance: EnergyWarehouse.dim_annee scheduled__2024-02-25T00:00:00+00:00 [queued]>
[2024-02-26T22:07:52.293+0000] {taskinstance.py:1308} INFO - Starting attempt 1 of 2
[2024-02-26T22:07:52.369+0000] {taskinstance.py:1327} INFO - Executing <Task(PythonSensor): dim_annee> on 2024-02-25 00:00:00+00:00
[2024-02-26T22:07:52.383+0000] {standard_task_runner.py:57} INFO - Started process 4070 to run task
[2024-02-26T22:07:52.392+0000] {standard_task_runner.py:84} INFO - Running: ['***', 'tasks', 'run', 'EnergyWarehouse', 'dim_annee', 'scheduled__2024-02-25T00:00:00+00:00', '--job-id', '450', '--raw', '--subdir', 'DAGS_FOLDER/***-to-bigquery-dag/***_to_bigquerry_dag.py', '--cfg-path', '/tmp/tmpeiktdt0o']
[2024-02-26T22:07:52.400+0000] {standard_task_runner.py:85} INFO - Job 450: Subtask dim_annee
[2024-02-26T22:07:52.679+0000] {task_command.py:410} INFO - Running <TaskInstance: EnergyWarehouse.dim_annee scheduled__2024-02-25T00:00:00+00:00 [running]> on host 952b3f8a1a94
[2024-02-26T22:07:52.864+0000] {taskinstance.py:1547} INFO - Exporting env vars: AIRFLOW_CTX_DAG_OWNER='Mbaye SENE' AIRFLOW_CTX_DAG_ID='EnergyWarehouse' AIRFLOW_CTX_TASK_ID='dim_annee' AIRFLOW_CTX_EXECUTION_DATE='2024-02-25T00:00:00+00:00' AIRFLOW_CTX_TRY_NUMBER='1' AIRFLOW_CTX_DAG_RUN_ID='scheduled__2024-02-25T00:00:00+00:00'
[2024-02-26T22:07:52.888+0000] {python.py:72} INFO - Poking callable: <function _wait_for_csv at 0x7f471b432680>
[2024-02-26T22:07:52.926+0000] {taskinstance.py:1784} INFO - Rescheduling task, marking task as UP_FOR_RESCHEDULE
[2024-02-26T22:07:52.978+0000] {local_task_job_runner.py:225} INFO - Task exited with return code 0
[2024-02-26T22:07:53.036+0000] {taskinstance.py:2651} INFO - 0 downstream tasks scheduled from follow-on schedule check
[2024-02-26T22:08:24.876+0000] {taskinstance.py:1103} INFO - Dependencies all met for dep_context=non-requeueable deps ti=<TaskInstance: EnergyWarehouse.dim_annee scheduled__2024-02-25T00:00:00+00:00 [queued]>
[2024-02-26T22:08:24.901+0000] {taskinstance.py:1103} INFO - Dependencies all met for dep_context=requeueable deps ti=<TaskInstance: EnergyWarehouse.dim_annee scheduled__2024-02-25T00:00:00+00:00 [queued]>
[2024-02-26T22:08:24.904+0000] {taskinstance.py:1308} INFO - Starting attempt 1 of 2
[2024-02-26T22:08:24.928+0000] {taskinstance.py:1327} INFO - Executing <Task(PythonSensor): dim_annee> on 2024-02-25 00:00:00+00:00
[2024-02-26T22:08:24.941+0000] {standard_task_runner.py:57} INFO - Started process 4087 to run task
[2024-02-26T22:08:24.948+0000] {standard_task_runner.py:84} INFO - Running: ['***', 'tasks', 'run', 'EnergyWarehouse', 'dim_annee', 'scheduled__2024-02-25T00:00:00+00:00', '--job-id', '453', '--raw', '--subdir', 'DAGS_FOLDER/***-to-bigquery-dag/***_to_bigquerry_dag.py', '--cfg-path', '/tmp/tmpbfaihbid']
[2024-02-26T22:08:24.964+0000] {standard_task_runner.py:85} INFO - Job 453: Subtask dim_annee
[2024-02-26T22:08:25.051+0000] {task_command.py:410} INFO - Running <TaskInstance: EnergyWarehouse.dim_annee scheduled__2024-02-25T00:00:00+00:00 [running]> on host 952b3f8a1a94
[2024-02-26T22:08:25.217+0000] {taskinstance.py:1547} INFO - Exporting env vars: AIRFLOW_CTX_DAG_OWNER='Mbaye SENE' AIRFLOW_CTX_DAG_ID='EnergyWarehouse' AIRFLOW_CTX_TASK_ID='dim_annee' AIRFLOW_CTX_EXECUTION_DATE='2024-02-25T00:00:00+00:00' AIRFLOW_CTX_TRY_NUMBER='1' AIRFLOW_CTX_DAG_RUN_ID='scheduled__2024-02-25T00:00:00+00:00'
[2024-02-26T22:08:25.240+0000] {python.py:72} INFO - Poking callable: <function _wait_for_csv at 0x7f471b431680>
[2024-02-26T22:08:25.278+0000] {taskinstance.py:1784} INFO - Rescheduling task, marking task as UP_FOR_RESCHEDULE
[2024-02-26T22:08:25.305+0000] {local_task_job_runner.py:225} INFO - Task exited with return code 0
[2024-02-26T22:08:25.337+0000] {taskinstance.py:2651} INFO - 0 downstream tasks scheduled from follow-on schedule check
[2024-02-26T22:08:57.103+0000] {taskinstance.py:1103} INFO - Dependencies all met for dep_context=non-requeueable deps ti=<TaskInstance: EnergyWarehouse.dim_annee scheduled__2024-02-25T00:00:00+00:00 [queued]>
[2024-02-26T22:08:57.123+0000] {taskinstance.py:1103} INFO - Dependencies all met for dep_context=requeueable deps ti=<TaskInstance: EnergyWarehouse.dim_annee scheduled__2024-02-25T00:00:00+00:00 [queued]>
[2024-02-26T22:08:57.125+0000] {taskinstance.py:1308} INFO - Starting attempt 1 of 2
[2024-02-26T22:08:57.149+0000] {taskinstance.py:1327} INFO - Executing <Task(PythonSensor): dim_annee> on 2024-02-25 00:00:00+00:00
[2024-02-26T22:08:57.159+0000] {standard_task_runner.py:57} INFO - Started process 4105 to run task
[2024-02-26T22:08:57.165+0000] {standard_task_runner.py:84} INFO - Running: ['***', 'tasks', 'run', 'EnergyWarehouse', 'dim_annee', 'scheduled__2024-02-25T00:00:00+00:00', '--job-id', '456', '--raw', '--subdir', 'DAGS_FOLDER/***-to-bigquery-dag/***_to_bigquerry_dag.py', '--cfg-path', '/tmp/tmpi1et4bv9']
[2024-02-26T22:08:57.169+0000] {standard_task_runner.py:85} INFO - Job 456: Subtask dim_annee
[2024-02-26T22:08:57.241+0000] {task_command.py:410} INFO - Running <TaskInstance: EnergyWarehouse.dim_annee scheduled__2024-02-25T00:00:00+00:00 [running]> on host 952b3f8a1a94
[2024-02-26T22:08:57.357+0000] {taskinstance.py:1547} INFO - Exporting env vars: AIRFLOW_CTX_DAG_OWNER='Mbaye SENE' AIRFLOW_CTX_DAG_ID='EnergyWarehouse' AIRFLOW_CTX_TASK_ID='dim_annee' AIRFLOW_CTX_EXECUTION_DATE='2024-02-25T00:00:00+00:00' AIRFLOW_CTX_TRY_NUMBER='1' AIRFLOW_CTX_DAG_RUN_ID='scheduled__2024-02-25T00:00:00+00:00'
[2024-02-26T22:08:57.377+0000] {python.py:72} INFO - Poking callable: <function _wait_for_csv at 0x7f471b431680>
[2024-02-26T22:08:57.414+0000] {taskinstance.py:1784} INFO - Rescheduling task, marking task as UP_FOR_RESCHEDULE
[2024-02-26T22:08:57.462+0000] {local_task_job_runner.py:225} INFO - Task exited with return code 0
[2024-02-26T22:08:57.495+0000] {taskinstance.py:2651} INFO - 0 downstream tasks scheduled from follow-on schedule check
[2024-02-26T22:09:29.182+0000] {taskinstance.py:1103} INFO - Dependencies all met for dep_context=non-requeueable deps ti=<TaskInstance: EnergyWarehouse.dim_annee scheduled__2024-02-25T00:00:00+00:00 [queued]>
[2024-02-26T22:09:29.203+0000] {taskinstance.py:1103} INFO - Dependencies all met for dep_context=requeueable deps ti=<TaskInstance: EnergyWarehouse.dim_annee scheduled__2024-02-25T00:00:00+00:00 [queued]>
[2024-02-26T22:09:29.205+0000] {taskinstance.py:1308} INFO - Starting attempt 1 of 2
[2024-02-26T22:09:29.227+0000] {taskinstance.py:1327} INFO - Executing <Task(PythonSensor): dim_annee> on 2024-02-25 00:00:00+00:00
[2024-02-26T22:09:29.240+0000] {standard_task_runner.py:57} INFO - Started process 4123 to run task
[2024-02-26T22:09:29.253+0000] {standard_task_runner.py:84} INFO - Running: ['***', 'tasks', 'run', 'EnergyWarehouse', 'dim_annee', 'scheduled__2024-02-25T00:00:00+00:00', '--job-id', '459', '--raw', '--subdir', 'DAGS_FOLDER/***-to-bigquery-dag/***_to_bigquerry_dag.py', '--cfg-path', '/tmp/tmp7na6is7y']
[2024-02-26T22:09:29.264+0000] {standard_task_runner.py:85} INFO - Job 459: Subtask dim_annee
[2024-02-26T22:09:29.500+0000] {task_command.py:410} INFO - Running <TaskInstance: EnergyWarehouse.dim_annee scheduled__2024-02-25T00:00:00+00:00 [running]> on host 952b3f8a1a94
[2024-02-26T22:09:29.663+0000] {taskinstance.py:1547} INFO - Exporting env vars: AIRFLOW_CTX_DAG_OWNER='Mbaye SENE' AIRFLOW_CTX_DAG_ID='EnergyWarehouse' AIRFLOW_CTX_TASK_ID='dim_annee' AIRFLOW_CTX_EXECUTION_DATE='2024-02-25T00:00:00+00:00' AIRFLOW_CTX_TRY_NUMBER='1' AIRFLOW_CTX_DAG_RUN_ID='scheduled__2024-02-25T00:00:00+00:00'
[2024-02-26T22:09:29.683+0000] {python.py:72} INFO - Poking callable: <function _wait_for_csv at 0x7f471b4315f0>
[2024-02-26T22:09:29.715+0000] {taskinstance.py:1784} INFO - Rescheduling task, marking task as UP_FOR_RESCHEDULE
[2024-02-26T22:09:29.755+0000] {local_task_job_runner.py:225} INFO - Task exited with return code 0
[2024-02-26T22:09:29.788+0000] {taskinstance.py:2651} INFO - 0 downstream tasks scheduled from follow-on schedule check
[2024-02-26T22:10:00.994+0000] {taskinstance.py:1103} INFO - Dependencies all met for dep_context=non-requeueable deps ti=<TaskInstance: EnergyWarehouse.dim_annee scheduled__2024-02-25T00:00:00+00:00 [queued]>
[2024-02-26T22:10:01.012+0000] {taskinstance.py:1103} INFO - Dependencies all met for dep_context=requeueable deps ti=<TaskInstance: EnergyWarehouse.dim_annee scheduled__2024-02-25T00:00:00+00:00 [queued]>
[2024-02-26T22:10:01.014+0000] {taskinstance.py:1308} INFO - Starting attempt 1 of 2
[2024-02-26T22:10:01.034+0000] {taskinstance.py:1327} INFO - Executing <Task(PythonSensor): dim_annee> on 2024-02-25 00:00:00+00:00
[2024-02-26T22:10:01.047+0000] {standard_task_runner.py:57} INFO - Started process 4140 to run task
[2024-02-26T22:10:01.053+0000] {standard_task_runner.py:84} INFO - Running: ['***', 'tasks', 'run', 'EnergyWarehouse', 'dim_annee', 'scheduled__2024-02-25T00:00:00+00:00', '--job-id', '462', '--raw', '--subdir', 'DAGS_FOLDER/***-to-bigquery-dag/***_to_bigquerry_dag.py', '--cfg-path', '/tmp/tmphmq1i2e3']
[2024-02-26T22:10:01.058+0000] {standard_task_runner.py:85} INFO - Job 462: Subtask dim_annee
[2024-02-26T22:10:01.127+0000] {task_command.py:410} INFO - Running <TaskInstance: EnergyWarehouse.dim_annee scheduled__2024-02-25T00:00:00+00:00 [running]> on host 952b3f8a1a94
[2024-02-26T22:10:01.227+0000] {taskinstance.py:1547} INFO - Exporting env vars: AIRFLOW_CTX_DAG_OWNER='Mbaye SENE' AIRFLOW_CTX_DAG_ID='EnergyWarehouse' AIRFLOW_CTX_TASK_ID='dim_annee' AIRFLOW_CTX_EXECUTION_DATE='2024-02-25T00:00:00+00:00' AIRFLOW_CTX_TRY_NUMBER='1' AIRFLOW_CTX_DAG_RUN_ID='scheduled__2024-02-25T00:00:00+00:00'
[2024-02-26T22:10:01.243+0000] {python.py:72} INFO - Poking callable: <function _wait_for_csv at 0x7f471b432560>
[2024-02-26T22:10:01.270+0000] {taskinstance.py:1784} INFO - Rescheduling task, marking task as UP_FOR_RESCHEDULE
[2024-02-26T22:10:01.307+0000] {local_task_job_runner.py:225} INFO - Task exited with return code 0
[2024-02-26T22:10:01.334+0000] {taskinstance.py:2651} INFO - 0 downstream tasks scheduled from follow-on schedule check
[2024-02-26T22:10:34.046+0000] {taskinstance.py:1103} INFO - Dependencies all met for dep_context=non-requeueable deps ti=<TaskInstance: EnergyWarehouse.dim_annee scheduled__2024-02-25T00:00:00+00:00 [queued]>
[2024-02-26T22:10:34.068+0000] {taskinstance.py:1103} INFO - Dependencies all met for dep_context=requeueable deps ti=<TaskInstance: EnergyWarehouse.dim_annee scheduled__2024-02-25T00:00:00+00:00 [queued]>
[2024-02-26T22:10:34.070+0000] {taskinstance.py:1308} INFO - Starting attempt 1 of 2
[2024-02-26T22:10:34.090+0000] {taskinstance.py:1327} INFO - Executing <Task(PythonSensor): dim_annee> on 2024-02-25 00:00:00+00:00
[2024-02-26T22:10:34.102+0000] {standard_task_runner.py:57} INFO - Started process 4158 to run task
[2024-02-26T22:10:34.108+0000] {standard_task_runner.py:84} INFO - Running: ['***', 'tasks', 'run', 'EnergyWarehouse', 'dim_annee', 'scheduled__2024-02-25T00:00:00+00:00', '--job-id', '465', '--raw', '--subdir', 'DAGS_FOLDER/***-to-bigquery-dag/***_to_bigquerry_dag.py', '--cfg-path', '/tmp/tmpcai5pawd']
[2024-02-26T22:10:34.125+0000] {standard_task_runner.py:85} INFO - Job 465: Subtask dim_annee
[2024-02-26T22:10:34.240+0000] {task_command.py:410} INFO - Running <TaskInstance: EnergyWarehouse.dim_annee scheduled__2024-02-25T00:00:00+00:00 [running]> on host 952b3f8a1a94
[2024-02-26T22:10:34.377+0000] {taskinstance.py:1547} INFO - Exporting env vars: AIRFLOW_CTX_DAG_OWNER='Mbaye SENE' AIRFLOW_CTX_DAG_ID='EnergyWarehouse' AIRFLOW_CTX_TASK_ID='dim_annee' AIRFLOW_CTX_EXECUTION_DATE='2024-02-25T00:00:00+00:00' AIRFLOW_CTX_TRY_NUMBER='1' AIRFLOW_CTX_DAG_RUN_ID='scheduled__2024-02-25T00:00:00+00:00'
[2024-02-26T22:10:34.398+0000] {python.py:72} INFO - Poking callable: <function _wait_for_csv at 0x7f471b432560>
[2024-02-26T22:10:34.430+0000] {taskinstance.py:1784} INFO - Rescheduling task, marking task as UP_FOR_RESCHEDULE
[2024-02-26T22:10:34.489+0000] {local_task_job_runner.py:225} INFO - Task exited with return code 0
[2024-02-26T22:10:34.517+0000] {taskinstance.py:2651} INFO - 0 downstream tasks scheduled from follow-on schedule check
[2024-02-26T22:11:06.660+0000] {taskinstance.py:1103} INFO - Dependencies all met for dep_context=non-requeueable deps ti=<TaskInstance: EnergyWarehouse.dim_annee scheduled__2024-02-25T00:00:00+00:00 [queued]>
[2024-02-26T22:11:06.680+0000] {taskinstance.py:1103} INFO - Dependencies all met for dep_context=requeueable deps ti=<TaskInstance: EnergyWarehouse.dim_annee scheduled__2024-02-25T00:00:00+00:00 [queued]>
[2024-02-26T22:11:06.682+0000] {taskinstance.py:1308} INFO - Starting attempt 1 of 2
[2024-02-26T22:11:06.706+0000] {taskinstance.py:1327} INFO - Executing <Task(PythonSensor): dim_annee> on 2024-02-25 00:00:00+00:00
[2024-02-26T22:11:06.716+0000] {standard_task_runner.py:57} INFO - Started process 4176 to run task
[2024-02-26T22:11:06.723+0000] {standard_task_runner.py:84} INFO - Running: ['***', 'tasks', 'run', 'EnergyWarehouse', 'dim_annee', 'scheduled__2024-02-25T00:00:00+00:00', '--job-id', '468', '--raw', '--subdir', 'DAGS_FOLDER/***-to-bigquery-dag/***_to_bigquerry_dag.py', '--cfg-path', '/tmp/tmpou4t93v6']
[2024-02-26T22:11:06.728+0000] {standard_task_runner.py:85} INFO - Job 468: Subtask dim_annee
[2024-02-26T22:11:06.799+0000] {task_command.py:410} INFO - Running <TaskInstance: EnergyWarehouse.dim_annee scheduled__2024-02-25T00:00:00+00:00 [running]> on host 952b3f8a1a94
[2024-02-26T22:11:06.915+0000] {taskinstance.py:1547} INFO - Exporting env vars: AIRFLOW_CTX_DAG_OWNER='Mbaye SENE' AIRFLOW_CTX_DAG_ID='EnergyWarehouse' AIRFLOW_CTX_TASK_ID='dim_annee' AIRFLOW_CTX_EXECUTION_DATE='2024-02-25T00:00:00+00:00' AIRFLOW_CTX_TRY_NUMBER='1' AIRFLOW_CTX_DAG_RUN_ID='scheduled__2024-02-25T00:00:00+00:00'
[2024-02-26T22:11:06.934+0000] {python.py:72} INFO - Poking callable: <function _wait_for_csv at 0x7f471b432560>
[2024-02-26T22:11:06.961+0000] {taskinstance.py:1784} INFO - Rescheduling task, marking task as UP_FOR_RESCHEDULE
[2024-02-26T22:11:07.017+0000] {local_task_job_runner.py:225} INFO - Task exited with return code 0
[2024-02-26T22:11:07.057+0000] {taskinstance.py:2651} INFO - 0 downstream tasks scheduled from follow-on schedule check
[2024-02-26T22:11:38.589+0000] {taskinstance.py:1103} INFO - Dependencies all met for dep_context=non-requeueable deps ti=<TaskInstance: EnergyWarehouse.dim_annee scheduled__2024-02-25T00:00:00+00:00 [queued]>
[2024-02-26T22:11:38.608+0000] {taskinstance.py:1103} INFO - Dependencies all met for dep_context=requeueable deps ti=<TaskInstance: EnergyWarehouse.dim_annee scheduled__2024-02-25T00:00:00+00:00 [queued]>
[2024-02-26T22:11:38.609+0000] {taskinstance.py:1308} INFO - Starting attempt 1 of 2
[2024-02-26T22:11:38.630+0000] {taskinstance.py:1327} INFO - Executing <Task(PythonSensor): dim_annee> on 2024-02-25 00:00:00+00:00
[2024-02-26T22:11:38.639+0000] {standard_task_runner.py:57} INFO - Started process 4194 to run task
[2024-02-26T22:11:38.645+0000] {standard_task_runner.py:84} INFO - Running: ['***', 'tasks', 'run', 'EnergyWarehouse', 'dim_annee', 'scheduled__2024-02-25T00:00:00+00:00', '--job-id', '471', '--raw', '--subdir', 'DAGS_FOLDER/***-to-bigquery-dag/***_to_bigquerry_dag.py', '--cfg-path', '/tmp/tmpnbupwdy6']
[2024-02-26T22:11:38.650+0000] {standard_task_runner.py:85} INFO - Job 471: Subtask dim_annee
[2024-02-26T22:11:38.731+0000] {task_command.py:410} INFO - Running <TaskInstance: EnergyWarehouse.dim_annee scheduled__2024-02-25T00:00:00+00:00 [running]> on host 952b3f8a1a94
[2024-02-26T22:11:38.872+0000] {taskinstance.py:1547} INFO - Exporting env vars: AIRFLOW_CTX_DAG_OWNER='Mbaye SENE' AIRFLOW_CTX_DAG_ID='EnergyWarehouse' AIRFLOW_CTX_TASK_ID='dim_annee' AIRFLOW_CTX_EXECUTION_DATE='2024-02-25T00:00:00+00:00' AIRFLOW_CTX_TRY_NUMBER='1' AIRFLOW_CTX_DAG_RUN_ID='scheduled__2024-02-25T00:00:00+00:00'
[2024-02-26T22:11:38.927+0000] {python.py:72} INFO - Poking callable: <function _wait_for_csv at 0x7f471b432560>
[2024-02-26T22:11:38.986+0000] {taskinstance.py:1784} INFO - Rescheduling task, marking task as UP_FOR_RESCHEDULE
[2024-02-26T22:11:39.024+0000] {local_task_job_runner.py:225} INFO - Task exited with return code 0
[2024-02-26T22:11:39.091+0000] {taskinstance.py:2651} INFO - 0 downstream tasks scheduled from follow-on schedule check
[2024-02-26T22:12:10.648+0000] {taskinstance.py:1103} INFO - Dependencies all met for dep_context=non-requeueable deps ti=<TaskInstance: EnergyWarehouse.dim_annee scheduled__2024-02-25T00:00:00+00:00 [queued]>
[2024-02-26T22:12:10.665+0000] {taskinstance.py:1103} INFO - Dependencies all met for dep_context=requeueable deps ti=<TaskInstance: EnergyWarehouse.dim_annee scheduled__2024-02-25T00:00:00+00:00 [queued]>
[2024-02-26T22:12:10.667+0000] {taskinstance.py:1308} INFO - Starting attempt 1 of 2
[2024-02-26T22:12:10.686+0000] {taskinstance.py:1327} INFO - Executing <Task(PythonSensor): dim_annee> on 2024-02-25 00:00:00+00:00
[2024-02-26T22:12:10.697+0000] {standard_task_runner.py:57} INFO - Started process 4212 to run task
[2024-02-26T22:12:10.704+0000] {standard_task_runner.py:84} INFO - Running: ['***', 'tasks', 'run', 'EnergyWarehouse', 'dim_annee', 'scheduled__2024-02-25T00:00:00+00:00', '--job-id', '474', '--raw', '--subdir', 'DAGS_FOLDER/***-to-bigquery-dag/***_to_bigquerry_dag.py', '--cfg-path', '/tmp/tmpo5bf95q6']
[2024-02-26T22:12:10.708+0000] {standard_task_runner.py:85} INFO - Job 474: Subtask dim_annee
[2024-02-26T22:12:10.781+0000] {task_command.py:410} INFO - Running <TaskInstance: EnergyWarehouse.dim_annee scheduled__2024-02-25T00:00:00+00:00 [running]> on host 952b3f8a1a94
[2024-02-26T22:12:10.882+0000] {taskinstance.py:1547} INFO - Exporting env vars: AIRFLOW_CTX_DAG_OWNER='Mbaye SENE' AIRFLOW_CTX_DAG_ID='EnergyWarehouse' AIRFLOW_CTX_TASK_ID='dim_annee' AIRFLOW_CTX_EXECUTION_DATE='2024-02-25T00:00:00+00:00' AIRFLOW_CTX_TRY_NUMBER='1' AIRFLOW_CTX_DAG_RUN_ID='scheduled__2024-02-25T00:00:00+00:00'
[2024-02-26T22:12:10.898+0000] {python.py:72} INFO - Poking callable: <function _wait_for_csv at 0x7f471b4315f0>
[2024-02-26T22:12:10.926+0000] {taskinstance.py:1784} INFO - Rescheduling task, marking task as UP_FOR_RESCHEDULE
[2024-02-26T22:12:10.957+0000] {local_task_job_runner.py:225} INFO - Task exited with return code 0
[2024-02-26T22:12:10.985+0000] {taskinstance.py:2651} INFO - 0 downstream tasks scheduled from follow-on schedule check
[2024-02-26T22:12:42.473+0000] {taskinstance.py:1103} INFO - Dependencies all met for dep_context=non-requeueable deps ti=<TaskInstance: EnergyWarehouse.dim_annee scheduled__2024-02-25T00:00:00+00:00 [queued]>
[2024-02-26T22:12:42.496+0000] {taskinstance.py:1103} INFO - Dependencies all met for dep_context=requeueable deps ti=<TaskInstance: EnergyWarehouse.dim_annee scheduled__2024-02-25T00:00:00+00:00 [queued]>
[2024-02-26T22:12:42.498+0000] {taskinstance.py:1308} INFO - Starting attempt 1 of 2
[2024-02-26T22:12:42.526+0000] {taskinstance.py:1327} INFO - Executing <Task(PythonSensor): dim_annee> on 2024-02-25 00:00:00+00:00
[2024-02-26T22:12:42.539+0000] {standard_task_runner.py:57} INFO - Started process 4229 to run task
[2024-02-26T22:12:42.548+0000] {standard_task_runner.py:84} INFO - Running: ['***', 'tasks', 'run', 'EnergyWarehouse', 'dim_annee', 'scheduled__2024-02-25T00:00:00+00:00', '--job-id', '477', '--raw', '--subdir', 'DAGS_FOLDER/***-to-bigquery-dag/***_to_bigquerry_dag.py', '--cfg-path', '/tmp/tmp3x3veza1']
[2024-02-26T22:12:42.555+0000] {standard_task_runner.py:85} INFO - Job 477: Subtask dim_annee
[2024-02-26T22:12:42.655+0000] {task_command.py:410} INFO - Running <TaskInstance: EnergyWarehouse.dim_annee scheduled__2024-02-25T00:00:00+00:00 [running]> on host 952b3f8a1a94
[2024-02-26T22:12:42.760+0000] {taskinstance.py:1547} INFO - Exporting env vars: AIRFLOW_CTX_DAG_OWNER='Mbaye SENE' AIRFLOW_CTX_DAG_ID='EnergyWarehouse' AIRFLOW_CTX_TASK_ID='dim_annee' AIRFLOW_CTX_EXECUTION_DATE='2024-02-25T00:00:00+00:00' AIRFLOW_CTX_TRY_NUMBER='1' AIRFLOW_CTX_DAG_RUN_ID='scheduled__2024-02-25T00:00:00+00:00'
[2024-02-26T22:12:42.779+0000] {python.py:72} INFO - Poking callable: <function _wait_for_csv at 0x7f471b432560>
[2024-02-26T22:12:42.810+0000] {taskinstance.py:1784} INFO - Rescheduling task, marking task as UP_FOR_RESCHEDULE
[2024-02-26T22:12:42.845+0000] {local_task_job_runner.py:225} INFO - Task exited with return code 0
[2024-02-26T22:12:42.872+0000] {taskinstance.py:2651} INFO - 0 downstream tasks scheduled from follow-on schedule check
[2024-02-26T22:13:15.146+0000] {taskinstance.py:1103} INFO - Dependencies all met for dep_context=non-requeueable deps ti=<TaskInstance: EnergyWarehouse.dim_annee scheduled__2024-02-25T00:00:00+00:00 [queued]>
[2024-02-26T22:13:15.173+0000] {taskinstance.py:1103} INFO - Dependencies all met for dep_context=requeueable deps ti=<TaskInstance: EnergyWarehouse.dim_annee scheduled__2024-02-25T00:00:00+00:00 [queued]>
[2024-02-26T22:13:15.176+0000] {taskinstance.py:1308} INFO - Starting attempt 1 of 2
[2024-02-26T22:13:15.196+0000] {taskinstance.py:1327} INFO - Executing <Task(PythonSensor): dim_annee> on 2024-02-25 00:00:00+00:00
[2024-02-26T22:13:15.206+0000] {standard_task_runner.py:57} INFO - Started process 4247 to run task
[2024-02-26T22:13:15.213+0000] {standard_task_runner.py:84} INFO - Running: ['***', 'tasks', 'run', 'EnergyWarehouse', 'dim_annee', 'scheduled__2024-02-25T00:00:00+00:00', '--job-id', '480', '--raw', '--subdir', 'DAGS_FOLDER/***-to-bigquery-dag/***_to_bigquerry_dag.py', '--cfg-path', '/tmp/tmpndpric44']
[2024-02-26T22:13:15.217+0000] {standard_task_runner.py:85} INFO - Job 480: Subtask dim_annee
[2024-02-26T22:13:15.286+0000] {task_command.py:410} INFO - Running <TaskInstance: EnergyWarehouse.dim_annee scheduled__2024-02-25T00:00:00+00:00 [running]> on host 952b3f8a1a94
[2024-02-26T22:13:15.415+0000] {taskinstance.py:1547} INFO - Exporting env vars: AIRFLOW_CTX_DAG_OWNER='Mbaye SENE' AIRFLOW_CTX_DAG_ID='EnergyWarehouse' AIRFLOW_CTX_TASK_ID='dim_annee' AIRFLOW_CTX_EXECUTION_DATE='2024-02-25T00:00:00+00:00' AIRFLOW_CTX_TRY_NUMBER='1' AIRFLOW_CTX_DAG_RUN_ID='scheduled__2024-02-25T00:00:00+00:00'
[2024-02-26T22:13:15.434+0000] {python.py:72} INFO - Poking callable: <function _wait_for_csv at 0x7f471b432560>
[2024-02-26T22:13:15.463+0000] {taskinstance.py:1784} INFO - Rescheduling task, marking task as UP_FOR_RESCHEDULE
[2024-02-26T22:13:15.509+0000] {local_task_job_runner.py:225} INFO - Task exited with return code 0
[2024-02-26T22:13:15.544+0000] {taskinstance.py:2651} INFO - 0 downstream tasks scheduled from follow-on schedule check
[2024-02-26T22:13:54.897+0000] {taskinstance.py:1103} INFO - Dependencies all met for dep_context=non-requeueable deps ti=<TaskInstance: EnergyWarehouse.dim_annee scheduled__2024-02-25T00:00:00+00:00 [queued]>
[2024-02-26T22:13:54.963+0000] {taskinstance.py:1103} INFO - Dependencies all met for dep_context=requeueable deps ti=<TaskInstance: EnergyWarehouse.dim_annee scheduled__2024-02-25T00:00:00+00:00 [queued]>
[2024-02-26T22:13:54.967+0000] {taskinstance.py:1308} INFO - Starting attempt 1 of 2
[2024-02-26T22:13:55.000+0000] {taskinstance.py:1327} INFO - Executing <Task(PythonSensor): dim_annee> on 2024-02-25 00:00:00+00:00
[2024-02-26T22:13:55.015+0000] {standard_task_runner.py:57} INFO - Started process 4265 to run task
[2024-02-26T22:13:55.022+0000] {standard_task_runner.py:84} INFO - Running: ['***', 'tasks', 'run', 'EnergyWarehouse', 'dim_annee', 'scheduled__2024-02-25T00:00:00+00:00', '--job-id', '483', '--raw', '--subdir', 'DAGS_FOLDER/***-to-bigquery-dag/***_to_bigquerry_dag.py', '--cfg-path', '/tmp/tmp_hz46sj4']
[2024-02-26T22:13:55.029+0000] {standard_task_runner.py:85} INFO - Job 483: Subtask dim_annee
[2024-02-26T22:13:55.120+0000] {task_command.py:410} INFO - Running <TaskInstance: EnergyWarehouse.dim_annee scheduled__2024-02-25T00:00:00+00:00 [running]> on host 952b3f8a1a94
[2024-02-26T22:13:55.351+0000] {taskinstance.py:1547} INFO - Exporting env vars: AIRFLOW_CTX_DAG_OWNER='Mbaye SENE' AIRFLOW_CTX_DAG_ID='EnergyWarehouse' AIRFLOW_CTX_TASK_ID='dim_annee' AIRFLOW_CTX_EXECUTION_DATE='2024-02-25T00:00:00+00:00' AIRFLOW_CTX_TRY_NUMBER='1' AIRFLOW_CTX_DAG_RUN_ID='scheduled__2024-02-25T00:00:00+00:00'
[2024-02-26T22:13:55.469+0000] {python.py:72} INFO - Poking callable: <function _wait_for_csv at 0x7f471b4134d0>
[2024-02-26T22:13:55.510+0000] {taskinstance.py:1784} INFO - Rescheduling task, marking task as UP_FOR_RESCHEDULE
[2024-02-26T22:13:55.564+0000] {local_task_job_runner.py:225} INFO - Task exited with return code 0
[2024-02-26T22:13:55.738+0000] {taskinstance.py:2651} INFO - 0 downstream tasks scheduled from follow-on schedule check
[2024-02-26T22:14:27.157+0000] {taskinstance.py:1103} INFO - Dependencies all met for dep_context=non-requeueable deps ti=<TaskInstance: EnergyWarehouse.dim_annee scheduled__2024-02-25T00:00:00+00:00 [queued]>
[2024-02-26T22:14:27.180+0000] {taskinstance.py:1103} INFO - Dependencies all met for dep_context=requeueable deps ti=<TaskInstance: EnergyWarehouse.dim_annee scheduled__2024-02-25T00:00:00+00:00 [queued]>
[2024-02-26T22:14:27.182+0000] {taskinstance.py:1308} INFO - Starting attempt 1 of 2
[2024-02-26T22:14:27.206+0000] {taskinstance.py:1327} INFO - Executing <Task(PythonSensor): dim_annee> on 2024-02-25 00:00:00+00:00
[2024-02-26T22:14:27.218+0000] {standard_task_runner.py:57} INFO - Started process 4283 to run task
[2024-02-26T22:14:27.225+0000] {standard_task_runner.py:84} INFO - Running: ['***', 'tasks', 'run', 'EnergyWarehouse', 'dim_annee', 'scheduled__2024-02-25T00:00:00+00:00', '--job-id', '486', '--raw', '--subdir', 'DAGS_FOLDER/***-to-bigquery-dag/***_to_bigquerry_dag.py', '--cfg-path', '/tmp/tmprjbmqt8o']
[2024-02-26T22:14:27.230+0000] {standard_task_runner.py:85} INFO - Job 486: Subtask dim_annee
[2024-02-26T22:14:27.302+0000] {task_command.py:410} INFO - Running <TaskInstance: EnergyWarehouse.dim_annee scheduled__2024-02-25T00:00:00+00:00 [running]> on host 952b3f8a1a94
[2024-02-26T22:14:27.448+0000] {taskinstance.py:1547} INFO - Exporting env vars: AIRFLOW_CTX_DAG_OWNER='Mbaye SENE' AIRFLOW_CTX_DAG_ID='EnergyWarehouse' AIRFLOW_CTX_TASK_ID='dim_annee' AIRFLOW_CTX_EXECUTION_DATE='2024-02-25T00:00:00+00:00' AIRFLOW_CTX_TRY_NUMBER='1' AIRFLOW_CTX_DAG_RUN_ID='scheduled__2024-02-25T00:00:00+00:00'
[2024-02-26T22:14:27.466+0000] {python.py:72} INFO - Poking callable: <function _wait_for_csv at 0x7f471b432560>
[2024-02-26T22:14:27.494+0000] {taskinstance.py:1784} INFO - Rescheduling task, marking task as UP_FOR_RESCHEDULE
[2024-02-26T22:14:27.519+0000] {local_task_job_runner.py:225} INFO - Task exited with return code 0
[2024-02-26T22:14:27.547+0000] {taskinstance.py:2651} INFO - 0 downstream tasks scheduled from follow-on schedule check
[2024-02-26T22:14:59.820+0000] {taskinstance.py:1103} INFO - Dependencies all met for dep_context=non-requeueable deps ti=<TaskInstance: EnergyWarehouse.dim_annee scheduled__2024-02-25T00:00:00+00:00 [queued]>
[2024-02-26T22:14:59.843+0000] {taskinstance.py:1103} INFO - Dependencies all met for dep_context=requeueable deps ti=<TaskInstance: EnergyWarehouse.dim_annee scheduled__2024-02-25T00:00:00+00:00 [queued]>
[2024-02-26T22:14:59.845+0000] {taskinstance.py:1308} INFO - Starting attempt 1 of 2
[2024-02-26T22:14:59.868+0000] {taskinstance.py:1327} INFO - Executing <Task(PythonSensor): dim_annee> on 2024-02-25 00:00:00+00:00
[2024-02-26T22:14:59.879+0000] {standard_task_runner.py:57} INFO - Started process 4301 to run task
[2024-02-26T22:14:59.885+0000] {standard_task_runner.py:84} INFO - Running: ['***', 'tasks', 'run', 'EnergyWarehouse', 'dim_annee', 'scheduled__2024-02-25T00:00:00+00:00', '--job-id', '489', '--raw', '--subdir', 'DAGS_FOLDER/***-to-bigquery-dag/***_to_bigquerry_dag.py', '--cfg-path', '/tmp/tmpe8psdvmg']
[2024-02-26T22:14:59.892+0000] {standard_task_runner.py:85} INFO - Job 489: Subtask dim_annee
[2024-02-26T22:14:59.981+0000] {task_command.py:410} INFO - Running <TaskInstance: EnergyWarehouse.dim_annee scheduled__2024-02-25T00:00:00+00:00 [running]> on host 952b3f8a1a94
[2024-02-26T22:15:00.120+0000] {taskinstance.py:1547} INFO - Exporting env vars: AIRFLOW_CTX_DAG_OWNER='Mbaye SENE' AIRFLOW_CTX_DAG_ID='EnergyWarehouse' AIRFLOW_CTX_TASK_ID='dim_annee' AIRFLOW_CTX_EXECUTION_DATE='2024-02-25T00:00:00+00:00' AIRFLOW_CTX_TRY_NUMBER='1' AIRFLOW_CTX_DAG_RUN_ID='scheduled__2024-02-25T00:00:00+00:00'
[2024-02-26T22:15:00.138+0000] {python.py:72} INFO - Poking callable: <function _wait_for_csv at 0x7f471b432560>
[2024-02-26T22:15:00.167+0000] {taskinstance.py:1784} INFO - Rescheduling task, marking task as UP_FOR_RESCHEDULE
[2024-02-26T22:15:00.226+0000] {local_task_job_runner.py:225} INFO - Task exited with return code 0
[2024-02-26T22:15:00.265+0000] {taskinstance.py:2651} INFO - 0 downstream tasks scheduled from follow-on schedule check
[2024-02-26T22:15:32.174+0000] {taskinstance.py:1103} INFO - Dependencies all met for dep_context=non-requeueable deps ti=<TaskInstance: EnergyWarehouse.dim_annee scheduled__2024-02-25T00:00:00+00:00 [queued]>
[2024-02-26T22:15:32.196+0000] {taskinstance.py:1103} INFO - Dependencies all met for dep_context=requeueable deps ti=<TaskInstance: EnergyWarehouse.dim_annee scheduled__2024-02-25T00:00:00+00:00 [queued]>
[2024-02-26T22:15:32.198+0000] {taskinstance.py:1308} INFO - Starting attempt 1 of 2
[2024-02-26T22:15:32.220+0000] {taskinstance.py:1327} INFO - Executing <Task(PythonSensor): dim_annee> on 2024-02-25 00:00:00+00:00
[2024-02-26T22:15:32.232+0000] {standard_task_runner.py:57} INFO - Started process 4319 to run task
[2024-02-26T22:15:32.239+0000] {standard_task_runner.py:84} INFO - Running: ['***', 'tasks', 'run', 'EnergyWarehouse', 'dim_annee', 'scheduled__2024-02-25T00:00:00+00:00', '--job-id', '492', '--raw', '--subdir', 'DAGS_FOLDER/***-to-bigquery-dag/***_to_bigquerry_dag.py', '--cfg-path', '/tmp/tmp7eiu9fdg']
[2024-02-26T22:15:32.243+0000] {standard_task_runner.py:85} INFO - Job 492: Subtask dim_annee
[2024-02-26T22:15:32.314+0000] {task_command.py:410} INFO - Running <TaskInstance: EnergyWarehouse.dim_annee scheduled__2024-02-25T00:00:00+00:00 [running]> on host 952b3f8a1a94
[2024-02-26T22:15:32.415+0000] {taskinstance.py:1547} INFO - Exporting env vars: AIRFLOW_CTX_DAG_OWNER='Mbaye SENE' AIRFLOW_CTX_DAG_ID='EnergyWarehouse' AIRFLOW_CTX_TASK_ID='dim_annee' AIRFLOW_CTX_EXECUTION_DATE='2024-02-25T00:00:00+00:00' AIRFLOW_CTX_TRY_NUMBER='1' AIRFLOW_CTX_DAG_RUN_ID='scheduled__2024-02-25T00:00:00+00:00'
[2024-02-26T22:15:32.432+0000] {python.py:72} INFO - Poking callable: <function _wait_for_csv at 0x7f471b432560>
[2024-02-26T22:15:32.459+0000] {taskinstance.py:1784} INFO - Rescheduling task, marking task as UP_FOR_RESCHEDULE
[2024-02-26T22:15:32.492+0000] {local_task_job_runner.py:225} INFO - Task exited with return code 0
[2024-02-26T22:15:32.518+0000] {taskinstance.py:2651} INFO - 0 downstream tasks scheduled from follow-on schedule check
[2024-02-26T22:16:04.265+0000] {taskinstance.py:1103} INFO - Dependencies all met for dep_context=non-requeueable deps ti=<TaskInstance: EnergyWarehouse.dim_annee scheduled__2024-02-25T00:00:00+00:00 [queued]>
[2024-02-26T22:16:04.286+0000] {taskinstance.py:1103} INFO - Dependencies all met for dep_context=requeueable deps ti=<TaskInstance: EnergyWarehouse.dim_annee scheduled__2024-02-25T00:00:00+00:00 [queued]>
[2024-02-26T22:16:04.288+0000] {taskinstance.py:1308} INFO - Starting attempt 1 of 2
[2024-02-26T22:16:04.310+0000] {taskinstance.py:1327} INFO - Executing <Task(PythonSensor): dim_annee> on 2024-02-25 00:00:00+00:00
[2024-02-26T22:16:04.321+0000] {standard_task_runner.py:57} INFO - Started process 4336 to run task
[2024-02-26T22:16:04.328+0000] {standard_task_runner.py:84} INFO - Running: ['***', 'tasks', 'run', 'EnergyWarehouse', 'dim_annee', 'scheduled__2024-02-25T00:00:00+00:00', '--job-id', '495', '--raw', '--subdir', 'DAGS_FOLDER/***-to-bigquery-dag/***_to_bigquerry_dag.py', '--cfg-path', '/tmp/tmp3w_ltxu4']
[2024-02-26T22:16:04.334+0000] {standard_task_runner.py:85} INFO - Job 495: Subtask dim_annee
[2024-02-26T22:16:04.466+0000] {task_command.py:410} INFO - Running <TaskInstance: EnergyWarehouse.dim_annee scheduled__2024-02-25T00:00:00+00:00 [running]> on host 952b3f8a1a94
[2024-02-26T22:16:04.708+0000] {taskinstance.py:1547} INFO - Exporting env vars: AIRFLOW_CTX_DAG_OWNER='Mbaye SENE' AIRFLOW_CTX_DAG_ID='EnergyWarehouse' AIRFLOW_CTX_TASK_ID='dim_annee' AIRFLOW_CTX_EXECUTION_DATE='2024-02-25T00:00:00+00:00' AIRFLOW_CTX_TRY_NUMBER='1' AIRFLOW_CTX_DAG_RUN_ID='scheduled__2024-02-25T00:00:00+00:00'
[2024-02-26T22:16:04.757+0000] {python.py:72} INFO - Poking callable: <function _wait_for_csv at 0x7f471b432560>
[2024-02-26T22:16:04.874+0000] {taskinstance.py:1784} INFO - Rescheduling task, marking task as UP_FOR_RESCHEDULE
[2024-02-26T22:16:04.975+0000] {local_task_job_runner.py:225} INFO - Task exited with return code 0
[2024-02-26T22:16:05.181+0000] {taskinstance.py:2651} INFO - 0 downstream tasks scheduled from follow-on schedule check
[2024-02-26T22:16:36.667+0000] {taskinstance.py:1103} INFO - Dependencies all met for dep_context=non-requeueable deps ti=<TaskInstance: EnergyWarehouse.dim_annee scheduled__2024-02-25T00:00:00+00:00 [queued]>
[2024-02-26T22:16:36.688+0000] {taskinstance.py:1103} INFO - Dependencies all met for dep_context=requeueable deps ti=<TaskInstance: EnergyWarehouse.dim_annee scheduled__2024-02-25T00:00:00+00:00 [queued]>
[2024-02-26T22:16:36.691+0000] {taskinstance.py:1308} INFO - Starting attempt 1 of 2
[2024-02-26T22:16:36.714+0000] {taskinstance.py:1327} INFO - Executing <Task(PythonSensor): dim_annee> on 2024-02-25 00:00:00+00:00
[2024-02-26T22:16:36.726+0000] {standard_task_runner.py:57} INFO - Started process 4354 to run task
[2024-02-26T22:16:36.734+0000] {standard_task_runner.py:84} INFO - Running: ['***', 'tasks', 'run', 'EnergyWarehouse', 'dim_annee', 'scheduled__2024-02-25T00:00:00+00:00', '--job-id', '498', '--raw', '--subdir', 'DAGS_FOLDER/***-to-bigquery-dag/***_to_bigquerry_dag.py', '--cfg-path', '/tmp/tmp7hfeh21f']
[2024-02-26T22:16:36.739+0000] {standard_task_runner.py:85} INFO - Job 498: Subtask dim_annee
[2024-02-26T22:16:36.840+0000] {task_command.py:410} INFO - Running <TaskInstance: EnergyWarehouse.dim_annee scheduled__2024-02-25T00:00:00+00:00 [running]> on host 952b3f8a1a94
[2024-02-26T22:16:36.952+0000] {taskinstance.py:1547} INFO - Exporting env vars: AIRFLOW_CTX_DAG_OWNER='Mbaye SENE' AIRFLOW_CTX_DAG_ID='EnergyWarehouse' AIRFLOW_CTX_TASK_ID='dim_annee' AIRFLOW_CTX_EXECUTION_DATE='2024-02-25T00:00:00+00:00' AIRFLOW_CTX_TRY_NUMBER='1' AIRFLOW_CTX_DAG_RUN_ID='scheduled__2024-02-25T00:00:00+00:00'
[2024-02-26T22:16:36.974+0000] {python.py:72} INFO - Poking callable: <function _wait_for_csv at 0x7f471b432560>
[2024-02-26T22:16:37.005+0000] {taskinstance.py:1784} INFO - Rescheduling task, marking task as UP_FOR_RESCHEDULE
[2024-02-26T22:16:37.030+0000] {local_task_job_runner.py:225} INFO - Task exited with return code 0
[2024-02-26T22:16:37.068+0000] {taskinstance.py:2651} INFO - 0 downstream tasks scheduled from follow-on schedule check
[2024-02-26T22:17:09.109+0000] {taskinstance.py:1103} INFO - Dependencies all met for dep_context=non-requeueable deps ti=<TaskInstance: EnergyWarehouse.dim_annee scheduled__2024-02-25T00:00:00+00:00 [queued]>
[2024-02-26T22:17:09.132+0000] {taskinstance.py:1103} INFO - Dependencies all met for dep_context=requeueable deps ti=<TaskInstance: EnergyWarehouse.dim_annee scheduled__2024-02-25T00:00:00+00:00 [queued]>
[2024-02-26T22:17:09.134+0000] {taskinstance.py:1308} INFO - Starting attempt 1 of 2
[2024-02-26T22:17:09.246+0000] {taskinstance.py:1327} INFO - Executing <Task(PythonSensor): dim_annee> on 2024-02-25 00:00:00+00:00
[2024-02-26T22:17:09.273+0000] {standard_task_runner.py:57} INFO - Started process 4373 to run task
[2024-02-26T22:17:09.326+0000] {standard_task_runner.py:84} INFO - Running: ['***', 'tasks', 'run', 'EnergyWarehouse', 'dim_annee', 'scheduled__2024-02-25T00:00:00+00:00', '--job-id', '501', '--raw', '--subdir', 'DAGS_FOLDER/***-to-bigquery-dag/***_to_bigquerry_dag.py', '--cfg-path', '/tmp/tmpgcj6sk28']
[2024-02-26T22:17:09.360+0000] {standard_task_runner.py:85} INFO - Job 501: Subtask dim_annee
[2024-02-26T22:17:09.724+0000] {task_command.py:410} INFO - Running <TaskInstance: EnergyWarehouse.dim_annee scheduled__2024-02-25T00:00:00+00:00 [running]> on host 952b3f8a1a94
[2024-02-26T22:17:09.888+0000] {taskinstance.py:1547} INFO - Exporting env vars: AIRFLOW_CTX_DAG_OWNER='Mbaye SENE' AIRFLOW_CTX_DAG_ID='EnergyWarehouse' AIRFLOW_CTX_TASK_ID='dim_annee' AIRFLOW_CTX_EXECUTION_DATE='2024-02-25T00:00:00+00:00' AIRFLOW_CTX_TRY_NUMBER='1' AIRFLOW_CTX_DAG_RUN_ID='scheduled__2024-02-25T00:00:00+00:00'
[2024-02-26T22:17:09.909+0000] {python.py:72} INFO - Poking callable: <function _wait_for_csv at 0x7f471b432560>
[2024-02-26T22:17:09.942+0000] {taskinstance.py:1784} INFO - Rescheduling task, marking task as UP_FOR_RESCHEDULE
[2024-02-26T22:17:09.971+0000] {local_task_job_runner.py:225} INFO - Task exited with return code 0
[2024-02-26T22:17:10.005+0000] {taskinstance.py:2651} INFO - 0 downstream tasks scheduled from follow-on schedule check
[2024-02-26T22:17:42.998+0000] {taskinstance.py:1103} INFO - Dependencies all met for dep_context=non-requeueable deps ti=<TaskInstance: EnergyWarehouse.dim_annee scheduled__2024-02-25T00:00:00+00:00 [queued]>
[2024-02-26T22:17:43.065+0000] {taskinstance.py:1103} INFO - Dependencies all met for dep_context=requeueable deps ti=<TaskInstance: EnergyWarehouse.dim_annee scheduled__2024-02-25T00:00:00+00:00 [queued]>
[2024-02-26T22:17:43.066+0000] {taskinstance.py:1308} INFO - Starting attempt 1 of 2
[2024-02-26T22:17:43.119+0000] {taskinstance.py:1327} INFO - Executing <Task(PythonSensor): dim_annee> on 2024-02-25 00:00:00+00:00
[2024-02-26T22:17:43.135+0000] {standard_task_runner.py:57} INFO - Started process 4391 to run task
[2024-02-26T22:17:43.151+0000] {standard_task_runner.py:84} INFO - Running: ['***', 'tasks', 'run', 'EnergyWarehouse', 'dim_annee', 'scheduled__2024-02-25T00:00:00+00:00', '--job-id', '504', '--raw', '--subdir', 'DAGS_FOLDER/***-to-bigquery-dag/***_to_bigquerry_dag.py', '--cfg-path', '/tmp/tmp8tloxre6']
[2024-02-26T22:17:43.158+0000] {standard_task_runner.py:85} INFO - Job 504: Subtask dim_annee
[2024-02-26T22:17:43.330+0000] {task_command.py:410} INFO - Running <TaskInstance: EnergyWarehouse.dim_annee scheduled__2024-02-25T00:00:00+00:00 [running]> on host 952b3f8a1a94
[2024-02-26T22:17:43.493+0000] {taskinstance.py:1547} INFO - Exporting env vars: AIRFLOW_CTX_DAG_OWNER='Mbaye SENE' AIRFLOW_CTX_DAG_ID='EnergyWarehouse' AIRFLOW_CTX_TASK_ID='dim_annee' AIRFLOW_CTX_EXECUTION_DATE='2024-02-25T00:00:00+00:00' AIRFLOW_CTX_TRY_NUMBER='1' AIRFLOW_CTX_DAG_RUN_ID='scheduled__2024-02-25T00:00:00+00:00'
[2024-02-26T22:17:43.522+0000] {python.py:72} INFO - Poking callable: <function _wait_for_csv at 0x7f471b4134d0>
[2024-02-26T22:17:43.561+0000] {taskinstance.py:1784} INFO - Rescheduling task, marking task as UP_FOR_RESCHEDULE
[2024-02-26T22:17:43.605+0000] {local_task_job_runner.py:225} INFO - Task exited with return code 0
[2024-02-26T22:17:43.642+0000] {taskinstance.py:2651} INFO - 0 downstream tasks scheduled from follow-on schedule check
[2024-02-26T22:18:17.798+0000] {taskinstance.py:1103} INFO - Dependencies all met for dep_context=non-requeueable deps ti=<TaskInstance: EnergyWarehouse.dim_annee scheduled__2024-02-25T00:00:00+00:00 [queued]>
[2024-02-26T22:18:17.834+0000] {taskinstance.py:1103} INFO - Dependencies all met for dep_context=requeueable deps ti=<TaskInstance: EnergyWarehouse.dim_annee scheduled__2024-02-25T00:00:00+00:00 [queued]>
[2024-02-26T22:18:17.839+0000] {taskinstance.py:1308} INFO - Starting attempt 1 of 2
[2024-02-26T22:18:17.893+0000] {taskinstance.py:1327} INFO - Executing <Task(PythonSensor): dim_annee> on 2024-02-25 00:00:00+00:00
[2024-02-26T22:18:17.930+0000] {standard_task_runner.py:57} INFO - Started process 4409 to run task
[2024-02-26T22:18:17.991+0000] {standard_task_runner.py:84} INFO - Running: ['***', 'tasks', 'run', 'EnergyWarehouse', 'dim_annee', 'scheduled__2024-02-25T00:00:00+00:00', '--job-id', '507', '--raw', '--subdir', 'DAGS_FOLDER/***-to-bigquery-dag/***_to_bigquerry_dag.py', '--cfg-path', '/tmp/tmp7vjpkzof']
[2024-02-26T22:18:18.038+0000] {standard_task_runner.py:85} INFO - Job 507: Subtask dim_annee
[2024-02-26T22:18:18.481+0000] {task_command.py:410} INFO - Running <TaskInstance: EnergyWarehouse.dim_annee scheduled__2024-02-25T00:00:00+00:00 [running]> on host 952b3f8a1a94
[2024-02-26T22:18:18.612+0000] {taskinstance.py:1547} INFO - Exporting env vars: AIRFLOW_CTX_DAG_OWNER='Mbaye SENE' AIRFLOW_CTX_DAG_ID='EnergyWarehouse' AIRFLOW_CTX_TASK_ID='dim_annee' AIRFLOW_CTX_EXECUTION_DATE='2024-02-25T00:00:00+00:00' AIRFLOW_CTX_TRY_NUMBER='1' AIRFLOW_CTX_DAG_RUN_ID='scheduled__2024-02-25T00:00:00+00:00'
[2024-02-26T22:18:18.632+0000] {python.py:72} INFO - Poking callable: <function _wait_for_csv at 0x7f471b412680>
[2024-02-26T22:18:18.662+0000] {taskinstance.py:1784} INFO - Rescheduling task, marking task as UP_FOR_RESCHEDULE
[2024-02-26T22:18:18.719+0000] {local_task_job_runner.py:225} INFO - Task exited with return code 0
[2024-02-26T22:18:18.758+0000] {taskinstance.py:2651} INFO - 0 downstream tasks scheduled from follow-on schedule check
