[2024-03-13T13:15:16.117+0000] {taskinstance.py:1103} INFO - Dependencies all met for dep_context=non-requeueable deps ti=<TaskInstance: EnergyWarehouse.check_grand_secteur_dim manual__2024-03-13T13:10:47.931563+00:00 [queued]>
[2024-03-13T13:15:16.537+0000] {taskinstance.py:1103} INFO - Dependencies all met for dep_context=requeueable deps ti=<TaskInstance: EnergyWarehouse.check_grand_secteur_dim manual__2024-03-13T13:10:47.931563+00:00 [queued]>
[2024-03-13T13:15:16.570+0000] {taskinstance.py:1308} INFO - Starting attempt 1 of 2
[2024-03-13T13:15:16.926+0000] {taskinstance.py:1327} INFO - Executing <Task(PythonSensor): check_grand_secteur_dim> on 2024-03-13 13:10:47.931563+00:00
[2024-03-13T13:15:17.070+0000] {standard_task_runner.py:57} INFO - Started process 358 to run task
[2024-03-13T13:15:17.209+0000] {standard_task_runner.py:84} INFO - Running: ['***', 'tasks', 'run', 'EnergyWarehouse', 'check_grand_secteur_dim', 'manual__2024-03-13T13:10:47.931563+00:00', '--job-id', '1556', '--raw', '--subdir', 'DAGS_FOLDER/***-to-bigquery-dag/***_to_bigquerry_dag.py', '--cfg-path', '/tmp/tmpy6ow5a8n']
[2024-03-13T13:15:17.273+0000] {standard_task_runner.py:85} INFO - Job 1556: Subtask check_grand_secteur_dim
[2024-03-13T13:15:18.463+0000] {task_command.py:410} INFO - Running <TaskInstance: EnergyWarehouse.check_grand_secteur_dim manual__2024-03-13T13:10:47.931563+00:00 [running]> on host 952b3f8a1a94
[2024-03-13T13:15:20.123+0000] {taskinstance.py:1547} INFO - Exporting env vars: AIRFLOW_CTX_DAG_OWNER='Mbaye SENE' AIRFLOW_CTX_DAG_ID='EnergyWarehouse' AIRFLOW_CTX_TASK_ID='check_grand_secteur_dim' AIRFLOW_CTX_EXECUTION_DATE='2024-03-13T13:10:47.931563+00:00' AIRFLOW_CTX_TRY_NUMBER='1' AIRFLOW_CTX_DAG_RUN_ID='manual__2024-03-13T13:10:47.931563+00:00'
[2024-03-13T13:15:20.420+0000] {python.py:72} INFO - Poking callable: <function _wait_for_csv at 0x7f0531aa4050>
[2024-03-13T13:15:20.732+0000] {taskinstance.py:1784} INFO - Rescheduling task, marking task as UP_FOR_RESCHEDULE
[2024-03-13T13:15:20.862+0000] {local_task_job_runner.py:225} INFO - Task exited with return code 0
[2024-03-13T13:15:22.055+0000] {taskinstance.py:2651} INFO - 0 downstream tasks scheduled from follow-on schedule check
[2024-03-13T13:16:05.958+0000] {taskinstance.py:1103} INFO - Dependencies all met for dep_context=non-requeueable deps ti=<TaskInstance: EnergyWarehouse.check_grand_secteur_dim manual__2024-03-13T13:10:47.931563+00:00 [queued]>
[2024-03-13T13:16:06.011+0000] {taskinstance.py:1103} INFO - Dependencies all met for dep_context=requeueable deps ti=<TaskInstance: EnergyWarehouse.check_grand_secteur_dim manual__2024-03-13T13:10:47.931563+00:00 [queued]>
[2024-03-13T13:16:06.016+0000] {taskinstance.py:1308} INFO - Starting attempt 1 of 2
[2024-03-13T13:16:06.102+0000] {taskinstance.py:1327} INFO - Executing <Task(PythonSensor): check_grand_secteur_dim> on 2024-03-13 13:10:47.931563+00:00
[2024-03-13T13:16:06.120+0000] {standard_task_runner.py:57} INFO - Started process 389 to run task
[2024-03-13T13:16:06.139+0000] {standard_task_runner.py:84} INFO - Running: ['***', 'tasks', 'run', 'EnergyWarehouse', 'check_grand_secteur_dim', 'manual__2024-03-13T13:10:47.931563+00:00', '--job-id', '1564', '--raw', '--subdir', 'DAGS_FOLDER/***-to-bigquery-dag/***_to_bigquerry_dag.py', '--cfg-path', '/tmp/tmpsnqrrbm6']
[2024-03-13T13:16:06.157+0000] {standard_task_runner.py:85} INFO - Job 1564: Subtask check_grand_secteur_dim
[2024-03-13T13:16:06.324+0000] {task_command.py:410} INFO - Running <TaskInstance: EnergyWarehouse.check_grand_secteur_dim manual__2024-03-13T13:10:47.931563+00:00 [running]> on host 952b3f8a1a94
[2024-03-13T13:16:07.131+0000] {taskinstance.py:1547} INFO - Exporting env vars: AIRFLOW_CTX_DAG_OWNER='Mbaye SENE' AIRFLOW_CTX_DAG_ID='EnergyWarehouse' AIRFLOW_CTX_TASK_ID='check_grand_secteur_dim' AIRFLOW_CTX_EXECUTION_DATE='2024-03-13T13:10:47.931563+00:00' AIRFLOW_CTX_TRY_NUMBER='1' AIRFLOW_CTX_DAG_RUN_ID='manual__2024-03-13T13:10:47.931563+00:00'
[2024-03-13T13:16:07.218+0000] {python.py:72} INFO - Poking callable: <function _wait_for_csv at 0x7f0531b6df80>
[2024-03-13T13:16:07.373+0000] {taskinstance.py:1784} INFO - Rescheduling task, marking task as UP_FOR_RESCHEDULE
[2024-03-13T13:16:07.434+0000] {local_task_job_runner.py:225} INFO - Task exited with return code 0
[2024-03-13T13:16:07.749+0000] {taskinstance.py:2651} INFO - 0 downstream tasks scheduled from follow-on schedule check
[2024-03-13T13:16:42.430+0000] {taskinstance.py:1103} INFO - Dependencies all met for dep_context=non-requeueable deps ti=<TaskInstance: EnergyWarehouse.check_grand_secteur_dim manual__2024-03-13T13:10:47.931563+00:00 [queued]>
[2024-03-13T13:16:42.471+0000] {taskinstance.py:1103} INFO - Dependencies all met for dep_context=requeueable deps ti=<TaskInstance: EnergyWarehouse.check_grand_secteur_dim manual__2024-03-13T13:10:47.931563+00:00 [queued]>
[2024-03-13T13:16:42.473+0000] {taskinstance.py:1308} INFO - Starting attempt 1 of 2
[2024-03-13T13:16:42.528+0000] {taskinstance.py:1327} INFO - Executing <Task(PythonSensor): check_grand_secteur_dim> on 2024-03-13 13:10:47.931563+00:00
[2024-03-13T13:16:42.545+0000] {standard_task_runner.py:57} INFO - Started process 422 to run task
[2024-03-13T13:16:42.570+0000] {standard_task_runner.py:84} INFO - Running: ['***', 'tasks', 'run', 'EnergyWarehouse', 'check_grand_secteur_dim', 'manual__2024-03-13T13:10:47.931563+00:00', '--job-id', '1571', '--raw', '--subdir', 'DAGS_FOLDER/***-to-bigquery-dag/***_to_bigquerry_dag.py', '--cfg-path', '/tmp/tmpneluikiw']
[2024-03-13T13:16:42.589+0000] {standard_task_runner.py:85} INFO - Job 1571: Subtask check_grand_secteur_dim
[2024-03-13T13:16:42.810+0000] {task_command.py:410} INFO - Running <TaskInstance: EnergyWarehouse.check_grand_secteur_dim manual__2024-03-13T13:10:47.931563+00:00 [running]> on host 952b3f8a1a94
[2024-03-13T13:16:43.132+0000] {taskinstance.py:1547} INFO - Exporting env vars: AIRFLOW_CTX_DAG_OWNER='Mbaye SENE' AIRFLOW_CTX_DAG_ID='EnergyWarehouse' AIRFLOW_CTX_TASK_ID='check_grand_secteur_dim' AIRFLOW_CTX_EXECUTION_DATE='2024-03-13T13:10:47.931563+00:00' AIRFLOW_CTX_TRY_NUMBER='1' AIRFLOW_CTX_DAG_RUN_ID='manual__2024-03-13T13:10:47.931563+00:00'
[2024-03-13T13:16:43.177+0000] {python.py:72} INFO - Poking callable: <function _wait_for_csv at 0x7f0531b6eb90>
[2024-03-13T13:16:43.282+0000] {taskinstance.py:1784} INFO - Rescheduling task, marking task as UP_FOR_RESCHEDULE
[2024-03-13T13:16:43.362+0000] {local_task_job_runner.py:225} INFO - Task exited with return code 0
[2024-03-13T13:16:43.564+0000] {taskinstance.py:2651} INFO - 0 downstream tasks scheduled from follow-on schedule check
[2024-03-13T13:17:24.656+0000] {taskinstance.py:1103} INFO - Dependencies all met for dep_context=non-requeueable deps ti=<TaskInstance: EnergyWarehouse.check_grand_secteur_dim manual__2024-03-13T13:10:47.931563+00:00 [queued]>
[2024-03-13T13:17:24.709+0000] {taskinstance.py:1103} INFO - Dependencies all met for dep_context=requeueable deps ti=<TaskInstance: EnergyWarehouse.check_grand_secteur_dim manual__2024-03-13T13:10:47.931563+00:00 [queued]>
[2024-03-13T13:17:24.712+0000] {taskinstance.py:1308} INFO - Starting attempt 1 of 2
[2024-03-13T13:17:24.783+0000] {taskinstance.py:1327} INFO - Executing <Task(PythonSensor): check_grand_secteur_dim> on 2024-03-13 13:10:47.931563+00:00
[2024-03-13T13:17:24.808+0000] {standard_task_runner.py:57} INFO - Started process 452 to run task
[2024-03-13T13:17:24.826+0000] {standard_task_runner.py:84} INFO - Running: ['***', 'tasks', 'run', 'EnergyWarehouse', 'check_grand_secteur_dim', 'manual__2024-03-13T13:10:47.931563+00:00', '--job-id', '1578', '--raw', '--subdir', 'DAGS_FOLDER/***-to-bigquery-dag/***_to_bigquerry_dag.py', '--cfg-path', '/tmp/tmppl0bsyqy']
[2024-03-13T13:17:24.833+0000] {standard_task_runner.py:85} INFO - Job 1578: Subtask check_grand_secteur_dim
[2024-03-13T13:17:25.011+0000] {task_command.py:410} INFO - Running <TaskInstance: EnergyWarehouse.check_grand_secteur_dim manual__2024-03-13T13:10:47.931563+00:00 [running]> on host 952b3f8a1a94
[2024-03-13T13:17:25.732+0000] {taskinstance.py:1547} INFO - Exporting env vars: AIRFLOW_CTX_DAG_OWNER='Mbaye SENE' AIRFLOW_CTX_DAG_ID='EnergyWarehouse' AIRFLOW_CTX_TASK_ID='check_grand_secteur_dim' AIRFLOW_CTX_EXECUTION_DATE='2024-03-13T13:10:47.931563+00:00' AIRFLOW_CTX_TRY_NUMBER='1' AIRFLOW_CTX_DAG_RUN_ID='manual__2024-03-13T13:10:47.931563+00:00'
[2024-03-13T13:17:25.789+0000] {python.py:72} INFO - Poking callable: <function _wait_for_csv at 0x7f0531b6eb90>
[2024-03-13T13:17:25.893+0000] {taskinstance.py:1784} INFO - Rescheduling task, marking task as UP_FOR_RESCHEDULE
[2024-03-13T13:17:25.979+0000] {local_task_job_runner.py:225} INFO - Task exited with return code 0
[2024-03-13T13:17:26.264+0000] {taskinstance.py:2651} INFO - 0 downstream tasks scheduled from follow-on schedule check
[2024-03-13T13:18:02.058+0000] {taskinstance.py:1103} INFO - Dependencies all met for dep_context=non-requeueable deps ti=<TaskInstance: EnergyWarehouse.check_grand_secteur_dim manual__2024-03-13T13:10:47.931563+00:00 [queued]>
[2024-03-13T13:18:02.114+0000] {taskinstance.py:1103} INFO - Dependencies all met for dep_context=requeueable deps ti=<TaskInstance: EnergyWarehouse.check_grand_secteur_dim manual__2024-03-13T13:10:47.931563+00:00 [queued]>
[2024-03-13T13:18:02.123+0000] {taskinstance.py:1308} INFO - Starting attempt 1 of 2
[2024-03-13T13:18:02.166+0000] {taskinstance.py:1327} INFO - Executing <Task(PythonSensor): check_grand_secteur_dim> on 2024-03-13 13:10:47.931563+00:00
[2024-03-13T13:18:02.204+0000] {standard_task_runner.py:57} INFO - Started process 480 to run task
[2024-03-13T13:18:02.216+0000] {standard_task_runner.py:84} INFO - Running: ['***', 'tasks', 'run', 'EnergyWarehouse', 'check_grand_secteur_dim', 'manual__2024-03-13T13:10:47.931563+00:00', '--job-id', '1585', '--raw', '--subdir', 'DAGS_FOLDER/***-to-bigquery-dag/***_to_bigquerry_dag.py', '--cfg-path', '/tmp/tmpd55_p301']
[2024-03-13T13:18:02.226+0000] {standard_task_runner.py:85} INFO - Job 1585: Subtask check_grand_secteur_dim
[2024-03-13T13:18:02.347+0000] {task_command.py:410} INFO - Running <TaskInstance: EnergyWarehouse.check_grand_secteur_dim manual__2024-03-13T13:10:47.931563+00:00 [running]> on host 952b3f8a1a94
[2024-03-13T13:18:02.657+0000] {taskinstance.py:1547} INFO - Exporting env vars: AIRFLOW_CTX_DAG_OWNER='Mbaye SENE' AIRFLOW_CTX_DAG_ID='EnergyWarehouse' AIRFLOW_CTX_TASK_ID='check_grand_secteur_dim' AIRFLOW_CTX_EXECUTION_DATE='2024-03-13T13:10:47.931563+00:00' AIRFLOW_CTX_TRY_NUMBER='1' AIRFLOW_CTX_DAG_RUN_ID='manual__2024-03-13T13:10:47.931563+00:00'
[2024-03-13T13:18:02.734+0000] {python.py:72} INFO - Poking callable: <function _wait_for_csv at 0x7f0531b6eb90>
[2024-03-13T13:18:02.737+0000] {base.py:255} INFO - Success criteria met. Exiting.
[2024-03-13T13:18:02.772+0000] {taskinstance.py:1350} INFO - Marking task as SUCCESS. dag_id=EnergyWarehouse, task_id=check_grand_secteur_dim, execution_date=20240313T131047, start_date=20240313T131802, end_date=20240313T131802
[2024-03-13T13:18:02.852+0000] {local_task_job_runner.py:225} INFO - Task exited with return code 0
[2024-03-13T13:18:03.011+0000] {taskinstance.py:2651} INFO - 0 downstream tasks scheduled from follow-on schedule check
