[2023-06-14T13:00:25.804+0000] {taskinstance.py:1103} INFO - Dependencies all met for dep_context=non-requeueable deps ti=<TaskInstance: get_api_send_psql.send_to_postgresql manual__2023-06-14T13:00:03.693178+00:00 [queued]>
[2023-06-14T13:00:25.817+0000] {taskinstance.py:1103} INFO - Dependencies all met for dep_context=requeueable deps ti=<TaskInstance: get_api_send_psql.send_to_postgresql manual__2023-06-14T13:00:03.693178+00:00 [queued]>
[2023-06-14T13:00:25.818+0000] {taskinstance.py:1308} INFO - Starting attempt 1 of 1
[2023-06-14T13:00:25.837+0000] {taskinstance.py:1327} INFO - Executing <Task(PythonOperator): send_to_postgresql> on 2023-06-14 13:00:03.693178+00:00
[2023-06-14T13:00:25.846+0000] {standard_task_runner.py:57} INFO - Started process 2271 to run task
[2023-06-14T13:00:25.852+0000] {standard_task_runner.py:84} INFO - Running: ['***', 'tasks', 'run', 'get_api_send_psql', 'send_to_postgresql', 'manual__2023-06-14T13:00:03.693178+00:00', '--job-id', '1490', '--raw', '--subdir', 'DAGS_FOLDER/end_to_end_pipeline_***.py', '--cfg-path', '/tmp/tmpnte1hyp5']
[2023-06-14T13:00:25.856+0000] {standard_task_runner.py:85} INFO - Job 1490: Subtask send_to_postgresql
[2023-06-14T13:00:25.923+0000] {task_command.py:410} INFO - Running <TaskInstance: get_api_send_psql.send_to_postgresql manual__2023-06-14T13:00:03.693178+00:00 [running]> on host cd01a659cc96
[2023-06-14T13:00:26.022+0000] {taskinstance.py:1547} INFO - Exporting env vars: AIRFLOW_CTX_DAG_OWNER='***' AIRFLOW_CTX_DAG_ID='get_api_send_psql' AIRFLOW_CTX_TASK_ID='send_to_postgresql' AIRFLOW_CTX_EXECUTION_DATE='2023-06-14T13:00:03.693178+00:00' AIRFLOW_CTX_TRY_NUMBER='1' AIRFLOW_CTX_DAG_RUN_ID='manual__2023-06-14T13:00:03.693178+00:00'
[2023-06-14T13:00:26.049+0000] {taskinstance.py:1824} ERROR - Task failed with exception
Traceback (most recent call last):
  File "/home/airflow/.local/lib/python3.7/site-packages/airflow/operators/python.py", line 181, in execute
    return_value = self.execute_callable()
  File "/home/airflow/.local/lib/python3.7/site-packages/airflow/operators/python.py", line 198, in execute_callable
    return self.python_callable(*self.op_args, **self.op_kwargs)
  File "/opt/airflow/dags/end_to_end_pipeline_airflow.py", line 65, in _send_to_postgresql
    host="localhost", port="5432")
  File "/home/airflow/.local/lib/python3.7/site-packages/psycopg2/__init__.py", line 122, in connect
    conn = _connect(dsn, connection_factory=connection_factory, **kwasync)
psycopg2.OperationalError: connection to server at "localhost" (127.0.0.1), port 5432 failed: Connection refused
	Is the server running on that host and accepting TCP/IP connections?
connection to server at "localhost" (::1), port 5432 failed: Cannot assign requested address
	Is the server running on that host and accepting TCP/IP connections?

[2023-06-14T13:00:26.063+0000] {taskinstance.py:1350} INFO - Marking task as FAILED. dag_id=get_api_send_psql, task_id=send_to_postgresql, execution_date=20230614T130003, start_date=20230614T130025, end_date=20230614T130026
[2023-06-14T13:00:26.078+0000] {standard_task_runner.py:109} ERROR - Failed to execute job 1490 for task send_to_postgresql (connection to server at "localhost" (127.0.0.1), port 5432 failed: Connection refused
	Is the server running on that host and accepting TCP/IP connections?
connection to server at "localhost" (::1), port 5432 failed: Cannot assign requested address
	Is the server running on that host and accepting TCP/IP connections?
; 2271)
[2023-06-14T13:00:26.107+0000] {local_task_job_runner.py:225} INFO - Task exited with return code 1
[2023-06-14T13:00:26.147+0000] {taskinstance.py:2651} INFO - 0 downstream tasks scheduled from follow-on schedule check
