[2023-06-14T19:18:50.506+0000] {taskinstance.py:1103} INFO - Dependencies all met for dep_context=non-requeueable deps ti=<TaskInstance: get_university_api_send_psql.wait_for_json manual__2023-06-14T19:18:47.083192+00:00 [queued]>
[2023-06-14T19:18:50.525+0000] {taskinstance.py:1103} INFO - Dependencies all met for dep_context=requeueable deps ti=<TaskInstance: get_university_api_send_psql.wait_for_json manual__2023-06-14T19:18:47.083192+00:00 [queued]>
[2023-06-14T19:18:50.526+0000] {taskinstance.py:1308} INFO - Starting attempt 1 of 1
[2023-06-14T19:18:50.546+0000] {taskinstance.py:1327} INFO - Executing <Task(PythonSensor): wait_for_json> on 2023-06-14 19:18:47.083192+00:00
[2023-06-14T19:18:50.556+0000] {standard_task_runner.py:57} INFO - Started process 8712 to run task
[2023-06-14T19:18:50.563+0000] {standard_task_runner.py:84} INFO - Running: ['***', 'tasks', 'run', 'get_university_api_send_psql', 'wait_for_json', 'manual__2023-06-14T19:18:47.083192+00:00', '--job-id', '1556', '--raw', '--subdir', 'DAGS_FOLDER/data-university-from-api-dag/data_university_from_api_dag.py', '--cfg-path', '/tmp/tmps8x2tjjo']
[2023-06-14T19:18:50.569+0000] {standard_task_runner.py:85} INFO - Job 1556: Subtask wait_for_json
[2023-06-14T19:18:50.668+0000] {task_command.py:410} INFO - Running <TaskInstance: get_university_api_send_psql.wait_for_json manual__2023-06-14T19:18:47.083192+00:00 [running]> on host cd01a659cc96
[2023-06-14T19:18:50.787+0000] {taskinstance.py:1547} INFO - Exporting env vars: AIRFLOW_CTX_DAG_OWNER='***' AIRFLOW_CTX_DAG_ID='get_university_api_send_psql' AIRFLOW_CTX_TASK_ID='wait_for_json' AIRFLOW_CTX_EXECUTION_DATE='2023-06-14T19:18:47.083192+00:00' AIRFLOW_CTX_TRY_NUMBER='1' AIRFLOW_CTX_DAG_RUN_ID='manual__2023-06-14T19:18:47.083192+00:00'
[2023-06-14T19:18:50.802+0000] {python.py:72} INFO - Poking callable: <function _wait_for_json at 0x7fb93c18a4d0>
[2023-06-14T19:18:50.827+0000] {taskinstance.py:1784} INFO - Rescheduling task, marking task as UP_FOR_RESCHEDULE
[2023-06-14T19:18:50.860+0000] {local_task_job_runner.py:225} INFO - Task exited with return code 0
[2023-06-14T19:18:50.886+0000] {taskinstance.py:2651} INFO - 0 downstream tasks scheduled from follow-on schedule check
[2023-06-14T19:19:22.247+0000] {taskinstance.py:1103} INFO - Dependencies all met for dep_context=non-requeueable deps ti=<TaskInstance: get_university_api_send_psql.wait_for_json manual__2023-06-14T19:18:47.083192+00:00 [queued]>
[2023-06-14T19:19:22.262+0000] {taskinstance.py:1103} INFO - Dependencies all met for dep_context=requeueable deps ti=<TaskInstance: get_university_api_send_psql.wait_for_json manual__2023-06-14T19:18:47.083192+00:00 [queued]>
[2023-06-14T19:19:22.263+0000] {taskinstance.py:1308} INFO - Starting attempt 1 of 1
[2023-06-14T19:19:22.283+0000] {taskinstance.py:1327} INFO - Executing <Task(PythonSensor): wait_for_json> on 2023-06-14 19:18:47.083192+00:00
[2023-06-14T19:19:22.291+0000] {standard_task_runner.py:57} INFO - Started process 8730 to run task
[2023-06-14T19:19:22.298+0000] {standard_task_runner.py:84} INFO - Running: ['***', 'tasks', 'run', 'get_university_api_send_psql', 'wait_for_json', 'manual__2023-06-14T19:18:47.083192+00:00', '--job-id', '1559', '--raw', '--subdir', 'DAGS_FOLDER/data-university-from-api-dag/data_university_from_api_dag.py', '--cfg-path', '/tmp/tmpa8c_3c1t']
[2023-06-14T19:19:22.302+0000] {standard_task_runner.py:85} INFO - Job 1559: Subtask wait_for_json
[2023-06-14T19:19:22.371+0000] {task_command.py:410} INFO - Running <TaskInstance: get_university_api_send_psql.wait_for_json manual__2023-06-14T19:18:47.083192+00:00 [running]> on host cd01a659cc96
[2023-06-14T19:19:22.473+0000] {taskinstance.py:1547} INFO - Exporting env vars: AIRFLOW_CTX_DAG_OWNER='***' AIRFLOW_CTX_DAG_ID='get_university_api_send_psql' AIRFLOW_CTX_TASK_ID='wait_for_json' AIRFLOW_CTX_EXECUTION_DATE='2023-06-14T19:18:47.083192+00:00' AIRFLOW_CTX_TRY_NUMBER='1' AIRFLOW_CTX_DAG_RUN_ID='manual__2023-06-14T19:18:47.083192+00:00'
[2023-06-14T19:19:22.489+0000] {python.py:72} INFO - Poking callable: <function _wait_for_json at 0x7fb93c12c560>
[2023-06-14T19:19:22.516+0000] {taskinstance.py:1784} INFO - Rescheduling task, marking task as UP_FOR_RESCHEDULE
[2023-06-14T19:19:22.552+0000] {local_task_job_runner.py:225} INFO - Task exited with return code 0
[2023-06-14T19:19:22.578+0000] {taskinstance.py:2651} INFO - 0 downstream tasks scheduled from follow-on schedule check
[2023-06-14T19:19:54.236+0000] {taskinstance.py:1103} INFO - Dependencies all met for dep_context=non-requeueable deps ti=<TaskInstance: get_university_api_send_psql.wait_for_json manual__2023-06-14T19:18:47.083192+00:00 [queued]>
[2023-06-14T19:19:54.252+0000] {taskinstance.py:1103} INFO - Dependencies all met for dep_context=requeueable deps ti=<TaskInstance: get_university_api_send_psql.wait_for_json manual__2023-06-14T19:18:47.083192+00:00 [queued]>
[2023-06-14T19:19:54.254+0000] {taskinstance.py:1308} INFO - Starting attempt 1 of 1
[2023-06-14T19:19:54.283+0000] {taskinstance.py:1327} INFO - Executing <Task(PythonSensor): wait_for_json> on 2023-06-14 19:18:47.083192+00:00
[2023-06-14T19:19:54.292+0000] {standard_task_runner.py:57} INFO - Started process 8745 to run task
[2023-06-14T19:19:54.299+0000] {standard_task_runner.py:84} INFO - Running: ['***', 'tasks', 'run', 'get_university_api_send_psql', 'wait_for_json', 'manual__2023-06-14T19:18:47.083192+00:00', '--job-id', '1561', '--raw', '--subdir', 'DAGS_FOLDER/data-university-from-api-dag/data_university_from_api_dag.py', '--cfg-path', '/tmp/tmpo7ao24h5']
[2023-06-14T19:19:54.303+0000] {standard_task_runner.py:85} INFO - Job 1561: Subtask wait_for_json
[2023-06-14T19:19:54.370+0000] {task_command.py:410} INFO - Running <TaskInstance: get_university_api_send_psql.wait_for_json manual__2023-06-14T19:18:47.083192+00:00 [running]> on host cd01a659cc96
[2023-06-14T19:19:54.477+0000] {taskinstance.py:1547} INFO - Exporting env vars: AIRFLOW_CTX_DAG_OWNER='***' AIRFLOW_CTX_DAG_ID='get_university_api_send_psql' AIRFLOW_CTX_TASK_ID='wait_for_json' AIRFLOW_CTX_EXECUTION_DATE='2023-06-14T19:18:47.083192+00:00' AIRFLOW_CTX_TRY_NUMBER='1' AIRFLOW_CTX_DAG_RUN_ID='manual__2023-06-14T19:18:47.083192+00:00'
[2023-06-14T19:19:54.541+0000] {python.py:72} INFO - Poking callable: <function _wait_for_json at 0x7fb93c12c560>
[2023-06-14T19:19:54.567+0000] {taskinstance.py:1784} INFO - Rescheduling task, marking task as UP_FOR_RESCHEDULE
[2023-06-14T19:19:54.592+0000] {local_task_job_runner.py:225} INFO - Task exited with return code 0
[2023-06-14T19:19:54.637+0000] {taskinstance.py:2651} INFO - 0 downstream tasks scheduled from follow-on schedule check
[2023-06-14T19:20:25.813+0000] {taskinstance.py:1103} INFO - Dependencies all met for dep_context=non-requeueable deps ti=<TaskInstance: get_university_api_send_psql.wait_for_json manual__2023-06-14T19:18:47.083192+00:00 [queued]>
[2023-06-14T19:20:25.827+0000] {taskinstance.py:1103} INFO - Dependencies all met for dep_context=requeueable deps ti=<TaskInstance: get_university_api_send_psql.wait_for_json manual__2023-06-14T19:18:47.083192+00:00 [queued]>
[2023-06-14T19:20:25.829+0000] {taskinstance.py:1308} INFO - Starting attempt 1 of 1
[2023-06-14T19:20:25.848+0000] {taskinstance.py:1327} INFO - Executing <Task(PythonSensor): wait_for_json> on 2023-06-14 19:18:47.083192+00:00
[2023-06-14T19:20:25.858+0000] {standard_task_runner.py:57} INFO - Started process 8760 to run task
[2023-06-14T19:20:25.868+0000] {standard_task_runner.py:84} INFO - Running: ['***', 'tasks', 'run', 'get_university_api_send_psql', 'wait_for_json', 'manual__2023-06-14T19:18:47.083192+00:00', '--job-id', '1563', '--raw', '--subdir', 'DAGS_FOLDER/data-university-from-api-dag/data_university_from_api_dag.py', '--cfg-path', '/tmp/tmpc_j0ha39']
[2023-06-14T19:20:25.871+0000] {standard_task_runner.py:85} INFO - Job 1563: Subtask wait_for_json
[2023-06-14T19:20:25.939+0000] {task_command.py:410} INFO - Running <TaskInstance: get_university_api_send_psql.wait_for_json manual__2023-06-14T19:18:47.083192+00:00 [running]> on host cd01a659cc96
[2023-06-14T19:20:26.041+0000] {taskinstance.py:1547} INFO - Exporting env vars: AIRFLOW_CTX_DAG_OWNER='***' AIRFLOW_CTX_DAG_ID='get_university_api_send_psql' AIRFLOW_CTX_TASK_ID='wait_for_json' AIRFLOW_CTX_EXECUTION_DATE='2023-06-14T19:18:47.083192+00:00' AIRFLOW_CTX_TRY_NUMBER='1' AIRFLOW_CTX_DAG_RUN_ID='manual__2023-06-14T19:18:47.083192+00:00'
[2023-06-14T19:20:26.058+0000] {python.py:72} INFO - Poking callable: <function _wait_for_json at 0x7fb93c12c560>
[2023-06-14T19:20:26.084+0000] {taskinstance.py:1784} INFO - Rescheduling task, marking task as UP_FOR_RESCHEDULE
[2023-06-14T19:20:26.120+0000] {local_task_job_runner.py:225} INFO - Task exited with return code 0
[2023-06-14T19:20:26.161+0000] {taskinstance.py:2651} INFO - 0 downstream tasks scheduled from follow-on schedule check
[2023-06-14T19:20:57.542+0000] {taskinstance.py:1103} INFO - Dependencies all met for dep_context=non-requeueable deps ti=<TaskInstance: get_university_api_send_psql.wait_for_json manual__2023-06-14T19:18:47.083192+00:00 [queued]>
[2023-06-14T19:20:57.558+0000] {taskinstance.py:1103} INFO - Dependencies all met for dep_context=requeueable deps ti=<TaskInstance: get_university_api_send_psql.wait_for_json manual__2023-06-14T19:18:47.083192+00:00 [queued]>
[2023-06-14T19:20:57.561+0000] {taskinstance.py:1308} INFO - Starting attempt 1 of 1
[2023-06-14T19:20:57.583+0000] {taskinstance.py:1327} INFO - Executing <Task(PythonSensor): wait_for_json> on 2023-06-14 19:18:47.083192+00:00
[2023-06-14T19:20:57.598+0000] {standard_task_runner.py:57} INFO - Started process 8775 to run task
[2023-06-14T19:20:57.610+0000] {standard_task_runner.py:84} INFO - Running: ['***', 'tasks', 'run', 'get_university_api_send_psql', 'wait_for_json', 'manual__2023-06-14T19:18:47.083192+00:00', '--job-id', '1565', '--raw', '--subdir', 'DAGS_FOLDER/data-university-from-api-dag/data_university_from_api_dag.py', '--cfg-path', '/tmp/tmp0nhweyrz']
[2023-06-14T19:20:57.625+0000] {standard_task_runner.py:85} INFO - Job 1565: Subtask wait_for_json
[2023-06-14T19:20:57.723+0000] {task_command.py:410} INFO - Running <TaskInstance: get_university_api_send_psql.wait_for_json manual__2023-06-14T19:18:47.083192+00:00 [running]> on host cd01a659cc96
[2023-06-14T19:20:57.839+0000] {taskinstance.py:1547} INFO - Exporting env vars: AIRFLOW_CTX_DAG_OWNER='***' AIRFLOW_CTX_DAG_ID='get_university_api_send_psql' AIRFLOW_CTX_TASK_ID='wait_for_json' AIRFLOW_CTX_EXECUTION_DATE='2023-06-14T19:18:47.083192+00:00' AIRFLOW_CTX_TRY_NUMBER='1' AIRFLOW_CTX_DAG_RUN_ID='manual__2023-06-14T19:18:47.083192+00:00'
[2023-06-14T19:20:57.861+0000] {python.py:72} INFO - Poking callable: <function _wait_for_json at 0x7fb93c12c560>
[2023-06-14T19:20:57.928+0000] {taskinstance.py:1784} INFO - Rescheduling task, marking task as UP_FOR_RESCHEDULE
[2023-06-14T19:20:57.985+0000] {local_task_job_runner.py:225} INFO - Task exited with return code 0
[2023-06-14T19:20:58.040+0000] {taskinstance.py:2651} INFO - 0 downstream tasks scheduled from follow-on schedule check
[2023-06-14T19:21:29.176+0000] {taskinstance.py:1103} INFO - Dependencies all met for dep_context=non-requeueable deps ti=<TaskInstance: get_university_api_send_psql.wait_for_json manual__2023-06-14T19:18:47.083192+00:00 [queued]>
[2023-06-14T19:21:29.193+0000] {taskinstance.py:1103} INFO - Dependencies all met for dep_context=requeueable deps ti=<TaskInstance: get_university_api_send_psql.wait_for_json manual__2023-06-14T19:18:47.083192+00:00 [queued]>
[2023-06-14T19:21:29.195+0000] {taskinstance.py:1308} INFO - Starting attempt 1 of 1
[2023-06-14T19:21:29.223+0000] {taskinstance.py:1327} INFO - Executing <Task(PythonSensor): wait_for_json> on 2023-06-14 19:18:47.083192+00:00
[2023-06-14T19:21:29.236+0000] {standard_task_runner.py:57} INFO - Started process 8790 to run task
[2023-06-14T19:21:29.251+0000] {standard_task_runner.py:84} INFO - Running: ['***', 'tasks', 'run', 'get_university_api_send_psql', 'wait_for_json', 'manual__2023-06-14T19:18:47.083192+00:00', '--job-id', '1567', '--raw', '--subdir', 'DAGS_FOLDER/data-university-from-api-dag/data_university_from_api_dag.py', '--cfg-path', '/tmp/tmpd0dn6z6n']
[2023-06-14T19:21:29.256+0000] {standard_task_runner.py:85} INFO - Job 1567: Subtask wait_for_json
[2023-06-14T19:21:29.360+0000] {task_command.py:410} INFO - Running <TaskInstance: get_university_api_send_psql.wait_for_json manual__2023-06-14T19:18:47.083192+00:00 [running]> on host cd01a659cc96
[2023-06-14T19:21:29.533+0000] {taskinstance.py:1547} INFO - Exporting env vars: AIRFLOW_CTX_DAG_OWNER='***' AIRFLOW_CTX_DAG_ID='get_university_api_send_psql' AIRFLOW_CTX_TASK_ID='wait_for_json' AIRFLOW_CTX_EXECUTION_DATE='2023-06-14T19:18:47.083192+00:00' AIRFLOW_CTX_TRY_NUMBER='1' AIRFLOW_CTX_DAG_RUN_ID='manual__2023-06-14T19:18:47.083192+00:00'
[2023-06-14T19:21:29.555+0000] {python.py:72} INFO - Poking callable: <function _wait_for_json at 0x7fb93c12c560>
[2023-06-14T19:21:29.592+0000] {taskinstance.py:1784} INFO - Rescheduling task, marking task as UP_FOR_RESCHEDULE
[2023-06-14T19:21:29.626+0000] {local_task_job_runner.py:225} INFO - Task exited with return code 0
[2023-06-14T19:21:29.731+0000] {taskinstance.py:2651} INFO - 0 downstream tasks scheduled from follow-on schedule check
[2023-06-14T19:22:01.657+0000] {taskinstance.py:1103} INFO - Dependencies all met for dep_context=non-requeueable deps ti=<TaskInstance: get_university_api_send_psql.wait_for_json manual__2023-06-14T19:18:47.083192+00:00 [queued]>
[2023-06-14T19:22:01.672+0000] {taskinstance.py:1103} INFO - Dependencies all met for dep_context=requeueable deps ti=<TaskInstance: get_university_api_send_psql.wait_for_json manual__2023-06-14T19:18:47.083192+00:00 [queued]>
[2023-06-14T19:22:01.673+0000] {taskinstance.py:1308} INFO - Starting attempt 1 of 1
[2023-06-14T19:22:01.692+0000] {taskinstance.py:1327} INFO - Executing <Task(PythonSensor): wait_for_json> on 2023-06-14 19:18:47.083192+00:00
[2023-06-14T19:22:01.702+0000] {standard_task_runner.py:57} INFO - Started process 8806 to run task
[2023-06-14T19:22:01.709+0000] {standard_task_runner.py:84} INFO - Running: ['***', 'tasks', 'run', 'get_university_api_send_psql', 'wait_for_json', 'manual__2023-06-14T19:18:47.083192+00:00', '--job-id', '1569', '--raw', '--subdir', 'DAGS_FOLDER/data-university-from-api-dag/data_university_from_api_dag.py', '--cfg-path', '/tmp/tmpypelmbsc']
[2023-06-14T19:22:01.713+0000] {standard_task_runner.py:85} INFO - Job 1569: Subtask wait_for_json
[2023-06-14T19:22:01.780+0000] {task_command.py:410} INFO - Running <TaskInstance: get_university_api_send_psql.wait_for_json manual__2023-06-14T19:18:47.083192+00:00 [running]> on host cd01a659cc96
[2023-06-14T19:22:01.880+0000] {taskinstance.py:1547} INFO - Exporting env vars: AIRFLOW_CTX_DAG_OWNER='***' AIRFLOW_CTX_DAG_ID='get_university_api_send_psql' AIRFLOW_CTX_TASK_ID='wait_for_json' AIRFLOW_CTX_EXECUTION_DATE='2023-06-14T19:18:47.083192+00:00' AIRFLOW_CTX_TRY_NUMBER='1' AIRFLOW_CTX_DAG_RUN_ID='manual__2023-06-14T19:18:47.083192+00:00'
[2023-06-14T19:22:01.897+0000] {python.py:72} INFO - Poking callable: <function _wait_for_json at 0x7fb93c12c560>
[2023-06-14T19:22:01.924+0000] {taskinstance.py:1784} INFO - Rescheduling task, marking task as UP_FOR_RESCHEDULE
[2023-06-14T19:22:01.960+0000] {local_task_job_runner.py:225} INFO - Task exited with return code 0
[2023-06-14T19:22:02.022+0000] {taskinstance.py:2651} INFO - 0 downstream tasks scheduled from follow-on schedule check
[2023-06-14T19:22:33.447+0000] {taskinstance.py:1103} INFO - Dependencies all met for dep_context=non-requeueable deps ti=<TaskInstance: get_university_api_send_psql.wait_for_json manual__2023-06-14T19:18:47.083192+00:00 [queued]>
[2023-06-14T19:22:33.464+0000] {taskinstance.py:1103} INFO - Dependencies all met for dep_context=requeueable deps ti=<TaskInstance: get_university_api_send_psql.wait_for_json manual__2023-06-14T19:18:47.083192+00:00 [queued]>
[2023-06-14T19:22:33.466+0000] {taskinstance.py:1308} INFO - Starting attempt 1 of 1
[2023-06-14T19:22:33.494+0000] {taskinstance.py:1327} INFO - Executing <Task(PythonSensor): wait_for_json> on 2023-06-14 19:18:47.083192+00:00
[2023-06-14T19:22:33.505+0000] {standard_task_runner.py:57} INFO - Started process 8822 to run task
[2023-06-14T19:22:33.512+0000] {standard_task_runner.py:84} INFO - Running: ['***', 'tasks', 'run', 'get_university_api_send_psql', 'wait_for_json', 'manual__2023-06-14T19:18:47.083192+00:00', '--job-id', '1571', '--raw', '--subdir', 'DAGS_FOLDER/data-university-from-api-dag/data_university_from_api_dag.py', '--cfg-path', '/tmp/tmpvd8_f_k4']
[2023-06-14T19:22:33.519+0000] {standard_task_runner.py:85} INFO - Job 1571: Subtask wait_for_json
[2023-06-14T19:22:33.601+0000] {task_command.py:410} INFO - Running <TaskInstance: get_university_api_send_psql.wait_for_json manual__2023-06-14T19:18:47.083192+00:00 [running]> on host cd01a659cc96
[2023-06-14T19:22:33.734+0000] {taskinstance.py:1547} INFO - Exporting env vars: AIRFLOW_CTX_DAG_OWNER='***' AIRFLOW_CTX_DAG_ID='get_university_api_send_psql' AIRFLOW_CTX_TASK_ID='wait_for_json' AIRFLOW_CTX_EXECUTION_DATE='2023-06-14T19:18:47.083192+00:00' AIRFLOW_CTX_TRY_NUMBER='1' AIRFLOW_CTX_DAG_RUN_ID='manual__2023-06-14T19:18:47.083192+00:00'
[2023-06-14T19:22:33.751+0000] {python.py:72} INFO - Poking callable: <function _wait_for_json at 0x7fb93c12c560>
[2023-06-14T19:22:33.783+0000] {taskinstance.py:1784} INFO - Rescheduling task, marking task as UP_FOR_RESCHEDULE
[2023-06-14T19:22:33.808+0000] {local_task_job_runner.py:225} INFO - Task exited with return code 0
[2023-06-14T19:22:33.849+0000] {taskinstance.py:2651} INFO - 0 downstream tasks scheduled from follow-on schedule check
[2023-06-14T19:23:06.853+0000] {taskinstance.py:1103} INFO - Dependencies all met for dep_context=non-requeueable deps ti=<TaskInstance: get_university_api_send_psql.wait_for_json manual__2023-06-14T19:18:47.083192+00:00 [queued]>
[2023-06-14T19:23:06.869+0000] {taskinstance.py:1103} INFO - Dependencies all met for dep_context=requeueable deps ti=<TaskInstance: get_university_api_send_psql.wait_for_json manual__2023-06-14T19:18:47.083192+00:00 [queued]>
[2023-06-14T19:23:06.870+0000] {taskinstance.py:1308} INFO - Starting attempt 1 of 1
[2023-06-14T19:23:06.892+0000] {taskinstance.py:1327} INFO - Executing <Task(PythonSensor): wait_for_json> on 2023-06-14 19:18:47.083192+00:00
[2023-06-14T19:23:06.901+0000] {standard_task_runner.py:57} INFO - Started process 8837 to run task
[2023-06-14T19:23:06.908+0000] {standard_task_runner.py:84} INFO - Running: ['***', 'tasks', 'run', 'get_university_api_send_psql', 'wait_for_json', 'manual__2023-06-14T19:18:47.083192+00:00', '--job-id', '1573', '--raw', '--subdir', 'DAGS_FOLDER/data-university-from-api-dag/data_university_from_api_dag.py', '--cfg-path', '/tmp/tmptvpifstj']
[2023-06-14T19:23:06.912+0000] {standard_task_runner.py:85} INFO - Job 1573: Subtask wait_for_json
[2023-06-14T19:23:06.987+0000] {task_command.py:410} INFO - Running <TaskInstance: get_university_api_send_psql.wait_for_json manual__2023-06-14T19:18:47.083192+00:00 [running]> on host cd01a659cc96
[2023-06-14T19:23:07.100+0000] {taskinstance.py:1547} INFO - Exporting env vars: AIRFLOW_CTX_DAG_OWNER='***' AIRFLOW_CTX_DAG_ID='get_university_api_send_psql' AIRFLOW_CTX_TASK_ID='wait_for_json' AIRFLOW_CTX_EXECUTION_DATE='2023-06-14T19:18:47.083192+00:00' AIRFLOW_CTX_TRY_NUMBER='1' AIRFLOW_CTX_DAG_RUN_ID='manual__2023-06-14T19:18:47.083192+00:00'
[2023-06-14T19:23:07.118+0000] {python.py:72} INFO - Poking callable: <function _wait_for_json at 0x7fb93c12c560>
[2023-06-14T19:23:07.146+0000] {taskinstance.py:1784} INFO - Rescheduling task, marking task as UP_FOR_RESCHEDULE
[2023-06-14T19:23:07.202+0000] {local_task_job_runner.py:225} INFO - Task exited with return code 0
[2023-06-14T19:23:07.249+0000] {taskinstance.py:2651} INFO - 0 downstream tasks scheduled from follow-on schedule check
[2023-06-14T19:23:38.668+0000] {taskinstance.py:1103} INFO - Dependencies all met for dep_context=non-requeueable deps ti=<TaskInstance: get_university_api_send_psql.wait_for_json manual__2023-06-14T19:18:47.083192+00:00 [queued]>
[2023-06-14T19:23:38.683+0000] {taskinstance.py:1103} INFO - Dependencies all met for dep_context=requeueable deps ti=<TaskInstance: get_university_api_send_psql.wait_for_json manual__2023-06-14T19:18:47.083192+00:00 [queued]>
[2023-06-14T19:23:38.685+0000] {taskinstance.py:1308} INFO - Starting attempt 1 of 1
[2023-06-14T19:23:38.704+0000] {taskinstance.py:1327} INFO - Executing <Task(PythonSensor): wait_for_json> on 2023-06-14 19:18:47.083192+00:00
[2023-06-14T19:23:38.713+0000] {standard_task_runner.py:57} INFO - Started process 8851 to run task
[2023-06-14T19:23:38.720+0000] {standard_task_runner.py:84} INFO - Running: ['***', 'tasks', 'run', 'get_university_api_send_psql', 'wait_for_json', 'manual__2023-06-14T19:18:47.083192+00:00', '--job-id', '1575', '--raw', '--subdir', 'DAGS_FOLDER/data-university-from-api-dag/data_university_from_api_dag.py', '--cfg-path', '/tmp/tmpxe95xyll']
[2023-06-14T19:23:38.724+0000] {standard_task_runner.py:85} INFO - Job 1575: Subtask wait_for_json
[2023-06-14T19:23:38.795+0000] {task_command.py:410} INFO - Running <TaskInstance: get_university_api_send_psql.wait_for_json manual__2023-06-14T19:18:47.083192+00:00 [running]> on host cd01a659cc96
[2023-06-14T19:23:38.897+0000] {taskinstance.py:1547} INFO - Exporting env vars: AIRFLOW_CTX_DAG_OWNER='***' AIRFLOW_CTX_DAG_ID='get_university_api_send_psql' AIRFLOW_CTX_TASK_ID='wait_for_json' AIRFLOW_CTX_EXECUTION_DATE='2023-06-14T19:18:47.083192+00:00' AIRFLOW_CTX_TRY_NUMBER='1' AIRFLOW_CTX_DAG_RUN_ID='manual__2023-06-14T19:18:47.083192+00:00'
[2023-06-14T19:23:38.913+0000] {python.py:72} INFO - Poking callable: <function _wait_for_json at 0x7fb93c12c560>
[2023-06-14T19:23:38.948+0000] {taskinstance.py:1784} INFO - Rescheduling task, marking task as UP_FOR_RESCHEDULE
[2023-06-14T19:23:38.974+0000] {local_task_job_runner.py:225} INFO - Task exited with return code 0
[2023-06-14T19:23:39.026+0000] {taskinstance.py:2651} INFO - 0 downstream tasks scheduled from follow-on schedule check
[2023-06-14T19:24:10.803+0000] {taskinstance.py:1103} INFO - Dependencies all met for dep_context=non-requeueable deps ti=<TaskInstance: get_university_api_send_psql.wait_for_json manual__2023-06-14T19:18:47.083192+00:00 [queued]>
[2023-06-14T19:24:10.822+0000] {taskinstance.py:1103} INFO - Dependencies all met for dep_context=requeueable deps ti=<TaskInstance: get_university_api_send_psql.wait_for_json manual__2023-06-14T19:18:47.083192+00:00 [queued]>
[2023-06-14T19:24:10.824+0000] {taskinstance.py:1308} INFO - Starting attempt 1 of 1
[2023-06-14T19:24:10.853+0000] {taskinstance.py:1327} INFO - Executing <Task(PythonSensor): wait_for_json> on 2023-06-14 19:18:47.083192+00:00
[2023-06-14T19:24:10.867+0000] {standard_task_runner.py:57} INFO - Started process 8866 to run task
[2023-06-14T19:24:10.874+0000] {standard_task_runner.py:84} INFO - Running: ['***', 'tasks', 'run', 'get_university_api_send_psql', 'wait_for_json', 'manual__2023-06-14T19:18:47.083192+00:00', '--job-id', '1577', '--raw', '--subdir', 'DAGS_FOLDER/data-university-from-api-dag/data_university_from_api_dag.py', '--cfg-path', '/tmp/tmpmtzwp5tw']
[2023-06-14T19:24:10.881+0000] {standard_task_runner.py:85} INFO - Job 1577: Subtask wait_for_json
[2023-06-14T19:24:10.974+0000] {task_command.py:410} INFO - Running <TaskInstance: get_university_api_send_psql.wait_for_json manual__2023-06-14T19:18:47.083192+00:00 [running]> on host cd01a659cc96
[2023-06-14T19:24:11.107+0000] {taskinstance.py:1547} INFO - Exporting env vars: AIRFLOW_CTX_DAG_OWNER='***' AIRFLOW_CTX_DAG_ID='get_university_api_send_psql' AIRFLOW_CTX_TASK_ID='wait_for_json' AIRFLOW_CTX_EXECUTION_DATE='2023-06-14T19:18:47.083192+00:00' AIRFLOW_CTX_TRY_NUMBER='1' AIRFLOW_CTX_DAG_RUN_ID='manual__2023-06-14T19:18:47.083192+00:00'
[2023-06-14T19:24:11.126+0000] {python.py:72} INFO - Poking callable: <function _wait_for_json at 0x7fb93c12c560>
[2023-06-14T19:24:11.157+0000] {taskinstance.py:1784} INFO - Rescheduling task, marking task as UP_FOR_RESCHEDULE
[2023-06-14T19:24:11.210+0000] {local_task_job_runner.py:225} INFO - Task exited with return code 0
[2023-06-14T19:24:11.257+0000] {taskinstance.py:2651} INFO - 0 downstream tasks scheduled from follow-on schedule check
[2023-06-14T19:24:42.991+0000] {taskinstance.py:1103} INFO - Dependencies all met for dep_context=non-requeueable deps ti=<TaskInstance: get_university_api_send_psql.wait_for_json manual__2023-06-14T19:18:47.083192+00:00 [queued]>
[2023-06-14T19:24:43.007+0000] {taskinstance.py:1103} INFO - Dependencies all met for dep_context=requeueable deps ti=<TaskInstance: get_university_api_send_psql.wait_for_json manual__2023-06-14T19:18:47.083192+00:00 [queued]>
[2023-06-14T19:24:43.008+0000] {taskinstance.py:1308} INFO - Starting attempt 1 of 1
[2023-06-14T19:24:43.026+0000] {taskinstance.py:1327} INFO - Executing <Task(PythonSensor): wait_for_json> on 2023-06-14 19:18:47.083192+00:00
[2023-06-14T19:24:43.035+0000] {standard_task_runner.py:57} INFO - Started process 8882 to run task
[2023-06-14T19:24:43.041+0000] {standard_task_runner.py:84} INFO - Running: ['***', 'tasks', 'run', 'get_university_api_send_psql', 'wait_for_json', 'manual__2023-06-14T19:18:47.083192+00:00', '--job-id', '1579', '--raw', '--subdir', 'DAGS_FOLDER/data-university-from-api-dag/data_university_from_api_dag.py', '--cfg-path', '/tmp/tmp3jm4u7s2']
[2023-06-14T19:24:43.045+0000] {standard_task_runner.py:85} INFO - Job 1579: Subtask wait_for_json
[2023-06-14T19:24:43.118+0000] {task_command.py:410} INFO - Running <TaskInstance: get_university_api_send_psql.wait_for_json manual__2023-06-14T19:18:47.083192+00:00 [running]> on host cd01a659cc96
[2023-06-14T19:24:43.219+0000] {taskinstance.py:1547} INFO - Exporting env vars: AIRFLOW_CTX_DAG_OWNER='***' AIRFLOW_CTX_DAG_ID='get_university_api_send_psql' AIRFLOW_CTX_TASK_ID='wait_for_json' AIRFLOW_CTX_EXECUTION_DATE='2023-06-14T19:18:47.083192+00:00' AIRFLOW_CTX_TRY_NUMBER='1' AIRFLOW_CTX_DAG_RUN_ID='manual__2023-06-14T19:18:47.083192+00:00'
[2023-06-14T19:24:43.235+0000] {python.py:72} INFO - Poking callable: <function _wait_for_json at 0x7fb93c12b440>
[2023-06-14T19:24:43.266+0000] {taskinstance.py:1784} INFO - Rescheduling task, marking task as UP_FOR_RESCHEDULE
[2023-06-14T19:24:43.296+0000] {local_task_job_runner.py:225} INFO - Task exited with return code 0
[2023-06-14T19:24:43.340+0000] {taskinstance.py:2651} INFO - 0 downstream tasks scheduled from follow-on schedule check
[2023-06-14T19:25:15.947+0000] {taskinstance.py:1103} INFO - Dependencies all met for dep_context=non-requeueable deps ti=<TaskInstance: get_university_api_send_psql.wait_for_json manual__2023-06-14T19:18:47.083192+00:00 [queued]>
[2023-06-14T19:25:15.973+0000] {taskinstance.py:1103} INFO - Dependencies all met for dep_context=requeueable deps ti=<TaskInstance: get_university_api_send_psql.wait_for_json manual__2023-06-14T19:18:47.083192+00:00 [queued]>
[2023-06-14T19:25:15.974+0000] {taskinstance.py:1308} INFO - Starting attempt 1 of 1
[2023-06-14T19:25:15.998+0000] {taskinstance.py:1327} INFO - Executing <Task(PythonSensor): wait_for_json> on 2023-06-14 19:18:47.083192+00:00
[2023-06-14T19:25:16.011+0000] {standard_task_runner.py:57} INFO - Started process 8897 to run task
[2023-06-14T19:25:16.043+0000] {standard_task_runner.py:84} INFO - Running: ['***', 'tasks', 'run', 'get_university_api_send_psql', 'wait_for_json', 'manual__2023-06-14T19:18:47.083192+00:00', '--job-id', '1581', '--raw', '--subdir', 'DAGS_FOLDER/data-university-from-api-dag/data_university_from_api_dag.py', '--cfg-path', '/tmp/tmpunsmnpn0']
[2023-06-14T19:25:16.049+0000] {standard_task_runner.py:85} INFO - Job 1581: Subtask wait_for_json
[2023-06-14T19:25:16.185+0000] {task_command.py:410} INFO - Running <TaskInstance: get_university_api_send_psql.wait_for_json manual__2023-06-14T19:18:47.083192+00:00 [running]> on host cd01a659cc96
[2023-06-14T19:25:16.494+0000] {taskinstance.py:1547} INFO - Exporting env vars: AIRFLOW_CTX_DAG_OWNER='***' AIRFLOW_CTX_DAG_ID='get_university_api_send_psql' AIRFLOW_CTX_TASK_ID='wait_for_json' AIRFLOW_CTX_EXECUTION_DATE='2023-06-14T19:18:47.083192+00:00' AIRFLOW_CTX_TRY_NUMBER='1' AIRFLOW_CTX_DAG_RUN_ID='manual__2023-06-14T19:18:47.083192+00:00'
[2023-06-14T19:25:16.533+0000] {python.py:72} INFO - Poking callable: <function _wait_for_json at 0x7fb93c12b440>
[2023-06-14T19:25:16.574+0000] {taskinstance.py:1784} INFO - Rescheduling task, marking task as UP_FOR_RESCHEDULE
[2023-06-14T19:25:16.630+0000] {local_task_job_runner.py:225} INFO - Task exited with return code 0
[2023-06-14T19:25:16.717+0000] {taskinstance.py:2651} INFO - 0 downstream tasks scheduled from follow-on schedule check
[2023-06-14T19:26:18.052+0000] {taskinstance.py:1103} INFO - Dependencies all met for dep_context=non-requeueable deps ti=<TaskInstance: get_university_api_send_psql.wait_for_json manual__2023-06-14T19:18:47.083192+00:00 [queued]>
[2023-06-14T19:26:18.203+0000] {taskinstance.py:1103} INFO - Dependencies all met for dep_context=requeueable deps ti=<TaskInstance: get_university_api_send_psql.wait_for_json manual__2023-06-14T19:18:47.083192+00:00 [queued]>
[2023-06-14T19:26:18.214+0000] {taskinstance.py:1308} INFO - Starting attempt 1 of 1
[2023-06-14T19:26:18.260+0000] {taskinstance.py:1327} INFO - Executing <Task(PythonSensor): wait_for_json> on 2023-06-14 19:18:47.083192+00:00
[2023-06-14T19:26:18.284+0000] {standard_task_runner.py:57} INFO - Started process 8915 to run task
[2023-06-14T19:26:18.296+0000] {standard_task_runner.py:84} INFO - Running: ['***', 'tasks', 'run', 'get_university_api_send_psql', 'wait_for_json', 'manual__2023-06-14T19:18:47.083192+00:00', '--job-id', '1584', '--raw', '--subdir', 'DAGS_FOLDER/data-university-from-api-dag/data_university_from_api_dag.py', '--cfg-path', '/tmp/tmppwlxq_n3']
[2023-06-14T19:26:18.306+0000] {standard_task_runner.py:85} INFO - Job 1584: Subtask wait_for_json
[2023-06-14T19:26:18.413+0000] {task_command.py:410} INFO - Running <TaskInstance: get_university_api_send_psql.wait_for_json manual__2023-06-14T19:18:47.083192+00:00 [running]> on host cd01a659cc96
[2023-06-14T19:26:18.663+0000] {taskinstance.py:1547} INFO - Exporting env vars: AIRFLOW_CTX_DAG_OWNER='***' AIRFLOW_CTX_DAG_ID='get_university_api_send_psql' AIRFLOW_CTX_TASK_ID='wait_for_json' AIRFLOW_CTX_EXECUTION_DATE='2023-06-14T19:18:47.083192+00:00' AIRFLOW_CTX_TRY_NUMBER='1' AIRFLOW_CTX_DAG_RUN_ID='manual__2023-06-14T19:18:47.083192+00:00'
[2023-06-14T19:26:18.710+0000] {python.py:72} INFO - Poking callable: <function _wait_for_json at 0x7fb93c18c3b0>
[2023-06-14T19:26:18.918+0000] {taskinstance.py:1784} INFO - Rescheduling task, marking task as UP_FOR_RESCHEDULE
[2023-06-14T19:26:18.974+0000] {local_task_job_runner.py:225} INFO - Task exited with return code 0
[2023-06-14T19:26:19.073+0000] {taskinstance.py:2651} INFO - 0 downstream tasks scheduled from follow-on schedule check
[2023-06-14T19:26:53.946+0000] {taskinstance.py:1103} INFO - Dependencies all met for dep_context=non-requeueable deps ti=<TaskInstance: get_university_api_send_psql.wait_for_json manual__2023-06-14T19:18:47.083192+00:00 [queued]>
[2023-06-14T19:26:53.966+0000] {taskinstance.py:1103} INFO - Dependencies all met for dep_context=requeueable deps ti=<TaskInstance: get_university_api_send_psql.wait_for_json manual__2023-06-14T19:18:47.083192+00:00 [queued]>
[2023-06-14T19:26:53.968+0000] {taskinstance.py:1308} INFO - Starting attempt 1 of 1
[2023-06-14T19:26:53.990+0000] {taskinstance.py:1327} INFO - Executing <Task(PythonSensor): wait_for_json> on 2023-06-14 19:18:47.083192+00:00
[2023-06-14T19:26:54.002+0000] {standard_task_runner.py:57} INFO - Started process 8933 to run task
[2023-06-14T19:26:54.010+0000] {standard_task_runner.py:84} INFO - Running: ['***', 'tasks', 'run', 'get_university_api_send_psql', 'wait_for_json', 'manual__2023-06-14T19:18:47.083192+00:00', '--job-id', '1587', '--raw', '--subdir', 'DAGS_FOLDER/data-university-from-api-dag/data_university_from_api_dag.py', '--cfg-path', '/tmp/tmpzdkze_rc']
[2023-06-14T19:26:54.016+0000] {standard_task_runner.py:85} INFO - Job 1587: Subtask wait_for_json
[2023-06-14T19:26:54.093+0000] {task_command.py:410} INFO - Running <TaskInstance: get_university_api_send_psql.wait_for_json manual__2023-06-14T19:18:47.083192+00:00 [running]> on host cd01a659cc96
[2023-06-14T19:26:54.225+0000] {taskinstance.py:1547} INFO - Exporting env vars: AIRFLOW_CTX_DAG_OWNER='***' AIRFLOW_CTX_DAG_ID='get_university_api_send_psql' AIRFLOW_CTX_TASK_ID='wait_for_json' AIRFLOW_CTX_EXECUTION_DATE='2023-06-14T19:18:47.083192+00:00' AIRFLOW_CTX_TRY_NUMBER='1' AIRFLOW_CTX_DAG_RUN_ID='manual__2023-06-14T19:18:47.083192+00:00'
[2023-06-14T19:26:54.242+0000] {python.py:72} INFO - Poking callable: <function _wait_for_json at 0x7fb93c12b440>
[2023-06-14T19:26:54.272+0000] {taskinstance.py:1784} INFO - Rescheduling task, marking task as UP_FOR_RESCHEDULE
[2023-06-14T19:26:54.304+0000] {local_task_job_runner.py:225} INFO - Task exited with return code 0
[2023-06-14T19:26:54.347+0000] {taskinstance.py:2651} INFO - 0 downstream tasks scheduled from follow-on schedule check
[2023-06-14T19:27:29.011+0000] {taskinstance.py:1103} INFO - Dependencies all met for dep_context=non-requeueable deps ti=<TaskInstance: get_university_api_send_psql.wait_for_json manual__2023-06-14T19:18:47.083192+00:00 [queued]>
[2023-06-14T19:27:29.059+0000] {taskinstance.py:1103} INFO - Dependencies all met for dep_context=requeueable deps ti=<TaskInstance: get_university_api_send_psql.wait_for_json manual__2023-06-14T19:18:47.083192+00:00 [queued]>
[2023-06-14T19:27:29.063+0000] {taskinstance.py:1308} INFO - Starting attempt 1 of 1
[2023-06-14T19:27:29.121+0000] {taskinstance.py:1327} INFO - Executing <Task(PythonSensor): wait_for_json> on 2023-06-14 19:18:47.083192+00:00
[2023-06-14T19:27:29.191+0000] {standard_task_runner.py:57} INFO - Started process 8951 to run task
[2023-06-14T19:27:29.208+0000] {standard_task_runner.py:84} INFO - Running: ['***', 'tasks', 'run', 'get_university_api_send_psql', 'wait_for_json', 'manual__2023-06-14T19:18:47.083192+00:00', '--job-id', '1590', '--raw', '--subdir', 'DAGS_FOLDER/data-university-from-api-dag/data_university_from_api_dag.py', '--cfg-path', '/tmp/tmpselos0x0']
[2023-06-14T19:27:29.214+0000] {standard_task_runner.py:85} INFO - Job 1590: Subtask wait_for_json
[2023-06-14T19:27:29.346+0000] {task_command.py:410} INFO - Running <TaskInstance: get_university_api_send_psql.wait_for_json manual__2023-06-14T19:18:47.083192+00:00 [running]> on host cd01a659cc96
[2023-06-14T19:27:29.502+0000] {taskinstance.py:1547} INFO - Exporting env vars: AIRFLOW_CTX_DAG_OWNER='***' AIRFLOW_CTX_DAG_ID='get_university_api_send_psql' AIRFLOW_CTX_TASK_ID='wait_for_json' AIRFLOW_CTX_EXECUTION_DATE='2023-06-14T19:18:47.083192+00:00' AIRFLOW_CTX_TRY_NUMBER='1' AIRFLOW_CTX_DAG_RUN_ID='manual__2023-06-14T19:18:47.083192+00:00'
[2023-06-14T19:27:29.544+0000] {python.py:72} INFO - Poking callable: <function _wait_for_json at 0x7fb93c12b440>
[2023-06-14T19:27:29.597+0000] {taskinstance.py:1784} INFO - Rescheduling task, marking task as UP_FOR_RESCHEDULE
[2023-06-14T19:27:29.661+0000] {local_task_job_runner.py:225} INFO - Task exited with return code 0
[2023-06-14T19:27:29.724+0000] {taskinstance.py:2651} INFO - 0 downstream tasks scheduled from follow-on schedule check
[2023-06-14T19:28:00.891+0000] {taskinstance.py:1103} INFO - Dependencies all met for dep_context=non-requeueable deps ti=<TaskInstance: get_university_api_send_psql.wait_for_json manual__2023-06-14T19:18:47.083192+00:00 [queued]>
[2023-06-14T19:28:00.906+0000] {taskinstance.py:1103} INFO - Dependencies all met for dep_context=requeueable deps ti=<TaskInstance: get_university_api_send_psql.wait_for_json manual__2023-06-14T19:18:47.083192+00:00 [queued]>
[2023-06-14T19:28:00.907+0000] {taskinstance.py:1308} INFO - Starting attempt 1 of 1
[2023-06-14T19:28:00.926+0000] {taskinstance.py:1327} INFO - Executing <Task(PythonSensor): wait_for_json> on 2023-06-14 19:18:47.083192+00:00
[2023-06-14T19:28:00.935+0000] {standard_task_runner.py:57} INFO - Started process 8968 to run task
[2023-06-14T19:28:00.941+0000] {standard_task_runner.py:84} INFO - Running: ['***', 'tasks', 'run', 'get_university_api_send_psql', 'wait_for_json', 'manual__2023-06-14T19:18:47.083192+00:00', '--job-id', '1593', '--raw', '--subdir', 'DAGS_FOLDER/data-university-from-api-dag/data_university_from_api_dag.py', '--cfg-path', '/tmp/tmpolj6urcd']
[2023-06-14T19:28:00.945+0000] {standard_task_runner.py:85} INFO - Job 1593: Subtask wait_for_json
[2023-06-14T19:28:01.013+0000] {task_command.py:410} INFO - Running <TaskInstance: get_university_api_send_psql.wait_for_json manual__2023-06-14T19:18:47.083192+00:00 [running]> on host cd01a659cc96
[2023-06-14T19:28:01.203+0000] {taskinstance.py:1547} INFO - Exporting env vars: AIRFLOW_CTX_DAG_OWNER='***' AIRFLOW_CTX_DAG_ID='get_university_api_send_psql' AIRFLOW_CTX_TASK_ID='wait_for_json' AIRFLOW_CTX_EXECUTION_DATE='2023-06-14T19:18:47.083192+00:00' AIRFLOW_CTX_TRY_NUMBER='1' AIRFLOW_CTX_DAG_RUN_ID='manual__2023-06-14T19:18:47.083192+00:00'
[2023-06-14T19:28:01.223+0000] {python.py:72} INFO - Poking callable: <function _wait_for_json at 0x7fb93c12b440>
[2023-06-14T19:28:01.250+0000] {taskinstance.py:1784} INFO - Rescheduling task, marking task as UP_FOR_RESCHEDULE
[2023-06-14T19:28:01.278+0000] {local_task_job_runner.py:225} INFO - Task exited with return code 0
[2023-06-14T19:28:01.319+0000] {taskinstance.py:2651} INFO - 0 downstream tasks scheduled from follow-on schedule check
[2023-06-14T19:28:33.185+0000] {taskinstance.py:1103} INFO - Dependencies all met for dep_context=non-requeueable deps ti=<TaskInstance: get_university_api_send_psql.wait_for_json manual__2023-06-14T19:18:47.083192+00:00 [queued]>
[2023-06-14T19:28:33.201+0000] {taskinstance.py:1103} INFO - Dependencies all met for dep_context=requeueable deps ti=<TaskInstance: get_university_api_send_psql.wait_for_json manual__2023-06-14T19:18:47.083192+00:00 [queued]>
[2023-06-14T19:28:33.202+0000] {taskinstance.py:1308} INFO - Starting attempt 1 of 1
[2023-06-14T19:28:33.222+0000] {taskinstance.py:1327} INFO - Executing <Task(PythonSensor): wait_for_json> on 2023-06-14 19:18:47.083192+00:00
[2023-06-14T19:28:33.231+0000] {standard_task_runner.py:57} INFO - Started process 8987 to run task
[2023-06-14T19:28:33.237+0000] {standard_task_runner.py:84} INFO - Running: ['***', 'tasks', 'run', 'get_university_api_send_psql', 'wait_for_json', 'manual__2023-06-14T19:18:47.083192+00:00', '--job-id', '1596', '--raw', '--subdir', 'DAGS_FOLDER/data-university-from-api-dag/data_university_from_api_dag.py', '--cfg-path', '/tmp/tmpsnq1f2qu']
[2023-06-14T19:28:33.241+0000] {standard_task_runner.py:85} INFO - Job 1596: Subtask wait_for_json
[2023-06-14T19:28:33.311+0000] {task_command.py:410} INFO - Running <TaskInstance: get_university_api_send_psql.wait_for_json manual__2023-06-14T19:18:47.083192+00:00 [running]> on host cd01a659cc96
[2023-06-14T19:28:33.411+0000] {taskinstance.py:1547} INFO - Exporting env vars: AIRFLOW_CTX_DAG_OWNER='***' AIRFLOW_CTX_DAG_ID='get_university_api_send_psql' AIRFLOW_CTX_TASK_ID='wait_for_json' AIRFLOW_CTX_EXECUTION_DATE='2023-06-14T19:18:47.083192+00:00' AIRFLOW_CTX_TRY_NUMBER='1' AIRFLOW_CTX_DAG_RUN_ID='manual__2023-06-14T19:18:47.083192+00:00'
[2023-06-14T19:28:33.426+0000] {python.py:72} INFO - Poking callable: <function _wait_for_json at 0x7fb93c12b440>
[2023-06-14T19:28:33.454+0000] {taskinstance.py:1784} INFO - Rescheduling task, marking task as UP_FOR_RESCHEDULE
[2023-06-14T19:28:33.491+0000] {local_task_job_runner.py:225} INFO - Task exited with return code 0
[2023-06-14T19:28:33.552+0000] {taskinstance.py:2651} INFO - 0 downstream tasks scheduled from follow-on schedule check
[2023-06-14T19:29:04.620+0000] {taskinstance.py:1103} INFO - Dependencies all met for dep_context=non-requeueable deps ti=<TaskInstance: get_university_api_send_psql.wait_for_json manual__2023-06-14T19:18:47.083192+00:00 [queued]>
[2023-06-14T19:29:04.638+0000] {taskinstance.py:1103} INFO - Dependencies all met for dep_context=requeueable deps ti=<TaskInstance: get_university_api_send_psql.wait_for_json manual__2023-06-14T19:18:47.083192+00:00 [queued]>
[2023-06-14T19:29:04.640+0000] {taskinstance.py:1308} INFO - Starting attempt 1 of 1
[2023-06-14T19:29:04.676+0000] {taskinstance.py:1327} INFO - Executing <Task(PythonSensor): wait_for_json> on 2023-06-14 19:18:47.083192+00:00
[2023-06-14T19:29:04.694+0000] {standard_task_runner.py:57} INFO - Started process 9005 to run task
[2023-06-14T19:29:04.706+0000] {standard_task_runner.py:84} INFO - Running: ['***', 'tasks', 'run', 'get_university_api_send_psql', 'wait_for_json', 'manual__2023-06-14T19:18:47.083192+00:00', '--job-id', '1599', '--raw', '--subdir', 'DAGS_FOLDER/data-university-from-api-dag/data_university_from_api_dag.py', '--cfg-path', '/tmp/tmprbo4o_jb']
[2023-06-14T19:29:04.713+0000] {standard_task_runner.py:85} INFO - Job 1599: Subtask wait_for_json
[2023-06-14T19:29:05.131+0000] {task_command.py:410} INFO - Running <TaskInstance: get_university_api_send_psql.wait_for_json manual__2023-06-14T19:18:47.083192+00:00 [running]> on host cd01a659cc96
[2023-06-14T19:29:05.262+0000] {taskinstance.py:1547} INFO - Exporting env vars: AIRFLOW_CTX_DAG_OWNER='***' AIRFLOW_CTX_DAG_ID='get_university_api_send_psql' AIRFLOW_CTX_TASK_ID='wait_for_json' AIRFLOW_CTX_EXECUTION_DATE='2023-06-14T19:18:47.083192+00:00' AIRFLOW_CTX_TRY_NUMBER='1' AIRFLOW_CTX_DAG_RUN_ID='manual__2023-06-14T19:18:47.083192+00:00'
[2023-06-14T19:29:05.280+0000] {python.py:72} INFO - Poking callable: <function _wait_for_json at 0x7fb93c12b440>
[2023-06-14T19:29:05.307+0000] {taskinstance.py:1784} INFO - Rescheduling task, marking task as UP_FOR_RESCHEDULE
[2023-06-14T19:29:05.351+0000] {local_task_job_runner.py:225} INFO - Task exited with return code 0
[2023-06-14T19:29:05.394+0000] {taskinstance.py:2651} INFO - 0 downstream tasks scheduled from follow-on schedule check
[2023-06-14T19:29:37.146+0000] {taskinstance.py:1103} INFO - Dependencies all met for dep_context=non-requeueable deps ti=<TaskInstance: get_university_api_send_psql.wait_for_json manual__2023-06-14T19:18:47.083192+00:00 [queued]>
[2023-06-14T19:29:37.164+0000] {taskinstance.py:1103} INFO - Dependencies all met for dep_context=requeueable deps ti=<TaskInstance: get_university_api_send_psql.wait_for_json manual__2023-06-14T19:18:47.083192+00:00 [queued]>
[2023-06-14T19:29:37.165+0000] {taskinstance.py:1308} INFO - Starting attempt 1 of 1
[2023-06-14T19:29:37.191+0000] {taskinstance.py:1327} INFO - Executing <Task(PythonSensor): wait_for_json> on 2023-06-14 19:18:47.083192+00:00
[2023-06-14T19:29:37.202+0000] {standard_task_runner.py:57} INFO - Started process 9022 to run task
[2023-06-14T19:29:37.212+0000] {standard_task_runner.py:84} INFO - Running: ['***', 'tasks', 'run', 'get_university_api_send_psql', 'wait_for_json', 'manual__2023-06-14T19:18:47.083192+00:00', '--job-id', '1602', '--raw', '--subdir', 'DAGS_FOLDER/data-university-from-api-dag/data_university_from_api_dag.py', '--cfg-path', '/tmp/tmpnni69o5x']
[2023-06-14T19:29:37.219+0000] {standard_task_runner.py:85} INFO - Job 1602: Subtask wait_for_json
[2023-06-14T19:29:37.308+0000] {task_command.py:410} INFO - Running <TaskInstance: get_university_api_send_psql.wait_for_json manual__2023-06-14T19:18:47.083192+00:00 [running]> on host cd01a659cc96
[2023-06-14T19:29:37.410+0000] {taskinstance.py:1547} INFO - Exporting env vars: AIRFLOW_CTX_DAG_OWNER='***' AIRFLOW_CTX_DAG_ID='get_university_api_send_psql' AIRFLOW_CTX_TASK_ID='wait_for_json' AIRFLOW_CTX_EXECUTION_DATE='2023-06-14T19:18:47.083192+00:00' AIRFLOW_CTX_TRY_NUMBER='1' AIRFLOW_CTX_DAG_RUN_ID='manual__2023-06-14T19:18:47.083192+00:00'
[2023-06-14T19:29:37.427+0000] {python.py:72} INFO - Poking callable: <function _wait_for_json at 0x7fb93c12b440>
[2023-06-14T19:29:37.455+0000] {taskinstance.py:1784} INFO - Rescheduling task, marking task as UP_FOR_RESCHEDULE
[2023-06-14T19:29:37.478+0000] {local_task_job_runner.py:225} INFO - Task exited with return code 0
[2023-06-14T19:29:37.520+0000] {taskinstance.py:2651} INFO - 0 downstream tasks scheduled from follow-on schedule check
[2023-06-14T19:30:10.351+0000] {taskinstance.py:1103} INFO - Dependencies all met for dep_context=non-requeueable deps ti=<TaskInstance: get_university_api_send_psql.wait_for_json manual__2023-06-14T19:18:47.083192+00:00 [queued]>
[2023-06-14T19:30:10.369+0000] {taskinstance.py:1103} INFO - Dependencies all met for dep_context=requeueable deps ti=<TaskInstance: get_university_api_send_psql.wait_for_json manual__2023-06-14T19:18:47.083192+00:00 [queued]>
[2023-06-14T19:30:10.370+0000] {taskinstance.py:1308} INFO - Starting attempt 1 of 1
[2023-06-14T19:30:10.405+0000] {taskinstance.py:1327} INFO - Executing <Task(PythonSensor): wait_for_json> on 2023-06-14 19:18:47.083192+00:00
[2023-06-14T19:30:10.423+0000] {standard_task_runner.py:57} INFO - Started process 9040 to run task
[2023-06-14T19:30:10.439+0000] {standard_task_runner.py:84} INFO - Running: ['***', 'tasks', 'run', 'get_university_api_send_psql', 'wait_for_json', 'manual__2023-06-14T19:18:47.083192+00:00', '--job-id', '1605', '--raw', '--subdir', 'DAGS_FOLDER/data-university-from-api-dag/data_university_from_api_dag.py', '--cfg-path', '/tmp/tmpo_vosx9p']
[2023-06-14T19:30:10.445+0000] {standard_task_runner.py:85} INFO - Job 1605: Subtask wait_for_json
[2023-06-14T19:30:10.547+0000] {task_command.py:410} INFO - Running <TaskInstance: get_university_api_send_psql.wait_for_json manual__2023-06-14T19:18:47.083192+00:00 [running]> on host cd01a659cc96
[2023-06-14T19:30:10.675+0000] {taskinstance.py:1547} INFO - Exporting env vars: AIRFLOW_CTX_DAG_OWNER='***' AIRFLOW_CTX_DAG_ID='get_university_api_send_psql' AIRFLOW_CTX_TASK_ID='wait_for_json' AIRFLOW_CTX_EXECUTION_DATE='2023-06-14T19:18:47.083192+00:00' AIRFLOW_CTX_TRY_NUMBER='1' AIRFLOW_CTX_DAG_RUN_ID='manual__2023-06-14T19:18:47.083192+00:00'
[2023-06-14T19:30:10.692+0000] {python.py:72} INFO - Poking callable: <function _wait_for_json at 0x7fb93c12b440>
[2023-06-14T19:30:10.722+0000] {taskinstance.py:1784} INFO - Rescheduling task, marking task as UP_FOR_RESCHEDULE
[2023-06-14T19:30:10.768+0000] {local_task_job_runner.py:225} INFO - Task exited with return code 0
[2023-06-14T19:30:10.835+0000] {taskinstance.py:2651} INFO - 0 downstream tasks scheduled from follow-on schedule check
[2023-06-14T19:30:42.838+0000] {taskinstance.py:1103} INFO - Dependencies all met for dep_context=non-requeueable deps ti=<TaskInstance: get_university_api_send_psql.wait_for_json manual__2023-06-14T19:18:47.083192+00:00 [queued]>
[2023-06-14T19:30:42.854+0000] {taskinstance.py:1103} INFO - Dependencies all met for dep_context=requeueable deps ti=<TaskInstance: get_university_api_send_psql.wait_for_json manual__2023-06-14T19:18:47.083192+00:00 [queued]>
[2023-06-14T19:30:42.856+0000] {taskinstance.py:1308} INFO - Starting attempt 1 of 1
[2023-06-14T19:30:42.879+0000] {taskinstance.py:1327} INFO - Executing <Task(PythonSensor): wait_for_json> on 2023-06-14 19:18:47.083192+00:00
[2023-06-14T19:30:42.893+0000] {standard_task_runner.py:57} INFO - Started process 9057 to run task
[2023-06-14T19:30:42.904+0000] {standard_task_runner.py:84} INFO - Running: ['***', 'tasks', 'run', 'get_university_api_send_psql', 'wait_for_json', 'manual__2023-06-14T19:18:47.083192+00:00', '--job-id', '1608', '--raw', '--subdir', 'DAGS_FOLDER/data-university-from-api-dag/data_university_from_api_dag.py', '--cfg-path', '/tmp/tmpj3rkb0e4']
[2023-06-14T19:30:42.928+0000] {standard_task_runner.py:85} INFO - Job 1608: Subtask wait_for_json
[2023-06-14T19:30:43.043+0000] {task_command.py:410} INFO - Running <TaskInstance: get_university_api_send_psql.wait_for_json manual__2023-06-14T19:18:47.083192+00:00 [running]> on host cd01a659cc96
[2023-06-14T19:30:43.164+0000] {taskinstance.py:1547} INFO - Exporting env vars: AIRFLOW_CTX_DAG_OWNER='***' AIRFLOW_CTX_DAG_ID='get_university_api_send_psql' AIRFLOW_CTX_TASK_ID='wait_for_json' AIRFLOW_CTX_EXECUTION_DATE='2023-06-14T19:18:47.083192+00:00' AIRFLOW_CTX_TRY_NUMBER='1' AIRFLOW_CTX_DAG_RUN_ID='manual__2023-06-14T19:18:47.083192+00:00'
[2023-06-14T19:30:43.194+0000] {python.py:72} INFO - Poking callable: <function _wait_for_json at 0x7fb93c12b440>
[2023-06-14T19:30:43.272+0000] {taskinstance.py:1784} INFO - Rescheduling task, marking task as UP_FOR_RESCHEDULE
[2023-06-14T19:30:43.334+0000] {local_task_job_runner.py:225} INFO - Task exited with return code 0
[2023-06-14T19:30:43.396+0000] {taskinstance.py:2651} INFO - 0 downstream tasks scheduled from follow-on schedule check
[2023-06-14T19:31:43.774+0000] {taskinstance.py:1103} INFO - Dependencies all met for dep_context=non-requeueable deps ti=<TaskInstance: get_university_api_send_psql.wait_for_json manual__2023-06-14T19:18:47.083192+00:00 [queued]>
[2023-06-14T19:31:43.804+0000] {taskinstance.py:1103} INFO - Dependencies all met for dep_context=requeueable deps ti=<TaskInstance: get_university_api_send_psql.wait_for_json manual__2023-06-14T19:18:47.083192+00:00 [queued]>
[2023-06-14T19:31:43.806+0000] {taskinstance.py:1308} INFO - Starting attempt 1 of 1
[2023-06-14T19:31:43.856+0000] {taskinstance.py:1327} INFO - Executing <Task(PythonSensor): wait_for_json> on 2023-06-14 19:18:47.083192+00:00
[2023-06-14T19:31:43.874+0000] {standard_task_runner.py:57} INFO - Started process 9081 to run task
[2023-06-14T19:31:43.899+0000] {standard_task_runner.py:84} INFO - Running: ['***', 'tasks', 'run', 'get_university_api_send_psql', 'wait_for_json', 'manual__2023-06-14T19:18:47.083192+00:00', '--job-id', '1613', '--raw', '--subdir', 'DAGS_FOLDER/data-university-from-api-dag/data_university_from_api_dag.py', '--cfg-path', '/tmp/tmpl7mbeddj']
[2023-06-14T19:31:43.907+0000] {standard_task_runner.py:85} INFO - Job 1613: Subtask wait_for_json
[2023-06-14T19:31:44.375+0000] {task_command.py:410} INFO - Running <TaskInstance: get_university_api_send_psql.wait_for_json manual__2023-06-14T19:18:47.083192+00:00 [running]> on host cd01a659cc96
[2023-06-14T19:31:44.718+0000] {taskinstance.py:1547} INFO - Exporting env vars: AIRFLOW_CTX_DAG_OWNER='***' AIRFLOW_CTX_DAG_ID='get_university_api_send_psql' AIRFLOW_CTX_TASK_ID='wait_for_json' AIRFLOW_CTX_EXECUTION_DATE='2023-06-14T19:18:47.083192+00:00' AIRFLOW_CTX_TRY_NUMBER='1' AIRFLOW_CTX_DAG_RUN_ID='manual__2023-06-14T19:18:47.083192+00:00'
[2023-06-14T19:31:44.745+0000] {python.py:72} INFO - Poking callable: <function _wait_for_json at 0x7fb93c172b90>
[2023-06-14T19:31:44.791+0000] {taskinstance.py:1784} INFO - Rescheduling task, marking task as UP_FOR_RESCHEDULE
[2023-06-14T19:31:44.833+0000] {local_task_job_runner.py:225} INFO - Task exited with return code 0
[2023-06-14T19:31:44.890+0000] {taskinstance.py:2651} INFO - 0 downstream tasks scheduled from follow-on schedule check
[2023-06-14T19:32:41.099+0000] {taskinstance.py:1103} INFO - Dependencies all met for dep_context=non-requeueable deps ti=<TaskInstance: get_university_api_send_psql.wait_for_json manual__2023-06-14T19:18:47.083192+00:00 [queued]>
[2023-06-14T19:32:41.137+0000] {taskinstance.py:1103} INFO - Dependencies all met for dep_context=requeueable deps ti=<TaskInstance: get_university_api_send_psql.wait_for_json manual__2023-06-14T19:18:47.083192+00:00 [queued]>
[2023-06-14T19:32:41.139+0000] {taskinstance.py:1308} INFO - Starting attempt 1 of 1
[2023-06-14T19:32:41.188+0000] {taskinstance.py:1327} INFO - Executing <Task(PythonSensor): wait_for_json> on 2023-06-14 19:18:47.083192+00:00
[2023-06-14T19:32:41.208+0000] {standard_task_runner.py:57} INFO - Started process 9112 to run task
[2023-06-14T19:32:41.231+0000] {standard_task_runner.py:84} INFO - Running: ['***', 'tasks', 'run', 'get_university_api_send_psql', 'wait_for_json', 'manual__2023-06-14T19:18:47.083192+00:00', '--job-id', '1617', '--raw', '--subdir', 'DAGS_FOLDER/data-university-from-api-dag/data_university_from_api_dag.py', '--cfg-path', '/tmp/tmpojpm6t6v']
[2023-06-14T19:32:41.244+0000] {standard_task_runner.py:85} INFO - Job 1617: Subtask wait_for_json
[2023-06-14T19:32:41.379+0000] {task_command.py:410} INFO - Running <TaskInstance: get_university_api_send_psql.wait_for_json manual__2023-06-14T19:18:47.083192+00:00 [running]> on host cd01a659cc96
[2023-06-14T19:32:41.672+0000] {taskinstance.py:1547} INFO - Exporting env vars: AIRFLOW_CTX_DAG_OWNER='***' AIRFLOW_CTX_DAG_ID='get_university_api_send_psql' AIRFLOW_CTX_TASK_ID='wait_for_json' AIRFLOW_CTX_EXECUTION_DATE='2023-06-14T19:18:47.083192+00:00' AIRFLOW_CTX_TRY_NUMBER='1' AIRFLOW_CTX_DAG_RUN_ID='manual__2023-06-14T19:18:47.083192+00:00'
[2023-06-14T19:32:41.707+0000] {python.py:72} INFO - Poking callable: <function _wait_for_json at 0x7fb93c175b90>
[2023-06-14T19:32:41.754+0000] {taskinstance.py:1784} INFO - Rescheduling task, marking task as UP_FOR_RESCHEDULE
[2023-06-14T19:32:41.822+0000] {local_task_job_runner.py:225} INFO - Task exited with return code 0
[2023-06-14T19:32:41.969+0000] {taskinstance.py:2651} INFO - 0 downstream tasks scheduled from follow-on schedule check
[2023-06-14T19:33:13.150+0000] {taskinstance.py:1103} INFO - Dependencies all met for dep_context=non-requeueable deps ti=<TaskInstance: get_university_api_send_psql.wait_for_json manual__2023-06-14T19:18:47.083192+00:00 [queued]>
[2023-06-14T19:33:13.165+0000] {taskinstance.py:1103} INFO - Dependencies all met for dep_context=requeueable deps ti=<TaskInstance: get_university_api_send_psql.wait_for_json manual__2023-06-14T19:18:47.083192+00:00 [queued]>
[2023-06-14T19:33:13.166+0000] {taskinstance.py:1308} INFO - Starting attempt 1 of 1
[2023-06-14T19:33:13.185+0000] {taskinstance.py:1327} INFO - Executing <Task(PythonSensor): wait_for_json> on 2023-06-14 19:18:47.083192+00:00
[2023-06-14T19:33:13.194+0000] {standard_task_runner.py:57} INFO - Started process 9133 to run task
[2023-06-14T19:33:13.201+0000] {standard_task_runner.py:84} INFO - Running: ['***', 'tasks', 'run', 'get_university_api_send_psql', 'wait_for_json', 'manual__2023-06-14T19:18:47.083192+00:00', '--job-id', '1621', '--raw', '--subdir', 'DAGS_FOLDER/data-university-from-api-dag/data_university_from_api_dag.py', '--cfg-path', '/tmp/tmpsztvthmk']
[2023-06-14T19:33:13.205+0000] {standard_task_runner.py:85} INFO - Job 1621: Subtask wait_for_json
[2023-06-14T19:33:13.278+0000] {task_command.py:410} INFO - Running <TaskInstance: get_university_api_send_psql.wait_for_json manual__2023-06-14T19:18:47.083192+00:00 [running]> on host cd01a659cc96
[2023-06-14T19:33:13.390+0000] {taskinstance.py:1547} INFO - Exporting env vars: AIRFLOW_CTX_DAG_OWNER='***' AIRFLOW_CTX_DAG_ID='get_university_api_send_psql' AIRFLOW_CTX_TASK_ID='wait_for_json' AIRFLOW_CTX_EXECUTION_DATE='2023-06-14T19:18:47.083192+00:00' AIRFLOW_CTX_TRY_NUMBER='1' AIRFLOW_CTX_DAG_RUN_ID='manual__2023-06-14T19:18:47.083192+00:00'
[2023-06-14T19:33:13.406+0000] {python.py:72} INFO - Poking callable: <function _wait_for_json at 0x7fb93c12b440>
[2023-06-14T19:33:13.435+0000] {taskinstance.py:1784} INFO - Rescheduling task, marking task as UP_FOR_RESCHEDULE
[2023-06-14T19:33:13.458+0000] {local_task_job_runner.py:225} INFO - Task exited with return code 0
[2023-06-14T19:33:13.498+0000] {taskinstance.py:2651} INFO - 0 downstream tasks scheduled from follow-on schedule check
[2023-06-14T19:33:46.807+0000] {taskinstance.py:1103} INFO - Dependencies all met for dep_context=non-requeueable deps ti=<TaskInstance: get_university_api_send_psql.wait_for_json manual__2023-06-14T19:18:47.083192+00:00 [queued]>
[2023-06-14T19:33:46.924+0000] {taskinstance.py:1103} INFO - Dependencies all met for dep_context=requeueable deps ti=<TaskInstance: get_university_api_send_psql.wait_for_json manual__2023-06-14T19:18:47.083192+00:00 [queued]>
[2023-06-14T19:33:46.929+0000] {taskinstance.py:1308} INFO - Starting attempt 1 of 1
[2023-06-14T19:33:46.991+0000] {taskinstance.py:1327} INFO - Executing <Task(PythonSensor): wait_for_json> on 2023-06-14 19:18:47.083192+00:00
[2023-06-14T19:33:47.004+0000] {standard_task_runner.py:57} INFO - Started process 9153 to run task
[2023-06-14T19:33:47.013+0000] {standard_task_runner.py:84} INFO - Running: ['***', 'tasks', 'run', 'get_university_api_send_psql', 'wait_for_json', 'manual__2023-06-14T19:18:47.083192+00:00', '--job-id', '1625', '--raw', '--subdir', 'DAGS_FOLDER/data-university-from-api-dag/data_university_from_api_dag.py', '--cfg-path', '/tmp/tmp7owrcs3o']
[2023-06-14T19:33:47.018+0000] {standard_task_runner.py:85} INFO - Job 1625: Subtask wait_for_json
[2023-06-14T19:33:47.150+0000] {task_command.py:410} INFO - Running <TaskInstance: get_university_api_send_psql.wait_for_json manual__2023-06-14T19:18:47.083192+00:00 [running]> on host cd01a659cc96
[2023-06-14T19:33:47.290+0000] {taskinstance.py:1547} INFO - Exporting env vars: AIRFLOW_CTX_DAG_OWNER='***' AIRFLOW_CTX_DAG_ID='get_university_api_send_psql' AIRFLOW_CTX_TASK_ID='wait_for_json' AIRFLOW_CTX_EXECUTION_DATE='2023-06-14T19:18:47.083192+00:00' AIRFLOW_CTX_TRY_NUMBER='1' AIRFLOW_CTX_DAG_RUN_ID='manual__2023-06-14T19:18:47.083192+00:00'
[2023-06-14T19:33:47.316+0000] {python.py:72} INFO - Poking callable: <function _wait_for_json at 0x7fb93c12b440>
[2023-06-14T19:33:47.349+0000] {taskinstance.py:1784} INFO - Rescheduling task, marking task as UP_FOR_RESCHEDULE
[2023-06-14T19:33:47.395+0000] {local_task_job_runner.py:225} INFO - Task exited with return code 0
[2023-06-14T19:33:47.441+0000] {taskinstance.py:2651} INFO - 0 downstream tasks scheduled from follow-on schedule check
[2023-06-14T19:34:20.856+0000] {taskinstance.py:1103} INFO - Dependencies all met for dep_context=non-requeueable deps ti=<TaskInstance: get_university_api_send_psql.wait_for_json manual__2023-06-14T19:18:47.083192+00:00 [queued]>
[2023-06-14T19:34:20.873+0000] {taskinstance.py:1103} INFO - Dependencies all met for dep_context=requeueable deps ti=<TaskInstance: get_university_api_send_psql.wait_for_json manual__2023-06-14T19:18:47.083192+00:00 [queued]>
[2023-06-14T19:34:20.875+0000] {taskinstance.py:1308} INFO - Starting attempt 1 of 1
[2023-06-14T19:34:20.898+0000] {taskinstance.py:1327} INFO - Executing <Task(PythonSensor): wait_for_json> on 2023-06-14 19:18:47.083192+00:00
[2023-06-14T19:34:20.907+0000] {standard_task_runner.py:57} INFO - Started process 9173 to run task
[2023-06-14T19:34:20.916+0000] {standard_task_runner.py:84} INFO - Running: ['***', 'tasks', 'run', 'get_university_api_send_psql', 'wait_for_json', 'manual__2023-06-14T19:18:47.083192+00:00', '--job-id', '1629', '--raw', '--subdir', 'DAGS_FOLDER/data-university-from-api-dag/data_university_from_api_dag.py', '--cfg-path', '/tmp/tmp9v42t1z3']
[2023-06-14T19:34:20.922+0000] {standard_task_runner.py:85} INFO - Job 1629: Subtask wait_for_json
[2023-06-14T19:34:21.002+0000] {task_command.py:410} INFO - Running <TaskInstance: get_university_api_send_psql.wait_for_json manual__2023-06-14T19:18:47.083192+00:00 [running]> on host cd01a659cc96
[2023-06-14T19:34:21.136+0000] {taskinstance.py:1547} INFO - Exporting env vars: AIRFLOW_CTX_DAG_OWNER='***' AIRFLOW_CTX_DAG_ID='get_university_api_send_psql' AIRFLOW_CTX_TASK_ID='wait_for_json' AIRFLOW_CTX_EXECUTION_DATE='2023-06-14T19:18:47.083192+00:00' AIRFLOW_CTX_TRY_NUMBER='1' AIRFLOW_CTX_DAG_RUN_ID='manual__2023-06-14T19:18:47.083192+00:00'
[2023-06-14T19:34:21.157+0000] {python.py:72} INFO - Poking callable: <function _wait_for_json at 0x7fb93c12b440>
[2023-06-14T19:34:21.215+0000] {taskinstance.py:1784} INFO - Rescheduling task, marking task as UP_FOR_RESCHEDULE
[2023-06-14T19:34:21.259+0000] {local_task_job_runner.py:225} INFO - Task exited with return code 0
[2023-06-14T19:34:21.333+0000] {taskinstance.py:2651} INFO - 0 downstream tasks scheduled from follow-on schedule check
[2023-06-14T19:35:00.897+0000] {taskinstance.py:1103} INFO - Dependencies all met for dep_context=non-requeueable deps ti=<TaskInstance: get_university_api_send_psql.wait_for_json manual__2023-06-14T19:18:47.083192+00:00 [queued]>
[2023-06-14T19:35:00.930+0000] {taskinstance.py:1103} INFO - Dependencies all met for dep_context=requeueable deps ti=<TaskInstance: get_university_api_send_psql.wait_for_json manual__2023-06-14T19:18:47.083192+00:00 [queued]>
[2023-06-14T19:35:00.932+0000] {taskinstance.py:1308} INFO - Starting attempt 1 of 1
[2023-06-14T19:35:00.973+0000] {taskinstance.py:1327} INFO - Executing <Task(PythonSensor): wait_for_json> on 2023-06-14 19:18:47.083192+00:00
[2023-06-14T19:35:00.999+0000] {standard_task_runner.py:57} INFO - Started process 9194 to run task
[2023-06-14T19:35:01.020+0000] {standard_task_runner.py:84} INFO - Running: ['***', 'tasks', 'run', 'get_university_api_send_psql', 'wait_for_json', 'manual__2023-06-14T19:18:47.083192+00:00', '--job-id', '1633', '--raw', '--subdir', 'DAGS_FOLDER/data-university-from-api-dag/data_university_from_api_dag.py', '--cfg-path', '/tmp/tmpk3gtaf4r']
[2023-06-14T19:35:01.027+0000] {standard_task_runner.py:85} INFO - Job 1633: Subtask wait_for_json
[2023-06-14T19:35:01.169+0000] {task_command.py:410} INFO - Running <TaskInstance: get_university_api_send_psql.wait_for_json manual__2023-06-14T19:18:47.083192+00:00 [running]> on host cd01a659cc96
[2023-06-14T19:35:01.391+0000] {taskinstance.py:1547} INFO - Exporting env vars: AIRFLOW_CTX_DAG_OWNER='***' AIRFLOW_CTX_DAG_ID='get_university_api_send_psql' AIRFLOW_CTX_TASK_ID='wait_for_json' AIRFLOW_CTX_EXECUTION_DATE='2023-06-14T19:18:47.083192+00:00' AIRFLOW_CTX_TRY_NUMBER='1' AIRFLOW_CTX_DAG_RUN_ID='manual__2023-06-14T19:18:47.083192+00:00'
[2023-06-14T19:35:01.417+0000] {python.py:72} INFO - Poking callable: <function _wait_for_json at 0x7fb93c175b90>
[2023-06-14T19:35:01.466+0000] {taskinstance.py:1784} INFO - Rescheduling task, marking task as UP_FOR_RESCHEDULE
[2023-06-14T19:35:01.530+0000] {local_task_job_runner.py:225} INFO - Task exited with return code 0
[2023-06-14T19:35:01.588+0000] {taskinstance.py:2651} INFO - 0 downstream tasks scheduled from follow-on schedule check
[2023-06-14T19:35:33.395+0000] {taskinstance.py:1103} INFO - Dependencies all met for dep_context=non-requeueable deps ti=<TaskInstance: get_university_api_send_psql.wait_for_json manual__2023-06-14T19:18:47.083192+00:00 [queued]>
[2023-06-14T19:35:33.416+0000] {taskinstance.py:1103} INFO - Dependencies all met for dep_context=requeueable deps ti=<TaskInstance: get_university_api_send_psql.wait_for_json manual__2023-06-14T19:18:47.083192+00:00 [queued]>
[2023-06-14T19:35:33.418+0000] {taskinstance.py:1308} INFO - Starting attempt 1 of 1
[2023-06-14T19:35:33.457+0000] {taskinstance.py:1327} INFO - Executing <Task(PythonSensor): wait_for_json> on 2023-06-14 19:18:47.083192+00:00
[2023-06-14T19:35:33.474+0000] {standard_task_runner.py:57} INFO - Started process 9213 to run task
[2023-06-14T19:35:33.488+0000] {standard_task_runner.py:84} INFO - Running: ['***', 'tasks', 'run', 'get_university_api_send_psql', 'wait_for_json', 'manual__2023-06-14T19:18:47.083192+00:00', '--job-id', '1637', '--raw', '--subdir', 'DAGS_FOLDER/data-university-from-api-dag/data_university_from_api_dag.py', '--cfg-path', '/tmp/tmpd5gafe51']
[2023-06-14T19:35:33.496+0000] {standard_task_runner.py:85} INFO - Job 1637: Subtask wait_for_json
[2023-06-14T19:35:33.633+0000] {task_command.py:410} INFO - Running <TaskInstance: get_university_api_send_psql.wait_for_json manual__2023-06-14T19:18:47.083192+00:00 [running]> on host cd01a659cc96
[2023-06-14T19:35:33.817+0000] {taskinstance.py:1547} INFO - Exporting env vars: AIRFLOW_CTX_DAG_OWNER='***' AIRFLOW_CTX_DAG_ID='get_university_api_send_psql' AIRFLOW_CTX_TASK_ID='wait_for_json' AIRFLOW_CTX_EXECUTION_DATE='2023-06-14T19:18:47.083192+00:00' AIRFLOW_CTX_TRY_NUMBER='1' AIRFLOW_CTX_DAG_RUN_ID='manual__2023-06-14T19:18:47.083192+00:00'
[2023-06-14T19:35:33.843+0000] {python.py:72} INFO - Poking callable: <function _wait_for_json at 0x7fb93c12b440>
[2023-06-14T19:35:33.875+0000] {taskinstance.py:1784} INFO - Rescheduling task, marking task as UP_FOR_RESCHEDULE
[2023-06-14T19:35:33.939+0000] {local_task_job_runner.py:225} INFO - Task exited with return code 0
[2023-06-14T19:35:33.997+0000] {taskinstance.py:2651} INFO - 0 downstream tasks scheduled from follow-on schedule check
[2023-06-14T19:36:05.815+0000] {taskinstance.py:1103} INFO - Dependencies all met for dep_context=non-requeueable deps ti=<TaskInstance: get_university_api_send_psql.wait_for_json manual__2023-06-14T19:18:47.083192+00:00 [queued]>
[2023-06-14T19:36:05.833+0000] {taskinstance.py:1103} INFO - Dependencies all met for dep_context=requeueable deps ti=<TaskInstance: get_university_api_send_psql.wait_for_json manual__2023-06-14T19:18:47.083192+00:00 [queued]>
[2023-06-14T19:36:05.834+0000] {taskinstance.py:1308} INFO - Starting attempt 1 of 1
[2023-06-14T19:36:05.856+0000] {taskinstance.py:1327} INFO - Executing <Task(PythonSensor): wait_for_json> on 2023-06-14 19:18:47.083192+00:00
[2023-06-14T19:36:05.867+0000] {standard_task_runner.py:57} INFO - Started process 9227 to run task
[2023-06-14T19:36:05.878+0000] {standard_task_runner.py:84} INFO - Running: ['***', 'tasks', 'run', 'get_university_api_send_psql', 'wait_for_json', 'manual__2023-06-14T19:18:47.083192+00:00', '--job-id', '1641', '--raw', '--subdir', 'DAGS_FOLDER/data-university-from-api-dag/data_university_from_api_dag.py', '--cfg-path', '/tmp/tmpkbwhq5qr']
[2023-06-14T19:36:05.883+0000] {standard_task_runner.py:85} INFO - Job 1641: Subtask wait_for_json
[2023-06-14T19:36:05.969+0000] {task_command.py:410} INFO - Running <TaskInstance: get_university_api_send_psql.wait_for_json manual__2023-06-14T19:18:47.083192+00:00 [running]> on host cd01a659cc96
[2023-06-14T19:36:06.127+0000] {taskinstance.py:1547} INFO - Exporting env vars: AIRFLOW_CTX_DAG_OWNER='***' AIRFLOW_CTX_DAG_ID='get_university_api_send_psql' AIRFLOW_CTX_TASK_ID='wait_for_json' AIRFLOW_CTX_EXECUTION_DATE='2023-06-14T19:18:47.083192+00:00' AIRFLOW_CTX_TRY_NUMBER='1' AIRFLOW_CTX_DAG_RUN_ID='manual__2023-06-14T19:18:47.083192+00:00'
[2023-06-14T19:36:06.148+0000] {python.py:72} INFO - Poking callable: <function _wait_for_json at 0x7fb93c12b440>
[2023-06-14T19:36:06.180+0000] {taskinstance.py:1784} INFO - Rescheduling task, marking task as UP_FOR_RESCHEDULE
[2023-06-14T19:36:06.222+0000] {local_task_job_runner.py:225} INFO - Task exited with return code 0
[2023-06-14T19:36:06.262+0000] {taskinstance.py:2651} INFO - 0 downstream tasks scheduled from follow-on schedule check
[2023-06-14T19:36:40.143+0000] {taskinstance.py:1103} INFO - Dependencies all met for dep_context=non-requeueable deps ti=<TaskInstance: get_university_api_send_psql.wait_for_json manual__2023-06-14T19:18:47.083192+00:00 [queued]>
[2023-06-14T19:36:40.165+0000] {taskinstance.py:1103} INFO - Dependencies all met for dep_context=requeueable deps ti=<TaskInstance: get_university_api_send_psql.wait_for_json manual__2023-06-14T19:18:47.083192+00:00 [queued]>
[2023-06-14T19:36:40.167+0000] {taskinstance.py:1308} INFO - Starting attempt 1 of 1
[2023-06-14T19:36:40.208+0000] {taskinstance.py:1327} INFO - Executing <Task(PythonSensor): wait_for_json> on 2023-06-14 19:18:47.083192+00:00
[2023-06-14T19:36:40.239+0000] {standard_task_runner.py:57} INFO - Started process 9255 to run task
[2023-06-14T19:36:40.259+0000] {standard_task_runner.py:84} INFO - Running: ['***', 'tasks', 'run', 'get_university_api_send_psql', 'wait_for_json', 'manual__2023-06-14T19:18:47.083192+00:00', '--job-id', '1645', '--raw', '--subdir', 'DAGS_FOLDER/data-university-from-api-dag/data_university_from_api_dag.py', '--cfg-path', '/tmp/tmpjud0dfvc']
[2023-06-14T19:36:40.263+0000] {standard_task_runner.py:85} INFO - Job 1645: Subtask wait_for_json
[2023-06-14T19:36:40.419+0000] {task_command.py:410} INFO - Running <TaskInstance: get_university_api_send_psql.wait_for_json manual__2023-06-14T19:18:47.083192+00:00 [running]> on host cd01a659cc96
[2023-06-14T19:36:40.580+0000] {taskinstance.py:1547} INFO - Exporting env vars: AIRFLOW_CTX_DAG_OWNER='***' AIRFLOW_CTX_DAG_ID='get_university_api_send_psql' AIRFLOW_CTX_TASK_ID='wait_for_json' AIRFLOW_CTX_EXECUTION_DATE='2023-06-14T19:18:47.083192+00:00' AIRFLOW_CTX_TRY_NUMBER='1' AIRFLOW_CTX_DAG_RUN_ID='manual__2023-06-14T19:18:47.083192+00:00'
[2023-06-14T19:36:40.602+0000] {python.py:72} INFO - Poking callable: <function _wait_for_json at 0x7fb93c12b440>
[2023-06-14T19:36:40.646+0000] {taskinstance.py:1784} INFO - Rescheduling task, marking task as UP_FOR_RESCHEDULE
[2023-06-14T19:36:40.712+0000] {local_task_job_runner.py:225} INFO - Task exited with return code 0
[2023-06-14T19:36:40.843+0000] {taskinstance.py:2651} INFO - 0 downstream tasks scheduled from follow-on schedule check
[2023-06-14T19:37:13.008+0000] {taskinstance.py:1103} INFO - Dependencies all met for dep_context=non-requeueable deps ti=<TaskInstance: get_university_api_send_psql.wait_for_json manual__2023-06-14T19:18:47.083192+00:00 [queued]>
[2023-06-14T19:37:13.036+0000] {taskinstance.py:1103} INFO - Dependencies all met for dep_context=requeueable deps ti=<TaskInstance: get_university_api_send_psql.wait_for_json manual__2023-06-14T19:18:47.083192+00:00 [queued]>
[2023-06-14T19:37:13.038+0000] {taskinstance.py:1308} INFO - Starting attempt 1 of 1
[2023-06-14T19:37:13.069+0000] {taskinstance.py:1327} INFO - Executing <Task(PythonSensor): wait_for_json> on 2023-06-14 19:18:47.083192+00:00
[2023-06-14T19:37:13.083+0000] {standard_task_runner.py:57} INFO - Started process 9275 to run task
[2023-06-14T19:37:13.092+0000] {standard_task_runner.py:84} INFO - Running: ['***', 'tasks', 'run', 'get_university_api_send_psql', 'wait_for_json', 'manual__2023-06-14T19:18:47.083192+00:00', '--job-id', '1649', '--raw', '--subdir', 'DAGS_FOLDER/data-university-from-api-dag/data_university_from_api_dag.py', '--cfg-path', '/tmp/tmp_8o4vqrt']
[2023-06-14T19:37:13.096+0000] {standard_task_runner.py:85} INFO - Job 1649: Subtask wait_for_json
[2023-06-14T19:37:13.180+0000] {task_command.py:410} INFO - Running <TaskInstance: get_university_api_send_psql.wait_for_json manual__2023-06-14T19:18:47.083192+00:00 [running]> on host cd01a659cc96
[2023-06-14T19:37:13.319+0000] {taskinstance.py:1547} INFO - Exporting env vars: AIRFLOW_CTX_DAG_OWNER='***' AIRFLOW_CTX_DAG_ID='get_university_api_send_psql' AIRFLOW_CTX_TASK_ID='wait_for_json' AIRFLOW_CTX_EXECUTION_DATE='2023-06-14T19:18:47.083192+00:00' AIRFLOW_CTX_TRY_NUMBER='1' AIRFLOW_CTX_DAG_RUN_ID='manual__2023-06-14T19:18:47.083192+00:00'
[2023-06-14T19:37:13.355+0000] {python.py:72} INFO - Poking callable: <function _wait_for_json at 0x7fb93c17a200>
[2023-06-14T19:37:13.389+0000] {taskinstance.py:1784} INFO - Rescheduling task, marking task as UP_FOR_RESCHEDULE
[2023-06-14T19:37:13.434+0000] {local_task_job_runner.py:225} INFO - Task exited with return code 0
[2023-06-14T19:37:13.499+0000] {taskinstance.py:2651} INFO - 0 downstream tasks scheduled from follow-on schedule check
[2023-06-14T19:37:44.932+0000] {taskinstance.py:1103} INFO - Dependencies all met for dep_context=non-requeueable deps ti=<TaskInstance: get_university_api_send_psql.wait_for_json manual__2023-06-14T19:18:47.083192+00:00 [queued]>
[2023-06-14T19:37:44.974+0000] {taskinstance.py:1103} INFO - Dependencies all met for dep_context=requeueable deps ti=<TaskInstance: get_university_api_send_psql.wait_for_json manual__2023-06-14T19:18:47.083192+00:00 [queued]>
[2023-06-14T19:37:44.975+0000] {taskinstance.py:1308} INFO - Starting attempt 1 of 1
[2023-06-14T19:37:45.033+0000] {taskinstance.py:1327} INFO - Executing <Task(PythonSensor): wait_for_json> on 2023-06-14 19:18:47.083192+00:00
[2023-06-14T19:37:45.067+0000] {standard_task_runner.py:57} INFO - Started process 9289 to run task
[2023-06-14T19:37:45.099+0000] {standard_task_runner.py:84} INFO - Running: ['***', 'tasks', 'run', 'get_university_api_send_psql', 'wait_for_json', 'manual__2023-06-14T19:18:47.083192+00:00', '--job-id', '1653', '--raw', '--subdir', 'DAGS_FOLDER/data-university-from-api-dag/data_university_from_api_dag.py', '--cfg-path', '/tmp/tmp0gzj5ei2']
[2023-06-14T19:37:45.105+0000] {standard_task_runner.py:85} INFO - Job 1653: Subtask wait_for_json
[2023-06-14T19:37:45.201+0000] {task_command.py:410} INFO - Running <TaskInstance: get_university_api_send_psql.wait_for_json manual__2023-06-14T19:18:47.083192+00:00 [running]> on host cd01a659cc96
[2023-06-14T19:37:45.338+0000] {taskinstance.py:1547} INFO - Exporting env vars: AIRFLOW_CTX_DAG_OWNER='***' AIRFLOW_CTX_DAG_ID='get_university_api_send_psql' AIRFLOW_CTX_TASK_ID='wait_for_json' AIRFLOW_CTX_EXECUTION_DATE='2023-06-14T19:18:47.083192+00:00' AIRFLOW_CTX_TRY_NUMBER='1' AIRFLOW_CTX_DAG_RUN_ID='manual__2023-06-14T19:18:47.083192+00:00'
[2023-06-14T19:37:45.353+0000] {python.py:72} INFO - Poking callable: <function _wait_for_json at 0x7fb93c17a200>
[2023-06-14T19:37:45.390+0000] {taskinstance.py:1784} INFO - Rescheduling task, marking task as UP_FOR_RESCHEDULE
[2023-06-14T19:37:45.430+0000] {local_task_job_runner.py:225} INFO - Task exited with return code 0
[2023-06-14T19:37:45.493+0000] {taskinstance.py:2651} INFO - 0 downstream tasks scheduled from follow-on schedule check
[2023-06-14T19:38:18.237+0000] {taskinstance.py:1103} INFO - Dependencies all met for dep_context=non-requeueable deps ti=<TaskInstance: get_university_api_send_psql.wait_for_json manual__2023-06-14T19:18:47.083192+00:00 [queued]>
[2023-06-14T19:38:18.458+0000] {taskinstance.py:1103} INFO - Dependencies all met for dep_context=requeueable deps ti=<TaskInstance: get_university_api_send_psql.wait_for_json manual__2023-06-14T19:18:47.083192+00:00 [queued]>
[2023-06-14T19:38:18.508+0000] {taskinstance.py:1308} INFO - Starting attempt 1 of 1
[2023-06-14T19:38:18.655+0000] {taskinstance.py:1327} INFO - Executing <Task(PythonSensor): wait_for_json> on 2023-06-14 19:18:47.083192+00:00
[2023-06-14T19:38:18.679+0000] {standard_task_runner.py:57} INFO - Started process 9314 to run task
[2023-06-14T19:38:18.708+0000] {standard_task_runner.py:84} INFO - Running: ['***', 'tasks', 'run', 'get_university_api_send_psql', 'wait_for_json', 'manual__2023-06-14T19:18:47.083192+00:00', '--job-id', '1656', '--raw', '--subdir', 'DAGS_FOLDER/data-university-from-api-dag/data_university_from_api_dag.py', '--cfg-path', '/tmp/tmpl3lgozhg']
[2023-06-14T19:38:18.718+0000] {standard_task_runner.py:85} INFO - Job 1656: Subtask wait_for_json
[2023-06-14T19:38:18.983+0000] {task_command.py:410} INFO - Running <TaskInstance: get_university_api_send_psql.wait_for_json manual__2023-06-14T19:18:47.083192+00:00 [running]> on host cd01a659cc96
[2023-06-14T19:38:19.264+0000] {taskinstance.py:1547} INFO - Exporting env vars: AIRFLOW_CTX_DAG_OWNER='***' AIRFLOW_CTX_DAG_ID='get_university_api_send_psql' AIRFLOW_CTX_TASK_ID='wait_for_json' AIRFLOW_CTX_EXECUTION_DATE='2023-06-14T19:18:47.083192+00:00' AIRFLOW_CTX_TRY_NUMBER='1' AIRFLOW_CTX_DAG_RUN_ID='manual__2023-06-14T19:18:47.083192+00:00'
[2023-06-14T19:38:19.325+0000] {python.py:72} INFO - Poking callable: <function _wait_for_json at 0x7fb93c18c3b0>
[2023-06-14T19:38:19.383+0000] {taskinstance.py:1784} INFO - Rescheduling task, marking task as UP_FOR_RESCHEDULE
[2023-06-14T19:38:19.433+0000] {local_task_job_runner.py:225} INFO - Task exited with return code 0
[2023-06-14T19:38:19.515+0000] {taskinstance.py:2651} INFO - 0 downstream tasks scheduled from follow-on schedule check
[2023-06-14T19:38:50.674+0000] {taskinstance.py:1103} INFO - Dependencies all met for dep_context=non-requeueable deps ti=<TaskInstance: get_university_api_send_psql.wait_for_json manual__2023-06-14T19:18:47.083192+00:00 [queued]>
[2023-06-14T19:38:50.690+0000] {taskinstance.py:1103} INFO - Dependencies all met for dep_context=requeueable deps ti=<TaskInstance: get_university_api_send_psql.wait_for_json manual__2023-06-14T19:18:47.083192+00:00 [queued]>
[2023-06-14T19:38:50.691+0000] {taskinstance.py:1308} INFO - Starting attempt 1 of 1
[2023-06-14T19:38:50.719+0000] {taskinstance.py:1327} INFO - Executing <Task(PythonSensor): wait_for_json> on 2023-06-14 19:18:47.083192+00:00
[2023-06-14T19:38:50.730+0000] {standard_task_runner.py:57} INFO - Started process 9330 to run task
[2023-06-14T19:38:50.741+0000] {standard_task_runner.py:84} INFO - Running: ['***', 'tasks', 'run', 'get_university_api_send_psql', 'wait_for_json', 'manual__2023-06-14T19:18:47.083192+00:00', '--job-id', '1661', '--raw', '--subdir', 'DAGS_FOLDER/data-university-from-api-dag/data_university_from_api_dag.py', '--cfg-path', '/tmp/tmpwxyqsiq_']
[2023-06-14T19:38:50.744+0000] {standard_task_runner.py:85} INFO - Job 1661: Subtask wait_for_json
[2023-06-14T19:38:50.864+0000] {task_command.py:410} INFO - Running <TaskInstance: get_university_api_send_psql.wait_for_json manual__2023-06-14T19:18:47.083192+00:00 [running]> on host cd01a659cc96
[2023-06-14T19:38:51.030+0000] {taskinstance.py:1547} INFO - Exporting env vars: AIRFLOW_CTX_DAG_OWNER='***' AIRFLOW_CTX_DAG_ID='get_university_api_send_psql' AIRFLOW_CTX_TASK_ID='wait_for_json' AIRFLOW_CTX_EXECUTION_DATE='2023-06-14T19:18:47.083192+00:00' AIRFLOW_CTX_TRY_NUMBER='1' AIRFLOW_CTX_DAG_RUN_ID='manual__2023-06-14T19:18:47.083192+00:00'
[2023-06-14T19:38:51.061+0000] {python.py:72} INFO - Poking callable: <function _wait_for_json at 0x7fb93c18c3b0>
[2023-06-14T19:38:51.094+0000] {taskinstance.py:1784} INFO - Rescheduling task, marking task as UP_FOR_RESCHEDULE
[2023-06-14T19:38:51.134+0000] {local_task_job_runner.py:225} INFO - Task exited with return code 0
[2023-06-14T19:38:51.185+0000] {taskinstance.py:2651} INFO - 0 downstream tasks scheduled from follow-on schedule check
[2023-06-14T19:39:23.828+0000] {taskinstance.py:1103} INFO - Dependencies all met for dep_context=non-requeueable deps ti=<TaskInstance: get_university_api_send_psql.wait_for_json manual__2023-06-14T19:18:47.083192+00:00 [queued]>
[2023-06-14T19:39:23.859+0000] {taskinstance.py:1103} INFO - Dependencies all met for dep_context=requeueable deps ti=<TaskInstance: get_university_api_send_psql.wait_for_json manual__2023-06-14T19:18:47.083192+00:00 [queued]>
[2023-06-14T19:39:23.861+0000] {taskinstance.py:1308} INFO - Starting attempt 1 of 1
[2023-06-14T19:39:23.915+0000] {taskinstance.py:1327} INFO - Executing <Task(PythonSensor): wait_for_json> on 2023-06-14 19:18:47.083192+00:00
[2023-06-14T19:39:23.930+0000] {standard_task_runner.py:57} INFO - Started process 9357 to run task
[2023-06-14T19:39:23.951+0000] {standard_task_runner.py:84} INFO - Running: ['***', 'tasks', 'run', 'get_university_api_send_psql', 'wait_for_json', 'manual__2023-06-14T19:18:47.083192+00:00', '--job-id', '1664', '--raw', '--subdir', 'DAGS_FOLDER/data-university-from-api-dag/data_university_from_api_dag.py', '--cfg-path', '/tmp/tmp0svlw1mb']
[2023-06-14T19:39:23.963+0000] {standard_task_runner.py:85} INFO - Job 1664: Subtask wait_for_json
[2023-06-14T19:39:24.096+0000] {task_command.py:410} INFO - Running <TaskInstance: get_university_api_send_psql.wait_for_json manual__2023-06-14T19:18:47.083192+00:00 [running]> on host cd01a659cc96
[2023-06-14T19:39:24.260+0000] {taskinstance.py:1547} INFO - Exporting env vars: AIRFLOW_CTX_DAG_OWNER='***' AIRFLOW_CTX_DAG_ID='get_university_api_send_psql' AIRFLOW_CTX_TASK_ID='wait_for_json' AIRFLOW_CTX_EXECUTION_DATE='2023-06-14T19:18:47.083192+00:00' AIRFLOW_CTX_TRY_NUMBER='1' AIRFLOW_CTX_DAG_RUN_ID='manual__2023-06-14T19:18:47.083192+00:00'
[2023-06-14T19:39:24.288+0000] {python.py:72} INFO - Poking callable: <function _wait_for_json at 0x7fb93c18c3b0>
[2023-06-14T19:39:24.332+0000] {taskinstance.py:1784} INFO - Rescheduling task, marking task as UP_FOR_RESCHEDULE
[2023-06-14T19:39:24.408+0000] {local_task_job_runner.py:225} INFO - Task exited with return code 0
[2023-06-14T19:39:24.485+0000] {taskinstance.py:2651} INFO - 0 downstream tasks scheduled from follow-on schedule check
[2023-06-14T19:39:56.528+0000] {taskinstance.py:1103} INFO - Dependencies all met for dep_context=non-requeueable deps ti=<TaskInstance: get_university_api_send_psql.wait_for_json manual__2023-06-14T19:18:47.083192+00:00 [queued]>
[2023-06-14T19:39:56.559+0000] {taskinstance.py:1103} INFO - Dependencies all met for dep_context=requeueable deps ti=<TaskInstance: get_university_api_send_psql.wait_for_json manual__2023-06-14T19:18:47.083192+00:00 [queued]>
[2023-06-14T19:39:56.561+0000] {taskinstance.py:1308} INFO - Starting attempt 1 of 1
[2023-06-14T19:39:56.596+0000] {taskinstance.py:1327} INFO - Executing <Task(PythonSensor): wait_for_json> on 2023-06-14 19:18:47.083192+00:00
[2023-06-14T19:39:56.608+0000] {standard_task_runner.py:57} INFO - Started process 9379 to run task
[2023-06-14T19:39:56.617+0000] {standard_task_runner.py:84} INFO - Running: ['***', 'tasks', 'run', 'get_university_api_send_psql', 'wait_for_json', 'manual__2023-06-14T19:18:47.083192+00:00', '--job-id', '1669', '--raw', '--subdir', 'DAGS_FOLDER/data-university-from-api-dag/data_university_from_api_dag.py', '--cfg-path', '/tmp/tmputs3x8rq']
[2023-06-14T19:39:56.625+0000] {standard_task_runner.py:85} INFO - Job 1669: Subtask wait_for_json
[2023-06-14T19:39:56.763+0000] {task_command.py:410} INFO - Running <TaskInstance: get_university_api_send_psql.wait_for_json manual__2023-06-14T19:18:47.083192+00:00 [running]> on host cd01a659cc96
[2023-06-14T19:39:56.929+0000] {taskinstance.py:1547} INFO - Exporting env vars: AIRFLOW_CTX_DAG_OWNER='***' AIRFLOW_CTX_DAG_ID='get_university_api_send_psql' AIRFLOW_CTX_TASK_ID='wait_for_json' AIRFLOW_CTX_EXECUTION_DATE='2023-06-14T19:18:47.083192+00:00' AIRFLOW_CTX_TRY_NUMBER='1' AIRFLOW_CTX_DAG_RUN_ID='manual__2023-06-14T19:18:47.083192+00:00'
[2023-06-14T19:39:56.946+0000] {python.py:72} INFO - Poking callable: <function _wait_for_json at 0x7fb93c18c3b0>
[2023-06-14T19:39:56.988+0000] {taskinstance.py:1784} INFO - Rescheduling task, marking task as UP_FOR_RESCHEDULE
[2023-06-14T19:39:57.041+0000] {local_task_job_runner.py:225} INFO - Task exited with return code 0
[2023-06-14T19:39:57.083+0000] {taskinstance.py:2651} INFO - 0 downstream tasks scheduled from follow-on schedule check
[2023-06-14T19:40:28.461+0000] {taskinstance.py:1103} INFO - Dependencies all met for dep_context=non-requeueable deps ti=<TaskInstance: get_university_api_send_psql.wait_for_json manual__2023-06-14T19:18:47.083192+00:00 [queued]>
[2023-06-14T19:40:28.489+0000] {taskinstance.py:1103} INFO - Dependencies all met for dep_context=requeueable deps ti=<TaskInstance: get_university_api_send_psql.wait_for_json manual__2023-06-14T19:18:47.083192+00:00 [queued]>
[2023-06-14T19:40:28.492+0000] {taskinstance.py:1308} INFO - Starting attempt 1 of 1
[2023-06-14T19:40:28.532+0000] {taskinstance.py:1327} INFO - Executing <Task(PythonSensor): wait_for_json> on 2023-06-14 19:18:47.083192+00:00
[2023-06-14T19:40:28.552+0000] {standard_task_runner.py:57} INFO - Started process 9399 to run task
[2023-06-14T19:40:28.583+0000] {standard_task_runner.py:84} INFO - Running: ['***', 'tasks', 'run', 'get_university_api_send_psql', 'wait_for_json', 'manual__2023-06-14T19:18:47.083192+00:00', '--job-id', '1673', '--raw', '--subdir', 'DAGS_FOLDER/data-university-from-api-dag/data_university_from_api_dag.py', '--cfg-path', '/tmp/tmplx22c__m']
[2023-06-14T19:40:28.594+0000] {standard_task_runner.py:85} INFO - Job 1673: Subtask wait_for_json
[2023-06-14T19:40:28.745+0000] {task_command.py:410} INFO - Running <TaskInstance: get_university_api_send_psql.wait_for_json manual__2023-06-14T19:18:47.083192+00:00 [running]> on host cd01a659cc96
[2023-06-14T19:40:28.941+0000] {taskinstance.py:1547} INFO - Exporting env vars: AIRFLOW_CTX_DAG_OWNER='***' AIRFLOW_CTX_DAG_ID='get_university_api_send_psql' AIRFLOW_CTX_TASK_ID='wait_for_json' AIRFLOW_CTX_EXECUTION_DATE='2023-06-14T19:18:47.083192+00:00' AIRFLOW_CTX_TRY_NUMBER='1' AIRFLOW_CTX_DAG_RUN_ID='manual__2023-06-14T19:18:47.083192+00:00'
[2023-06-14T19:40:28.971+0000] {python.py:72} INFO - Poking callable: <function _wait_for_json at 0x7fb93c18c3b0>
[2023-06-14T19:40:29.011+0000] {taskinstance.py:1784} INFO - Rescheduling task, marking task as UP_FOR_RESCHEDULE
[2023-06-14T19:40:29.047+0000] {local_task_job_runner.py:225} INFO - Task exited with return code 0
[2023-06-14T19:40:29.122+0000] {taskinstance.py:2651} INFO - 0 downstream tasks scheduled from follow-on schedule check
[2023-06-14T19:41:01.738+0000] {taskinstance.py:1103} INFO - Dependencies all met for dep_context=non-requeueable deps ti=<TaskInstance: get_university_api_send_psql.wait_for_json manual__2023-06-14T19:18:47.083192+00:00 [queued]>
[2023-06-14T19:41:01.768+0000] {taskinstance.py:1103} INFO - Dependencies all met for dep_context=requeueable deps ti=<TaskInstance: get_university_api_send_psql.wait_for_json manual__2023-06-14T19:18:47.083192+00:00 [queued]>
[2023-06-14T19:41:01.769+0000] {taskinstance.py:1308} INFO - Starting attempt 1 of 1
[2023-06-14T19:41:01.809+0000] {taskinstance.py:1327} INFO - Executing <Task(PythonSensor): wait_for_json> on 2023-06-14 19:18:47.083192+00:00
[2023-06-14T19:41:01.837+0000] {standard_task_runner.py:57} INFO - Started process 9422 to run task
[2023-06-14T19:41:01.849+0000] {standard_task_runner.py:84} INFO - Running: ['***', 'tasks', 'run', 'get_university_api_send_psql', 'wait_for_json', 'manual__2023-06-14T19:18:47.083192+00:00', '--job-id', '1677', '--raw', '--subdir', 'DAGS_FOLDER/data-university-from-api-dag/data_university_from_api_dag.py', '--cfg-path', '/tmp/tmpjmfz5zd9']
[2023-06-14T19:41:01.861+0000] {standard_task_runner.py:85} INFO - Job 1677: Subtask wait_for_json
[2023-06-14T19:41:02.055+0000] {task_command.py:410} INFO - Running <TaskInstance: get_university_api_send_psql.wait_for_json manual__2023-06-14T19:18:47.083192+00:00 [running]> on host cd01a659cc96
[2023-06-14T19:41:02.278+0000] {taskinstance.py:1547} INFO - Exporting env vars: AIRFLOW_CTX_DAG_OWNER='***' AIRFLOW_CTX_DAG_ID='get_university_api_send_psql' AIRFLOW_CTX_TASK_ID='wait_for_json' AIRFLOW_CTX_EXECUTION_DATE='2023-06-14T19:18:47.083192+00:00' AIRFLOW_CTX_TRY_NUMBER='1' AIRFLOW_CTX_DAG_RUN_ID='manual__2023-06-14T19:18:47.083192+00:00'
[2023-06-14T19:41:02.312+0000] {python.py:72} INFO - Poking callable: <function _wait_for_json at 0x7fb93c18c3b0>
[2023-06-14T19:41:02.500+0000] {taskinstance.py:1784} INFO - Rescheduling task, marking task as UP_FOR_RESCHEDULE
[2023-06-14T19:41:02.544+0000] {local_task_job_runner.py:225} INFO - Task exited with return code 0
[2023-06-14T19:41:02.619+0000] {taskinstance.py:2651} INFO - 0 downstream tasks scheduled from follow-on schedule check
[2023-06-14T19:41:34.705+0000] {taskinstance.py:1103} INFO - Dependencies all met for dep_context=non-requeueable deps ti=<TaskInstance: get_university_api_send_psql.wait_for_json manual__2023-06-14T19:18:47.083192+00:00 [queued]>
[2023-06-14T19:41:34.734+0000] {taskinstance.py:1103} INFO - Dependencies all met for dep_context=requeueable deps ti=<TaskInstance: get_university_api_send_psql.wait_for_json manual__2023-06-14T19:18:47.083192+00:00 [queued]>
[2023-06-14T19:41:34.736+0000] {taskinstance.py:1308} INFO - Starting attempt 1 of 1
[2023-06-14T19:41:34.767+0000] {taskinstance.py:1327} INFO - Executing <Task(PythonSensor): wait_for_json> on 2023-06-14 19:18:47.083192+00:00
[2023-06-14T19:41:34.787+0000] {standard_task_runner.py:57} INFO - Started process 9443 to run task
[2023-06-14T19:41:34.804+0000] {standard_task_runner.py:84} INFO - Running: ['***', 'tasks', 'run', 'get_university_api_send_psql', 'wait_for_json', 'manual__2023-06-14T19:18:47.083192+00:00', '--job-id', '1681', '--raw', '--subdir', 'DAGS_FOLDER/data-university-from-api-dag/data_university_from_api_dag.py', '--cfg-path', '/tmp/tmpb1fg7twx']
[2023-06-14T19:41:34.811+0000] {standard_task_runner.py:85} INFO - Job 1681: Subtask wait_for_json
[2023-06-14T19:41:34.940+0000] {task_command.py:410} INFO - Running <TaskInstance: get_university_api_send_psql.wait_for_json manual__2023-06-14T19:18:47.083192+00:00 [running]> on host cd01a659cc96
[2023-06-14T19:41:35.195+0000] {taskinstance.py:1547} INFO - Exporting env vars: AIRFLOW_CTX_DAG_OWNER='***' AIRFLOW_CTX_DAG_ID='get_university_api_send_psql' AIRFLOW_CTX_TASK_ID='wait_for_json' AIRFLOW_CTX_EXECUTION_DATE='2023-06-14T19:18:47.083192+00:00' AIRFLOW_CTX_TRY_NUMBER='1' AIRFLOW_CTX_DAG_RUN_ID='manual__2023-06-14T19:18:47.083192+00:00'
[2023-06-14T19:41:35.214+0000] {python.py:72} INFO - Poking callable: <function _wait_for_json at 0x7fb93c18c3b0>
[2023-06-14T19:41:35.249+0000] {taskinstance.py:1784} INFO - Rescheduling task, marking task as UP_FOR_RESCHEDULE
[2023-06-14T19:41:35.307+0000] {local_task_job_runner.py:225} INFO - Task exited with return code 0
[2023-06-14T19:41:35.351+0000] {taskinstance.py:2651} INFO - 0 downstream tasks scheduled from follow-on schedule check
[2023-06-14T19:42:06.868+0000] {taskinstance.py:1103} INFO - Dependencies all met for dep_context=non-requeueable deps ti=<TaskInstance: get_university_api_send_psql.wait_for_json manual__2023-06-14T19:18:47.083192+00:00 [queued]>
[2023-06-14T19:42:06.918+0000] {taskinstance.py:1103} INFO - Dependencies all met for dep_context=requeueable deps ti=<TaskInstance: get_university_api_send_psql.wait_for_json manual__2023-06-14T19:18:47.083192+00:00 [queued]>
[2023-06-14T19:42:06.927+0000] {taskinstance.py:1308} INFO - Starting attempt 1 of 1
[2023-06-14T19:42:06.967+0000] {taskinstance.py:1327} INFO - Executing <Task(PythonSensor): wait_for_json> on 2023-06-14 19:18:47.083192+00:00
[2023-06-14T19:42:06.977+0000] {standard_task_runner.py:57} INFO - Started process 9460 to run task
[2023-06-14T19:42:07.010+0000] {standard_task_runner.py:84} INFO - Running: ['***', 'tasks', 'run', 'get_university_api_send_psql', 'wait_for_json', 'manual__2023-06-14T19:18:47.083192+00:00', '--job-id', '1684', '--raw', '--subdir', 'DAGS_FOLDER/data-university-from-api-dag/data_university_from_api_dag.py', '--cfg-path', '/tmp/tmpoe4cltat']
[2023-06-14T19:42:07.025+0000] {standard_task_runner.py:85} INFO - Job 1684: Subtask wait_for_json
[2023-06-14T19:42:07.179+0000] {task_command.py:410} INFO - Running <TaskInstance: get_university_api_send_psql.wait_for_json manual__2023-06-14T19:18:47.083192+00:00 [running]> on host cd01a659cc96
[2023-06-14T19:42:07.413+0000] {taskinstance.py:1547} INFO - Exporting env vars: AIRFLOW_CTX_DAG_OWNER='***' AIRFLOW_CTX_DAG_ID='get_university_api_send_psql' AIRFLOW_CTX_TASK_ID='wait_for_json' AIRFLOW_CTX_EXECUTION_DATE='2023-06-14T19:18:47.083192+00:00' AIRFLOW_CTX_TRY_NUMBER='1' AIRFLOW_CTX_DAG_RUN_ID='manual__2023-06-14T19:18:47.083192+00:00'
[2023-06-14T19:42:07.439+0000] {python.py:72} INFO - Poking callable: <function _wait_for_json at 0x7fb93c18c3b0>
[2023-06-14T19:42:07.478+0000] {taskinstance.py:1784} INFO - Rescheduling task, marking task as UP_FOR_RESCHEDULE
[2023-06-14T19:42:07.532+0000] {local_task_job_runner.py:225} INFO - Task exited with return code 0
[2023-06-14T19:42:07.588+0000] {taskinstance.py:2651} INFO - 0 downstream tasks scheduled from follow-on schedule check
[2023-06-14T19:42:41.965+0000] {taskinstance.py:1103} INFO - Dependencies all met for dep_context=non-requeueable deps ti=<TaskInstance: get_university_api_send_psql.wait_for_json manual__2023-06-14T19:18:47.083192+00:00 [queued]>
[2023-06-14T19:42:42.009+0000] {taskinstance.py:1103} INFO - Dependencies all met for dep_context=requeueable deps ti=<TaskInstance: get_university_api_send_psql.wait_for_json manual__2023-06-14T19:18:47.083192+00:00 [queued]>
[2023-06-14T19:42:42.011+0000] {taskinstance.py:1308} INFO - Starting attempt 1 of 1
[2023-06-14T19:42:42.079+0000] {taskinstance.py:1327} INFO - Executing <Task(PythonSensor): wait_for_json> on 2023-06-14 19:18:47.083192+00:00
[2023-06-14T19:42:42.107+0000] {standard_task_runner.py:57} INFO - Started process 9491 to run task
[2023-06-14T19:42:42.129+0000] {standard_task_runner.py:84} INFO - Running: ['***', 'tasks', 'run', 'get_university_api_send_psql', 'wait_for_json', 'manual__2023-06-14T19:18:47.083192+00:00', '--job-id', '1690', '--raw', '--subdir', 'DAGS_FOLDER/data-university-from-api-dag/data_university_from_api_dag.py', '--cfg-path', '/tmp/tmptu3w3zdj']
[2023-06-14T19:42:42.140+0000] {standard_task_runner.py:85} INFO - Job 1690: Subtask wait_for_json
[2023-06-14T19:42:42.325+0000] {task_command.py:410} INFO - Running <TaskInstance: get_university_api_send_psql.wait_for_json manual__2023-06-14T19:18:47.083192+00:00 [running]> on host cd01a659cc96
[2023-06-14T19:42:42.626+0000] {taskinstance.py:1547} INFO - Exporting env vars: AIRFLOW_CTX_DAG_OWNER='***' AIRFLOW_CTX_DAG_ID='get_university_api_send_psql' AIRFLOW_CTX_TASK_ID='wait_for_json' AIRFLOW_CTX_EXECUTION_DATE='2023-06-14T19:18:47.083192+00:00' AIRFLOW_CTX_TRY_NUMBER='1' AIRFLOW_CTX_DAG_RUN_ID='manual__2023-06-14T19:18:47.083192+00:00'
[2023-06-14T19:42:42.658+0000] {python.py:72} INFO - Poking callable: <function _wait_for_json at 0x7fb93c18c3b0>
[2023-06-14T19:42:42.662+0000] {base.py:255} INFO - Success criteria met. Exiting.
[2023-06-14T19:42:42.721+0000] {taskinstance.py:1350} INFO - Marking task as SUCCESS. dag_id=get_university_api_send_psql, task_id=wait_for_json, execution_date=20230614T191847, start_date=20230614T194241, end_date=20230614T194242
[2023-06-14T19:42:42.807+0000] {local_task_job_runner.py:225} INFO - Task exited with return code 0
[2023-06-14T19:42:42.887+0000] {taskinstance.py:2651} INFO - 0 downstream tasks scheduled from follow-on schedule check
