[2023-06-14T19:42:35.262+0000] {taskinstance.py:1103} INFO - Dependencies all met for dep_context=non-requeueable deps ti=<TaskInstance: get_university_api_send_psql.read_json_file manual__2023-06-14T19:30:54.593243+00:00 [queued]>
[2023-06-14T19:42:35.279+0000] {taskinstance.py:1103} INFO - Dependencies all met for dep_context=requeueable deps ti=<TaskInstance: get_university_api_send_psql.read_json_file manual__2023-06-14T19:30:54.593243+00:00 [queued]>
[2023-06-14T19:42:35.280+0000] {taskinstance.py:1308} INFO - Starting attempt 1 of 1
[2023-06-14T19:42:35.299+0000] {taskinstance.py:1327} INFO - Executing <Task(PythonOperator): read_json_file> on 2023-06-14 19:30:54.593243+00:00
[2023-06-14T19:42:35.316+0000] {standard_task_runner.py:57} INFO - Started process 9475 to run task
[2023-06-14T19:42:35.330+0000] {standard_task_runner.py:84} INFO - Running: ['***', 'tasks', 'run', 'get_university_api_send_psql', 'read_json_file', 'manual__2023-06-14T19:30:54.593243+00:00', '--job-id', '1689', '--raw', '--subdir', 'DAGS_FOLDER/data-university-from-api-dag/data_university_from_api_dag.py', '--cfg-path', '/tmp/tmp2tj_mu0j']
[2023-06-14T19:42:35.336+0000] {standard_task_runner.py:85} INFO - Job 1689: Subtask read_json_file
[2023-06-14T19:42:35.409+0000] {task_command.py:410} INFO - Running <TaskInstance: get_university_api_send_psql.read_json_file manual__2023-06-14T19:30:54.593243+00:00 [running]> on host cd01a659cc96
[2023-06-14T19:42:35.514+0000] {taskinstance.py:1547} INFO - Exporting env vars: AIRFLOW_CTX_DAG_OWNER='***' AIRFLOW_CTX_DAG_ID='get_university_api_send_psql' AIRFLOW_CTX_TASK_ID='read_json_file' AIRFLOW_CTX_EXECUTION_DATE='2023-06-14T19:30:54.593243+00:00' AIRFLOW_CTX_TRY_NUMBER='1' AIRFLOW_CTX_DAG_RUN_ID='manual__2023-06-14T19:30:54.593243+00:00'
[2023-06-14T19:42:35.546+0000] {taskinstance.py:1824} ERROR - Task failed with exception
Traceback (most recent call last):
  File "/home/airflow/.local/lib/python3.7/site-packages/airflow/operators/python.py", line 181, in execute
    return_value = self.execute_callable()
  File "/home/airflow/.local/lib/python3.7/site-packages/airflow/operators/python.py", line 198, in execute_callable
    return self.python_callable(*self.op_args, **self.op_kwargs)
  File "/opt/airflow/dags/data-university-from-api-dag/data_university_from_api_dag.py", line 84, in _read_json_file
    'country': json_object['country'],
TypeError: list indices must be integers or slices, not str
[2023-06-14T19:42:35.559+0000] {taskinstance.py:1350} INFO - Marking task as FAILED. dag_id=get_university_api_send_psql, task_id=read_json_file, execution_date=20230614T193054, start_date=20230614T194235, end_date=20230614T194235
[2023-06-14T19:42:35.575+0000] {standard_task_runner.py:109} ERROR - Failed to execute job 1689 for task read_json_file (list indices must be integers or slices, not str; 9475)
[2023-06-14T19:42:35.622+0000] {local_task_job_runner.py:225} INFO - Task exited with return code 1
[2023-06-14T19:42:35.663+0000] {taskinstance.py:2651} INFO - 0 downstream tasks scheduled from follow-on schedule check
