[2024-03-04T21:42:38.747+0000] {taskinstance.py:1103} INFO - Dependencies all met for dep_context=non-requeueable deps ti=<TaskInstance: read_and_load_data_to_s3.send_csv_s3 manual__2024-03-04T21:42:24.158795+00:00 [queued]>
[2024-03-04T21:42:38.819+0000] {taskinstance.py:1103} INFO - Dependencies all met for dep_context=requeueable deps ti=<TaskInstance: read_and_load_data_to_s3.send_csv_s3 manual__2024-03-04T21:42:24.158795+00:00 [queued]>
[2024-03-04T21:42:38.829+0000] {taskinstance.py:1308} INFO - Starting attempt 1 of 1
[2024-03-04T21:42:38.916+0000] {taskinstance.py:1327} INFO - Executing <Task(PythonOperator): send_csv_s3> on 2024-03-04 21:42:24.158795+00:00
[2024-03-04T21:42:38.961+0000] {standard_task_runner.py:57} INFO - Started process 236 to run task
[2024-03-04T21:42:38.993+0000] {standard_task_runner.py:84} INFO - Running: ['***', 'tasks', 'run', 'read_and_load_data_to_s3', 'send_csv_s3', 'manual__2024-03-04T21:42:24.158795+00:00', '--job-id', '816', '--raw', '--subdir', 'DAGS_FOLDER/energy-prod-cons-dag/data_energy_dag.py', '--cfg-path', '/tmp/tmp0ro_7313']
[2024-03-04T21:42:39.041+0000] {standard_task_runner.py:85} INFO - Job 816: Subtask send_csv_s3
[2024-03-04T21:42:39.831+0000] {task_command.py:410} INFO - Running <TaskInstance: read_and_load_data_to_s3.send_csv_s3 manual__2024-03-04T21:42:24.158795+00:00 [running]> on host 952b3f8a1a94
[2024-03-04T21:42:40.490+0000] {taskinstance.py:1547} INFO - Exporting env vars: AIRFLOW_CTX_DAG_OWNER='***' AIRFLOW_CTX_DAG_ID='read_and_load_data_to_s3' AIRFLOW_CTX_TASK_ID='send_csv_s3' AIRFLOW_CTX_EXECUTION_DATE='2024-03-04T21:42:24.158795+00:00' AIRFLOW_CTX_TRY_NUMBER='1' AIRFLOW_CTX_DAG_RUN_ID='manual__2024-03-04T21:42:24.158795+00:00'
[2024-03-04T21:42:40.542+0000] {taskinstance.py:1824} ERROR - Task failed with exception
Traceback (most recent call last):
  File "/home/airflow/.local/lib/python3.7/site-packages/airflow/operators/python.py", line 181, in execute
    return_value = self.execute_callable()
  File "/home/airflow/.local/lib/python3.7/site-packages/airflow/operators/python.py", line 198, in execute_callable
    return self.python_callable(*self.op_args, **self.op_kwargs)
  File "/opt/airflow/dags/energy-prod-cons-dag/data_energy_dag.py", line 273, in _send_csv_s3
    configurations = json.load(output)
NameError: name 'json' is not defined
[2024-03-04T21:42:40.707+0000] {taskinstance.py:1350} INFO - Marking task as FAILED. dag_id=read_and_load_data_to_s3, task_id=send_csv_s3, execution_date=20240304T214224, start_date=20240304T214238, end_date=20240304T214240
[2024-03-04T21:42:40.833+0000] {standard_task_runner.py:109} ERROR - Failed to execute job 816 for task send_csv_s3 (name 'json' is not defined; 236)
[2024-03-04T21:42:40.976+0000] {local_task_job_runner.py:225} INFO - Task exited with return code 1
[2024-03-04T21:42:41.142+0000] {taskinstance.py:2651} INFO - 0 downstream tasks scheduled from follow-on schedule check
