[2023-06-15T13:30:22.897+0000] {taskinstance.py:1103} INFO - Dependencies all met for dep_context=non-requeueable deps ti=<TaskInstance: get_university_api_send_psql.wait_for_json manual__2023-06-15T13:11:59.872622+00:00 [queued]>
[2023-06-15T13:30:22.930+0000] {taskinstance.py:1103} INFO - Dependencies all met for dep_context=requeueable deps ti=<TaskInstance: get_university_api_send_psql.wait_for_json manual__2023-06-15T13:11:59.872622+00:00 [queued]>
[2023-06-15T13:30:22.932+0000] {taskinstance.py:1308} INFO - Starting attempt 1 of 1
[2023-06-15T13:30:22.972+0000] {taskinstance.py:1327} INFO - Executing <Task(PythonSensor): wait_for_json> on 2023-06-15 13:11:59.872622+00:00
[2023-06-15T13:30:23.002+0000] {standard_task_runner.py:57} INFO - Started process 112 to run task
[2023-06-15T13:30:23.021+0000] {standard_task_runner.py:84} INFO - Running: ['***', 'tasks', 'run', 'get_university_api_send_psql', 'wait_for_json', 'manual__2023-06-15T13:11:59.872622+00:00', '--job-id', '1868', '--raw', '--subdir', 'DAGS_FOLDER/data-university-from-api-dag/data_university_from_api_dag.py', '--cfg-path', '/tmp/tmppfbgf_5j']
[2023-06-15T13:30:23.038+0000] {standard_task_runner.py:85} INFO - Job 1868: Subtask wait_for_json
[2023-06-15T13:30:23.246+0000] {task_command.py:410} INFO - Running <TaskInstance: get_university_api_send_psql.wait_for_json manual__2023-06-15T13:11:59.872622+00:00 [running]> on host cd01a659cc96
[2023-06-15T13:30:23.488+0000] {taskinstance.py:1547} INFO - Exporting env vars: AIRFLOW_CTX_DAG_OWNER='***' AIRFLOW_CTX_DAG_ID='get_university_api_send_psql' AIRFLOW_CTX_TASK_ID='wait_for_json' AIRFLOW_CTX_EXECUTION_DATE='2023-06-15T13:11:59.872622+00:00' AIRFLOW_CTX_TRY_NUMBER='1' AIRFLOW_CTX_DAG_RUN_ID='manual__2023-06-15T13:11:59.872622+00:00'
[2023-06-15T13:30:23.526+0000] {python.py:72} INFO - Poking callable: <function _wait_for_json at 0x7f3aaaf4aa70>
[2023-06-15T13:30:23.567+0000] {taskinstance.py:1784} INFO - Rescheduling task, marking task as UP_FOR_RESCHEDULE
[2023-06-15T13:30:23.646+0000] {local_task_job_runner.py:225} INFO - Task exited with return code 0
[2023-06-15T13:30:24.007+0000] {taskinstance.py:2651} INFO - 0 downstream tasks scheduled from follow-on schedule check
[2023-06-15T13:31:16.935+0000] {taskinstance.py:1103} INFO - Dependencies all met for dep_context=non-requeueable deps ti=<TaskInstance: get_university_api_send_psql.wait_for_json manual__2023-06-15T13:11:59.872622+00:00 [queued]>
[2023-06-15T13:31:17.069+0000] {taskinstance.py:1103} INFO - Dependencies all met for dep_context=requeueable deps ti=<TaskInstance: get_university_api_send_psql.wait_for_json manual__2023-06-15T13:11:59.872622+00:00 [queued]>
[2023-06-15T13:31:17.073+0000] {taskinstance.py:1308} INFO - Starting attempt 1 of 1
[2023-06-15T13:31:17.359+0000] {taskinstance.py:1327} INFO - Executing <Task(PythonSensor): wait_for_json> on 2023-06-15 13:11:59.872622+00:00
[2023-06-15T13:31:17.460+0000] {standard_task_runner.py:57} INFO - Started process 132 to run task
[2023-06-15T13:31:17.499+0000] {standard_task_runner.py:84} INFO - Running: ['***', 'tasks', 'run', 'get_university_api_send_psql', 'wait_for_json', 'manual__2023-06-15T13:11:59.872622+00:00', '--job-id', '1870', '--raw', '--subdir', 'DAGS_FOLDER/data-university-from-api-dag/data_university_from_api_dag.py', '--cfg-path', '/tmp/tmprp7oizj4']
[2023-06-15T13:31:17.510+0000] {standard_task_runner.py:85} INFO - Job 1870: Subtask wait_for_json
[2023-06-15T13:31:17.854+0000] {task_command.py:410} INFO - Running <TaskInstance: get_university_api_send_psql.wait_for_json manual__2023-06-15T13:11:59.872622+00:00 [running]> on host cd01a659cc96
[2023-06-15T13:31:18.419+0000] {taskinstance.py:1547} INFO - Exporting env vars: AIRFLOW_CTX_DAG_OWNER='***' AIRFLOW_CTX_DAG_ID='get_university_api_send_psql' AIRFLOW_CTX_TASK_ID='wait_for_json' AIRFLOW_CTX_EXECUTION_DATE='2023-06-15T13:11:59.872622+00:00' AIRFLOW_CTX_TRY_NUMBER='1' AIRFLOW_CTX_DAG_RUN_ID='manual__2023-06-15T13:11:59.872622+00:00'
[2023-06-15T13:31:18.513+0000] {python.py:72} INFO - Poking callable: <function _wait_for_json at 0x7f3aaaf4aa70>
[2023-06-15T13:31:18.612+0000] {taskinstance.py:1784} INFO - Rescheduling task, marking task as UP_FOR_RESCHEDULE
[2023-06-15T13:31:18.715+0000] {local_task_job_runner.py:225} INFO - Task exited with return code 0
[2023-06-15T13:31:18.919+0000] {taskinstance.py:2651} INFO - 0 downstream tasks scheduled from follow-on schedule check
