[2024-03-04T21:42:31.518+0000] {taskinstance.py:1103} INFO - Dependencies all met for dep_context=non-requeueable deps ti=<TaskInstance: read_and_load_data_to_s3.reading_transform_csv manual__2024-03-04T21:42:24.158795+00:00 [queued]>
[2024-03-04T21:42:31.556+0000] {taskinstance.py:1103} INFO - Dependencies all met for dep_context=requeueable deps ti=<TaskInstance: read_and_load_data_to_s3.reading_transform_csv manual__2024-03-04T21:42:24.158795+00:00 [queued]>
[2024-03-04T21:42:31.576+0000] {taskinstance.py:1308} INFO - Starting attempt 1 of 1
[2024-03-04T21:42:31.626+0000] {taskinstance.py:1327} INFO - Executing <Task(PythonOperator): reading_transform_csv> on 2024-03-04 21:42:24.158795+00:00
[2024-03-04T21:42:31.715+0000] {standard_task_runner.py:84} INFO - Running: ['***', 'tasks', 'run', 'read_and_load_data_to_s3', 'reading_transform_csv', 'manual__2024-03-04T21:42:24.158795+00:00', '--job-id', '815', '--raw', '--subdir', 'DAGS_FOLDER/energy-prod-cons-dag/data_energy_dag.py', '--cfg-path', '/tmp/tmpgi8uf0mh']
[2024-03-04T21:42:31.764+0000] {standard_task_runner.py:85} INFO - Job 815: Subtask reading_transform_csv
[2024-03-04T21:42:31.690+0000] {standard_task_runner.py:57} INFO - Started process 233 to run task
[2024-03-04T21:42:32.572+0000] {task_command.py:410} INFO - Running <TaskInstance: read_and_load_data_to_s3.reading_transform_csv manual__2024-03-04T21:42:24.158795+00:00 [running]> on host 952b3f8a1a94
[2024-03-04T21:42:33.193+0000] {taskinstance.py:1547} INFO - Exporting env vars: AIRFLOW_CTX_DAG_OWNER='***' AIRFLOW_CTX_DAG_ID='read_and_load_data_to_s3' AIRFLOW_CTX_TASK_ID='reading_transform_csv' AIRFLOW_CTX_EXECUTION_DATE='2024-03-04T21:42:24.158795+00:00' AIRFLOW_CTX_TRY_NUMBER='1' AIRFLOW_CTX_DAG_RUN_ID='manual__2024-03-04T21:42:24.158795+00:00'
[2024-03-04T21:42:33.218+0000] {warnings.py:110} WARNING - /home/***/.local/lib/python3.7/site-packages/***/operators/python.py:198: FutureWarning: The error_bad_lines argument has been deprecated and will be removed in a future version.


  return self.python_callable(*self.op_args, **self.op_kwargs)

[2024-03-04T21:42:33.328+0000] {logging_mixin.py:149} INFO - ***** display FACT TABLE CONSO ENERGY DEPT  :      annee,operateur_id,id_filiere,consoa,pdla,indquala,code_departement,consona,pdlna,indqualna,consoi,pdli,indquali,consot,pdlt,indqualt,consor,pdlr,indqualr,consototale
0     2011,0,100,26490.69,334,0.957,02,3010.34,44,0....                                                                                                                    
1     2011,0,100,25747.9,373,0.976,03,3822.28,47,0.8...                                                                                                                    
2     2011,0,100,13601.05,118,0.946,04,713.21,31,0.5...                                                                                                                    
3     2011,0,100,6611.47,62,0.949,05,1343.35,44,0.32...                                                                                                                    
4     2011,0,100,33909.59,288,0.944,10,1928.03,35,0....                                                                                                                    
...                                                 ...                                                                                                                    
5587  2021,102,200,0.0,0,0.0,31,0.0,0,0.0,760336.995...                                                                                                                    
5588  2021,102,200,0.0,0,0.0,32,0.0,0,0.0,0.0,0,0.0,...                                                                                                                    
5589  2021,102,200,0.0,0,0.0,65,0.0,0,0.0,475931.741...                                                                                                                    
5590  2021,102,200,0.0,0,0.0,82,0.0,0,0.0,14183.0984...                                                                                                                    
5591  2021,158,200,0.0,0,0.0,22,1486.242,15,0.133,93...                                                                                                                    

[5592 rows x 1 columns]
[2024-03-04T21:42:33.337+0000] {warnings.py:110} WARNING - /home/***/.local/lib/python3.7/site-packages/***/operators/python.py:198: FutureWarning: The error_bad_lines argument has been deprecated and will be removed in a future version.


  return self.python_callable(*self.op_args, **self.op_kwargs)

[2024-03-04T21:42:33.408+0000] {logging_mixin.py:149} INFO - ***** display FACT TABLE CONSO ENERGY REGION  :       annee,operateur_id,id_filiere,code_region,code_grand_secteur,code_categorie_consommation,code_naf
0                               2020,0,100,84,T,ENT,72.0                                               
1                               2020,0,100,84,T,ENT,75.0                                               
2                               2020,0,100,84,T,ENT,77.0                                               
3                               2020,0,100,84,T,ENT,88.0                                               
4                               2020,0,100,84,T,ENT,94.0                                               
...                                                  ...                                               
18123                          2020,85,200,44,T,ENT,36.0                                               
18124                          2020,85,200,44,T,ENT,46.0                                               
18125                          2020,85,200,44,T,ENT,47.0                                               
18126                          2020,85,200,44,T,ENT,56.0                                               
18127                          2020,85,200,44,T,ENT,61.0                                               

[18128 rows x 1 columns]
[2024-03-04T21:42:33.431+0000] {warnings.py:110} WARNING - /home/***/.local/lib/python3.7/site-packages/***/operators/python.py:198: FutureWarning: The error_bad_lines argument has been deprecated and will be removed in a future version.


  return self.python_callable(*self.op_args, **self.op_kwargs)

[2024-03-04T21:42:33.483+0000] {logging_mixin.py:149} INFO - ***** display FACT TABLE PROD ENERGY  :      annee,code_departement,domaine_tension_id,nb_sites_photovoltaique_enedis,energie_produite_annuelle_photovoltaique_enedis_mwh,nb_sites_eolien_enedis,energie_produite_annuelle_eolien_enedis_mwh,nb_sites_hydraulique_enedis,energie_produite_annuelle_hydraulique_enedis_mwh,nb_sites_bio_energie_enedis,energie_produite_annuelle_bio_energie_enedis_mwh,nb_sites_cogeneration_enedis,energie_produite_annuelle_cogeneration_enedis_mwh,nb_sites_autres_filieres_enedis,energie_produite_annuelle_autres_filieres_enedis_mwh,min_igrm,avg_igrm,max_igrm
0     2022,95,1,1.0,796.061,0.0,0.0,0.0,0.0,7.0,2290...                                                                                                                                                                                                                                                                                                                                                                                                                                                                                                      
1     2022,94,1,1.0,1799.717,0.0,0.0,0.0,0.0,0.0,0.0...                                                                                                                                                                                                                                                                                                                                                                                                                                                                                                      
2     2022,89,2,2706.0,9002.574,,,,,,,0.0,0.0,,,0.66...                                                                                                                                                                                                                                                                                                                                                                                                                                                                                                      
3     2022,79,2,524.0,2461.134,0.0,0.0,,,0.0,0.0,0.0...                                                                                                                                                                                                                                                                                                                                                                                                                                                                                                      
4     2022,76,2,4999.0,16159.987,,,,,,,0.0,0.0,,,0.1...                                                                                                                                                                                                                                                                                                                                                                                                                                                                                                      
...                                                 ...                                                                                                                                                                                                                                                                                                                                                                                                                                                                                                      
3379  2022,23,2,1830.0,7801.068,,,,,0.0,0.0,0.0,0.0,...                                                                                                                                                                                                                                                                                                                                                                                                                                                                                                      
3380  2022,19,0,743.0,107260.853,0.0,0.0,1.0,176.321...                                                                                                                                                                                                                                                                                                                                                                                                                                                                                                      
3381  2022,9,0,206.0,25304.912,0.0,0.0,20.0,6464.942...                                                                                                                                                                                                                                                                                                                                                                                                                                                                                                      
3382  2022,8,0,183.0,21084.332,0.0,0.0,1.0,137.023,1...                                                                                                                                                                                                                                                                                                                                                                                                                                                                                                      
3383  2022,6,2,6020.0,16012.064,0.0,0.0,,,0.0,0.0,,,...                                                                                                                                                                                                                                                                                                                                                                                                                                                                                                      

[3384 rows x 1 columns]
[2024-03-04T21:42:33.529+0000] {python.py:183} INFO - Done. Returned value was: None
[2024-03-04T21:42:33.630+0000] {taskinstance.py:1350} INFO - Marking task as SUCCESS. dag_id=read_and_load_data_to_s3, task_id=reading_transform_csv, execution_date=20240304T214224, start_date=20240304T214231, end_date=20240304T214233
[2024-03-04T21:42:33.779+0000] {local_task_job_runner.py:225} INFO - Task exited with return code 0
[2024-03-04T21:42:33.938+0000] {taskinstance.py:2651} INFO - 1 downstream tasks scheduled from follow-on schedule check
