[2024-03-04T21:40:49.598+0000] {taskinstance.py:1103} INFO - Dependencies all met for dep_context=non-requeueable deps ti=<TaskInstance: extract_energy_data_and_transform._fetch_and_transform manual__2024-03-04T21:40:41.223840+00:00 [queued]>
[2024-03-04T21:40:49.676+0000] {taskinstance.py:1103} INFO - Dependencies all met for dep_context=requeueable deps ti=<TaskInstance: extract_energy_data_and_transform._fetch_and_transform manual__2024-03-04T21:40:41.223840+00:00 [queued]>
[2024-03-04T21:40:49.681+0000] {taskinstance.py:1308} INFO - Starting attempt 1 of 1
[2024-03-04T21:40:49.806+0000] {taskinstance.py:1327} INFO - Executing <Task(PythonOperator): _fetch_and_transform> on 2024-03-04 21:40:41.223840+00:00
[2024-03-04T21:40:49.869+0000] {standard_task_runner.py:57} INFO - Started process 198 to run task
[2024-03-04T21:40:49.960+0000] {standard_task_runner.py:84} INFO - Running: ['***', 'tasks', 'run', 'extract_energy_data_and_transform', '_fetch_and_transform', 'manual__2024-03-04T21:40:41.223840+00:00', '--job-id', '812', '--raw', '--subdir', 'DAGS_FOLDER/energy-prod-cons-dag/data_energy_dag.py', '--cfg-path', '/tmp/tmpix8d_8hu']
[2024-03-04T21:40:49.999+0000] {standard_task_runner.py:85} INFO - Job 812: Subtask _fetch_and_transform
[2024-03-04T21:40:50.503+0000] {task_command.py:410} INFO - Running <TaskInstance: extract_energy_data_and_transform._fetch_and_transform manual__2024-03-04T21:40:41.223840+00:00 [running]> on host 952b3f8a1a94
[2024-03-04T21:40:51.099+0000] {taskinstance.py:1547} INFO - Exporting env vars: AIRFLOW_CTX_DAG_OWNER='***' AIRFLOW_CTX_DAG_ID='extract_energy_data_and_transform' AIRFLOW_CTX_TASK_ID='_fetch_and_transform' AIRFLOW_CTX_EXECUTION_DATE='2024-03-04T21:40:41.223840+00:00' AIRFLOW_CTX_TRY_NUMBER='1' AIRFLOW_CTX_DAG_RUN_ID='manual__2024-03-04T21:40:41.223840+00:00'
[2024-03-04T21:40:51.166+0000] {warnings.py:110} WARNING - /home/***/.local/lib/python3.7/site-packages/***/operators/python.py:198: FutureWarning: The error_bad_lines argument has been deprecated and will be removed in a future version.


  return self.python_callable(*self.op_args, **self.op_kwargs)

[2024-03-04T21:41:49.416+0000] {logging_mixin.py:149} INFO - ******* STARTING columns ******  : Index(['operateur', 'annee', 'filiere', 'code_categorie_consommation',
       'libelle_categorie_consommation', 'code_grand_secteur',
       'libelle_grand_secteur', 'code_naf', 'libelle_secteur_naf2', 'conso',
       'pdl', 'indqual', 'nombre_mailles_secretisees', 'code_region',
       'libelle_region'],
      dtype='object')
[2024-03-04T21:41:49.569+0000] {logging_mixin.py:149} INFO - Strip leading and trailing whitespaces from column names
[2024-03-04T21:41:53.673+0000] {python.py:183} INFO - Done. Returned value was: None
[2024-03-04T21:41:53.853+0000] {taskinstance.py:1350} INFO - Marking task as SUCCESS. dag_id=extract_energy_data_and_transform, task_id=_fetch_and_transform, execution_date=20240304T214041, start_date=20240304T214049, end_date=20240304T214153
[2024-03-04T21:41:54.794+0000] {local_task_job_runner.py:225} INFO - Task exited with return code 0
[2024-03-04T21:41:55.563+0000] {taskinstance.py:2651} INFO - 1 downstream tasks scheduled from follow-on schedule check
