[2024-02-19T22:17:45.570+0000] {taskinstance.py:1103} INFO - Dependencies all met for dep_context=non-requeueable deps ti=<TaskInstance: extract_energy_data_and_transform._fetch_and_transform manual__2024-02-19T22:17:42.020186+00:00 [queued]>
[2024-02-19T22:17:45.591+0000] {taskinstance.py:1103} INFO - Dependencies all met for dep_context=requeueable deps ti=<TaskInstance: extract_energy_data_and_transform._fetch_and_transform manual__2024-02-19T22:17:42.020186+00:00 [queued]>
[2024-02-19T22:17:45.593+0000] {taskinstance.py:1308} INFO - Starting attempt 1 of 1
[2024-02-19T22:17:45.624+0000] {taskinstance.py:1327} INFO - Executing <Task(PythonOperator): _fetch_and_transform> on 2024-02-19 22:17:42.020186+00:00
[2024-02-19T22:17:45.636+0000] {standard_task_runner.py:57} INFO - Started process 2401 to run task
[2024-02-19T22:17:45.645+0000] {standard_task_runner.py:84} INFO - Running: ['***', 'tasks', 'run', 'extract_energy_data_and_transform', '_fetch_and_transform', 'manual__2024-02-19T22:17:42.020186+00:00', '--job-id', '286', '--raw', '--subdir', 'DAGS_FOLDER/energy-prod-cons-dag/data_energy_dag.py', '--cfg-path', '/tmp/tmpu8l06iku']
[2024-02-19T22:17:45.659+0000] {standard_task_runner.py:85} INFO - Job 286: Subtask _fetch_and_transform
[2024-02-19T22:17:45.804+0000] {task_command.py:410} INFO - Running <TaskInstance: extract_energy_data_and_transform._fetch_and_transform manual__2024-02-19T22:17:42.020186+00:00 [running]> on host 952b3f8a1a94
[2024-02-19T22:17:45.998+0000] {taskinstance.py:1547} INFO - Exporting env vars: AIRFLOW_CTX_DAG_OWNER='***' AIRFLOW_CTX_DAG_ID='extract_energy_data_and_transform' AIRFLOW_CTX_TASK_ID='_fetch_and_transform' AIRFLOW_CTX_EXECUTION_DATE='2024-02-19T22:17:42.020186+00:00' AIRFLOW_CTX_TRY_NUMBER='1' AIRFLOW_CTX_DAG_RUN_ID='manual__2024-02-19T22:17:42.020186+00:00'
[2024-02-19T22:17:46.005+0000] {warnings.py:110} WARNING - /home/***/.local/lib/python3.7/site-packages/***/operators/python.py:198: FutureWarning: The error_bad_lines argument has been deprecated and will be removed in a future version.


  return self.python_callable(*self.op_args, **self.op_kwargs)

[2024-02-19T22:18:05.252+0000] {logging_mixin.py:149} INFO - ******* STARTING columns ******  : Index(['operateur', 'annee', 'filiere', 'code_categorie_consommation',
       'libelle_categorie_consommation', 'code_grand_secteur',
       'libelle_grand_secteur', 'code_naf', 'libelle_secteur_naf2', 'conso',
       'pdl', 'indqual', 'nombre_mailles_secretisees', 'code_region',
       'libelle_region'],
      dtype='object')
[2024-02-19T22:18:05.256+0000] {logging_mixin.py:149} INFO - Strip leading and trailing whitespaces from column names
[2024-02-19T22:18:06.020+0000] {python.py:183} INFO - Done. Returned value was: None
[2024-02-19T22:18:06.049+0000] {taskinstance.py:1350} INFO - Marking task as SUCCESS. dag_id=extract_energy_data_and_transform, task_id=_fetch_and_transform, execution_date=20240219T221742, start_date=20240219T221745, end_date=20240219T221806
[2024-02-19T22:18:06.136+0000] {local_task_job_runner.py:225} INFO - Task exited with return code 0
[2024-02-19T22:18:06.272+0000] {taskinstance.py:2651} INFO - 1 downstream tasks scheduled from follow-on schedule check
