[2024-03-10T21:25:11.636+0000] {taskinstance.py:1103} INFO - Dependencies all met for dep_context=non-requeueable deps ti=<TaskInstance: EnergyWarehouse.create_fact_table_prod_energy manual__2024-03-10T21:17:23.324806+00:00 [queued]>
[2024-03-10T21:25:11.670+0000] {taskinstance.py:1103} INFO - Dependencies all met for dep_context=requeueable deps ti=<TaskInstance: EnergyWarehouse.create_fact_table_prod_energy manual__2024-03-10T21:17:23.324806+00:00 [queued]>
[2024-03-10T21:25:11.696+0000] {taskinstance.py:1308} INFO - Starting attempt 2 of 2
[2024-03-10T21:25:11.762+0000] {taskinstance.py:1327} INFO - Executing <Task(PythonOperator): create_fact_table_prod_energy> on 2024-03-10 21:17:23.324806+00:00
[2024-03-10T21:25:11.821+0000] {standard_task_runner.py:57} INFO - Started process 3462 to run task
[2024-03-10T21:25:11.832+0000] {standard_task_runner.py:84} INFO - Running: ['***', 'tasks', 'run', 'EnergyWarehouse', 'create_fact_table_prod_energy', 'manual__2024-03-10T21:17:23.324806+00:00', '--job-id', '1041', '--raw', '--subdir', 'DAGS_FOLDER/***-to-bigquery-dag/***_to_bigquerry_dag.py', '--cfg-path', '/tmp/tmp2mx8n1tv']
[2024-03-10T21:25:11.839+0000] {standard_task_runner.py:85} INFO - Job 1041: Subtask create_fact_table_prod_energy
[2024-03-10T21:25:12.056+0000] {task_command.py:410} INFO - Running <TaskInstance: EnergyWarehouse.create_fact_table_prod_energy manual__2024-03-10T21:17:23.324806+00:00 [running]> on host 952b3f8a1a94
[2024-03-10T21:25:12.317+0000] {taskinstance.py:1547} INFO - Exporting env vars: AIRFLOW_CTX_DAG_OWNER='Mbaye SENE' AIRFLOW_CTX_DAG_ID='EnergyWarehouse' AIRFLOW_CTX_TASK_ID='create_fact_table_prod_energy' AIRFLOW_CTX_EXECUTION_DATE='2024-03-10T21:17:23.324806+00:00' AIRFLOW_CTX_TRY_NUMBER='2' AIRFLOW_CTX_DAG_RUN_ID='manual__2024-03-10T21:17:23.324806+00:00'
[2024-03-10T21:25:12.634+0000] {taskinstance.py:1824} ERROR - Task failed with exception
Traceback (most recent call last):
  File "/home/airflow/.local/lib/python3.7/site-packages/airflow/operators/python.py", line 181, in execute
    return_value = self.execute_callable()
  File "/home/airflow/.local/lib/python3.7/site-packages/airflow/operators/python.py", line 198, in execute_callable
    return self.python_callable(*self.op_args, **self.op_kwargs)
  File "/opt/airflow/dags/airflow-to-bigquery-dag/airflow_to_bigquerry_dag.py", line 431, in create_fact_table_prod_energy
    fact_table_prod_energy = df_prod_elect_dept.merge(result_df, on = ['annee', 'code_departement'])\
  File "/home/airflow/.local/lib/python3.7/site-packages/pandas/core/frame.py", line 9203, in merge
    validate=validate,
  File "/home/airflow/.local/lib/python3.7/site-packages/pandas/core/reshape/merge.py", line 119, in merge
    validate=validate,
  File "/home/airflow/.local/lib/python3.7/site-packages/pandas/core/reshape/merge.py", line 699, in __init__
    ) = self._get_merge_keys()
  File "/home/airflow/.local/lib/python3.7/site-packages/pandas/core/reshape/merge.py", line 1096, in _get_merge_keys
    right_keys.append(right._get_label_or_level_values(rk))
  File "/home/airflow/.local/lib/python3.7/site-packages/pandas/core/generic.py", line 1779, in _get_label_or_level_values
    raise KeyError(key)
KeyError: 'annee'
[2024-03-10T21:25:12.678+0000] {taskinstance.py:1350} INFO - Marking task as FAILED. dag_id=EnergyWarehouse, task_id=create_fact_table_prod_energy, execution_date=20240310T211723, start_date=20240310T212511, end_date=20240310T212512
[2024-03-10T21:25:12.707+0000] {standard_task_runner.py:109} ERROR - Failed to execute job 1041 for task create_fact_table_prod_energy ('annee'; 3462)
[2024-03-10T21:25:12.747+0000] {local_task_job_runner.py:225} INFO - Task exited with return code 1
[2024-03-10T21:25:12.866+0000] {taskinstance.py:2651} INFO - 0 downstream tasks scheduled from follow-on schedule check
