[2024-03-10T21:19:32.950+0000] {taskinstance.py:1103} INFO - Dependencies all met for dep_context=non-requeueable deps ti=<TaskInstance: EnergyWarehouse.create_fact_table_prod_energy manual__2024-03-10T21:17:23.324806+00:00 [queued]>
[2024-03-10T21:19:33.007+0000] {taskinstance.py:1103} INFO - Dependencies all met for dep_context=requeueable deps ti=<TaskInstance: EnergyWarehouse.create_fact_table_prod_energy manual__2024-03-10T21:17:23.324806+00:00 [queued]>
[2024-03-10T21:19:33.010+0000] {taskinstance.py:1308} INFO - Starting attempt 1 of 2
[2024-03-10T21:19:33.058+0000] {taskinstance.py:1327} INFO - Executing <Task(PythonOperator): create_fact_table_prod_energy> on 2024-03-10 21:17:23.324806+00:00
[2024-03-10T21:19:33.086+0000] {standard_task_runner.py:57} INFO - Started process 3346 to run task
[2024-03-10T21:19:33.107+0000] {standard_task_runner.py:84} INFO - Running: ['***', 'tasks', 'run', 'EnergyWarehouse', 'create_fact_table_prod_energy', 'manual__2024-03-10T21:17:23.324806+00:00', '--job-id', '1038', '--raw', '--subdir', 'DAGS_FOLDER/***-to-bigquery-dag/***_to_bigquerry_dag.py', '--cfg-path', '/tmp/tmpow6fq2m2']
[2024-03-10T21:19:33.115+0000] {standard_task_runner.py:85} INFO - Job 1038: Subtask create_fact_table_prod_energy
[2024-03-10T21:19:33.265+0000] {task_command.py:410} INFO - Running <TaskInstance: EnergyWarehouse.create_fact_table_prod_energy manual__2024-03-10T21:17:23.324806+00:00 [running]> on host 952b3f8a1a94
[2024-03-10T21:19:33.535+0000] {taskinstance.py:1547} INFO - Exporting env vars: AIRFLOW_CTX_DAG_OWNER='Mbaye SENE' AIRFLOW_CTX_DAG_ID='EnergyWarehouse' AIRFLOW_CTX_TASK_ID='create_fact_table_prod_energy' AIRFLOW_CTX_EXECUTION_DATE='2024-03-10T21:17:23.324806+00:00' AIRFLOW_CTX_TRY_NUMBER='1' AIRFLOW_CTX_DAG_RUN_ID='manual__2024-03-10T21:17:23.324806+00:00'
[2024-03-10T21:19:34.486+0000] {taskinstance.py:1824} ERROR - Task failed with exception
Traceback (most recent call last):
  File "/home/airflow/.local/lib/python3.7/site-packages/airflow/operators/python.py", line 181, in execute
    return_value = self.execute_callable()
  File "/home/airflow/.local/lib/python3.7/site-packages/airflow/operators/python.py", line 198, in execute_callable
    return self.python_callable(*self.op_args, **self.op_kwargs)
  File "/opt/airflow/dags/airflow-to-bigquery-dag/airflow_to_bigquerry_dag.py", line 431, in create_fact_table_prod_energy
    fact_table_prod_energy = df_prod_elect_dept.merge(result_df, on = ['annee', 'code_departement'])\
  File "/home/airflow/.local/lib/python3.7/site-packages/pandas/core/frame.py", line 9203, in merge
    validate=validate,
  File "/home/airflow/.local/lib/python3.7/site-packages/pandas/core/reshape/merge.py", line 119, in merge
    validate=validate,
  File "/home/airflow/.local/lib/python3.7/site-packages/pandas/core/reshape/merge.py", line 699, in __init__
    ) = self._get_merge_keys()
  File "/home/airflow/.local/lib/python3.7/site-packages/pandas/core/reshape/merge.py", line 1096, in _get_merge_keys
    right_keys.append(right._get_label_or_level_values(rk))
  File "/home/airflow/.local/lib/python3.7/site-packages/pandas/core/generic.py", line 1779, in _get_label_or_level_values
    raise KeyError(key)
KeyError: 'annee'
[2024-03-10T21:19:36.655+0000] {taskinstance.py:1350} INFO - Marking task as UP_FOR_RETRY. dag_id=EnergyWarehouse, task_id=create_fact_table_prod_energy, execution_date=20240310T211723, start_date=20240310T211932, end_date=20240310T211936
[2024-03-10T21:19:37.611+0000] {standard_task_runner.py:109} ERROR - Failed to execute job 1038 for task create_fact_table_prod_energy ('annee'; 3346)
[2024-03-10T21:19:37.867+0000] {local_task_job_runner.py:225} INFO - Task exited with return code 1
[2024-03-10T21:19:38.440+0000] {taskinstance.py:2651} INFO - 0 downstream tasks scheduled from follow-on schedule check
