[2024-02-06T16:17:21.677+0000] {taskinstance.py:1103} INFO - Dependencies all met for dep_context=non-requeueable deps ti=<TaskInstance: get_energy_data_send_psql.transformation_logic manual__2024-02-06T16:17:08.378951+00:00 [queued]>
[2024-02-06T16:17:21.698+0000] {taskinstance.py:1103} INFO - Dependencies all met for dep_context=requeueable deps ti=<TaskInstance: get_energy_data_send_psql.transformation_logic manual__2024-02-06T16:17:08.378951+00:00 [queued]>
[2024-02-06T16:17:21.700+0000] {taskinstance.py:1308} INFO - Starting attempt 1 of 1
[2024-02-06T16:17:21.727+0000] {taskinstance.py:1327} INFO - Executing <Task(PythonOperator): transformation_logic> on 2024-02-06 16:17:08.378951+00:00
[2024-02-06T16:17:21.738+0000] {standard_task_runner.py:57} INFO - Started process 3195 to run task
[2024-02-06T16:17:21.749+0000] {standard_task_runner.py:84} INFO - Running: ['***', 'tasks', 'run', 'get_energy_data_send_psql', 'transformation_logic', 'manual__2024-02-06T16:17:08.378951+00:00', '--job-id', '73', '--raw', '--subdir', 'DAGS_FOLDER/energy-prod-cons-dag/data_energy_dag.py', '--cfg-path', '/tmp/tmpgurpzcpp']
[2024-02-06T16:17:21.755+0000] {standard_task_runner.py:85} INFO - Job 73: Subtask transformation_logic
[2024-02-06T16:17:21.841+0000] {task_command.py:410} INFO - Running <TaskInstance: get_energy_data_send_psql.transformation_logic manual__2024-02-06T16:17:08.378951+00:00 [running]> on host 952b3f8a1a94
[2024-02-06T16:17:21.968+0000] {taskinstance.py:1547} INFO - Exporting env vars: AIRFLOW_CTX_DAG_OWNER='***' AIRFLOW_CTX_DAG_ID='get_energy_data_send_psql' AIRFLOW_CTX_TASK_ID='transformation_logic' AIRFLOW_CTX_EXECUTION_DATE='2024-02-06T16:17:08.378951+00:00' AIRFLOW_CTX_TRY_NUMBER='1' AIRFLOW_CTX_DAG_RUN_ID='manual__2024-02-06T16:17:08.378951+00:00'
[2024-02-06T16:17:21.971+0000] {taskinstance.py:1824} ERROR - Task failed with exception
Traceback (most recent call last):
  File "/home/airflow/.local/lib/python3.7/site-packages/airflow/operators/python.py", line 181, in execute
    return_value = self.execute_callable()
  File "/home/airflow/.local/lib/python3.7/site-packages/airflow/operators/python.py", line 198, in execute_callable
    return self.python_callable(*self.op_args, **self.op_kwargs)
  File "/opt/airflow/dags/energy-prod-cons-dag/data_energy_dag.py", line 58, in _transformation_logic
    print("HERE IS MY FILE :", conso_energy_region_local.head(3))
AttributeError: 'str' object has no attribute 'head'
[2024-02-06T16:17:21.992+0000] {taskinstance.py:1350} INFO - Marking task as FAILED. dag_id=get_energy_data_send_psql, task_id=transformation_logic, execution_date=20240206T161708, start_date=20240206T161721, end_date=20240206T161721
[2024-02-06T16:17:22.020+0000] {standard_task_runner.py:109} ERROR - Failed to execute job 73 for task transformation_logic ('str' object has no attribute 'head'; 3195)
[2024-02-06T16:17:22.086+0000] {local_task_job_runner.py:225} INFO - Task exited with return code 1
[2024-02-06T16:17:22.120+0000] {taskinstance.py:2651} INFO - 0 downstream tasks scheduled from follow-on schedule check
