[2024-02-19T22:27:37.576+0000] {taskinstance.py:1103} INFO - Dependencies all met for dep_context=non-requeueable deps ti=<TaskInstance: read_and_load_data_to_s3.reading_transform_csv manual__2024-02-19T22:27:36.089563+00:00 [queued]>
[2024-02-19T22:27:37.592+0000] {taskinstance.py:1103} INFO - Dependencies all met for dep_context=requeueable deps ti=<TaskInstance: read_and_load_data_to_s3.reading_transform_csv manual__2024-02-19T22:27:36.089563+00:00 [queued]>
[2024-02-19T22:27:37.594+0000] {taskinstance.py:1308} INFO - Starting attempt 1 of 1
[2024-02-19T22:27:37.615+0000] {taskinstance.py:1327} INFO - Executing <Task(PythonOperator): reading_transform_csv> on 2024-02-19 22:27:36.089563+00:00
[2024-02-19T22:27:37.626+0000] {standard_task_runner.py:57} INFO - Started process 2618 to run task
[2024-02-19T22:27:37.634+0000] {standard_task_runner.py:84} INFO - Running: ['***', 'tasks', 'run', 'read_and_load_data_to_s3', 'reading_transform_csv', 'manual__2024-02-19T22:27:36.089563+00:00', '--job-id', '299', '--raw', '--subdir', 'DAGS_FOLDER/energy-prod-cons-dag/data_energy_dag.py', '--cfg-path', '/tmp/tmp4b54qie7']
[2024-02-19T22:27:37.638+0000] {standard_task_runner.py:85} INFO - Job 299: Subtask reading_transform_csv
[2024-02-19T22:27:37.712+0000] {task_command.py:410} INFO - Running <TaskInstance: read_and_load_data_to_s3.reading_transform_csv manual__2024-02-19T22:27:36.089563+00:00 [running]> on host 952b3f8a1a94
[2024-02-19T22:27:37.842+0000] {taskinstance.py:1547} INFO - Exporting env vars: AIRFLOW_CTX_DAG_OWNER='***' AIRFLOW_CTX_DAG_ID='read_and_load_data_to_s3' AIRFLOW_CTX_TASK_ID='reading_transform_csv' AIRFLOW_CTX_EXECUTION_DATE='2024-02-19T22:27:36.089563+00:00' AIRFLOW_CTX_TRY_NUMBER='1' AIRFLOW_CTX_DAG_RUN_ID='manual__2024-02-19T22:27:36.089563+00:00'
[2024-02-19T22:27:37.846+0000] {warnings.py:110} WARNING - /home/***/.local/lib/python3.7/site-packages/***/operators/python.py:198: FutureWarning: The error_bad_lines argument has been deprecated and will be removed in a future version.


  return self.python_callable(*self.op_args, **self.op_kwargs)

[2024-02-19T22:27:37.882+0000] {logging_mixin.py:149} INFO - ***** display FACT TABLE CONSO ENERGY DEPT  :      annee,operateur,id_filiere,consoa,pdla,indquala,code_departement,consona,pdlna,indqualna,consoi,pdli,indquali,consot,pdlt,indqualt,consor,pdlr,indqualr,consototale
0     2011,Enedis,100,26490.69,334,0.957,02,3010.34,...                                                                                                                 
1     2012,Enedis,100,22131.31,342,0.938,02,3194.05,...                                                                                                                 
2     2013,Enedis,100,24021.49,348,0.949,02,3113.02,...                                                                                                                 
3     2018,Enedis,100,59576.9966157645,2281,0.487,02...                                                                                                                 
4     2019,Enedis,100,57108.2494288912,2280,0.566,02...                                                                                                                 
...                                                 ...                                                                                                                 
5583  2016,GRT Gaz,200,0.0,0,0.0,58,0.0,0,0.0,132129...                                                                                                                 
5584  2017,GRT Gaz,200,0.0,0,0.0,58,0.0,0,0.0,142366...                                                                                                                 
5585  2018,GRT Gaz,200,0.0,0,0.0,58,0.0,0,0.0,142601...                                                                                                                 
5586  2020,GRT Gaz,200,0.0,0,0.0,58,0.0,0,0.0,118991...                                                                                                                 
5587  2021,GRT Gaz,200,0.0,0,0.0,58,0.0,0,0.0,127941...                                                                                                                 

[5588 rows x 1 columns]
[2024-02-19T22:27:37.888+0000] {warnings.py:110} WARNING - /home/***/.local/lib/python3.7/site-packages/***/operators/python.py:198: FutureWarning: The error_bad_lines argument has been deprecated and will be removed in a future version.


  return self.python_callable(*self.op_args, **self.op_kwargs)

[2024-02-19T22:27:37.909+0000] {logging_mixin.py:149} INFO - ***** display FACT TABLE CONSO ENERGY REGION  :       annee,operateur,id_filiere,code_region,code_grand_secteur,code_categorie_consommation,code_naf
0                          2020,Enedis,100,84,T,ENT,72.0                                            
1                          2021,Enedis,100,84,T,ENT,72.0                                            
2                          2019,Enedis,100,84,T,ENT,72.0                                            
3                          2018,Enedis,100,84,T,ENT,72.0                                            
4                        2020,GreenAlp,100,84,T,ENT,72.0                                            
...                                                  ...                                            
11099                     2021,GRT Gaz,200,52,I,ENT,12.0                                            
11100                     2019,GRT Gaz,200,52,I,ENT,12.0                                            
11101                     2019,EdF-SEI,100,94,I,ENT,12.0                                            
11102                     2021,EdF-SEI,100,94,I,ENT,12.0                                            
11103                     2020,EdF-SEI,100,94,I,ENT,12.0                                            

[11104 rows x 1 columns]
[2024-02-19T22:27:37.911+0000] {warnings.py:110} WARNING - /home/***/.local/lib/python3.7/site-packages/***/operators/python.py:198: FutureWarning: The error_bad_lines argument has been deprecated and will be removed in a future version.


  return self.python_callable(*self.op_args, **self.op_kwargs)

[2024-02-19T22:27:37.925+0000] {logging_mixin.py:149} INFO - ***** display FACT TABLE PROD ENERGY  :     annee,code_departement,domaine_de_tension,nb_sites_photovoltaique_enedis,energie_produite_annuelle_photovoltaique_enedis_mwh,nb_sites_eolien_enedis,energie_produite_annuelle_eolien_enedis_mwh,nb_sites_hydraulique_enedis,energie_produite_annuelle_hydraulique_enedis_mwh,nb_sites_bio_energie_enedis,energie_produite_annuelle_bio_energie_enedis_mwh,nb_sites_cogeneration_enedis,energie_produite_annuelle_cogeneration_enedis_mwh,nb_sites_autres_filieres_enedis,energie_produite_annuelle_autres_filieres_enedis_mwh,min_igrm,avg_igrm,max_igrm
0    2022,95,HTA,1.0,796.061,0.0,0.0,0.0,0.0,7.0,22...                                                                                                                                                                                                                                                                                                                                                                                                                                                                                                      
1    2022,89,HTA,6.0,23260.03,30.0,613660.291,15.0,...                                                                                                                                                                                                                                                                                                                                                                                                                                                                                                      
2    2022,79,HTA,9.0,22508.922,3.0,73388.559,0.0,0....                                                                                                                                                                                                                                                                                                                                                                                                                                                                                                      
3    2022,76,HTA,9.0,24534.604,55.0,1030355.537,0.0...                                                                                                                                                                                                                                                                                                                                                                                                                                                                                                      
4    2022,74,HTA,6.0,4037.02,0.0,0.0,24.0,93842.503...                                                                                                                                                                                                                                                                                                                                                                                                                                                                                                      
..                                                 ...                                                                                                                                                                                                                                                                                                                                                                                                                                                                                                      
583  2020,72,BT <= 36 kVA,5624.0,23053.697509980502...                                                                                                                                                                                                                                                                                                                                                                                                                                                                                                      
584  2020,79,BT <= 36 kVA,,,0.0,0.0,0.0,0.0,0.0,0.0...                                                                                                                                                                                                                                                                                                                                                                                                                                                                                                      
585  2020,83,BT <= 36 kVA,10791.0,36700.08826753603...                                                                                                                                                                                                                                                                                                                                                                                                                                                                                                      
586  2021,88,BT <= 36 kVA,4370.0,13984.25,,,,,0.0,0...                                                                                                                                                                                                                                                                                                                                                                                                                                                                                                      
587  2022,50,BT <= 36 kVA,4147.0,19057.882,,,,,,,0....                                                                                                                                                                                                                                                                                                                                                                                                                                                                                                      

[588 rows x 1 columns]
[2024-02-19T22:27:37.931+0000] {python.py:183} INFO - Done. Returned value was: None
[2024-02-19T22:27:37.951+0000] {taskinstance.py:1350} INFO - Marking task as SUCCESS. dag_id=read_and_load_data_to_s3, task_id=reading_transform_csv, execution_date=20240219T222736, start_date=20240219T222737, end_date=20240219T222737
[2024-02-19T22:27:38.011+0000] {local_task_job_runner.py:225} INFO - Task exited with return code 0
[2024-02-19T22:27:38.050+0000] {taskinstance.py:2651} INFO - 1 downstream tasks scheduled from follow-on schedule check
