[2024-02-27T11:15:28.742+0000] {taskinstance.py:1103} INFO - Dependencies all met for dep_context=non-requeueable deps ti=<TaskInstance: EnergyWarehouse.create_fact_table_prod_energy manual__2024-02-27T11:13:57.994430+00:00 [queued]>
[2024-02-27T11:15:29.143+0000] {taskinstance.py:1103} INFO - Dependencies all met for dep_context=requeueable deps ti=<TaskInstance: EnergyWarehouse.create_fact_table_prod_energy manual__2024-02-27T11:13:57.994430+00:00 [queued]>
[2024-02-27T11:15:29.184+0000] {taskinstance.py:1308} INFO - Starting attempt 1 of 2
[2024-02-27T11:15:29.450+0000] {taskinstance.py:1327} INFO - Executing <Task(PythonOperator): create_fact_table_prod_energy> on 2024-02-27 11:13:57.994430+00:00
[2024-02-27T11:15:29.564+0000] {standard_task_runner.py:57} INFO - Started process 16871 to run task
[2024-02-27T11:15:29.640+0000] {standard_task_runner.py:84} INFO - Running: ['***', 'tasks', 'run', 'EnergyWarehouse', 'create_fact_table_prod_energy', 'manual__2024-02-27T11:13:57.994430+00:00', '--job-id', '769', '--raw', '--subdir', 'DAGS_FOLDER/***-to-bigquery-dag/***_to_bigquerry_dag.py', '--cfg-path', '/tmp/tmpm0ekqrtw']
[2024-02-27T11:15:29.669+0000] {standard_task_runner.py:85} INFO - Job 769: Subtask create_fact_table_prod_energy
[2024-02-27T11:15:32.088+0000] {task_command.py:410} INFO - Running <TaskInstance: EnergyWarehouse.create_fact_table_prod_energy manual__2024-02-27T11:13:57.994430+00:00 [running]> on host 952b3f8a1a94
[2024-02-27T11:15:33.675+0000] {taskinstance.py:1547} INFO - Exporting env vars: AIRFLOW_CTX_DAG_OWNER='Mbaye SENE' AIRFLOW_CTX_DAG_ID='EnergyWarehouse' AIRFLOW_CTX_TASK_ID='create_fact_table_prod_energy' AIRFLOW_CTX_EXECUTION_DATE='2024-02-27T11:13:57.994430+00:00' AIRFLOW_CTX_TRY_NUMBER='1' AIRFLOW_CTX_DAG_RUN_ID='manual__2024-02-27T11:13:57.994430+00:00'
[2024-02-27T11:15:35.699+0000] {logging_mixin.py:149} INFO - **** TYPE :        annee  ... energie_produite_annuelle_autres_filieres_enedis_mwh
0      2022  ...                                              0.000  
1      2022  ...                                           5174.157  
2      2022  ...                                                NaN  
3      2022  ...                                              0.000  
4      2022  ...                                                NaN  
...     ...  ...                                                ...  
3379   2022  ...                                              0.000  
3380   2022  ...                                            161.254  
3381   2022  ...                                              0.000  
3382   2022  ...                                              0.000  
3383   2022  ...                                                NaN  

[3384 rows x 18 columns] *********
[2024-02-27T11:15:36.552+0000] {python.py:183} INFO - Done. Returned value was: None
[2024-02-27T11:15:37.318+0000] {taskinstance.py:1350} INFO - Marking task as SUCCESS. dag_id=EnergyWarehouse, task_id=create_fact_table_prod_energy, execution_date=20240227T111357, start_date=20240227T111528, end_date=20240227T111537
[2024-02-27T11:15:38.451+0000] {local_task_job_runner.py:225} INFO - Task exited with return code 0
[2024-02-27T11:15:40.425+0000] {taskinstance.py:2651} INFO - 1 downstream tasks scheduled from follow-on schedule check
