[2024-02-06T17:23:07.691+0000] {taskinstance.py:1103} INFO - Dependencies all met for dep_context=non-requeueable deps ti=<TaskInstance: get_energy_data_send_psql.fetch_and_save manual__2024-02-06T17:22:57.980539+00:00 [queued]>
[2024-02-06T17:23:07.841+0000] {taskinstance.py:1103} INFO - Dependencies all met for dep_context=requeueable deps ti=<TaskInstance: get_energy_data_send_psql.fetch_and_save manual__2024-02-06T17:22:57.980539+00:00 [queued]>
[2024-02-06T17:23:07.952+0000] {taskinstance.py:1308} INFO - Starting attempt 1 of 1
[2024-02-06T17:23:08.199+0000] {taskinstance.py:1327} INFO - Executing <Task(PythonOperator): fetch_and_save> on 2024-02-06 17:22:57.980539+00:00
[2024-02-06T17:23:08.317+0000] {standard_task_runner.py:57} INFO - Started process 4202 to run task
[2024-02-06T17:23:08.329+0000] {standard_task_runner.py:84} INFO - Running: ['***', 'tasks', 'run', 'get_energy_data_send_psql', 'fetch_and_save', 'manual__2024-02-06T17:22:57.980539+00:00', '--job-id', '105', '--raw', '--subdir', 'DAGS_FOLDER/energy-prod-cons-dag/data_energy_dag.py', '--cfg-path', '/tmp/tmp76s70ceh']
[2024-02-06T17:23:08.412+0000] {standard_task_runner.py:85} INFO - Job 105: Subtask fetch_and_save
[2024-02-06T17:23:08.924+0000] {task_command.py:410} INFO - Running <TaskInstance: get_energy_data_send_psql.fetch_and_save manual__2024-02-06T17:22:57.980539+00:00 [running]> on host 952b3f8a1a94
[2024-02-06T17:23:09.264+0000] {taskinstance.py:1547} INFO - Exporting env vars: AIRFLOW_CTX_DAG_OWNER='***' AIRFLOW_CTX_DAG_ID='get_energy_data_send_psql' AIRFLOW_CTX_TASK_ID='fetch_and_save' AIRFLOW_CTX_EXECUTION_DATE='2024-02-06T17:22:57.980539+00:00' AIRFLOW_CTX_TRY_NUMBER='1' AIRFLOW_CTX_DAG_RUN_ID='manual__2024-02-06T17:22:57.980539+00:00'
[2024-02-06T17:23:11.336+0000] {warnings.py:110} WARNING - /home/***/.local/lib/python3.7/site-packages/***/operators/python.py:198: FutureWarning: The error_bad_lines argument has been deprecated and will be removed in a future version.


  return self.python_callable(*self.op_args, **self.op_kwargs)

[2024-02-06T17:23:13.614+0000] {logging_mixin.py:149} INFO - display all column  :   operateur  annee  ... code_region        libelle_region
0    Enedis   2020  ...          84  Auvergne-Rhône-Alpes
1    Enedis   2020  ...          84  Auvergne-Rhône-Alpes
2    Enedis   2020  ...          84  Auvergne-Rhône-Alpes

[3 rows x 15 columns]
[2024-02-06T17:23:13.617+0000] {logging_mixin.py:149} INFO - Strip leading and trailing whitespaces from column names
[2024-02-06T17:23:13.626+0000] {logging_mixin.py:149} INFO - Display all columns after dropping 'libelle_grand_secteur':
[2024-02-06T17:23:13.660+0000] {logging_mixin.py:149} INFO -   operateur  annee  ... code_region        libelle_region
0    Enedis   2020  ...          84  Auvergne-Rhône-Alpes
1    Enedis   2020  ...          84  Auvergne-Rhône-Alpes
2    Enedis   2020  ...          84  Auvergne-Rhône-Alpes

[3 rows x 14 columns]
[2024-02-06T17:23:13.666+0000] {logging_mixin.py:149} INFO - Display all columns after dropping 'libelle_grand_secteur':
[2024-02-06T17:23:13.698+0000] {logging_mixin.py:149} INFO -   operateur  annee  ... code_region        libelle_region
0    Enedis   2020  ...          84  Auvergne-Rhône-Alpes
1    Enedis   2020  ...          84  Auvergne-Rhône-Alpes
2    Enedis   2020  ...          84  Auvergne-Rhône-Alpes

[3 rows x 13 columns]
[2024-02-06T17:23:13.707+0000] {logging_mixin.py:149} INFO - Display all columns after dropping 'libelle_grand_secteur':
[2024-02-06T17:23:13.733+0000] {logging_mixin.py:149} INFO -   operateur  annee  ... code_region        libelle_region
0    Enedis   2020  ...          84  Auvergne-Rhône-Alpes
1    Enedis   2020  ...          84  Auvergne-Rhône-Alpes
2    Enedis   2020  ...          84  Auvergne-Rhône-Alpes

[3 rows x 12 columns]
[2024-02-06T17:23:13.739+0000] {logging_mixin.py:149} INFO - Display all columns after dropping 'libelle_grand_secteur':
[2024-02-06T17:23:13.761+0000] {logging_mixin.py:149} INFO -   operateur  annee      filiere  ... indqual code_region        libelle_region
0    Enedis   2020  Electricité  ...   0.995          84  Auvergne-Rhône-Alpes
1    Enedis   2020  Electricité  ...   0.885          84  Auvergne-Rhône-Alpes
2    Enedis   2020  Electricité  ...   0.915          84  Auvergne-Rhône-Alpes

[3 rows x 11 columns]
[2024-02-06T17:23:13.771+0000] {logging_mixin.py:149} INFO - display all column  : Index(['operateur', 'annee', 'filiere', 'code_categorie_consommation',
       'code_grand_secteur', 'libelle_secteur_naf2', 'conso', 'pdl', 'indqual',
       'code_region', 'libelle_region'],
      dtype='object')
[2024-02-06T17:23:14.398+0000] {logging_mixin.py:149} INFO - conso_energy_region Data has been loaded into CSV: /tmp/csv_file/conso_energy_region.csv
[2024-02-06T17:23:14.401+0000] {logging_mixin.py:149} INFO - conso_energy_dept Data has been loaded into CSV: /tmp/csv_file/conso_energy_region.csv
[2024-02-06T17:23:14.406+0000] {python.py:183} INFO - Done. Returned value was: None
[2024-02-06T17:23:14.427+0000] {taskinstance.py:1350} INFO - Marking task as SUCCESS. dag_id=get_energy_data_send_psql, task_id=fetch_and_save, execution_date=20240206T172257, start_date=20240206T172307, end_date=20240206T172314
[2024-02-06T17:23:14.497+0000] {local_task_job_runner.py:225} INFO - Task exited with return code 0
[2024-02-06T17:23:14.560+0000] {taskinstance.py:2651} INFO - 1 downstream tasks scheduled from follow-on schedule check
