[2023-06-14T18:30:52.518+0000] {taskinstance.py:1103} INFO - Dependencies all met for dep_context=non-requeueable deps ti=<TaskInstance: get_university_api_send_psql.fetch_and_save manual__2023-06-14T18:30:44.740208+00:00 [queued]>
[2023-06-14T18:30:52.540+0000] {taskinstance.py:1103} INFO - Dependencies all met for dep_context=requeueable deps ti=<TaskInstance: get_university_api_send_psql.fetch_and_save manual__2023-06-14T18:30:44.740208+00:00 [queued]>
[2023-06-14T18:30:52.543+0000] {taskinstance.py:1308} INFO - Starting attempt 1 of 1
[2023-06-14T18:30:52.591+0000] {taskinstance.py:1327} INFO - Executing <Task(PythonOperator): fetch_and_save> on 2023-06-14 18:30:44.740208+00:00
[2023-06-14T18:30:52.623+0000] {standard_task_runner.py:57} INFO - Started process 7779 to run task
[2023-06-14T18:30:52.638+0000] {standard_task_runner.py:84} INFO - Running: ['***', 'tasks', 'run', 'get_university_api_send_psql', 'fetch_and_save', 'manual__2023-06-14T18:30:44.740208+00:00', '--job-id', '1512', '--raw', '--subdir', 'DAGS_FOLDER/data-university-from-api-dag/data_university_from_api_dag.py', '--cfg-path', '/tmp/tmpg0xxy2e_']
[2023-06-14T18:30:52.651+0000] {standard_task_runner.py:85} INFO - Job 1512: Subtask fetch_and_save
[2023-06-14T18:30:52.815+0000] {task_command.py:410} INFO - Running <TaskInstance: get_university_api_send_psql.fetch_and_save manual__2023-06-14T18:30:44.740208+00:00 [running]> on host cd01a659cc96
[2023-06-14T18:30:53.101+0000] {taskinstance.py:1547} INFO - Exporting env vars: AIRFLOW_CTX_DAG_OWNER='***' AIRFLOW_CTX_DAG_ID='get_university_api_send_psql' AIRFLOW_CTX_TASK_ID='fetch_and_save' AIRFLOW_CTX_EXECUTION_DATE='2023-06-14T18:30:44.740208+00:00' AIRFLOW_CTX_TRY_NUMBER='1' AIRFLOW_CTX_DAG_RUN_ID='manual__2023-06-14T18:30:44.740208+00:00'
[2023-06-14T18:31:13.951+0000] {taskinstance.py:1824} ERROR - Task failed with exception
Traceback (most recent call last):
  File "/home/airflow/.local/lib/python3.7/site-packages/airflow/operators/python.py", line 181, in execute
    return_value = self.execute_callable()
  File "/home/airflow/.local/lib/python3.7/site-packages/airflow/operators/python.py", line 198, in execute_callable
    return self.python_callable(*self.op_args, **self.op_kwargs)
  File "/opt/airflow/dags/data-university-from-api-dag/data_university_from_api_dag.py", line 51, in _fetch_and_save
    (country, alpha_two_code, school_name, state_province, domains, web_pages))
psycopg2.errors.UndefinedTable: relation "school" does not exist
LINE 1: INSERT INTO school (country, alpha_two_code, name, state_pro...
                    ^

[2023-06-14T18:31:13.989+0000] {taskinstance.py:1350} INFO - Marking task as FAILED. dag_id=get_university_api_send_psql, task_id=fetch_and_save, execution_date=20230614T183044, start_date=20230614T183052, end_date=20230614T183113
[2023-06-14T18:31:14.024+0000] {standard_task_runner.py:109} ERROR - Failed to execute job 1512 for task fetch_and_save (relation "school" does not exist
LINE 1: INSERT INTO school (country, alpha_two_code, name, state_pro...
                    ^
; 7779)
[2023-06-14T18:31:14.102+0000] {local_task_job_runner.py:225} INFO - Task exited with return code 1
[2023-06-14T18:31:14.155+0000] {taskinstance.py:2651} INFO - 0 downstream tasks scheduled from follow-on schedule check
