[2024-02-06T17:08:20.318+0000] {taskinstance.py:1103} INFO - Dependencies all met for dep_context=non-requeueable deps ti=<TaskInstance: get_energy_data_send_psql.fetch_and_save manual__2024-02-06T17:07:47.829872+00:00 [queued]>
[2024-02-06T17:08:20.348+0000] {taskinstance.py:1103} INFO - Dependencies all met for dep_context=requeueable deps ti=<TaskInstance: get_energy_data_send_psql.fetch_and_save manual__2024-02-06T17:07:47.829872+00:00 [queued]>
[2024-02-06T17:08:20.361+0000] {taskinstance.py:1308} INFO - Starting attempt 1 of 1
[2024-02-06T17:08:20.431+0000] {taskinstance.py:1327} INFO - Executing <Task(PythonOperator): fetch_and_save> on 2024-02-06 17:07:47.829872+00:00
[2024-02-06T17:08:20.454+0000] {standard_task_runner.py:57} INFO - Started process 3959 to run task
[2024-02-06T17:08:20.467+0000] {standard_task_runner.py:84} INFO - Running: ['***', 'tasks', 'run', 'get_energy_data_send_psql', 'fetch_and_save', 'manual__2024-02-06T17:07:47.829872+00:00', '--job-id', '98', '--raw', '--subdir', 'DAGS_FOLDER/energy-prod-cons-dag/data_energy_dag.py', '--cfg-path', '/tmp/tmpdgrs5q80']
[2024-02-06T17:08:20.477+0000] {standard_task_runner.py:85} INFO - Job 98: Subtask fetch_and_save
[2024-02-06T17:08:20.704+0000] {task_command.py:410} INFO - Running <TaskInstance: get_energy_data_send_psql.fetch_and_save manual__2024-02-06T17:07:47.829872+00:00 [running]> on host 952b3f8a1a94
[2024-02-06T17:08:21.067+0000] {taskinstance.py:1547} INFO - Exporting env vars: AIRFLOW_CTX_DAG_OWNER='***' AIRFLOW_CTX_DAG_ID='get_energy_data_send_psql' AIRFLOW_CTX_TASK_ID='fetch_and_save' AIRFLOW_CTX_EXECUTION_DATE='2024-02-06T17:07:47.829872+00:00' AIRFLOW_CTX_TRY_NUMBER='1' AIRFLOW_CTX_DAG_RUN_ID='manual__2024-02-06T17:07:47.829872+00:00'
[2024-02-06T17:08:26.957+0000] {logging_mixin.py:149} INFO - display all column  :   operateur  annee  ... code_region        libelle_region
0    Enedis   2020  ...          84  Auvergne-Rhône-Alpes
1    Enedis   2020  ...          84  Auvergne-Rhône-Alpes
2    Enedis   2020  ...          84  Auvergne-Rhône-Alpes

[3 rows x 15 columns]
[2024-02-06T17:08:27.139+0000] {logging_mixin.py:149} INFO - Strip leading and trailing whitespaces from column names
[2024-02-06T17:08:27.248+0000] {logging_mixin.py:149} INFO - Display all columns after dropping 'libelle_grand_secteur':
[2024-02-06T17:08:27.500+0000] {logging_mixin.py:149} INFO -   operateur  annee  ... code_region        libelle_region
0    Enedis   2020  ...          84  Auvergne-Rhône-Alpes
1    Enedis   2020  ...          84  Auvergne-Rhône-Alpes
2    Enedis   2020  ...          84  Auvergne-Rhône-Alpes

[3 rows x 14 columns]
[2024-02-06T17:08:29.088+0000] {logging_mixin.py:149} INFO - conso_energy_region Data has been loaded into CSV: /tmp/csv_file/conso_energy_region.csv
[2024-02-06T17:08:29.100+0000] {logging_mixin.py:149} INFO - conso_energy_dept Data has been loaded into CSV: /tmp/csv_file/conso_energy_region.csv
[2024-02-06T17:08:29.118+0000] {python.py:183} INFO - Done. Returned value was: None
[2024-02-06T17:08:29.221+0000] {taskinstance.py:1350} INFO - Marking task as SUCCESS. dag_id=get_energy_data_send_psql, task_id=fetch_and_save, execution_date=20240206T170747, start_date=20240206T170820, end_date=20240206T170829
[2024-02-06T17:08:29.439+0000] {local_task_job_runner.py:225} INFO - Task exited with return code 0
[2024-02-06T17:08:29.616+0000] {taskinstance.py:2651} INFO - 1 downstream tasks scheduled from follow-on schedule check
