[2024-02-26T22:01:49.827+0000] {taskinstance.py:1103} INFO - Dependencies all met for dep_context=non-requeueable deps ti=<TaskInstance: EnergyWarehouse.dim_annee manual__2024-02-26T21:57:07.846005+00:00 [queued]>
[2024-02-26T22:01:50.690+0000] {taskinstance.py:1103} INFO - Dependencies all met for dep_context=requeueable deps ti=<TaskInstance: EnergyWarehouse.dim_annee manual__2024-02-26T21:57:07.846005+00:00 [queued]>
[2024-02-26T22:01:50.710+0000] {taskinstance.py:1308} INFO - Starting attempt 1 of 2
[2024-02-26T22:01:52.225+0000] {taskinstance.py:1327} INFO - Executing <Task(PythonSensor): dim_annee> on 2024-02-26 21:57:07.846005+00:00
[2024-02-26T22:01:52.445+0000] {standard_task_runner.py:57} INFO - Started process 3867 to run task
[2024-02-26T22:01:52.629+0000] {standard_task_runner.py:84} INFO - Running: ['***', 'tasks', 'run', 'EnergyWarehouse', 'dim_annee', 'manual__2024-02-26T21:57:07.846005+00:00', '--job-id', '409', '--raw', '--subdir', 'DAGS_FOLDER/***-to-bigquery-dag/***_to_bigquerry_dag.py', '--cfg-path', '/tmp/tmp_le9gfrr']
[2024-02-26T22:01:53.259+0000] {standard_task_runner.py:85} INFO - Job 409: Subtask dim_annee
[2024-02-26T22:01:54.833+0000] {task_command.py:410} INFO - Running <TaskInstance: EnergyWarehouse.dim_annee manual__2024-02-26T21:57:07.846005+00:00 [running]> on host 952b3f8a1a94
[2024-02-26T22:02:00.066+0000] {taskinstance.py:1547} INFO - Exporting env vars: AIRFLOW_CTX_DAG_OWNER='Mbaye SENE' AIRFLOW_CTX_DAG_ID='EnergyWarehouse' AIRFLOW_CTX_TASK_ID='dim_annee' AIRFLOW_CTX_EXECUTION_DATE='2024-02-26T21:57:07.846005+00:00' AIRFLOW_CTX_TRY_NUMBER='1' AIRFLOW_CTX_DAG_RUN_ID='manual__2024-02-26T21:57:07.846005+00:00'
[2024-02-26T22:02:00.513+0000] {python.py:72} INFO - Poking callable: <function _wait_for_csv at 0x7f471b359950>
[2024-02-26T22:02:01.101+0000] {taskinstance.py:1784} INFO - Rescheduling task, marking task as UP_FOR_RESCHEDULE
[2024-02-26T22:02:01.662+0000] {local_task_job_runner.py:225} INFO - Task exited with return code 0
[2024-02-26T22:02:01.908+0000] {taskinstance.py:2651} INFO - 0 downstream tasks scheduled from follow-on schedule check
[2024-02-26T22:02:46.646+0000] {taskinstance.py:1103} INFO - Dependencies all met for dep_context=non-requeueable deps ti=<TaskInstance: EnergyWarehouse.dim_annee manual__2024-02-26T21:57:07.846005+00:00 [queued]>
[2024-02-26T22:02:46.708+0000] {taskinstance.py:1103} INFO - Dependencies all met for dep_context=requeueable deps ti=<TaskInstance: EnergyWarehouse.dim_annee manual__2024-02-26T21:57:07.846005+00:00 [queued]>
[2024-02-26T22:02:46.740+0000] {taskinstance.py:1308} INFO - Starting attempt 1 of 2
[2024-02-26T22:02:46.913+0000] {taskinstance.py:1327} INFO - Executing <Task(PythonSensor): dim_annee> on 2024-02-26 21:57:07.846005+00:00
[2024-02-26T22:02:46.949+0000] {standard_task_runner.py:57} INFO - Started process 3886 to run task
[2024-02-26T22:02:46.959+0000] {standard_task_runner.py:84} INFO - Running: ['***', 'tasks', 'run', 'EnergyWarehouse', 'dim_annee', 'manual__2024-02-26T21:57:07.846005+00:00', '--job-id', '412', '--raw', '--subdir', 'DAGS_FOLDER/***-to-bigquery-dag/***_to_bigquerry_dag.py', '--cfg-path', '/tmp/tmp005fk_mb']
[2024-02-26T22:02:46.967+0000] {standard_task_runner.py:85} INFO - Job 412: Subtask dim_annee
[2024-02-26T22:02:47.243+0000] {task_command.py:410} INFO - Running <TaskInstance: EnergyWarehouse.dim_annee manual__2024-02-26T21:57:07.846005+00:00 [running]> on host 952b3f8a1a94
[2024-02-26T22:02:48.156+0000] {taskinstance.py:1547} INFO - Exporting env vars: AIRFLOW_CTX_DAG_OWNER='Mbaye SENE' AIRFLOW_CTX_DAG_ID='EnergyWarehouse' AIRFLOW_CTX_TASK_ID='dim_annee' AIRFLOW_CTX_EXECUTION_DATE='2024-02-26T21:57:07.846005+00:00' AIRFLOW_CTX_TRY_NUMBER='1' AIRFLOW_CTX_DAG_RUN_ID='manual__2024-02-26T21:57:07.846005+00:00'
[2024-02-26T22:02:48.248+0000] {python.py:72} INFO - Poking callable: <function _wait_for_csv at 0x7f471b431680>
[2024-02-26T22:02:48.571+0000] {taskinstance.py:1784} INFO - Rescheduling task, marking task as UP_FOR_RESCHEDULE
[2024-02-26T22:02:48.683+0000] {local_task_job_runner.py:225} INFO - Task exited with return code 0
[2024-02-26T22:02:48.825+0000] {taskinstance.py:2651} INFO - 0 downstream tasks scheduled from follow-on schedule check
[2024-02-26T22:03:21.264+0000] {taskinstance.py:1103} INFO - Dependencies all met for dep_context=non-requeueable deps ti=<TaskInstance: EnergyWarehouse.dim_annee manual__2024-02-26T21:57:07.846005+00:00 [queued]>
[2024-02-26T22:03:21.285+0000] {taskinstance.py:1103} INFO - Dependencies all met for dep_context=requeueable deps ti=<TaskInstance: EnergyWarehouse.dim_annee manual__2024-02-26T21:57:07.846005+00:00 [queued]>
[2024-02-26T22:03:21.287+0000] {taskinstance.py:1308} INFO - Starting attempt 1 of 2
[2024-02-26T22:03:21.312+0000] {taskinstance.py:1327} INFO - Executing <Task(PythonSensor): dim_annee> on 2024-02-26 21:57:07.846005+00:00
[2024-02-26T22:03:21.327+0000] {standard_task_runner.py:57} INFO - Started process 3907 to run task
[2024-02-26T22:03:21.336+0000] {standard_task_runner.py:84} INFO - Running: ['***', 'tasks', 'run', 'EnergyWarehouse', 'dim_annee', 'manual__2024-02-26T21:57:07.846005+00:00', '--job-id', '416', '--raw', '--subdir', 'DAGS_FOLDER/***-to-bigquery-dag/***_to_bigquerry_dag.py', '--cfg-path', '/tmp/tmp6in3kmh6']
[2024-02-26T22:03:21.348+0000] {standard_task_runner.py:85} INFO - Job 416: Subtask dim_annee
[2024-02-26T22:03:21.592+0000] {task_command.py:410} INFO - Running <TaskInstance: EnergyWarehouse.dim_annee manual__2024-02-26T21:57:07.846005+00:00 [running]> on host 952b3f8a1a94
[2024-02-26T22:03:21.720+0000] {taskinstance.py:1547} INFO - Exporting env vars: AIRFLOW_CTX_DAG_OWNER='Mbaye SENE' AIRFLOW_CTX_DAG_ID='EnergyWarehouse' AIRFLOW_CTX_TASK_ID='dim_annee' AIRFLOW_CTX_EXECUTION_DATE='2024-02-26T21:57:07.846005+00:00' AIRFLOW_CTX_TRY_NUMBER='1' AIRFLOW_CTX_DAG_RUN_ID='manual__2024-02-26T21:57:07.846005+00:00'
[2024-02-26T22:03:21.744+0000] {python.py:72} INFO - Poking callable: <function _wait_for_csv at 0x7f471b431680>
[2024-02-26T22:03:21.773+0000] {taskinstance.py:1784} INFO - Rescheduling task, marking task as UP_FOR_RESCHEDULE
[2024-02-26T22:03:21.821+0000] {local_task_job_runner.py:225} INFO - Task exited with return code 0
[2024-02-26T22:03:21.853+0000] {taskinstance.py:2651} INFO - 0 downstream tasks scheduled from follow-on schedule check
[2024-02-26T22:03:54.829+0000] {taskinstance.py:1103} INFO - Dependencies all met for dep_context=non-requeueable deps ti=<TaskInstance: EnergyWarehouse.dim_annee manual__2024-02-26T21:57:07.846005+00:00 [queued]>
[2024-02-26T22:03:54.851+0000] {taskinstance.py:1103} INFO - Dependencies all met for dep_context=requeueable deps ti=<TaskInstance: EnergyWarehouse.dim_annee manual__2024-02-26T21:57:07.846005+00:00 [queued]>
[2024-02-26T22:03:54.855+0000] {taskinstance.py:1308} INFO - Starting attempt 1 of 2
[2024-02-26T22:03:54.878+0000] {taskinstance.py:1327} INFO - Executing <Task(PythonSensor): dim_annee> on 2024-02-26 21:57:07.846005+00:00
[2024-02-26T22:03:54.893+0000] {standard_task_runner.py:57} INFO - Started process 3928 to run task
[2024-02-26T22:03:54.902+0000] {standard_task_runner.py:84} INFO - Running: ['***', 'tasks', 'run', 'EnergyWarehouse', 'dim_annee', 'manual__2024-02-26T21:57:07.846005+00:00', '--job-id', '420', '--raw', '--subdir', 'DAGS_FOLDER/***-to-bigquery-dag/***_to_bigquerry_dag.py', '--cfg-path', '/tmp/tmplpd6_dn1']
[2024-02-26T22:03:54.908+0000] {standard_task_runner.py:85} INFO - Job 420: Subtask dim_annee
[2024-02-26T22:03:55.009+0000] {task_command.py:410} INFO - Running <TaskInstance: EnergyWarehouse.dim_annee manual__2024-02-26T21:57:07.846005+00:00 [running]> on host 952b3f8a1a94
[2024-02-26T22:03:55.133+0000] {taskinstance.py:1547} INFO - Exporting env vars: AIRFLOW_CTX_DAG_OWNER='Mbaye SENE' AIRFLOW_CTX_DAG_ID='EnergyWarehouse' AIRFLOW_CTX_TASK_ID='dim_annee' AIRFLOW_CTX_EXECUTION_DATE='2024-02-26T21:57:07.846005+00:00' AIRFLOW_CTX_TRY_NUMBER='1' AIRFLOW_CTX_DAG_RUN_ID='manual__2024-02-26T21:57:07.846005+00:00'
[2024-02-26T22:03:55.158+0000] {python.py:72} INFO - Poking callable: <function _wait_for_csv at 0x7f471b431680>
[2024-02-26T22:03:55.219+0000] {taskinstance.py:1784} INFO - Rescheduling task, marking task as UP_FOR_RESCHEDULE
[2024-02-26T22:03:55.280+0000] {local_task_job_runner.py:225} INFO - Task exited with return code 0
[2024-02-26T22:03:55.331+0000] {taskinstance.py:2651} INFO - 0 downstream tasks scheduled from follow-on schedule check
[2024-02-26T22:04:26.924+0000] {taskinstance.py:1103} INFO - Dependencies all met for dep_context=non-requeueable deps ti=<TaskInstance: EnergyWarehouse.dim_annee manual__2024-02-26T21:57:07.846005+00:00 [queued]>
[2024-02-26T22:04:26.943+0000] {taskinstance.py:1103} INFO - Dependencies all met for dep_context=requeueable deps ti=<TaskInstance: EnergyWarehouse.dim_annee manual__2024-02-26T21:57:07.846005+00:00 [queued]>
[2024-02-26T22:04:26.945+0000] {taskinstance.py:1308} INFO - Starting attempt 1 of 2
[2024-02-26T22:04:26.966+0000] {taskinstance.py:1327} INFO - Executing <Task(PythonSensor): dim_annee> on 2024-02-26 21:57:07.846005+00:00
[2024-02-26T22:04:26.978+0000] {standard_task_runner.py:57} INFO - Started process 3946 to run task
[2024-02-26T22:04:26.986+0000] {standard_task_runner.py:84} INFO - Running: ['***', 'tasks', 'run', 'EnergyWarehouse', 'dim_annee', 'manual__2024-02-26T21:57:07.846005+00:00', '--job-id', '423', '--raw', '--subdir', 'DAGS_FOLDER/***-to-bigquery-dag/***_to_bigquerry_dag.py', '--cfg-path', '/tmp/tmph_xuuc01']
[2024-02-26T22:04:26.993+0000] {standard_task_runner.py:85} INFO - Job 423: Subtask dim_annee
[2024-02-26T22:04:27.063+0000] {task_command.py:410} INFO - Running <TaskInstance: EnergyWarehouse.dim_annee manual__2024-02-26T21:57:07.846005+00:00 [running]> on host 952b3f8a1a94
[2024-02-26T22:04:27.163+0000] {taskinstance.py:1547} INFO - Exporting env vars: AIRFLOW_CTX_DAG_OWNER='Mbaye SENE' AIRFLOW_CTX_DAG_ID='EnergyWarehouse' AIRFLOW_CTX_TASK_ID='dim_annee' AIRFLOW_CTX_EXECUTION_DATE='2024-02-26T21:57:07.846005+00:00' AIRFLOW_CTX_TRY_NUMBER='1' AIRFLOW_CTX_DAG_RUN_ID='manual__2024-02-26T21:57:07.846005+00:00'
[2024-02-26T22:04:27.181+0000] {python.py:72} INFO - Poking callable: <function _wait_for_csv at 0x7f471b431680>
[2024-02-26T22:04:27.207+0000] {taskinstance.py:1784} INFO - Rescheduling task, marking task as UP_FOR_RESCHEDULE
[2024-02-26T22:04:27.242+0000] {local_task_job_runner.py:225} INFO - Task exited with return code 0
[2024-02-26T22:04:27.270+0000] {taskinstance.py:2651} INFO - 0 downstream tasks scheduled from follow-on schedule check
[2024-02-26T22:04:59.491+0000] {taskinstance.py:1103} INFO - Dependencies all met for dep_context=non-requeueable deps ti=<TaskInstance: EnergyWarehouse.dim_annee manual__2024-02-26T21:57:07.846005+00:00 [queued]>
[2024-02-26T22:04:59.511+0000] {taskinstance.py:1103} INFO - Dependencies all met for dep_context=requeueable deps ti=<TaskInstance: EnergyWarehouse.dim_annee manual__2024-02-26T21:57:07.846005+00:00 [queued]>
[2024-02-26T22:04:59.512+0000] {taskinstance.py:1308} INFO - Starting attempt 1 of 2
[2024-02-26T22:04:59.539+0000] {taskinstance.py:1327} INFO - Executing <Task(PythonSensor): dim_annee> on 2024-02-26 21:57:07.846005+00:00
[2024-02-26T22:04:59.552+0000] {standard_task_runner.py:57} INFO - Started process 3963 to run task
[2024-02-26T22:04:59.561+0000] {standard_task_runner.py:84} INFO - Running: ['***', 'tasks', 'run', 'EnergyWarehouse', 'dim_annee', 'manual__2024-02-26T21:57:07.846005+00:00', '--job-id', '426', '--raw', '--subdir', 'DAGS_FOLDER/***-to-bigquery-dag/***_to_bigquerry_dag.py', '--cfg-path', '/tmp/tmpj3ajztr5']
[2024-02-26T22:04:59.567+0000] {standard_task_runner.py:85} INFO - Job 426: Subtask dim_annee
[2024-02-26T22:04:59.660+0000] {task_command.py:410} INFO - Running <TaskInstance: EnergyWarehouse.dim_annee manual__2024-02-26T21:57:07.846005+00:00 [running]> on host 952b3f8a1a94
[2024-02-26T22:04:59.771+0000] {taskinstance.py:1547} INFO - Exporting env vars: AIRFLOW_CTX_DAG_OWNER='Mbaye SENE' AIRFLOW_CTX_DAG_ID='EnergyWarehouse' AIRFLOW_CTX_TASK_ID='dim_annee' AIRFLOW_CTX_EXECUTION_DATE='2024-02-26T21:57:07.846005+00:00' AIRFLOW_CTX_TRY_NUMBER='1' AIRFLOW_CTX_DAG_RUN_ID='manual__2024-02-26T21:57:07.846005+00:00'
[2024-02-26T22:04:59.789+0000] {python.py:72} INFO - Poking callable: <function _wait_for_csv at 0x7f471b431680>
[2024-02-26T22:04:59.820+0000] {taskinstance.py:1784} INFO - Rescheduling task, marking task as UP_FOR_RESCHEDULE
[2024-02-26T22:04:59.856+0000] {local_task_job_runner.py:225} INFO - Task exited with return code 0
[2024-02-26T22:04:59.882+0000] {taskinstance.py:2651} INFO - 0 downstream tasks scheduled from follow-on schedule check
[2024-02-26T22:05:31.590+0000] {taskinstance.py:1103} INFO - Dependencies all met for dep_context=non-requeueable deps ti=<TaskInstance: EnergyWarehouse.dim_annee manual__2024-02-26T21:57:07.846005+00:00 [queued]>
[2024-02-26T22:05:31.609+0000] {taskinstance.py:1103} INFO - Dependencies all met for dep_context=requeueable deps ti=<TaskInstance: EnergyWarehouse.dim_annee manual__2024-02-26T21:57:07.846005+00:00 [queued]>
[2024-02-26T22:05:31.611+0000] {taskinstance.py:1308} INFO - Starting attempt 1 of 2
[2024-02-26T22:05:31.634+0000] {taskinstance.py:1327} INFO - Executing <Task(PythonSensor): dim_annee> on 2024-02-26 21:57:07.846005+00:00
[2024-02-26T22:05:31.646+0000] {standard_task_runner.py:57} INFO - Started process 3980 to run task
[2024-02-26T22:05:31.654+0000] {standard_task_runner.py:84} INFO - Running: ['***', 'tasks', 'run', 'EnergyWarehouse', 'dim_annee', 'manual__2024-02-26T21:57:07.846005+00:00', '--job-id', '429', '--raw', '--subdir', 'DAGS_FOLDER/***-to-bigquery-dag/***_to_bigquerry_dag.py', '--cfg-path', '/tmp/tmp5syrysog']
[2024-02-26T22:05:31.660+0000] {standard_task_runner.py:85} INFO - Job 429: Subtask dim_annee
[2024-02-26T22:05:31.738+0000] {task_command.py:410} INFO - Running <TaskInstance: EnergyWarehouse.dim_annee manual__2024-02-26T21:57:07.846005+00:00 [running]> on host 952b3f8a1a94
[2024-02-26T22:05:31.839+0000] {taskinstance.py:1547} INFO - Exporting env vars: AIRFLOW_CTX_DAG_OWNER='Mbaye SENE' AIRFLOW_CTX_DAG_ID='EnergyWarehouse' AIRFLOW_CTX_TASK_ID='dim_annee' AIRFLOW_CTX_EXECUTION_DATE='2024-02-26T21:57:07.846005+00:00' AIRFLOW_CTX_TRY_NUMBER='1' AIRFLOW_CTX_DAG_RUN_ID='manual__2024-02-26T21:57:07.846005+00:00'
[2024-02-26T22:05:31.856+0000] {python.py:72} INFO - Poking callable: <function _wait_for_csv at 0x7f471b431680>
[2024-02-26T22:05:31.883+0000] {taskinstance.py:1784} INFO - Rescheduling task, marking task as UP_FOR_RESCHEDULE
[2024-02-26T22:05:31.911+0000] {local_task_job_runner.py:225} INFO - Task exited with return code 0
[2024-02-26T22:05:31.935+0000] {taskinstance.py:2651} INFO - 0 downstream tasks scheduled from follow-on schedule check
[2024-02-26T22:07:18.972+0000] {taskinstance.py:1103} INFO - Dependencies all met for dep_context=non-requeueable deps ti=<TaskInstance: EnergyWarehouse.dim_annee manual__2024-02-26T21:57:07.846005+00:00 [queued]>
[2024-02-26T22:07:19.193+0000] {taskinstance.py:1103} INFO - Dependencies all met for dep_context=requeueable deps ti=<TaskInstance: EnergyWarehouse.dim_annee manual__2024-02-26T21:57:07.846005+00:00 [queued]>
[2024-02-26T22:07:19.208+0000] {taskinstance.py:1308} INFO - Starting attempt 1 of 2
[2024-02-26T22:07:19.793+0000] {taskinstance.py:1327} INFO - Executing <Task(PythonSensor): dim_annee> on 2024-02-26 21:57:07.846005+00:00
[2024-02-26T22:07:19.953+0000] {standard_task_runner.py:57} INFO - Started process 4055 to run task
[2024-02-26T22:07:20.635+0000] {standard_task_runner.py:84} INFO - Running: ['***', 'tasks', 'run', 'EnergyWarehouse', 'dim_annee', 'manual__2024-02-26T21:57:07.846005+00:00', '--job-id', '442', '--raw', '--subdir', 'DAGS_FOLDER/***-to-bigquery-dag/***_to_bigquerry_dag.py', '--cfg-path', '/tmp/tmpau_r5glg']
[2024-02-26T22:07:20.653+0000] {standard_task_runner.py:85} INFO - Job 442: Subtask dim_annee
[2024-02-26T22:07:23.861+0000] {task_command.py:410} INFO - Running <TaskInstance: EnergyWarehouse.dim_annee manual__2024-02-26T21:57:07.846005+00:00 [running]> on host 952b3f8a1a94
[2024-02-26T22:07:26.690+0000] {taskinstance.py:1547} INFO - Exporting env vars: AIRFLOW_CTX_DAG_OWNER='Mbaye SENE' AIRFLOW_CTX_DAG_ID='EnergyWarehouse' AIRFLOW_CTX_TASK_ID='dim_annee' AIRFLOW_CTX_EXECUTION_DATE='2024-02-26T21:57:07.846005+00:00' AIRFLOW_CTX_TRY_NUMBER='1' AIRFLOW_CTX_DAG_RUN_ID='manual__2024-02-26T21:57:07.846005+00:00'
[2024-02-26T22:07:26.800+0000] {python.py:72} INFO - Poking callable: <function _wait_for_csv at 0x7f471b32d200>
[2024-02-26T22:07:27.058+0000] {taskinstance.py:1784} INFO - Rescheduling task, marking task as UP_FOR_RESCHEDULE
[2024-02-26T22:07:27.315+0000] {local_task_job_runner.py:225} INFO - Task exited with return code 0
[2024-02-26T22:07:27.563+0000] {taskinstance.py:2651} INFO - 0 downstream tasks scheduled from follow-on schedule check
[2024-02-26T22:08:01.141+0000] {taskinstance.py:1103} INFO - Dependencies all met for dep_context=non-requeueable deps ti=<TaskInstance: EnergyWarehouse.dim_annee manual__2024-02-26T21:57:07.846005+00:00 [queued]>
[2024-02-26T22:08:01.158+0000] {taskinstance.py:1103} INFO - Dependencies all met for dep_context=requeueable deps ti=<TaskInstance: EnergyWarehouse.dim_annee manual__2024-02-26T21:57:07.846005+00:00 [queued]>
[2024-02-26T22:08:01.160+0000] {taskinstance.py:1308} INFO - Starting attempt 1 of 2
[2024-02-26T22:08:01.179+0000] {taskinstance.py:1327} INFO - Executing <Task(PythonSensor): dim_annee> on 2024-02-26 21:57:07.846005+00:00
[2024-02-26T22:08:01.191+0000] {standard_task_runner.py:57} INFO - Started process 4081 to run task
[2024-02-26T22:08:01.199+0000] {standard_task_runner.py:84} INFO - Running: ['***', 'tasks', 'run', 'EnergyWarehouse', 'dim_annee', 'manual__2024-02-26T21:57:07.846005+00:00', '--job-id', '451', '--raw', '--subdir', 'DAGS_FOLDER/***-to-bigquery-dag/***_to_bigquerry_dag.py', '--cfg-path', '/tmp/tmpjm0__xtp']
[2024-02-26T22:08:01.204+0000] {standard_task_runner.py:85} INFO - Job 451: Subtask dim_annee
[2024-02-26T22:08:01.294+0000] {task_command.py:410} INFO - Running <TaskInstance: EnergyWarehouse.dim_annee manual__2024-02-26T21:57:07.846005+00:00 [running]> on host 952b3f8a1a94
[2024-02-26T22:08:01.407+0000] {taskinstance.py:1547} INFO - Exporting env vars: AIRFLOW_CTX_DAG_OWNER='Mbaye SENE' AIRFLOW_CTX_DAG_ID='EnergyWarehouse' AIRFLOW_CTX_TASK_ID='dim_annee' AIRFLOW_CTX_EXECUTION_DATE='2024-02-26T21:57:07.846005+00:00' AIRFLOW_CTX_TRY_NUMBER='1' AIRFLOW_CTX_DAG_RUN_ID='manual__2024-02-26T21:57:07.846005+00:00'
[2024-02-26T22:08:01.426+0000] {python.py:72} INFO - Poking callable: <function _wait_for_csv at 0x7f471b432680>
[2024-02-26T22:08:01.506+0000] {taskinstance.py:1784} INFO - Rescheduling task, marking task as UP_FOR_RESCHEDULE
[2024-02-26T22:08:01.537+0000] {local_task_job_runner.py:225} INFO - Task exited with return code 0
[2024-02-26T22:08:01.572+0000] {taskinstance.py:2651} INFO - 0 downstream tasks scheduled from follow-on schedule check
[2024-02-26T22:08:33.489+0000] {taskinstance.py:1103} INFO - Dependencies all met for dep_context=non-requeueable deps ti=<TaskInstance: EnergyWarehouse.dim_annee manual__2024-02-26T21:57:07.846005+00:00 [queued]>
[2024-02-26T22:08:33.510+0000] {taskinstance.py:1103} INFO - Dependencies all met for dep_context=requeueable deps ti=<TaskInstance: EnergyWarehouse.dim_annee manual__2024-02-26T21:57:07.846005+00:00 [queued]>
[2024-02-26T22:08:33.512+0000] {taskinstance.py:1308} INFO - Starting attempt 1 of 2
[2024-02-26T22:08:33.536+0000] {taskinstance.py:1327} INFO - Executing <Task(PythonSensor): dim_annee> on 2024-02-26 21:57:07.846005+00:00
[2024-02-26T22:08:33.547+0000] {standard_task_runner.py:57} INFO - Started process 4099 to run task
[2024-02-26T22:08:33.555+0000] {standard_task_runner.py:84} INFO - Running: ['***', 'tasks', 'run', 'EnergyWarehouse', 'dim_annee', 'manual__2024-02-26T21:57:07.846005+00:00', '--job-id', '454', '--raw', '--subdir', 'DAGS_FOLDER/***-to-bigquery-dag/***_to_bigquerry_dag.py', '--cfg-path', '/tmp/tmp9u_rvkmj']
[2024-02-26T22:08:33.561+0000] {standard_task_runner.py:85} INFO - Job 454: Subtask dim_annee
[2024-02-26T22:08:33.653+0000] {task_command.py:410} INFO - Running <TaskInstance: EnergyWarehouse.dim_annee manual__2024-02-26T21:57:07.846005+00:00 [running]> on host 952b3f8a1a94
[2024-02-26T22:08:33.767+0000] {taskinstance.py:1547} INFO - Exporting env vars: AIRFLOW_CTX_DAG_OWNER='Mbaye SENE' AIRFLOW_CTX_DAG_ID='EnergyWarehouse' AIRFLOW_CTX_TASK_ID='dim_annee' AIRFLOW_CTX_EXECUTION_DATE='2024-02-26T21:57:07.846005+00:00' AIRFLOW_CTX_TRY_NUMBER='1' AIRFLOW_CTX_DAG_RUN_ID='manual__2024-02-26T21:57:07.846005+00:00'
[2024-02-26T22:08:33.795+0000] {python.py:72} INFO - Poking callable: <function _wait_for_csv at 0x7f471b431680>
[2024-02-26T22:08:33.838+0000] {taskinstance.py:1784} INFO - Rescheduling task, marking task as UP_FOR_RESCHEDULE
[2024-02-26T22:08:33.898+0000] {local_task_job_runner.py:225} INFO - Task exited with return code 0
[2024-02-26T22:08:33.929+0000] {taskinstance.py:2651} INFO - 0 downstream tasks scheduled from follow-on schedule check
[2024-02-26T22:09:07.787+0000] {taskinstance.py:1103} INFO - Dependencies all met for dep_context=non-requeueable deps ti=<TaskInstance: EnergyWarehouse.dim_annee manual__2024-02-26T21:57:07.846005+00:00 [queued]>
[2024-02-26T22:09:07.810+0000] {taskinstance.py:1103} INFO - Dependencies all met for dep_context=requeueable deps ti=<TaskInstance: EnergyWarehouse.dim_annee manual__2024-02-26T21:57:07.846005+00:00 [queued]>
[2024-02-26T22:09:07.812+0000] {taskinstance.py:1308} INFO - Starting attempt 1 of 2
[2024-02-26T22:09:07.837+0000] {taskinstance.py:1327} INFO - Executing <Task(PythonSensor): dim_annee> on 2024-02-26 21:57:07.846005+00:00
[2024-02-26T22:09:07.849+0000] {standard_task_runner.py:57} INFO - Started process 4117 to run task
[2024-02-26T22:09:07.863+0000] {standard_task_runner.py:84} INFO - Running: ['***', 'tasks', 'run', 'EnergyWarehouse', 'dim_annee', 'manual__2024-02-26T21:57:07.846005+00:00', '--job-id', '457', '--raw', '--subdir', 'DAGS_FOLDER/***-to-bigquery-dag/***_to_bigquerry_dag.py', '--cfg-path', '/tmp/tmppw3ydmlr']
[2024-02-26T22:09:07.874+0000] {standard_task_runner.py:85} INFO - Job 457: Subtask dim_annee
[2024-02-26T22:09:07.994+0000] {task_command.py:410} INFO - Running <TaskInstance: EnergyWarehouse.dim_annee manual__2024-02-26T21:57:07.846005+00:00 [running]> on host 952b3f8a1a94
[2024-02-26T22:09:08.322+0000] {taskinstance.py:1547} INFO - Exporting env vars: AIRFLOW_CTX_DAG_OWNER='Mbaye SENE' AIRFLOW_CTX_DAG_ID='EnergyWarehouse' AIRFLOW_CTX_TASK_ID='dim_annee' AIRFLOW_CTX_EXECUTION_DATE='2024-02-26T21:57:07.846005+00:00' AIRFLOW_CTX_TRY_NUMBER='1' AIRFLOW_CTX_DAG_RUN_ID='manual__2024-02-26T21:57:07.846005+00:00'
[2024-02-26T22:09:08.346+0000] {python.py:72} INFO - Poking callable: <function _wait_for_csv at 0x7f471b431680>
[2024-02-26T22:09:08.383+0000] {taskinstance.py:1784} INFO - Rescheduling task, marking task as UP_FOR_RESCHEDULE
[2024-02-26T22:09:08.442+0000] {local_task_job_runner.py:225} INFO - Task exited with return code 0
[2024-02-26T22:09:08.494+0000] {taskinstance.py:2651} INFO - 0 downstream tasks scheduled from follow-on schedule check
[2024-02-26T22:09:39.961+0000] {taskinstance.py:1103} INFO - Dependencies all met for dep_context=non-requeueable deps ti=<TaskInstance: EnergyWarehouse.dim_annee manual__2024-02-26T21:57:07.846005+00:00 [queued]>
[2024-02-26T22:09:39.982+0000] {taskinstance.py:1103} INFO - Dependencies all met for dep_context=requeueable deps ti=<TaskInstance: EnergyWarehouse.dim_annee manual__2024-02-26T21:57:07.846005+00:00 [queued]>
[2024-02-26T22:09:39.984+0000] {taskinstance.py:1308} INFO - Starting attempt 1 of 2
[2024-02-26T22:09:40.014+0000] {taskinstance.py:1327} INFO - Executing <Task(PythonSensor): dim_annee> on 2024-02-26 21:57:07.846005+00:00
[2024-02-26T22:09:40.025+0000] {standard_task_runner.py:57} INFO - Started process 4134 to run task
[2024-02-26T22:09:40.034+0000] {standard_task_runner.py:84} INFO - Running: ['***', 'tasks', 'run', 'EnergyWarehouse', 'dim_annee', 'manual__2024-02-26T21:57:07.846005+00:00', '--job-id', '460', '--raw', '--subdir', 'DAGS_FOLDER/***-to-bigquery-dag/***_to_bigquerry_dag.py', '--cfg-path', '/tmp/tmpdabjj2of']
[2024-02-26T22:09:40.041+0000] {standard_task_runner.py:85} INFO - Job 460: Subtask dim_annee
[2024-02-26T22:09:40.122+0000] {task_command.py:410} INFO - Running <TaskInstance: EnergyWarehouse.dim_annee manual__2024-02-26T21:57:07.846005+00:00 [running]> on host 952b3f8a1a94
[2024-02-26T22:09:40.232+0000] {taskinstance.py:1547} INFO - Exporting env vars: AIRFLOW_CTX_DAG_OWNER='Mbaye SENE' AIRFLOW_CTX_DAG_ID='EnergyWarehouse' AIRFLOW_CTX_TASK_ID='dim_annee' AIRFLOW_CTX_EXECUTION_DATE='2024-02-26T21:57:07.846005+00:00' AIRFLOW_CTX_TRY_NUMBER='1' AIRFLOW_CTX_DAG_RUN_ID='manual__2024-02-26T21:57:07.846005+00:00'
[2024-02-26T22:09:40.260+0000] {python.py:72} INFO - Poking callable: <function _wait_for_csv at 0x7f471b4315f0>
[2024-02-26T22:09:40.292+0000] {taskinstance.py:1784} INFO - Rescheduling task, marking task as UP_FOR_RESCHEDULE
[2024-02-26T22:09:40.330+0000] {local_task_job_runner.py:225} INFO - Task exited with return code 0
[2024-02-26T22:09:40.357+0000] {taskinstance.py:2651} INFO - 0 downstream tasks scheduled from follow-on schedule check
[2024-02-26T22:10:12.027+0000] {taskinstance.py:1103} INFO - Dependencies all met for dep_context=non-requeueable deps ti=<TaskInstance: EnergyWarehouse.dim_annee manual__2024-02-26T21:57:07.846005+00:00 [queued]>
[2024-02-26T22:10:12.045+0000] {taskinstance.py:1103} INFO - Dependencies all met for dep_context=requeueable deps ti=<TaskInstance: EnergyWarehouse.dim_annee manual__2024-02-26T21:57:07.846005+00:00 [queued]>
[2024-02-26T22:10:12.047+0000] {taskinstance.py:1308} INFO - Starting attempt 1 of 2
[2024-02-26T22:10:12.065+0000] {taskinstance.py:1327} INFO - Executing <Task(PythonSensor): dim_annee> on 2024-02-26 21:57:07.846005+00:00
[2024-02-26T22:10:12.075+0000] {standard_task_runner.py:57} INFO - Started process 4152 to run task
[2024-02-26T22:10:12.082+0000] {standard_task_runner.py:84} INFO - Running: ['***', 'tasks', 'run', 'EnergyWarehouse', 'dim_annee', 'manual__2024-02-26T21:57:07.846005+00:00', '--job-id', '463', '--raw', '--subdir', 'DAGS_FOLDER/***-to-bigquery-dag/***_to_bigquerry_dag.py', '--cfg-path', '/tmp/tmp35kww95m']
[2024-02-26T22:10:12.086+0000] {standard_task_runner.py:85} INFO - Job 463: Subtask dim_annee
[2024-02-26T22:10:12.171+0000] {task_command.py:410} INFO - Running <TaskInstance: EnergyWarehouse.dim_annee manual__2024-02-26T21:57:07.846005+00:00 [running]> on host 952b3f8a1a94
[2024-02-26T22:10:12.271+0000] {taskinstance.py:1547} INFO - Exporting env vars: AIRFLOW_CTX_DAG_OWNER='Mbaye SENE' AIRFLOW_CTX_DAG_ID='EnergyWarehouse' AIRFLOW_CTX_TASK_ID='dim_annee' AIRFLOW_CTX_EXECUTION_DATE='2024-02-26T21:57:07.846005+00:00' AIRFLOW_CTX_TRY_NUMBER='1' AIRFLOW_CTX_DAG_RUN_ID='manual__2024-02-26T21:57:07.846005+00:00'
[2024-02-26T22:10:12.288+0000] {python.py:72} INFO - Poking callable: <function _wait_for_csv at 0x7f471b432560>
[2024-02-26T22:10:12.315+0000] {taskinstance.py:1784} INFO - Rescheduling task, marking task as UP_FOR_RESCHEDULE
[2024-02-26T22:10:12.336+0000] {local_task_job_runner.py:225} INFO - Task exited with return code 0
[2024-02-26T22:10:12.360+0000] {taskinstance.py:2651} INFO - 0 downstream tasks scheduled from follow-on schedule check
[2024-02-26T22:10:45.555+0000] {taskinstance.py:1103} INFO - Dependencies all met for dep_context=non-requeueable deps ti=<TaskInstance: EnergyWarehouse.dim_annee manual__2024-02-26T21:57:07.846005+00:00 [queued]>
[2024-02-26T22:10:45.572+0000] {taskinstance.py:1103} INFO - Dependencies all met for dep_context=requeueable deps ti=<TaskInstance: EnergyWarehouse.dim_annee manual__2024-02-26T21:57:07.846005+00:00 [queued]>
[2024-02-26T22:10:45.574+0000] {taskinstance.py:1308} INFO - Starting attempt 1 of 2
[2024-02-26T22:10:45.595+0000] {taskinstance.py:1327} INFO - Executing <Task(PythonSensor): dim_annee> on 2024-02-26 21:57:07.846005+00:00
[2024-02-26T22:10:45.605+0000] {standard_task_runner.py:57} INFO - Started process 4170 to run task
[2024-02-26T22:10:45.611+0000] {standard_task_runner.py:84} INFO - Running: ['***', 'tasks', 'run', 'EnergyWarehouse', 'dim_annee', 'manual__2024-02-26T21:57:07.846005+00:00', '--job-id', '466', '--raw', '--subdir', 'DAGS_FOLDER/***-to-bigquery-dag/***_to_bigquerry_dag.py', '--cfg-path', '/tmp/tmpc0o8yyqo']
[2024-02-26T22:10:45.618+0000] {standard_task_runner.py:85} INFO - Job 466: Subtask dim_annee
[2024-02-26T22:10:45.752+0000] {task_command.py:410} INFO - Running <TaskInstance: EnergyWarehouse.dim_annee manual__2024-02-26T21:57:07.846005+00:00 [running]> on host 952b3f8a1a94
[2024-02-26T22:10:46.180+0000] {taskinstance.py:1547} INFO - Exporting env vars: AIRFLOW_CTX_DAG_OWNER='Mbaye SENE' AIRFLOW_CTX_DAG_ID='EnergyWarehouse' AIRFLOW_CTX_TASK_ID='dim_annee' AIRFLOW_CTX_EXECUTION_DATE='2024-02-26T21:57:07.846005+00:00' AIRFLOW_CTX_TRY_NUMBER='1' AIRFLOW_CTX_DAG_RUN_ID='manual__2024-02-26T21:57:07.846005+00:00'
[2024-02-26T22:10:46.204+0000] {python.py:72} INFO - Poking callable: <function _wait_for_csv at 0x7f471b432560>
[2024-02-26T22:10:46.255+0000] {taskinstance.py:1784} INFO - Rescheduling task, marking task as UP_FOR_RESCHEDULE
[2024-02-26T22:10:46.308+0000] {local_task_job_runner.py:225} INFO - Task exited with return code 0
[2024-02-26T22:10:46.348+0000] {taskinstance.py:2651} INFO - 0 downstream tasks scheduled from follow-on schedule check
[2024-02-26T22:11:18.240+0000] {taskinstance.py:1103} INFO - Dependencies all met for dep_context=non-requeueable deps ti=<TaskInstance: EnergyWarehouse.dim_annee manual__2024-02-26T21:57:07.846005+00:00 [queued]>
[2024-02-26T22:11:18.258+0000] {taskinstance.py:1103} INFO - Dependencies all met for dep_context=requeueable deps ti=<TaskInstance: EnergyWarehouse.dim_annee manual__2024-02-26T21:57:07.846005+00:00 [queued]>
[2024-02-26T22:11:18.260+0000] {taskinstance.py:1308} INFO - Starting attempt 1 of 2
[2024-02-26T22:11:18.281+0000] {taskinstance.py:1327} INFO - Executing <Task(PythonSensor): dim_annee> on 2024-02-26 21:57:07.846005+00:00
[2024-02-26T22:11:18.291+0000] {standard_task_runner.py:57} INFO - Started process 4188 to run task
[2024-02-26T22:11:18.298+0000] {standard_task_runner.py:84} INFO - Running: ['***', 'tasks', 'run', 'EnergyWarehouse', 'dim_annee', 'manual__2024-02-26T21:57:07.846005+00:00', '--job-id', '469', '--raw', '--subdir', 'DAGS_FOLDER/***-to-bigquery-dag/***_to_bigquerry_dag.py', '--cfg-path', '/tmp/tmpbifrc0f6']
[2024-02-26T22:11:18.303+0000] {standard_task_runner.py:85} INFO - Job 469: Subtask dim_annee
[2024-02-26T22:11:18.375+0000] {task_command.py:410} INFO - Running <TaskInstance: EnergyWarehouse.dim_annee manual__2024-02-26T21:57:07.846005+00:00 [running]> on host 952b3f8a1a94
[2024-02-26T22:11:18.492+0000] {taskinstance.py:1547} INFO - Exporting env vars: AIRFLOW_CTX_DAG_OWNER='Mbaye SENE' AIRFLOW_CTX_DAG_ID='EnergyWarehouse' AIRFLOW_CTX_TASK_ID='dim_annee' AIRFLOW_CTX_EXECUTION_DATE='2024-02-26T21:57:07.846005+00:00' AIRFLOW_CTX_TRY_NUMBER='1' AIRFLOW_CTX_DAG_RUN_ID='manual__2024-02-26T21:57:07.846005+00:00'
[2024-02-26T22:11:18.512+0000] {python.py:72} INFO - Poking callable: <function _wait_for_csv at 0x7f471b432560>
[2024-02-26T22:11:18.541+0000] {taskinstance.py:1784} INFO - Rescheduling task, marking task as UP_FOR_RESCHEDULE
[2024-02-26T22:11:18.591+0000] {local_task_job_runner.py:225} INFO - Task exited with return code 0
[2024-02-26T22:11:18.628+0000] {taskinstance.py:2651} INFO - 0 downstream tasks scheduled from follow-on schedule check
[2024-02-26T22:11:51.146+0000] {taskinstance.py:1103} INFO - Dependencies all met for dep_context=non-requeueable deps ti=<TaskInstance: EnergyWarehouse.dim_annee manual__2024-02-26T21:57:07.846005+00:00 [queued]>
[2024-02-26T22:11:51.168+0000] {taskinstance.py:1103} INFO - Dependencies all met for dep_context=requeueable deps ti=<TaskInstance: EnergyWarehouse.dim_annee manual__2024-02-26T21:57:07.846005+00:00 [queued]>
[2024-02-26T22:11:51.171+0000] {taskinstance.py:1308} INFO - Starting attempt 1 of 2
[2024-02-26T22:11:51.200+0000] {taskinstance.py:1327} INFO - Executing <Task(PythonSensor): dim_annee> on 2024-02-26 21:57:07.846005+00:00
[2024-02-26T22:11:51.211+0000] {standard_task_runner.py:57} INFO - Started process 4206 to run task
[2024-02-26T22:11:51.219+0000] {standard_task_runner.py:84} INFO - Running: ['***', 'tasks', 'run', 'EnergyWarehouse', 'dim_annee', 'manual__2024-02-26T21:57:07.846005+00:00', '--job-id', '472', '--raw', '--subdir', 'DAGS_FOLDER/***-to-bigquery-dag/***_to_bigquerry_dag.py', '--cfg-path', '/tmp/tmptdgwh30i']
[2024-02-26T22:11:51.226+0000] {standard_task_runner.py:85} INFO - Job 472: Subtask dim_annee
[2024-02-26T22:11:51.322+0000] {task_command.py:410} INFO - Running <TaskInstance: EnergyWarehouse.dim_annee manual__2024-02-26T21:57:07.846005+00:00 [running]> on host 952b3f8a1a94
[2024-02-26T22:11:51.474+0000] {taskinstance.py:1547} INFO - Exporting env vars: AIRFLOW_CTX_DAG_OWNER='Mbaye SENE' AIRFLOW_CTX_DAG_ID='EnergyWarehouse' AIRFLOW_CTX_TASK_ID='dim_annee' AIRFLOW_CTX_EXECUTION_DATE='2024-02-26T21:57:07.846005+00:00' AIRFLOW_CTX_TRY_NUMBER='1' AIRFLOW_CTX_DAG_RUN_ID='manual__2024-02-26T21:57:07.846005+00:00'
[2024-02-26T22:11:51.521+0000] {python.py:72} INFO - Poking callable: <function _wait_for_csv at 0x7f471b432560>
[2024-02-26T22:11:51.560+0000] {taskinstance.py:1784} INFO - Rescheduling task, marking task as UP_FOR_RESCHEDULE
[2024-02-26T22:11:51.596+0000] {local_task_job_runner.py:225} INFO - Task exited with return code 0
[2024-02-26T22:11:51.629+0000] {taskinstance.py:2651} INFO - 0 downstream tasks scheduled from follow-on schedule check
[2024-02-26T22:12:24.133+0000] {taskinstance.py:1103} INFO - Dependencies all met for dep_context=non-requeueable deps ti=<TaskInstance: EnergyWarehouse.dim_annee manual__2024-02-26T21:57:07.846005+00:00 [queued]>
[2024-02-26T22:12:24.170+0000] {taskinstance.py:1103} INFO - Dependencies all met for dep_context=requeueable deps ti=<TaskInstance: EnergyWarehouse.dim_annee manual__2024-02-26T21:57:07.846005+00:00 [queued]>
[2024-02-26T22:12:24.234+0000] {taskinstance.py:1308} INFO - Starting attempt 1 of 2
[2024-02-26T22:12:24.350+0000] {taskinstance.py:1327} INFO - Executing <Task(PythonSensor): dim_annee> on 2024-02-26 21:57:07.846005+00:00
[2024-02-26T22:12:24.361+0000] {standard_task_runner.py:57} INFO - Started process 4223 to run task
[2024-02-26T22:12:24.369+0000] {standard_task_runner.py:84} INFO - Running: ['***', 'tasks', 'run', 'EnergyWarehouse', 'dim_annee', 'manual__2024-02-26T21:57:07.846005+00:00', '--job-id', '475', '--raw', '--subdir', 'DAGS_FOLDER/***-to-bigquery-dag/***_to_bigquerry_dag.py', '--cfg-path', '/tmp/tmp074z5djb']
[2024-02-26T22:12:24.375+0000] {standard_task_runner.py:85} INFO - Job 475: Subtask dim_annee
[2024-02-26T22:12:24.511+0000] {task_command.py:410} INFO - Running <TaskInstance: EnergyWarehouse.dim_annee manual__2024-02-26T21:57:07.846005+00:00 [running]> on host 952b3f8a1a94
[2024-02-26T22:12:24.749+0000] {taskinstance.py:1547} INFO - Exporting env vars: AIRFLOW_CTX_DAG_OWNER='Mbaye SENE' AIRFLOW_CTX_DAG_ID='EnergyWarehouse' AIRFLOW_CTX_TASK_ID='dim_annee' AIRFLOW_CTX_EXECUTION_DATE='2024-02-26T21:57:07.846005+00:00' AIRFLOW_CTX_TRY_NUMBER='1' AIRFLOW_CTX_DAG_RUN_ID='manual__2024-02-26T21:57:07.846005+00:00'
[2024-02-26T22:12:24.786+0000] {python.py:72} INFO - Poking callable: <function _wait_for_csv at 0x7f471b4315f0>
[2024-02-26T22:12:24.843+0000] {taskinstance.py:1784} INFO - Rescheduling task, marking task as UP_FOR_RESCHEDULE
[2024-02-26T22:12:24.877+0000] {local_task_job_runner.py:225} INFO - Task exited with return code 0
[2024-02-26T22:12:24.946+0000] {taskinstance.py:2651} INFO - 0 downstream tasks scheduled from follow-on schedule check
[2024-02-26T22:12:57.359+0000] {taskinstance.py:1103} INFO - Dependencies all met for dep_context=non-requeueable deps ti=<TaskInstance: EnergyWarehouse.dim_annee manual__2024-02-26T21:57:07.846005+00:00 [queued]>
[2024-02-26T22:12:57.379+0000] {taskinstance.py:1103} INFO - Dependencies all met for dep_context=requeueable deps ti=<TaskInstance: EnergyWarehouse.dim_annee manual__2024-02-26T21:57:07.846005+00:00 [queued]>
[2024-02-26T22:12:57.381+0000] {taskinstance.py:1308} INFO - Starting attempt 1 of 2
[2024-02-26T22:12:57.408+0000] {taskinstance.py:1327} INFO - Executing <Task(PythonSensor): dim_annee> on 2024-02-26 21:57:07.846005+00:00
[2024-02-26T22:12:57.419+0000] {standard_task_runner.py:57} INFO - Started process 4241 to run task
[2024-02-26T22:12:57.427+0000] {standard_task_runner.py:84} INFO - Running: ['***', 'tasks', 'run', 'EnergyWarehouse', 'dim_annee', 'manual__2024-02-26T21:57:07.846005+00:00', '--job-id', '478', '--raw', '--subdir', 'DAGS_FOLDER/***-to-bigquery-dag/***_to_bigquerry_dag.py', '--cfg-path', '/tmp/tmpffhwp8pl']
[2024-02-26T22:12:57.435+0000] {standard_task_runner.py:85} INFO - Job 478: Subtask dim_annee
[2024-02-26T22:12:57.522+0000] {task_command.py:410} INFO - Running <TaskInstance: EnergyWarehouse.dim_annee manual__2024-02-26T21:57:07.846005+00:00 [running]> on host 952b3f8a1a94
[2024-02-26T22:12:57.686+0000] {taskinstance.py:1547} INFO - Exporting env vars: AIRFLOW_CTX_DAG_OWNER='Mbaye SENE' AIRFLOW_CTX_DAG_ID='EnergyWarehouse' AIRFLOW_CTX_TASK_ID='dim_annee' AIRFLOW_CTX_EXECUTION_DATE='2024-02-26T21:57:07.846005+00:00' AIRFLOW_CTX_TRY_NUMBER='1' AIRFLOW_CTX_DAG_RUN_ID='manual__2024-02-26T21:57:07.846005+00:00'
[2024-02-26T22:12:57.704+0000] {python.py:72} INFO - Poking callable: <function _wait_for_csv at 0x7f471b432560>
[2024-02-26T22:12:57.734+0000] {taskinstance.py:1784} INFO - Rescheduling task, marking task as UP_FOR_RESCHEDULE
[2024-02-26T22:12:57.760+0000] {local_task_job_runner.py:225} INFO - Task exited with return code 0
[2024-02-26T22:12:57.789+0000] {taskinstance.py:2651} INFO - 0 downstream tasks scheduled from follow-on schedule check
[2024-02-26T22:13:30.166+0000] {taskinstance.py:1103} INFO - Dependencies all met for dep_context=non-requeueable deps ti=<TaskInstance: EnergyWarehouse.dim_annee manual__2024-02-26T21:57:07.846005+00:00 [queued]>
[2024-02-26T22:13:30.188+0000] {taskinstance.py:1103} INFO - Dependencies all met for dep_context=requeueable deps ti=<TaskInstance: EnergyWarehouse.dim_annee manual__2024-02-26T21:57:07.846005+00:00 [queued]>
[2024-02-26T22:13:30.190+0000] {taskinstance.py:1308} INFO - Starting attempt 1 of 2
[2024-02-26T22:13:30.213+0000] {taskinstance.py:1327} INFO - Executing <Task(PythonSensor): dim_annee> on 2024-02-26 21:57:07.846005+00:00
[2024-02-26T22:13:30.225+0000] {standard_task_runner.py:57} INFO - Started process 4259 to run task
[2024-02-26T22:13:30.233+0000] {standard_task_runner.py:84} INFO - Running: ['***', 'tasks', 'run', 'EnergyWarehouse', 'dim_annee', 'manual__2024-02-26T21:57:07.846005+00:00', '--job-id', '481', '--raw', '--subdir', 'DAGS_FOLDER/***-to-bigquery-dag/***_to_bigquerry_dag.py', '--cfg-path', '/tmp/tmpo7bhfcmn']
[2024-02-26T22:13:30.238+0000] {standard_task_runner.py:85} INFO - Job 481: Subtask dim_annee
[2024-02-26T22:13:30.323+0000] {task_command.py:410} INFO - Running <TaskInstance: EnergyWarehouse.dim_annee manual__2024-02-26T21:57:07.846005+00:00 [running]> on host 952b3f8a1a94
[2024-02-26T22:13:30.444+0000] {taskinstance.py:1547} INFO - Exporting env vars: AIRFLOW_CTX_DAG_OWNER='Mbaye SENE' AIRFLOW_CTX_DAG_ID='EnergyWarehouse' AIRFLOW_CTX_TASK_ID='dim_annee' AIRFLOW_CTX_EXECUTION_DATE='2024-02-26T21:57:07.846005+00:00' AIRFLOW_CTX_TRY_NUMBER='1' AIRFLOW_CTX_DAG_RUN_ID='manual__2024-02-26T21:57:07.846005+00:00'
[2024-02-26T22:13:30.463+0000] {python.py:72} INFO - Poking callable: <function _wait_for_csv at 0x7f471b432560>
[2024-02-26T22:13:30.494+0000] {taskinstance.py:1784} INFO - Rescheduling task, marking task as UP_FOR_RESCHEDULE
[2024-02-26T22:13:30.526+0000] {local_task_job_runner.py:225} INFO - Task exited with return code 0
[2024-02-26T22:13:30.556+0000] {taskinstance.py:2651} INFO - 0 downstream tasks scheduled from follow-on schedule check
[2024-02-26T22:14:03.849+0000] {taskinstance.py:1103} INFO - Dependencies all met for dep_context=non-requeueable deps ti=<TaskInstance: EnergyWarehouse.dim_annee manual__2024-02-26T21:57:07.846005+00:00 [queued]>
[2024-02-26T22:14:03.881+0000] {taskinstance.py:1103} INFO - Dependencies all met for dep_context=requeueable deps ti=<TaskInstance: EnergyWarehouse.dim_annee manual__2024-02-26T21:57:07.846005+00:00 [queued]>
[2024-02-26T22:14:03.883+0000] {taskinstance.py:1308} INFO - Starting attempt 1 of 2
[2024-02-26T22:14:03.941+0000] {taskinstance.py:1327} INFO - Executing <Task(PythonSensor): dim_annee> on 2024-02-26 21:57:07.846005+00:00
[2024-02-26T22:14:03.959+0000] {standard_task_runner.py:57} INFO - Started process 4277 to run task
[2024-02-26T22:14:03.970+0000] {standard_task_runner.py:84} INFO - Running: ['***', 'tasks', 'run', 'EnergyWarehouse', 'dim_annee', 'manual__2024-02-26T21:57:07.846005+00:00', '--job-id', '484', '--raw', '--subdir', 'DAGS_FOLDER/***-to-bigquery-dag/***_to_bigquerry_dag.py', '--cfg-path', '/tmp/tmp1sgec0n9']
[2024-02-26T22:14:03.976+0000] {standard_task_runner.py:85} INFO - Job 484: Subtask dim_annee
[2024-02-26T22:14:04.054+0000] {task_command.py:410} INFO - Running <TaskInstance: EnergyWarehouse.dim_annee manual__2024-02-26T21:57:07.846005+00:00 [running]> on host 952b3f8a1a94
[2024-02-26T22:14:04.165+0000] {taskinstance.py:1547} INFO - Exporting env vars: AIRFLOW_CTX_DAG_OWNER='Mbaye SENE' AIRFLOW_CTX_DAG_ID='EnergyWarehouse' AIRFLOW_CTX_TASK_ID='dim_annee' AIRFLOW_CTX_EXECUTION_DATE='2024-02-26T21:57:07.846005+00:00' AIRFLOW_CTX_TRY_NUMBER='1' AIRFLOW_CTX_DAG_RUN_ID='manual__2024-02-26T21:57:07.846005+00:00'
[2024-02-26T22:14:04.187+0000] {python.py:72} INFO - Poking callable: <function _wait_for_csv at 0x7f471b432560>
[2024-02-26T22:14:04.217+0000] {taskinstance.py:1784} INFO - Rescheduling task, marking task as UP_FOR_RESCHEDULE
[2024-02-26T22:14:04.266+0000] {local_task_job_runner.py:225} INFO - Task exited with return code 0
[2024-02-26T22:14:04.322+0000] {taskinstance.py:2651} INFO - 0 downstream tasks scheduled from follow-on schedule check
[2024-02-26T22:14:36.094+0000] {taskinstance.py:1103} INFO - Dependencies all met for dep_context=non-requeueable deps ti=<TaskInstance: EnergyWarehouse.dim_annee manual__2024-02-26T21:57:07.846005+00:00 [queued]>
[2024-02-26T22:14:36.113+0000] {taskinstance.py:1103} INFO - Dependencies all met for dep_context=requeueable deps ti=<TaskInstance: EnergyWarehouse.dim_annee manual__2024-02-26T21:57:07.846005+00:00 [queued]>
[2024-02-26T22:14:36.115+0000] {taskinstance.py:1308} INFO - Starting attempt 1 of 2
[2024-02-26T22:14:36.140+0000] {taskinstance.py:1327} INFO - Executing <Task(PythonSensor): dim_annee> on 2024-02-26 21:57:07.846005+00:00
[2024-02-26T22:14:36.151+0000] {standard_task_runner.py:57} INFO - Started process 4295 to run task
[2024-02-26T22:14:36.159+0000] {standard_task_runner.py:84} INFO - Running: ['***', 'tasks', 'run', 'EnergyWarehouse', 'dim_annee', 'manual__2024-02-26T21:57:07.846005+00:00', '--job-id', '487', '--raw', '--subdir', 'DAGS_FOLDER/***-to-bigquery-dag/***_to_bigquerry_dag.py', '--cfg-path', '/tmp/tmpdisox3wf']
[2024-02-26T22:14:36.165+0000] {standard_task_runner.py:85} INFO - Job 487: Subtask dim_annee
[2024-02-26T22:14:36.276+0000] {task_command.py:410} INFO - Running <TaskInstance: EnergyWarehouse.dim_annee manual__2024-02-26T21:57:07.846005+00:00 [running]> on host 952b3f8a1a94
[2024-02-26T22:14:36.395+0000] {taskinstance.py:1547} INFO - Exporting env vars: AIRFLOW_CTX_DAG_OWNER='Mbaye SENE' AIRFLOW_CTX_DAG_ID='EnergyWarehouse' AIRFLOW_CTX_TASK_ID='dim_annee' AIRFLOW_CTX_EXECUTION_DATE='2024-02-26T21:57:07.846005+00:00' AIRFLOW_CTX_TRY_NUMBER='1' AIRFLOW_CTX_DAG_RUN_ID='manual__2024-02-26T21:57:07.846005+00:00'
[2024-02-26T22:14:36.414+0000] {python.py:72} INFO - Poking callable: <function _wait_for_csv at 0x7f471b432560>
[2024-02-26T22:14:36.445+0000] {taskinstance.py:1784} INFO - Rescheduling task, marking task as UP_FOR_RESCHEDULE
[2024-02-26T22:14:36.492+0000] {local_task_job_runner.py:225} INFO - Task exited with return code 0
[2024-02-26T22:14:36.520+0000] {taskinstance.py:2651} INFO - 0 downstream tasks scheduled from follow-on schedule check
[2024-02-26T22:15:08.176+0000] {taskinstance.py:1103} INFO - Dependencies all met for dep_context=non-requeueable deps ti=<TaskInstance: EnergyWarehouse.dim_annee manual__2024-02-26T21:57:07.846005+00:00 [queued]>
[2024-02-26T22:15:08.195+0000] {taskinstance.py:1103} INFO - Dependencies all met for dep_context=requeueable deps ti=<TaskInstance: EnergyWarehouse.dim_annee manual__2024-02-26T21:57:07.846005+00:00 [queued]>
[2024-02-26T22:15:08.198+0000] {taskinstance.py:1308} INFO - Starting attempt 1 of 2
[2024-02-26T22:15:08.222+0000] {taskinstance.py:1327} INFO - Executing <Task(PythonSensor): dim_annee> on 2024-02-26 21:57:07.846005+00:00
[2024-02-26T22:15:08.236+0000] {standard_task_runner.py:57} INFO - Started process 4313 to run task
[2024-02-26T22:15:08.245+0000] {standard_task_runner.py:84} INFO - Running: ['***', 'tasks', 'run', 'EnergyWarehouse', 'dim_annee', 'manual__2024-02-26T21:57:07.846005+00:00', '--job-id', '490', '--raw', '--subdir', 'DAGS_FOLDER/***-to-bigquery-dag/***_to_bigquerry_dag.py', '--cfg-path', '/tmp/tmp4vr5fnrk']
[2024-02-26T22:15:08.251+0000] {standard_task_runner.py:85} INFO - Job 490: Subtask dim_annee
[2024-02-26T22:15:08.374+0000] {task_command.py:410} INFO - Running <TaskInstance: EnergyWarehouse.dim_annee manual__2024-02-26T21:57:07.846005+00:00 [running]> on host 952b3f8a1a94
[2024-02-26T22:15:08.521+0000] {taskinstance.py:1547} INFO - Exporting env vars: AIRFLOW_CTX_DAG_OWNER='Mbaye SENE' AIRFLOW_CTX_DAG_ID='EnergyWarehouse' AIRFLOW_CTX_TASK_ID='dim_annee' AIRFLOW_CTX_EXECUTION_DATE='2024-02-26T21:57:07.846005+00:00' AIRFLOW_CTX_TRY_NUMBER='1' AIRFLOW_CTX_DAG_RUN_ID='manual__2024-02-26T21:57:07.846005+00:00'
[2024-02-26T22:15:08.542+0000] {python.py:72} INFO - Poking callable: <function _wait_for_csv at 0x7f471b432560>
[2024-02-26T22:15:08.584+0000] {taskinstance.py:1784} INFO - Rescheduling task, marking task as UP_FOR_RESCHEDULE
[2024-02-26T22:15:08.628+0000] {local_task_job_runner.py:225} INFO - Task exited with return code 0
[2024-02-26T22:15:08.668+0000] {taskinstance.py:2651} INFO - 0 downstream tasks scheduled from follow-on schedule check
[2024-02-26T22:15:41.236+0000] {taskinstance.py:1103} INFO - Dependencies all met for dep_context=non-requeueable deps ti=<TaskInstance: EnergyWarehouse.dim_annee manual__2024-02-26T21:57:07.846005+00:00 [queued]>
[2024-02-26T22:15:41.257+0000] {taskinstance.py:1103} INFO - Dependencies all met for dep_context=requeueable deps ti=<TaskInstance: EnergyWarehouse.dim_annee manual__2024-02-26T21:57:07.846005+00:00 [queued]>
[2024-02-26T22:15:41.259+0000] {taskinstance.py:1308} INFO - Starting attempt 1 of 2
[2024-02-26T22:15:41.285+0000] {taskinstance.py:1327} INFO - Executing <Task(PythonSensor): dim_annee> on 2024-02-26 21:57:07.846005+00:00
[2024-02-26T22:15:41.295+0000] {standard_task_runner.py:57} INFO - Started process 4330 to run task
[2024-02-26T22:15:41.301+0000] {standard_task_runner.py:84} INFO - Running: ['***', 'tasks', 'run', 'EnergyWarehouse', 'dim_annee', 'manual__2024-02-26T21:57:07.846005+00:00', '--job-id', '493', '--raw', '--subdir', 'DAGS_FOLDER/***-to-bigquery-dag/***_to_bigquerry_dag.py', '--cfg-path', '/tmp/tmpv7b80bdx']
[2024-02-26T22:15:41.308+0000] {standard_task_runner.py:85} INFO - Job 493: Subtask dim_annee
[2024-02-26T22:15:41.403+0000] {task_command.py:410} INFO - Running <TaskInstance: EnergyWarehouse.dim_annee manual__2024-02-26T21:57:07.846005+00:00 [running]> on host 952b3f8a1a94
[2024-02-26T22:15:41.541+0000] {taskinstance.py:1547} INFO - Exporting env vars: AIRFLOW_CTX_DAG_OWNER='Mbaye SENE' AIRFLOW_CTX_DAG_ID='EnergyWarehouse' AIRFLOW_CTX_TASK_ID='dim_annee' AIRFLOW_CTX_EXECUTION_DATE='2024-02-26T21:57:07.846005+00:00' AIRFLOW_CTX_TRY_NUMBER='1' AIRFLOW_CTX_DAG_RUN_ID='manual__2024-02-26T21:57:07.846005+00:00'
[2024-02-26T22:15:41.568+0000] {python.py:72} INFO - Poking callable: <function _wait_for_csv at 0x7f471b432560>
[2024-02-26T22:15:41.600+0000] {taskinstance.py:1784} INFO - Rescheduling task, marking task as UP_FOR_RESCHEDULE
[2024-02-26T22:15:41.653+0000] {local_task_job_runner.py:225} INFO - Task exited with return code 0
[2024-02-26T22:15:41.686+0000] {taskinstance.py:2651} INFO - 0 downstream tasks scheduled from follow-on schedule check
[2024-02-26T22:16:14.494+0000] {taskinstance.py:1103} INFO - Dependencies all met for dep_context=non-requeueable deps ti=<TaskInstance: EnergyWarehouse.dim_annee manual__2024-02-26T21:57:07.846005+00:00 [queued]>
[2024-02-26T22:16:14.514+0000] {taskinstance.py:1103} INFO - Dependencies all met for dep_context=requeueable deps ti=<TaskInstance: EnergyWarehouse.dim_annee manual__2024-02-26T21:57:07.846005+00:00 [queued]>
[2024-02-26T22:16:14.518+0000] {taskinstance.py:1308} INFO - Starting attempt 1 of 2
[2024-02-26T22:16:14.541+0000] {taskinstance.py:1327} INFO - Executing <Task(PythonSensor): dim_annee> on 2024-02-26 21:57:07.846005+00:00
[2024-02-26T22:16:14.553+0000] {standard_task_runner.py:57} INFO - Started process 4348 to run task
[2024-02-26T22:16:14.561+0000] {standard_task_runner.py:84} INFO - Running: ['***', 'tasks', 'run', 'EnergyWarehouse', 'dim_annee', 'manual__2024-02-26T21:57:07.846005+00:00', '--job-id', '496', '--raw', '--subdir', 'DAGS_FOLDER/***-to-bigquery-dag/***_to_bigquerry_dag.py', '--cfg-path', '/tmp/tmpl_rxmh7l']
[2024-02-26T22:16:14.567+0000] {standard_task_runner.py:85} INFO - Job 496: Subtask dim_annee
[2024-02-26T22:16:14.657+0000] {task_command.py:410} INFO - Running <TaskInstance: EnergyWarehouse.dim_annee manual__2024-02-26T21:57:07.846005+00:00 [running]> on host 952b3f8a1a94
[2024-02-26T22:16:14.784+0000] {taskinstance.py:1547} INFO - Exporting env vars: AIRFLOW_CTX_DAG_OWNER='Mbaye SENE' AIRFLOW_CTX_DAG_ID='EnergyWarehouse' AIRFLOW_CTX_TASK_ID='dim_annee' AIRFLOW_CTX_EXECUTION_DATE='2024-02-26T21:57:07.846005+00:00' AIRFLOW_CTX_TRY_NUMBER='1' AIRFLOW_CTX_DAG_RUN_ID='manual__2024-02-26T21:57:07.846005+00:00'
[2024-02-26T22:16:14.807+0000] {python.py:72} INFO - Poking callable: <function _wait_for_csv at 0x7f471b432560>
[2024-02-26T22:16:14.839+0000] {taskinstance.py:1784} INFO - Rescheduling task, marking task as UP_FOR_RESCHEDULE
[2024-02-26T22:16:14.861+0000] {local_task_job_runner.py:225} INFO - Task exited with return code 0
[2024-02-26T22:16:14.896+0000] {taskinstance.py:2651} INFO - 0 downstream tasks scheduled from follow-on schedule check
[2024-02-26T22:16:48.413+0000] {taskinstance.py:1103} INFO - Dependencies all met for dep_context=non-requeueable deps ti=<TaskInstance: EnergyWarehouse.dim_annee manual__2024-02-26T21:57:07.846005+00:00 [queued]>
[2024-02-26T22:16:48.435+0000] {taskinstance.py:1103} INFO - Dependencies all met for dep_context=requeueable deps ti=<TaskInstance: EnergyWarehouse.dim_annee manual__2024-02-26T21:57:07.846005+00:00 [queued]>
[2024-02-26T22:16:48.438+0000] {taskinstance.py:1308} INFO - Starting attempt 1 of 2
[2024-02-26T22:16:48.464+0000] {taskinstance.py:1327} INFO - Executing <Task(PythonSensor): dim_annee> on 2024-02-26 21:57:07.846005+00:00
[2024-02-26T22:16:48.480+0000] {standard_task_runner.py:57} INFO - Started process 4367 to run task
[2024-02-26T22:16:48.488+0000] {standard_task_runner.py:84} INFO - Running: ['***', 'tasks', 'run', 'EnergyWarehouse', 'dim_annee', 'manual__2024-02-26T21:57:07.846005+00:00', '--job-id', '499', '--raw', '--subdir', 'DAGS_FOLDER/***-to-bigquery-dag/***_to_bigquerry_dag.py', '--cfg-path', '/tmp/tmp5hcd991l']
[2024-02-26T22:16:48.495+0000] {standard_task_runner.py:85} INFO - Job 499: Subtask dim_annee
[2024-02-26T22:16:48.582+0000] {task_command.py:410} INFO - Running <TaskInstance: EnergyWarehouse.dim_annee manual__2024-02-26T21:57:07.846005+00:00 [running]> on host 952b3f8a1a94
[2024-02-26T22:16:48.772+0000] {taskinstance.py:1547} INFO - Exporting env vars: AIRFLOW_CTX_DAG_OWNER='Mbaye SENE' AIRFLOW_CTX_DAG_ID='EnergyWarehouse' AIRFLOW_CTX_TASK_ID='dim_annee' AIRFLOW_CTX_EXECUTION_DATE='2024-02-26T21:57:07.846005+00:00' AIRFLOW_CTX_TRY_NUMBER='1' AIRFLOW_CTX_DAG_RUN_ID='manual__2024-02-26T21:57:07.846005+00:00'
[2024-02-26T22:16:48.807+0000] {python.py:72} INFO - Poking callable: <function _wait_for_csv at 0x7f471b432560>
[2024-02-26T22:16:48.862+0000] {taskinstance.py:1784} INFO - Rescheduling task, marking task as UP_FOR_RESCHEDULE
[2024-02-26T22:16:48.904+0000] {local_task_job_runner.py:225} INFO - Task exited with return code 0
[2024-02-26T22:16:48.934+0000] {taskinstance.py:2651} INFO - 0 downstream tasks scheduled from follow-on schedule check
[2024-02-26T22:17:21.372+0000] {taskinstance.py:1103} INFO - Dependencies all met for dep_context=non-requeueable deps ti=<TaskInstance: EnergyWarehouse.dim_annee manual__2024-02-26T21:57:07.846005+00:00 [queued]>
[2024-02-26T22:17:21.410+0000] {taskinstance.py:1103} INFO - Dependencies all met for dep_context=requeueable deps ti=<TaskInstance: EnergyWarehouse.dim_annee manual__2024-02-26T21:57:07.846005+00:00 [queued]>
[2024-02-26T22:17:21.415+0000] {taskinstance.py:1308} INFO - Starting attempt 1 of 2
[2024-02-26T22:17:21.476+0000] {taskinstance.py:1327} INFO - Executing <Task(PythonSensor): dim_annee> on 2024-02-26 21:57:07.846005+00:00
[2024-02-26T22:17:21.490+0000] {standard_task_runner.py:57} INFO - Started process 4385 to run task
[2024-02-26T22:17:21.499+0000] {standard_task_runner.py:84} INFO - Running: ['***', 'tasks', 'run', 'EnergyWarehouse', 'dim_annee', 'manual__2024-02-26T21:57:07.846005+00:00', '--job-id', '502', '--raw', '--subdir', 'DAGS_FOLDER/***-to-bigquery-dag/***_to_bigquerry_dag.py', '--cfg-path', '/tmp/tmp8_j92ncc']
[2024-02-26T22:17:21.506+0000] {standard_task_runner.py:85} INFO - Job 502: Subtask dim_annee
[2024-02-26T22:17:21.623+0000] {task_command.py:410} INFO - Running <TaskInstance: EnergyWarehouse.dim_annee manual__2024-02-26T21:57:07.846005+00:00 [running]> on host 952b3f8a1a94
[2024-02-26T22:17:21.828+0000] {taskinstance.py:1547} INFO - Exporting env vars: AIRFLOW_CTX_DAG_OWNER='Mbaye SENE' AIRFLOW_CTX_DAG_ID='EnergyWarehouse' AIRFLOW_CTX_TASK_ID='dim_annee' AIRFLOW_CTX_EXECUTION_DATE='2024-02-26T21:57:07.846005+00:00' AIRFLOW_CTX_TRY_NUMBER='1' AIRFLOW_CTX_DAG_RUN_ID='manual__2024-02-26T21:57:07.846005+00:00'
[2024-02-26T22:17:21.851+0000] {python.py:72} INFO - Poking callable: <function _wait_for_csv at 0x7f471b432560>
[2024-02-26T22:17:21.897+0000] {taskinstance.py:1784} INFO - Rescheduling task, marking task as UP_FOR_RESCHEDULE
[2024-02-26T22:17:21.932+0000] {local_task_job_runner.py:225} INFO - Task exited with return code 0
[2024-02-26T22:17:21.973+0000] {taskinstance.py:2651} INFO - 0 downstream tasks scheduled from follow-on schedule check
[2024-02-26T22:17:54.871+0000] {taskinstance.py:1103} INFO - Dependencies all met for dep_context=non-requeueable deps ti=<TaskInstance: EnergyWarehouse.dim_annee manual__2024-02-26T21:57:07.846005+00:00 [queued]>
[2024-02-26T22:17:54.924+0000] {taskinstance.py:1103} INFO - Dependencies all met for dep_context=requeueable deps ti=<TaskInstance: EnergyWarehouse.dim_annee manual__2024-02-26T21:57:07.846005+00:00 [queued]>
[2024-02-26T22:17:54.936+0000] {taskinstance.py:1308} INFO - Starting attempt 1 of 2
[2024-02-26T22:17:54.976+0000] {taskinstance.py:1327} INFO - Executing <Task(PythonSensor): dim_annee> on 2024-02-26 21:57:07.846005+00:00
[2024-02-26T22:17:54.988+0000] {standard_task_runner.py:57} INFO - Started process 4403 to run task
[2024-02-26T22:17:54.998+0000] {standard_task_runner.py:84} INFO - Running: ['***', 'tasks', 'run', 'EnergyWarehouse', 'dim_annee', 'manual__2024-02-26T21:57:07.846005+00:00', '--job-id', '505', '--raw', '--subdir', 'DAGS_FOLDER/***-to-bigquery-dag/***_to_bigquerry_dag.py', '--cfg-path', '/tmp/tmptzr0p52s']
[2024-02-26T22:17:55.007+0000] {standard_task_runner.py:85} INFO - Job 505: Subtask dim_annee
[2024-02-26T22:17:55.150+0000] {task_command.py:410} INFO - Running <TaskInstance: EnergyWarehouse.dim_annee manual__2024-02-26T21:57:07.846005+00:00 [running]> on host 952b3f8a1a94
[2024-02-26T22:17:55.341+0000] {taskinstance.py:1547} INFO - Exporting env vars: AIRFLOW_CTX_DAG_OWNER='Mbaye SENE' AIRFLOW_CTX_DAG_ID='EnergyWarehouse' AIRFLOW_CTX_TASK_ID='dim_annee' AIRFLOW_CTX_EXECUTION_DATE='2024-02-26T21:57:07.846005+00:00' AIRFLOW_CTX_TRY_NUMBER='1' AIRFLOW_CTX_DAG_RUN_ID='manual__2024-02-26T21:57:07.846005+00:00'
[2024-02-26T22:17:55.382+0000] {python.py:72} INFO - Poking callable: <function _wait_for_csv at 0x7f471b430560>
[2024-02-26T22:17:55.441+0000] {taskinstance.py:1784} INFO - Rescheduling task, marking task as UP_FOR_RESCHEDULE
[2024-02-26T22:17:55.502+0000] {local_task_job_runner.py:225} INFO - Task exited with return code 0
[2024-02-26T22:17:55.544+0000] {taskinstance.py:2651} INFO - 0 downstream tasks scheduled from follow-on schedule check
