[2024-02-07T19:35:28.332+0000] {processor.py:157} INFO - Started process (PID=39) to work on /opt/airflow/dags/data-university-from-api-dag/data_university_from_api_dag.py
[2024-02-07T19:35:28.342+0000] {processor.py:826} INFO - Processing file /opt/airflow/dags/data-university-from-api-dag/data_university_from_api_dag.py for tasks to queue
[2024-02-07T19:35:28.357+0000] {logging_mixin.py:149} INFO - [2024-02-07T19:35:28.352+0000] {dagbag.py:541} INFO - Filling up the DagBag from /opt/airflow/dags/data-university-from-api-dag/data_university_from_api_dag.py
[2024-02-07T19:35:28.532+0000] {processor.py:838} WARNING - No viable dags retrieved from /opt/airflow/dags/data-university-from-api-dag/data_university_from_api_dag.py
[2024-02-07T19:35:29.720+0000] {processor.py:179} INFO - Processing /opt/airflow/dags/data-university-from-api-dag/data_university_from_api_dag.py took 1.409 seconds
[2024-02-07T19:36:00.852+0000] {processor.py:157} INFO - Started process (PID=52) to work on /opt/airflow/dags/data-university-from-api-dag/data_university_from_api_dag.py
[2024-02-07T19:36:00.869+0000] {processor.py:826} INFO - Processing file /opt/airflow/dags/data-university-from-api-dag/data_university_from_api_dag.py for tasks to queue
[2024-02-07T19:36:00.914+0000] {logging_mixin.py:149} INFO - [2024-02-07T19:36:00.913+0000] {dagbag.py:541} INFO - Filling up the DagBag from /opt/airflow/dags/data-university-from-api-dag/data_university_from_api_dag.py
[2024-02-07T19:36:01.048+0000] {processor.py:838} WARNING - No viable dags retrieved from /opt/airflow/dags/data-university-from-api-dag/data_university_from_api_dag.py
[2024-02-07T19:36:02.090+0000] {processor.py:179} INFO - Processing /opt/airflow/dags/data-university-from-api-dag/data_university_from_api_dag.py took 1.260 seconds
[2024-02-07T19:36:32.425+0000] {processor.py:157} INFO - Started process (PID=65) to work on /opt/airflow/dags/data-university-from-api-dag/data_university_from_api_dag.py
[2024-02-07T19:36:32.433+0000] {processor.py:826} INFO - Processing file /opt/airflow/dags/data-university-from-api-dag/data_university_from_api_dag.py for tasks to queue
[2024-02-07T19:36:32.447+0000] {logging_mixin.py:149} INFO - [2024-02-07T19:36:32.446+0000] {dagbag.py:541} INFO - Filling up the DagBag from /opt/airflow/dags/data-university-from-api-dag/data_university_from_api_dag.py
[2024-02-07T19:36:32.484+0000] {processor.py:838} WARNING - No viable dags retrieved from /opt/airflow/dags/data-university-from-api-dag/data_university_from_api_dag.py
[2024-02-07T19:36:32.558+0000] {processor.py:179} INFO - Processing /opt/airflow/dags/data-university-from-api-dag/data_university_from_api_dag.py took 0.151 seconds
[2024-02-07T19:37:02.942+0000] {processor.py:157} INFO - Started process (PID=80) to work on /opt/airflow/dags/data-university-from-api-dag/data_university_from_api_dag.py
[2024-02-07T19:37:02.947+0000] {processor.py:826} INFO - Processing file /opt/airflow/dags/data-university-from-api-dag/data_university_from_api_dag.py for tasks to queue
[2024-02-07T19:37:02.952+0000] {logging_mixin.py:149} INFO - [2024-02-07T19:37:02.951+0000] {dagbag.py:541} INFO - Filling up the DagBag from /opt/airflow/dags/data-university-from-api-dag/data_university_from_api_dag.py
[2024-02-07T19:37:02.968+0000] {processor.py:838} WARNING - No viable dags retrieved from /opt/airflow/dags/data-university-from-api-dag/data_university_from_api_dag.py
[2024-02-07T19:37:02.998+0000] {processor.py:179} INFO - Processing /opt/airflow/dags/data-university-from-api-dag/data_university_from_api_dag.py took 0.062 seconds
[2024-02-07T19:37:33.472+0000] {processor.py:157} INFO - Started process (PID=94) to work on /opt/airflow/dags/data-university-from-api-dag/data_university_from_api_dag.py
[2024-02-07T19:37:33.479+0000] {processor.py:826} INFO - Processing file /opt/airflow/dags/data-university-from-api-dag/data_university_from_api_dag.py for tasks to queue
[2024-02-07T19:37:33.483+0000] {logging_mixin.py:149} INFO - [2024-02-07T19:37:33.483+0000] {dagbag.py:541} INFO - Filling up the DagBag from /opt/airflow/dags/data-university-from-api-dag/data_university_from_api_dag.py
[2024-02-07T19:37:33.507+0000] {processor.py:838} WARNING - No viable dags retrieved from /opt/airflow/dags/data-university-from-api-dag/data_university_from_api_dag.py
[2024-02-07T19:37:33.556+0000] {processor.py:179} INFO - Processing /opt/airflow/dags/data-university-from-api-dag/data_university_from_api_dag.py took 0.096 seconds
[2024-02-07T19:38:03.972+0000] {processor.py:157} INFO - Started process (PID=108) to work on /opt/airflow/dags/data-university-from-api-dag/data_university_from_api_dag.py
[2024-02-07T19:38:03.985+0000] {processor.py:826} INFO - Processing file /opt/airflow/dags/data-university-from-api-dag/data_university_from_api_dag.py for tasks to queue
[2024-02-07T19:38:03.990+0000] {logging_mixin.py:149} INFO - [2024-02-07T19:38:03.990+0000] {dagbag.py:541} INFO - Filling up the DagBag from /opt/airflow/dags/data-university-from-api-dag/data_university_from_api_dag.py
[2024-02-07T19:38:04.007+0000] {processor.py:838} WARNING - No viable dags retrieved from /opt/airflow/dags/data-university-from-api-dag/data_university_from_api_dag.py
[2024-02-07T19:38:04.038+0000] {processor.py:179} INFO - Processing /opt/airflow/dags/data-university-from-api-dag/data_university_from_api_dag.py took 0.074 seconds
[2024-02-07T19:38:34.946+0000] {processor.py:157} INFO - Started process (PID=122) to work on /opt/airflow/dags/data-university-from-api-dag/data_university_from_api_dag.py
[2024-02-07T19:38:34.966+0000] {processor.py:826} INFO - Processing file /opt/airflow/dags/data-university-from-api-dag/data_university_from_api_dag.py for tasks to queue
[2024-02-07T19:38:34.976+0000] {logging_mixin.py:149} INFO - [2024-02-07T19:38:34.975+0000] {dagbag.py:541} INFO - Filling up the DagBag from /opt/airflow/dags/data-university-from-api-dag/data_university_from_api_dag.py
[2024-02-07T19:38:35.581+0000] {processor.py:838} WARNING - No viable dags retrieved from /opt/airflow/dags/data-university-from-api-dag/data_university_from_api_dag.py
[2024-02-07T19:38:36.018+0000] {processor.py:179} INFO - Processing /opt/airflow/dags/data-university-from-api-dag/data_university_from_api_dag.py took 1.081 seconds
[2024-02-07T19:39:06.464+0000] {processor.py:157} INFO - Started process (PID=136) to work on /opt/airflow/dags/data-university-from-api-dag/data_university_from_api_dag.py
[2024-02-07T19:39:06.484+0000] {processor.py:826} INFO - Processing file /opt/airflow/dags/data-university-from-api-dag/data_university_from_api_dag.py for tasks to queue
[2024-02-07T19:39:06.508+0000] {logging_mixin.py:149} INFO - [2024-02-07T19:39:06.508+0000] {dagbag.py:541} INFO - Filling up the DagBag from /opt/airflow/dags/data-university-from-api-dag/data_university_from_api_dag.py
[2024-02-07T19:39:06.554+0000] {processor.py:838} WARNING - No viable dags retrieved from /opt/airflow/dags/data-university-from-api-dag/data_university_from_api_dag.py
[2024-02-07T19:39:06.959+0000] {processor.py:179} INFO - Processing /opt/airflow/dags/data-university-from-api-dag/data_university_from_api_dag.py took 0.601 seconds
[2024-02-07T19:39:37.547+0000] {processor.py:157} INFO - Started process (PID=150) to work on /opt/airflow/dags/data-university-from-api-dag/data_university_from_api_dag.py
[2024-02-07T19:39:37.552+0000] {processor.py:826} INFO - Processing file /opt/airflow/dags/data-university-from-api-dag/data_university_from_api_dag.py for tasks to queue
[2024-02-07T19:39:37.556+0000] {logging_mixin.py:149} INFO - [2024-02-07T19:39:37.556+0000] {dagbag.py:541} INFO - Filling up the DagBag from /opt/airflow/dags/data-university-from-api-dag/data_university_from_api_dag.py
[2024-02-07T19:39:37.573+0000] {processor.py:838} WARNING - No viable dags retrieved from /opt/airflow/dags/data-university-from-api-dag/data_university_from_api_dag.py
[2024-02-07T19:39:37.606+0000] {processor.py:179} INFO - Processing /opt/airflow/dags/data-university-from-api-dag/data_university_from_api_dag.py took 0.065 seconds
[2024-02-07T19:40:07.954+0000] {processor.py:157} INFO - Started process (PID=164) to work on /opt/airflow/dags/data-university-from-api-dag/data_university_from_api_dag.py
[2024-02-07T19:40:07.963+0000] {processor.py:826} INFO - Processing file /opt/airflow/dags/data-university-from-api-dag/data_university_from_api_dag.py for tasks to queue
[2024-02-07T19:40:07.967+0000] {logging_mixin.py:149} INFO - [2024-02-07T19:40:07.966+0000] {dagbag.py:541} INFO - Filling up the DagBag from /opt/airflow/dags/data-university-from-api-dag/data_university_from_api_dag.py
[2024-02-07T19:40:07.983+0000] {processor.py:838} WARNING - No viable dags retrieved from /opt/airflow/dags/data-university-from-api-dag/data_university_from_api_dag.py
[2024-02-07T19:40:08.021+0000] {processor.py:179} INFO - Processing /opt/airflow/dags/data-university-from-api-dag/data_university_from_api_dag.py took 0.074 seconds
[2024-02-07T19:40:38.744+0000] {processor.py:157} INFO - Started process (PID=178) to work on /opt/airflow/dags/data-university-from-api-dag/data_university_from_api_dag.py
[2024-02-07T19:40:38.748+0000] {processor.py:826} INFO - Processing file /opt/airflow/dags/data-university-from-api-dag/data_university_from_api_dag.py for tasks to queue
[2024-02-07T19:40:38.753+0000] {logging_mixin.py:149} INFO - [2024-02-07T19:40:38.753+0000] {dagbag.py:541} INFO - Filling up the DagBag from /opt/airflow/dags/data-university-from-api-dag/data_university_from_api_dag.py
[2024-02-07T19:40:38.769+0000] {processor.py:838} WARNING - No viable dags retrieved from /opt/airflow/dags/data-university-from-api-dag/data_university_from_api_dag.py
[2024-02-07T19:40:38.801+0000] {processor.py:179} INFO - Processing /opt/airflow/dags/data-university-from-api-dag/data_university_from_api_dag.py took 0.063 seconds
[2024-02-07T19:41:11.918+0000] {processor.py:157} INFO - Started process (PID=188) to work on /opt/airflow/dags/data-university-from-api-dag/data_university_from_api_dag.py
[2024-02-07T19:41:11.947+0000] {processor.py:826} INFO - Processing file /opt/airflow/dags/data-university-from-api-dag/data_university_from_api_dag.py for tasks to queue
[2024-02-07T19:41:11.981+0000] {logging_mixin.py:149} INFO - [2024-02-07T19:41:11.981+0000] {dagbag.py:541} INFO - Filling up the DagBag from /opt/airflow/dags/data-university-from-api-dag/data_university_from_api_dag.py
[2024-02-07T19:41:12.006+0000] {processor.py:838} WARNING - No viable dags retrieved from /opt/airflow/dags/data-university-from-api-dag/data_university_from_api_dag.py
[2024-02-07T19:41:12.079+0000] {processor.py:179} INFO - Processing /opt/airflow/dags/data-university-from-api-dag/data_university_from_api_dag.py took 0.175 seconds
[2024-02-07T19:41:42.381+0000] {processor.py:157} INFO - Started process (PID=200) to work on /opt/airflow/dags/data-university-from-api-dag/data_university_from_api_dag.py
[2024-02-07T19:41:42.386+0000] {processor.py:826} INFO - Processing file /opt/airflow/dags/data-university-from-api-dag/data_university_from_api_dag.py for tasks to queue
[2024-02-07T19:41:42.389+0000] {logging_mixin.py:149} INFO - [2024-02-07T19:41:42.389+0000] {dagbag.py:541} INFO - Filling up the DagBag from /opt/airflow/dags/data-university-from-api-dag/data_university_from_api_dag.py
[2024-02-07T19:41:42.405+0000] {processor.py:838} WARNING - No viable dags retrieved from /opt/airflow/dags/data-university-from-api-dag/data_university_from_api_dag.py
[2024-02-07T19:41:42.436+0000] {processor.py:179} INFO - Processing /opt/airflow/dags/data-university-from-api-dag/data_university_from_api_dag.py took 0.063 seconds
[2024-02-07T19:42:12.906+0000] {processor.py:157} INFO - Started process (PID=214) to work on /opt/airflow/dags/data-university-from-api-dag/data_university_from_api_dag.py
[2024-02-07T19:42:12.909+0000] {processor.py:826} INFO - Processing file /opt/airflow/dags/data-university-from-api-dag/data_university_from_api_dag.py for tasks to queue
[2024-02-07T19:42:12.913+0000] {logging_mixin.py:149} INFO - [2024-02-07T19:42:12.913+0000] {dagbag.py:541} INFO - Filling up the DagBag from /opt/airflow/dags/data-university-from-api-dag/data_university_from_api_dag.py
[2024-02-07T19:42:12.931+0000] {processor.py:838} WARNING - No viable dags retrieved from /opt/airflow/dags/data-university-from-api-dag/data_university_from_api_dag.py
[2024-02-07T19:42:12.963+0000] {processor.py:179} INFO - Processing /opt/airflow/dags/data-university-from-api-dag/data_university_from_api_dag.py took 0.066 seconds
[2024-02-07T19:42:43.427+0000] {processor.py:157} INFO - Started process (PID=229) to work on /opt/airflow/dags/data-university-from-api-dag/data_university_from_api_dag.py
[2024-02-07T19:42:43.432+0000] {processor.py:826} INFO - Processing file /opt/airflow/dags/data-university-from-api-dag/data_university_from_api_dag.py for tasks to queue
[2024-02-07T19:42:43.436+0000] {logging_mixin.py:149} INFO - [2024-02-07T19:42:43.436+0000] {dagbag.py:541} INFO - Filling up the DagBag from /opt/airflow/dags/data-university-from-api-dag/data_university_from_api_dag.py
[2024-02-07T19:42:43.453+0000] {processor.py:838} WARNING - No viable dags retrieved from /opt/airflow/dags/data-university-from-api-dag/data_university_from_api_dag.py
[2024-02-07T19:42:43.484+0000] {processor.py:179} INFO - Processing /opt/airflow/dags/data-university-from-api-dag/data_university_from_api_dag.py took 0.066 seconds
[2024-02-07T19:43:13.910+0000] {processor.py:157} INFO - Started process (PID=243) to work on /opt/airflow/dags/data-university-from-api-dag/data_university_from_api_dag.py
[2024-02-07T19:43:13.914+0000] {processor.py:826} INFO - Processing file /opt/airflow/dags/data-university-from-api-dag/data_university_from_api_dag.py for tasks to queue
[2024-02-07T19:43:13.920+0000] {logging_mixin.py:149} INFO - [2024-02-07T19:43:13.920+0000] {dagbag.py:541} INFO - Filling up the DagBag from /opt/airflow/dags/data-university-from-api-dag/data_university_from_api_dag.py
[2024-02-07T19:43:13.939+0000] {processor.py:838} WARNING - No viable dags retrieved from /opt/airflow/dags/data-university-from-api-dag/data_university_from_api_dag.py
[2024-02-07T19:43:14.010+0000] {processor.py:179} INFO - Processing /opt/airflow/dags/data-university-from-api-dag/data_university_from_api_dag.py took 0.112 seconds
[2024-02-07T19:43:44.477+0000] {processor.py:157} INFO - Started process (PID=257) to work on /opt/airflow/dags/data-university-from-api-dag/data_university_from_api_dag.py
[2024-02-07T19:43:44.481+0000] {processor.py:826} INFO - Processing file /opt/airflow/dags/data-university-from-api-dag/data_university_from_api_dag.py for tasks to queue
[2024-02-07T19:43:44.486+0000] {logging_mixin.py:149} INFO - [2024-02-07T19:43:44.485+0000] {dagbag.py:541} INFO - Filling up the DagBag from /opt/airflow/dags/data-university-from-api-dag/data_university_from_api_dag.py
[2024-02-07T19:43:44.505+0000] {processor.py:838} WARNING - No viable dags retrieved from /opt/airflow/dags/data-university-from-api-dag/data_university_from_api_dag.py
[2024-02-07T19:43:44.537+0000] {processor.py:179} INFO - Processing /opt/airflow/dags/data-university-from-api-dag/data_university_from_api_dag.py took 0.070 seconds
[2024-02-07T19:44:14.945+0000] {processor.py:157} INFO - Started process (PID=271) to work on /opt/airflow/dags/data-university-from-api-dag/data_university_from_api_dag.py
[2024-02-07T19:44:14.950+0000] {processor.py:826} INFO - Processing file /opt/airflow/dags/data-university-from-api-dag/data_university_from_api_dag.py for tasks to queue
[2024-02-07T19:44:14.954+0000] {logging_mixin.py:149} INFO - [2024-02-07T19:44:14.954+0000] {dagbag.py:541} INFO - Filling up the DagBag from /opt/airflow/dags/data-university-from-api-dag/data_university_from_api_dag.py
[2024-02-07T19:44:14.969+0000] {processor.py:838} WARNING - No viable dags retrieved from /opt/airflow/dags/data-university-from-api-dag/data_university_from_api_dag.py
[2024-02-07T19:44:15.041+0000] {processor.py:179} INFO - Processing /opt/airflow/dags/data-university-from-api-dag/data_university_from_api_dag.py took 0.106 seconds
[2024-02-07T19:44:46.034+0000] {processor.py:157} INFO - Started process (PID=285) to work on /opt/airflow/dags/data-university-from-api-dag/data_university_from_api_dag.py
[2024-02-07T19:44:46.043+0000] {processor.py:826} INFO - Processing file /opt/airflow/dags/data-university-from-api-dag/data_university_from_api_dag.py for tasks to queue
[2024-02-07T19:44:46.059+0000] {logging_mixin.py:149} INFO - [2024-02-07T19:44:46.058+0000] {dagbag.py:541} INFO - Filling up the DagBag from /opt/airflow/dags/data-university-from-api-dag/data_university_from_api_dag.py
[2024-02-07T19:44:46.196+0000] {processor.py:838} WARNING - No viable dags retrieved from /opt/airflow/dags/data-university-from-api-dag/data_university_from_api_dag.py
[2024-02-07T19:44:46.303+0000] {processor.py:179} INFO - Processing /opt/airflow/dags/data-university-from-api-dag/data_university_from_api_dag.py took 0.284 seconds
[2024-02-07T19:45:16.857+0000] {processor.py:157} INFO - Started process (PID=299) to work on /opt/airflow/dags/data-university-from-api-dag/data_university_from_api_dag.py
[2024-02-07T19:45:16.863+0000] {processor.py:826} INFO - Processing file /opt/airflow/dags/data-university-from-api-dag/data_university_from_api_dag.py for tasks to queue
[2024-02-07T19:45:16.869+0000] {logging_mixin.py:149} INFO - [2024-02-07T19:45:16.869+0000] {dagbag.py:541} INFO - Filling up the DagBag from /opt/airflow/dags/data-university-from-api-dag/data_university_from_api_dag.py
[2024-02-07T19:45:16.897+0000] {processor.py:838} WARNING - No viable dags retrieved from /opt/airflow/dags/data-university-from-api-dag/data_university_from_api_dag.py
[2024-02-07T19:45:16.952+0000] {processor.py:179} INFO - Processing /opt/airflow/dags/data-university-from-api-dag/data_university_from_api_dag.py took 0.107 seconds
[2024-02-07T19:45:48.261+0000] {processor.py:157} INFO - Started process (PID=313) to work on /opt/airflow/dags/data-university-from-api-dag/data_university_from_api_dag.py
[2024-02-07T19:45:48.274+0000] {processor.py:826} INFO - Processing file /opt/airflow/dags/data-university-from-api-dag/data_university_from_api_dag.py for tasks to queue
[2024-02-07T19:45:48.301+0000] {logging_mixin.py:149} INFO - [2024-02-07T19:45:48.301+0000] {dagbag.py:541} INFO - Filling up the DagBag from /opt/airflow/dags/data-university-from-api-dag/data_university_from_api_dag.py
[2024-02-07T19:45:48.489+0000] {processor.py:838} WARNING - No viable dags retrieved from /opt/airflow/dags/data-university-from-api-dag/data_university_from_api_dag.py
[2024-02-07T19:45:48.818+0000] {processor.py:179} INFO - Processing /opt/airflow/dags/data-university-from-api-dag/data_university_from_api_dag.py took 0.574 seconds
[2024-02-07T19:46:20.013+0000] {processor.py:157} INFO - Started process (PID=327) to work on /opt/airflow/dags/data-university-from-api-dag/data_university_from_api_dag.py
[2024-02-07T19:46:20.039+0000] {processor.py:826} INFO - Processing file /opt/airflow/dags/data-university-from-api-dag/data_university_from_api_dag.py for tasks to queue
[2024-02-07T19:46:20.046+0000] {logging_mixin.py:149} INFO - [2024-02-07T19:46:20.045+0000] {dagbag.py:541} INFO - Filling up the DagBag from /opt/airflow/dags/data-university-from-api-dag/data_university_from_api_dag.py
[2024-02-07T19:46:20.278+0000] {processor.py:838} WARNING - No viable dags retrieved from /opt/airflow/dags/data-university-from-api-dag/data_university_from_api_dag.py
[2024-02-07T19:46:20.393+0000] {processor.py:179} INFO - Processing /opt/airflow/dags/data-university-from-api-dag/data_university_from_api_dag.py took 0.395 seconds
[2024-02-07T19:46:51.000+0000] {processor.py:157} INFO - Started process (PID=342) to work on /opt/airflow/dags/data-university-from-api-dag/data_university_from_api_dag.py
[2024-02-07T19:46:51.004+0000] {processor.py:826} INFO - Processing file /opt/airflow/dags/data-university-from-api-dag/data_university_from_api_dag.py for tasks to queue
[2024-02-07T19:46:51.011+0000] {logging_mixin.py:149} INFO - [2024-02-07T19:46:51.010+0000] {dagbag.py:541} INFO - Filling up the DagBag from /opt/airflow/dags/data-university-from-api-dag/data_university_from_api_dag.py
[2024-02-07T19:46:51.026+0000] {processor.py:838} WARNING - No viable dags retrieved from /opt/airflow/dags/data-university-from-api-dag/data_university_from_api_dag.py
[2024-02-07T19:46:51.061+0000] {processor.py:179} INFO - Processing /opt/airflow/dags/data-university-from-api-dag/data_university_from_api_dag.py took 0.070 seconds
[2024-02-07T19:47:22.497+0000] {processor.py:157} INFO - Started process (PID=356) to work on /opt/airflow/dags/data-university-from-api-dag/data_university_from_api_dag.py
[2024-02-07T19:47:22.561+0000] {processor.py:826} INFO - Processing file /opt/airflow/dags/data-university-from-api-dag/data_university_from_api_dag.py for tasks to queue
[2024-02-07T19:47:22.575+0000] {logging_mixin.py:149} INFO - [2024-02-07T19:47:22.574+0000] {dagbag.py:541} INFO - Filling up the DagBag from /opt/airflow/dags/data-university-from-api-dag/data_university_from_api_dag.py
[2024-02-07T19:47:22.659+0000] {processor.py:838} WARNING - No viable dags retrieved from /opt/airflow/dags/data-university-from-api-dag/data_university_from_api_dag.py
[2024-02-07T19:47:22.728+0000] {processor.py:179} INFO - Processing /opt/airflow/dags/data-university-from-api-dag/data_university_from_api_dag.py took 0.328 seconds
[2024-02-07T19:47:52.843+0000] {processor.py:157} INFO - Started process (PID=370) to work on /opt/airflow/dags/data-university-from-api-dag/data_university_from_api_dag.py
[2024-02-07T19:47:52.848+0000] {processor.py:826} INFO - Processing file /opt/airflow/dags/data-university-from-api-dag/data_university_from_api_dag.py for tasks to queue
[2024-02-07T19:47:52.853+0000] {logging_mixin.py:149} INFO - [2024-02-07T19:47:52.853+0000] {dagbag.py:541} INFO - Filling up the DagBag from /opt/airflow/dags/data-university-from-api-dag/data_university_from_api_dag.py
[2024-02-07T19:47:52.868+0000] {processor.py:838} WARNING - No viable dags retrieved from /opt/airflow/dags/data-university-from-api-dag/data_university_from_api_dag.py
[2024-02-07T19:47:52.915+0000] {processor.py:179} INFO - Processing /opt/airflow/dags/data-university-from-api-dag/data_university_from_api_dag.py took 0.083 seconds
[2024-02-07T19:48:23.329+0000] {processor.py:157} INFO - Started process (PID=384) to work on /opt/airflow/dags/data-university-from-api-dag/data_university_from_api_dag.py
[2024-02-07T19:48:23.335+0000] {processor.py:826} INFO - Processing file /opt/airflow/dags/data-university-from-api-dag/data_university_from_api_dag.py for tasks to queue
[2024-02-07T19:48:23.339+0000] {logging_mixin.py:149} INFO - [2024-02-07T19:48:23.339+0000] {dagbag.py:541} INFO - Filling up the DagBag from /opt/airflow/dags/data-university-from-api-dag/data_university_from_api_dag.py
[2024-02-07T19:48:23.356+0000] {processor.py:838} WARNING - No viable dags retrieved from /opt/airflow/dags/data-university-from-api-dag/data_university_from_api_dag.py
[2024-02-07T19:48:23.400+0000] {processor.py:179} INFO - Processing /opt/airflow/dags/data-university-from-api-dag/data_university_from_api_dag.py took 0.082 seconds
[2024-02-07T19:48:54.114+0000] {processor.py:157} INFO - Started process (PID=398) to work on /opt/airflow/dags/data-university-from-api-dag/data_university_from_api_dag.py
[2024-02-07T19:48:54.131+0000] {processor.py:826} INFO - Processing file /opt/airflow/dags/data-university-from-api-dag/data_university_from_api_dag.py for tasks to queue
[2024-02-07T19:48:54.150+0000] {logging_mixin.py:149} INFO - [2024-02-07T19:48:54.146+0000] {dagbag.py:541} INFO - Filling up the DagBag from /opt/airflow/dags/data-university-from-api-dag/data_university_from_api_dag.py
[2024-02-07T19:48:54.193+0000] {processor.py:838} WARNING - No viable dags retrieved from /opt/airflow/dags/data-university-from-api-dag/data_university_from_api_dag.py
[2024-02-07T19:48:54.283+0000] {processor.py:179} INFO - Processing /opt/airflow/dags/data-university-from-api-dag/data_university_from_api_dag.py took 0.197 seconds
[2024-02-07T19:49:24.731+0000] {processor.py:157} INFO - Started process (PID=412) to work on /opt/airflow/dags/data-university-from-api-dag/data_university_from_api_dag.py
[2024-02-07T19:49:24.740+0000] {processor.py:826} INFO - Processing file /opt/airflow/dags/data-university-from-api-dag/data_university_from_api_dag.py for tasks to queue
[2024-02-07T19:49:24.749+0000] {logging_mixin.py:149} INFO - [2024-02-07T19:49:24.748+0000] {dagbag.py:541} INFO - Filling up the DagBag from /opt/airflow/dags/data-university-from-api-dag/data_university_from_api_dag.py
[2024-02-07T19:49:24.797+0000] {processor.py:838} WARNING - No viable dags retrieved from /opt/airflow/dags/data-university-from-api-dag/data_university_from_api_dag.py
[2024-02-07T19:49:24.900+0000] {processor.py:179} INFO - Processing /opt/airflow/dags/data-university-from-api-dag/data_university_from_api_dag.py took 0.183 seconds
[2024-02-07T19:49:55.387+0000] {processor.py:157} INFO - Started process (PID=426) to work on /opt/airflow/dags/data-university-from-api-dag/data_university_from_api_dag.py
[2024-02-07T19:49:55.391+0000] {processor.py:826} INFO - Processing file /opt/airflow/dags/data-university-from-api-dag/data_university_from_api_dag.py for tasks to queue
[2024-02-07T19:49:55.399+0000] {logging_mixin.py:149} INFO - [2024-02-07T19:49:55.398+0000] {dagbag.py:541} INFO - Filling up the DagBag from /opt/airflow/dags/data-university-from-api-dag/data_university_from_api_dag.py
[2024-02-07T19:49:55.417+0000] {processor.py:838} WARNING - No viable dags retrieved from /opt/airflow/dags/data-university-from-api-dag/data_university_from_api_dag.py
[2024-02-07T19:49:55.463+0000] {processor.py:179} INFO - Processing /opt/airflow/dags/data-university-from-api-dag/data_university_from_api_dag.py took 0.089 seconds
[2024-02-07T19:50:25.798+0000] {processor.py:157} INFO - Started process (PID=440) to work on /opt/airflow/dags/data-university-from-api-dag/data_university_from_api_dag.py
[2024-02-07T19:50:25.802+0000] {processor.py:826} INFO - Processing file /opt/airflow/dags/data-university-from-api-dag/data_university_from_api_dag.py for tasks to queue
[2024-02-07T19:50:25.815+0000] {logging_mixin.py:149} INFO - [2024-02-07T19:50:25.814+0000] {dagbag.py:541} INFO - Filling up the DagBag from /opt/airflow/dags/data-university-from-api-dag/data_university_from_api_dag.py
[2024-02-07T19:50:25.846+0000] {processor.py:838} WARNING - No viable dags retrieved from /opt/airflow/dags/data-university-from-api-dag/data_university_from_api_dag.py
[2024-02-07T19:50:25.896+0000] {processor.py:179} INFO - Processing /opt/airflow/dags/data-university-from-api-dag/data_university_from_api_dag.py took 0.110 seconds
[2024-02-07T19:50:56.599+0000] {processor.py:157} INFO - Started process (PID=453) to work on /opt/airflow/dags/data-university-from-api-dag/data_university_from_api_dag.py
[2024-02-07T19:50:56.612+0000] {processor.py:826} INFO - Processing file /opt/airflow/dags/data-university-from-api-dag/data_university_from_api_dag.py for tasks to queue
[2024-02-07T19:50:56.626+0000] {logging_mixin.py:149} INFO - [2024-02-07T19:50:56.625+0000] {dagbag.py:541} INFO - Filling up the DagBag from /opt/airflow/dags/data-university-from-api-dag/data_university_from_api_dag.py
[2024-02-07T19:50:56.648+0000] {processor.py:838} WARNING - No viable dags retrieved from /opt/airflow/dags/data-university-from-api-dag/data_university_from_api_dag.py
[2024-02-07T19:50:56.703+0000] {processor.py:179} INFO - Processing /opt/airflow/dags/data-university-from-api-dag/data_university_from_api_dag.py took 0.122 seconds
[2024-02-07T19:51:27.355+0000] {processor.py:157} INFO - Started process (PID=467) to work on /opt/airflow/dags/data-university-from-api-dag/data_university_from_api_dag.py
[2024-02-07T19:51:27.368+0000] {processor.py:826} INFO - Processing file /opt/airflow/dags/data-university-from-api-dag/data_university_from_api_dag.py for tasks to queue
[2024-02-07T19:51:27.373+0000] {logging_mixin.py:149} INFO - [2024-02-07T19:51:27.372+0000] {dagbag.py:541} INFO - Filling up the DagBag from /opt/airflow/dags/data-university-from-api-dag/data_university_from_api_dag.py
[2024-02-07T19:51:27.407+0000] {processor.py:838} WARNING - No viable dags retrieved from /opt/airflow/dags/data-university-from-api-dag/data_university_from_api_dag.py
[2024-02-07T19:51:27.487+0000] {processor.py:179} INFO - Processing /opt/airflow/dags/data-university-from-api-dag/data_university_from_api_dag.py took 0.153 seconds
[2024-02-07T19:51:57.631+0000] {processor.py:157} INFO - Started process (PID=481) to work on /opt/airflow/dags/data-university-from-api-dag/data_university_from_api_dag.py
[2024-02-07T19:51:57.637+0000] {processor.py:826} INFO - Processing file /opt/airflow/dags/data-university-from-api-dag/data_university_from_api_dag.py for tasks to queue
[2024-02-07T19:51:57.643+0000] {logging_mixin.py:149} INFO - [2024-02-07T19:51:57.642+0000] {dagbag.py:541} INFO - Filling up the DagBag from /opt/airflow/dags/data-university-from-api-dag/data_university_from_api_dag.py
[2024-02-07T19:51:57.663+0000] {processor.py:838} WARNING - No viable dags retrieved from /opt/airflow/dags/data-university-from-api-dag/data_university_from_api_dag.py
[2024-02-07T19:51:57.691+0000] {processor.py:179} INFO - Processing /opt/airflow/dags/data-university-from-api-dag/data_university_from_api_dag.py took 0.070 seconds
[2024-02-07T19:52:28.202+0000] {processor.py:157} INFO - Started process (PID=496) to work on /opt/airflow/dags/data-university-from-api-dag/data_university_from_api_dag.py
[2024-02-07T19:52:28.211+0000] {processor.py:826} INFO - Processing file /opt/airflow/dags/data-university-from-api-dag/data_university_from_api_dag.py for tasks to queue
[2024-02-07T19:52:28.217+0000] {logging_mixin.py:149} INFO - [2024-02-07T19:52:28.215+0000] {dagbag.py:541} INFO - Filling up the DagBag from /opt/airflow/dags/data-university-from-api-dag/data_university_from_api_dag.py
[2024-02-07T19:52:28.245+0000] {processor.py:838} WARNING - No viable dags retrieved from /opt/airflow/dags/data-university-from-api-dag/data_university_from_api_dag.py
[2024-02-07T19:52:28.304+0000] {processor.py:179} INFO - Processing /opt/airflow/dags/data-university-from-api-dag/data_university_from_api_dag.py took 0.126 seconds
[2024-02-07T19:53:00.580+0000] {processor.py:157} INFO - Started process (PID=510) to work on /opt/airflow/dags/data-university-from-api-dag/data_university_from_api_dag.py
[2024-02-07T19:53:00.630+0000] {processor.py:826} INFO - Processing file /opt/airflow/dags/data-university-from-api-dag/data_university_from_api_dag.py for tasks to queue
[2024-02-07T19:53:00.662+0000] {logging_mixin.py:149} INFO - [2024-02-07T19:53:00.661+0000] {dagbag.py:541} INFO - Filling up the DagBag from /opt/airflow/dags/data-university-from-api-dag/data_university_from_api_dag.py
[2024-02-07T19:53:00.823+0000] {processor.py:838} WARNING - No viable dags retrieved from /opt/airflow/dags/data-university-from-api-dag/data_university_from_api_dag.py
[2024-02-07T19:53:01.268+0000] {processor.py:179} INFO - Processing /opt/airflow/dags/data-university-from-api-dag/data_university_from_api_dag.py took 0.700 seconds
[2024-02-07T19:53:32.822+0000] {processor.py:157} INFO - Started process (PID=520) to work on /opt/airflow/dags/data-university-from-api-dag/data_university_from_api_dag.py
[2024-02-07T19:53:32.861+0000] {processor.py:826} INFO - Processing file /opt/airflow/dags/data-university-from-api-dag/data_university_from_api_dag.py for tasks to queue
[2024-02-07T19:53:32.928+0000] {logging_mixin.py:149} INFO - [2024-02-07T19:53:32.928+0000] {dagbag.py:541} INFO - Filling up the DagBag from /opt/airflow/dags/data-university-from-api-dag/data_university_from_api_dag.py
[2024-02-07T19:53:33.397+0000] {processor.py:838} WARNING - No viable dags retrieved from /opt/airflow/dags/data-university-from-api-dag/data_university_from_api_dag.py
[2024-02-07T19:53:33.676+0000] {processor.py:179} INFO - Processing /opt/airflow/dags/data-university-from-api-dag/data_university_from_api_dag.py took 0.875 seconds
[2024-02-07T19:54:04.126+0000] {processor.py:157} INFO - Started process (PID=532) to work on /opt/airflow/dags/data-university-from-api-dag/data_university_from_api_dag.py
[2024-02-07T19:54:04.143+0000] {processor.py:826} INFO - Processing file /opt/airflow/dags/data-university-from-api-dag/data_university_from_api_dag.py for tasks to queue
[2024-02-07T19:54:04.157+0000] {logging_mixin.py:149} INFO - [2024-02-07T19:54:04.157+0000] {dagbag.py:541} INFO - Filling up the DagBag from /opt/airflow/dags/data-university-from-api-dag/data_university_from_api_dag.py
[2024-02-07T19:54:04.285+0000] {processor.py:838} WARNING - No viable dags retrieved from /opt/airflow/dags/data-university-from-api-dag/data_university_from_api_dag.py
[2024-02-07T19:54:04.370+0000] {processor.py:179} INFO - Processing /opt/airflow/dags/data-university-from-api-dag/data_university_from_api_dag.py took 0.282 seconds
[2024-02-07T19:54:35.133+0000] {processor.py:157} INFO - Started process (PID=546) to work on /opt/airflow/dags/data-university-from-api-dag/data_university_from_api_dag.py
[2024-02-07T19:54:35.137+0000] {processor.py:826} INFO - Processing file /opt/airflow/dags/data-university-from-api-dag/data_university_from_api_dag.py for tasks to queue
[2024-02-07T19:54:35.142+0000] {logging_mixin.py:149} INFO - [2024-02-07T19:54:35.141+0000] {dagbag.py:541} INFO - Filling up the DagBag from /opt/airflow/dags/data-university-from-api-dag/data_university_from_api_dag.py
[2024-02-07T19:54:35.161+0000] {processor.py:838} WARNING - No viable dags retrieved from /opt/airflow/dags/data-university-from-api-dag/data_university_from_api_dag.py
[2024-02-07T19:54:35.188+0000] {processor.py:179} INFO - Processing /opt/airflow/dags/data-university-from-api-dag/data_university_from_api_dag.py took 0.063 seconds
[2024-02-07T19:55:05.682+0000] {processor.py:157} INFO - Started process (PID=560) to work on /opt/airflow/dags/data-university-from-api-dag/data_university_from_api_dag.py
[2024-02-07T19:55:05.708+0000] {processor.py:826} INFO - Processing file /opt/airflow/dags/data-university-from-api-dag/data_university_from_api_dag.py for tasks to queue
[2024-02-07T19:55:05.735+0000] {logging_mixin.py:149} INFO - [2024-02-07T19:55:05.735+0000] {dagbag.py:541} INFO - Filling up the DagBag from /opt/airflow/dags/data-university-from-api-dag/data_university_from_api_dag.py
[2024-02-07T19:55:05.855+0000] {processor.py:838} WARNING - No viable dags retrieved from /opt/airflow/dags/data-university-from-api-dag/data_university_from_api_dag.py
[2024-02-07T19:55:06.575+0000] {processor.py:179} INFO - Processing /opt/airflow/dags/data-university-from-api-dag/data_university_from_api_dag.py took 0.942 seconds
[2024-02-07T19:55:36.753+0000] {processor.py:157} INFO - Started process (PID=574) to work on /opt/airflow/dags/data-university-from-api-dag/data_university_from_api_dag.py
[2024-02-07T19:55:36.759+0000] {processor.py:826} INFO - Processing file /opt/airflow/dags/data-university-from-api-dag/data_university_from_api_dag.py for tasks to queue
[2024-02-07T19:55:36.765+0000] {logging_mixin.py:149} INFO - [2024-02-07T19:55:36.764+0000] {dagbag.py:541} INFO - Filling up the DagBag from /opt/airflow/dags/data-university-from-api-dag/data_university_from_api_dag.py
[2024-02-07T19:55:36.808+0000] {processor.py:838} WARNING - No viable dags retrieved from /opt/airflow/dags/data-university-from-api-dag/data_university_from_api_dag.py
[2024-02-07T19:55:36.972+0000] {processor.py:179} INFO - Processing /opt/airflow/dags/data-university-from-api-dag/data_university_from_api_dag.py took 0.229 seconds
[2024-02-07T19:56:07.841+0000] {processor.py:157} INFO - Started process (PID=588) to work on /opt/airflow/dags/data-university-from-api-dag/data_university_from_api_dag.py
[2024-02-07T19:56:07.845+0000] {processor.py:826} INFO - Processing file /opt/airflow/dags/data-university-from-api-dag/data_university_from_api_dag.py for tasks to queue
[2024-02-07T19:56:07.850+0000] {logging_mixin.py:149} INFO - [2024-02-07T19:56:07.850+0000] {dagbag.py:541} INFO - Filling up the DagBag from /opt/airflow/dags/data-university-from-api-dag/data_university_from_api_dag.py
[2024-02-07T19:56:07.867+0000] {processor.py:838} WARNING - No viable dags retrieved from /opt/airflow/dags/data-university-from-api-dag/data_university_from_api_dag.py
[2024-02-07T19:56:07.920+0000] {processor.py:179} INFO - Processing /opt/airflow/dags/data-university-from-api-dag/data_university_from_api_dag.py took 0.088 seconds
[2024-02-07T19:56:38.294+0000] {processor.py:157} INFO - Started process (PID=602) to work on /opt/airflow/dags/data-university-from-api-dag/data_university_from_api_dag.py
[2024-02-07T19:56:38.308+0000] {processor.py:826} INFO - Processing file /opt/airflow/dags/data-university-from-api-dag/data_university_from_api_dag.py for tasks to queue
[2024-02-07T19:56:38.315+0000] {logging_mixin.py:149} INFO - [2024-02-07T19:56:38.314+0000] {dagbag.py:541} INFO - Filling up the DagBag from /opt/airflow/dags/data-university-from-api-dag/data_university_from_api_dag.py
[2024-02-07T19:56:38.334+0000] {processor.py:838} WARNING - No viable dags retrieved from /opt/airflow/dags/data-university-from-api-dag/data_university_from_api_dag.py
[2024-02-07T19:56:38.440+0000] {processor.py:179} INFO - Processing /opt/airflow/dags/data-university-from-api-dag/data_university_from_api_dag.py took 0.155 seconds
[2024-02-07T19:57:08.863+0000] {processor.py:157} INFO - Started process (PID=616) to work on /opt/airflow/dags/data-university-from-api-dag/data_university_from_api_dag.py
[2024-02-07T19:57:08.895+0000] {processor.py:826} INFO - Processing file /opt/airflow/dags/data-university-from-api-dag/data_university_from_api_dag.py for tasks to queue
[2024-02-07T19:57:08.923+0000] {logging_mixin.py:149} INFO - [2024-02-07T19:57:08.922+0000] {dagbag.py:541} INFO - Filling up the DagBag from /opt/airflow/dags/data-university-from-api-dag/data_university_from_api_dag.py
[2024-02-07T19:57:09.095+0000] {processor.py:838} WARNING - No viable dags retrieved from /opt/airflow/dags/data-university-from-api-dag/data_university_from_api_dag.py
[2024-02-07T19:57:09.234+0000] {processor.py:179} INFO - Processing /opt/airflow/dags/data-university-from-api-dag/data_university_from_api_dag.py took 0.395 seconds
[2024-02-07T19:57:39.582+0000] {processor.py:157} INFO - Started process (PID=629) to work on /opt/airflow/dags/data-university-from-api-dag/data_university_from_api_dag.py
[2024-02-07T19:57:39.589+0000] {processor.py:826} INFO - Processing file /opt/airflow/dags/data-university-from-api-dag/data_university_from_api_dag.py for tasks to queue
[2024-02-07T19:57:39.605+0000] {logging_mixin.py:149} INFO - [2024-02-07T19:57:39.604+0000] {dagbag.py:541} INFO - Filling up the DagBag from /opt/airflow/dags/data-university-from-api-dag/data_university_from_api_dag.py
[2024-02-07T19:57:39.625+0000] {processor.py:838} WARNING - No viable dags retrieved from /opt/airflow/dags/data-university-from-api-dag/data_university_from_api_dag.py
[2024-02-07T19:57:39.678+0000] {processor.py:179} INFO - Processing /opt/airflow/dags/data-university-from-api-dag/data_university_from_api_dag.py took 0.108 seconds
[2024-02-07T19:58:09.951+0000] {processor.py:157} INFO - Started process (PID=644) to work on /opt/airflow/dags/data-university-from-api-dag/data_university_from_api_dag.py
[2024-02-07T19:58:09.957+0000] {processor.py:826} INFO - Processing file /opt/airflow/dags/data-university-from-api-dag/data_university_from_api_dag.py for tasks to queue
[2024-02-07T19:58:09.961+0000] {logging_mixin.py:149} INFO - [2024-02-07T19:58:09.961+0000] {dagbag.py:541} INFO - Filling up the DagBag from /opt/airflow/dags/data-university-from-api-dag/data_university_from_api_dag.py
[2024-02-07T19:58:09.989+0000] {processor.py:838} WARNING - No viable dags retrieved from /opt/airflow/dags/data-university-from-api-dag/data_university_from_api_dag.py
[2024-02-07T19:58:10.028+0000] {processor.py:179} INFO - Processing /opt/airflow/dags/data-university-from-api-dag/data_university_from_api_dag.py took 0.088 seconds
[2024-02-07T19:58:40.668+0000] {processor.py:157} INFO - Started process (PID=659) to work on /opt/airflow/dags/data-university-from-api-dag/data_university_from_api_dag.py
[2024-02-07T19:58:40.673+0000] {processor.py:826} INFO - Processing file /opt/airflow/dags/data-university-from-api-dag/data_university_from_api_dag.py for tasks to queue
[2024-02-07T19:58:40.679+0000] {logging_mixin.py:149} INFO - [2024-02-07T19:58:40.678+0000] {dagbag.py:541} INFO - Filling up the DagBag from /opt/airflow/dags/data-university-from-api-dag/data_university_from_api_dag.py
[2024-02-07T19:58:40.707+0000] {processor.py:838} WARNING - No viable dags retrieved from /opt/airflow/dags/data-university-from-api-dag/data_university_from_api_dag.py
[2024-02-07T19:58:40.762+0000] {processor.py:179} INFO - Processing /opt/airflow/dags/data-university-from-api-dag/data_university_from_api_dag.py took 0.105 seconds
[2024-02-07T19:59:11.003+0000] {processor.py:157} INFO - Started process (PID=673) to work on /opt/airflow/dags/data-university-from-api-dag/data_university_from_api_dag.py
[2024-02-07T19:59:11.013+0000] {processor.py:826} INFO - Processing file /opt/airflow/dags/data-university-from-api-dag/data_university_from_api_dag.py for tasks to queue
[2024-02-07T19:59:11.026+0000] {logging_mixin.py:149} INFO - [2024-02-07T19:59:11.026+0000] {dagbag.py:541} INFO - Filling up the DagBag from /opt/airflow/dags/data-university-from-api-dag/data_university_from_api_dag.py
[2024-02-07T19:59:11.064+0000] {processor.py:838} WARNING - No viable dags retrieved from /opt/airflow/dags/data-university-from-api-dag/data_university_from_api_dag.py
[2024-02-07T19:59:11.143+0000] {processor.py:179} INFO - Processing /opt/airflow/dags/data-university-from-api-dag/data_university_from_api_dag.py took 0.167 seconds
[2024-02-07T19:59:41.835+0000] {processor.py:157} INFO - Started process (PID=690) to work on /opt/airflow/dags/data-university-from-api-dag/data_university_from_api_dag.py
[2024-02-07T19:59:41.842+0000] {processor.py:826} INFO - Processing file /opt/airflow/dags/data-university-from-api-dag/data_university_from_api_dag.py for tasks to queue
[2024-02-07T19:59:41.848+0000] {logging_mixin.py:149} INFO - [2024-02-07T19:59:41.847+0000] {dagbag.py:541} INFO - Filling up the DagBag from /opt/airflow/dags/data-university-from-api-dag/data_university_from_api_dag.py
[2024-02-07T19:59:41.872+0000] {processor.py:838} WARNING - No viable dags retrieved from /opt/airflow/dags/data-university-from-api-dag/data_university_from_api_dag.py
[2024-02-07T19:59:41.925+0000] {processor.py:179} INFO - Processing /opt/airflow/dags/data-university-from-api-dag/data_university_from_api_dag.py took 0.101 seconds
[2024-02-07T20:00:12.638+0000] {processor.py:157} INFO - Started process (PID=703) to work on /opt/airflow/dags/data-university-from-api-dag/data_university_from_api_dag.py
[2024-02-07T20:00:12.645+0000] {processor.py:826} INFO - Processing file /opt/airflow/dags/data-university-from-api-dag/data_university_from_api_dag.py for tasks to queue
[2024-02-07T20:00:12.650+0000] {logging_mixin.py:149} INFO - [2024-02-07T20:00:12.650+0000] {dagbag.py:541} INFO - Filling up the DagBag from /opt/airflow/dags/data-university-from-api-dag/data_university_from_api_dag.py
[2024-02-07T20:00:12.666+0000] {processor.py:838} WARNING - No viable dags retrieved from /opt/airflow/dags/data-university-from-api-dag/data_university_from_api_dag.py
[2024-02-07T20:00:12.703+0000] {processor.py:179} INFO - Processing /opt/airflow/dags/data-university-from-api-dag/data_university_from_api_dag.py took 0.074 seconds
[2024-02-07T20:00:43.247+0000] {processor.py:157} INFO - Started process (PID=718) to work on /opt/airflow/dags/data-university-from-api-dag/data_university_from_api_dag.py
[2024-02-07T20:00:43.251+0000] {processor.py:826} INFO - Processing file /opt/airflow/dags/data-university-from-api-dag/data_university_from_api_dag.py for tasks to queue
[2024-02-07T20:00:43.255+0000] {logging_mixin.py:149} INFO - [2024-02-07T20:00:43.254+0000] {dagbag.py:541} INFO - Filling up the DagBag from /opt/airflow/dags/data-university-from-api-dag/data_university_from_api_dag.py
[2024-02-07T20:00:43.269+0000] {processor.py:838} WARNING - No viable dags retrieved from /opt/airflow/dags/data-university-from-api-dag/data_university_from_api_dag.py
[2024-02-07T20:00:43.306+0000] {processor.py:179} INFO - Processing /opt/airflow/dags/data-university-from-api-dag/data_university_from_api_dag.py took 0.065 seconds
[2024-02-07T20:01:14.134+0000] {processor.py:157} INFO - Started process (PID=731) to work on /opt/airflow/dags/data-university-from-api-dag/data_university_from_api_dag.py
[2024-02-07T20:01:14.172+0000] {processor.py:826} INFO - Processing file /opt/airflow/dags/data-university-from-api-dag/data_university_from_api_dag.py for tasks to queue
[2024-02-07T20:01:14.177+0000] {logging_mixin.py:149} INFO - [2024-02-07T20:01:14.176+0000] {dagbag.py:541} INFO - Filling up the DagBag from /opt/airflow/dags/data-university-from-api-dag/data_university_from_api_dag.py
[2024-02-07T20:01:14.213+0000] {processor.py:838} WARNING - No viable dags retrieved from /opt/airflow/dags/data-university-from-api-dag/data_university_from_api_dag.py
[2024-02-07T20:01:14.373+0000] {processor.py:179} INFO - Processing /opt/airflow/dags/data-university-from-api-dag/data_university_from_api_dag.py took 0.267 seconds
[2024-02-07T20:01:45.062+0000] {processor.py:157} INFO - Started process (PID=744) to work on /opt/airflow/dags/data-university-from-api-dag/data_university_from_api_dag.py
[2024-02-07T20:01:45.072+0000] {processor.py:826} INFO - Processing file /opt/airflow/dags/data-university-from-api-dag/data_university_from_api_dag.py for tasks to queue
[2024-02-07T20:01:45.086+0000] {logging_mixin.py:149} INFO - [2024-02-07T20:01:45.085+0000] {dagbag.py:541} INFO - Filling up the DagBag from /opt/airflow/dags/data-university-from-api-dag/data_university_from_api_dag.py
[2024-02-07T20:01:45.197+0000] {processor.py:838} WARNING - No viable dags retrieved from /opt/airflow/dags/data-university-from-api-dag/data_university_from_api_dag.py
[2024-02-07T20:01:45.253+0000] {processor.py:179} INFO - Processing /opt/airflow/dags/data-university-from-api-dag/data_university_from_api_dag.py took 0.243 seconds
[2024-02-07T20:02:15.880+0000] {processor.py:157} INFO - Started process (PID=758) to work on /opt/airflow/dags/data-university-from-api-dag/data_university_from_api_dag.py
[2024-02-07T20:02:15.918+0000] {processor.py:826} INFO - Processing file /opt/airflow/dags/data-university-from-api-dag/data_university_from_api_dag.py for tasks to queue
[2024-02-07T20:02:15.926+0000] {logging_mixin.py:149} INFO - [2024-02-07T20:02:15.926+0000] {dagbag.py:541} INFO - Filling up the DagBag from /opt/airflow/dags/data-university-from-api-dag/data_university_from_api_dag.py
[2024-02-07T20:02:15.970+0000] {processor.py:838} WARNING - No viable dags retrieved from /opt/airflow/dags/data-university-from-api-dag/data_university_from_api_dag.py
[2024-02-07T20:02:16.026+0000] {processor.py:179} INFO - Processing /opt/airflow/dags/data-university-from-api-dag/data_university_from_api_dag.py took 0.161 seconds
[2024-02-07T20:02:46.502+0000] {processor.py:157} INFO - Started process (PID=772) to work on /opt/airflow/dags/data-university-from-api-dag/data_university_from_api_dag.py
[2024-02-07T20:02:46.507+0000] {processor.py:826} INFO - Processing file /opt/airflow/dags/data-university-from-api-dag/data_university_from_api_dag.py for tasks to queue
[2024-02-07T20:02:46.514+0000] {logging_mixin.py:149} INFO - [2024-02-07T20:02:46.513+0000] {dagbag.py:541} INFO - Filling up the DagBag from /opt/airflow/dags/data-university-from-api-dag/data_university_from_api_dag.py
[2024-02-07T20:02:46.538+0000] {processor.py:838} WARNING - No viable dags retrieved from /opt/airflow/dags/data-university-from-api-dag/data_university_from_api_dag.py
[2024-02-07T20:02:46.572+0000] {processor.py:179} INFO - Processing /opt/airflow/dags/data-university-from-api-dag/data_university_from_api_dag.py took 0.083 seconds
[2024-02-07T20:03:17.317+0000] {processor.py:157} INFO - Started process (PID=786) to work on /opt/airflow/dags/data-university-from-api-dag/data_university_from_api_dag.py
[2024-02-07T20:03:17.382+0000] {processor.py:826} INFO - Processing file /opt/airflow/dags/data-university-from-api-dag/data_university_from_api_dag.py for tasks to queue
[2024-02-07T20:03:17.414+0000] {logging_mixin.py:149} INFO - [2024-02-07T20:03:17.413+0000] {dagbag.py:541} INFO - Filling up the DagBag from /opt/airflow/dags/data-university-from-api-dag/data_university_from_api_dag.py
[2024-02-07T20:03:17.603+0000] {processor.py:838} WARNING - No viable dags retrieved from /opt/airflow/dags/data-university-from-api-dag/data_university_from_api_dag.py
[2024-02-07T20:03:17.813+0000] {processor.py:179} INFO - Processing /opt/airflow/dags/data-university-from-api-dag/data_university_from_api_dag.py took 0.536 seconds
[2024-02-07T20:03:48.628+0000] {processor.py:157} INFO - Started process (PID=800) to work on /opt/airflow/dags/data-university-from-api-dag/data_university_from_api_dag.py
[2024-02-07T20:03:48.639+0000] {processor.py:826} INFO - Processing file /opt/airflow/dags/data-university-from-api-dag/data_university_from_api_dag.py for tasks to queue
[2024-02-07T20:03:48.643+0000] {logging_mixin.py:149} INFO - [2024-02-07T20:03:48.643+0000] {dagbag.py:541} INFO - Filling up the DagBag from /opt/airflow/dags/data-university-from-api-dag/data_university_from_api_dag.py
[2024-02-07T20:03:48.665+0000] {processor.py:838} WARNING - No viable dags retrieved from /opt/airflow/dags/data-university-from-api-dag/data_university_from_api_dag.py
[2024-02-07T20:03:48.714+0000] {processor.py:179} INFO - Processing /opt/airflow/dags/data-university-from-api-dag/data_university_from_api_dag.py took 0.098 seconds
[2024-02-07T20:04:19.347+0000] {processor.py:157} INFO - Started process (PID=814) to work on /opt/airflow/dags/data-university-from-api-dag/data_university_from_api_dag.py
[2024-02-07T20:04:19.369+0000] {processor.py:826} INFO - Processing file /opt/airflow/dags/data-university-from-api-dag/data_university_from_api_dag.py for tasks to queue
[2024-02-07T20:04:19.390+0000] {logging_mixin.py:149} INFO - [2024-02-07T20:04:19.389+0000] {dagbag.py:541} INFO - Filling up the DagBag from /opt/airflow/dags/data-university-from-api-dag/data_university_from_api_dag.py
[2024-02-07T20:04:19.425+0000] {processor.py:838} WARNING - No viable dags retrieved from /opt/airflow/dags/data-university-from-api-dag/data_university_from_api_dag.py
[2024-02-07T20:04:19.462+0000] {processor.py:179} INFO - Processing /opt/airflow/dags/data-university-from-api-dag/data_university_from_api_dag.py took 0.131 seconds
[2024-02-07T20:04:50.012+0000] {processor.py:157} INFO - Started process (PID=828) to work on /opt/airflow/dags/data-university-from-api-dag/data_university_from_api_dag.py
[2024-02-07T20:04:50.033+0000] {processor.py:826} INFO - Processing file /opt/airflow/dags/data-university-from-api-dag/data_university_from_api_dag.py for tasks to queue
[2024-02-07T20:04:50.049+0000] {logging_mixin.py:149} INFO - [2024-02-07T20:04:50.049+0000] {dagbag.py:541} INFO - Filling up the DagBag from /opt/airflow/dags/data-university-from-api-dag/data_university_from_api_dag.py
[2024-02-07T20:04:50.128+0000] {processor.py:838} WARNING - No viable dags retrieved from /opt/airflow/dags/data-university-from-api-dag/data_university_from_api_dag.py
[2024-02-07T20:04:50.215+0000] {processor.py:179} INFO - Processing /opt/airflow/dags/data-university-from-api-dag/data_university_from_api_dag.py took 0.218 seconds
[2024-02-07T20:05:20.760+0000] {processor.py:157} INFO - Started process (PID=842) to work on /opt/airflow/dags/data-university-from-api-dag/data_university_from_api_dag.py
[2024-02-07T20:05:20.775+0000] {processor.py:826} INFO - Processing file /opt/airflow/dags/data-university-from-api-dag/data_university_from_api_dag.py for tasks to queue
[2024-02-07T20:05:20.780+0000] {logging_mixin.py:149} INFO - [2024-02-07T20:05:20.779+0000] {dagbag.py:541} INFO - Filling up the DagBag from /opt/airflow/dags/data-university-from-api-dag/data_university_from_api_dag.py
[2024-02-07T20:05:20.807+0000] {processor.py:838} WARNING - No viable dags retrieved from /opt/airflow/dags/data-university-from-api-dag/data_university_from_api_dag.py
[2024-02-07T20:05:20.852+0000] {processor.py:179} INFO - Processing /opt/airflow/dags/data-university-from-api-dag/data_university_from_api_dag.py took 0.111 seconds
[2024-02-07T20:05:51.169+0000] {processor.py:157} INFO - Started process (PID=856) to work on /opt/airflow/dags/data-university-from-api-dag/data_university_from_api_dag.py
[2024-02-07T20:05:51.178+0000] {processor.py:826} INFO - Processing file /opt/airflow/dags/data-university-from-api-dag/data_university_from_api_dag.py for tasks to queue
[2024-02-07T20:05:51.185+0000] {logging_mixin.py:149} INFO - [2024-02-07T20:05:51.182+0000] {dagbag.py:541} INFO - Filling up the DagBag from /opt/airflow/dags/data-university-from-api-dag/data_university_from_api_dag.py
[2024-02-07T20:05:51.209+0000] {processor.py:838} WARNING - No viable dags retrieved from /opt/airflow/dags/data-university-from-api-dag/data_university_from_api_dag.py
[2024-02-07T20:05:51.253+0000] {processor.py:179} INFO - Processing /opt/airflow/dags/data-university-from-api-dag/data_university_from_api_dag.py took 0.098 seconds
[2024-02-07T20:06:22.235+0000] {processor.py:157} INFO - Started process (PID=871) to work on /opt/airflow/dags/data-university-from-api-dag/data_university_from_api_dag.py
[2024-02-07T20:06:22.443+0000] {processor.py:826} INFO - Processing file /opt/airflow/dags/data-university-from-api-dag/data_university_from_api_dag.py for tasks to queue
[2024-02-07T20:06:22.534+0000] {logging_mixin.py:149} INFO - [2024-02-07T20:06:22.519+0000] {dagbag.py:541} INFO - Filling up the DagBag from /opt/airflow/dags/data-university-from-api-dag/data_university_from_api_dag.py
[2024-02-07T20:06:22.780+0000] {processor.py:838} WARNING - No viable dags retrieved from /opt/airflow/dags/data-university-from-api-dag/data_university_from_api_dag.py
[2024-02-07T20:06:22.965+0000] {processor.py:179} INFO - Processing /opt/airflow/dags/data-university-from-api-dag/data_university_from_api_dag.py took 0.791 seconds
[2024-02-07T20:06:53.398+0000] {processor.py:157} INFO - Started process (PID=885) to work on /opt/airflow/dags/data-university-from-api-dag/data_university_from_api_dag.py
[2024-02-07T20:06:53.404+0000] {processor.py:826} INFO - Processing file /opt/airflow/dags/data-university-from-api-dag/data_university_from_api_dag.py for tasks to queue
[2024-02-07T20:06:53.408+0000] {logging_mixin.py:149} INFO - [2024-02-07T20:06:53.408+0000] {dagbag.py:541} INFO - Filling up the DagBag from /opt/airflow/dags/data-university-from-api-dag/data_university_from_api_dag.py
[2024-02-07T20:06:53.426+0000] {processor.py:838} WARNING - No viable dags retrieved from /opt/airflow/dags/data-university-from-api-dag/data_university_from_api_dag.py
[2024-02-07T20:06:53.481+0000] {processor.py:179} INFO - Processing /opt/airflow/dags/data-university-from-api-dag/data_university_from_api_dag.py took 0.090 seconds
[2024-02-07T20:07:24.277+0000] {processor.py:157} INFO - Started process (PID=899) to work on /opt/airflow/dags/data-university-from-api-dag/data_university_from_api_dag.py
[2024-02-07T20:07:24.332+0000] {processor.py:826} INFO - Processing file /opt/airflow/dags/data-university-from-api-dag/data_university_from_api_dag.py for tasks to queue
[2024-02-07T20:07:24.345+0000] {logging_mixin.py:149} INFO - [2024-02-07T20:07:24.345+0000] {dagbag.py:541} INFO - Filling up the DagBag from /opt/airflow/dags/data-university-from-api-dag/data_university_from_api_dag.py
[2024-02-07T20:07:24.444+0000] {processor.py:838} WARNING - No viable dags retrieved from /opt/airflow/dags/data-university-from-api-dag/data_university_from_api_dag.py
[2024-02-07T20:07:24.592+0000] {processor.py:179} INFO - Processing /opt/airflow/dags/data-university-from-api-dag/data_university_from_api_dag.py took 0.340 seconds
[2024-02-07T20:07:57.144+0000] {processor.py:157} INFO - Started process (PID=913) to work on /opt/airflow/dags/data-university-from-api-dag/data_university_from_api_dag.py
[2024-02-07T20:07:57.157+0000] {processor.py:826} INFO - Processing file /opt/airflow/dags/data-university-from-api-dag/data_university_from_api_dag.py for tasks to queue
[2024-02-07T20:07:57.171+0000] {logging_mixin.py:149} INFO - [2024-02-07T20:07:57.171+0000] {dagbag.py:541} INFO - Filling up the DagBag from /opt/airflow/dags/data-university-from-api-dag/data_university_from_api_dag.py
[2024-02-07T20:07:57.406+0000] {processor.py:838} WARNING - No viable dags retrieved from /opt/airflow/dags/data-university-from-api-dag/data_university_from_api_dag.py
[2024-02-07T20:07:57.752+0000] {processor.py:179} INFO - Processing /opt/airflow/dags/data-university-from-api-dag/data_university_from_api_dag.py took 0.639 seconds
[2024-02-07T20:08:28.327+0000] {processor.py:157} INFO - Started process (PID=926) to work on /opt/airflow/dags/data-university-from-api-dag/data_university_from_api_dag.py
[2024-02-07T20:08:28.332+0000] {processor.py:826} INFO - Processing file /opt/airflow/dags/data-university-from-api-dag/data_university_from_api_dag.py for tasks to queue
[2024-02-07T20:08:28.342+0000] {logging_mixin.py:149} INFO - [2024-02-07T20:08:28.342+0000] {dagbag.py:541} INFO - Filling up the DagBag from /opt/airflow/dags/data-university-from-api-dag/data_university_from_api_dag.py
[2024-02-07T20:08:28.362+0000] {processor.py:838} WARNING - No viable dags retrieved from /opt/airflow/dags/data-university-from-api-dag/data_university_from_api_dag.py
[2024-02-07T20:08:28.411+0000] {processor.py:179} INFO - Processing /opt/airflow/dags/data-university-from-api-dag/data_university_from_api_dag.py took 0.097 seconds
[2024-02-07T20:08:58.734+0000] {processor.py:157} INFO - Started process (PID=936) to work on /opt/airflow/dags/data-university-from-api-dag/data_university_from_api_dag.py
[2024-02-07T20:08:58.742+0000] {processor.py:826} INFO - Processing file /opt/airflow/dags/data-university-from-api-dag/data_university_from_api_dag.py for tasks to queue
[2024-02-07T20:08:58.747+0000] {logging_mixin.py:149} INFO - [2024-02-07T20:08:58.746+0000] {dagbag.py:541} INFO - Filling up the DagBag from /opt/airflow/dags/data-university-from-api-dag/data_university_from_api_dag.py
[2024-02-07T20:08:58.782+0000] {processor.py:838} WARNING - No viable dags retrieved from /opt/airflow/dags/data-university-from-api-dag/data_university_from_api_dag.py
[2024-02-07T20:08:58.823+0000] {processor.py:179} INFO - Processing /opt/airflow/dags/data-university-from-api-dag/data_university_from_api_dag.py took 0.106 seconds
