[2024-02-24T15:39:52.785+0000] {taskinstance.py:1103} INFO - Dependencies all met for dep_context=non-requeueable deps ti=<TaskInstance: extract_energy_data_and_transform.wait_for_clean_csv_sensor manual__2024-02-24T15:39:17.827085+00:00 [queued]>
[2024-02-24T15:39:52.832+0000] {taskinstance.py:1103} INFO - Dependencies all met for dep_context=requeueable deps ti=<TaskInstance: extract_energy_data_and_transform.wait_for_clean_csv_sensor manual__2024-02-24T15:39:17.827085+00:00 [queued]>
[2024-02-24T15:39:52.843+0000] {taskinstance.py:1308} INFO - Starting attempt 1 of 1
[2024-02-24T15:39:52.899+0000] {taskinstance.py:1327} INFO - Executing <Task(PythonSensor): wait_for_clean_csv_sensor> on 2024-02-24 15:39:17.827085+00:00
[2024-02-24T15:39:52.923+0000] {standard_task_runner.py:57} INFO - Started process 4277 to run task
[2024-02-24T15:39:52.940+0000] {standard_task_runner.py:84} INFO - Running: ['***', 'tasks', 'run', 'extract_energy_data_and_transform', 'wait_for_clean_csv_sensor', 'manual__2024-02-24T15:39:17.827085+00:00', '--job-id', '375', '--raw', '--subdir', 'DAGS_FOLDER/energy-prod-cons-dag/data_energy_dag.py', '--cfg-path', '/tmp/tmpc1bjmkpq']
[2024-02-24T15:39:52.946+0000] {standard_task_runner.py:85} INFO - Job 375: Subtask wait_for_clean_csv_sensor
[2024-02-24T15:39:53.103+0000] {task_command.py:410} INFO - Running <TaskInstance: extract_energy_data_and_transform.wait_for_clean_csv_sensor manual__2024-02-24T15:39:17.827085+00:00 [running]> on host 952b3f8a1a94
[2024-02-24T15:39:53.303+0000] {taskinstance.py:1547} INFO - Exporting env vars: AIRFLOW_CTX_DAG_OWNER='***' AIRFLOW_CTX_DAG_ID='extract_energy_data_and_transform' AIRFLOW_CTX_TASK_ID='wait_for_clean_csv_sensor' AIRFLOW_CTX_EXECUTION_DATE='2024-02-24T15:39:17.827085+00:00' AIRFLOW_CTX_TRY_NUMBER='1' AIRFLOW_CTX_DAG_RUN_ID='manual__2024-02-24T15:39:17.827085+00:00'
[2024-02-24T15:39:53.334+0000] {python.py:72} INFO - Poking callable: <function _wait_for_csv at 0x7fe08d22a050>
[2024-02-24T15:39:53.382+0000] {taskinstance.py:1784} INFO - Rescheduling task, marking task as UP_FOR_RESCHEDULE
[2024-02-24T15:39:53.441+0000] {local_task_job_runner.py:225} INFO - Task exited with return code 0
[2024-02-24T15:39:53.578+0000] {taskinstance.py:2651} INFO - 0 downstream tasks scheduled from follow-on schedule check
[2024-02-24T15:40:31.361+0000] {taskinstance.py:1103} INFO - Dependencies all met for dep_context=non-requeueable deps ti=<TaskInstance: extract_energy_data_and_transform.wait_for_clean_csv_sensor manual__2024-02-24T15:39:17.827085+00:00 [queued]>
[2024-02-24T15:40:31.408+0000] {taskinstance.py:1103} INFO - Dependencies all met for dep_context=requeueable deps ti=<TaskInstance: extract_energy_data_and_transform.wait_for_clean_csv_sensor manual__2024-02-24T15:39:17.827085+00:00 [queued]>
[2024-02-24T15:40:31.424+0000] {taskinstance.py:1308} INFO - Starting attempt 1 of 1
[2024-02-24T15:40:31.497+0000] {taskinstance.py:1327} INFO - Executing <Task(PythonSensor): wait_for_clean_csv_sensor> on 2024-02-24 15:39:17.827085+00:00
[2024-02-24T15:40:31.525+0000] {standard_task_runner.py:57} INFO - Started process 4294 to run task
[2024-02-24T15:40:31.535+0000] {standard_task_runner.py:84} INFO - Running: ['***', 'tasks', 'run', 'extract_energy_data_and_transform', 'wait_for_clean_csv_sensor', 'manual__2024-02-24T15:39:17.827085+00:00', '--job-id', '377', '--raw', '--subdir', 'DAGS_FOLDER/energy-prod-cons-dag/data_energy_dag.py', '--cfg-path', '/tmp/tmp0otv6ss3']
[2024-02-24T15:40:31.627+0000] {standard_task_runner.py:85} INFO - Job 377: Subtask wait_for_clean_csv_sensor
[2024-02-24T15:40:32.347+0000] {task_command.py:410} INFO - Running <TaskInstance: extract_energy_data_and_transform.wait_for_clean_csv_sensor manual__2024-02-24T15:39:17.827085+00:00 [running]> on host 952b3f8a1a94
[2024-02-24T15:40:33.084+0000] {taskinstance.py:1547} INFO - Exporting env vars: AIRFLOW_CTX_DAG_OWNER='***' AIRFLOW_CTX_DAG_ID='extract_energy_data_and_transform' AIRFLOW_CTX_TASK_ID='wait_for_clean_csv_sensor' AIRFLOW_CTX_EXECUTION_DATE='2024-02-24T15:39:17.827085+00:00' AIRFLOW_CTX_TRY_NUMBER='1' AIRFLOW_CTX_DAG_RUN_ID='manual__2024-02-24T15:39:17.827085+00:00'
[2024-02-24T15:40:33.175+0000] {python.py:72} INFO - Poking callable: <function _wait_for_csv at 0x7fe08d22a050>
[2024-02-24T15:40:33.450+0000] {taskinstance.py:1784} INFO - Rescheduling task, marking task as UP_FOR_RESCHEDULE
[2024-02-24T15:40:33.575+0000] {local_task_job_runner.py:225} INFO - Task exited with return code 0
[2024-02-24T15:40:33.778+0000] {taskinstance.py:2651} INFO - 0 downstream tasks scheduled from follow-on schedule check
[2024-02-24T15:41:21.275+0000] {taskinstance.py:1103} INFO - Dependencies all met for dep_context=non-requeueable deps ti=<TaskInstance: extract_energy_data_and_transform.wait_for_clean_csv_sensor manual__2024-02-24T15:39:17.827085+00:00 [queued]>
[2024-02-24T15:41:21.475+0000] {taskinstance.py:1103} INFO - Dependencies all met for dep_context=requeueable deps ti=<TaskInstance: extract_energy_data_and_transform.wait_for_clean_csv_sensor manual__2024-02-24T15:39:17.827085+00:00 [queued]>
[2024-02-24T15:41:21.490+0000] {taskinstance.py:1308} INFO - Starting attempt 1 of 1
[2024-02-24T15:41:21.951+0000] {taskinstance.py:1327} INFO - Executing <Task(PythonSensor): wait_for_clean_csv_sensor> on 2024-02-24 15:39:17.827085+00:00
[2024-02-24T15:41:22.139+0000] {standard_task_runner.py:57} INFO - Started process 4315 to run task
[2024-02-24T15:41:22.559+0000] {standard_task_runner.py:84} INFO - Running: ['***', 'tasks', 'run', 'extract_energy_data_and_transform', 'wait_for_clean_csv_sensor', 'manual__2024-02-24T15:39:17.827085+00:00', '--job-id', '381', '--raw', '--subdir', 'DAGS_FOLDER/energy-prod-cons-dag/data_energy_dag.py', '--cfg-path', '/tmp/tmpri3f80yp']
[2024-02-24T15:41:22.724+0000] {standard_task_runner.py:85} INFO - Job 381: Subtask wait_for_clean_csv_sensor
[2024-02-24T15:41:25.550+0000] {task_command.py:410} INFO - Running <TaskInstance: extract_energy_data_and_transform.wait_for_clean_csv_sensor manual__2024-02-24T15:39:17.827085+00:00 [running]> on host 952b3f8a1a94
[2024-02-24T15:41:36.101+0000] {taskinstance.py:1547} INFO - Exporting env vars: AIRFLOW_CTX_DAG_OWNER='***' AIRFLOW_CTX_DAG_ID='extract_energy_data_and_transform' AIRFLOW_CTX_TASK_ID='wait_for_clean_csv_sensor' AIRFLOW_CTX_EXECUTION_DATE='2024-02-24T15:39:17.827085+00:00' AIRFLOW_CTX_TRY_NUMBER='1' AIRFLOW_CTX_DAG_RUN_ID='manual__2024-02-24T15:39:17.827085+00:00'
[2024-02-24T15:41:36.387+0000] {python.py:72} INFO - Poking callable: <function _wait_for_csv at 0x7fe08d22a050>
[2024-02-24T15:41:37.099+0000] {taskinstance.py:1784} INFO - Rescheduling task, marking task as UP_FOR_RESCHEDULE
[2024-02-24T15:41:37.615+0000] {local_task_job_runner.py:225} INFO - Task exited with return code 0
[2024-02-24T15:41:38.875+0000] {taskinstance.py:2651} INFO - 0 downstream tasks scheduled from follow-on schedule check
