[2024-02-06T17:31:12.944+0000] {taskinstance.py:1103} INFO - Dependencies all met for dep_context=non-requeueable deps ti=<TaskInstance: get_energy_data_send_psql.fetch_and_save manual__2024-02-06T17:31:04.337915+00:00 [queued]>
[2024-02-06T17:31:13.099+0000] {taskinstance.py:1103} INFO - Dependencies all met for dep_context=requeueable deps ti=<TaskInstance: get_energy_data_send_psql.fetch_and_save manual__2024-02-06T17:31:04.337915+00:00 [queued]>
[2024-02-06T17:31:13.113+0000] {taskinstance.py:1308} INFO - Starting attempt 1 of 1
[2024-02-06T17:31:13.316+0000] {taskinstance.py:1327} INFO - Executing <Task(PythonOperator): fetch_and_save> on 2024-02-06 17:31:04.337915+00:00
[2024-02-06T17:31:13.600+0000] {standard_task_runner.py:57} INFO - Started process 4327 to run task
[2024-02-06T17:31:13.855+0000] {standard_task_runner.py:84} INFO - Running: ['***', 'tasks', 'run', 'get_energy_data_send_psql', 'fetch_and_save', 'manual__2024-02-06T17:31:04.337915+00:00', '--job-id', '108', '--raw', '--subdir', 'DAGS_FOLDER/energy-prod-cons-dag/data_energy_dag.py', '--cfg-path', '/tmp/tmpxqjek3xv']
[2024-02-06T17:31:13.965+0000] {standard_task_runner.py:85} INFO - Job 108: Subtask fetch_and_save
[2024-02-06T17:31:14.898+0000] {task_command.py:410} INFO - Running <TaskInstance: get_energy_data_send_psql.fetch_and_save manual__2024-02-06T17:31:04.337915+00:00 [running]> on host 952b3f8a1a94
[2024-02-06T17:31:15.379+0000] {taskinstance.py:1547} INFO - Exporting env vars: AIRFLOW_CTX_DAG_OWNER='***' AIRFLOW_CTX_DAG_ID='get_energy_data_send_psql' AIRFLOW_CTX_TASK_ID='fetch_and_save' AIRFLOW_CTX_EXECUTION_DATE='2024-02-06T17:31:04.337915+00:00' AIRFLOW_CTX_TRY_NUMBER='1' AIRFLOW_CTX_DAG_RUN_ID='manual__2024-02-06T17:31:04.337915+00:00'
[2024-02-06T17:31:18.108+0000] {warnings.py:110} WARNING - /home/***/.local/lib/python3.7/site-packages/***/operators/python.py:198: FutureWarning: The error_bad_lines argument has been deprecated and will be removed in a future version.


  return self.python_callable(*self.op_args, **self.op_kwargs)

[2024-02-06T17:31:20.521+0000] {logging_mixin.py:149} INFO - ******* STARTING columns ******  : Index(['operateur', 'annee', 'filiere', 'code_categorie_consommation',
       'libelle_categorie_consommation', 'code_grand_secteur',
       'libelle_grand_secteur', 'code_naf', 'libelle_secteur_naf2', 'conso',
       'pdl', 'indqual', 'nombre_mailles_secretisees', 'code_region',
       'libelle_region'],
      dtype='object')
[2024-02-06T17:31:20.555+0000] {logging_mixin.py:149} INFO - Strip leading and trailing whitespaces from column names
[2024-02-06T17:31:20.599+0000] {logging_mixin.py:149} INFO - ******* ENDING columns ****** :  Index(['operateur', 'annee', 'filiere', 'code_categorie_consommation',
       'code_grand_secteur', 'libelle_secteur_naf2', 'conso', 'pdl', 'indqual',
       'code_region', 'libelle_region'],
      dtype='object')
[2024-02-06T17:31:21.250+0000] {logging_mixin.py:149} INFO - conso_energy_region Data has been loaded into CSV: /tmp/csv_file/conso_energy_region.csv
[2024-02-06T17:31:21.253+0000] {logging_mixin.py:149} INFO - conso_energy_dept Data has been loaded into CSV: /tmp/csv_file/conso_energy_region.csv
[2024-02-06T17:31:21.257+0000] {python.py:183} INFO - Done. Returned value was: None
[2024-02-06T17:31:21.283+0000] {taskinstance.py:1350} INFO - Marking task as SUCCESS. dag_id=get_energy_data_send_psql, task_id=fetch_and_save, execution_date=20240206T173104, start_date=20240206T173112, end_date=20240206T173121
[2024-02-06T17:31:21.361+0000] {local_task_job_runner.py:225} INFO - Task exited with return code 0
[2024-02-06T17:31:21.540+0000] {taskinstance.py:2651} INFO - 1 downstream tasks scheduled from follow-on schedule check
