[2023-06-15T11:36:09.835+0000] {taskinstance.py:1103} INFO - Dependencies all met for dep_context=non-requeueable deps ti=<TaskInstance: get_university_api_send_psql.send_to_postgresql manual__2023-06-15T11:35:41.567302+00:00 [queued]>
[2023-06-15T11:36:09.852+0000] {taskinstance.py:1103} INFO - Dependencies all met for dep_context=requeueable deps ti=<TaskInstance: get_university_api_send_psql.send_to_postgresql manual__2023-06-15T11:35:41.567302+00:00 [queued]>
[2023-06-15T11:36:09.854+0000] {taskinstance.py:1308} INFO - Starting attempt 1 of 1
[2023-06-15T11:36:09.878+0000] {taskinstance.py:1327} INFO - Executing <Task(PythonOperator): send_to_postgresql> on 2023-06-15 11:35:41.567302+00:00
[2023-06-15T11:36:09.890+0000] {standard_task_runner.py:57} INFO - Started process 11588 to run task
[2023-06-15T11:36:09.904+0000] {standard_task_runner.py:84} INFO - Running: ['***', 'tasks', 'run', 'get_university_api_send_psql', 'send_to_postgresql', 'manual__2023-06-15T11:35:41.567302+00:00', '--job-id', '1727', '--raw', '--subdir', 'DAGS_FOLDER/data-university-from-api-dag/data_university_from_api_dag.py', '--cfg-path', '/tmp/tmpvxjscsm3']
[2023-06-15T11:36:09.909+0000] {standard_task_runner.py:85} INFO - Job 1727: Subtask send_to_postgresql
[2023-06-15T11:36:10.007+0000] {task_command.py:410} INFO - Running <TaskInstance: get_university_api_send_psql.send_to_postgresql manual__2023-06-15T11:35:41.567302+00:00 [running]> on host cd01a659cc96
[2023-06-15T11:36:10.230+0000] {taskinstance.py:1547} INFO - Exporting env vars: AIRFLOW_CTX_DAG_OWNER='***' AIRFLOW_CTX_DAG_ID='get_university_api_send_psql' AIRFLOW_CTX_TASK_ID='send_to_postgresql' AIRFLOW_CTX_EXECUTION_DATE='2023-06-15T11:35:41.567302+00:00' AIRFLOW_CTX_TRY_NUMBER='1' AIRFLOW_CTX_DAG_RUN_ID='manual__2023-06-15T11:35:41.567302+00:00'
[2023-06-15T11:36:10.337+0000] {taskinstance.py:1824} ERROR - Task failed with exception
Traceback (most recent call last):
  File "/home/airflow/.local/lib/python3.7/site-packages/airflow/operators/python.py", line 181, in execute
    return_value = self.execute_callable()
  File "/home/airflow/.local/lib/python3.7/site-packages/airflow/operators/python.py", line 198, in execute_callable
    return self.python_callable(*self.op_args, **self.op_kwargs)
  File "/opt/airflow/dags/data-university-from-api-dag/data_university_from_api_dag.py", line 130, in _send_to_postgresql
    """, (country, alpha_two_code, name, state_province, domains, web_pages))
psycopg2.errors.UndefinedTable: relation "university_table" does not exist
LINE 2:             INSERT INTO university_table (country, alpha_two...
                                ^

[2023-06-15T11:36:10.374+0000] {taskinstance.py:1350} INFO - Marking task as FAILED. dag_id=get_university_api_send_psql, task_id=send_to_postgresql, execution_date=20230615T113541, start_date=20230615T113609, end_date=20230615T113610
[2023-06-15T11:36:10.416+0000] {standard_task_runner.py:109} ERROR - Failed to execute job 1727 for task send_to_postgresql (relation "university_table" does not exist
LINE 2:             INSERT INTO university_table (country, alpha_two...
                                ^
; 11588)
[2023-06-15T11:36:10.477+0000] {local_task_job_runner.py:225} INFO - Task exited with return code 1
[2023-06-15T11:36:10.515+0000] {taskinstance.py:2651} INFO - 0 downstream tasks scheduled from follow-on schedule check
