[2024-02-07T19:35:27.763+0000] {processor.py:157} INFO - Started process (PID=37) to work on /opt/airflow/dags/energy-prod-cons-dag/data_energy_dag.py
[2024-02-07T19:35:27.813+0000] {processor.py:826} INFO - Processing file /opt/airflow/dags/energy-prod-cons-dag/data_energy_dag.py for tasks to queue
[2024-02-07T19:35:27.832+0000] {logging_mixin.py:149} INFO - [2024-02-07T19:35:27.832+0000] {dagbag.py:541} INFO - Filling up the DagBag from /opt/airflow/dags/energy-prod-cons-dag/data_energy_dag.py
[2024-02-07T19:35:32.871+0000] {processor.py:836} INFO - DAG(s) dict_keys(['get_energy_data_and_transform']) retrieved from /opt/airflow/dags/energy-prod-cons-dag/data_energy_dag.py
[2024-02-07T19:35:33.080+0000] {logging_mixin.py:149} INFO - [2024-02-07T19:35:33.079+0000] {dag.py:2726} INFO - Sync 1 DAGs
[2024-02-07T19:35:33.175+0000] {logging_mixin.py:149} INFO - [2024-02-07T19:35:33.174+0000] {dag.py:3490} INFO - Setting next_dagrun for get_energy_data_and_transform to None, run_after=None
[2024-02-07T19:35:33.298+0000] {processor.py:179} INFO - Processing /opt/airflow/dags/energy-prod-cons-dag/data_energy_dag.py took 5.648 seconds
[2024-02-07T19:36:04.228+0000] {processor.py:157} INFO - Started process (PID=53) to work on /opt/airflow/dags/energy-prod-cons-dag/data_energy_dag.py
[2024-02-07T19:36:04.239+0000] {processor.py:826} INFO - Processing file /opt/airflow/dags/energy-prod-cons-dag/data_energy_dag.py for tasks to queue
[2024-02-07T19:36:04.249+0000] {logging_mixin.py:149} INFO - [2024-02-07T19:36:04.248+0000] {dagbag.py:541} INFO - Filling up the DagBag from /opt/airflow/dags/energy-prod-cons-dag/data_energy_dag.py
[2024-02-07T19:36:08.474+0000] {processor.py:836} INFO - DAG(s) dict_keys(['get_energy_data_and_transform']) retrieved from /opt/airflow/dags/energy-prod-cons-dag/data_energy_dag.py
[2024-02-07T19:36:08.620+0000] {logging_mixin.py:149} INFO - [2024-02-07T19:36:08.618+0000] {dag.py:2726} INFO - Sync 1 DAGs
[2024-02-07T19:36:08.723+0000] {logging_mixin.py:149} INFO - [2024-02-07T19:36:08.723+0000] {dag.py:3490} INFO - Setting next_dagrun for get_energy_data_and_transform to None, run_after=None
[2024-02-07T19:36:08.896+0000] {processor.py:179} INFO - Processing /opt/airflow/dags/energy-prod-cons-dag/data_energy_dag.py took 4.688 seconds
[2024-02-07T19:36:39.675+0000] {processor.py:157} INFO - Started process (PID=66) to work on /opt/airflow/dags/energy-prod-cons-dag/data_energy_dag.py
[2024-02-07T19:36:39.682+0000] {processor.py:826} INFO - Processing file /opt/airflow/dags/energy-prod-cons-dag/data_energy_dag.py for tasks to queue
[2024-02-07T19:36:39.688+0000] {logging_mixin.py:149} INFO - [2024-02-07T19:36:39.687+0000] {dagbag.py:541} INFO - Filling up the DagBag from /opt/airflow/dags/energy-prod-cons-dag/data_energy_dag.py
[2024-02-07T19:36:42.139+0000] {processor.py:836} INFO - DAG(s) dict_keys(['get_energy_data_and_transform']) retrieved from /opt/airflow/dags/energy-prod-cons-dag/data_energy_dag.py
[2024-02-07T19:36:42.270+0000] {logging_mixin.py:149} INFO - [2024-02-07T19:36:42.269+0000] {dag.py:2726} INFO - Sync 1 DAGs
[2024-02-07T19:36:42.365+0000] {logging_mixin.py:149} INFO - [2024-02-07T19:36:42.365+0000] {dag.py:3490} INFO - Setting next_dagrun for get_energy_data_and_transform to None, run_after=None
[2024-02-07T19:36:42.451+0000] {processor.py:179} INFO - Processing /opt/airflow/dags/energy-prod-cons-dag/data_energy_dag.py took 2.791 seconds
[2024-02-07T19:37:13.103+0000] {processor.py:157} INFO - Started process (PID=81) to work on /opt/airflow/dags/energy-prod-cons-dag/data_energy_dag.py
[2024-02-07T19:37:13.110+0000] {processor.py:826} INFO - Processing file /opt/airflow/dags/energy-prod-cons-dag/data_energy_dag.py for tasks to queue
[2024-02-07T19:37:13.119+0000] {logging_mixin.py:149} INFO - [2024-02-07T19:37:13.119+0000] {dagbag.py:541} INFO - Filling up the DagBag from /opt/airflow/dags/energy-prod-cons-dag/data_energy_dag.py
[2024-02-07T19:37:15.032+0000] {processor.py:836} INFO - DAG(s) dict_keys(['get_energy_data_and_transform']) retrieved from /opt/airflow/dags/energy-prod-cons-dag/data_energy_dag.py
[2024-02-07T19:37:15.101+0000] {logging_mixin.py:149} INFO - [2024-02-07T19:37:15.099+0000] {dag.py:2726} INFO - Sync 1 DAGs
[2024-02-07T19:37:15.203+0000] {logging_mixin.py:149} INFO - [2024-02-07T19:37:15.202+0000] {dag.py:3490} INFO - Setting next_dagrun for get_energy_data_and_transform to None, run_after=None
[2024-02-07T19:37:15.398+0000] {processor.py:179} INFO - Processing /opt/airflow/dags/energy-prod-cons-dag/data_energy_dag.py took 2.311 seconds
[2024-02-07T19:37:46.025+0000] {processor.py:157} INFO - Started process (PID=95) to work on /opt/airflow/dags/energy-prod-cons-dag/data_energy_dag.py
[2024-02-07T19:37:46.029+0000] {processor.py:826} INFO - Processing file /opt/airflow/dags/energy-prod-cons-dag/data_energy_dag.py for tasks to queue
[2024-02-07T19:37:46.033+0000] {logging_mixin.py:149} INFO - [2024-02-07T19:37:46.033+0000] {dagbag.py:541} INFO - Filling up the DagBag from /opt/airflow/dags/energy-prod-cons-dag/data_energy_dag.py
[2024-02-07T19:37:47.367+0000] {processor.py:836} INFO - DAG(s) dict_keys(['get_energy_data_and_transform']) retrieved from /opt/airflow/dags/energy-prod-cons-dag/data_energy_dag.py
[2024-02-07T19:37:47.428+0000] {logging_mixin.py:149} INFO - [2024-02-07T19:37:47.428+0000] {dag.py:2726} INFO - Sync 1 DAGs
[2024-02-07T19:37:47.515+0000] {logging_mixin.py:149} INFO - [2024-02-07T19:37:47.514+0000] {dag.py:3490} INFO - Setting next_dagrun for get_energy_data_and_transform to None, run_after=None
[2024-02-07T19:37:47.651+0000] {processor.py:179} INFO - Processing /opt/airflow/dags/energy-prod-cons-dag/data_energy_dag.py took 1.632 seconds
[2024-02-07T19:38:18.129+0000] {processor.py:157} INFO - Started process (PID=109) to work on /opt/airflow/dags/energy-prod-cons-dag/data_energy_dag.py
[2024-02-07T19:38:18.138+0000] {processor.py:826} INFO - Processing file /opt/airflow/dags/energy-prod-cons-dag/data_energy_dag.py for tasks to queue
[2024-02-07T19:38:18.144+0000] {logging_mixin.py:149} INFO - [2024-02-07T19:38:18.143+0000] {dagbag.py:541} INFO - Filling up the DagBag from /opt/airflow/dags/energy-prod-cons-dag/data_energy_dag.py
[2024-02-07T19:38:19.214+0000] {processor.py:836} INFO - DAG(s) dict_keys(['get_energy_data_and_transform']) retrieved from /opt/airflow/dags/energy-prod-cons-dag/data_energy_dag.py
[2024-02-07T19:38:19.274+0000] {logging_mixin.py:149} INFO - [2024-02-07T19:38:19.273+0000] {dag.py:2726} INFO - Sync 1 DAGs
[2024-02-07T19:38:19.324+0000] {logging_mixin.py:149} INFO - [2024-02-07T19:38:19.324+0000] {dag.py:3490} INFO - Setting next_dagrun for get_energy_data_and_transform to None, run_after=None
[2024-02-07T19:38:19.369+0000] {processor.py:179} INFO - Processing /opt/airflow/dags/energy-prod-cons-dag/data_energy_dag.py took 1.252 seconds
[2024-02-07T19:38:50.341+0000] {processor.py:157} INFO - Started process (PID=123) to work on /opt/airflow/dags/energy-prod-cons-dag/data_energy_dag.py
[2024-02-07T19:38:50.383+0000] {processor.py:826} INFO - Processing file /opt/airflow/dags/energy-prod-cons-dag/data_energy_dag.py for tasks to queue
[2024-02-07T19:38:50.443+0000] {logging_mixin.py:149} INFO - [2024-02-07T19:38:50.442+0000] {dagbag.py:541} INFO - Filling up the DagBag from /opt/airflow/dags/energy-prod-cons-dag/data_energy_dag.py
[2024-02-07T19:38:56.966+0000] {processor.py:836} INFO - DAG(s) dict_keys(['get_energy_data_and_transform']) retrieved from /opt/airflow/dags/energy-prod-cons-dag/data_energy_dag.py
[2024-02-07T19:38:57.170+0000] {logging_mixin.py:149} INFO - [2024-02-07T19:38:57.168+0000] {dag.py:2726} INFO - Sync 1 DAGs
[2024-02-07T19:38:57.662+0000] {logging_mixin.py:149} INFO - [2024-02-07T19:38:57.662+0000] {dag.py:3490} INFO - Setting next_dagrun for get_energy_data_and_transform to None, run_after=None
[2024-02-07T19:38:57.885+0000] {processor.py:179} INFO - Processing /opt/airflow/dags/energy-prod-cons-dag/data_energy_dag.py took 7.580 seconds
[2024-02-07T19:39:28.391+0000] {processor.py:157} INFO - Started process (PID=144) to work on /opt/airflow/dags/energy-prod-cons-dag/data_energy_dag.py
[2024-02-07T19:39:28.396+0000] {processor.py:826} INFO - Processing file /opt/airflow/dags/energy-prod-cons-dag/data_energy_dag.py for tasks to queue
[2024-02-07T19:39:28.403+0000] {logging_mixin.py:149} INFO - [2024-02-07T19:39:28.403+0000] {dagbag.py:541} INFO - Filling up the DagBag from /opt/airflow/dags/energy-prod-cons-dag/data_energy_dag.py
[2024-02-07T19:39:29.241+0000] {processor.py:836} INFO - DAG(s) dict_keys(['get_energy_data_and_transform']) retrieved from /opt/airflow/dags/energy-prod-cons-dag/data_energy_dag.py
[2024-02-07T19:39:29.284+0000] {logging_mixin.py:149} INFO - [2024-02-07T19:39:29.283+0000] {dag.py:2726} INFO - Sync 1 DAGs
[2024-02-07T19:39:29.336+0000] {logging_mixin.py:149} INFO - [2024-02-07T19:39:29.336+0000] {dag.py:3490} INFO - Setting next_dagrun for get_energy_data_and_transform to None, run_after=None
[2024-02-07T19:39:29.379+0000] {processor.py:179} INFO - Processing /opt/airflow/dags/energy-prod-cons-dag/data_energy_dag.py took 0.995 seconds
[2024-02-07T19:39:59.840+0000] {processor.py:157} INFO - Started process (PID=158) to work on /opt/airflow/dags/energy-prod-cons-dag/data_energy_dag.py
[2024-02-07T19:39:59.846+0000] {processor.py:826} INFO - Processing file /opt/airflow/dags/energy-prod-cons-dag/data_energy_dag.py for tasks to queue
[2024-02-07T19:39:59.851+0000] {logging_mixin.py:149} INFO - [2024-02-07T19:39:59.851+0000] {dagbag.py:541} INFO - Filling up the DagBag from /opt/airflow/dags/energy-prod-cons-dag/data_energy_dag.py
[2024-02-07T19:40:01.081+0000] {processor.py:836} INFO - DAG(s) dict_keys(['get_energy_data_and_transform']) retrieved from /opt/airflow/dags/energy-prod-cons-dag/data_energy_dag.py
[2024-02-07T19:40:01.167+0000] {logging_mixin.py:149} INFO - [2024-02-07T19:40:01.166+0000] {dag.py:2726} INFO - Sync 1 DAGs
[2024-02-07T19:40:01.284+0000] {logging_mixin.py:149} INFO - [2024-02-07T19:40:01.283+0000] {dag.py:3490} INFO - Setting next_dagrun for get_energy_data_and_transform to None, run_after=None
[2024-02-07T19:40:01.365+0000] {processor.py:179} INFO - Processing /opt/airflow/dags/energy-prod-cons-dag/data_energy_dag.py took 1.534 seconds
[2024-02-07T19:40:33.511+0000] {processor.py:157} INFO - Started process (PID=172) to work on /opt/airflow/dags/energy-prod-cons-dag/data_energy_dag.py
[2024-02-07T19:40:33.527+0000] {processor.py:826} INFO - Processing file /opt/airflow/dags/energy-prod-cons-dag/data_energy_dag.py for tasks to queue
[2024-02-07T19:40:33.539+0000] {logging_mixin.py:149} INFO - [2024-02-07T19:40:33.538+0000] {dagbag.py:541} INFO - Filling up the DagBag from /opt/airflow/dags/energy-prod-cons-dag/data_energy_dag.py
[2024-02-07T19:40:34.799+0000] {processor.py:836} INFO - DAG(s) dict_keys(['get_energy_data_and_transform']) retrieved from /opt/airflow/dags/energy-prod-cons-dag/data_energy_dag.py
[2024-02-07T19:40:34.850+0000] {logging_mixin.py:149} INFO - [2024-02-07T19:40:34.850+0000] {dag.py:2726} INFO - Sync 1 DAGs
[2024-02-07T19:40:34.897+0000] {logging_mixin.py:149} INFO - [2024-02-07T19:40:34.897+0000] {dag.py:3490} INFO - Setting next_dagrun for get_energy_data_and_transform to None, run_after=None
[2024-02-07T19:40:34.942+0000] {processor.py:179} INFO - Processing /opt/airflow/dags/energy-prod-cons-dag/data_energy_dag.py took 1.449 seconds
[2024-02-07T19:41:10.334+0000] {processor.py:157} INFO - Started process (PID=186) to work on /opt/airflow/dags/energy-prod-cons-dag/data_energy_dag.py
[2024-02-07T19:41:10.454+0000] {processor.py:826} INFO - Processing file /opt/airflow/dags/energy-prod-cons-dag/data_energy_dag.py for tasks to queue
[2024-02-07T19:41:10.494+0000] {logging_mixin.py:149} INFO - [2024-02-07T19:41:10.494+0000] {dagbag.py:541} INFO - Filling up the DagBag from /opt/airflow/dags/energy-prod-cons-dag/data_energy_dag.py
[2024-02-07T19:41:13.777+0000] {processor.py:836} INFO - DAG(s) dict_keys(['get_energy_data_and_transform']) retrieved from /opt/airflow/dags/energy-prod-cons-dag/data_energy_dag.py
[2024-02-07T19:41:13.984+0000] {logging_mixin.py:149} INFO - [2024-02-07T19:41:13.983+0000] {dag.py:2726} INFO - Sync 1 DAGs
[2024-02-07T19:41:14.182+0000] {logging_mixin.py:149} INFO - [2024-02-07T19:41:14.181+0000] {dag.py:3490} INFO - Setting next_dagrun for get_energy_data_and_transform to None, run_after=None
[2024-02-07T19:41:14.305+0000] {processor.py:179} INFO - Processing /opt/airflow/dags/energy-prod-cons-dag/data_energy_dag.py took 3.986 seconds
[2024-02-07T19:41:44.545+0000] {processor.py:157} INFO - Started process (PID=201) to work on /opt/airflow/dags/energy-prod-cons-dag/data_energy_dag.py
[2024-02-07T19:41:44.554+0000] {processor.py:826} INFO - Processing file /opt/airflow/dags/energy-prod-cons-dag/data_energy_dag.py for tasks to queue
[2024-02-07T19:41:44.559+0000] {logging_mixin.py:149} INFO - [2024-02-07T19:41:44.559+0000] {dagbag.py:541} INFO - Filling up the DagBag from /opt/airflow/dags/energy-prod-cons-dag/data_energy_dag.py
[2024-02-07T19:41:45.530+0000] {processor.py:836} INFO - DAG(s) dict_keys(['get_energy_data_and_transform']) retrieved from /opt/airflow/dags/energy-prod-cons-dag/data_energy_dag.py
[2024-02-07T19:41:45.597+0000] {logging_mixin.py:149} INFO - [2024-02-07T19:41:45.596+0000] {dag.py:2726} INFO - Sync 1 DAGs
[2024-02-07T19:41:45.664+0000] {logging_mixin.py:149} INFO - [2024-02-07T19:41:45.663+0000] {dag.py:3490} INFO - Setting next_dagrun for get_energy_data_and_transform to None, run_after=None
[2024-02-07T19:41:45.718+0000] {processor.py:179} INFO - Processing /opt/airflow/dags/energy-prod-cons-dag/data_energy_dag.py took 1.184 seconds
[2024-02-07T19:42:16.048+0000] {processor.py:157} INFO - Started process (PID=215) to work on /opt/airflow/dags/energy-prod-cons-dag/data_energy_dag.py
[2024-02-07T19:42:16.059+0000] {processor.py:826} INFO - Processing file /opt/airflow/dags/energy-prod-cons-dag/data_energy_dag.py for tasks to queue
[2024-02-07T19:42:16.063+0000] {logging_mixin.py:149} INFO - [2024-02-07T19:42:16.063+0000] {dagbag.py:541} INFO - Filling up the DagBag from /opt/airflow/dags/energy-prod-cons-dag/data_energy_dag.py
[2024-02-07T19:42:16.943+0000] {processor.py:836} INFO - DAG(s) dict_keys(['get_energy_data_and_transform']) retrieved from /opt/airflow/dags/energy-prod-cons-dag/data_energy_dag.py
[2024-02-07T19:42:16.990+0000] {logging_mixin.py:149} INFO - [2024-02-07T19:42:16.990+0000] {dag.py:2726} INFO - Sync 1 DAGs
[2024-02-07T19:42:17.071+0000] {logging_mixin.py:149} INFO - [2024-02-07T19:42:17.068+0000] {dag.py:3490} INFO - Setting next_dagrun for get_energy_data_and_transform to None, run_after=None
[2024-02-07T19:42:17.140+0000] {processor.py:179} INFO - Processing /opt/airflow/dags/energy-prod-cons-dag/data_energy_dag.py took 1.103 seconds
[2024-02-07T19:42:47.554+0000] {processor.py:157} INFO - Started process (PID=230) to work on /opt/airflow/dags/energy-prod-cons-dag/data_energy_dag.py
[2024-02-07T19:42:47.558+0000] {processor.py:826} INFO - Processing file /opt/airflow/dags/energy-prod-cons-dag/data_energy_dag.py for tasks to queue
[2024-02-07T19:42:47.562+0000] {logging_mixin.py:149} INFO - [2024-02-07T19:42:47.561+0000] {dagbag.py:541} INFO - Filling up the DagBag from /opt/airflow/dags/energy-prod-cons-dag/data_energy_dag.py
[2024-02-07T19:42:48.231+0000] {processor.py:836} INFO - DAG(s) dict_keys(['get_energy_data_and_transform']) retrieved from /opt/airflow/dags/energy-prod-cons-dag/data_energy_dag.py
[2024-02-07T19:42:48.278+0000] {logging_mixin.py:149} INFO - [2024-02-07T19:42:48.277+0000] {dag.py:2726} INFO - Sync 1 DAGs
[2024-02-07T19:42:48.325+0000] {logging_mixin.py:149} INFO - [2024-02-07T19:42:48.325+0000] {dag.py:3490} INFO - Setting next_dagrun for get_energy_data_and_transform to None, run_after=None
[2024-02-07T19:42:48.368+0000] {processor.py:179} INFO - Processing /opt/airflow/dags/energy-prod-cons-dag/data_energy_dag.py took 0.822 seconds
[2024-02-07T19:43:19.076+0000] {processor.py:157} INFO - Started process (PID=244) to work on /opt/airflow/dags/energy-prod-cons-dag/data_energy_dag.py
[2024-02-07T19:43:19.081+0000] {processor.py:826} INFO - Processing file /opt/airflow/dags/energy-prod-cons-dag/data_energy_dag.py for tasks to queue
[2024-02-07T19:43:19.085+0000] {logging_mixin.py:149} INFO - [2024-02-07T19:43:19.085+0000] {dagbag.py:541} INFO - Filling up the DagBag from /opt/airflow/dags/energy-prod-cons-dag/data_energy_dag.py
[2024-02-07T19:43:19.788+0000] {processor.py:836} INFO - DAG(s) dict_keys(['get_energy_data_and_transform']) retrieved from /opt/airflow/dags/energy-prod-cons-dag/data_energy_dag.py
[2024-02-07T19:43:19.840+0000] {logging_mixin.py:149} INFO - [2024-02-07T19:43:19.839+0000] {dag.py:2726} INFO - Sync 1 DAGs
[2024-02-07T19:43:19.897+0000] {logging_mixin.py:149} INFO - [2024-02-07T19:43:19.897+0000] {dag.py:3490} INFO - Setting next_dagrun for get_energy_data_and_transform to None, run_after=None
[2024-02-07T19:43:19.944+0000] {processor.py:179} INFO - Processing /opt/airflow/dags/energy-prod-cons-dag/data_energy_dag.py took 0.874 seconds
[2024-02-07T19:43:50.602+0000] {processor.py:157} INFO - Started process (PID=258) to work on /opt/airflow/dags/energy-prod-cons-dag/data_energy_dag.py
[2024-02-07T19:43:50.612+0000] {processor.py:826} INFO - Processing file /opt/airflow/dags/energy-prod-cons-dag/data_energy_dag.py for tasks to queue
[2024-02-07T19:43:50.618+0000] {logging_mixin.py:149} INFO - [2024-02-07T19:43:50.617+0000] {dagbag.py:541} INFO - Filling up the DagBag from /opt/airflow/dags/energy-prod-cons-dag/data_energy_dag.py
[2024-02-07T19:43:52.540+0000] {processor.py:836} INFO - DAG(s) dict_keys(['get_energy_data_and_transform']) retrieved from /opt/airflow/dags/energy-prod-cons-dag/data_energy_dag.py
[2024-02-07T19:43:52.618+0000] {logging_mixin.py:149} INFO - [2024-02-07T19:43:52.618+0000] {dag.py:2726} INFO - Sync 1 DAGs
[2024-02-07T19:43:52.697+0000] {logging_mixin.py:149} INFO - [2024-02-07T19:43:52.696+0000] {dag.py:3490} INFO - Setting next_dagrun for get_energy_data_and_transform to None, run_after=None
[2024-02-07T19:43:52.741+0000] {processor.py:179} INFO - Processing /opt/airflow/dags/energy-prod-cons-dag/data_energy_dag.py took 2.157 seconds
[2024-02-07T19:44:23.658+0000] {processor.py:157} INFO - Started process (PID=272) to work on /opt/airflow/dags/energy-prod-cons-dag/data_energy_dag.py
[2024-02-07T19:44:23.663+0000] {processor.py:826} INFO - Processing file /opt/airflow/dags/energy-prod-cons-dag/data_energy_dag.py for tasks to queue
[2024-02-07T19:44:23.668+0000] {logging_mixin.py:149} INFO - [2024-02-07T19:44:23.667+0000] {dagbag.py:541} INFO - Filling up the DagBag from /opt/airflow/dags/energy-prod-cons-dag/data_energy_dag.py
[2024-02-07T19:44:24.481+0000] {processor.py:836} INFO - DAG(s) dict_keys(['get_energy_data_and_transform']) retrieved from /opt/airflow/dags/energy-prod-cons-dag/data_energy_dag.py
[2024-02-07T19:44:24.555+0000] {logging_mixin.py:149} INFO - [2024-02-07T19:44:24.554+0000] {dag.py:2726} INFO - Sync 1 DAGs
[2024-02-07T19:44:24.657+0000] {logging_mixin.py:149} INFO - [2024-02-07T19:44:24.656+0000] {dag.py:3490} INFO - Setting next_dagrun for get_energy_data_and_transform to None, run_after=None
[2024-02-07T19:44:24.717+0000] {processor.py:179} INFO - Processing /opt/airflow/dags/energy-prod-cons-dag/data_energy_dag.py took 1.067 seconds
[2024-02-07T19:44:55.417+0000] {processor.py:157} INFO - Started process (PID=286) to work on /opt/airflow/dags/energy-prod-cons-dag/data_energy_dag.py
[2024-02-07T19:44:55.421+0000] {processor.py:826} INFO - Processing file /opt/airflow/dags/energy-prod-cons-dag/data_energy_dag.py for tasks to queue
[2024-02-07T19:44:55.425+0000] {logging_mixin.py:149} INFO - [2024-02-07T19:44:55.424+0000] {dagbag.py:541} INFO - Filling up the DagBag from /opt/airflow/dags/energy-prod-cons-dag/data_energy_dag.py
[2024-02-07T19:44:56.428+0000] {processor.py:836} INFO - DAG(s) dict_keys(['get_energy_data_and_transform']) retrieved from /opt/airflow/dags/energy-prod-cons-dag/data_energy_dag.py
[2024-02-07T19:44:56.473+0000] {logging_mixin.py:149} INFO - [2024-02-07T19:44:56.473+0000] {dag.py:2726} INFO - Sync 1 DAGs
[2024-02-07T19:44:56.520+0000] {logging_mixin.py:149} INFO - [2024-02-07T19:44:56.520+0000] {dag.py:3490} INFO - Setting next_dagrun for get_energy_data_and_transform to None, run_after=None
[2024-02-07T19:44:56.562+0000] {processor.py:179} INFO - Processing /opt/airflow/dags/energy-prod-cons-dag/data_energy_dag.py took 1.152 seconds
[2024-02-07T19:45:27.192+0000] {processor.py:157} INFO - Started process (PID=300) to work on /opt/airflow/dags/energy-prod-cons-dag/data_energy_dag.py
[2024-02-07T19:45:27.197+0000] {processor.py:826} INFO - Processing file /opt/airflow/dags/energy-prod-cons-dag/data_energy_dag.py for tasks to queue
[2024-02-07T19:45:27.203+0000] {logging_mixin.py:149} INFO - [2024-02-07T19:45:27.202+0000] {dagbag.py:541} INFO - Filling up the DagBag from /opt/airflow/dags/energy-prod-cons-dag/data_energy_dag.py
[2024-02-07T19:45:28.046+0000] {processor.py:836} INFO - DAG(s) dict_keys(['get_energy_data_and_transform']) retrieved from /opt/airflow/dags/energy-prod-cons-dag/data_energy_dag.py
[2024-02-07T19:45:28.101+0000] {logging_mixin.py:149} INFO - [2024-02-07T19:45:28.101+0000] {dag.py:2726} INFO - Sync 1 DAGs
[2024-02-07T19:45:28.151+0000] {logging_mixin.py:149} INFO - [2024-02-07T19:45:28.151+0000] {dag.py:3490} INFO - Setting next_dagrun for get_energy_data_and_transform to None, run_after=None
[2024-02-07T19:45:28.199+0000] {processor.py:179} INFO - Processing /opt/airflow/dags/energy-prod-cons-dag/data_energy_dag.py took 1.018 seconds
[2024-02-07T19:45:59.109+0000] {processor.py:157} INFO - Started process (PID=321) to work on /opt/airflow/dags/energy-prod-cons-dag/data_energy_dag.py
[2024-02-07T19:45:59.242+0000] {processor.py:826} INFO - Processing file /opt/airflow/dags/energy-prod-cons-dag/data_energy_dag.py for tasks to queue
[2024-02-07T19:45:59.301+0000] {logging_mixin.py:149} INFO - [2024-02-07T19:45:59.300+0000] {dagbag.py:541} INFO - Filling up the DagBag from /opt/airflow/dags/energy-prod-cons-dag/data_energy_dag.py
[2024-02-07T19:46:01.388+0000] {processor.py:836} INFO - DAG(s) dict_keys(['get_energy_data_and_transform']) retrieved from /opt/airflow/dags/energy-prod-cons-dag/data_energy_dag.py
[2024-02-07T19:46:01.446+0000] {logging_mixin.py:149} INFO - [2024-02-07T19:46:01.445+0000] {dag.py:2726} INFO - Sync 1 DAGs
[2024-02-07T19:46:01.513+0000] {logging_mixin.py:149} INFO - [2024-02-07T19:46:01.512+0000] {dag.py:3490} INFO - Setting next_dagrun for get_energy_data_and_transform to None, run_after=None
[2024-02-07T19:46:01.576+0000] {processor.py:179} INFO - Processing /opt/airflow/dags/energy-prod-cons-dag/data_energy_dag.py took 2.475 seconds
[2024-02-07T19:46:31.816+0000] {processor.py:157} INFO - Started process (PID=336) to work on /opt/airflow/dags/energy-prod-cons-dag/data_energy_dag.py
[2024-02-07T19:46:31.820+0000] {processor.py:826} INFO - Processing file /opt/airflow/dags/energy-prod-cons-dag/data_energy_dag.py for tasks to queue
[2024-02-07T19:46:31.823+0000] {logging_mixin.py:149} INFO - [2024-02-07T19:46:31.823+0000] {dagbag.py:541} INFO - Filling up the DagBag from /opt/airflow/dags/energy-prod-cons-dag/data_energy_dag.py
[2024-02-07T19:46:32.536+0000] {processor.py:836} INFO - DAG(s) dict_keys(['get_energy_data_and_transform']) retrieved from /opt/airflow/dags/energy-prod-cons-dag/data_energy_dag.py
[2024-02-07T19:46:32.581+0000] {logging_mixin.py:149} INFO - [2024-02-07T19:46:32.581+0000] {dag.py:2726} INFO - Sync 1 DAGs
[2024-02-07T19:46:32.637+0000] {logging_mixin.py:149} INFO - [2024-02-07T19:46:32.636+0000] {dag.py:3490} INFO - Setting next_dagrun for get_energy_data_and_transform to None, run_after=None
[2024-02-07T19:46:32.674+0000] {processor.py:179} INFO - Processing /opt/airflow/dags/energy-prod-cons-dag/data_energy_dag.py took 0.863 seconds
[2024-02-07T19:47:03.435+0000] {processor.py:157} INFO - Started process (PID=350) to work on /opt/airflow/dags/energy-prod-cons-dag/data_energy_dag.py
[2024-02-07T19:47:03.441+0000] {processor.py:826} INFO - Processing file /opt/airflow/dags/energy-prod-cons-dag/data_energy_dag.py for tasks to queue
[2024-02-07T19:47:03.446+0000] {logging_mixin.py:149} INFO - [2024-02-07T19:47:03.445+0000] {dagbag.py:541} INFO - Filling up the DagBag from /opt/airflow/dags/energy-prod-cons-dag/data_energy_dag.py
[2024-02-07T19:47:04.704+0000] {processor.py:836} INFO - DAG(s) dict_keys(['get_energy_data_and_transform']) retrieved from /opt/airflow/dags/energy-prod-cons-dag/data_energy_dag.py
[2024-02-07T19:47:04.805+0000] {logging_mixin.py:149} INFO - [2024-02-07T19:47:04.804+0000] {dag.py:2726} INFO - Sync 1 DAGs
[2024-02-07T19:47:04.883+0000] {logging_mixin.py:149} INFO - [2024-02-07T19:47:04.883+0000] {dag.py:3490} INFO - Setting next_dagrun for get_energy_data_and_transform to None, run_after=None
[2024-02-07T19:47:04.946+0000] {processor.py:179} INFO - Processing /opt/airflow/dags/energy-prod-cons-dag/data_energy_dag.py took 1.519 seconds
[2024-02-07T19:47:35.151+0000] {processor.py:157} INFO - Started process (PID=364) to work on /opt/airflow/dags/energy-prod-cons-dag/data_energy_dag.py
[2024-02-07T19:47:35.169+0000] {processor.py:826} INFO - Processing file /opt/airflow/dags/energy-prod-cons-dag/data_energy_dag.py for tasks to queue
[2024-02-07T19:47:35.175+0000] {logging_mixin.py:149} INFO - [2024-02-07T19:47:35.174+0000] {dagbag.py:541} INFO - Filling up the DagBag from /opt/airflow/dags/energy-prod-cons-dag/data_energy_dag.py
[2024-02-07T19:47:37.096+0000] {processor.py:836} INFO - DAG(s) dict_keys(['get_energy_data_and_transform']) retrieved from /opt/airflow/dags/energy-prod-cons-dag/data_energy_dag.py
[2024-02-07T19:47:37.443+0000] {logging_mixin.py:149} INFO - [2024-02-07T19:47:37.442+0000] {dag.py:2726} INFO - Sync 1 DAGs
[2024-02-07T19:47:37.586+0000] {logging_mixin.py:149} INFO - [2024-02-07T19:47:37.585+0000] {dag.py:3490} INFO - Setting next_dagrun for get_energy_data_and_transform to None, run_after=None
[2024-02-07T19:47:37.646+0000] {processor.py:179} INFO - Processing /opt/airflow/dags/energy-prod-cons-dag/data_energy_dag.py took 2.510 seconds
[2024-02-07T19:48:08.094+0000] {processor.py:157} INFO - Started process (PID=378) to work on /opt/airflow/dags/energy-prod-cons-dag/data_energy_dag.py
[2024-02-07T19:48:08.100+0000] {processor.py:826} INFO - Processing file /opt/airflow/dags/energy-prod-cons-dag/data_energy_dag.py for tasks to queue
[2024-02-07T19:48:08.105+0000] {logging_mixin.py:149} INFO - [2024-02-07T19:48:08.105+0000] {dagbag.py:541} INFO - Filling up the DagBag from /opt/airflow/dags/energy-prod-cons-dag/data_energy_dag.py
[2024-02-07T19:48:08.838+0000] {processor.py:836} INFO - DAG(s) dict_keys(['get_energy_data_and_transform']) retrieved from /opt/airflow/dags/energy-prod-cons-dag/data_energy_dag.py
[2024-02-07T19:48:08.957+0000] {logging_mixin.py:149} INFO - [2024-02-07T19:48:08.956+0000] {dag.py:2726} INFO - Sync 1 DAGs
[2024-02-07T19:48:09.030+0000] {logging_mixin.py:149} INFO - [2024-02-07T19:48:09.029+0000] {dag.py:3490} INFO - Setting next_dagrun for get_energy_data_and_transform to None, run_after=None
[2024-02-07T19:48:09.071+0000] {processor.py:179} INFO - Processing /opt/airflow/dags/energy-prod-cons-dag/data_energy_dag.py took 0.986 seconds
[2024-02-07T19:48:40.324+0000] {processor.py:157} INFO - Started process (PID=392) to work on /opt/airflow/dags/energy-prod-cons-dag/data_energy_dag.py
[2024-02-07T19:48:40.359+0000] {processor.py:826} INFO - Processing file /opt/airflow/dags/energy-prod-cons-dag/data_energy_dag.py for tasks to queue
[2024-02-07T19:48:40.384+0000] {logging_mixin.py:149} INFO - [2024-02-07T19:48:40.384+0000] {dagbag.py:541} INFO - Filling up the DagBag from /opt/airflow/dags/energy-prod-cons-dag/data_energy_dag.py
[2024-02-07T19:48:44.078+0000] {processor.py:836} INFO - DAG(s) dict_keys(['get_energy_data_and_transform']) retrieved from /opt/airflow/dags/energy-prod-cons-dag/data_energy_dag.py
[2024-02-07T19:48:44.442+0000] {logging_mixin.py:149} INFO - [2024-02-07T19:48:44.440+0000] {dag.py:2726} INFO - Sync 1 DAGs
[2024-02-07T19:48:44.728+0000] {logging_mixin.py:149} INFO - [2024-02-07T19:48:44.728+0000] {dag.py:3490} INFO - Setting next_dagrun for get_energy_data_and_transform to None, run_after=None
[2024-02-07T19:48:44.900+0000] {processor.py:179} INFO - Processing /opt/airflow/dags/energy-prod-cons-dag/data_energy_dag.py took 4.604 seconds
[2024-02-07T19:49:15.595+0000] {processor.py:157} INFO - Started process (PID=406) to work on /opt/airflow/dags/energy-prod-cons-dag/data_energy_dag.py
[2024-02-07T19:49:15.601+0000] {processor.py:826} INFO - Processing file /opt/airflow/dags/energy-prod-cons-dag/data_energy_dag.py for tasks to queue
[2024-02-07T19:49:15.606+0000] {logging_mixin.py:149} INFO - [2024-02-07T19:49:15.606+0000] {dagbag.py:541} INFO - Filling up the DagBag from /opt/airflow/dags/energy-prod-cons-dag/data_energy_dag.py
[2024-02-07T19:49:16.716+0000] {processor.py:836} INFO - DAG(s) dict_keys(['get_energy_data_and_transform']) retrieved from /opt/airflow/dags/energy-prod-cons-dag/data_energy_dag.py
[2024-02-07T19:49:16.793+0000] {logging_mixin.py:149} INFO - [2024-02-07T19:49:16.790+0000] {dag.py:2726} INFO - Sync 1 DAGs
[2024-02-07T19:49:16.894+0000] {logging_mixin.py:149} INFO - [2024-02-07T19:49:16.894+0000] {dag.py:3490} INFO - Setting next_dagrun for get_energy_data_and_transform to None, run_after=None
[2024-02-07T19:49:17.038+0000] {processor.py:179} INFO - Processing /opt/airflow/dags/energy-prod-cons-dag/data_energy_dag.py took 1.453 seconds
[2024-02-07T19:49:47.240+0000] {processor.py:157} INFO - Started process (PID=420) to work on /opt/airflow/dags/energy-prod-cons-dag/data_energy_dag.py
[2024-02-07T19:49:47.245+0000] {processor.py:826} INFO - Processing file /opt/airflow/dags/energy-prod-cons-dag/data_energy_dag.py for tasks to queue
[2024-02-07T19:49:47.249+0000] {logging_mixin.py:149} INFO - [2024-02-07T19:49:47.249+0000] {dagbag.py:541} INFO - Filling up the DagBag from /opt/airflow/dags/energy-prod-cons-dag/data_energy_dag.py
[2024-02-07T19:49:48.153+0000] {processor.py:836} INFO - DAG(s) dict_keys(['get_energy_data_and_transform']) retrieved from /opt/airflow/dags/energy-prod-cons-dag/data_energy_dag.py
[2024-02-07T19:49:48.201+0000] {logging_mixin.py:149} INFO - [2024-02-07T19:49:48.201+0000] {dag.py:2726} INFO - Sync 1 DAGs
[2024-02-07T19:49:48.254+0000] {logging_mixin.py:149} INFO - [2024-02-07T19:49:48.254+0000] {dag.py:3490} INFO - Setting next_dagrun for get_energy_data_and_transform to None, run_after=None
[2024-02-07T19:49:48.294+0000] {processor.py:179} INFO - Processing /opt/airflow/dags/energy-prod-cons-dag/data_energy_dag.py took 1.063 seconds
[2024-02-07T19:50:18.773+0000] {processor.py:157} INFO - Started process (PID=434) to work on /opt/airflow/dags/energy-prod-cons-dag/data_energy_dag.py
[2024-02-07T19:50:18.777+0000] {processor.py:826} INFO - Processing file /opt/airflow/dags/energy-prod-cons-dag/data_energy_dag.py for tasks to queue
[2024-02-07T19:50:18.781+0000] {logging_mixin.py:149} INFO - [2024-02-07T19:50:18.780+0000] {dagbag.py:541} INFO - Filling up the DagBag from /opt/airflow/dags/energy-prod-cons-dag/data_energy_dag.py
[2024-02-07T19:50:19.487+0000] {processor.py:836} INFO - DAG(s) dict_keys(['get_energy_data_and_transform']) retrieved from /opt/airflow/dags/energy-prod-cons-dag/data_energy_dag.py
[2024-02-07T19:50:19.534+0000] {logging_mixin.py:149} INFO - [2024-02-07T19:50:19.533+0000] {dag.py:2726} INFO - Sync 1 DAGs
[2024-02-07T19:50:19.585+0000] {logging_mixin.py:149} INFO - [2024-02-07T19:50:19.585+0000] {dag.py:3490} INFO - Setting next_dagrun for get_energy_data_and_transform to None, run_after=None
[2024-02-07T19:50:19.625+0000] {processor.py:179} INFO - Processing /opt/airflow/dags/energy-prod-cons-dag/data_energy_dag.py took 0.857 seconds
[2024-02-07T19:50:50.276+0000] {processor.py:157} INFO - Started process (PID=447) to work on /opt/airflow/dags/energy-prod-cons-dag/data_energy_dag.py
[2024-02-07T19:50:50.280+0000] {processor.py:826} INFO - Processing file /opt/airflow/dags/energy-prod-cons-dag/data_energy_dag.py for tasks to queue
[2024-02-07T19:50:50.285+0000] {logging_mixin.py:149} INFO - [2024-02-07T19:50:50.285+0000] {dagbag.py:541} INFO - Filling up the DagBag from /opt/airflow/dags/energy-prod-cons-dag/data_energy_dag.py
[2024-02-07T19:50:51.050+0000] {processor.py:836} INFO - DAG(s) dict_keys(['get_energy_data_and_transform']) retrieved from /opt/airflow/dags/energy-prod-cons-dag/data_energy_dag.py
[2024-02-07T19:50:51.129+0000] {logging_mixin.py:149} INFO - [2024-02-07T19:50:51.128+0000] {dag.py:2726} INFO - Sync 1 DAGs
[2024-02-07T19:50:51.209+0000] {logging_mixin.py:149} INFO - [2024-02-07T19:50:51.208+0000] {dag.py:3490} INFO - Setting next_dagrun for get_energy_data_and_transform to None, run_after=None
[2024-02-07T19:50:51.316+0000] {processor.py:179} INFO - Processing /opt/airflow/dags/energy-prod-cons-dag/data_energy_dag.py took 1.046 seconds
[2024-02-07T19:51:22.109+0000] {processor.py:157} INFO - Started process (PID=461) to work on /opt/airflow/dags/energy-prod-cons-dag/data_energy_dag.py
[2024-02-07T19:51:22.114+0000] {processor.py:826} INFO - Processing file /opt/airflow/dags/energy-prod-cons-dag/data_energy_dag.py for tasks to queue
[2024-02-07T19:51:22.118+0000] {logging_mixin.py:149} INFO - [2024-02-07T19:51:22.118+0000] {dagbag.py:541} INFO - Filling up the DagBag from /opt/airflow/dags/energy-prod-cons-dag/data_energy_dag.py
[2024-02-07T19:51:23.023+0000] {processor.py:836} INFO - DAG(s) dict_keys(['get_energy_data_and_transform']) retrieved from /opt/airflow/dags/energy-prod-cons-dag/data_energy_dag.py
[2024-02-07T19:51:23.093+0000] {logging_mixin.py:149} INFO - [2024-02-07T19:51:23.093+0000] {dag.py:2726} INFO - Sync 1 DAGs
[2024-02-07T19:51:23.192+0000] {logging_mixin.py:149} INFO - [2024-02-07T19:51:23.191+0000] {dag.py:3490} INFO - Setting next_dagrun for get_energy_data_and_transform to None, run_after=None
[2024-02-07T19:51:23.273+0000] {processor.py:179} INFO - Processing /opt/airflow/dags/energy-prod-cons-dag/data_energy_dag.py took 1.173 seconds
[2024-02-07T19:51:53.505+0000] {processor.py:157} INFO - Started process (PID=475) to work on /opt/airflow/dags/energy-prod-cons-dag/data_energy_dag.py
[2024-02-07T19:51:53.512+0000] {processor.py:826} INFO - Processing file /opt/airflow/dags/energy-prod-cons-dag/data_energy_dag.py for tasks to queue
[2024-02-07T19:51:53.517+0000] {logging_mixin.py:149} INFO - [2024-02-07T19:51:53.517+0000] {dagbag.py:541} INFO - Filling up the DagBag from /opt/airflow/dags/energy-prod-cons-dag/data_energy_dag.py
[2024-02-07T19:51:54.358+0000] {processor.py:836} INFO - DAG(s) dict_keys(['get_energy_data_and_transform']) retrieved from /opt/airflow/dags/energy-prod-cons-dag/data_energy_dag.py
[2024-02-07T19:51:54.418+0000] {logging_mixin.py:149} INFO - [2024-02-07T19:51:54.417+0000] {dag.py:2726} INFO - Sync 1 DAGs
[2024-02-07T19:51:54.473+0000] {logging_mixin.py:149} INFO - [2024-02-07T19:51:54.473+0000] {dag.py:3490} INFO - Setting next_dagrun for get_energy_data_and_transform to None, run_after=None
[2024-02-07T19:51:54.515+0000] {processor.py:179} INFO - Processing /opt/airflow/dags/energy-prod-cons-dag/data_energy_dag.py took 1.019 seconds
[2024-02-07T19:52:25.065+0000] {processor.py:157} INFO - Started process (PID=490) to work on /opt/airflow/dags/energy-prod-cons-dag/data_energy_dag.py
[2024-02-07T19:52:25.072+0000] {processor.py:826} INFO - Processing file /opt/airflow/dags/energy-prod-cons-dag/data_energy_dag.py for tasks to queue
[2024-02-07T19:52:25.077+0000] {logging_mixin.py:149} INFO - [2024-02-07T19:52:25.077+0000] {dagbag.py:541} INFO - Filling up the DagBag from /opt/airflow/dags/energy-prod-cons-dag/data_energy_dag.py
[2024-02-07T19:52:25.901+0000] {processor.py:836} INFO - DAG(s) dict_keys(['get_energy_data_and_transform']) retrieved from /opt/airflow/dags/energy-prod-cons-dag/data_energy_dag.py
[2024-02-07T19:52:25.987+0000] {logging_mixin.py:149} INFO - [2024-02-07T19:52:25.986+0000] {dag.py:2726} INFO - Sync 1 DAGs
[2024-02-07T19:52:26.099+0000] {logging_mixin.py:149} INFO - [2024-02-07T19:52:26.098+0000] {dag.py:3490} INFO - Setting next_dagrun for get_energy_data_and_transform to None, run_after=None
[2024-02-07T19:52:26.147+0000] {processor.py:179} INFO - Processing /opt/airflow/dags/energy-prod-cons-dag/data_energy_dag.py took 1.087 seconds
[2024-02-07T19:52:56.782+0000] {processor.py:157} INFO - Started process (PID=504) to work on /opt/airflow/dags/energy-prod-cons-dag/data_energy_dag.py
[2024-02-07T19:52:56.787+0000] {processor.py:826} INFO - Processing file /opt/airflow/dags/energy-prod-cons-dag/data_energy_dag.py for tasks to queue
[2024-02-07T19:52:56.797+0000] {logging_mixin.py:149} INFO - [2024-02-07T19:52:56.796+0000] {dagbag.py:541} INFO - Filling up the DagBag from /opt/airflow/dags/energy-prod-cons-dag/data_energy_dag.py
[2024-02-07T19:52:58.503+0000] {processor.py:836} INFO - DAG(s) dict_keys(['get_energy_data_and_transform']) retrieved from /opt/airflow/dags/energy-prod-cons-dag/data_energy_dag.py
[2024-02-07T19:52:58.893+0000] {logging_mixin.py:149} INFO - [2024-02-07T19:52:58.892+0000] {dag.py:2726} INFO - Sync 1 DAGs
[2024-02-07T19:52:59.380+0000] {logging_mixin.py:149} INFO - [2024-02-07T19:52:59.379+0000] {dag.py:3490} INFO - Setting next_dagrun for get_energy_data_and_transform to None, run_after=None
[2024-02-07T19:52:59.876+0000] {processor.py:179} INFO - Processing /opt/airflow/dags/energy-prod-cons-dag/data_energy_dag.py took 3.104 seconds
[2024-02-07T19:53:30.857+0000] {processor.py:157} INFO - Started process (PID=518) to work on /opt/airflow/dags/energy-prod-cons-dag/data_energy_dag.py
[2024-02-07T19:53:30.984+0000] {processor.py:826} INFO - Processing file /opt/airflow/dags/energy-prod-cons-dag/data_energy_dag.py for tasks to queue
[2024-02-07T19:53:31.152+0000] {logging_mixin.py:149} INFO - [2024-02-07T19:53:31.151+0000] {dagbag.py:541} INFO - Filling up the DagBag from /opt/airflow/dags/energy-prod-cons-dag/data_energy_dag.py
[2024-02-07T19:53:38.461+0000] {processor.py:836} INFO - DAG(s) dict_keys(['get_energy_data_and_transform']) retrieved from /opt/airflow/dags/energy-prod-cons-dag/data_energy_dag.py
[2024-02-07T19:53:38.828+0000] {logging_mixin.py:149} INFO - [2024-02-07T19:53:38.825+0000] {dag.py:2726} INFO - Sync 1 DAGs
[2024-02-07T19:53:39.431+0000] {logging_mixin.py:149} INFO - [2024-02-07T19:53:39.430+0000] {dag.py:3490} INFO - Setting next_dagrun for get_energy_data_and_transform to None, run_after=None
[2024-02-07T19:53:40.009+0000] {processor.py:179} INFO - Processing /opt/airflow/dags/energy-prod-cons-dag/data_energy_dag.py took 9.253 seconds
[2024-02-07T19:54:10.601+0000] {processor.py:157} INFO - Started process (PID=540) to work on /opt/airflow/dags/energy-prod-cons-dag/data_energy_dag.py
[2024-02-07T19:54:10.610+0000] {processor.py:826} INFO - Processing file /opt/airflow/dags/energy-prod-cons-dag/data_energy_dag.py for tasks to queue
[2024-02-07T19:54:10.619+0000] {logging_mixin.py:149} INFO - [2024-02-07T19:54:10.618+0000] {dagbag.py:541} INFO - Filling up the DagBag from /opt/airflow/dags/energy-prod-cons-dag/data_energy_dag.py
[2024-02-07T19:54:11.565+0000] {processor.py:836} INFO - DAG(s) dict_keys(['get_energy_data_and_transform']) retrieved from /opt/airflow/dags/energy-prod-cons-dag/data_energy_dag.py
[2024-02-07T19:54:11.616+0000] {logging_mixin.py:149} INFO - [2024-02-07T19:54:11.616+0000] {dag.py:2726} INFO - Sync 1 DAGs
[2024-02-07T19:54:11.668+0000] {logging_mixin.py:149} INFO - [2024-02-07T19:54:11.668+0000] {dag.py:3490} INFO - Setting next_dagrun for get_energy_data_and_transform to None, run_after=None
[2024-02-07T19:54:11.718+0000] {processor.py:179} INFO - Processing /opt/airflow/dags/energy-prod-cons-dag/data_energy_dag.py took 1.129 seconds
[2024-02-07T19:54:42.768+0000] {processor.py:157} INFO - Started process (PID=554) to work on /opt/airflow/dags/energy-prod-cons-dag/data_energy_dag.py
[2024-02-07T19:54:42.780+0000] {processor.py:826} INFO - Processing file /opt/airflow/dags/energy-prod-cons-dag/data_energy_dag.py for tasks to queue
[2024-02-07T19:54:42.785+0000] {logging_mixin.py:149} INFO - [2024-02-07T19:54:42.784+0000] {dagbag.py:541} INFO - Filling up the DagBag from /opt/airflow/dags/energy-prod-cons-dag/data_energy_dag.py
[2024-02-07T19:54:44.397+0000] {processor.py:836} INFO - DAG(s) dict_keys(['get_energy_data_and_transform']) retrieved from /opt/airflow/dags/energy-prod-cons-dag/data_energy_dag.py
[2024-02-07T19:54:44.504+0000] {logging_mixin.py:149} INFO - [2024-02-07T19:54:44.503+0000] {dag.py:2726} INFO - Sync 1 DAGs
[2024-02-07T19:54:44.626+0000] {logging_mixin.py:149} INFO - [2024-02-07T19:54:44.626+0000] {dag.py:3490} INFO - Setting next_dagrun for get_energy_data_and_transform to None, run_after=None
[2024-02-07T19:54:44.713+0000] {processor.py:179} INFO - Processing /opt/airflow/dags/energy-prod-cons-dag/data_energy_dag.py took 1.961 seconds
[2024-02-07T19:55:15.714+0000] {processor.py:157} INFO - Started process (PID=568) to work on /opt/airflow/dags/energy-prod-cons-dag/data_energy_dag.py
[2024-02-07T19:55:15.757+0000] {processor.py:826} INFO - Processing file /opt/airflow/dags/energy-prod-cons-dag/data_energy_dag.py for tasks to queue
[2024-02-07T19:55:15.798+0000] {logging_mixin.py:149} INFO - [2024-02-07T19:55:15.798+0000] {dagbag.py:541} INFO - Filling up the DagBag from /opt/airflow/dags/energy-prod-cons-dag/data_energy_dag.py
[2024-02-07T19:55:19.093+0000] {processor.py:836} INFO - DAG(s) dict_keys(['get_energy_data_and_transform']) retrieved from /opt/airflow/dags/energy-prod-cons-dag/data_energy_dag.py
[2024-02-07T19:55:19.158+0000] {logging_mixin.py:149} INFO - [2024-02-07T19:55:19.157+0000] {dag.py:2726} INFO - Sync 1 DAGs
[2024-02-07T19:55:19.247+0000] {logging_mixin.py:149} INFO - [2024-02-07T19:55:19.247+0000] {dag.py:3490} INFO - Setting next_dagrun for get_energy_data_and_transform to None, run_after=None
[2024-02-07T19:55:19.302+0000] {processor.py:179} INFO - Processing /opt/airflow/dags/energy-prod-cons-dag/data_energy_dag.py took 3.604 seconds
[2024-02-07T19:55:50.531+0000] {processor.py:157} INFO - Started process (PID=582) to work on /opt/airflow/dags/energy-prod-cons-dag/data_energy_dag.py
[2024-02-07T19:55:50.560+0000] {processor.py:826} INFO - Processing file /opt/airflow/dags/energy-prod-cons-dag/data_energy_dag.py for tasks to queue
[2024-02-07T19:55:50.722+0000] {logging_mixin.py:149} INFO - [2024-02-07T19:55:50.722+0000] {dagbag.py:541} INFO - Filling up the DagBag from /opt/airflow/dags/energy-prod-cons-dag/data_energy_dag.py
[2024-02-07T19:55:55.320+0000] {processor.py:836} INFO - DAG(s) dict_keys(['get_energy_data_and_transform']) retrieved from /opt/airflow/dags/energy-prod-cons-dag/data_energy_dag.py
[2024-02-07T19:55:55.485+0000] {logging_mixin.py:149} INFO - [2024-02-07T19:55:55.484+0000] {dag.py:2726} INFO - Sync 1 DAGs
[2024-02-07T19:55:55.638+0000] {logging_mixin.py:149} INFO - [2024-02-07T19:55:55.638+0000] {dag.py:3490} INFO - Setting next_dagrun for get_energy_data_and_transform to None, run_after=None
[2024-02-07T19:55:55.762+0000] {processor.py:179} INFO - Processing /opt/airflow/dags/energy-prod-cons-dag/data_energy_dag.py took 5.262 seconds
[2024-02-07T19:56:26.141+0000] {processor.py:157} INFO - Started process (PID=596) to work on /opt/airflow/dags/energy-prod-cons-dag/data_energy_dag.py
[2024-02-07T19:56:26.147+0000] {processor.py:826} INFO - Processing file /opt/airflow/dags/energy-prod-cons-dag/data_energy_dag.py for tasks to queue
[2024-02-07T19:56:26.151+0000] {logging_mixin.py:149} INFO - [2024-02-07T19:56:26.150+0000] {dagbag.py:541} INFO - Filling up the DagBag from /opt/airflow/dags/energy-prod-cons-dag/data_energy_dag.py
[2024-02-07T19:56:26.942+0000] {processor.py:836} INFO - DAG(s) dict_keys(['get_energy_data_and_transform']) retrieved from /opt/airflow/dags/energy-prod-cons-dag/data_energy_dag.py
[2024-02-07T19:56:26.992+0000] {logging_mixin.py:149} INFO - [2024-02-07T19:56:26.991+0000] {dag.py:2726} INFO - Sync 1 DAGs
[2024-02-07T19:56:27.042+0000] {logging_mixin.py:149} INFO - [2024-02-07T19:56:27.042+0000] {dag.py:3490} INFO - Setting next_dagrun for get_energy_data_and_transform to None, run_after=None
[2024-02-07T19:56:27.079+0000] {processor.py:179} INFO - Processing /opt/airflow/dags/energy-prod-cons-dag/data_energy_dag.py took 0.944 seconds
[2024-02-07T19:56:57.816+0000] {processor.py:157} INFO - Started process (PID=610) to work on /opt/airflow/dags/energy-prod-cons-dag/data_energy_dag.py
[2024-02-07T19:56:57.821+0000] {processor.py:826} INFO - Processing file /opt/airflow/dags/energy-prod-cons-dag/data_energy_dag.py for tasks to queue
[2024-02-07T19:56:57.826+0000] {logging_mixin.py:149} INFO - [2024-02-07T19:56:57.825+0000] {dagbag.py:541} INFO - Filling up the DagBag from /opt/airflow/dags/energy-prod-cons-dag/data_energy_dag.py
[2024-02-07T19:56:58.754+0000] {processor.py:836} INFO - DAG(s) dict_keys(['get_energy_data_and_transform']) retrieved from /opt/airflow/dags/energy-prod-cons-dag/data_energy_dag.py
[2024-02-07T19:56:59.118+0000] {logging_mixin.py:149} INFO - [2024-02-07T19:56:59.116+0000] {dag.py:2726} INFO - Sync 1 DAGs
[2024-02-07T19:57:02.900+0000] {logging_mixin.py:149} INFO - [2024-02-07T19:57:02.899+0000] {dag.py:3490} INFO - Setting next_dagrun for get_energy_data_and_transform to None, run_after=None
[2024-02-07T19:57:04.180+0000] {processor.py:179} INFO - Processing /opt/airflow/dags/energy-prod-cons-dag/data_energy_dag.py took 6.372 seconds
[2024-02-07T19:57:35.016+0000] {processor.py:157} INFO - Started process (PID=623) to work on /opt/airflow/dags/energy-prod-cons-dag/data_energy_dag.py
[2024-02-07T19:57:35.020+0000] {processor.py:826} INFO - Processing file /opt/airflow/dags/energy-prod-cons-dag/data_energy_dag.py for tasks to queue
[2024-02-07T19:57:35.024+0000] {logging_mixin.py:149} INFO - [2024-02-07T19:57:35.024+0000] {dagbag.py:541} INFO - Filling up the DagBag from /opt/airflow/dags/energy-prod-cons-dag/data_energy_dag.py
[2024-02-07T19:57:35.751+0000] {processor.py:836} INFO - DAG(s) dict_keys(['get_energy_data_and_transform']) retrieved from /opt/airflow/dags/energy-prod-cons-dag/data_energy_dag.py
[2024-02-07T19:57:35.811+0000] {logging_mixin.py:149} INFO - [2024-02-07T19:57:35.811+0000] {dag.py:2726} INFO - Sync 1 DAGs
[2024-02-07T19:57:35.862+0000] {logging_mixin.py:149} INFO - [2024-02-07T19:57:35.862+0000] {dag.py:3490} INFO - Setting next_dagrun for get_energy_data_and_transform to None, run_after=None
[2024-02-07T19:57:35.899+0000] {processor.py:179} INFO - Processing /opt/airflow/dags/energy-prod-cons-dag/data_energy_dag.py took 0.889 seconds
[2024-02-07T19:58:06.104+0000] {processor.py:157} INFO - Started process (PID=638) to work on /opt/airflow/dags/energy-prod-cons-dag/data_energy_dag.py
[2024-02-07T19:58:06.108+0000] {processor.py:826} INFO - Processing file /opt/airflow/dags/energy-prod-cons-dag/data_energy_dag.py for tasks to queue
[2024-02-07T19:58:06.112+0000] {logging_mixin.py:149} INFO - [2024-02-07T19:58:06.112+0000] {dagbag.py:541} INFO - Filling up the DagBag from /opt/airflow/dags/energy-prod-cons-dag/data_energy_dag.py
[2024-02-07T19:58:06.872+0000] {processor.py:836} INFO - DAG(s) dict_keys(['get_energy_data_and_transform']) retrieved from /opt/airflow/dags/energy-prod-cons-dag/data_energy_dag.py
[2024-02-07T19:58:06.922+0000] {logging_mixin.py:149} INFO - [2024-02-07T19:58:06.921+0000] {dag.py:2726} INFO - Sync 1 DAGs
[2024-02-07T19:58:06.976+0000] {logging_mixin.py:149} INFO - [2024-02-07T19:58:06.976+0000] {dag.py:3490} INFO - Setting next_dagrun for get_energy_data_and_transform to None, run_after=None
[2024-02-07T19:58:07.016+0000] {processor.py:179} INFO - Processing /opt/airflow/dags/energy-prod-cons-dag/data_energy_dag.py took 0.918 seconds
[2024-02-07T19:58:37.528+0000] {processor.py:157} INFO - Started process (PID=652) to work on /opt/airflow/dags/energy-prod-cons-dag/data_energy_dag.py
[2024-02-07T19:58:37.532+0000] {processor.py:826} INFO - Processing file /opt/airflow/dags/energy-prod-cons-dag/data_energy_dag.py for tasks to queue
[2024-02-07T19:58:37.536+0000] {logging_mixin.py:149} INFO - [2024-02-07T19:58:37.536+0000] {dagbag.py:541} INFO - Filling up the DagBag from /opt/airflow/dags/energy-prod-cons-dag/data_energy_dag.py
[2024-02-07T19:58:38.598+0000] {processor.py:836} INFO - DAG(s) dict_keys(['get_energy_data_and_transform']) retrieved from /opt/airflow/dags/energy-prod-cons-dag/data_energy_dag.py
[2024-02-07T19:58:38.659+0000] {logging_mixin.py:149} INFO - [2024-02-07T19:58:38.658+0000] {dag.py:2726} INFO - Sync 1 DAGs
[2024-02-07T19:58:38.730+0000] {logging_mixin.py:149} INFO - [2024-02-07T19:58:38.730+0000] {dag.py:3490} INFO - Setting next_dagrun for get_energy_data_and_transform to None, run_after=None
[2024-02-07T19:58:38.772+0000] {processor.py:179} INFO - Processing /opt/airflow/dags/energy-prod-cons-dag/data_energy_dag.py took 1.252 seconds
[2024-02-07T19:59:09.365+0000] {processor.py:157} INFO - Started process (PID=666) to work on /opt/airflow/dags/energy-prod-cons-dag/data_energy_dag.py
[2024-02-07T19:59:09.380+0000] {processor.py:826} INFO - Processing file /opt/airflow/dags/energy-prod-cons-dag/data_energy_dag.py for tasks to queue
[2024-02-07T19:59:09.388+0000] {logging_mixin.py:149} INFO - [2024-02-07T19:59:09.388+0000] {dagbag.py:541} INFO - Filling up the DagBag from /opt/airflow/dags/energy-prod-cons-dag/data_energy_dag.py
[2024-02-07T19:59:10.608+0000] {processor.py:836} INFO - DAG(s) dict_keys(['get_energy_data_and_transform']) retrieved from /opt/airflow/dags/energy-prod-cons-dag/data_energy_dag.py
[2024-02-07T19:59:10.683+0000] {logging_mixin.py:149} INFO - [2024-02-07T19:59:10.682+0000] {dag.py:2726} INFO - Sync 1 DAGs
[2024-02-07T19:59:10.739+0000] {logging_mixin.py:149} INFO - [2024-02-07T19:59:10.738+0000] {dag.py:3490} INFO - Setting next_dagrun for get_energy_data_and_transform to None, run_after=None
[2024-02-07T19:59:10.800+0000] {processor.py:179} INFO - Processing /opt/airflow/dags/energy-prod-cons-dag/data_energy_dag.py took 1.451 seconds
[2024-02-07T19:59:41.813+0000] {processor.py:157} INFO - Started process (PID=689) to work on /opt/airflow/dags/energy-prod-cons-dag/data_energy_dag.py
[2024-02-07T19:59:41.819+0000] {processor.py:826} INFO - Processing file /opt/airflow/dags/energy-prod-cons-dag/data_energy_dag.py for tasks to queue
[2024-02-07T19:59:41.824+0000] {logging_mixin.py:149} INFO - [2024-02-07T19:59:41.824+0000] {dagbag.py:541} INFO - Filling up the DagBag from /opt/airflow/dags/energy-prod-cons-dag/data_energy_dag.py
[2024-02-07T19:59:42.806+0000] {processor.py:836} INFO - DAG(s) dict_keys(['get_energy_data_and_transform']) retrieved from /opt/airflow/dags/energy-prod-cons-dag/data_energy_dag.py
[2024-02-07T19:59:42.889+0000] {logging_mixin.py:149} INFO - [2024-02-07T19:59:42.888+0000] {dag.py:2726} INFO - Sync 1 DAGs
[2024-02-07T19:59:43.003+0000] {logging_mixin.py:149} INFO - [2024-02-07T19:59:43.003+0000] {dag.py:3490} INFO - Setting next_dagrun for get_energy_data_and_transform to None, run_after=None
[2024-02-07T19:59:43.086+0000] {processor.py:179} INFO - Processing /opt/airflow/dags/energy-prod-cons-dag/data_energy_dag.py took 1.287 seconds
[2024-02-07T20:00:13.672+0000] {processor.py:157} INFO - Started process (PID=704) to work on /opt/airflow/dags/energy-prod-cons-dag/data_energy_dag.py
[2024-02-07T20:00:13.676+0000] {processor.py:826} INFO - Processing file /opt/airflow/dags/energy-prod-cons-dag/data_energy_dag.py for tasks to queue
[2024-02-07T20:00:13.680+0000] {logging_mixin.py:149} INFO - [2024-02-07T20:00:13.680+0000] {dagbag.py:541} INFO - Filling up the DagBag from /opt/airflow/dags/energy-prod-cons-dag/data_energy_dag.py
[2024-02-07T20:00:14.569+0000] {processor.py:836} INFO - DAG(s) dict_keys(['get_energy_data_and_transform']) retrieved from /opt/airflow/dags/energy-prod-cons-dag/data_energy_dag.py
[2024-02-07T20:00:14.621+0000] {logging_mixin.py:149} INFO - [2024-02-07T20:00:14.620+0000] {dag.py:2726} INFO - Sync 1 DAGs
[2024-02-07T20:00:14.677+0000] {logging_mixin.py:149} INFO - [2024-02-07T20:00:14.677+0000] {dag.py:3490} INFO - Setting next_dagrun for get_energy_data_and_transform to None, run_after=None
[2024-02-07T20:00:14.724+0000] {processor.py:179} INFO - Processing /opt/airflow/dags/energy-prod-cons-dag/data_energy_dag.py took 1.062 seconds
[2024-02-07T20:00:45.514+0000] {processor.py:157} INFO - Started process (PID=719) to work on /opt/airflow/dags/energy-prod-cons-dag/data_energy_dag.py
[2024-02-07T20:00:45.529+0000] {processor.py:826} INFO - Processing file /opt/airflow/dags/energy-prod-cons-dag/data_energy_dag.py for tasks to queue
[2024-02-07T20:00:45.548+0000] {logging_mixin.py:149} INFO - [2024-02-07T20:00:45.548+0000] {dagbag.py:541} INFO - Filling up the DagBag from /opt/airflow/dags/energy-prod-cons-dag/data_energy_dag.py
[2024-02-07T20:00:47.672+0000] {processor.py:836} INFO - DAG(s) dict_keys(['get_energy_data_and_transform']) retrieved from /opt/airflow/dags/energy-prod-cons-dag/data_energy_dag.py
[2024-02-07T20:00:47.727+0000] {logging_mixin.py:149} INFO - [2024-02-07T20:00:47.726+0000] {dag.py:2726} INFO - Sync 1 DAGs
[2024-02-07T20:00:47.798+0000] {logging_mixin.py:149} INFO - [2024-02-07T20:00:47.798+0000] {dag.py:3490} INFO - Setting next_dagrun for get_energy_data_and_transform to None, run_after=None
[2024-02-07T20:00:47.846+0000] {processor.py:179} INFO - Processing /opt/airflow/dags/energy-prod-cons-dag/data_energy_dag.py took 2.367 seconds
[2024-02-07T20:01:19.754+0000] {processor.py:157} INFO - Started process (PID=732) to work on /opt/airflow/dags/energy-prod-cons-dag/data_energy_dag.py
[2024-02-07T20:01:19.789+0000] {processor.py:826} INFO - Processing file /opt/airflow/dags/energy-prod-cons-dag/data_energy_dag.py for tasks to queue
[2024-02-07T20:01:19.793+0000] {logging_mixin.py:149} INFO - [2024-02-07T20:01:19.792+0000] {dagbag.py:541} INFO - Filling up the DagBag from /opt/airflow/dags/energy-prod-cons-dag/data_energy_dag.py
[2024-02-07T20:01:23.703+0000] {processor.py:836} INFO - DAG(s) dict_keys(['get_energy_data_and_transform']) retrieved from /opt/airflow/dags/energy-prod-cons-dag/data_energy_dag.py
[2024-02-07T20:01:23.935+0000] {logging_mixin.py:149} INFO - [2024-02-07T20:01:23.934+0000] {dag.py:2726} INFO - Sync 1 DAGs
[2024-02-07T20:01:24.304+0000] {logging_mixin.py:149} INFO - [2024-02-07T20:01:24.303+0000] {dag.py:3490} INFO - Setting next_dagrun for get_energy_data_and_transform to None, run_after=None
[2024-02-07T20:01:24.412+0000] {processor.py:179} INFO - Processing /opt/airflow/dags/energy-prod-cons-dag/data_energy_dag.py took 4.789 seconds
[2024-02-07T20:01:55.394+0000] {processor.py:157} INFO - Started process (PID=745) to work on /opt/airflow/dags/energy-prod-cons-dag/data_energy_dag.py
[2024-02-07T20:01:55.397+0000] {processor.py:826} INFO - Processing file /opt/airflow/dags/energy-prod-cons-dag/data_energy_dag.py for tasks to queue
[2024-02-07T20:01:55.401+0000] {logging_mixin.py:149} INFO - [2024-02-07T20:01:55.401+0000] {dagbag.py:541} INFO - Filling up the DagBag from /opt/airflow/dags/energy-prod-cons-dag/data_energy_dag.py
[2024-02-07T20:01:56.185+0000] {processor.py:836} INFO - DAG(s) dict_keys(['get_energy_data_and_transform']) retrieved from /opt/airflow/dags/energy-prod-cons-dag/data_energy_dag.py
[2024-02-07T20:01:56.238+0000] {logging_mixin.py:149} INFO - [2024-02-07T20:01:56.237+0000] {dag.py:2726} INFO - Sync 1 DAGs
[2024-02-07T20:01:56.337+0000] {logging_mixin.py:149} INFO - [2024-02-07T20:01:56.337+0000] {dag.py:3490} INFO - Setting next_dagrun for get_energy_data_and_transform to None, run_after=None
[2024-02-07T20:01:56.452+0000] {processor.py:179} INFO - Processing /opt/airflow/dags/energy-prod-cons-dag/data_energy_dag.py took 1.065 seconds
[2024-02-07T20:02:27.530+0000] {processor.py:157} INFO - Started process (PID=759) to work on /opt/airflow/dags/energy-prod-cons-dag/data_energy_dag.py
[2024-02-07T20:02:27.554+0000] {processor.py:826} INFO - Processing file /opt/airflow/dags/energy-prod-cons-dag/data_energy_dag.py for tasks to queue
[2024-02-07T20:02:27.592+0000] {logging_mixin.py:149} INFO - [2024-02-07T20:02:27.592+0000] {dagbag.py:541} INFO - Filling up the DagBag from /opt/airflow/dags/energy-prod-cons-dag/data_energy_dag.py
[2024-02-07T20:02:30.416+0000] {processor.py:836} INFO - DAG(s) dict_keys(['get_energy_data_and_transform']) retrieved from /opt/airflow/dags/energy-prod-cons-dag/data_energy_dag.py
[2024-02-07T20:02:30.807+0000] {logging_mixin.py:149} INFO - [2024-02-07T20:02:30.806+0000] {dag.py:2726} INFO - Sync 1 DAGs
[2024-02-07T20:02:30.942+0000] {logging_mixin.py:149} INFO - [2024-02-07T20:02:30.942+0000] {dag.py:3490} INFO - Setting next_dagrun for get_energy_data_and_transform to None, run_after=None
[2024-02-07T20:02:31.078+0000] {processor.py:179} INFO - Processing /opt/airflow/dags/energy-prod-cons-dag/data_energy_dag.py took 3.557 seconds
[2024-02-07T20:03:01.733+0000] {processor.py:157} INFO - Started process (PID=773) to work on /opt/airflow/dags/energy-prod-cons-dag/data_energy_dag.py
[2024-02-07T20:03:01.738+0000] {processor.py:826} INFO - Processing file /opt/airflow/dags/energy-prod-cons-dag/data_energy_dag.py for tasks to queue
[2024-02-07T20:03:01.742+0000] {logging_mixin.py:149} INFO - [2024-02-07T20:03:01.742+0000] {dagbag.py:541} INFO - Filling up the DagBag from /opt/airflow/dags/energy-prod-cons-dag/data_energy_dag.py
[2024-02-07T20:03:02.568+0000] {processor.py:836} INFO - DAG(s) dict_keys(['get_energy_data_and_transform']) retrieved from /opt/airflow/dags/energy-prod-cons-dag/data_energy_dag.py
[2024-02-07T20:03:02.631+0000] {logging_mixin.py:149} INFO - [2024-02-07T20:03:02.630+0000] {dag.py:2726} INFO - Sync 1 DAGs
[2024-02-07T20:03:02.689+0000] {logging_mixin.py:149} INFO - [2024-02-07T20:03:02.688+0000] {dag.py:3490} INFO - Setting next_dagrun for get_energy_data_and_transform to None, run_after=None
[2024-02-07T20:03:02.733+0000] {processor.py:179} INFO - Processing /opt/airflow/dags/energy-prod-cons-dag/data_energy_dag.py took 1.008 seconds
[2024-02-07T20:03:33.421+0000] {processor.py:157} INFO - Started process (PID=787) to work on /opt/airflow/dags/energy-prod-cons-dag/data_energy_dag.py
[2024-02-07T20:03:33.432+0000] {processor.py:826} INFO - Processing file /opt/airflow/dags/energy-prod-cons-dag/data_energy_dag.py for tasks to queue
[2024-02-07T20:03:33.451+0000] {logging_mixin.py:149} INFO - [2024-02-07T20:03:33.450+0000] {dagbag.py:541} INFO - Filling up the DagBag from /opt/airflow/dags/energy-prod-cons-dag/data_energy_dag.py
[2024-02-07T20:03:34.925+0000] {processor.py:836} INFO - DAG(s) dict_keys(['get_energy_data_and_transform']) retrieved from /opt/airflow/dags/energy-prod-cons-dag/data_energy_dag.py
[2024-02-07T20:03:34.992+0000] {logging_mixin.py:149} INFO - [2024-02-07T20:03:34.991+0000] {dag.py:2726} INFO - Sync 1 DAGs
[2024-02-07T20:03:35.059+0000] {logging_mixin.py:149} INFO - [2024-02-07T20:03:35.058+0000] {dag.py:3490} INFO - Setting next_dagrun for get_energy_data_and_transform to None, run_after=None
[2024-02-07T20:03:35.112+0000] {processor.py:179} INFO - Processing /opt/airflow/dags/energy-prod-cons-dag/data_energy_dag.py took 1.702 seconds
[2024-02-07T20:04:06.152+0000] {processor.py:157} INFO - Started process (PID=801) to work on /opt/airflow/dags/energy-prod-cons-dag/data_energy_dag.py
[2024-02-07T20:04:06.164+0000] {processor.py:826} INFO - Processing file /opt/airflow/dags/energy-prod-cons-dag/data_energy_dag.py for tasks to queue
[2024-02-07T20:04:06.168+0000] {logging_mixin.py:149} INFO - [2024-02-07T20:04:06.168+0000] {dagbag.py:541} INFO - Filling up the DagBag from /opt/airflow/dags/energy-prod-cons-dag/data_energy_dag.py
[2024-02-07T20:04:07.907+0000] {processor.py:836} INFO - DAG(s) dict_keys(['get_energy_data_and_transform']) retrieved from /opt/airflow/dags/energy-prod-cons-dag/data_energy_dag.py
[2024-02-07T20:04:07.973+0000] {logging_mixin.py:149} INFO - [2024-02-07T20:04:07.972+0000] {dag.py:2726} INFO - Sync 1 DAGs
[2024-02-07T20:04:08.032+0000] {logging_mixin.py:149} INFO - [2024-02-07T20:04:08.032+0000] {dag.py:3490} INFO - Setting next_dagrun for get_energy_data_and_transform to None, run_after=None
[2024-02-07T20:04:08.086+0000] {processor.py:179} INFO - Processing /opt/airflow/dags/energy-prod-cons-dag/data_energy_dag.py took 1.944 seconds
[2024-02-07T20:04:38.759+0000] {processor.py:157} INFO - Started process (PID=815) to work on /opt/airflow/dags/energy-prod-cons-dag/data_energy_dag.py
[2024-02-07T20:04:38.787+0000] {processor.py:826} INFO - Processing file /opt/airflow/dags/energy-prod-cons-dag/data_energy_dag.py for tasks to queue
[2024-02-07T20:04:38.792+0000] {logging_mixin.py:149} INFO - [2024-02-07T20:04:38.792+0000] {dagbag.py:541} INFO - Filling up the DagBag from /opt/airflow/dags/energy-prod-cons-dag/data_energy_dag.py
[2024-02-07T20:04:39.679+0000] {processor.py:836} INFO - DAG(s) dict_keys(['get_energy_data_and_transform']) retrieved from /opt/airflow/dags/energy-prod-cons-dag/data_energy_dag.py
[2024-02-07T20:04:39.729+0000] {logging_mixin.py:149} INFO - [2024-02-07T20:04:39.728+0000] {dag.py:2726} INFO - Sync 1 DAGs
[2024-02-07T20:04:39.779+0000] {logging_mixin.py:149} INFO - [2024-02-07T20:04:39.778+0000] {dag.py:3490} INFO - Setting next_dagrun for get_energy_data_and_transform to None, run_after=None
[2024-02-07T20:04:39.828+0000] {processor.py:179} INFO - Processing /opt/airflow/dags/energy-prod-cons-dag/data_energy_dag.py took 1.086 seconds
[2024-02-07T20:05:10.762+0000] {processor.py:157} INFO - Started process (PID=829) to work on /opt/airflow/dags/energy-prod-cons-dag/data_energy_dag.py
[2024-02-07T20:05:10.768+0000] {processor.py:826} INFO - Processing file /opt/airflow/dags/energy-prod-cons-dag/data_energy_dag.py for tasks to queue
[2024-02-07T20:05:10.776+0000] {logging_mixin.py:149} INFO - [2024-02-07T20:05:10.776+0000] {dagbag.py:541} INFO - Filling up the DagBag from /opt/airflow/dags/energy-prod-cons-dag/data_energy_dag.py
[2024-02-07T20:05:12.236+0000] {processor.py:836} INFO - DAG(s) dict_keys(['get_energy_data_and_transform']) retrieved from /opt/airflow/dags/energy-prod-cons-dag/data_energy_dag.py
[2024-02-07T20:05:12.325+0000] {logging_mixin.py:149} INFO - [2024-02-07T20:05:12.324+0000] {dag.py:2726} INFO - Sync 1 DAGs
[2024-02-07T20:05:12.385+0000] {logging_mixin.py:149} INFO - [2024-02-07T20:05:12.384+0000] {dag.py:3490} INFO - Setting next_dagrun for get_energy_data_and_transform to None, run_after=None
[2024-02-07T20:05:12.431+0000] {processor.py:179} INFO - Processing /opt/airflow/dags/energy-prod-cons-dag/data_energy_dag.py took 1.677 seconds
[2024-02-07T20:05:43.498+0000] {processor.py:157} INFO - Started process (PID=843) to work on /opt/airflow/dags/energy-prod-cons-dag/data_energy_dag.py
[2024-02-07T20:05:43.530+0000] {processor.py:826} INFO - Processing file /opt/airflow/dags/energy-prod-cons-dag/data_energy_dag.py for tasks to queue
[2024-02-07T20:05:43.542+0000] {logging_mixin.py:149} INFO - [2024-02-07T20:05:43.542+0000] {dagbag.py:541} INFO - Filling up the DagBag from /opt/airflow/dags/energy-prod-cons-dag/data_energy_dag.py
[2024-02-07T20:05:44.798+0000] {processor.py:836} INFO - DAG(s) dict_keys(['get_energy_data_and_transform']) retrieved from /opt/airflow/dags/energy-prod-cons-dag/data_energy_dag.py
[2024-02-07T20:05:44.864+0000] {logging_mixin.py:149} INFO - [2024-02-07T20:05:44.863+0000] {dag.py:2726} INFO - Sync 1 DAGs
[2024-02-07T20:05:44.927+0000] {logging_mixin.py:149} INFO - [2024-02-07T20:05:44.927+0000] {dag.py:3490} INFO - Setting next_dagrun for get_energy_data_and_transform to None, run_after=None
[2024-02-07T20:05:44.984+0000] {processor.py:179} INFO - Processing /opt/airflow/dags/energy-prod-cons-dag/data_energy_dag.py took 1.497 seconds
[2024-02-07T20:06:15.639+0000] {processor.py:157} INFO - Started process (PID=857) to work on /opt/airflow/dags/energy-prod-cons-dag/data_energy_dag.py
[2024-02-07T20:06:15.644+0000] {processor.py:826} INFO - Processing file /opt/airflow/dags/energy-prod-cons-dag/data_energy_dag.py for tasks to queue
[2024-02-07T20:06:15.648+0000] {logging_mixin.py:149} INFO - [2024-02-07T20:06:15.648+0000] {dagbag.py:541} INFO - Filling up the DagBag from /opt/airflow/dags/energy-prod-cons-dag/data_energy_dag.py
[2024-02-07T20:06:16.699+0000] {processor.py:836} INFO - DAG(s) dict_keys(['get_energy_data_and_transform']) retrieved from /opt/airflow/dags/energy-prod-cons-dag/data_energy_dag.py
[2024-02-07T20:06:16.778+0000] {logging_mixin.py:149} INFO - [2024-02-07T20:06:16.777+0000] {dag.py:2726} INFO - Sync 1 DAGs
[2024-02-07T20:06:16.837+0000] {logging_mixin.py:149} INFO - [2024-02-07T20:06:16.837+0000] {dag.py:3490} INFO - Setting next_dagrun for get_energy_data_and_transform to None, run_after=None
[2024-02-07T20:06:16.877+0000] {processor.py:179} INFO - Processing /opt/airflow/dags/energy-prod-cons-dag/data_energy_dag.py took 1.246 seconds
[2024-02-07T20:06:47.274+0000] {processor.py:157} INFO - Started process (PID=879) to work on /opt/airflow/dags/energy-prod-cons-dag/data_energy_dag.py
[2024-02-07T20:06:47.278+0000] {processor.py:826} INFO - Processing file /opt/airflow/dags/energy-prod-cons-dag/data_energy_dag.py for tasks to queue
[2024-02-07T20:06:47.284+0000] {logging_mixin.py:149} INFO - [2024-02-07T20:06:47.284+0000] {dagbag.py:541} INFO - Filling up the DagBag from /opt/airflow/dags/energy-prod-cons-dag/data_energy_dag.py
[2024-02-07T20:06:48.298+0000] {processor.py:836} INFO - DAG(s) dict_keys(['get_energy_data_and_transform']) retrieved from /opt/airflow/dags/energy-prod-cons-dag/data_energy_dag.py
[2024-02-07T20:06:48.348+0000] {logging_mixin.py:149} INFO - [2024-02-07T20:06:48.348+0000] {dag.py:2726} INFO - Sync 1 DAGs
[2024-02-07T20:06:48.415+0000] {logging_mixin.py:149} INFO - [2024-02-07T20:06:48.415+0000] {dag.py:3490} INFO - Setting next_dagrun for get_energy_data_and_transform to None, run_after=None
[2024-02-07T20:06:48.470+0000] {processor.py:179} INFO - Processing /opt/airflow/dags/energy-prod-cons-dag/data_energy_dag.py took 1.206 seconds
[2024-02-07T20:07:18.783+0000] {processor.py:157} INFO - Started process (PID=893) to work on /opt/airflow/dags/energy-prod-cons-dag/data_energy_dag.py
[2024-02-07T20:07:18.787+0000] {processor.py:826} INFO - Processing file /opt/airflow/dags/energy-prod-cons-dag/data_energy_dag.py for tasks to queue
[2024-02-07T20:07:18.791+0000] {logging_mixin.py:149} INFO - [2024-02-07T20:07:18.791+0000] {dagbag.py:541} INFO - Filling up the DagBag from /opt/airflow/dags/energy-prod-cons-dag/data_energy_dag.py
[2024-02-07T20:07:19.792+0000] {processor.py:836} INFO - DAG(s) dict_keys(['get_energy_data_and_transform']) retrieved from /opt/airflow/dags/energy-prod-cons-dag/data_energy_dag.py
[2024-02-07T20:07:19.839+0000] {logging_mixin.py:149} INFO - [2024-02-07T20:07:19.838+0000] {dag.py:2726} INFO - Sync 1 DAGs
[2024-02-07T20:07:19.884+0000] {logging_mixin.py:149} INFO - [2024-02-07T20:07:19.884+0000] {dag.py:3490} INFO - Setting next_dagrun for get_energy_data_and_transform to None, run_after=None
[2024-02-07T20:07:19.923+0000] {processor.py:179} INFO - Processing /opt/airflow/dags/energy-prod-cons-dag/data_energy_dag.py took 1.148 seconds
[2024-02-07T20:07:50.399+0000] {processor.py:157} INFO - Started process (PID=907) to work on /opt/airflow/dags/energy-prod-cons-dag/data_energy_dag.py
[2024-02-07T20:07:50.454+0000] {processor.py:826} INFO - Processing file /opt/airflow/dags/energy-prod-cons-dag/data_energy_dag.py for tasks to queue
[2024-02-07T20:07:50.470+0000] {logging_mixin.py:149} INFO - [2024-02-07T20:07:50.469+0000] {dagbag.py:541} INFO - Filling up the DagBag from /opt/airflow/dags/energy-prod-cons-dag/data_energy_dag.py
[2024-02-07T20:07:55.239+0000] {processor.py:836} INFO - DAG(s) dict_keys(['get_energy_data_and_transform']) retrieved from /opt/airflow/dags/energy-prod-cons-dag/data_energy_dag.py
[2024-02-07T20:07:55.532+0000] {logging_mixin.py:149} INFO - [2024-02-07T20:07:55.530+0000] {dag.py:2726} INFO - Sync 1 DAGs
[2024-02-07T20:07:55.964+0000] {logging_mixin.py:149} INFO - [2024-02-07T20:07:55.963+0000] {dag.py:3490} INFO - Setting next_dagrun for get_energy_data_and_transform to None, run_after=None
[2024-02-07T20:07:56.158+0000] {processor.py:179} INFO - Processing /opt/airflow/dags/energy-prod-cons-dag/data_energy_dag.py took 5.796 seconds
[2024-02-07T20:08:27.115+0000] {processor.py:157} INFO - Started process (PID=920) to work on /opt/airflow/dags/energy-prod-cons-dag/data_energy_dag.py
[2024-02-07T20:08:27.120+0000] {processor.py:826} INFO - Processing file /opt/airflow/dags/energy-prod-cons-dag/data_energy_dag.py for tasks to queue
[2024-02-07T20:08:27.130+0000] {logging_mixin.py:149} INFO - [2024-02-07T20:08:27.130+0000] {dagbag.py:541} INFO - Filling up the DagBag from /opt/airflow/dags/energy-prod-cons-dag/data_energy_dag.py
[2024-02-07T20:08:28.096+0000] {processor.py:836} INFO - DAG(s) dict_keys(['get_energy_data_and_transform']) retrieved from /opt/airflow/dags/energy-prod-cons-dag/data_energy_dag.py
[2024-02-07T20:08:28.144+0000] {logging_mixin.py:149} INFO - [2024-02-07T20:08:28.144+0000] {dag.py:2726} INFO - Sync 1 DAGs
[2024-02-07T20:08:28.193+0000] {logging_mixin.py:149} INFO - [2024-02-07T20:08:28.192+0000] {dag.py:3490} INFO - Setting next_dagrun for get_energy_data_and_transform to None, run_after=None
[2024-02-07T20:08:28.238+0000] {processor.py:179} INFO - Processing /opt/airflow/dags/energy-prod-cons-dag/data_energy_dag.py took 1.131 seconds
[2024-02-07T20:08:58.690+0000] {processor.py:157} INFO - Started process (PID=935) to work on /opt/airflow/dags/energy-prod-cons-dag/data_energy_dag.py
[2024-02-07T20:08:58.695+0000] {processor.py:826} INFO - Processing file /opt/airflow/dags/energy-prod-cons-dag/data_energy_dag.py for tasks to queue
[2024-02-07T20:08:58.700+0000] {logging_mixin.py:149} INFO - [2024-02-07T20:08:58.700+0000] {dagbag.py:541} INFO - Filling up the DagBag from /opt/airflow/dags/energy-prod-cons-dag/data_energy_dag.py
[2024-02-07T20:09:00.923+0000] {processor.py:836} INFO - DAG(s) dict_keys(['get_energy_data_and_transform']) retrieved from /opt/airflow/dags/energy-prod-cons-dag/data_energy_dag.py
[2024-02-07T20:09:01.027+0000] {logging_mixin.py:149} INFO - [2024-02-07T20:09:01.025+0000] {dag.py:2726} INFO - Sync 1 DAGs
[2024-02-07T20:09:01.169+0000] {logging_mixin.py:149} INFO - [2024-02-07T20:09:01.169+0000] {dag.py:3490} INFO - Setting next_dagrun for get_energy_data_and_transform to None, run_after=None
[2024-02-07T20:09:01.226+0000] {processor.py:179} INFO - Processing /opt/airflow/dags/energy-prod-cons-dag/data_energy_dag.py took 2.554 seconds
