[2023-06-15T12:45:20.577+0000] {taskinstance.py:1103} INFO - Dependencies all met for dep_context=non-requeueable deps ti=<TaskInstance: get_university_api_send_psql.wait_for_json manual__2023-06-15T12:43:40.000364+00:00 [queued]>
[2023-06-15T12:45:20.625+0000] {taskinstance.py:1103} INFO - Dependencies all met for dep_context=requeueable deps ti=<TaskInstance: get_university_api_send_psql.wait_for_json manual__2023-06-15T12:43:40.000364+00:00 [queued]>
[2023-06-15T12:45:20.630+0000] {taskinstance.py:1308} INFO - Starting attempt 1 of 1
[2023-06-15T12:45:20.672+0000] {taskinstance.py:1327} INFO - Executing <Task(PythonSensor): wait_for_json> on 2023-06-15 12:43:40.000364+00:00
[2023-06-15T12:45:20.683+0000] {standard_task_runner.py:57} INFO - Started process 12772 to run task
[2023-06-15T12:45:20.691+0000] {standard_task_runner.py:84} INFO - Running: ['***', 'tasks', 'run', 'get_university_api_send_psql', 'wait_for_json', 'manual__2023-06-15T12:43:40.000364+00:00', '--job-id', '1779', '--raw', '--subdir', 'DAGS_FOLDER/data-university-from-api-dag/data_university_from_api_dag.py', '--cfg-path', '/tmp/tmpf0fejb83']
[2023-06-15T12:45:20.697+0000] {standard_task_runner.py:85} INFO - Job 1779: Subtask wait_for_json
[2023-06-15T12:45:20.845+0000] {task_command.py:410} INFO - Running <TaskInstance: get_university_api_send_psql.wait_for_json manual__2023-06-15T12:43:40.000364+00:00 [running]> on host cd01a659cc96
[2023-06-15T12:45:21.039+0000] {taskinstance.py:1547} INFO - Exporting env vars: AIRFLOW_CTX_DAG_OWNER='***' AIRFLOW_CTX_DAG_ID='get_university_api_send_psql' AIRFLOW_CTX_TASK_ID='wait_for_json' AIRFLOW_CTX_EXECUTION_DATE='2023-06-15T12:43:40.000364+00:00' AIRFLOW_CTX_TRY_NUMBER='1' AIRFLOW_CTX_DAG_RUN_ID='manual__2023-06-15T12:43:40.000364+00:00'
[2023-06-15T12:45:21.065+0000] {python.py:72} INFO - Poking callable: <function _wait_for_json at 0x7fb93c12b440>
[2023-06-15T12:45:21.110+0000] {taskinstance.py:1784} INFO - Rescheduling task, marking task as UP_FOR_RESCHEDULE
[2023-06-15T12:45:21.148+0000] {local_task_job_runner.py:225} INFO - Task exited with return code 0
[2023-06-15T12:45:21.218+0000] {taskinstance.py:2651} INFO - 0 downstream tasks scheduled from follow-on schedule check
[2023-06-15T12:47:07.308+0000] {taskinstance.py:1103} INFO - Dependencies all met for dep_context=non-requeueable deps ti=<TaskInstance: get_university_api_send_psql.wait_for_json manual__2023-06-15T12:43:40.000364+00:00 [queued]>
[2023-06-15T12:47:07.336+0000] {taskinstance.py:1103} INFO - Dependencies all met for dep_context=requeueable deps ti=<TaskInstance: get_university_api_send_psql.wait_for_json manual__2023-06-15T12:43:40.000364+00:00 [queued]>
[2023-06-15T12:47:07.339+0000] {taskinstance.py:1308} INFO - Starting attempt 1 of 1
[2023-06-15T12:47:07.368+0000] {taskinstance.py:1327} INFO - Executing <Task(PythonSensor): wait_for_json> on 2023-06-15 12:43:40.000364+00:00
[2023-06-15T12:47:07.386+0000] {standard_task_runner.py:57} INFO - Started process 12791 to run task
[2023-06-15T12:47:07.405+0000] {standard_task_runner.py:84} INFO - Running: ['***', 'tasks', 'run', 'get_university_api_send_psql', 'wait_for_json', 'manual__2023-06-15T12:43:40.000364+00:00', '--job-id', '1782', '--raw', '--subdir', 'DAGS_FOLDER/data-university-from-api-dag/data_university_from_api_dag.py', '--cfg-path', '/tmp/tmp9xkfi6r8']
[2023-06-15T12:47:07.414+0000] {standard_task_runner.py:85} INFO - Job 1782: Subtask wait_for_json
[2023-06-15T12:47:07.531+0000] {task_command.py:410} INFO - Running <TaskInstance: get_university_api_send_psql.wait_for_json manual__2023-06-15T12:43:40.000364+00:00 [running]> on host cd01a659cc96
[2023-06-15T12:47:07.711+0000] {taskinstance.py:1547} INFO - Exporting env vars: AIRFLOW_CTX_DAG_OWNER='***' AIRFLOW_CTX_DAG_ID='get_university_api_send_psql' AIRFLOW_CTX_TASK_ID='wait_for_json' AIRFLOW_CTX_EXECUTION_DATE='2023-06-15T12:43:40.000364+00:00' AIRFLOW_CTX_TRY_NUMBER='1' AIRFLOW_CTX_DAG_RUN_ID='manual__2023-06-15T12:43:40.000364+00:00'
[2023-06-15T12:47:07.736+0000] {python.py:72} INFO - Poking callable: <function _wait_for_json at 0x7fb93c12b440>
[2023-06-15T12:47:07.784+0000] {taskinstance.py:1784} INFO - Rescheduling task, marking task as UP_FOR_RESCHEDULE
[2023-06-15T12:47:07.821+0000] {local_task_job_runner.py:225} INFO - Task exited with return code 0
[2023-06-15T12:47:07.890+0000] {taskinstance.py:2651} INFO - 0 downstream tasks scheduled from follow-on schedule check
[2023-06-15T12:48:00.323+0000] {taskinstance.py:1103} INFO - Dependencies all met for dep_context=non-requeueable deps ti=<TaskInstance: get_university_api_send_psql.wait_for_json manual__2023-06-15T12:43:40.000364+00:00 [queued]>
[2023-06-15T12:48:00.440+0000] {taskinstance.py:1103} INFO - Dependencies all met for dep_context=requeueable deps ti=<TaskInstance: get_university_api_send_psql.wait_for_json manual__2023-06-15T12:43:40.000364+00:00 [queued]>
[2023-06-15T12:48:00.455+0000] {taskinstance.py:1308} INFO - Starting attempt 1 of 1
[2023-06-15T12:48:00.617+0000] {taskinstance.py:1327} INFO - Executing <Task(PythonSensor): wait_for_json> on 2023-06-15 12:43:40.000364+00:00
[2023-06-15T12:48:00.672+0000] {standard_task_runner.py:57} INFO - Started process 12808 to run task
[2023-06-15T12:48:00.774+0000] {standard_task_runner.py:84} INFO - Running: ['***', 'tasks', 'run', 'get_university_api_send_psql', 'wait_for_json', 'manual__2023-06-15T12:43:40.000364+00:00', '--job-id', '1786', '--raw', '--subdir', 'DAGS_FOLDER/data-university-from-api-dag/data_university_from_api_dag.py', '--cfg-path', '/tmp/tmp9vcvi_63']
[2023-06-15T12:48:00.802+0000] {standard_task_runner.py:85} INFO - Job 1786: Subtask wait_for_json
[2023-06-15T12:48:02.142+0000] {task_command.py:410} INFO - Running <TaskInstance: get_university_api_send_psql.wait_for_json manual__2023-06-15T12:43:40.000364+00:00 [running]> on host cd01a659cc96
[2023-06-15T12:48:02.731+0000] {taskinstance.py:1547} INFO - Exporting env vars: AIRFLOW_CTX_DAG_OWNER='***' AIRFLOW_CTX_DAG_ID='get_university_api_send_psql' AIRFLOW_CTX_TASK_ID='wait_for_json' AIRFLOW_CTX_EXECUTION_DATE='2023-06-15T12:43:40.000364+00:00' AIRFLOW_CTX_TRY_NUMBER='1' AIRFLOW_CTX_DAG_RUN_ID='manual__2023-06-15T12:43:40.000364+00:00'
[2023-06-15T12:48:02.792+0000] {python.py:72} INFO - Poking callable: <function _wait_for_json at 0x7fb93c17b200>
[2023-06-15T12:48:02.931+0000] {taskinstance.py:1784} INFO - Rescheduling task, marking task as UP_FOR_RESCHEDULE
[2023-06-15T12:48:03.008+0000] {local_task_job_runner.py:225} INFO - Task exited with return code 0
[2023-06-15T12:48:03.200+0000] {taskinstance.py:2651} INFO - 0 downstream tasks scheduled from follow-on schedule check
[2023-06-15T12:48:43.499+0000] {taskinstance.py:1103} INFO - Dependencies all met for dep_context=non-requeueable deps ti=<TaskInstance: get_university_api_send_psql.wait_for_json manual__2023-06-15T12:43:40.000364+00:00 [queued]>
[2023-06-15T12:48:43.533+0000] {taskinstance.py:1103} INFO - Dependencies all met for dep_context=requeueable deps ti=<TaskInstance: get_university_api_send_psql.wait_for_json manual__2023-06-15T12:43:40.000364+00:00 [queued]>
[2023-06-15T12:48:43.535+0000] {taskinstance.py:1308} INFO - Starting attempt 1 of 1
[2023-06-15T12:48:43.596+0000] {taskinstance.py:1327} INFO - Executing <Task(PythonSensor): wait_for_json> on 2023-06-15 12:43:40.000364+00:00
[2023-06-15T12:48:43.612+0000] {standard_task_runner.py:57} INFO - Started process 12826 to run task
[2023-06-15T12:48:43.656+0000] {standard_task_runner.py:84} INFO - Running: ['***', 'tasks', 'run', 'get_university_api_send_psql', 'wait_for_json', 'manual__2023-06-15T12:43:40.000364+00:00', '--job-id', '1789', '--raw', '--subdir', 'DAGS_FOLDER/data-university-from-api-dag/data_university_from_api_dag.py', '--cfg-path', '/tmp/tmp4442ql24']
[2023-06-15T12:48:43.683+0000] {standard_task_runner.py:85} INFO - Job 1789: Subtask wait_for_json
[2023-06-15T12:48:43.922+0000] {task_command.py:410} INFO - Running <TaskInstance: get_university_api_send_psql.wait_for_json manual__2023-06-15T12:43:40.000364+00:00 [running]> on host cd01a659cc96
[2023-06-15T12:48:44.374+0000] {taskinstance.py:1547} INFO - Exporting env vars: AIRFLOW_CTX_DAG_OWNER='***' AIRFLOW_CTX_DAG_ID='get_university_api_send_psql' AIRFLOW_CTX_TASK_ID='wait_for_json' AIRFLOW_CTX_EXECUTION_DATE='2023-06-15T12:43:40.000364+00:00' AIRFLOW_CTX_TRY_NUMBER='1' AIRFLOW_CTX_DAG_RUN_ID='manual__2023-06-15T12:43:40.000364+00:00'
[2023-06-15T12:48:44.433+0000] {python.py:72} INFO - Poking callable: <function _wait_for_json at 0x7fb93c17b200>
[2023-06-15T12:48:44.594+0000] {taskinstance.py:1784} INFO - Rescheduling task, marking task as UP_FOR_RESCHEDULE
[2023-06-15T12:48:44.745+0000] {local_task_job_runner.py:225} INFO - Task exited with return code 0
[2023-06-15T12:48:44.849+0000] {taskinstance.py:2651} INFO - 0 downstream tasks scheduled from follow-on schedule check
[2023-06-15T12:49:16.998+0000] {taskinstance.py:1103} INFO - Dependencies all met for dep_context=non-requeueable deps ti=<TaskInstance: get_university_api_send_psql.wait_for_json manual__2023-06-15T12:43:40.000364+00:00 [queued]>
[2023-06-15T12:49:17.059+0000] {taskinstance.py:1103} INFO - Dependencies all met for dep_context=requeueable deps ti=<TaskInstance: get_university_api_send_psql.wait_for_json manual__2023-06-15T12:43:40.000364+00:00 [queued]>
[2023-06-15T12:49:17.064+0000] {taskinstance.py:1308} INFO - Starting attempt 1 of 1
[2023-06-15T12:49:17.146+0000] {taskinstance.py:1327} INFO - Executing <Task(PythonSensor): wait_for_json> on 2023-06-15 12:43:40.000364+00:00
[2023-06-15T12:49:17.157+0000] {standard_task_runner.py:57} INFO - Started process 12844 to run task
[2023-06-15T12:49:17.193+0000] {standard_task_runner.py:84} INFO - Running: ['***', 'tasks', 'run', 'get_university_api_send_psql', 'wait_for_json', 'manual__2023-06-15T12:43:40.000364+00:00', '--job-id', '1790', '--raw', '--subdir', 'DAGS_FOLDER/data-university-from-api-dag/data_university_from_api_dag.py', '--cfg-path', '/tmp/tmpupk64ej6']
[2023-06-15T12:49:17.199+0000] {standard_task_runner.py:85} INFO - Job 1790: Subtask wait_for_json
[2023-06-15T12:49:17.434+0000] {task_command.py:410} INFO - Running <TaskInstance: get_university_api_send_psql.wait_for_json manual__2023-06-15T12:43:40.000364+00:00 [running]> on host cd01a659cc96
[2023-06-15T12:49:17.900+0000] {taskinstance.py:1547} INFO - Exporting env vars: AIRFLOW_CTX_DAG_OWNER='***' AIRFLOW_CTX_DAG_ID='get_university_api_send_psql' AIRFLOW_CTX_TASK_ID='wait_for_json' AIRFLOW_CTX_EXECUTION_DATE='2023-06-15T12:43:40.000364+00:00' AIRFLOW_CTX_TRY_NUMBER='1' AIRFLOW_CTX_DAG_RUN_ID='manual__2023-06-15T12:43:40.000364+00:00'
[2023-06-15T12:49:17.952+0000] {python.py:72} INFO - Poking callable: <function _wait_for_json at 0x7fb93c17b200>
[2023-06-15T12:49:18.049+0000] {taskinstance.py:1784} INFO - Rescheduling task, marking task as UP_FOR_RESCHEDULE
[2023-06-15T12:49:18.086+0000] {local_task_job_runner.py:225} INFO - Task exited with return code 0
[2023-06-15T12:49:18.236+0000] {taskinstance.py:2651} INFO - 0 downstream tasks scheduled from follow-on schedule check
[2023-06-15T12:50:10.478+0000] {taskinstance.py:1103} INFO - Dependencies all met for dep_context=non-requeueable deps ti=<TaskInstance: get_university_api_send_psql.wait_for_json manual__2023-06-15T12:43:40.000364+00:00 [queued]>
[2023-06-15T12:50:10.600+0000] {taskinstance.py:1103} INFO - Dependencies all met for dep_context=requeueable deps ti=<TaskInstance: get_university_api_send_psql.wait_for_json manual__2023-06-15T12:43:40.000364+00:00 [queued]>
[2023-06-15T12:50:10.605+0000] {taskinstance.py:1308} INFO - Starting attempt 1 of 1
[2023-06-15T12:50:10.963+0000] {taskinstance.py:1327} INFO - Executing <Task(PythonSensor): wait_for_json> on 2023-06-15 12:43:40.000364+00:00
[2023-06-15T12:50:11.034+0000] {standard_task_runner.py:57} INFO - Started process 12870 to run task
[2023-06-15T12:50:11.135+0000] {standard_task_runner.py:84} INFO - Running: ['***', 'tasks', 'run', 'get_university_api_send_psql', 'wait_for_json', 'manual__2023-06-15T12:43:40.000364+00:00', '--job-id', '1794', '--raw', '--subdir', 'DAGS_FOLDER/data-university-from-api-dag/data_university_from_api_dag.py', '--cfg-path', '/tmp/tmpumlw2qk7']
[2023-06-15T12:50:11.169+0000] {standard_task_runner.py:85} INFO - Job 1794: Subtask wait_for_json
[2023-06-15T12:50:11.955+0000] {task_command.py:410} INFO - Running <TaskInstance: get_university_api_send_psql.wait_for_json manual__2023-06-15T12:43:40.000364+00:00 [running]> on host cd01a659cc96
[2023-06-15T12:50:12.446+0000] {taskinstance.py:1547} INFO - Exporting env vars: AIRFLOW_CTX_DAG_OWNER='***' AIRFLOW_CTX_DAG_ID='get_university_api_send_psql' AIRFLOW_CTX_TASK_ID='wait_for_json' AIRFLOW_CTX_EXECUTION_DATE='2023-06-15T12:43:40.000364+00:00' AIRFLOW_CTX_TRY_NUMBER='1' AIRFLOW_CTX_DAG_RUN_ID='manual__2023-06-15T12:43:40.000364+00:00'
[2023-06-15T12:50:12.504+0000] {python.py:72} INFO - Poking callable: <function _wait_for_json at 0x7fb93c18c3b0>
[2023-06-15T12:50:12.701+0000] {taskinstance.py:1784} INFO - Rescheduling task, marking task as UP_FOR_RESCHEDULE
[2023-06-15T12:50:12.923+0000] {local_task_job_runner.py:225} INFO - Task exited with return code 0
[2023-06-15T12:50:13.519+0000] {taskinstance.py:2651} INFO - 0 downstream tasks scheduled from follow-on schedule check
[2023-06-15T12:50:50.380+0000] {taskinstance.py:1103} INFO - Dependencies all met for dep_context=non-requeueable deps ti=<TaskInstance: get_university_api_send_psql.wait_for_json manual__2023-06-15T12:43:40.000364+00:00 [queued]>
[2023-06-15T12:50:50.443+0000] {taskinstance.py:1103} INFO - Dependencies all met for dep_context=requeueable deps ti=<TaskInstance: get_university_api_send_psql.wait_for_json manual__2023-06-15T12:43:40.000364+00:00 [queued]>
[2023-06-15T12:50:50.446+0000] {taskinstance.py:1308} INFO - Starting attempt 1 of 1
[2023-06-15T12:50:50.526+0000] {taskinstance.py:1327} INFO - Executing <Task(PythonSensor): wait_for_json> on 2023-06-15 12:43:40.000364+00:00
[2023-06-15T12:50:50.553+0000] {standard_task_runner.py:57} INFO - Started process 12889 to run task
[2023-06-15T12:50:50.616+0000] {standard_task_runner.py:84} INFO - Running: ['***', 'tasks', 'run', 'get_university_api_send_psql', 'wait_for_json', 'manual__2023-06-15T12:43:40.000364+00:00', '--job-id', '1796', '--raw', '--subdir', 'DAGS_FOLDER/data-university-from-api-dag/data_university_from_api_dag.py', '--cfg-path', '/tmp/tmpnrxmvyp8']
[2023-06-15T12:50:50.634+0000] {standard_task_runner.py:85} INFO - Job 1796: Subtask wait_for_json
[2023-06-15T12:50:51.021+0000] {task_command.py:410} INFO - Running <TaskInstance: get_university_api_send_psql.wait_for_json manual__2023-06-15T12:43:40.000364+00:00 [running]> on host cd01a659cc96
[2023-06-15T12:50:52.039+0000] {taskinstance.py:1547} INFO - Exporting env vars: AIRFLOW_CTX_DAG_OWNER='***' AIRFLOW_CTX_DAG_ID='get_university_api_send_psql' AIRFLOW_CTX_TASK_ID='wait_for_json' AIRFLOW_CTX_EXECUTION_DATE='2023-06-15T12:43:40.000364+00:00' AIRFLOW_CTX_TRY_NUMBER='1' AIRFLOW_CTX_DAG_RUN_ID='manual__2023-06-15T12:43:40.000364+00:00'
[2023-06-15T12:50:52.253+0000] {python.py:72} INFO - Poking callable: <function _wait_for_json at 0x7fb93c12b440>
[2023-06-15T12:50:52.451+0000] {taskinstance.py:1784} INFO - Rescheduling task, marking task as UP_FOR_RESCHEDULE
[2023-06-15T12:50:52.566+0000] {local_task_job_runner.py:225} INFO - Task exited with return code 0
[2023-06-15T12:50:52.879+0000] {taskinstance.py:2651} INFO - 0 downstream tasks scheduled from follow-on schedule check
[2023-06-15T12:51:23.984+0000] {taskinstance.py:1103} INFO - Dependencies all met for dep_context=non-requeueable deps ti=<TaskInstance: get_university_api_send_psql.wait_for_json manual__2023-06-15T12:43:40.000364+00:00 [queued]>
[2023-06-15T12:51:24.012+0000] {taskinstance.py:1103} INFO - Dependencies all met for dep_context=requeueable deps ti=<TaskInstance: get_university_api_send_psql.wait_for_json manual__2023-06-15T12:43:40.000364+00:00 [queued]>
[2023-06-15T12:51:24.015+0000] {taskinstance.py:1308} INFO - Starting attempt 1 of 1
[2023-06-15T12:51:24.050+0000] {taskinstance.py:1327} INFO - Executing <Task(PythonSensor): wait_for_json> on 2023-06-15 12:43:40.000364+00:00
[2023-06-15T12:51:24.068+0000] {standard_task_runner.py:57} INFO - Started process 12905 to run task
[2023-06-15T12:51:24.110+0000] {standard_task_runner.py:84} INFO - Running: ['***', 'tasks', 'run', 'get_university_api_send_psql', 'wait_for_json', 'manual__2023-06-15T12:43:40.000364+00:00', '--job-id', '1799', '--raw', '--subdir', 'DAGS_FOLDER/data-university-from-api-dag/data_university_from_api_dag.py', '--cfg-path', '/tmp/tmp0pldn6_6']
[2023-06-15T12:51:24.125+0000] {standard_task_runner.py:85} INFO - Job 1799: Subtask wait_for_json
[2023-06-15T12:51:24.705+0000] {task_command.py:410} INFO - Running <TaskInstance: get_university_api_send_psql.wait_for_json manual__2023-06-15T12:43:40.000364+00:00 [running]> on host cd01a659cc96
[2023-06-15T12:51:25.467+0000] {taskinstance.py:1547} INFO - Exporting env vars: AIRFLOW_CTX_DAG_OWNER='***' AIRFLOW_CTX_DAG_ID='get_university_api_send_psql' AIRFLOW_CTX_TASK_ID='wait_for_json' AIRFLOW_CTX_EXECUTION_DATE='2023-06-15T12:43:40.000364+00:00' AIRFLOW_CTX_TRY_NUMBER='1' AIRFLOW_CTX_DAG_RUN_ID='manual__2023-06-15T12:43:40.000364+00:00'
[2023-06-15T12:51:25.534+0000] {python.py:72} INFO - Poking callable: <function _wait_for_json at 0x7fb93c12b440>
[2023-06-15T12:51:25.606+0000] {taskinstance.py:1784} INFO - Rescheduling task, marking task as UP_FOR_RESCHEDULE
[2023-06-15T12:51:25.699+0000] {local_task_job_runner.py:225} INFO - Task exited with return code 0
[2023-06-15T12:51:25.971+0000] {taskinstance.py:2651} INFO - 0 downstream tasks scheduled from follow-on schedule check
[2023-06-15T12:51:58.749+0000] {taskinstance.py:1103} INFO - Dependencies all met for dep_context=non-requeueable deps ti=<TaskInstance: get_university_api_send_psql.wait_for_json manual__2023-06-15T12:43:40.000364+00:00 [queued]>
[2023-06-15T12:51:58.792+0000] {taskinstance.py:1103} INFO - Dependencies all met for dep_context=requeueable deps ti=<TaskInstance: get_university_api_send_psql.wait_for_json manual__2023-06-15T12:43:40.000364+00:00 [queued]>
[2023-06-15T12:51:58.794+0000] {taskinstance.py:1308} INFO - Starting attempt 1 of 1
[2023-06-15T12:51:58.854+0000] {taskinstance.py:1327} INFO - Executing <Task(PythonSensor): wait_for_json> on 2023-06-15 12:43:40.000364+00:00
[2023-06-15T12:51:58.872+0000] {standard_task_runner.py:57} INFO - Started process 12924 to run task
[2023-06-15T12:51:58.889+0000] {standard_task_runner.py:84} INFO - Running: ['***', 'tasks', 'run', 'get_university_api_send_psql', 'wait_for_json', 'manual__2023-06-15T12:43:40.000364+00:00', '--job-id', '1802', '--raw', '--subdir', 'DAGS_FOLDER/data-university-from-api-dag/data_university_from_api_dag.py', '--cfg-path', '/tmp/tmp6oz324_f']
[2023-06-15T12:51:58.896+0000] {standard_task_runner.py:85} INFO - Job 1802: Subtask wait_for_json
[2023-06-15T12:51:59.097+0000] {task_command.py:410} INFO - Running <TaskInstance: get_university_api_send_psql.wait_for_json manual__2023-06-15T12:43:40.000364+00:00 [running]> on host cd01a659cc96
[2023-06-15T12:51:59.359+0000] {taskinstance.py:1547} INFO - Exporting env vars: AIRFLOW_CTX_DAG_OWNER='***' AIRFLOW_CTX_DAG_ID='get_university_api_send_psql' AIRFLOW_CTX_TASK_ID='wait_for_json' AIRFLOW_CTX_EXECUTION_DATE='2023-06-15T12:43:40.000364+00:00' AIRFLOW_CTX_TRY_NUMBER='1' AIRFLOW_CTX_DAG_RUN_ID='manual__2023-06-15T12:43:40.000364+00:00'
[2023-06-15T12:51:59.393+0000] {python.py:72} INFO - Poking callable: <function _wait_for_json at 0x7fb93c18c3b0>
[2023-06-15T12:51:59.440+0000] {taskinstance.py:1784} INFO - Rescheduling task, marking task as UP_FOR_RESCHEDULE
[2023-06-15T12:51:59.489+0000] {local_task_job_runner.py:225} INFO - Task exited with return code 0
[2023-06-15T12:51:59.594+0000] {taskinstance.py:2651} INFO - 0 downstream tasks scheduled from follow-on schedule check
[2023-06-15T12:52:32.812+0000] {taskinstance.py:1103} INFO - Dependencies all met for dep_context=non-requeueable deps ti=<TaskInstance: get_university_api_send_psql.wait_for_json manual__2023-06-15T12:43:40.000364+00:00 [queued]>
[2023-06-15T12:52:32.868+0000] {taskinstance.py:1103} INFO - Dependencies all met for dep_context=requeueable deps ti=<TaskInstance: get_university_api_send_psql.wait_for_json manual__2023-06-15T12:43:40.000364+00:00 [queued]>
[2023-06-15T12:52:32.878+0000] {taskinstance.py:1308} INFO - Starting attempt 1 of 1
[2023-06-15T12:52:32.949+0000] {taskinstance.py:1327} INFO - Executing <Task(PythonSensor): wait_for_json> on 2023-06-15 12:43:40.000364+00:00
[2023-06-15T12:52:32.979+0000] {standard_task_runner.py:57} INFO - Started process 12943 to run task
[2023-06-15T12:52:33.000+0000] {standard_task_runner.py:84} INFO - Running: ['***', 'tasks', 'run', 'get_university_api_send_psql', 'wait_for_json', 'manual__2023-06-15T12:43:40.000364+00:00', '--job-id', '1805', '--raw', '--subdir', 'DAGS_FOLDER/data-university-from-api-dag/data_university_from_api_dag.py', '--cfg-path', '/tmp/tmp6k4zkoib']
[2023-06-15T12:52:33.027+0000] {standard_task_runner.py:85} INFO - Job 1805: Subtask wait_for_json
[2023-06-15T12:52:33.653+0000] {task_command.py:410} INFO - Running <TaskInstance: get_university_api_send_psql.wait_for_json manual__2023-06-15T12:43:40.000364+00:00 [running]> on host cd01a659cc96
[2023-06-15T12:52:34.376+0000] {taskinstance.py:1547} INFO - Exporting env vars: AIRFLOW_CTX_DAG_OWNER='***' AIRFLOW_CTX_DAG_ID='get_university_api_send_psql' AIRFLOW_CTX_TASK_ID='wait_for_json' AIRFLOW_CTX_EXECUTION_DATE='2023-06-15T12:43:40.000364+00:00' AIRFLOW_CTX_TRY_NUMBER='1' AIRFLOW_CTX_DAG_RUN_ID='manual__2023-06-15T12:43:40.000364+00:00'
[2023-06-15T12:52:34.427+0000] {python.py:72} INFO - Poking callable: <function _wait_for_json at 0x7fb93c18c3b0>
[2023-06-15T12:52:34.548+0000] {taskinstance.py:1784} INFO - Rescheduling task, marking task as UP_FOR_RESCHEDULE
[2023-06-15T12:52:34.678+0000] {local_task_job_runner.py:225} INFO - Task exited with return code 0
[2023-06-15T12:52:34.919+0000] {taskinstance.py:2651} INFO - 0 downstream tasks scheduled from follow-on schedule check
[2023-06-15T12:53:10.313+0000] {taskinstance.py:1103} INFO - Dependencies all met for dep_context=non-requeueable deps ti=<TaskInstance: get_university_api_send_psql.wait_for_json manual__2023-06-15T12:43:40.000364+00:00 [queued]>
[2023-06-15T12:53:10.361+0000] {taskinstance.py:1103} INFO - Dependencies all met for dep_context=requeueable deps ti=<TaskInstance: get_university_api_send_psql.wait_for_json manual__2023-06-15T12:43:40.000364+00:00 [queued]>
[2023-06-15T12:53:10.363+0000] {taskinstance.py:1308} INFO - Starting attempt 1 of 1
[2023-06-15T12:53:10.406+0000] {taskinstance.py:1327} INFO - Executing <Task(PythonSensor): wait_for_json> on 2023-06-15 12:43:40.000364+00:00
[2023-06-15T12:53:10.429+0000] {standard_task_runner.py:57} INFO - Started process 12963 to run task
[2023-06-15T12:53:10.460+0000] {standard_task_runner.py:84} INFO - Running: ['***', 'tasks', 'run', 'get_university_api_send_psql', 'wait_for_json', 'manual__2023-06-15T12:43:40.000364+00:00', '--job-id', '1809', '--raw', '--subdir', 'DAGS_FOLDER/data-university-from-api-dag/data_university_from_api_dag.py', '--cfg-path', '/tmp/tmpod47vke4']
[2023-06-15T12:53:10.494+0000] {standard_task_runner.py:85} INFO - Job 1809: Subtask wait_for_json
[2023-06-15T12:53:10.692+0000] {task_command.py:410} INFO - Running <TaskInstance: get_university_api_send_psql.wait_for_json manual__2023-06-15T12:43:40.000364+00:00 [running]> on host cd01a659cc96
[2023-06-15T12:53:11.911+0000] {taskinstance.py:1547} INFO - Exporting env vars: AIRFLOW_CTX_DAG_OWNER='***' AIRFLOW_CTX_DAG_ID='get_university_api_send_psql' AIRFLOW_CTX_TASK_ID='wait_for_json' AIRFLOW_CTX_EXECUTION_DATE='2023-06-15T12:43:40.000364+00:00' AIRFLOW_CTX_TRY_NUMBER='1' AIRFLOW_CTX_DAG_RUN_ID='manual__2023-06-15T12:43:40.000364+00:00'
[2023-06-15T12:53:11.981+0000] {python.py:72} INFO - Poking callable: <function _wait_for_json at 0x7fb93c18c3b0>
[2023-06-15T12:53:12.109+0000] {taskinstance.py:1784} INFO - Rescheduling task, marking task as UP_FOR_RESCHEDULE
[2023-06-15T12:53:12.227+0000] {local_task_job_runner.py:225} INFO - Task exited with return code 0
[2023-06-15T12:53:12.363+0000] {taskinstance.py:2651} INFO - 0 downstream tasks scheduled from follow-on schedule check
[2023-06-15T12:53:45.541+0000] {taskinstance.py:1103} INFO - Dependencies all met for dep_context=non-requeueable deps ti=<TaskInstance: get_university_api_send_psql.wait_for_json manual__2023-06-15T12:43:40.000364+00:00 [queued]>
[2023-06-15T12:53:45.581+0000] {taskinstance.py:1103} INFO - Dependencies all met for dep_context=requeueable deps ti=<TaskInstance: get_university_api_send_psql.wait_for_json manual__2023-06-15T12:43:40.000364+00:00 [queued]>
[2023-06-15T12:53:45.584+0000] {taskinstance.py:1308} INFO - Starting attempt 1 of 1
[2023-06-15T12:53:45.640+0000] {taskinstance.py:1327} INFO - Executing <Task(PythonSensor): wait_for_json> on 2023-06-15 12:43:40.000364+00:00
[2023-06-15T12:53:45.657+0000] {standard_task_runner.py:57} INFO - Started process 12981 to run task
[2023-06-15T12:53:45.671+0000] {standard_task_runner.py:84} INFO - Running: ['***', 'tasks', 'run', 'get_university_api_send_psql', 'wait_for_json', 'manual__2023-06-15T12:43:40.000364+00:00', '--job-id', '1811', '--raw', '--subdir', 'DAGS_FOLDER/data-university-from-api-dag/data_university_from_api_dag.py', '--cfg-path', '/tmp/tmpny239lk3']
[2023-06-15T12:53:45.688+0000] {standard_task_runner.py:85} INFO - Job 1811: Subtask wait_for_json
[2023-06-15T12:53:45.935+0000] {task_command.py:410} INFO - Running <TaskInstance: get_university_api_send_psql.wait_for_json manual__2023-06-15T12:43:40.000364+00:00 [running]> on host cd01a659cc96
[2023-06-15T12:53:46.407+0000] {taskinstance.py:1547} INFO - Exporting env vars: AIRFLOW_CTX_DAG_OWNER='***' AIRFLOW_CTX_DAG_ID='get_university_api_send_psql' AIRFLOW_CTX_TASK_ID='wait_for_json' AIRFLOW_CTX_EXECUTION_DATE='2023-06-15T12:43:40.000364+00:00' AIRFLOW_CTX_TRY_NUMBER='1' AIRFLOW_CTX_DAG_RUN_ID='manual__2023-06-15T12:43:40.000364+00:00'
[2023-06-15T12:53:46.455+0000] {python.py:72} INFO - Poking callable: <function _wait_for_json at 0x7fb93c18c3b0>
[2023-06-15T12:53:46.728+0000] {taskinstance.py:1784} INFO - Rescheduling task, marking task as UP_FOR_RESCHEDULE
[2023-06-15T12:53:46.871+0000] {local_task_job_runner.py:225} INFO - Task exited with return code 0
[2023-06-15T12:53:47.009+0000] {taskinstance.py:2651} INFO - 0 downstream tasks scheduled from follow-on schedule check
[2023-06-15T12:54:26.824+0000] {taskinstance.py:1103} INFO - Dependencies all met for dep_context=non-requeueable deps ti=<TaskInstance: get_university_api_send_psql.wait_for_json manual__2023-06-15T12:43:40.000364+00:00 [queued]>
[2023-06-15T12:54:27.079+0000] {taskinstance.py:1103} INFO - Dependencies all met for dep_context=requeueable deps ti=<TaskInstance: get_university_api_send_psql.wait_for_json manual__2023-06-15T12:43:40.000364+00:00 [queued]>
[2023-06-15T12:54:27.084+0000] {taskinstance.py:1308} INFO - Starting attempt 1 of 1
[2023-06-15T12:54:27.153+0000] {taskinstance.py:1327} INFO - Executing <Task(PythonSensor): wait_for_json> on 2023-06-15 12:43:40.000364+00:00
[2023-06-15T12:54:27.174+0000] {standard_task_runner.py:57} INFO - Started process 13000 to run task
[2023-06-15T12:54:27.197+0000] {standard_task_runner.py:84} INFO - Running: ['***', 'tasks', 'run', 'get_university_api_send_psql', 'wait_for_json', 'manual__2023-06-15T12:43:40.000364+00:00', '--job-id', '1815', '--raw', '--subdir', 'DAGS_FOLDER/data-university-from-api-dag/data_university_from_api_dag.py', '--cfg-path', '/tmp/tmpc8zm5a0r']
[2023-06-15T12:54:27.233+0000] {standard_task_runner.py:85} INFO - Job 1815: Subtask wait_for_json
[2023-06-15T12:54:27.855+0000] {task_command.py:410} INFO - Running <TaskInstance: get_university_api_send_psql.wait_for_json manual__2023-06-15T12:43:40.000364+00:00 [running]> on host cd01a659cc96
[2023-06-15T12:54:28.900+0000] {taskinstance.py:1547} INFO - Exporting env vars: AIRFLOW_CTX_DAG_OWNER='***' AIRFLOW_CTX_DAG_ID='get_university_api_send_psql' AIRFLOW_CTX_TASK_ID='wait_for_json' AIRFLOW_CTX_EXECUTION_DATE='2023-06-15T12:43:40.000364+00:00' AIRFLOW_CTX_TRY_NUMBER='1' AIRFLOW_CTX_DAG_RUN_ID='manual__2023-06-15T12:43:40.000364+00:00'
[2023-06-15T12:54:28.986+0000] {python.py:72} INFO - Poking callable: <function _wait_for_json at 0x7fb93c18c3b0>
[2023-06-15T12:54:29.353+0000] {taskinstance.py:1784} INFO - Rescheduling task, marking task as UP_FOR_RESCHEDULE
[2023-06-15T12:54:29.428+0000] {local_task_job_runner.py:225} INFO - Task exited with return code 0
[2023-06-15T12:54:29.668+0000] {taskinstance.py:2651} INFO - 0 downstream tasks scheduled from follow-on schedule check
[2023-06-15T12:55:03.434+0000] {taskinstance.py:1103} INFO - Dependencies all met for dep_context=non-requeueable deps ti=<TaskInstance: get_university_api_send_psql.wait_for_json manual__2023-06-15T12:43:40.000364+00:00 [queued]>
[2023-06-15T12:55:03.458+0000] {taskinstance.py:1103} INFO - Dependencies all met for dep_context=requeueable deps ti=<TaskInstance: get_university_api_send_psql.wait_for_json manual__2023-06-15T12:43:40.000364+00:00 [queued]>
[2023-06-15T12:55:03.461+0000] {taskinstance.py:1308} INFO - Starting attempt 1 of 1
[2023-06-15T12:55:03.512+0000] {taskinstance.py:1327} INFO - Executing <Task(PythonSensor): wait_for_json> on 2023-06-15 12:43:40.000364+00:00
[2023-06-15T12:55:03.537+0000] {standard_task_runner.py:57} INFO - Started process 13018 to run task
[2023-06-15T12:55:03.571+0000] {standard_task_runner.py:84} INFO - Running: ['***', 'tasks', 'run', 'get_university_api_send_psql', 'wait_for_json', 'manual__2023-06-15T12:43:40.000364+00:00', '--job-id', '1819', '--raw', '--subdir', 'DAGS_FOLDER/data-university-from-api-dag/data_university_from_api_dag.py', '--cfg-path', '/tmp/tmpqnd92zw1']
[2023-06-15T12:55:03.581+0000] {standard_task_runner.py:85} INFO - Job 1819: Subtask wait_for_json
[2023-06-15T12:55:03.707+0000] {task_command.py:410} INFO - Running <TaskInstance: get_university_api_send_psql.wait_for_json manual__2023-06-15T12:43:40.000364+00:00 [running]> on host cd01a659cc96
[2023-06-15T12:55:03.961+0000] {taskinstance.py:1547} INFO - Exporting env vars: AIRFLOW_CTX_DAG_OWNER='***' AIRFLOW_CTX_DAG_ID='get_university_api_send_psql' AIRFLOW_CTX_TASK_ID='wait_for_json' AIRFLOW_CTX_EXECUTION_DATE='2023-06-15T12:43:40.000364+00:00' AIRFLOW_CTX_TRY_NUMBER='1' AIRFLOW_CTX_DAG_RUN_ID='manual__2023-06-15T12:43:40.000364+00:00'
[2023-06-15T12:55:04.017+0000] {python.py:72} INFO - Poking callable: <function _wait_for_json at 0x7fb93c17b200>
[2023-06-15T12:55:04.086+0000] {taskinstance.py:1784} INFO - Rescheduling task, marking task as UP_FOR_RESCHEDULE
[2023-06-15T12:55:04.145+0000] {local_task_job_runner.py:225} INFO - Task exited with return code 0
[2023-06-15T12:55:04.253+0000] {taskinstance.py:2651} INFO - 0 downstream tasks scheduled from follow-on schedule check
[2023-06-15T12:55:37.667+0000] {taskinstance.py:1103} INFO - Dependencies all met for dep_context=non-requeueable deps ti=<TaskInstance: get_university_api_send_psql.wait_for_json manual__2023-06-15T12:43:40.000364+00:00 [queued]>
[2023-06-15T12:55:37.691+0000] {taskinstance.py:1103} INFO - Dependencies all met for dep_context=requeueable deps ti=<TaskInstance: get_university_api_send_psql.wait_for_json manual__2023-06-15T12:43:40.000364+00:00 [queued]>
[2023-06-15T12:55:37.694+0000] {taskinstance.py:1308} INFO - Starting attempt 1 of 1
[2023-06-15T12:55:37.728+0000] {taskinstance.py:1327} INFO - Executing <Task(PythonSensor): wait_for_json> on 2023-06-15 12:43:40.000364+00:00
[2023-06-15T12:55:37.741+0000] {standard_task_runner.py:57} INFO - Started process 13036 to run task
[2023-06-15T12:55:37.768+0000] {standard_task_runner.py:84} INFO - Running: ['***', 'tasks', 'run', 'get_university_api_send_psql', 'wait_for_json', 'manual__2023-06-15T12:43:40.000364+00:00', '--job-id', '1822', '--raw', '--subdir', 'DAGS_FOLDER/data-university-from-api-dag/data_university_from_api_dag.py', '--cfg-path', '/tmp/tmpw5e99610']
[2023-06-15T12:55:37.782+0000] {standard_task_runner.py:85} INFO - Job 1822: Subtask wait_for_json
[2023-06-15T12:55:37.898+0000] {task_command.py:410} INFO - Running <TaskInstance: get_university_api_send_psql.wait_for_json manual__2023-06-15T12:43:40.000364+00:00 [running]> on host cd01a659cc96
[2023-06-15T12:55:38.134+0000] {taskinstance.py:1547} INFO - Exporting env vars: AIRFLOW_CTX_DAG_OWNER='***' AIRFLOW_CTX_DAG_ID='get_university_api_send_psql' AIRFLOW_CTX_TASK_ID='wait_for_json' AIRFLOW_CTX_EXECUTION_DATE='2023-06-15T12:43:40.000364+00:00' AIRFLOW_CTX_TRY_NUMBER='1' AIRFLOW_CTX_DAG_RUN_ID='manual__2023-06-15T12:43:40.000364+00:00'
[2023-06-15T12:55:38.170+0000] {python.py:72} INFO - Poking callable: <function _wait_for_json at 0x7fb93c17b200>
[2023-06-15T12:55:38.211+0000] {taskinstance.py:1784} INFO - Rescheduling task, marking task as UP_FOR_RESCHEDULE
[2023-06-15T12:55:38.260+0000] {local_task_job_runner.py:225} INFO - Task exited with return code 0
[2023-06-15T12:55:38.344+0000] {taskinstance.py:2651} INFO - 0 downstream tasks scheduled from follow-on schedule check
[2023-06-15T12:56:10.318+0000] {taskinstance.py:1103} INFO - Dependencies all met for dep_context=non-requeueable deps ti=<TaskInstance: get_university_api_send_psql.wait_for_json manual__2023-06-15T12:43:40.000364+00:00 [queued]>
[2023-06-15T12:56:10.345+0000] {taskinstance.py:1103} INFO - Dependencies all met for dep_context=requeueable deps ti=<TaskInstance: get_university_api_send_psql.wait_for_json manual__2023-06-15T12:43:40.000364+00:00 [queued]>
[2023-06-15T12:56:10.349+0000] {taskinstance.py:1308} INFO - Starting attempt 1 of 1
[2023-06-15T12:56:10.395+0000] {taskinstance.py:1327} INFO - Executing <Task(PythonSensor): wait_for_json> on 2023-06-15 12:43:40.000364+00:00
[2023-06-15T12:56:10.410+0000] {standard_task_runner.py:57} INFO - Started process 13052 to run task
[2023-06-15T12:56:10.423+0000] {standard_task_runner.py:84} INFO - Running: ['***', 'tasks', 'run', 'get_university_api_send_psql', 'wait_for_json', 'manual__2023-06-15T12:43:40.000364+00:00', '--job-id', '1824', '--raw', '--subdir', 'DAGS_FOLDER/data-university-from-api-dag/data_university_from_api_dag.py', '--cfg-path', '/tmp/tmpnf9atnmi']
[2023-06-15T12:56:10.428+0000] {standard_task_runner.py:85} INFO - Job 1824: Subtask wait_for_json
[2023-06-15T12:56:10.552+0000] {task_command.py:410} INFO - Running <TaskInstance: get_university_api_send_psql.wait_for_json manual__2023-06-15T12:43:40.000364+00:00 [running]> on host cd01a659cc96
[2023-06-15T12:56:10.765+0000] {taskinstance.py:1547} INFO - Exporting env vars: AIRFLOW_CTX_DAG_OWNER='***' AIRFLOW_CTX_DAG_ID='get_university_api_send_psql' AIRFLOW_CTX_TASK_ID='wait_for_json' AIRFLOW_CTX_EXECUTION_DATE='2023-06-15T12:43:40.000364+00:00' AIRFLOW_CTX_TRY_NUMBER='1' AIRFLOW_CTX_DAG_RUN_ID='manual__2023-06-15T12:43:40.000364+00:00'
[2023-06-15T12:56:10.802+0000] {python.py:72} INFO - Poking callable: <function _wait_for_json at 0x7fb93c17b200>
[2023-06-15T12:56:10.854+0000] {taskinstance.py:1784} INFO - Rescheduling task, marking task as UP_FOR_RESCHEDULE
[2023-06-15T12:56:10.930+0000] {local_task_job_runner.py:225} INFO - Task exited with return code 0
[2023-06-15T12:56:11.002+0000] {taskinstance.py:2651} INFO - 0 downstream tasks scheduled from follow-on schedule check
[2023-06-15T12:56:43.916+0000] {taskinstance.py:1103} INFO - Dependencies all met for dep_context=non-requeueable deps ti=<TaskInstance: get_university_api_send_psql.wait_for_json manual__2023-06-15T12:43:40.000364+00:00 [queued]>
[2023-06-15T12:56:43.936+0000] {taskinstance.py:1103} INFO - Dependencies all met for dep_context=requeueable deps ti=<TaskInstance: get_university_api_send_psql.wait_for_json manual__2023-06-15T12:43:40.000364+00:00 [queued]>
[2023-06-15T12:56:43.938+0000] {taskinstance.py:1308} INFO - Starting attempt 1 of 1
[2023-06-15T12:56:43.972+0000] {taskinstance.py:1327} INFO - Executing <Task(PythonSensor): wait_for_json> on 2023-06-15 12:43:40.000364+00:00
[2023-06-15T12:56:43.988+0000] {standard_task_runner.py:57} INFO - Started process 13071 to run task
[2023-06-15T12:56:44.002+0000] {standard_task_runner.py:84} INFO - Running: ['***', 'tasks', 'run', 'get_university_api_send_psql', 'wait_for_json', 'manual__2023-06-15T12:43:40.000364+00:00', '--job-id', '1827', '--raw', '--subdir', 'DAGS_FOLDER/data-university-from-api-dag/data_university_from_api_dag.py', '--cfg-path', '/tmp/tmplg8irho5']
[2023-06-15T12:56:44.008+0000] {standard_task_runner.py:85} INFO - Job 1827: Subtask wait_for_json
[2023-06-15T12:56:44.202+0000] {task_command.py:410} INFO - Running <TaskInstance: get_university_api_send_psql.wait_for_json manual__2023-06-15T12:43:40.000364+00:00 [running]> on host cd01a659cc96
[2023-06-15T12:56:44.444+0000] {taskinstance.py:1547} INFO - Exporting env vars: AIRFLOW_CTX_DAG_OWNER='***' AIRFLOW_CTX_DAG_ID='get_university_api_send_psql' AIRFLOW_CTX_TASK_ID='wait_for_json' AIRFLOW_CTX_EXECUTION_DATE='2023-06-15T12:43:40.000364+00:00' AIRFLOW_CTX_TRY_NUMBER='1' AIRFLOW_CTX_DAG_RUN_ID='manual__2023-06-15T12:43:40.000364+00:00'
[2023-06-15T12:56:44.494+0000] {python.py:72} INFO - Poking callable: <function _wait_for_json at 0x7fb93c18c3b0>
[2023-06-15T12:56:44.562+0000] {taskinstance.py:1784} INFO - Rescheduling task, marking task as UP_FOR_RESCHEDULE
[2023-06-15T12:56:44.594+0000] {local_task_job_runner.py:225} INFO - Task exited with return code 0
[2023-06-15T12:56:44.686+0000] {taskinstance.py:2651} INFO - 0 downstream tasks scheduled from follow-on schedule check
[2023-06-15T12:57:16.331+0000] {taskinstance.py:1103} INFO - Dependencies all met for dep_context=non-requeueable deps ti=<TaskInstance: get_university_api_send_psql.wait_for_json manual__2023-06-15T12:43:40.000364+00:00 [queued]>
[2023-06-15T12:57:16.356+0000] {taskinstance.py:1103} INFO - Dependencies all met for dep_context=requeueable deps ti=<TaskInstance: get_university_api_send_psql.wait_for_json manual__2023-06-15T12:43:40.000364+00:00 [queued]>
[2023-06-15T12:57:16.358+0000] {taskinstance.py:1308} INFO - Starting attempt 1 of 1
[2023-06-15T12:57:16.394+0000] {taskinstance.py:1327} INFO - Executing <Task(PythonSensor): wait_for_json> on 2023-06-15 12:43:40.000364+00:00
[2023-06-15T12:57:16.405+0000] {standard_task_runner.py:57} INFO - Started process 13089 to run task
[2023-06-15T12:57:16.425+0000] {standard_task_runner.py:84} INFO - Running: ['***', 'tasks', 'run', 'get_university_api_send_psql', 'wait_for_json', 'manual__2023-06-15T12:43:40.000364+00:00', '--job-id', '1830', '--raw', '--subdir', 'DAGS_FOLDER/data-university-from-api-dag/data_university_from_api_dag.py', '--cfg-path', '/tmp/tmpc90a8aqj']
[2023-06-15T12:57:16.436+0000] {standard_task_runner.py:85} INFO - Job 1830: Subtask wait_for_json
[2023-06-15T12:57:16.755+0000] {task_command.py:410} INFO - Running <TaskInstance: get_university_api_send_psql.wait_for_json manual__2023-06-15T12:43:40.000364+00:00 [running]> on host cd01a659cc96
[2023-06-15T12:57:17.047+0000] {taskinstance.py:1547} INFO - Exporting env vars: AIRFLOW_CTX_DAG_OWNER='***' AIRFLOW_CTX_DAG_ID='get_university_api_send_psql' AIRFLOW_CTX_TASK_ID='wait_for_json' AIRFLOW_CTX_EXECUTION_DATE='2023-06-15T12:43:40.000364+00:00' AIRFLOW_CTX_TRY_NUMBER='1' AIRFLOW_CTX_DAG_RUN_ID='manual__2023-06-15T12:43:40.000364+00:00'
[2023-06-15T12:57:17.085+0000] {python.py:72} INFO - Poking callable: <function _wait_for_json at 0x7fb93c12b440>
[2023-06-15T12:57:17.137+0000] {taskinstance.py:1784} INFO - Rescheduling task, marking task as UP_FOR_RESCHEDULE
[2023-06-15T12:57:17.181+0000] {local_task_job_runner.py:225} INFO - Task exited with return code 0
[2023-06-15T12:57:17.252+0000] {taskinstance.py:2651} INFO - 0 downstream tasks scheduled from follow-on schedule check
[2023-06-15T12:57:49.011+0000] {taskinstance.py:1103} INFO - Dependencies all met for dep_context=non-requeueable deps ti=<TaskInstance: get_university_api_send_psql.wait_for_json manual__2023-06-15T12:43:40.000364+00:00 [queued]>
[2023-06-15T12:57:49.038+0000] {taskinstance.py:1103} INFO - Dependencies all met for dep_context=requeueable deps ti=<TaskInstance: get_university_api_send_psql.wait_for_json manual__2023-06-15T12:43:40.000364+00:00 [queued]>
[2023-06-15T12:57:49.041+0000] {taskinstance.py:1308} INFO - Starting attempt 1 of 1
[2023-06-15T12:57:49.101+0000] {taskinstance.py:1327} INFO - Executing <Task(PythonSensor): wait_for_json> on 2023-06-15 12:43:40.000364+00:00
[2023-06-15T12:57:49.128+0000] {standard_task_runner.py:57} INFO - Started process 13107 to run task
[2023-06-15T12:57:49.143+0000] {standard_task_runner.py:84} INFO - Running: ['***', 'tasks', 'run', 'get_university_api_send_psql', 'wait_for_json', 'manual__2023-06-15T12:43:40.000364+00:00', '--job-id', '1833', '--raw', '--subdir', 'DAGS_FOLDER/data-university-from-api-dag/data_university_from_api_dag.py', '--cfg-path', '/tmp/tmpujaau1md']
[2023-06-15T12:57:49.149+0000] {standard_task_runner.py:85} INFO - Job 1833: Subtask wait_for_json
[2023-06-15T12:57:49.280+0000] {task_command.py:410} INFO - Running <TaskInstance: get_university_api_send_psql.wait_for_json manual__2023-06-15T12:43:40.000364+00:00 [running]> on host cd01a659cc96
[2023-06-15T12:57:49.488+0000] {taskinstance.py:1547} INFO - Exporting env vars: AIRFLOW_CTX_DAG_OWNER='***' AIRFLOW_CTX_DAG_ID='get_university_api_send_psql' AIRFLOW_CTX_TASK_ID='wait_for_json' AIRFLOW_CTX_EXECUTION_DATE='2023-06-15T12:43:40.000364+00:00' AIRFLOW_CTX_TRY_NUMBER='1' AIRFLOW_CTX_DAG_RUN_ID='manual__2023-06-15T12:43:40.000364+00:00'
[2023-06-15T12:57:49.515+0000] {python.py:72} INFO - Poking callable: <function _wait_for_json at 0x7fb93c12b440>
[2023-06-15T12:57:49.577+0000] {taskinstance.py:1784} INFO - Rescheduling task, marking task as UP_FOR_RESCHEDULE
[2023-06-15T12:57:49.609+0000] {local_task_job_runner.py:225} INFO - Task exited with return code 0
[2023-06-15T12:57:49.669+0000] {taskinstance.py:2651} INFO - 0 downstream tasks scheduled from follow-on schedule check
[2023-06-15T12:58:23.313+0000] {taskinstance.py:1103} INFO - Dependencies all met for dep_context=non-requeueable deps ti=<TaskInstance: get_university_api_send_psql.wait_for_json manual__2023-06-15T12:43:40.000364+00:00 [queued]>
[2023-06-15T12:58:23.376+0000] {taskinstance.py:1103} INFO - Dependencies all met for dep_context=requeueable deps ti=<TaskInstance: get_university_api_send_psql.wait_for_json manual__2023-06-15T12:43:40.000364+00:00 [queued]>
[2023-06-15T12:58:23.379+0000] {taskinstance.py:1308} INFO - Starting attempt 1 of 1
[2023-06-15T12:58:23.436+0000] {taskinstance.py:1327} INFO - Executing <Task(PythonSensor): wait_for_json> on 2023-06-15 12:43:40.000364+00:00
[2023-06-15T12:58:23.480+0000] {standard_task_runner.py:57} INFO - Started process 13124 to run task
[2023-06-15T12:58:23.509+0000] {standard_task_runner.py:84} INFO - Running: ['***', 'tasks', 'run', 'get_university_api_send_psql', 'wait_for_json', 'manual__2023-06-15T12:43:40.000364+00:00', '--job-id', '1836', '--raw', '--subdir', 'DAGS_FOLDER/data-university-from-api-dag/data_university_from_api_dag.py', '--cfg-path', '/tmp/tmp7kemubjb']
[2023-06-15T12:58:23.517+0000] {standard_task_runner.py:85} INFO - Job 1836: Subtask wait_for_json
[2023-06-15T12:58:23.685+0000] {task_command.py:410} INFO - Running <TaskInstance: get_university_api_send_psql.wait_for_json manual__2023-06-15T12:43:40.000364+00:00 [running]> on host cd01a659cc96
[2023-06-15T12:58:23.924+0000] {taskinstance.py:1547} INFO - Exporting env vars: AIRFLOW_CTX_DAG_OWNER='***' AIRFLOW_CTX_DAG_ID='get_university_api_send_psql' AIRFLOW_CTX_TASK_ID='wait_for_json' AIRFLOW_CTX_EXECUTION_DATE='2023-06-15T12:43:40.000364+00:00' AIRFLOW_CTX_TRY_NUMBER='1' AIRFLOW_CTX_DAG_RUN_ID='manual__2023-06-15T12:43:40.000364+00:00'
[2023-06-15T12:58:24.203+0000] {python.py:72} INFO - Poking callable: <function _wait_for_json at 0x7fb93c18c3b0>
[2023-06-15T12:58:24.615+0000] {taskinstance.py:1784} INFO - Rescheduling task, marking task as UP_FOR_RESCHEDULE
[2023-06-15T12:58:24.834+0000] {local_task_job_runner.py:225} INFO - Task exited with return code 0
[2023-06-15T12:58:25.331+0000] {taskinstance.py:2651} INFO - 0 downstream tasks scheduled from follow-on schedule check
[2023-06-15T12:58:57.218+0000] {taskinstance.py:1103} INFO - Dependencies all met for dep_context=non-requeueable deps ti=<TaskInstance: get_university_api_send_psql.wait_for_json manual__2023-06-15T12:43:40.000364+00:00 [queued]>
[2023-06-15T12:58:57.264+0000] {taskinstance.py:1103} INFO - Dependencies all met for dep_context=requeueable deps ti=<TaskInstance: get_university_api_send_psql.wait_for_json manual__2023-06-15T12:43:40.000364+00:00 [queued]>
[2023-06-15T12:58:57.266+0000] {taskinstance.py:1308} INFO - Starting attempt 1 of 1
[2023-06-15T12:58:57.312+0000] {taskinstance.py:1327} INFO - Executing <Task(PythonSensor): wait_for_json> on 2023-06-15 12:43:40.000364+00:00
[2023-06-15T12:58:57.338+0000] {standard_task_runner.py:57} INFO - Started process 13141 to run task
[2023-06-15T12:58:57.370+0000] {standard_task_runner.py:84} INFO - Running: ['***', 'tasks', 'run', 'get_university_api_send_psql', 'wait_for_json', 'manual__2023-06-15T12:43:40.000364+00:00', '--job-id', '1839', '--raw', '--subdir', 'DAGS_FOLDER/data-university-from-api-dag/data_university_from_api_dag.py', '--cfg-path', '/tmp/tmpry8jdplf']
[2023-06-15T12:58:57.377+0000] {standard_task_runner.py:85} INFO - Job 1839: Subtask wait_for_json
[2023-06-15T12:58:57.567+0000] {task_command.py:410} INFO - Running <TaskInstance: get_university_api_send_psql.wait_for_json manual__2023-06-15T12:43:40.000364+00:00 [running]> on host cd01a659cc96
[2023-06-15T12:58:58.107+0000] {taskinstance.py:1547} INFO - Exporting env vars: AIRFLOW_CTX_DAG_OWNER='***' AIRFLOW_CTX_DAG_ID='get_university_api_send_psql' AIRFLOW_CTX_TASK_ID='wait_for_json' AIRFLOW_CTX_EXECUTION_DATE='2023-06-15T12:43:40.000364+00:00' AIRFLOW_CTX_TRY_NUMBER='1' AIRFLOW_CTX_DAG_RUN_ID='manual__2023-06-15T12:43:40.000364+00:00'
[2023-06-15T12:58:58.177+0000] {python.py:72} INFO - Poking callable: <function _wait_for_json at 0x7fb93c12b440>
[2023-06-15T12:58:58.331+0000] {taskinstance.py:1784} INFO - Rescheduling task, marking task as UP_FOR_RESCHEDULE
[2023-06-15T12:58:58.715+0000] {local_task_job_runner.py:225} INFO - Task exited with return code 0
[2023-06-15T12:58:58.892+0000] {taskinstance.py:2651} INFO - 0 downstream tasks scheduled from follow-on schedule check
[2023-06-15T12:59:30.412+0000] {taskinstance.py:1103} INFO - Dependencies all met for dep_context=non-requeueable deps ti=<TaskInstance: get_university_api_send_psql.wait_for_json manual__2023-06-15T12:43:40.000364+00:00 [queued]>
[2023-06-15T12:59:30.435+0000] {taskinstance.py:1103} INFO - Dependencies all met for dep_context=requeueable deps ti=<TaskInstance: get_university_api_send_psql.wait_for_json manual__2023-06-15T12:43:40.000364+00:00 [queued]>
[2023-06-15T12:59:30.437+0000] {taskinstance.py:1308} INFO - Starting attempt 1 of 1
[2023-06-15T12:59:30.496+0000] {taskinstance.py:1327} INFO - Executing <Task(PythonSensor): wait_for_json> on 2023-06-15 12:43:40.000364+00:00
[2023-06-15T12:59:30.511+0000] {standard_task_runner.py:57} INFO - Started process 13159 to run task
[2023-06-15T12:59:30.525+0000] {standard_task_runner.py:84} INFO - Running: ['***', 'tasks', 'run', 'get_university_api_send_psql', 'wait_for_json', 'manual__2023-06-15T12:43:40.000364+00:00', '--job-id', '1842', '--raw', '--subdir', 'DAGS_FOLDER/data-university-from-api-dag/data_university_from_api_dag.py', '--cfg-path', '/tmp/tmpw2wvmtyf']
[2023-06-15T12:59:30.532+0000] {standard_task_runner.py:85} INFO - Job 1842: Subtask wait_for_json
[2023-06-15T12:59:30.652+0000] {task_command.py:410} INFO - Running <TaskInstance: get_university_api_send_psql.wait_for_json manual__2023-06-15T12:43:40.000364+00:00 [running]> on host cd01a659cc96
[2023-06-15T12:59:31.090+0000] {taskinstance.py:1547} INFO - Exporting env vars: AIRFLOW_CTX_DAG_OWNER='***' AIRFLOW_CTX_DAG_ID='get_university_api_send_psql' AIRFLOW_CTX_TASK_ID='wait_for_json' AIRFLOW_CTX_EXECUTION_DATE='2023-06-15T12:43:40.000364+00:00' AIRFLOW_CTX_TRY_NUMBER='1' AIRFLOW_CTX_DAG_RUN_ID='manual__2023-06-15T12:43:40.000364+00:00'
[2023-06-15T12:59:31.184+0000] {python.py:72} INFO - Poking callable: <function _wait_for_json at 0x7fb93c12b440>
[2023-06-15T12:59:31.267+0000] {taskinstance.py:1784} INFO - Rescheduling task, marking task as UP_FOR_RESCHEDULE
[2023-06-15T12:59:31.364+0000] {local_task_job_runner.py:225} INFO - Task exited with return code 0
[2023-06-15T12:59:31.503+0000] {taskinstance.py:2651} INFO - 0 downstream tasks scheduled from follow-on schedule check
[2023-06-15T13:00:08.904+0000] {taskinstance.py:1103} INFO - Dependencies all met for dep_context=non-requeueable deps ti=<TaskInstance: get_university_api_send_psql.wait_for_json manual__2023-06-15T12:43:40.000364+00:00 [queued]>
[2023-06-15T13:00:09.015+0000] {taskinstance.py:1103} INFO - Dependencies all met for dep_context=requeueable deps ti=<TaskInstance: get_university_api_send_psql.wait_for_json manual__2023-06-15T12:43:40.000364+00:00 [queued]>
[2023-06-15T13:00:09.022+0000] {taskinstance.py:1308} INFO - Starting attempt 1 of 1
[2023-06-15T13:00:09.159+0000] {taskinstance.py:1327} INFO - Executing <Task(PythonSensor): wait_for_json> on 2023-06-15 12:43:40.000364+00:00
[2023-06-15T13:00:09.193+0000] {standard_task_runner.py:57} INFO - Started process 13179 to run task
[2023-06-15T13:00:09.238+0000] {standard_task_runner.py:84} INFO - Running: ['***', 'tasks', 'run', 'get_university_api_send_psql', 'wait_for_json', 'manual__2023-06-15T12:43:40.000364+00:00', '--job-id', '1845', '--raw', '--subdir', 'DAGS_FOLDER/data-university-from-api-dag/data_university_from_api_dag.py', '--cfg-path', '/tmp/tmpvet7vsf9']
[2023-06-15T13:00:09.276+0000] {standard_task_runner.py:85} INFO - Job 1845: Subtask wait_for_json
[2023-06-15T13:00:09.624+0000] {task_command.py:410} INFO - Running <TaskInstance: get_university_api_send_psql.wait_for_json manual__2023-06-15T12:43:40.000364+00:00 [running]> on host cd01a659cc96
[2023-06-15T13:00:10.392+0000] {taskinstance.py:1547} INFO - Exporting env vars: AIRFLOW_CTX_DAG_OWNER='***' AIRFLOW_CTX_DAG_ID='get_university_api_send_psql' AIRFLOW_CTX_TASK_ID='wait_for_json' AIRFLOW_CTX_EXECUTION_DATE='2023-06-15T12:43:40.000364+00:00' AIRFLOW_CTX_TRY_NUMBER='1' AIRFLOW_CTX_DAG_RUN_ID='manual__2023-06-15T12:43:40.000364+00:00'
[2023-06-15T13:00:10.530+0000] {python.py:72} INFO - Poking callable: <function _wait_for_json at 0x7fb93c12b440>
[2023-06-15T13:00:10.659+0000] {taskinstance.py:1784} INFO - Rescheduling task, marking task as UP_FOR_RESCHEDULE
[2023-06-15T13:00:10.747+0000] {local_task_job_runner.py:225} INFO - Task exited with return code 0
[2023-06-15T13:00:11.057+0000] {taskinstance.py:2651} INFO - 0 downstream tasks scheduled from follow-on schedule check
[2023-06-15T13:00:56.556+0000] {taskinstance.py:1103} INFO - Dependencies all met for dep_context=non-requeueable deps ti=<TaskInstance: get_university_api_send_psql.wait_for_json manual__2023-06-15T12:43:40.000364+00:00 [queued]>
[2023-06-15T13:00:56.580+0000] {taskinstance.py:1103} INFO - Dependencies all met for dep_context=requeueable deps ti=<TaskInstance: get_university_api_send_psql.wait_for_json manual__2023-06-15T12:43:40.000364+00:00 [queued]>
[2023-06-15T13:00:56.584+0000] {taskinstance.py:1308} INFO - Starting attempt 1 of 1
[2023-06-15T13:00:56.713+0000] {taskinstance.py:1327} INFO - Executing <Task(PythonSensor): wait_for_json> on 2023-06-15 12:43:40.000364+00:00
[2023-06-15T13:00:56.770+0000] {standard_task_runner.py:57} INFO - Started process 13198 to run task
[2023-06-15T13:00:56.818+0000] {standard_task_runner.py:84} INFO - Running: ['***', 'tasks', 'run', 'get_university_api_send_psql', 'wait_for_json', 'manual__2023-06-15T12:43:40.000364+00:00', '--job-id', '1849', '--raw', '--subdir', 'DAGS_FOLDER/data-university-from-api-dag/data_university_from_api_dag.py', '--cfg-path', '/tmp/tmpewe1uq_a']
[2023-06-15T13:00:56.835+0000] {standard_task_runner.py:85} INFO - Job 1849: Subtask wait_for_json
[2023-06-15T13:00:57.427+0000] {task_command.py:410} INFO - Running <TaskInstance: get_university_api_send_psql.wait_for_json manual__2023-06-15T12:43:40.000364+00:00 [running]> on host cd01a659cc96
[2023-06-15T13:00:58.123+0000] {taskinstance.py:1547} INFO - Exporting env vars: AIRFLOW_CTX_DAG_OWNER='***' AIRFLOW_CTX_DAG_ID='get_university_api_send_psql' AIRFLOW_CTX_TASK_ID='wait_for_json' AIRFLOW_CTX_EXECUTION_DATE='2023-06-15T12:43:40.000364+00:00' AIRFLOW_CTX_TRY_NUMBER='1' AIRFLOW_CTX_DAG_RUN_ID='manual__2023-06-15T12:43:40.000364+00:00'
[2023-06-15T13:00:58.180+0000] {python.py:72} INFO - Poking callable: <function _wait_for_json at 0x7fb93c18c3b0>
[2023-06-15T13:00:58.267+0000] {taskinstance.py:1784} INFO - Rescheduling task, marking task as UP_FOR_RESCHEDULE
[2023-06-15T13:00:58.343+0000] {local_task_job_runner.py:225} INFO - Task exited with return code 0
[2023-06-15T13:00:58.620+0000] {taskinstance.py:2651} INFO - 0 downstream tasks scheduled from follow-on schedule check
[2023-06-15T13:02:39.417+0000] {taskinstance.py:1103} INFO - Dependencies all met for dep_context=non-requeueable deps ti=<TaskInstance: get_university_api_send_psql.wait_for_json manual__2023-06-15T12:43:40.000364+00:00 [queued]>
[2023-06-15T13:02:39.474+0000] {taskinstance.py:1103} INFO - Dependencies all met for dep_context=requeueable deps ti=<TaskInstance: get_university_api_send_psql.wait_for_json manual__2023-06-15T12:43:40.000364+00:00 [queued]>
[2023-06-15T13:02:39.477+0000] {taskinstance.py:1308} INFO - Starting attempt 1 of 1
[2023-06-15T13:02:39.606+0000] {taskinstance.py:1327} INFO - Executing <Task(PythonSensor): wait_for_json> on 2023-06-15 12:43:40.000364+00:00
[2023-06-15T13:02:39.643+0000] {standard_task_runner.py:57} INFO - Started process 13214 to run task
[2023-06-15T13:02:39.704+0000] {standard_task_runner.py:84} INFO - Running: ['***', 'tasks', 'run', 'get_university_api_send_psql', 'wait_for_json', 'manual__2023-06-15T12:43:40.000364+00:00', '--job-id', '1852', '--raw', '--subdir', 'DAGS_FOLDER/data-university-from-api-dag/data_university_from_api_dag.py', '--cfg-path', '/tmp/tmpfaxl3t_h']
[2023-06-15T13:02:39.711+0000] {standard_task_runner.py:85} INFO - Job 1852: Subtask wait_for_json
[2023-06-15T13:02:42.219+0000] {task_command.py:410} INFO - Running <TaskInstance: get_university_api_send_psql.wait_for_json manual__2023-06-15T12:43:40.000364+00:00 [running]> on host cd01a659cc96
[2023-06-15T13:03:40.395+0000] {taskinstance.py:1547} INFO - Exporting env vars: AIRFLOW_CTX_DAG_OWNER='***' AIRFLOW_CTX_DAG_ID='get_university_api_send_psql' AIRFLOW_CTX_TASK_ID='wait_for_json' AIRFLOW_CTX_EXECUTION_DATE='2023-06-15T12:43:40.000364+00:00' AIRFLOW_CTX_TRY_NUMBER='1' AIRFLOW_CTX_DAG_RUN_ID='manual__2023-06-15T12:43:40.000364+00:00'
[2023-06-15T13:03:40.540+0000] {python.py:72} INFO - Poking callable: <function _wait_for_json at 0x7fb93c17b200>
[2023-06-15T13:03:40.884+0000] {taskinstance.py:1784} INFO - Rescheduling task, marking task as UP_FOR_RESCHEDULE
[2023-06-15T13:03:41.025+0000] {local_task_job_runner.py:225} INFO - Task exited with return code 0
[2023-06-15T13:03:41.496+0000] {taskinstance.py:2651} INFO - 0 downstream tasks scheduled from follow-on schedule check
[2023-06-15T19:05:32.448+0000] {taskinstance.py:1097} INFO - Dependencies not met for <TaskInstance: get_university_api_send_psql.wait_for_json manual__2023-06-15T12:43:40.000364+00:00 [failed]>, dependency 'Task Instance State' FAILED: Task is in the 'failed' state.
[2023-06-15T19:05:32.508+0000] {taskinstance.py:1097} INFO - Dependencies not met for <TaskInstance: get_university_api_send_psql.wait_for_json manual__2023-06-15T12:43:40.000364+00:00 [failed]>, dependency 'Trigger Rule' FAILED: Task's trigger rule 'all_success' requires all upstream tasks to have succeeded, but found 1 non-success(es). upstream_states=_UpstreamTIStates(success=0, skipped=0, failed=0, upstream_failed=1, removed=0, done=1), upstream_task_ids={'read_json_file'}
[2023-06-15T19:05:32.522+0000] {local_task_job_runner.py:154} INFO - Task is not able to be run
