[2023-06-15T12:38:40.734+0000] {taskinstance.py:1103} INFO - Dependencies all met for dep_context=non-requeueable deps ti=<TaskInstance: get_university_api_send_psql.wait_for_json manual__2023-06-15T12:36:25.667831+00:00 [queued]>
[2023-06-15T12:38:40.914+0000] {taskinstance.py:1103} INFO - Dependencies all met for dep_context=requeueable deps ti=<TaskInstance: get_university_api_send_psql.wait_for_json manual__2023-06-15T12:36:25.667831+00:00 [queued]>
[2023-06-15T12:38:40.923+0000] {taskinstance.py:1308} INFO - Starting attempt 1 of 1
[2023-06-15T12:38:40.991+0000] {taskinstance.py:1327} INFO - Executing <Task(PythonSensor): wait_for_json> on 2023-06-15 12:36:25.667831+00:00
[2023-06-15T12:38:41.014+0000] {standard_task_runner.py:57} INFO - Started process 12591 to run task
[2023-06-15T12:38:41.042+0000] {standard_task_runner.py:84} INFO - Running: ['***', 'tasks', 'run', 'get_university_api_send_psql', 'wait_for_json', 'manual__2023-06-15T12:36:25.667831+00:00', '--job-id', '1754', '--raw', '--subdir', 'DAGS_FOLDER/data-university-from-api-dag/data_university_from_api_dag.py', '--cfg-path', '/tmp/tmp6m95453j']
[2023-06-15T12:38:41.059+0000] {standard_task_runner.py:85} INFO - Job 1754: Subtask wait_for_json
[2023-06-15T12:38:41.445+0000] {task_command.py:410} INFO - Running <TaskInstance: get_university_api_send_psql.wait_for_json manual__2023-06-15T12:36:25.667831+00:00 [running]> on host cd01a659cc96
[2023-06-15T12:38:42.443+0000] {taskinstance.py:1547} INFO - Exporting env vars: AIRFLOW_CTX_DAG_OWNER='***' AIRFLOW_CTX_DAG_ID='get_university_api_send_psql' AIRFLOW_CTX_TASK_ID='wait_for_json' AIRFLOW_CTX_EXECUTION_DATE='2023-06-15T12:36:25.667831+00:00' AIRFLOW_CTX_TRY_NUMBER='1' AIRFLOW_CTX_DAG_RUN_ID='manual__2023-06-15T12:36:25.667831+00:00'
[2023-06-15T12:38:42.502+0000] {python.py:72} INFO - Poking callable: <function _wait_for_json at 0x7fb93c12b440>
[2023-06-15T12:38:42.625+0000] {taskinstance.py:1784} INFO - Rescheduling task, marking task as UP_FOR_RESCHEDULE
[2023-06-15T12:38:42.738+0000] {local_task_job_runner.py:225} INFO - Task exited with return code 0
[2023-06-15T12:38:43.020+0000] {taskinstance.py:2651} INFO - 0 downstream tasks scheduled from follow-on schedule check
[2023-06-15T12:39:15.749+0000] {taskinstance.py:1103} INFO - Dependencies all met for dep_context=non-requeueable deps ti=<TaskInstance: get_university_api_send_psql.wait_for_json manual__2023-06-15T12:36:25.667831+00:00 [queued]>
[2023-06-15T12:39:15.776+0000] {taskinstance.py:1103} INFO - Dependencies all met for dep_context=requeueable deps ti=<TaskInstance: get_university_api_send_psql.wait_for_json manual__2023-06-15T12:36:25.667831+00:00 [queued]>
[2023-06-15T12:39:15.778+0000] {taskinstance.py:1308} INFO - Starting attempt 1 of 1
[2023-06-15T12:39:15.812+0000] {taskinstance.py:1327} INFO - Executing <Task(PythonSensor): wait_for_json> on 2023-06-15 12:36:25.667831+00:00
[2023-06-15T12:39:15.823+0000] {standard_task_runner.py:57} INFO - Started process 12605 to run task
[2023-06-15T12:39:15.836+0000] {standard_task_runner.py:84} INFO - Running: ['***', 'tasks', 'run', 'get_university_api_send_psql', 'wait_for_json', 'manual__2023-06-15T12:36:25.667831+00:00', '--job-id', '1756', '--raw', '--subdir', 'DAGS_FOLDER/data-university-from-api-dag/data_university_from_api_dag.py', '--cfg-path', '/tmp/tmp2i8zxmjv']
[2023-06-15T12:39:15.841+0000] {standard_task_runner.py:85} INFO - Job 1756: Subtask wait_for_json
[2023-06-15T12:39:15.942+0000] {task_command.py:410} INFO - Running <TaskInstance: get_university_api_send_psql.wait_for_json manual__2023-06-15T12:36:25.667831+00:00 [running]> on host cd01a659cc96
[2023-06-15T12:39:16.119+0000] {taskinstance.py:1547} INFO - Exporting env vars: AIRFLOW_CTX_DAG_OWNER='***' AIRFLOW_CTX_DAG_ID='get_university_api_send_psql' AIRFLOW_CTX_TASK_ID='wait_for_json' AIRFLOW_CTX_EXECUTION_DATE='2023-06-15T12:36:25.667831+00:00' AIRFLOW_CTX_TRY_NUMBER='1' AIRFLOW_CTX_DAG_RUN_ID='manual__2023-06-15T12:36:25.667831+00:00'
[2023-06-15T12:39:16.149+0000] {python.py:72} INFO - Poking callable: <function _wait_for_json at 0x7fb93c12b440>
[2023-06-15T12:39:16.225+0000] {taskinstance.py:1784} INFO - Rescheduling task, marking task as UP_FOR_RESCHEDULE
[2023-06-15T12:39:16.288+0000] {local_task_job_runner.py:225} INFO - Task exited with return code 0
[2023-06-15T12:39:16.354+0000] {taskinstance.py:2651} INFO - 0 downstream tasks scheduled from follow-on schedule check
[2023-06-15T12:39:48.082+0000] {taskinstance.py:1103} INFO - Dependencies all met for dep_context=non-requeueable deps ti=<TaskInstance: get_university_api_send_psql.wait_for_json manual__2023-06-15T12:36:25.667831+00:00 [queued]>
[2023-06-15T12:39:48.102+0000] {taskinstance.py:1103} INFO - Dependencies all met for dep_context=requeueable deps ti=<TaskInstance: get_university_api_send_psql.wait_for_json manual__2023-06-15T12:36:25.667831+00:00 [queued]>
[2023-06-15T12:39:48.104+0000] {taskinstance.py:1308} INFO - Starting attempt 1 of 1
[2023-06-15T12:39:48.130+0000] {taskinstance.py:1327} INFO - Executing <Task(PythonSensor): wait_for_json> on 2023-06-15 12:36:25.667831+00:00
[2023-06-15T12:39:48.141+0000] {standard_task_runner.py:57} INFO - Started process 12620 to run task
[2023-06-15T12:39:48.152+0000] {standard_task_runner.py:84} INFO - Running: ['***', 'tasks', 'run', 'get_university_api_send_psql', 'wait_for_json', 'manual__2023-06-15T12:36:25.667831+00:00', '--job-id', '1758', '--raw', '--subdir', 'DAGS_FOLDER/data-university-from-api-dag/data_university_from_api_dag.py', '--cfg-path', '/tmp/tmp8n24_uow']
[2023-06-15T12:39:48.158+0000] {standard_task_runner.py:85} INFO - Job 1758: Subtask wait_for_json
[2023-06-15T12:39:48.249+0000] {task_command.py:410} INFO - Running <TaskInstance: get_university_api_send_psql.wait_for_json manual__2023-06-15T12:36:25.667831+00:00 [running]> on host cd01a659cc96
[2023-06-15T12:39:48.421+0000] {taskinstance.py:1547} INFO - Exporting env vars: AIRFLOW_CTX_DAG_OWNER='***' AIRFLOW_CTX_DAG_ID='get_university_api_send_psql' AIRFLOW_CTX_TASK_ID='wait_for_json' AIRFLOW_CTX_EXECUTION_DATE='2023-06-15T12:36:25.667831+00:00' AIRFLOW_CTX_TRY_NUMBER='1' AIRFLOW_CTX_DAG_RUN_ID='manual__2023-06-15T12:36:25.667831+00:00'
[2023-06-15T12:39:48.448+0000] {python.py:72} INFO - Poking callable: <function _wait_for_json at 0x7fb93c12b440>
[2023-06-15T12:39:48.493+0000] {taskinstance.py:1784} INFO - Rescheduling task, marking task as UP_FOR_RESCHEDULE
[2023-06-15T12:39:48.541+0000] {local_task_job_runner.py:225} INFO - Task exited with return code 0
[2023-06-15T12:39:48.605+0000] {taskinstance.py:2651} INFO - 0 downstream tasks scheduled from follow-on schedule check
[2023-06-15T12:40:20.930+0000] {taskinstance.py:1103} INFO - Dependencies all met for dep_context=non-requeueable deps ti=<TaskInstance: get_university_api_send_psql.wait_for_json manual__2023-06-15T12:36:25.667831+00:00 [queued]>
[2023-06-15T12:40:20.956+0000] {taskinstance.py:1103} INFO - Dependencies all met for dep_context=requeueable deps ti=<TaskInstance: get_university_api_send_psql.wait_for_json manual__2023-06-15T12:36:25.667831+00:00 [queued]>
[2023-06-15T12:40:20.958+0000] {taskinstance.py:1308} INFO - Starting attempt 1 of 1
[2023-06-15T12:40:21.002+0000] {taskinstance.py:1327} INFO - Executing <Task(PythonSensor): wait_for_json> on 2023-06-15 12:36:25.667831+00:00
[2023-06-15T12:40:21.017+0000] {standard_task_runner.py:57} INFO - Started process 12635 to run task
[2023-06-15T12:40:21.031+0000] {standard_task_runner.py:84} INFO - Running: ['***', 'tasks', 'run', 'get_university_api_send_psql', 'wait_for_json', 'manual__2023-06-15T12:36:25.667831+00:00', '--job-id', '1760', '--raw', '--subdir', 'DAGS_FOLDER/data-university-from-api-dag/data_university_from_api_dag.py', '--cfg-path', '/tmp/tmp8h9t595c']
[2023-06-15T12:40:21.043+0000] {standard_task_runner.py:85} INFO - Job 1760: Subtask wait_for_json
[2023-06-15T12:40:21.186+0000] {task_command.py:410} INFO - Running <TaskInstance: get_university_api_send_psql.wait_for_json manual__2023-06-15T12:36:25.667831+00:00 [running]> on host cd01a659cc96
[2023-06-15T12:40:21.428+0000] {taskinstance.py:1547} INFO - Exporting env vars: AIRFLOW_CTX_DAG_OWNER='***' AIRFLOW_CTX_DAG_ID='get_university_api_send_psql' AIRFLOW_CTX_TASK_ID='wait_for_json' AIRFLOW_CTX_EXECUTION_DATE='2023-06-15T12:36:25.667831+00:00' AIRFLOW_CTX_TRY_NUMBER='1' AIRFLOW_CTX_DAG_RUN_ID='manual__2023-06-15T12:36:25.667831+00:00'
[2023-06-15T12:40:21.466+0000] {python.py:72} INFO - Poking callable: <function _wait_for_json at 0x7fb93c12b440>
[2023-06-15T12:40:21.531+0000] {taskinstance.py:1784} INFO - Rescheduling task, marking task as UP_FOR_RESCHEDULE
[2023-06-15T12:40:21.585+0000] {local_task_job_runner.py:225} INFO - Task exited with return code 0
[2023-06-15T12:40:21.647+0000] {taskinstance.py:2651} INFO - 0 downstream tasks scheduled from follow-on schedule check
[2023-06-15T12:40:53.062+0000] {taskinstance.py:1103} INFO - Dependencies all met for dep_context=non-requeueable deps ti=<TaskInstance: get_university_api_send_psql.wait_for_json manual__2023-06-15T12:36:25.667831+00:00 [queued]>
[2023-06-15T12:40:53.080+0000] {taskinstance.py:1103} INFO - Dependencies all met for dep_context=requeueable deps ti=<TaskInstance: get_university_api_send_psql.wait_for_json manual__2023-06-15T12:36:25.667831+00:00 [queued]>
[2023-06-15T12:40:53.083+0000] {taskinstance.py:1308} INFO - Starting attempt 1 of 1
[2023-06-15T12:40:53.109+0000] {taskinstance.py:1327} INFO - Executing <Task(PythonSensor): wait_for_json> on 2023-06-15 12:36:25.667831+00:00
[2023-06-15T12:40:53.123+0000] {standard_task_runner.py:57} INFO - Started process 12650 to run task
[2023-06-15T12:40:53.131+0000] {standard_task_runner.py:84} INFO - Running: ['***', 'tasks', 'run', 'get_university_api_send_psql', 'wait_for_json', 'manual__2023-06-15T12:36:25.667831+00:00', '--job-id', '1762', '--raw', '--subdir', 'DAGS_FOLDER/data-university-from-api-dag/data_university_from_api_dag.py', '--cfg-path', '/tmp/tmpm4ujuw69']
[2023-06-15T12:40:53.136+0000] {standard_task_runner.py:85} INFO - Job 1762: Subtask wait_for_json
[2023-06-15T12:40:53.229+0000] {task_command.py:410} INFO - Running <TaskInstance: get_university_api_send_psql.wait_for_json manual__2023-06-15T12:36:25.667831+00:00 [running]> on host cd01a659cc96
[2023-06-15T12:40:53.381+0000] {taskinstance.py:1547} INFO - Exporting env vars: AIRFLOW_CTX_DAG_OWNER='***' AIRFLOW_CTX_DAG_ID='get_university_api_send_psql' AIRFLOW_CTX_TASK_ID='wait_for_json' AIRFLOW_CTX_EXECUTION_DATE='2023-06-15T12:36:25.667831+00:00' AIRFLOW_CTX_TRY_NUMBER='1' AIRFLOW_CTX_DAG_RUN_ID='manual__2023-06-15T12:36:25.667831+00:00'
[2023-06-15T12:40:53.410+0000] {python.py:72} INFO - Poking callable: <function _wait_for_json at 0x7fb93c12b440>
[2023-06-15T12:40:53.458+0000] {taskinstance.py:1784} INFO - Rescheduling task, marking task as UP_FOR_RESCHEDULE
[2023-06-15T12:40:53.510+0000] {local_task_job_runner.py:225} INFO - Task exited with return code 0
[2023-06-15T12:40:53.589+0000] {taskinstance.py:2651} INFO - 0 downstream tasks scheduled from follow-on schedule check
[2023-06-15T12:41:25.615+0000] {taskinstance.py:1103} INFO - Dependencies all met for dep_context=non-requeueable deps ti=<TaskInstance: get_university_api_send_psql.wait_for_json manual__2023-06-15T12:36:25.667831+00:00 [queued]>
[2023-06-15T12:41:25.638+0000] {taskinstance.py:1103} INFO - Dependencies all met for dep_context=requeueable deps ti=<TaskInstance: get_university_api_send_psql.wait_for_json manual__2023-06-15T12:36:25.667831+00:00 [queued]>
[2023-06-15T12:41:25.641+0000] {taskinstance.py:1308} INFO - Starting attempt 1 of 1
[2023-06-15T12:41:25.677+0000] {taskinstance.py:1327} INFO - Executing <Task(PythonSensor): wait_for_json> on 2023-06-15 12:36:25.667831+00:00
[2023-06-15T12:41:25.694+0000] {standard_task_runner.py:57} INFO - Started process 12664 to run task
[2023-06-15T12:41:25.706+0000] {standard_task_runner.py:84} INFO - Running: ['***', 'tasks', 'run', 'get_university_api_send_psql', 'wait_for_json', 'manual__2023-06-15T12:36:25.667831+00:00', '--job-id', '1764', '--raw', '--subdir', 'DAGS_FOLDER/data-university-from-api-dag/data_university_from_api_dag.py', '--cfg-path', '/tmp/tmp46d6gr45']
[2023-06-15T12:41:25.712+0000] {standard_task_runner.py:85} INFO - Job 1764: Subtask wait_for_json
[2023-06-15T12:41:25.805+0000] {task_command.py:410} INFO - Running <TaskInstance: get_university_api_send_psql.wait_for_json manual__2023-06-15T12:36:25.667831+00:00 [running]> on host cd01a659cc96
[2023-06-15T12:41:26.049+0000] {taskinstance.py:1547} INFO - Exporting env vars: AIRFLOW_CTX_DAG_OWNER='***' AIRFLOW_CTX_DAG_ID='get_university_api_send_psql' AIRFLOW_CTX_TASK_ID='wait_for_json' AIRFLOW_CTX_EXECUTION_DATE='2023-06-15T12:36:25.667831+00:00' AIRFLOW_CTX_TRY_NUMBER='1' AIRFLOW_CTX_DAG_RUN_ID='manual__2023-06-15T12:36:25.667831+00:00'
[2023-06-15T12:41:26.134+0000] {python.py:72} INFO - Poking callable: <function _wait_for_json at 0x7fb93c12b440>
[2023-06-15T12:41:26.275+0000] {taskinstance.py:1784} INFO - Rescheduling task, marking task as UP_FOR_RESCHEDULE
[2023-06-15T12:41:26.374+0000] {local_task_job_runner.py:225} INFO - Task exited with return code 0
[2023-06-15T12:41:26.481+0000] {taskinstance.py:2651} INFO - 0 downstream tasks scheduled from follow-on schedule check
[2023-06-15T12:41:58.071+0000] {taskinstance.py:1103} INFO - Dependencies all met for dep_context=non-requeueable deps ti=<TaskInstance: get_university_api_send_psql.wait_for_json manual__2023-06-15T12:36:25.667831+00:00 [queued]>
[2023-06-15T12:41:58.094+0000] {taskinstance.py:1103} INFO - Dependencies all met for dep_context=requeueable deps ti=<TaskInstance: get_university_api_send_psql.wait_for_json manual__2023-06-15T12:36:25.667831+00:00 [queued]>
[2023-06-15T12:41:58.097+0000] {taskinstance.py:1308} INFO - Starting attempt 1 of 1
[2023-06-15T12:41:58.132+0000] {taskinstance.py:1327} INFO - Executing <Task(PythonSensor): wait_for_json> on 2023-06-15 12:36:25.667831+00:00
[2023-06-15T12:41:58.147+0000] {standard_task_runner.py:57} INFO - Started process 12679 to run task
[2023-06-15T12:41:58.165+0000] {standard_task_runner.py:84} INFO - Running: ['***', 'tasks', 'run', 'get_university_api_send_psql', 'wait_for_json', 'manual__2023-06-15T12:36:25.667831+00:00', '--job-id', '1766', '--raw', '--subdir', 'DAGS_FOLDER/data-university-from-api-dag/data_university_from_api_dag.py', '--cfg-path', '/tmp/tmp0hllde7r']
[2023-06-15T12:41:58.171+0000] {standard_task_runner.py:85} INFO - Job 1766: Subtask wait_for_json
[2023-06-15T12:41:58.277+0000] {task_command.py:410} INFO - Running <TaskInstance: get_university_api_send_psql.wait_for_json manual__2023-06-15T12:36:25.667831+00:00 [running]> on host cd01a659cc96
[2023-06-15T12:41:58.464+0000] {taskinstance.py:1547} INFO - Exporting env vars: AIRFLOW_CTX_DAG_OWNER='***' AIRFLOW_CTX_DAG_ID='get_university_api_send_psql' AIRFLOW_CTX_TASK_ID='wait_for_json' AIRFLOW_CTX_EXECUTION_DATE='2023-06-15T12:36:25.667831+00:00' AIRFLOW_CTX_TRY_NUMBER='1' AIRFLOW_CTX_DAG_RUN_ID='manual__2023-06-15T12:36:25.667831+00:00'
[2023-06-15T12:41:58.519+0000] {python.py:72} INFO - Poking callable: <function _wait_for_json at 0x7fb93c12b440>
[2023-06-15T12:41:58.595+0000] {taskinstance.py:1784} INFO - Rescheduling task, marking task as UP_FOR_RESCHEDULE
[2023-06-15T12:41:58.629+0000] {local_task_job_runner.py:225} INFO - Task exited with return code 0
[2023-06-15T12:41:58.701+0000] {taskinstance.py:2651} INFO - 0 downstream tasks scheduled from follow-on schedule check
[2023-06-15T12:42:31.547+0000] {taskinstance.py:1103} INFO - Dependencies all met for dep_context=non-requeueable deps ti=<TaskInstance: get_university_api_send_psql.wait_for_json manual__2023-06-15T12:36:25.667831+00:00 [queued]>
[2023-06-15T12:42:31.618+0000] {taskinstance.py:1103} INFO - Dependencies all met for dep_context=requeueable deps ti=<TaskInstance: get_university_api_send_psql.wait_for_json manual__2023-06-15T12:36:25.667831+00:00 [queued]>
[2023-06-15T12:42:31.672+0000] {taskinstance.py:1308} INFO - Starting attempt 1 of 1
[2023-06-15T12:42:31.741+0000] {taskinstance.py:1327} INFO - Executing <Task(PythonSensor): wait_for_json> on 2023-06-15 12:36:25.667831+00:00
[2023-06-15T12:42:31.913+0000] {standard_task_runner.py:57} INFO - Started process 12694 to run task
[2023-06-15T12:42:31.935+0000] {standard_task_runner.py:84} INFO - Running: ['***', 'tasks', 'run', 'get_university_api_send_psql', 'wait_for_json', 'manual__2023-06-15T12:36:25.667831+00:00', '--job-id', '1768', '--raw', '--subdir', 'DAGS_FOLDER/data-university-from-api-dag/data_university_from_api_dag.py', '--cfg-path', '/tmp/tmpw_yxx7qy']
[2023-06-15T12:42:31.961+0000] {standard_task_runner.py:85} INFO - Job 1768: Subtask wait_for_json
[2023-06-15T12:42:32.285+0000] {task_command.py:410} INFO - Running <TaskInstance: get_university_api_send_psql.wait_for_json manual__2023-06-15T12:36:25.667831+00:00 [running]> on host cd01a659cc96
[2023-06-15T12:42:32.462+0000] {taskinstance.py:1547} INFO - Exporting env vars: AIRFLOW_CTX_DAG_OWNER='***' AIRFLOW_CTX_DAG_ID='get_university_api_send_psql' AIRFLOW_CTX_TASK_ID='wait_for_json' AIRFLOW_CTX_EXECUTION_DATE='2023-06-15T12:36:25.667831+00:00' AIRFLOW_CTX_TRY_NUMBER='1' AIRFLOW_CTX_DAG_RUN_ID='manual__2023-06-15T12:36:25.667831+00:00'
[2023-06-15T12:42:32.491+0000] {python.py:72} INFO - Poking callable: <function _wait_for_json at 0x7fb93c12b440>
[2023-06-15T12:42:32.537+0000] {taskinstance.py:1784} INFO - Rescheduling task, marking task as UP_FOR_RESCHEDULE
[2023-06-15T12:42:32.589+0000] {local_task_job_runner.py:225} INFO - Task exited with return code 0
[2023-06-15T12:42:32.645+0000] {taskinstance.py:2651} INFO - 0 downstream tasks scheduled from follow-on schedule check
[2023-06-15T12:43:06.911+0000] {taskinstance.py:1103} INFO - Dependencies all met for dep_context=non-requeueable deps ti=<TaskInstance: get_university_api_send_psql.wait_for_json manual__2023-06-15T12:36:25.667831+00:00 [queued]>
[2023-06-15T12:43:06.962+0000] {taskinstance.py:1103} INFO - Dependencies all met for dep_context=requeueable deps ti=<TaskInstance: get_university_api_send_psql.wait_for_json manual__2023-06-15T12:36:25.667831+00:00 [queued]>
[2023-06-15T12:43:06.965+0000] {taskinstance.py:1308} INFO - Starting attempt 1 of 1
[2023-06-15T12:43:07.043+0000] {taskinstance.py:1327} INFO - Executing <Task(PythonSensor): wait_for_json> on 2023-06-15 12:36:25.667831+00:00
[2023-06-15T12:43:07.065+0000] {standard_task_runner.py:57} INFO - Started process 12709 to run task
[2023-06-15T12:43:07.083+0000] {standard_task_runner.py:84} INFO - Running: ['***', 'tasks', 'run', 'get_university_api_send_psql', 'wait_for_json', 'manual__2023-06-15T12:36:25.667831+00:00', '--job-id', '1770', '--raw', '--subdir', 'DAGS_FOLDER/data-university-from-api-dag/data_university_from_api_dag.py', '--cfg-path', '/tmp/tmpm_n95_d3']
[2023-06-15T12:43:07.103+0000] {standard_task_runner.py:85} INFO - Job 1770: Subtask wait_for_json
[2023-06-15T12:43:07.267+0000] {task_command.py:410} INFO - Running <TaskInstance: get_university_api_send_psql.wait_for_json manual__2023-06-15T12:36:25.667831+00:00 [running]> on host cd01a659cc96
[2023-06-15T12:43:07.493+0000] {taskinstance.py:1547} INFO - Exporting env vars: AIRFLOW_CTX_DAG_OWNER='***' AIRFLOW_CTX_DAG_ID='get_university_api_send_psql' AIRFLOW_CTX_TASK_ID='wait_for_json' AIRFLOW_CTX_EXECUTION_DATE='2023-06-15T12:36:25.667831+00:00' AIRFLOW_CTX_TRY_NUMBER='1' AIRFLOW_CTX_DAG_RUN_ID='manual__2023-06-15T12:36:25.667831+00:00'
[2023-06-15T12:43:07.538+0000] {python.py:72} INFO - Poking callable: <function _wait_for_json at 0x7fb93c12b440>
[2023-06-15T12:43:07.608+0000] {taskinstance.py:1784} INFO - Rescheduling task, marking task as UP_FOR_RESCHEDULE
[2023-06-15T12:43:07.655+0000] {local_task_job_runner.py:225} INFO - Task exited with return code 0
[2023-06-15T12:43:07.765+0000] {taskinstance.py:2651} INFO - 0 downstream tasks scheduled from follow-on schedule check
[2023-06-15T12:43:41.342+0000] {taskinstance.py:1103} INFO - Dependencies all met for dep_context=non-requeueable deps ti=<TaskInstance: get_university_api_send_psql.wait_for_json manual__2023-06-15T12:36:25.667831+00:00 [queued]>
[2023-06-15T12:43:41.386+0000] {taskinstance.py:1103} INFO - Dependencies all met for dep_context=requeueable deps ti=<TaskInstance: get_university_api_send_psql.wait_for_json manual__2023-06-15T12:36:25.667831+00:00 [queued]>
[2023-06-15T12:43:41.392+0000] {taskinstance.py:1308} INFO - Starting attempt 1 of 1
[2023-06-15T12:43:41.611+0000] {taskinstance.py:1327} INFO - Executing <Task(PythonSensor): wait_for_json> on 2023-06-15 12:36:25.667831+00:00
[2023-06-15T12:43:41.749+0000] {standard_task_runner.py:57} INFO - Started process 12724 to run task
[2023-06-15T12:43:41.794+0000] {standard_task_runner.py:84} INFO - Running: ['***', 'tasks', 'run', 'get_university_api_send_psql', 'wait_for_json', 'manual__2023-06-15T12:36:25.667831+00:00', '--job-id', '1772', '--raw', '--subdir', 'DAGS_FOLDER/data-university-from-api-dag/data_university_from_api_dag.py', '--cfg-path', '/tmp/tmpcfkzjas7']
[2023-06-15T12:43:41.813+0000] {standard_task_runner.py:85} INFO - Job 1772: Subtask wait_for_json
[2023-06-15T12:43:42.467+0000] {task_command.py:410} INFO - Running <TaskInstance: get_university_api_send_psql.wait_for_json manual__2023-06-15T12:36:25.667831+00:00 [running]> on host cd01a659cc96
[2023-06-15T12:43:43.311+0000] {taskinstance.py:1547} INFO - Exporting env vars: AIRFLOW_CTX_DAG_OWNER='***' AIRFLOW_CTX_DAG_ID='get_university_api_send_psql' AIRFLOW_CTX_TASK_ID='wait_for_json' AIRFLOW_CTX_EXECUTION_DATE='2023-06-15T12:36:25.667831+00:00' AIRFLOW_CTX_TRY_NUMBER='1' AIRFLOW_CTX_DAG_RUN_ID='manual__2023-06-15T12:36:25.667831+00:00'
[2023-06-15T12:43:43.347+0000] {python.py:72} INFO - Poking callable: <function _wait_for_json at 0x7fb93c12b440>
[2023-06-15T12:43:43.422+0000] {taskinstance.py:1784} INFO - Rescheduling task, marking task as UP_FOR_RESCHEDULE
[2023-06-15T12:43:43.515+0000] {local_task_job_runner.py:225} INFO - Task exited with return code 0
[2023-06-15T12:43:43.718+0000] {taskinstance.py:2651} INFO - 0 downstream tasks scheduled from follow-on schedule check
[2023-06-15T12:44:17.062+0000] {taskinstance.py:1103} INFO - Dependencies all met for dep_context=non-requeueable deps ti=<TaskInstance: get_university_api_send_psql.wait_for_json manual__2023-06-15T12:36:25.667831+00:00 [queued]>
[2023-06-15T12:44:17.083+0000] {taskinstance.py:1103} INFO - Dependencies all met for dep_context=requeueable deps ti=<TaskInstance: get_university_api_send_psql.wait_for_json manual__2023-06-15T12:36:25.667831+00:00 [queued]>
[2023-06-15T12:44:17.085+0000] {taskinstance.py:1308} INFO - Starting attempt 1 of 1
[2023-06-15T12:44:17.118+0000] {taskinstance.py:1327} INFO - Executing <Task(PythonSensor): wait_for_json> on 2023-06-15 12:36:25.667831+00:00
[2023-06-15T12:44:17.130+0000] {standard_task_runner.py:57} INFO - Started process 12741 to run task
[2023-06-15T12:44:17.146+0000] {standard_task_runner.py:84} INFO - Running: ['***', 'tasks', 'run', 'get_university_api_send_psql', 'wait_for_json', 'manual__2023-06-15T12:36:25.667831+00:00', '--job-id', '1775', '--raw', '--subdir', 'DAGS_FOLDER/data-university-from-api-dag/data_university_from_api_dag.py', '--cfg-path', '/tmp/tmp32b64bj7']
[2023-06-15T12:44:17.153+0000] {standard_task_runner.py:85} INFO - Job 1775: Subtask wait_for_json
[2023-06-15T12:44:17.260+0000] {task_command.py:410} INFO - Running <TaskInstance: get_university_api_send_psql.wait_for_json manual__2023-06-15T12:36:25.667831+00:00 [running]> on host cd01a659cc96
[2023-06-15T12:44:17.420+0000] {taskinstance.py:1547} INFO - Exporting env vars: AIRFLOW_CTX_DAG_OWNER='***' AIRFLOW_CTX_DAG_ID='get_university_api_send_psql' AIRFLOW_CTX_TASK_ID='wait_for_json' AIRFLOW_CTX_EXECUTION_DATE='2023-06-15T12:36:25.667831+00:00' AIRFLOW_CTX_TRY_NUMBER='1' AIRFLOW_CTX_DAG_RUN_ID='manual__2023-06-15T12:36:25.667831+00:00'
[2023-06-15T12:44:17.444+0000] {python.py:72} INFO - Poking callable: <function _wait_for_json at 0x7fb93c12b440>
[2023-06-15T12:44:17.490+0000] {taskinstance.py:1784} INFO - Rescheduling task, marking task as UP_FOR_RESCHEDULE
[2023-06-15T12:44:17.522+0000] {local_task_job_runner.py:225} INFO - Task exited with return code 0
[2023-06-15T12:44:17.580+0000] {taskinstance.py:2651} INFO - 0 downstream tasks scheduled from follow-on schedule check
[2023-06-15T12:44:49.907+0000] {taskinstance.py:1103} INFO - Dependencies all met for dep_context=non-requeueable deps ti=<TaskInstance: get_university_api_send_psql.wait_for_json manual__2023-06-15T12:36:25.667831+00:00 [queued]>
[2023-06-15T12:44:49.933+0000] {taskinstance.py:1103} INFO - Dependencies all met for dep_context=requeueable deps ti=<TaskInstance: get_university_api_send_psql.wait_for_json manual__2023-06-15T12:36:25.667831+00:00 [queued]>
[2023-06-15T12:44:49.935+0000] {taskinstance.py:1308} INFO - Starting attempt 1 of 1
[2023-06-15T12:44:49.966+0000] {taskinstance.py:1327} INFO - Executing <Task(PythonSensor): wait_for_json> on 2023-06-15 12:36:25.667831+00:00
[2023-06-15T12:44:49.979+0000] {standard_task_runner.py:57} INFO - Started process 12756 to run task
[2023-06-15T12:44:49.988+0000] {standard_task_runner.py:84} INFO - Running: ['***', 'tasks', 'run', 'get_university_api_send_psql', 'wait_for_json', 'manual__2023-06-15T12:36:25.667831+00:00', '--job-id', '1777', '--raw', '--subdir', 'DAGS_FOLDER/data-university-from-api-dag/data_university_from_api_dag.py', '--cfg-path', '/tmp/tmpts29qjay']
[2023-06-15T12:44:49.994+0000] {standard_task_runner.py:85} INFO - Job 1777: Subtask wait_for_json
[2023-06-15T12:44:50.097+0000] {task_command.py:410} INFO - Running <TaskInstance: get_university_api_send_psql.wait_for_json manual__2023-06-15T12:36:25.667831+00:00 [running]> on host cd01a659cc96
[2023-06-15T12:44:50.257+0000] {taskinstance.py:1547} INFO - Exporting env vars: AIRFLOW_CTX_DAG_OWNER='***' AIRFLOW_CTX_DAG_ID='get_university_api_send_psql' AIRFLOW_CTX_TASK_ID='wait_for_json' AIRFLOW_CTX_EXECUTION_DATE='2023-06-15T12:36:25.667831+00:00' AIRFLOW_CTX_TRY_NUMBER='1' AIRFLOW_CTX_DAG_RUN_ID='manual__2023-06-15T12:36:25.667831+00:00'
[2023-06-15T12:44:50.279+0000] {python.py:72} INFO - Poking callable: <function _wait_for_json at 0x7fb93c12b440>
[2023-06-15T12:44:50.319+0000] {taskinstance.py:1784} INFO - Rescheduling task, marking task as UP_FOR_RESCHEDULE
[2023-06-15T12:44:50.366+0000] {local_task_job_runner.py:225} INFO - Task exited with return code 0
[2023-06-15T12:44:50.429+0000] {taskinstance.py:2651} INFO - 0 downstream tasks scheduled from follow-on schedule check
[2023-06-15T12:45:22.740+0000] {taskinstance.py:1103} INFO - Dependencies all met for dep_context=non-requeueable deps ti=<TaskInstance: get_university_api_send_psql.wait_for_json manual__2023-06-15T12:36:25.667831+00:00 [queued]>
[2023-06-15T12:45:22.786+0000] {taskinstance.py:1103} INFO - Dependencies all met for dep_context=requeueable deps ti=<TaskInstance: get_university_api_send_psql.wait_for_json manual__2023-06-15T12:36:25.667831+00:00 [queued]>
[2023-06-15T12:45:22.789+0000] {taskinstance.py:1308} INFO - Starting attempt 1 of 1
[2023-06-15T12:45:22.840+0000] {taskinstance.py:1327} INFO - Executing <Task(PythonSensor): wait_for_json> on 2023-06-15 12:36:25.667831+00:00
[2023-06-15T12:45:22.856+0000] {standard_task_runner.py:57} INFO - Started process 12774 to run task
[2023-06-15T12:45:22.873+0000] {standard_task_runner.py:84} INFO - Running: ['***', 'tasks', 'run', 'get_university_api_send_psql', 'wait_for_json', 'manual__2023-06-15T12:36:25.667831+00:00', '--job-id', '1780', '--raw', '--subdir', 'DAGS_FOLDER/data-university-from-api-dag/data_university_from_api_dag.py', '--cfg-path', '/tmp/tmpr1sbf0qy']
[2023-06-15T12:45:22.881+0000] {standard_task_runner.py:85} INFO - Job 1780: Subtask wait_for_json
[2023-06-15T12:45:23.019+0000] {task_command.py:410} INFO - Running <TaskInstance: get_university_api_send_psql.wait_for_json manual__2023-06-15T12:36:25.667831+00:00 [running]> on host cd01a659cc96
[2023-06-15T12:45:23.210+0000] {taskinstance.py:1547} INFO - Exporting env vars: AIRFLOW_CTX_DAG_OWNER='***' AIRFLOW_CTX_DAG_ID='get_university_api_send_psql' AIRFLOW_CTX_TASK_ID='wait_for_json' AIRFLOW_CTX_EXECUTION_DATE='2023-06-15T12:36:25.667831+00:00' AIRFLOW_CTX_TRY_NUMBER='1' AIRFLOW_CTX_DAG_RUN_ID='manual__2023-06-15T12:36:25.667831+00:00'
[2023-06-15T12:45:23.235+0000] {python.py:72} INFO - Poking callable: <function _wait_for_json at 0x7fb93c18c3b0>
[2023-06-15T12:45:23.278+0000] {taskinstance.py:1784} INFO - Rescheduling task, marking task as UP_FOR_RESCHEDULE
[2023-06-15T12:45:23.324+0000] {local_task_job_runner.py:225} INFO - Task exited with return code 0
[2023-06-15T12:45:23.388+0000] {taskinstance.py:2651} INFO - 0 downstream tasks scheduled from follow-on schedule check
[2023-06-15T12:47:08.695+0000] {taskinstance.py:1103} INFO - Dependencies all met for dep_context=non-requeueable deps ti=<TaskInstance: get_university_api_send_psql.wait_for_json manual__2023-06-15T12:36:25.667831+00:00 [queued]>
[2023-06-15T12:47:08.720+0000] {taskinstance.py:1103} INFO - Dependencies all met for dep_context=requeueable deps ti=<TaskInstance: get_university_api_send_psql.wait_for_json manual__2023-06-15T12:36:25.667831+00:00 [queued]>
[2023-06-15T12:47:08.723+0000] {taskinstance.py:1308} INFO - Starting attempt 1 of 1
[2023-06-15T12:47:08.753+0000] {taskinstance.py:1327} INFO - Executing <Task(PythonSensor): wait_for_json> on 2023-06-15 12:36:25.667831+00:00
[2023-06-15T12:47:08.769+0000] {standard_task_runner.py:57} INFO - Started process 12792 to run task
[2023-06-15T12:47:08.778+0000] {standard_task_runner.py:84} INFO - Running: ['***', 'tasks', 'run', 'get_university_api_send_psql', 'wait_for_json', 'manual__2023-06-15T12:36:25.667831+00:00', '--job-id', '1783', '--raw', '--subdir', 'DAGS_FOLDER/data-university-from-api-dag/data_university_from_api_dag.py', '--cfg-path', '/tmp/tmp6iojv4xr']
[2023-06-15T12:47:08.785+0000] {standard_task_runner.py:85} INFO - Job 1783: Subtask wait_for_json
[2023-06-15T12:47:08.877+0000] {task_command.py:410} INFO - Running <TaskInstance: get_university_api_send_psql.wait_for_json manual__2023-06-15T12:36:25.667831+00:00 [running]> on host cd01a659cc96
[2023-06-15T12:47:09.038+0000] {taskinstance.py:1547} INFO - Exporting env vars: AIRFLOW_CTX_DAG_OWNER='***' AIRFLOW_CTX_DAG_ID='get_university_api_send_psql' AIRFLOW_CTX_TASK_ID='wait_for_json' AIRFLOW_CTX_EXECUTION_DATE='2023-06-15T12:36:25.667831+00:00' AIRFLOW_CTX_TRY_NUMBER='1' AIRFLOW_CTX_DAG_RUN_ID='manual__2023-06-15T12:36:25.667831+00:00'
[2023-06-15T12:47:09.066+0000] {python.py:72} INFO - Poking callable: <function _wait_for_json at 0x7fb93c103320>
[2023-06-15T12:47:09.105+0000] {taskinstance.py:1784} INFO - Rescheduling task, marking task as UP_FOR_RESCHEDULE
[2023-06-15T12:47:09.157+0000] {local_task_job_runner.py:225} INFO - Task exited with return code 0
[2023-06-15T12:47:09.214+0000] {taskinstance.py:2651} INFO - 0 downstream tasks scheduled from follow-on schedule check
[2023-06-15T12:48:00.552+0000] {taskinstance.py:1103} INFO - Dependencies all met for dep_context=non-requeueable deps ti=<TaskInstance: get_university_api_send_psql.wait_for_json manual__2023-06-15T12:36:25.667831+00:00 [queued]>
[2023-06-15T12:48:00.664+0000] {taskinstance.py:1103} INFO - Dependencies all met for dep_context=requeueable deps ti=<TaskInstance: get_university_api_send_psql.wait_for_json manual__2023-06-15T12:36:25.667831+00:00 [queued]>
[2023-06-15T12:48:00.666+0000] {taskinstance.py:1308} INFO - Starting attempt 1 of 1
[2023-06-15T12:48:00.884+0000] {taskinstance.py:1327} INFO - Executing <Task(PythonSensor): wait_for_json> on 2023-06-15 12:36:25.667831+00:00
[2023-06-15T12:48:00.932+0000] {standard_task_runner.py:57} INFO - Started process 12809 to run task
[2023-06-15T12:48:01.028+0000] {standard_task_runner.py:84} INFO - Running: ['***', 'tasks', 'run', 'get_university_api_send_psql', 'wait_for_json', 'manual__2023-06-15T12:36:25.667831+00:00', '--job-id', '1784', '--raw', '--subdir', 'DAGS_FOLDER/data-university-from-api-dag/data_university_from_api_dag.py', '--cfg-path', '/tmp/tmp6nrq3ym_']
[2023-06-15T12:48:01.100+0000] {standard_task_runner.py:85} INFO - Job 1784: Subtask wait_for_json
[2023-06-15T12:48:02.226+0000] {task_command.py:410} INFO - Running <TaskInstance: get_university_api_send_psql.wait_for_json manual__2023-06-15T12:36:25.667831+00:00 [running]> on host cd01a659cc96
[2023-06-15T12:48:02.716+0000] {taskinstance.py:1547} INFO - Exporting env vars: AIRFLOW_CTX_DAG_OWNER='***' AIRFLOW_CTX_DAG_ID='get_university_api_send_psql' AIRFLOW_CTX_TASK_ID='wait_for_json' AIRFLOW_CTX_EXECUTION_DATE='2023-06-15T12:36:25.667831+00:00' AIRFLOW_CTX_TRY_NUMBER='1' AIRFLOW_CTX_DAG_RUN_ID='manual__2023-06-15T12:36:25.667831+00:00'
[2023-06-15T12:48:02.802+0000] {python.py:72} INFO - Poking callable: <function _wait_for_json at 0x7fb93c18c3b0>
[2023-06-15T12:48:02.913+0000] {taskinstance.py:1784} INFO - Rescheduling task, marking task as UP_FOR_RESCHEDULE
[2023-06-15T12:48:02.990+0000] {local_task_job_runner.py:225} INFO - Task exited with return code 0
[2023-06-15T12:48:03.192+0000] {taskinstance.py:2651} INFO - 0 downstream tasks scheduled from follow-on schedule check
[2023-06-15T12:48:43.456+0000] {taskinstance.py:1103} INFO - Dependencies all met for dep_context=non-requeueable deps ti=<TaskInstance: get_university_api_send_psql.wait_for_json manual__2023-06-15T12:36:25.667831+00:00 [queued]>
[2023-06-15T12:48:43.545+0000] {taskinstance.py:1103} INFO - Dependencies all met for dep_context=requeueable deps ti=<TaskInstance: get_university_api_send_psql.wait_for_json manual__2023-06-15T12:36:25.667831+00:00 [queued]>
[2023-06-15T12:48:43.550+0000] {taskinstance.py:1308} INFO - Starting attempt 1 of 1
[2023-06-15T12:48:43.661+0000] {taskinstance.py:1327} INFO - Executing <Task(PythonSensor): wait_for_json> on 2023-06-15 12:36:25.667831+00:00
[2023-06-15T12:48:43.681+0000] {standard_task_runner.py:57} INFO - Started process 12827 to run task
[2023-06-15T12:48:43.702+0000] {standard_task_runner.py:84} INFO - Running: ['***', 'tasks', 'run', 'get_university_api_send_psql', 'wait_for_json', 'manual__2023-06-15T12:36:25.667831+00:00', '--job-id', '1788', '--raw', '--subdir', 'DAGS_FOLDER/data-university-from-api-dag/data_university_from_api_dag.py', '--cfg-path', '/tmp/tmpbpkj7v9u']
[2023-06-15T12:48:43.713+0000] {standard_task_runner.py:85} INFO - Job 1788: Subtask wait_for_json
[2023-06-15T12:48:44.031+0000] {task_command.py:410} INFO - Running <TaskInstance: get_university_api_send_psql.wait_for_json manual__2023-06-15T12:36:25.667831+00:00 [running]> on host cd01a659cc96
[2023-06-15T12:48:44.397+0000] {taskinstance.py:1547} INFO - Exporting env vars: AIRFLOW_CTX_DAG_OWNER='***' AIRFLOW_CTX_DAG_ID='get_university_api_send_psql' AIRFLOW_CTX_TASK_ID='wait_for_json' AIRFLOW_CTX_EXECUTION_DATE='2023-06-15T12:36:25.667831+00:00' AIRFLOW_CTX_TRY_NUMBER='1' AIRFLOW_CTX_DAG_RUN_ID='manual__2023-06-15T12:36:25.667831+00:00'
[2023-06-15T12:48:44.446+0000] {python.py:72} INFO - Poking callable: <function _wait_for_json at 0x7fb93c18c3b0>
[2023-06-15T12:48:44.600+0000] {taskinstance.py:1784} INFO - Rescheduling task, marking task as UP_FOR_RESCHEDULE
[2023-06-15T12:48:44.713+0000] {local_task_job_runner.py:225} INFO - Task exited with return code 0
[2023-06-15T12:48:44.904+0000] {taskinstance.py:2651} INFO - 0 downstream tasks scheduled from follow-on schedule check
[2023-06-15T12:49:17.329+0000] {taskinstance.py:1103} INFO - Dependencies all met for dep_context=non-requeueable deps ti=<TaskInstance: get_university_api_send_psql.wait_for_json manual__2023-06-15T12:36:25.667831+00:00 [queued]>
[2023-06-15T12:49:17.393+0000] {taskinstance.py:1103} INFO - Dependencies all met for dep_context=requeueable deps ti=<TaskInstance: get_university_api_send_psql.wait_for_json manual__2023-06-15T12:36:25.667831+00:00 [queued]>
[2023-06-15T12:49:17.395+0000] {taskinstance.py:1308} INFO - Starting attempt 1 of 1
[2023-06-15T12:49:17.467+0000] {taskinstance.py:1327} INFO - Executing <Task(PythonSensor): wait_for_json> on 2023-06-15 12:36:25.667831+00:00
[2023-06-15T12:49:17.506+0000] {standard_task_runner.py:57} INFO - Started process 12845 to run task
[2023-06-15T12:49:17.541+0000] {standard_task_runner.py:84} INFO - Running: ['***', 'tasks', 'run', 'get_university_api_send_psql', 'wait_for_json', 'manual__2023-06-15T12:36:25.667831+00:00', '--job-id', '1791', '--raw', '--subdir', 'DAGS_FOLDER/data-university-from-api-dag/data_university_from_api_dag.py', '--cfg-path', '/tmp/tmpf18v8z4l']
[2023-06-15T12:49:17.566+0000] {standard_task_runner.py:85} INFO - Job 1791: Subtask wait_for_json
[2023-06-15T12:49:17.812+0000] {task_command.py:410} INFO - Running <TaskInstance: get_university_api_send_psql.wait_for_json manual__2023-06-15T12:36:25.667831+00:00 [running]> on host cd01a659cc96
[2023-06-15T12:49:18.287+0000] {taskinstance.py:1547} INFO - Exporting env vars: AIRFLOW_CTX_DAG_OWNER='***' AIRFLOW_CTX_DAG_ID='get_university_api_send_psql' AIRFLOW_CTX_TASK_ID='wait_for_json' AIRFLOW_CTX_EXECUTION_DATE='2023-06-15T12:36:25.667831+00:00' AIRFLOW_CTX_TRY_NUMBER='1' AIRFLOW_CTX_DAG_RUN_ID='manual__2023-06-15T12:36:25.667831+00:00'
[2023-06-15T12:49:18.426+0000] {python.py:72} INFO - Poking callable: <function _wait_for_json at 0x7fb93c18c3b0>
[2023-06-15T12:49:18.753+0000] {taskinstance.py:1784} INFO - Rescheduling task, marking task as UP_FOR_RESCHEDULE
[2023-06-15T12:49:18.809+0000] {local_task_job_runner.py:225} INFO - Task exited with return code 0
[2023-06-15T12:49:18.949+0000] {taskinstance.py:2651} INFO - 0 downstream tasks scheduled from follow-on schedule check
[2023-06-15T12:50:11.161+0000] {taskinstance.py:1103} INFO - Dependencies all met for dep_context=non-requeueable deps ti=<TaskInstance: get_university_api_send_psql.wait_for_json manual__2023-06-15T12:36:25.667831+00:00 [queued]>
[2023-06-15T12:50:11.320+0000] {taskinstance.py:1103} INFO - Dependencies all met for dep_context=requeueable deps ti=<TaskInstance: get_university_api_send_psql.wait_for_json manual__2023-06-15T12:36:25.667831+00:00 [queued]>
[2023-06-15T12:50:11.324+0000] {taskinstance.py:1308} INFO - Starting attempt 1 of 1
[2023-06-15T12:50:11.417+0000] {taskinstance.py:1327} INFO - Executing <Task(PythonSensor): wait_for_json> on 2023-06-15 12:36:25.667831+00:00
[2023-06-15T12:50:11.510+0000] {standard_task_runner.py:57} INFO - Started process 12871 to run task
[2023-06-15T12:50:11.657+0000] {standard_task_runner.py:84} INFO - Running: ['***', 'tasks', 'run', 'get_university_api_send_psql', 'wait_for_json', 'manual__2023-06-15T12:36:25.667831+00:00', '--job-id', '1795', '--raw', '--subdir', 'DAGS_FOLDER/data-university-from-api-dag/data_university_from_api_dag.py', '--cfg-path', '/tmp/tmpm_uuzo_k']
[2023-06-15T12:50:11.706+0000] {standard_task_runner.py:85} INFO - Job 1795: Subtask wait_for_json
[2023-06-15T12:50:11.983+0000] {task_command.py:410} INFO - Running <TaskInstance: get_university_api_send_psql.wait_for_json manual__2023-06-15T12:36:25.667831+00:00 [running]> on host cd01a659cc96
[2023-06-15T12:50:12.666+0000] {taskinstance.py:1547} INFO - Exporting env vars: AIRFLOW_CTX_DAG_OWNER='***' AIRFLOW_CTX_DAG_ID='get_university_api_send_psql' AIRFLOW_CTX_TASK_ID='wait_for_json' AIRFLOW_CTX_EXECUTION_DATE='2023-06-15T12:36:25.667831+00:00' AIRFLOW_CTX_TRY_NUMBER='1' AIRFLOW_CTX_DAG_RUN_ID='manual__2023-06-15T12:36:25.667831+00:00'
[2023-06-15T12:50:12.866+0000] {python.py:72} INFO - Poking callable: <function _wait_for_json at 0x7fb93c12b440>
[2023-06-15T12:50:13.299+0000] {taskinstance.py:1784} INFO - Rescheduling task, marking task as UP_FOR_RESCHEDULE
[2023-06-15T12:50:13.384+0000] {local_task_job_runner.py:225} INFO - Task exited with return code 0
[2023-06-15T12:50:14.273+0000] {taskinstance.py:2651} INFO - 0 downstream tasks scheduled from follow-on schedule check
[2023-06-15T12:50:50.688+0000] {taskinstance.py:1103} INFO - Dependencies all met for dep_context=non-requeueable deps ti=<TaskInstance: get_university_api_send_psql.wait_for_json manual__2023-06-15T12:36:25.667831+00:00 [queued]>
[2023-06-15T12:50:50.874+0000] {taskinstance.py:1103} INFO - Dependencies all met for dep_context=requeueable deps ti=<TaskInstance: get_university_api_send_psql.wait_for_json manual__2023-06-15T12:36:25.667831+00:00 [queued]>
[2023-06-15T12:50:50.882+0000] {taskinstance.py:1308} INFO - Starting attempt 1 of 1
[2023-06-15T12:50:51.093+0000] {taskinstance.py:1327} INFO - Executing <Task(PythonSensor): wait_for_json> on 2023-06-15 12:36:25.667831+00:00
[2023-06-15T12:50:51.129+0000] {standard_task_runner.py:57} INFO - Started process 12891 to run task
[2023-06-15T12:50:51.144+0000] {standard_task_runner.py:84} INFO - Running: ['***', 'tasks', 'run', 'get_university_api_send_psql', 'wait_for_json', 'manual__2023-06-15T12:36:25.667831+00:00', '--job-id', '1798', '--raw', '--subdir', 'DAGS_FOLDER/data-university-from-api-dag/data_university_from_api_dag.py', '--cfg-path', '/tmp/tmp0uyuz_vn']
[2023-06-15T12:50:51.229+0000] {standard_task_runner.py:85} INFO - Job 1798: Subtask wait_for_json
[2023-06-15T12:50:52.101+0000] {task_command.py:410} INFO - Running <TaskInstance: get_university_api_send_psql.wait_for_json manual__2023-06-15T12:36:25.667831+00:00 [running]> on host cd01a659cc96
[2023-06-15T12:50:52.915+0000] {taskinstance.py:1547} INFO - Exporting env vars: AIRFLOW_CTX_DAG_OWNER='***' AIRFLOW_CTX_DAG_ID='get_university_api_send_psql' AIRFLOW_CTX_TASK_ID='wait_for_json' AIRFLOW_CTX_EXECUTION_DATE='2023-06-15T12:36:25.667831+00:00' AIRFLOW_CTX_TRY_NUMBER='1' AIRFLOW_CTX_DAG_RUN_ID='manual__2023-06-15T12:36:25.667831+00:00'
[2023-06-15T12:50:52.991+0000] {python.py:72} INFO - Poking callable: <function _wait_for_json at 0x7fb93c17b200>
[2023-06-15T12:50:53.076+0000] {taskinstance.py:1784} INFO - Rescheduling task, marking task as UP_FOR_RESCHEDULE
[2023-06-15T12:50:53.132+0000] {local_task_job_runner.py:225} INFO - Task exited with return code 0
[2023-06-15T12:50:53.246+0000] {taskinstance.py:2651} INFO - 0 downstream tasks scheduled from follow-on schedule check
[2023-06-15T12:51:27.793+0000] {taskinstance.py:1103} INFO - Dependencies all met for dep_context=non-requeueable deps ti=<TaskInstance: get_university_api_send_psql.wait_for_json manual__2023-06-15T12:36:25.667831+00:00 [queued]>
[2023-06-15T12:51:27.843+0000] {taskinstance.py:1103} INFO - Dependencies all met for dep_context=requeueable deps ti=<TaskInstance: get_university_api_send_psql.wait_for_json manual__2023-06-15T12:36:25.667831+00:00 [queued]>
[2023-06-15T12:51:27.847+0000] {taskinstance.py:1308} INFO - Starting attempt 1 of 1
[2023-06-15T12:51:27.937+0000] {taskinstance.py:1327} INFO - Executing <Task(PythonSensor): wait_for_json> on 2023-06-15 12:36:25.667831+00:00
[2023-06-15T12:51:27.953+0000] {standard_task_runner.py:57} INFO - Started process 12909 to run task
[2023-06-15T12:51:27.971+0000] {standard_task_runner.py:84} INFO - Running: ['***', 'tasks', 'run', 'get_university_api_send_psql', 'wait_for_json', 'manual__2023-06-15T12:36:25.667831+00:00', '--job-id', '1801', '--raw', '--subdir', 'DAGS_FOLDER/data-university-from-api-dag/data_university_from_api_dag.py', '--cfg-path', '/tmp/tmpe704besq']
[2023-06-15T12:51:27.978+0000] {standard_task_runner.py:85} INFO - Job 1801: Subtask wait_for_json
[2023-06-15T12:51:28.106+0000] {task_command.py:410} INFO - Running <TaskInstance: get_university_api_send_psql.wait_for_json manual__2023-06-15T12:36:25.667831+00:00 [running]> on host cd01a659cc96
[2023-06-15T12:51:32.330+0000] {taskinstance.py:1547} INFO - Exporting env vars: AIRFLOW_CTX_DAG_OWNER='***' AIRFLOW_CTX_DAG_ID='get_university_api_send_psql' AIRFLOW_CTX_TASK_ID='wait_for_json' AIRFLOW_CTX_EXECUTION_DATE='2023-06-15T12:36:25.667831+00:00' AIRFLOW_CTX_TRY_NUMBER='1' AIRFLOW_CTX_DAG_RUN_ID='manual__2023-06-15T12:36:25.667831+00:00'
[2023-06-15T12:51:32.727+0000] {python.py:72} INFO - Poking callable: <function _wait_for_json at 0x7fb93c17b200>
[2023-06-15T12:51:32.886+0000] {taskinstance.py:1784} INFO - Rescheduling task, marking task as UP_FOR_RESCHEDULE
[2023-06-15T12:51:33.039+0000] {local_task_job_runner.py:225} INFO - Task exited with return code 0
[2023-06-15T12:51:33.159+0000] {taskinstance.py:2651} INFO - 0 downstream tasks scheduled from follow-on schedule check
[2023-06-15T12:52:04.973+0000] {taskinstance.py:1103} INFO - Dependencies all met for dep_context=non-requeueable deps ti=<TaskInstance: get_university_api_send_psql.wait_for_json manual__2023-06-15T12:36:25.667831+00:00 [queued]>
[2023-06-15T12:52:04.993+0000] {taskinstance.py:1103} INFO - Dependencies all met for dep_context=requeueable deps ti=<TaskInstance: get_university_api_send_psql.wait_for_json manual__2023-06-15T12:36:25.667831+00:00 [queued]>
[2023-06-15T12:52:04.996+0000] {taskinstance.py:1308} INFO - Starting attempt 1 of 1
[2023-06-15T12:52:05.033+0000] {taskinstance.py:1327} INFO - Executing <Task(PythonSensor): wait_for_json> on 2023-06-15 12:36:25.667831+00:00
[2023-06-15T12:52:05.049+0000] {standard_task_runner.py:57} INFO - Started process 12928 to run task
[2023-06-15T12:52:05.075+0000] {standard_task_runner.py:84} INFO - Running: ['***', 'tasks', 'run', 'get_university_api_send_psql', 'wait_for_json', 'manual__2023-06-15T12:36:25.667831+00:00', '--job-id', '1804', '--raw', '--subdir', 'DAGS_FOLDER/data-university-from-api-dag/data_university_from_api_dag.py', '--cfg-path', '/tmp/tmpmt3kd4ti']
[2023-06-15T12:52:05.084+0000] {standard_task_runner.py:85} INFO - Job 1804: Subtask wait_for_json
[2023-06-15T12:52:05.215+0000] {task_command.py:410} INFO - Running <TaskInstance: get_university_api_send_psql.wait_for_json manual__2023-06-15T12:36:25.667831+00:00 [running]> on host cd01a659cc96
[2023-06-15T12:52:05.422+0000] {taskinstance.py:1547} INFO - Exporting env vars: AIRFLOW_CTX_DAG_OWNER='***' AIRFLOW_CTX_DAG_ID='get_university_api_send_psql' AIRFLOW_CTX_TASK_ID='wait_for_json' AIRFLOW_CTX_EXECUTION_DATE='2023-06-15T12:36:25.667831+00:00' AIRFLOW_CTX_TRY_NUMBER='1' AIRFLOW_CTX_DAG_RUN_ID='manual__2023-06-15T12:36:25.667831+00:00'
[2023-06-15T12:52:05.456+0000] {python.py:72} INFO - Poking callable: <function _wait_for_json at 0x7fb93c12b440>
[2023-06-15T12:52:05.510+0000] {taskinstance.py:1784} INFO - Rescheduling task, marking task as UP_FOR_RESCHEDULE
[2023-06-15T12:52:05.561+0000] {local_task_job_runner.py:225} INFO - Task exited with return code 0
[2023-06-15T12:52:05.831+0000] {taskinstance.py:2651} INFO - 0 downstream tasks scheduled from follow-on schedule check
[2023-06-15T12:52:38.332+0000] {taskinstance.py:1103} INFO - Dependencies all met for dep_context=non-requeueable deps ti=<TaskInstance: get_university_api_send_psql.wait_for_json manual__2023-06-15T12:36:25.667831+00:00 [queued]>
[2023-06-15T12:52:38.358+0000] {taskinstance.py:1103} INFO - Dependencies all met for dep_context=requeueable deps ti=<TaskInstance: get_university_api_send_psql.wait_for_json manual__2023-06-15T12:36:25.667831+00:00 [queued]>
[2023-06-15T12:52:38.360+0000] {taskinstance.py:1308} INFO - Starting attempt 1 of 1
[2023-06-15T12:52:38.390+0000] {taskinstance.py:1327} INFO - Executing <Task(PythonSensor): wait_for_json> on 2023-06-15 12:36:25.667831+00:00
[2023-06-15T12:52:38.403+0000] {standard_task_runner.py:57} INFO - Started process 12947 to run task
[2023-06-15T12:52:38.413+0000] {standard_task_runner.py:84} INFO - Running: ['***', 'tasks', 'run', 'get_university_api_send_psql', 'wait_for_json', 'manual__2023-06-15T12:36:25.667831+00:00', '--job-id', '1807', '--raw', '--subdir', 'DAGS_FOLDER/data-university-from-api-dag/data_university_from_api_dag.py', '--cfg-path', '/tmp/tmpb080asn_']
[2023-06-15T12:52:38.419+0000] {standard_task_runner.py:85} INFO - Job 1807: Subtask wait_for_json
[2023-06-15T12:52:38.509+0000] {task_command.py:410} INFO - Running <TaskInstance: get_university_api_send_psql.wait_for_json manual__2023-06-15T12:36:25.667831+00:00 [running]> on host cd01a659cc96
[2023-06-15T12:52:38.677+0000] {taskinstance.py:1547} INFO - Exporting env vars: AIRFLOW_CTX_DAG_OWNER='***' AIRFLOW_CTX_DAG_ID='get_university_api_send_psql' AIRFLOW_CTX_TASK_ID='wait_for_json' AIRFLOW_CTX_EXECUTION_DATE='2023-06-15T12:36:25.667831+00:00' AIRFLOW_CTX_TRY_NUMBER='1' AIRFLOW_CTX_DAG_RUN_ID='manual__2023-06-15T12:36:25.667831+00:00'
[2023-06-15T12:52:38.708+0000] {python.py:72} INFO - Poking callable: <function _wait_for_json at 0x7fb93c12b440>
[2023-06-15T12:52:38.756+0000] {taskinstance.py:1784} INFO - Rescheduling task, marking task as UP_FOR_RESCHEDULE
[2023-06-15T12:52:38.792+0000] {local_task_job_runner.py:225} INFO - Task exited with return code 0
[2023-06-15T12:52:38.851+0000] {taskinstance.py:2651} INFO - 0 downstream tasks scheduled from follow-on schedule check
[2023-06-15T12:53:13.307+0000] {taskinstance.py:1103} INFO - Dependencies all met for dep_context=non-requeueable deps ti=<TaskInstance: get_university_api_send_psql.wait_for_json manual__2023-06-15T12:36:25.667831+00:00 [queued]>
[2023-06-15T12:53:13.329+0000] {taskinstance.py:1103} INFO - Dependencies all met for dep_context=requeueable deps ti=<TaskInstance: get_university_api_send_psql.wait_for_json manual__2023-06-15T12:36:25.667831+00:00 [queued]>
[2023-06-15T12:53:13.331+0000] {taskinstance.py:1308} INFO - Starting attempt 1 of 1
[2023-06-15T12:53:13.366+0000] {taskinstance.py:1327} INFO - Executing <Task(PythonSensor): wait_for_json> on 2023-06-15 12:36:25.667831+00:00
[2023-06-15T12:53:13.376+0000] {standard_task_runner.py:57} INFO - Started process 12965 to run task
[2023-06-15T12:53:13.386+0000] {standard_task_runner.py:84} INFO - Running: ['***', 'tasks', 'run', 'get_university_api_send_psql', 'wait_for_json', 'manual__2023-06-15T12:36:25.667831+00:00', '--job-id', '1810', '--raw', '--subdir', 'DAGS_FOLDER/data-university-from-api-dag/data_university_from_api_dag.py', '--cfg-path', '/tmp/tmpq4xsma19']
[2023-06-15T12:53:13.392+0000] {standard_task_runner.py:85} INFO - Job 1810: Subtask wait_for_json
[2023-06-15T12:53:13.486+0000] {task_command.py:410} INFO - Running <TaskInstance: get_university_api_send_psql.wait_for_json manual__2023-06-15T12:36:25.667831+00:00 [running]> on host cd01a659cc96
[2023-06-15T12:53:13.641+0000] {taskinstance.py:1547} INFO - Exporting env vars: AIRFLOW_CTX_DAG_OWNER='***' AIRFLOW_CTX_DAG_ID='get_university_api_send_psql' AIRFLOW_CTX_TASK_ID='wait_for_json' AIRFLOW_CTX_EXECUTION_DATE='2023-06-15T12:36:25.667831+00:00' AIRFLOW_CTX_TRY_NUMBER='1' AIRFLOW_CTX_DAG_RUN_ID='manual__2023-06-15T12:36:25.667831+00:00'
[2023-06-15T12:53:13.664+0000] {python.py:72} INFO - Poking callable: <function _wait_for_json at 0x7fb93c17b200>
[2023-06-15T12:53:13.700+0000] {taskinstance.py:1784} INFO - Rescheduling task, marking task as UP_FOR_RESCHEDULE
[2023-06-15T12:53:13.720+0000] {local_task_job_runner.py:225} INFO - Task exited with return code 0
[2023-06-15T12:53:13.775+0000] {taskinstance.py:2651} INFO - 0 downstream tasks scheduled from follow-on schedule check
[2023-06-15T12:53:47.809+0000] {taskinstance.py:1103} INFO - Dependencies all met for dep_context=non-requeueable deps ti=<TaskInstance: get_university_api_send_psql.wait_for_json manual__2023-06-15T12:36:25.667831+00:00 [queued]>
[2023-06-15T12:53:47.831+0000] {taskinstance.py:1103} INFO - Dependencies all met for dep_context=requeueable deps ti=<TaskInstance: get_university_api_send_psql.wait_for_json manual__2023-06-15T12:36:25.667831+00:00 [queued]>
[2023-06-15T12:53:47.833+0000] {taskinstance.py:1308} INFO - Starting attempt 1 of 1
[2023-06-15T12:53:47.873+0000] {taskinstance.py:1327} INFO - Executing <Task(PythonSensor): wait_for_json> on 2023-06-15 12:36:25.667831+00:00
[2023-06-15T12:53:47.886+0000] {standard_task_runner.py:57} INFO - Started process 12983 to run task
[2023-06-15T12:53:47.896+0000] {standard_task_runner.py:84} INFO - Running: ['***', 'tasks', 'run', 'get_university_api_send_psql', 'wait_for_json', 'manual__2023-06-15T12:36:25.667831+00:00', '--job-id', '1813', '--raw', '--subdir', 'DAGS_FOLDER/data-university-from-api-dag/data_university_from_api_dag.py', '--cfg-path', '/tmp/tmp35yl50l9']
[2023-06-15T12:53:47.902+0000] {standard_task_runner.py:85} INFO - Job 1813: Subtask wait_for_json
[2023-06-15T12:53:48.004+0000] {task_command.py:410} INFO - Running <TaskInstance: get_university_api_send_psql.wait_for_json manual__2023-06-15T12:36:25.667831+00:00 [running]> on host cd01a659cc96
[2023-06-15T12:53:48.184+0000] {taskinstance.py:1547} INFO - Exporting env vars: AIRFLOW_CTX_DAG_OWNER='***' AIRFLOW_CTX_DAG_ID='get_university_api_send_psql' AIRFLOW_CTX_TASK_ID='wait_for_json' AIRFLOW_CTX_EXECUTION_DATE='2023-06-15T12:36:25.667831+00:00' AIRFLOW_CTX_TRY_NUMBER='1' AIRFLOW_CTX_DAG_RUN_ID='manual__2023-06-15T12:36:25.667831+00:00'
[2023-06-15T12:53:48.206+0000] {python.py:72} INFO - Poking callable: <function _wait_for_json at 0x7fb93c17b200>
[2023-06-15T12:53:48.247+0000] {taskinstance.py:1784} INFO - Rescheduling task, marking task as UP_FOR_RESCHEDULE
[2023-06-15T12:53:48.271+0000] {local_task_job_runner.py:225} INFO - Task exited with return code 0
[2023-06-15T12:53:48.340+0000] {taskinstance.py:2651} INFO - 0 downstream tasks scheduled from follow-on schedule check
[2023-06-15T12:54:27.540+0000] {taskinstance.py:1103} INFO - Dependencies all met for dep_context=non-requeueable deps ti=<TaskInstance: get_university_api_send_psql.wait_for_json manual__2023-06-15T12:36:25.667831+00:00 [queued]>
[2023-06-15T12:54:27.635+0000] {taskinstance.py:1103} INFO - Dependencies all met for dep_context=requeueable deps ti=<TaskInstance: get_university_api_send_psql.wait_for_json manual__2023-06-15T12:36:25.667831+00:00 [queued]>
[2023-06-15T12:54:27.648+0000] {taskinstance.py:1308} INFO - Starting attempt 1 of 1
[2023-06-15T12:54:27.815+0000] {taskinstance.py:1327} INFO - Executing <Task(PythonSensor): wait_for_json> on 2023-06-15 12:36:25.667831+00:00
[2023-06-15T12:54:27.877+0000] {standard_task_runner.py:57} INFO - Started process 13001 to run task
[2023-06-15T12:54:27.946+0000] {standard_task_runner.py:84} INFO - Running: ['***', 'tasks', 'run', 'get_university_api_send_psql', 'wait_for_json', 'manual__2023-06-15T12:36:25.667831+00:00', '--job-id', '1816', '--raw', '--subdir', 'DAGS_FOLDER/data-university-from-api-dag/data_university_from_api_dag.py', '--cfg-path', '/tmp/tmpyki1ct4l']
[2023-06-15T12:54:28.024+0000] {standard_task_runner.py:85} INFO - Job 1816: Subtask wait_for_json
[2023-06-15T12:54:28.311+0000] {task_command.py:410} INFO - Running <TaskInstance: get_university_api_send_psql.wait_for_json manual__2023-06-15T12:36:25.667831+00:00 [running]> on host cd01a659cc96
[2023-06-15T12:54:29.086+0000] {taskinstance.py:1547} INFO - Exporting env vars: AIRFLOW_CTX_DAG_OWNER='***' AIRFLOW_CTX_DAG_ID='get_university_api_send_psql' AIRFLOW_CTX_TASK_ID='wait_for_json' AIRFLOW_CTX_EXECUTION_DATE='2023-06-15T12:36:25.667831+00:00' AIRFLOW_CTX_TRY_NUMBER='1' AIRFLOW_CTX_DAG_RUN_ID='manual__2023-06-15T12:36:25.667831+00:00'
[2023-06-15T12:54:29.216+0000] {python.py:72} INFO - Poking callable: <function _wait_for_json at 0x7fb93c17b200>
[2023-06-15T12:54:29.447+0000] {taskinstance.py:1784} INFO - Rescheduling task, marking task as UP_FOR_RESCHEDULE
[2023-06-15T12:54:29.535+0000] {local_task_job_runner.py:225} INFO - Task exited with return code 0
[2023-06-15T12:54:29.848+0000] {taskinstance.py:2651} INFO - 0 downstream tasks scheduled from follow-on schedule check
[2023-06-15T12:55:03.202+0000] {taskinstance.py:1103} INFO - Dependencies all met for dep_context=non-requeueable deps ti=<TaskInstance: get_university_api_send_psql.wait_for_json manual__2023-06-15T12:36:25.667831+00:00 [queued]>
[2023-06-15T12:55:03.229+0000] {taskinstance.py:1103} INFO - Dependencies all met for dep_context=requeueable deps ti=<TaskInstance: get_university_api_send_psql.wait_for_json manual__2023-06-15T12:36:25.667831+00:00 [queued]>
[2023-06-15T12:55:03.230+0000] {taskinstance.py:1308} INFO - Starting attempt 1 of 1
[2023-06-15T12:55:03.271+0000] {taskinstance.py:1327} INFO - Executing <Task(PythonSensor): wait_for_json> on 2023-06-15 12:36:25.667831+00:00
[2023-06-15T12:55:03.289+0000] {standard_task_runner.py:57} INFO - Started process 13017 to run task
[2023-06-15T12:55:03.307+0000] {standard_task_runner.py:84} INFO - Running: ['***', 'tasks', 'run', 'get_university_api_send_psql', 'wait_for_json', 'manual__2023-06-15T12:36:25.667831+00:00', '--job-id', '1818', '--raw', '--subdir', 'DAGS_FOLDER/data-university-from-api-dag/data_university_from_api_dag.py', '--cfg-path', '/tmp/tmp9da7pr4_']
[2023-06-15T12:55:03.318+0000] {standard_task_runner.py:85} INFO - Job 1818: Subtask wait_for_json
[2023-06-15T12:55:03.473+0000] {task_command.py:410} INFO - Running <TaskInstance: get_university_api_send_psql.wait_for_json manual__2023-06-15T12:36:25.667831+00:00 [running]> on host cd01a659cc96
[2023-06-15T12:55:03.778+0000] {taskinstance.py:1547} INFO - Exporting env vars: AIRFLOW_CTX_DAG_OWNER='***' AIRFLOW_CTX_DAG_ID='get_university_api_send_psql' AIRFLOW_CTX_TASK_ID='wait_for_json' AIRFLOW_CTX_EXECUTION_DATE='2023-06-15T12:36:25.667831+00:00' AIRFLOW_CTX_TRY_NUMBER='1' AIRFLOW_CTX_DAG_RUN_ID='manual__2023-06-15T12:36:25.667831+00:00'
[2023-06-15T12:55:03.823+0000] {python.py:72} INFO - Poking callable: <function _wait_for_json at 0x7fb93c18c3b0>
[2023-06-15T12:55:03.894+0000] {taskinstance.py:1784} INFO - Rescheduling task, marking task as UP_FOR_RESCHEDULE
[2023-06-15T12:55:03.932+0000] {local_task_job_runner.py:225} INFO - Task exited with return code 0
[2023-06-15T12:55:04.058+0000] {taskinstance.py:2651} INFO - 0 downstream tasks scheduled from follow-on schedule check
[2023-06-15T12:55:37.308+0000] {taskinstance.py:1103} INFO - Dependencies all met for dep_context=non-requeueable deps ti=<TaskInstance: get_university_api_send_psql.wait_for_json manual__2023-06-15T12:36:25.667831+00:00 [queued]>
[2023-06-15T12:55:37.357+0000] {taskinstance.py:1103} INFO - Dependencies all met for dep_context=requeueable deps ti=<TaskInstance: get_university_api_send_psql.wait_for_json manual__2023-06-15T12:36:25.667831+00:00 [queued]>
[2023-06-15T12:55:37.363+0000] {taskinstance.py:1308} INFO - Starting attempt 1 of 1
[2023-06-15T12:55:37.496+0000] {taskinstance.py:1327} INFO - Executing <Task(PythonSensor): wait_for_json> on 2023-06-15 12:36:25.667831+00:00
[2023-06-15T12:55:37.517+0000] {standard_task_runner.py:57} INFO - Started process 13035 to run task
[2023-06-15T12:55:37.531+0000] {standard_task_runner.py:84} INFO - Running: ['***', 'tasks', 'run', 'get_university_api_send_psql', 'wait_for_json', 'manual__2023-06-15T12:36:25.667831+00:00', '--job-id', '1821', '--raw', '--subdir', 'DAGS_FOLDER/data-university-from-api-dag/data_university_from_api_dag.py', '--cfg-path', '/tmp/tmpvecc0_aw']
[2023-06-15T12:55:37.553+0000] {standard_task_runner.py:85} INFO - Job 1821: Subtask wait_for_json
[2023-06-15T12:55:37.770+0000] {task_command.py:410} INFO - Running <TaskInstance: get_university_api_send_psql.wait_for_json manual__2023-06-15T12:36:25.667831+00:00 [running]> on host cd01a659cc96
[2023-06-15T12:55:37.993+0000] {taskinstance.py:1547} INFO - Exporting env vars: AIRFLOW_CTX_DAG_OWNER='***' AIRFLOW_CTX_DAG_ID='get_university_api_send_psql' AIRFLOW_CTX_TASK_ID='wait_for_json' AIRFLOW_CTX_EXECUTION_DATE='2023-06-15T12:36:25.667831+00:00' AIRFLOW_CTX_TRY_NUMBER='1' AIRFLOW_CTX_DAG_RUN_ID='manual__2023-06-15T12:36:25.667831+00:00'
[2023-06-15T12:55:38.020+0000] {python.py:72} INFO - Poking callable: <function _wait_for_json at 0x7fb93c18c3b0>
[2023-06-15T12:55:38.082+0000] {taskinstance.py:1784} INFO - Rescheduling task, marking task as UP_FOR_RESCHEDULE
[2023-06-15T12:55:38.117+0000] {local_task_job_runner.py:225} INFO - Task exited with return code 0
[2023-06-15T12:55:38.204+0000] {taskinstance.py:2651} INFO - 0 downstream tasks scheduled from follow-on schedule check
[2023-06-15T12:56:10.369+0000] {taskinstance.py:1103} INFO - Dependencies all met for dep_context=non-requeueable deps ti=<TaskInstance: get_university_api_send_psql.wait_for_json manual__2023-06-15T12:36:25.667831+00:00 [queued]>
[2023-06-15T12:56:10.400+0000] {taskinstance.py:1103} INFO - Dependencies all met for dep_context=requeueable deps ti=<TaskInstance: get_university_api_send_psql.wait_for_json manual__2023-06-15T12:36:25.667831+00:00 [queued]>
[2023-06-15T12:56:10.403+0000] {taskinstance.py:1308} INFO - Starting attempt 1 of 1
[2023-06-15T12:56:10.439+0000] {taskinstance.py:1327} INFO - Executing <Task(PythonSensor): wait_for_json> on 2023-06-15 12:36:25.667831+00:00
[2023-06-15T12:56:10.459+0000] {standard_task_runner.py:57} INFO - Started process 13053 to run task
[2023-06-15T12:56:10.479+0000] {standard_task_runner.py:84} INFO - Running: ['***', 'tasks', 'run', 'get_university_api_send_psql', 'wait_for_json', 'manual__2023-06-15T12:36:25.667831+00:00', '--job-id', '1825', '--raw', '--subdir', 'DAGS_FOLDER/data-university-from-api-dag/data_university_from_api_dag.py', '--cfg-path', '/tmp/tmpx8ul8a74']
[2023-06-15T12:56:10.484+0000] {standard_task_runner.py:85} INFO - Job 1825: Subtask wait_for_json
[2023-06-15T12:56:10.600+0000] {task_command.py:410} INFO - Running <TaskInstance: get_university_api_send_psql.wait_for_json manual__2023-06-15T12:36:25.667831+00:00 [running]> on host cd01a659cc96
[2023-06-15T12:56:10.789+0000] {taskinstance.py:1547} INFO - Exporting env vars: AIRFLOW_CTX_DAG_OWNER='***' AIRFLOW_CTX_DAG_ID='get_university_api_send_psql' AIRFLOW_CTX_TASK_ID='wait_for_json' AIRFLOW_CTX_EXECUTION_DATE='2023-06-15T12:36:25.667831+00:00' AIRFLOW_CTX_TRY_NUMBER='1' AIRFLOW_CTX_DAG_RUN_ID='manual__2023-06-15T12:36:25.667831+00:00'
[2023-06-15T12:56:10.820+0000] {python.py:72} INFO - Poking callable: <function _wait_for_json at 0x7fb93c18c3b0>
[2023-06-15T12:56:10.884+0000] {taskinstance.py:1784} INFO - Rescheduling task, marking task as UP_FOR_RESCHEDULE
[2023-06-15T12:56:10.941+0000] {local_task_job_runner.py:225} INFO - Task exited with return code 0
[2023-06-15T12:56:11.011+0000] {taskinstance.py:2651} INFO - 0 downstream tasks scheduled from follow-on schedule check
[2023-06-15T12:56:43.978+0000] {taskinstance.py:1103} INFO - Dependencies all met for dep_context=non-requeueable deps ti=<TaskInstance: get_university_api_send_psql.wait_for_json manual__2023-06-15T12:36:25.667831+00:00 [queued]>
[2023-06-15T12:56:44.010+0000] {taskinstance.py:1103} INFO - Dependencies all met for dep_context=requeueable deps ti=<TaskInstance: get_university_api_send_psql.wait_for_json manual__2023-06-15T12:36:25.667831+00:00 [queued]>
[2023-06-15T12:56:44.013+0000] {taskinstance.py:1308} INFO - Starting attempt 1 of 1
[2023-06-15T12:56:44.070+0000] {taskinstance.py:1327} INFO - Executing <Task(PythonSensor): wait_for_json> on 2023-06-15 12:36:25.667831+00:00
[2023-06-15T12:56:44.100+0000] {standard_task_runner.py:57} INFO - Started process 13072 to run task
[2023-06-15T12:56:44.126+0000] {standard_task_runner.py:84} INFO - Running: ['***', 'tasks', 'run', 'get_university_api_send_psql', 'wait_for_json', 'manual__2023-06-15T12:36:25.667831+00:00', '--job-id', '1828', '--raw', '--subdir', 'DAGS_FOLDER/data-university-from-api-dag/data_university_from_api_dag.py', '--cfg-path', '/tmp/tmpybozx000']
[2023-06-15T12:56:44.147+0000] {standard_task_runner.py:85} INFO - Job 1828: Subtask wait_for_json
[2023-06-15T12:56:44.316+0000] {task_command.py:410} INFO - Running <TaskInstance: get_university_api_send_psql.wait_for_json manual__2023-06-15T12:36:25.667831+00:00 [running]> on host cd01a659cc96
[2023-06-15T12:56:44.576+0000] {taskinstance.py:1547} INFO - Exporting env vars: AIRFLOW_CTX_DAG_OWNER='***' AIRFLOW_CTX_DAG_ID='get_university_api_send_psql' AIRFLOW_CTX_TASK_ID='wait_for_json' AIRFLOW_CTX_EXECUTION_DATE='2023-06-15T12:36:25.667831+00:00' AIRFLOW_CTX_TRY_NUMBER='1' AIRFLOW_CTX_DAG_RUN_ID='manual__2023-06-15T12:36:25.667831+00:00'
[2023-06-15T12:56:44.608+0000] {python.py:72} INFO - Poking callable: <function _wait_for_json at 0x7fb93c12b440>
[2023-06-15T12:56:44.656+0000] {taskinstance.py:1784} INFO - Rescheduling task, marking task as UP_FOR_RESCHEDULE
[2023-06-15T12:56:44.693+0000] {local_task_job_runner.py:225} INFO - Task exited with return code 0
[2023-06-15T12:56:44.759+0000] {taskinstance.py:2651} INFO - 0 downstream tasks scheduled from follow-on schedule check
[2023-06-15T12:57:16.715+0000] {taskinstance.py:1103} INFO - Dependencies all met for dep_context=non-requeueable deps ti=<TaskInstance: get_university_api_send_psql.wait_for_json manual__2023-06-15T12:36:25.667831+00:00 [queued]>
[2023-06-15T12:57:16.787+0000] {taskinstance.py:1103} INFO - Dependencies all met for dep_context=requeueable deps ti=<TaskInstance: get_university_api_send_psql.wait_for_json manual__2023-06-15T12:36:25.667831+00:00 [queued]>
[2023-06-15T12:57:16.789+0000] {taskinstance.py:1308} INFO - Starting attempt 1 of 1
[2023-06-15T12:57:16.841+0000] {taskinstance.py:1327} INFO - Executing <Task(PythonSensor): wait_for_json> on 2023-06-15 12:36:25.667831+00:00
[2023-06-15T12:57:16.862+0000] {standard_task_runner.py:57} INFO - Started process 13090 to run task
[2023-06-15T12:57:16.885+0000] {standard_task_runner.py:84} INFO - Running: ['***', 'tasks', 'run', 'get_university_api_send_psql', 'wait_for_json', 'manual__2023-06-15T12:36:25.667831+00:00', '--job-id', '1831', '--raw', '--subdir', 'DAGS_FOLDER/data-university-from-api-dag/data_university_from_api_dag.py', '--cfg-path', '/tmp/tmpmoc0yqqe']
[2023-06-15T12:57:16.900+0000] {standard_task_runner.py:85} INFO - Job 1831: Subtask wait_for_json
[2023-06-15T12:57:17.040+0000] {task_command.py:410} INFO - Running <TaskInstance: get_university_api_send_psql.wait_for_json manual__2023-06-15T12:36:25.667831+00:00 [running]> on host cd01a659cc96
[2023-06-15T12:57:17.247+0000] {taskinstance.py:1547} INFO - Exporting env vars: AIRFLOW_CTX_DAG_OWNER='***' AIRFLOW_CTX_DAG_ID='get_university_api_send_psql' AIRFLOW_CTX_TASK_ID='wait_for_json' AIRFLOW_CTX_EXECUTION_DATE='2023-06-15T12:36:25.667831+00:00' AIRFLOW_CTX_TRY_NUMBER='1' AIRFLOW_CTX_DAG_RUN_ID='manual__2023-06-15T12:36:25.667831+00:00'
[2023-06-15T12:57:17.275+0000] {python.py:72} INFO - Poking callable: <function _wait_for_json at 0x7fb93c18c3b0>
[2023-06-15T12:57:17.331+0000] {taskinstance.py:1784} INFO - Rescheduling task, marking task as UP_FOR_RESCHEDULE
[2023-06-15T12:57:17.367+0000] {local_task_job_runner.py:225} INFO - Task exited with return code 0
[2023-06-15T12:57:17.422+0000] {taskinstance.py:2651} INFO - 0 downstream tasks scheduled from follow-on schedule check
[2023-06-15T12:57:49.239+0000] {taskinstance.py:1103} INFO - Dependencies all met for dep_context=non-requeueable deps ti=<TaskInstance: get_university_api_send_psql.wait_for_json manual__2023-06-15T12:36:25.667831+00:00 [queued]>
[2023-06-15T12:57:49.274+0000] {taskinstance.py:1103} INFO - Dependencies all met for dep_context=requeueable deps ti=<TaskInstance: get_university_api_send_psql.wait_for_json manual__2023-06-15T12:36:25.667831+00:00 [queued]>
[2023-06-15T12:57:49.281+0000] {taskinstance.py:1308} INFO - Starting attempt 1 of 1
[2023-06-15T12:57:49.324+0000] {taskinstance.py:1327} INFO - Executing <Task(PythonSensor): wait_for_json> on 2023-06-15 12:36:25.667831+00:00
[2023-06-15T12:57:49.335+0000] {standard_task_runner.py:57} INFO - Started process 13108 to run task
[2023-06-15T12:57:49.352+0000] {standard_task_runner.py:84} INFO - Running: ['***', 'tasks', 'run', 'get_university_api_send_psql', 'wait_for_json', 'manual__2023-06-15T12:36:25.667831+00:00', '--job-id', '1834', '--raw', '--subdir', 'DAGS_FOLDER/data-university-from-api-dag/data_university_from_api_dag.py', '--cfg-path', '/tmp/tmp3udj6ajg']
[2023-06-15T12:57:49.359+0000] {standard_task_runner.py:85} INFO - Job 1834: Subtask wait_for_json
[2023-06-15T12:57:49.460+0000] {task_command.py:410} INFO - Running <TaskInstance: get_university_api_send_psql.wait_for_json manual__2023-06-15T12:36:25.667831+00:00 [running]> on host cd01a659cc96
[2023-06-15T12:57:49.684+0000] {taskinstance.py:1547} INFO - Exporting env vars: AIRFLOW_CTX_DAG_OWNER='***' AIRFLOW_CTX_DAG_ID='get_university_api_send_psql' AIRFLOW_CTX_TASK_ID='wait_for_json' AIRFLOW_CTX_EXECUTION_DATE='2023-06-15T12:36:25.667831+00:00' AIRFLOW_CTX_TRY_NUMBER='1' AIRFLOW_CTX_DAG_RUN_ID='manual__2023-06-15T12:36:25.667831+00:00'
[2023-06-15T12:57:49.719+0000] {python.py:72} INFO - Poking callable: <function _wait_for_json at 0x7fb93c18c3b0>
[2023-06-15T12:57:49.773+0000] {taskinstance.py:1784} INFO - Rescheduling task, marking task as UP_FOR_RESCHEDULE
[2023-06-15T12:57:49.811+0000] {local_task_job_runner.py:225} INFO - Task exited with return code 0
[2023-06-15T12:57:49.869+0000] {taskinstance.py:2651} INFO - 0 downstream tasks scheduled from follow-on schedule check
[2023-06-15T12:58:23.650+0000] {taskinstance.py:1103} INFO - Dependencies all met for dep_context=non-requeueable deps ti=<TaskInstance: get_university_api_send_psql.wait_for_json manual__2023-06-15T12:36:25.667831+00:00 [queued]>
[2023-06-15T12:58:23.691+0000] {taskinstance.py:1103} INFO - Dependencies all met for dep_context=requeueable deps ti=<TaskInstance: get_university_api_send_psql.wait_for_json manual__2023-06-15T12:36:25.667831+00:00 [queued]>
[2023-06-15T12:58:23.693+0000] {taskinstance.py:1308} INFO - Starting attempt 1 of 1
[2023-06-15T12:58:23.731+0000] {taskinstance.py:1327} INFO - Executing <Task(PythonSensor): wait_for_json> on 2023-06-15 12:36:25.667831+00:00
[2023-06-15T12:58:23.750+0000] {standard_task_runner.py:57} INFO - Started process 13125 to run task
[2023-06-15T12:58:23.776+0000] {standard_task_runner.py:84} INFO - Running: ['***', 'tasks', 'run', 'get_university_api_send_psql', 'wait_for_json', 'manual__2023-06-15T12:36:25.667831+00:00', '--job-id', '1837', '--raw', '--subdir', 'DAGS_FOLDER/data-university-from-api-dag/data_university_from_api_dag.py', '--cfg-path', '/tmp/tmpaszi2hbh']
[2023-06-15T12:58:23.788+0000] {standard_task_runner.py:85} INFO - Job 1837: Subtask wait_for_json
[2023-06-15T12:58:24.410+0000] {task_command.py:410} INFO - Running <TaskInstance: get_university_api_send_psql.wait_for_json manual__2023-06-15T12:36:25.667831+00:00 [running]> on host cd01a659cc96
[2023-06-15T12:58:25.538+0000] {taskinstance.py:1547} INFO - Exporting env vars: AIRFLOW_CTX_DAG_OWNER='***' AIRFLOW_CTX_DAG_ID='get_university_api_send_psql' AIRFLOW_CTX_TASK_ID='wait_for_json' AIRFLOW_CTX_EXECUTION_DATE='2023-06-15T12:36:25.667831+00:00' AIRFLOW_CTX_TRY_NUMBER='1' AIRFLOW_CTX_DAG_RUN_ID='manual__2023-06-15T12:36:25.667831+00:00'
[2023-06-15T12:58:25.626+0000] {python.py:72} INFO - Poking callable: <function _wait_for_json at 0x7fb93c12b440>
[2023-06-15T12:58:25.724+0000] {taskinstance.py:1784} INFO - Rescheduling task, marking task as UP_FOR_RESCHEDULE
[2023-06-15T12:58:25.773+0000] {local_task_job_runner.py:225} INFO - Task exited with return code 0
[2023-06-15T12:58:25.897+0000] {taskinstance.py:2651} INFO - 0 downstream tasks scheduled from follow-on schedule check
[2023-06-15T12:59:00.462+0000] {taskinstance.py:1103} INFO - Dependencies all met for dep_context=non-requeueable deps ti=<TaskInstance: get_university_api_send_psql.wait_for_json manual__2023-06-15T12:36:25.667831+00:00 [queued]>
[2023-06-15T12:59:00.489+0000] {taskinstance.py:1103} INFO - Dependencies all met for dep_context=requeueable deps ti=<TaskInstance: get_university_api_send_psql.wait_for_json manual__2023-06-15T12:36:25.667831+00:00 [queued]>
[2023-06-15T12:59:00.494+0000] {taskinstance.py:1308} INFO - Starting attempt 1 of 1
[2023-06-15T12:59:00.556+0000] {taskinstance.py:1327} INFO - Executing <Task(PythonSensor): wait_for_json> on 2023-06-15 12:36:25.667831+00:00
[2023-06-15T12:59:00.572+0000] {standard_task_runner.py:57} INFO - Started process 13144 to run task
[2023-06-15T12:59:00.605+0000] {standard_task_runner.py:84} INFO - Running: ['***', 'tasks', 'run', 'get_university_api_send_psql', 'wait_for_json', 'manual__2023-06-15T12:36:25.667831+00:00', '--job-id', '1840', '--raw', '--subdir', 'DAGS_FOLDER/data-university-from-api-dag/data_university_from_api_dag.py', '--cfg-path', '/tmp/tmpzfhdkt69']
[2023-06-15T12:59:00.629+0000] {standard_task_runner.py:85} INFO - Job 1840: Subtask wait_for_json
[2023-06-15T12:59:00.789+0000] {task_command.py:410} INFO - Running <TaskInstance: get_university_api_send_psql.wait_for_json manual__2023-06-15T12:36:25.667831+00:00 [running]> on host cd01a659cc96
[2023-06-15T12:59:00.971+0000] {taskinstance.py:1547} INFO - Exporting env vars: AIRFLOW_CTX_DAG_OWNER='***' AIRFLOW_CTX_DAG_ID='get_university_api_send_psql' AIRFLOW_CTX_TASK_ID='wait_for_json' AIRFLOW_CTX_EXECUTION_DATE='2023-06-15T12:36:25.667831+00:00' AIRFLOW_CTX_TRY_NUMBER='1' AIRFLOW_CTX_DAG_RUN_ID='manual__2023-06-15T12:36:25.667831+00:00'
[2023-06-15T12:59:01.004+0000] {python.py:72} INFO - Poking callable: <function _wait_for_json at 0x7fb93c18c3b0>
[2023-06-15T12:59:01.054+0000] {taskinstance.py:1784} INFO - Rescheduling task, marking task as UP_FOR_RESCHEDULE
[2023-06-15T12:59:01.097+0000] {local_task_job_runner.py:225} INFO - Task exited with return code 0
[2023-06-15T12:59:01.159+0000] {taskinstance.py:2651} INFO - 0 downstream tasks scheduled from follow-on schedule check
[2023-06-15T12:59:33.784+0000] {taskinstance.py:1103} INFO - Dependencies all met for dep_context=non-requeueable deps ti=<TaskInstance: get_university_api_send_psql.wait_for_json manual__2023-06-15T12:36:25.667831+00:00 [queued]>
[2023-06-15T12:59:33.804+0000] {taskinstance.py:1103} INFO - Dependencies all met for dep_context=requeueable deps ti=<TaskInstance: get_university_api_send_psql.wait_for_json manual__2023-06-15T12:36:25.667831+00:00 [queued]>
[2023-06-15T12:59:33.809+0000] {taskinstance.py:1308} INFO - Starting attempt 1 of 1
[2023-06-15T12:59:33.844+0000] {taskinstance.py:1327} INFO - Executing <Task(PythonSensor): wait_for_json> on 2023-06-15 12:36:25.667831+00:00
[2023-06-15T12:59:33.855+0000] {standard_task_runner.py:57} INFO - Started process 13162 to run task
[2023-06-15T12:59:33.863+0000] {standard_task_runner.py:84} INFO - Running: ['***', 'tasks', 'run', 'get_university_api_send_psql', 'wait_for_json', 'manual__2023-06-15T12:36:25.667831+00:00', '--job-id', '1843', '--raw', '--subdir', 'DAGS_FOLDER/data-university-from-api-dag/data_university_from_api_dag.py', '--cfg-path', '/tmp/tmph1nve74u']
[2023-06-15T12:59:33.869+0000] {standard_task_runner.py:85} INFO - Job 1843: Subtask wait_for_json
[2023-06-15T12:59:33.967+0000] {task_command.py:410} INFO - Running <TaskInstance: get_university_api_send_psql.wait_for_json manual__2023-06-15T12:36:25.667831+00:00 [running]> on host cd01a659cc96
[2023-06-15T12:59:34.127+0000] {taskinstance.py:1547} INFO - Exporting env vars: AIRFLOW_CTX_DAG_OWNER='***' AIRFLOW_CTX_DAG_ID='get_university_api_send_psql' AIRFLOW_CTX_TASK_ID='wait_for_json' AIRFLOW_CTX_EXECUTION_DATE='2023-06-15T12:36:25.667831+00:00' AIRFLOW_CTX_TRY_NUMBER='1' AIRFLOW_CTX_DAG_RUN_ID='manual__2023-06-15T12:36:25.667831+00:00'
[2023-06-15T12:59:34.150+0000] {python.py:72} INFO - Poking callable: <function _wait_for_json at 0x7fb93c12b440>
[2023-06-15T12:59:34.187+0000] {taskinstance.py:1784} INFO - Rescheduling task, marking task as UP_FOR_RESCHEDULE
[2023-06-15T12:59:34.242+0000] {local_task_job_runner.py:225} INFO - Task exited with return code 0
[2023-06-15T12:59:34.299+0000] {taskinstance.py:2651} INFO - 0 downstream tasks scheduled from follow-on schedule check
[2023-06-15T13:00:14.152+0000] {taskinstance.py:1103} INFO - Dependencies all met for dep_context=non-requeueable deps ti=<TaskInstance: get_university_api_send_psql.wait_for_json manual__2023-06-15T12:36:25.667831+00:00 [queued]>
[2023-06-15T13:00:14.355+0000] {taskinstance.py:1103} INFO - Dependencies all met for dep_context=requeueable deps ti=<TaskInstance: get_university_api_send_psql.wait_for_json manual__2023-06-15T12:36:25.667831+00:00 [queued]>
[2023-06-15T13:00:14.360+0000] {taskinstance.py:1308} INFO - Starting attempt 1 of 1
[2023-06-15T13:00:14.730+0000] {taskinstance.py:1327} INFO - Executing <Task(PythonSensor): wait_for_json> on 2023-06-15 12:36:25.667831+00:00
[2023-06-15T13:00:14.814+0000] {standard_task_runner.py:57} INFO - Started process 13180 to run task
[2023-06-15T13:00:14.935+0000] {standard_task_runner.py:84} INFO - Running: ['***', 'tasks', 'run', 'get_university_api_send_psql', 'wait_for_json', 'manual__2023-06-15T12:36:25.667831+00:00', '--job-id', '1846', '--raw', '--subdir', 'DAGS_FOLDER/data-university-from-api-dag/data_university_from_api_dag.py', '--cfg-path', '/tmp/tmpkd6zr9en']
[2023-06-15T13:00:14.978+0000] {standard_task_runner.py:85} INFO - Job 1846: Subtask wait_for_json
[2023-06-15T13:00:15.684+0000] {task_command.py:410} INFO - Running <TaskInstance: get_university_api_send_psql.wait_for_json manual__2023-06-15T12:36:25.667831+00:00 [running]> on host cd01a659cc96
[2023-06-15T13:00:17.376+0000] {taskinstance.py:1547} INFO - Exporting env vars: AIRFLOW_CTX_DAG_OWNER='***' AIRFLOW_CTX_DAG_ID='get_university_api_send_psql' AIRFLOW_CTX_TASK_ID='wait_for_json' AIRFLOW_CTX_EXECUTION_DATE='2023-06-15T12:36:25.667831+00:00' AIRFLOW_CTX_TRY_NUMBER='1' AIRFLOW_CTX_DAG_RUN_ID='manual__2023-06-15T12:36:25.667831+00:00'
[2023-06-15T13:00:17.583+0000] {python.py:72} INFO - Poking callable: <function _wait_for_json at 0x7fb93c18c3b0>
[2023-06-15T13:00:18.132+0000] {taskinstance.py:1784} INFO - Rescheduling task, marking task as UP_FOR_RESCHEDULE
[2023-06-15T13:00:18.355+0000] {local_task_job_runner.py:225} INFO - Task exited with return code 0
[2023-06-15T13:00:19.131+0000] {taskinstance.py:2651} INFO - 0 downstream tasks scheduled from follow-on schedule check
[2023-06-15T13:00:56.506+0000] {taskinstance.py:1103} INFO - Dependencies all met for dep_context=non-requeueable deps ti=<TaskInstance: get_university_api_send_psql.wait_for_json manual__2023-06-15T12:36:25.667831+00:00 [queued]>
[2023-06-15T13:00:56.529+0000] {taskinstance.py:1103} INFO - Dependencies all met for dep_context=requeueable deps ti=<TaskInstance: get_university_api_send_psql.wait_for_json manual__2023-06-15T12:36:25.667831+00:00 [queued]>
[2023-06-15T13:00:56.531+0000] {taskinstance.py:1308} INFO - Starting attempt 1 of 1
[2023-06-15T13:00:56.572+0000] {taskinstance.py:1327} INFO - Executing <Task(PythonSensor): wait_for_json> on 2023-06-15 12:36:25.667831+00:00
[2023-06-15T13:00:56.598+0000] {standard_task_runner.py:57} INFO - Started process 13197 to run task
[2023-06-15T13:00:56.614+0000] {standard_task_runner.py:84} INFO - Running: ['***', 'tasks', 'run', 'get_university_api_send_psql', 'wait_for_json', 'manual__2023-06-15T12:36:25.667831+00:00', '--job-id', '1848', '--raw', '--subdir', 'DAGS_FOLDER/data-university-from-api-dag/data_university_from_api_dag.py', '--cfg-path', '/tmp/tmp7mgtcc4x']
[2023-06-15T13:00:56.637+0000] {standard_task_runner.py:85} INFO - Job 1848: Subtask wait_for_json
[2023-06-15T13:00:57.013+0000] {task_command.py:410} INFO - Running <TaskInstance: get_university_api_send_psql.wait_for_json manual__2023-06-15T12:36:25.667831+00:00 [running]> on host cd01a659cc96
[2023-06-15T13:00:57.851+0000] {taskinstance.py:1547} INFO - Exporting env vars: AIRFLOW_CTX_DAG_OWNER='***' AIRFLOW_CTX_DAG_ID='get_university_api_send_psql' AIRFLOW_CTX_TASK_ID='wait_for_json' AIRFLOW_CTX_EXECUTION_DATE='2023-06-15T12:36:25.667831+00:00' AIRFLOW_CTX_TRY_NUMBER='1' AIRFLOW_CTX_DAG_RUN_ID='manual__2023-06-15T12:36:25.667831+00:00'
[2023-06-15T13:00:57.918+0000] {python.py:72} INFO - Poking callable: <function _wait_for_json at 0x7fb93c12b440>
[2023-06-15T13:00:58.030+0000] {taskinstance.py:1784} INFO - Rescheduling task, marking task as UP_FOR_RESCHEDULE
[2023-06-15T13:00:58.119+0000] {local_task_job_runner.py:225} INFO - Task exited with return code 0
[2023-06-15T13:00:58.319+0000] {taskinstance.py:2651} INFO - 0 downstream tasks scheduled from follow-on schedule check
[2023-06-15T13:02:39.417+0000] {taskinstance.py:1103} INFO - Dependencies all met for dep_context=non-requeueable deps ti=<TaskInstance: get_university_api_send_psql.wait_for_json manual__2023-06-15T12:36:25.667831+00:00 [queued]>
[2023-06-15T13:02:39.469+0000] {taskinstance.py:1103} INFO - Dependencies all met for dep_context=requeueable deps ti=<TaskInstance: get_university_api_send_psql.wait_for_json manual__2023-06-15T12:36:25.667831+00:00 [queued]>
[2023-06-15T13:02:39.473+0000] {taskinstance.py:1308} INFO - Starting attempt 1 of 1
[2023-06-15T13:02:39.611+0000] {taskinstance.py:1327} INFO - Executing <Task(PythonSensor): wait_for_json> on 2023-06-15 12:36:25.667831+00:00
[2023-06-15T13:02:39.668+0000] {standard_task_runner.py:57} INFO - Started process 13215 to run task
[2023-06-15T13:02:39.711+0000] {standard_task_runner.py:84} INFO - Running: ['***', 'tasks', 'run', 'get_university_api_send_psql', 'wait_for_json', 'manual__2023-06-15T12:36:25.667831+00:00', '--job-id', '1851', '--raw', '--subdir', 'DAGS_FOLDER/data-university-from-api-dag/data_university_from_api_dag.py', '--cfg-path', '/tmp/tmpr303rie5']
[2023-06-15T13:02:39.730+0000] {standard_task_runner.py:85} INFO - Job 1851: Subtask wait_for_json
[2023-06-15T13:02:42.201+0000] {task_command.py:410} INFO - Running <TaskInstance: get_university_api_send_psql.wait_for_json manual__2023-06-15T12:36:25.667831+00:00 [running]> on host cd01a659cc96
[2023-06-15T13:03:40.596+0000] {taskinstance.py:1547} INFO - Exporting env vars: AIRFLOW_CTX_DAG_OWNER='***' AIRFLOW_CTX_DAG_ID='get_university_api_send_psql' AIRFLOW_CTX_TASK_ID='wait_for_json' AIRFLOW_CTX_EXECUTION_DATE='2023-06-15T12:36:25.667831+00:00' AIRFLOW_CTX_TRY_NUMBER='1' AIRFLOW_CTX_DAG_RUN_ID='manual__2023-06-15T12:36:25.667831+00:00'
[2023-06-15T13:03:40.762+0000] {python.py:72} INFO - Poking callable: <function _wait_for_json at 0x7fb93c18c3b0>
[2023-06-15T13:03:41.118+0000] {taskinstance.py:1784} INFO - Rescheduling task, marking task as UP_FOR_RESCHEDULE
[2023-06-15T13:03:41.384+0000] {local_task_job_runner.py:225} INFO - Task exited with return code 0
[2023-06-15T13:03:42.223+0000] {taskinstance.py:2651} INFO - 0 downstream tasks scheduled from follow-on schedule check
[2023-06-15T19:05:37.489+0000] {taskinstance.py:1097} INFO - Dependencies not met for <TaskInstance: get_university_api_send_psql.wait_for_json manual__2023-06-15T12:36:25.667831+00:00 [failed]>, dependency 'Task Instance State' FAILED: Task is in the 'failed' state.
[2023-06-15T19:05:37.510+0000] {taskinstance.py:1097} INFO - Dependencies not met for <TaskInstance: get_university_api_send_psql.wait_for_json manual__2023-06-15T12:36:25.667831+00:00 [failed]>, dependency 'Trigger Rule' FAILED: Task's trigger rule 'all_success' requires all upstream tasks to have succeeded, but found 1 non-success(es). upstream_states=_UpstreamTIStates(success=0, skipped=0, failed=0, upstream_failed=1, removed=0, done=1), upstream_task_ids={'read_json_file'}
[2023-06-15T19:05:37.519+0000] {local_task_job_runner.py:154} INFO - Task is not able to be run
