[2024-03-10T20:32:33.516+0000] {taskinstance.py:1103} INFO - Dependencies all met for dep_context=non-requeueable deps ti=<TaskInstance: EnergyWarehouse.create_dim_domaine_tension manual__2024-03-10T20:20:36.100743+00:00 [queued]>
[2024-03-10T20:32:33.740+0000] {taskinstance.py:1103} INFO - Dependencies all met for dep_context=requeueable deps ti=<TaskInstance: EnergyWarehouse.create_dim_domaine_tension manual__2024-03-10T20:20:36.100743+00:00 [queued]>
[2024-03-10T20:32:33.745+0000] {taskinstance.py:1308} INFO - Starting attempt 1 of 2
[2024-03-10T20:32:34.687+0000] {taskinstance.py:1327} INFO - Executing <Task(PythonOperator): create_dim_domaine_tension> on 2024-03-10 20:20:36.100743+00:00
[2024-03-10T20:32:36.516+0000] {standard_task_runner.py:84} INFO - Running: ['***', 'tasks', 'run', 'EnergyWarehouse', 'create_dim_domaine_tension', 'manual__2024-03-10T20:20:36.100743+00:00', '--job-id', '904', '--raw', '--subdir', 'DAGS_FOLDER/***-to-bigquery-dag/***_to_bigquerry_dag.py', '--cfg-path', '/tmp/tmpz07771td']
[2024-03-10T20:32:36.710+0000] {standard_task_runner.py:85} INFO - Job 904: Subtask create_dim_domaine_tension
[2024-03-10T20:32:35.651+0000] {standard_task_runner.py:57} INFO - Started process 1850 to run task
[2024-03-10T20:32:39.689+0000] {task_command.py:410} INFO - Running <TaskInstance: EnergyWarehouse.create_dim_domaine_tension manual__2024-03-10T20:20:36.100743+00:00 [running]> on host 952b3f8a1a94
[2024-03-10T20:32:41.996+0000] {taskinstance.py:1547} INFO - Exporting env vars: AIRFLOW_CTX_DAG_OWNER='Mbaye SENE' AIRFLOW_CTX_DAG_ID='EnergyWarehouse' AIRFLOW_CTX_TASK_ID='create_dim_domaine_tension' AIRFLOW_CTX_EXECUTION_DATE='2024-03-10T20:20:36.100743+00:00' AIRFLOW_CTX_TRY_NUMBER='1' AIRFLOW_CTX_DAG_RUN_ID='manual__2024-03-10T20:20:36.100743+00:00'
[2024-03-10T20:32:42.101+0000] {taskinstance.py:1824} ERROR - Task failed with exception
Traceback (most recent call last):
  File "/home/airflow/.local/lib/python3.7/site-packages/airflow/operators/python.py", line 181, in execute
    return_value = self.execute_callable()
  File "/home/airflow/.local/lib/python3.7/site-packages/airflow/operators/python.py", line 198, in execute_callable
    return self.python_callable(*self.op_args, **self.op_kwargs)
  File "/opt/airflow/dags/airflow-to-bigquery-dag/airflow_to_bigquerry_dag.py", line 235, in create_dim_domaine_tension
    domaine_tension = df_prod_elec_region[['domaine_de_tension']].drop_duplicates().reset_index(drop=True)
TypeError: 'NoneType' object is not subscriptable
[2024-03-10T20:32:42.175+0000] {taskinstance.py:1350} INFO - Marking task as UP_FOR_RETRY. dag_id=EnergyWarehouse, task_id=create_dim_domaine_tension, execution_date=20240310T202036, start_date=20240310T203233, end_date=20240310T203242
[2024-03-10T20:32:42.255+0000] {standard_task_runner.py:109} ERROR - Failed to execute job 904 for task create_dim_domaine_tension ('NoneType' object is not subscriptable; 1850)
[2024-03-10T20:32:42.682+0000] {local_task_job_runner.py:225} INFO - Task exited with return code 1
[2024-03-10T20:32:43.995+0000] {taskinstance.py:2651} INFO - 0 downstream tasks scheduled from follow-on schedule check
