[2024-02-27T10:46:12.327+0000] {taskinstance.py:1103} INFO - Dependencies all met for dep_context=non-requeueable deps ti=<TaskInstance: EnergyWarehouse.create_dim_department manual__2024-02-27T10:40:07.240232+00:00 [queued]>
[2024-02-27T10:46:12.543+0000] {taskinstance.py:1103} INFO - Dependencies all met for dep_context=requeueable deps ti=<TaskInstance: EnergyWarehouse.create_dim_department manual__2024-02-27T10:40:07.240232+00:00 [queued]>
[2024-02-27T10:46:12.561+0000] {taskinstance.py:1308} INFO - Starting attempt 2 of 2
[2024-02-27T10:46:12.880+0000] {taskinstance.py:1327} INFO - Executing <Task(PythonOperator): create_dim_department> on 2024-02-27 10:40:07.240232+00:00
[2024-02-27T10:46:12.946+0000] {standard_task_runner.py:57} INFO - Started process 15864 to run task
[2024-02-27T10:46:13.009+0000] {standard_task_runner.py:84} INFO - Running: ['***', 'tasks', 'run', 'EnergyWarehouse', 'create_dim_department', 'manual__2024-02-27T10:40:07.240232+00:00', '--job-id', '689', '--raw', '--subdir', 'DAGS_FOLDER/***-to-bigquery-dag/***_to_bigquerry_dag.py', '--cfg-path', '/tmp/tmpvgh0rujy']
[2024-02-27T10:46:13.033+0000] {standard_task_runner.py:85} INFO - Job 689: Subtask create_dim_department
[2024-02-27T10:46:14.230+0000] {task_command.py:410} INFO - Running <TaskInstance: EnergyWarehouse.create_dim_department manual__2024-02-27T10:40:07.240232+00:00 [running]> on host 952b3f8a1a94
[2024-02-27T10:46:18.100+0000] {taskinstance.py:1547} INFO - Exporting env vars: AIRFLOW_CTX_DAG_OWNER='Mbaye SENE' AIRFLOW_CTX_DAG_ID='EnergyWarehouse' AIRFLOW_CTX_TASK_ID='create_dim_department' AIRFLOW_CTX_EXECUTION_DATE='2024-02-27T10:40:07.240232+00:00' AIRFLOW_CTX_TRY_NUMBER='2' AIRFLOW_CTX_DAG_RUN_ID='manual__2024-02-27T10:40:07.240232+00:00'
[2024-02-27T10:46:29.538+0000] {logging_mixin.py:149} INFO - ****DISPLAY HEAD :   operateur  annee  ... id_filiere  consototale
0    Enedis   2011  ...        100   2855280.66
1    Enedis   2011  ...        100   2017190.64
2    Enedis   2011  ...        100   1055358.03
3    Enedis   2011  ...        100    937412.37
4    Enedis   2011  ...        100   1897584.71

[5 rows x 24 columns]
[2024-02-27T10:46:29.937+0000] {logging_mixin.py:149} INFO - ****COLUMNS : Index(['operateur', 'annee', 'filiere', 'consoa', 'pdla', 'indquala', 'consoi',
       'pdli', 'indquali', 'consot', 'pdlt', 'indqualt', 'consor', 'pdlr',
       'indqualr', 'consona', 'pdlna', 'indqualna', 'code_departement',
       'libelle_departement', 'code_region', 'libelle_region', 'id_filiere',
       'consototale'],
      dtype='object')
[2024-02-27T10:46:29.951+0000] {logging_mixin.py:149} INFO - ****TRIMMED COLUMNS : ['operateur', 'annee', 'filiere', 'consoa', 'pdla', 'indquala', 'consoi', 'pdli', 'indquali', 'consot', 'pdlt', 'indqualt', 'consor', 'pdlr', 'indqualr', 'consona', 'pdlna', 'indqualna', 'code_departement', 'libelle_departement', 'code_region', 'libelle_region', 'id_filiere', 'consototale']
[2024-02-27T10:46:33.658+0000] {python.py:183} INFO - Done. Returned value was: None
[2024-02-27T10:46:34.381+0000] {taskinstance.py:1350} INFO - Marking task as SUCCESS. dag_id=EnergyWarehouse, task_id=create_dim_department, execution_date=20240227T104007, start_date=20240227T104612, end_date=20240227T104634
[2024-02-27T10:46:35.147+0000] {local_task_job_runner.py:225} INFO - Task exited with return code 0
[2024-02-27T10:46:39.425+0000] {taskinstance.py:2651} INFO - 1 downstream tasks scheduled from follow-on schedule check
