[2024-03-13T13:14:48.219+0000] {taskinstance.py:1103} INFO - Dependencies all met for dep_context=non-requeueable deps ti=<TaskInstance: EnergyWarehouse.check_region_dim manual__2024-03-13T13:10:47.931563+00:00 [queued]>
[2024-03-13T13:14:48.464+0000] {taskinstance.py:1103} INFO - Dependencies all met for dep_context=requeueable deps ti=<TaskInstance: EnergyWarehouse.check_region_dim manual__2024-03-13T13:10:47.931563+00:00 [queued]>
[2024-03-13T13:14:48.486+0000] {taskinstance.py:1308} INFO - Starting attempt 1 of 2
[2024-03-13T13:14:55.650+0000] {taskinstance.py:1327} INFO - Executing <Task(PythonSensor): check_region_dim> on 2024-03-13 13:10:47.931563+00:00
[2024-03-13T13:14:56.045+0000] {standard_task_runner.py:57} INFO - Started process 346 to run task
[2024-03-13T13:14:56.331+0000] {standard_task_runner.py:84} INFO - Running: ['***', 'tasks', 'run', 'EnergyWarehouse', 'check_region_dim', 'manual__2024-03-13T13:10:47.931563+00:00', '--job-id', '1552', '--raw', '--subdir', 'DAGS_FOLDER/***-to-bigquery-dag/***_to_bigquerry_dag.py', '--cfg-path', '/tmp/tmplzvl9pfw']
[2024-03-13T13:14:56.615+0000] {standard_task_runner.py:85} INFO - Job 1552: Subtask check_region_dim
[2024-03-13T13:14:57.771+0000] {task_command.py:410} INFO - Running <TaskInstance: EnergyWarehouse.check_region_dim manual__2024-03-13T13:10:47.931563+00:00 [running]> on host 952b3f8a1a94
[2024-03-13T13:15:05.054+0000] {taskinstance.py:1547} INFO - Exporting env vars: AIRFLOW_CTX_DAG_OWNER='Mbaye SENE' AIRFLOW_CTX_DAG_ID='EnergyWarehouse' AIRFLOW_CTX_TASK_ID='check_region_dim' AIRFLOW_CTX_EXECUTION_DATE='2024-03-13T13:10:47.931563+00:00' AIRFLOW_CTX_TRY_NUMBER='1' AIRFLOW_CTX_DAG_RUN_ID='manual__2024-03-13T13:10:47.931563+00:00'
[2024-03-13T13:15:05.548+0000] {python.py:72} INFO - Poking callable: <function _wait_for_csv at 0x7f0531af57a0>
[2024-03-13T13:15:08.332+0000] {taskinstance.py:1784} INFO - Rescheduling task, marking task as UP_FOR_RESCHEDULE
[2024-03-13T13:15:09.893+0000] {local_task_job_runner.py:225} INFO - Task exited with return code 0
[2024-03-13T13:15:11.518+0000] {taskinstance.py:2651} INFO - 0 downstream tasks scheduled from follow-on schedule check
[2024-03-13T13:15:49.706+0000] {taskinstance.py:1103} INFO - Dependencies all met for dep_context=non-requeueable deps ti=<TaskInstance: EnergyWarehouse.check_region_dim manual__2024-03-13T13:10:47.931563+00:00 [queued]>
[2024-03-13T13:15:49.796+0000] {taskinstance.py:1103} INFO - Dependencies all met for dep_context=requeueable deps ti=<TaskInstance: EnergyWarehouse.check_region_dim manual__2024-03-13T13:10:47.931563+00:00 [queued]>
[2024-03-13T13:15:49.804+0000] {taskinstance.py:1308} INFO - Starting attempt 1 of 2
[2024-03-13T13:15:49.892+0000] {taskinstance.py:1327} INFO - Executing <Task(PythonSensor): check_region_dim> on 2024-03-13 13:10:47.931563+00:00
[2024-03-13T13:15:49.988+0000] {standard_task_runner.py:57} INFO - Started process 372 to run task
[2024-03-13T13:15:50.015+0000] {standard_task_runner.py:84} INFO - Running: ['***', 'tasks', 'run', 'EnergyWarehouse', 'check_region_dim', 'manual__2024-03-13T13:10:47.931563+00:00', '--job-id', '1560', '--raw', '--subdir', 'DAGS_FOLDER/***-to-bigquery-dag/***_to_bigquerry_dag.py', '--cfg-path', '/tmp/tmpi6kn6eug']
[2024-03-13T13:15:50.045+0000] {standard_task_runner.py:85} INFO - Job 1560: Subtask check_region_dim
[2024-03-13T13:15:50.438+0000] {task_command.py:410} INFO - Running <TaskInstance: EnergyWarehouse.check_region_dim manual__2024-03-13T13:10:47.931563+00:00 [running]> on host 952b3f8a1a94
[2024-03-13T13:15:51.076+0000] {taskinstance.py:1547} INFO - Exporting env vars: AIRFLOW_CTX_DAG_OWNER='Mbaye SENE' AIRFLOW_CTX_DAG_ID='EnergyWarehouse' AIRFLOW_CTX_TASK_ID='check_region_dim' AIRFLOW_CTX_EXECUTION_DATE='2024-03-13T13:10:47.931563+00:00' AIRFLOW_CTX_TRY_NUMBER='1' AIRFLOW_CTX_DAG_RUN_ID='manual__2024-03-13T13:10:47.931563+00:00'
[2024-03-13T13:15:51.171+0000] {python.py:72} INFO - Poking callable: <function _wait_for_csv at 0x7f0531b9d5f0>
[2024-03-13T13:15:51.263+0000] {taskinstance.py:1784} INFO - Rescheduling task, marking task as UP_FOR_RESCHEDULE
[2024-03-13T13:15:51.441+0000] {local_task_job_runner.py:225} INFO - Task exited with return code 0
[2024-03-13T13:15:51.879+0000] {taskinstance.py:2651} INFO - 0 downstream tasks scheduled from follow-on schedule check
[2024-03-13T13:16:26.395+0000] {taskinstance.py:1103} INFO - Dependencies all met for dep_context=non-requeueable deps ti=<TaskInstance: EnergyWarehouse.check_region_dim manual__2024-03-13T13:10:47.931563+00:00 [queued]>
[2024-03-13T13:16:26.458+0000] {taskinstance.py:1103} INFO - Dependencies all met for dep_context=requeueable deps ti=<TaskInstance: EnergyWarehouse.check_region_dim manual__2024-03-13T13:10:47.931563+00:00 [queued]>
[2024-03-13T13:16:26.460+0000] {taskinstance.py:1308} INFO - Starting attempt 1 of 2
[2024-03-13T13:16:26.555+0000] {taskinstance.py:1327} INFO - Executing <Task(PythonSensor): check_region_dim> on 2024-03-13 13:10:47.931563+00:00
[2024-03-13T13:16:26.657+0000] {standard_task_runner.py:57} INFO - Started process 398 to run task
[2024-03-13T13:16:26.685+0000] {standard_task_runner.py:84} INFO - Running: ['***', 'tasks', 'run', 'EnergyWarehouse', 'check_region_dim', 'manual__2024-03-13T13:10:47.931563+00:00', '--job-id', '1567', '--raw', '--subdir', 'DAGS_FOLDER/***-to-bigquery-dag/***_to_bigquerry_dag.py', '--cfg-path', '/tmp/tmp1c4s6hbc']
[2024-03-13T13:16:26.720+0000] {standard_task_runner.py:85} INFO - Job 1567: Subtask check_region_dim
[2024-03-13T13:16:27.120+0000] {task_command.py:410} INFO - Running <TaskInstance: EnergyWarehouse.check_region_dim manual__2024-03-13T13:10:47.931563+00:00 [running]> on host 952b3f8a1a94
[2024-03-13T13:16:27.596+0000] {taskinstance.py:1547} INFO - Exporting env vars: AIRFLOW_CTX_DAG_OWNER='Mbaye SENE' AIRFLOW_CTX_DAG_ID='EnergyWarehouse' AIRFLOW_CTX_TASK_ID='check_region_dim' AIRFLOW_CTX_EXECUTION_DATE='2024-03-13T13:10:47.931563+00:00' AIRFLOW_CTX_TRY_NUMBER='1' AIRFLOW_CTX_DAG_RUN_ID='manual__2024-03-13T13:10:47.931563+00:00'
[2024-03-13T13:16:27.684+0000] {python.py:72} INFO - Poking callable: <function _wait_for_csv at 0x7f0531b9d5f0>
[2024-03-13T13:16:27.797+0000] {taskinstance.py:1784} INFO - Rescheduling task, marking task as UP_FOR_RESCHEDULE
[2024-03-13T13:16:27.958+0000] {local_task_job_runner.py:225} INFO - Task exited with return code 0
[2024-03-13T13:16:28.081+0000] {taskinstance.py:2651} INFO - 0 downstream tasks scheduled from follow-on schedule check
[2024-03-13T13:17:02.445+0000] {taskinstance.py:1103} INFO - Dependencies all met for dep_context=non-requeueable deps ti=<TaskInstance: EnergyWarehouse.check_region_dim manual__2024-03-13T13:10:47.931563+00:00 [queued]>
[2024-03-13T13:17:02.492+0000] {taskinstance.py:1103} INFO - Dependencies all met for dep_context=requeueable deps ti=<TaskInstance: EnergyWarehouse.check_region_dim manual__2024-03-13T13:10:47.931563+00:00 [queued]>
[2024-03-13T13:17:02.494+0000] {taskinstance.py:1308} INFO - Starting attempt 1 of 2
[2024-03-13T13:17:02.527+0000] {taskinstance.py:1327} INFO - Executing <Task(PythonSensor): check_region_dim> on 2024-03-13 13:10:47.931563+00:00
[2024-03-13T13:17:02.553+0000] {standard_task_runner.py:57} INFO - Started process 431 to run task
[2024-03-13T13:17:02.562+0000] {standard_task_runner.py:84} INFO - Running: ['***', 'tasks', 'run', 'EnergyWarehouse', 'check_region_dim', 'manual__2024-03-13T13:10:47.931563+00:00', '--job-id', '1574', '--raw', '--subdir', 'DAGS_FOLDER/***-to-bigquery-dag/***_to_bigquerry_dag.py', '--cfg-path', '/tmp/tmpykfpv261']
[2024-03-13T13:17:02.570+0000] {standard_task_runner.py:85} INFO - Job 1574: Subtask check_region_dim
[2024-03-13T13:17:02.709+0000] {task_command.py:410} INFO - Running <TaskInstance: EnergyWarehouse.check_region_dim manual__2024-03-13T13:10:47.931563+00:00 [running]> on host 952b3f8a1a94
[2024-03-13T13:17:03.296+0000] {taskinstance.py:1547} INFO - Exporting env vars: AIRFLOW_CTX_DAG_OWNER='Mbaye SENE' AIRFLOW_CTX_DAG_ID='EnergyWarehouse' AIRFLOW_CTX_TASK_ID='check_region_dim' AIRFLOW_CTX_EXECUTION_DATE='2024-03-13T13:10:47.931563+00:00' AIRFLOW_CTX_TRY_NUMBER='1' AIRFLOW_CTX_DAG_RUN_ID='manual__2024-03-13T13:10:47.931563+00:00'
[2024-03-13T13:17:03.374+0000] {python.py:72} INFO - Poking callable: <function _wait_for_csv at 0x7f0531b9d5f0>
[2024-03-13T13:17:03.450+0000] {taskinstance.py:1784} INFO - Rescheduling task, marking task as UP_FOR_RESCHEDULE
[2024-03-13T13:17:03.483+0000] {local_task_job_runner.py:225} INFO - Task exited with return code 0
[2024-03-13T13:17:03.719+0000] {taskinstance.py:2651} INFO - 0 downstream tasks scheduled from follow-on schedule check
[2024-03-13T13:17:38.169+0000] {taskinstance.py:1103} INFO - Dependencies all met for dep_context=non-requeueable deps ti=<TaskInstance: EnergyWarehouse.check_region_dim manual__2024-03-13T13:10:47.931563+00:00 [queued]>
[2024-03-13T13:17:38.201+0000] {taskinstance.py:1103} INFO - Dependencies all met for dep_context=requeueable deps ti=<TaskInstance: EnergyWarehouse.check_region_dim manual__2024-03-13T13:10:47.931563+00:00 [queued]>
[2024-03-13T13:17:38.205+0000] {taskinstance.py:1308} INFO - Starting attempt 1 of 2
[2024-03-13T13:17:38.259+0000] {taskinstance.py:1327} INFO - Executing <Task(PythonSensor): check_region_dim> on 2024-03-13 13:10:47.931563+00:00
[2024-03-13T13:17:38.277+0000] {standard_task_runner.py:57} INFO - Started process 461 to run task
[2024-03-13T13:17:38.320+0000] {standard_task_runner.py:84} INFO - Running: ['***', 'tasks', 'run', 'EnergyWarehouse', 'check_region_dim', 'manual__2024-03-13T13:10:47.931563+00:00', '--job-id', '1581', '--raw', '--subdir', 'DAGS_FOLDER/***-to-bigquery-dag/***_to_bigquerry_dag.py', '--cfg-path', '/tmp/tmpax2e1han']
[2024-03-13T13:17:38.342+0000] {standard_task_runner.py:85} INFO - Job 1581: Subtask check_region_dim
[2024-03-13T13:17:38.675+0000] {task_command.py:410} INFO - Running <TaskInstance: EnergyWarehouse.check_region_dim manual__2024-03-13T13:10:47.931563+00:00 [running]> on host 952b3f8a1a94
[2024-03-13T13:17:39.080+0000] {taskinstance.py:1547} INFO - Exporting env vars: AIRFLOW_CTX_DAG_OWNER='Mbaye SENE' AIRFLOW_CTX_DAG_ID='EnergyWarehouse' AIRFLOW_CTX_TASK_ID='check_region_dim' AIRFLOW_CTX_EXECUTION_DATE='2024-03-13T13:10:47.931563+00:00' AIRFLOW_CTX_TRY_NUMBER='1' AIRFLOW_CTX_DAG_RUN_ID='manual__2024-03-13T13:10:47.931563+00:00'
[2024-03-13T13:17:39.182+0000] {python.py:72} INFO - Poking callable: <function _wait_for_csv at 0x7f0531b9d5f0>
[2024-03-13T13:17:39.594+0000] {taskinstance.py:1784} INFO - Rescheduling task, marking task as UP_FOR_RESCHEDULE
[2024-03-13T13:17:39.692+0000] {local_task_job_runner.py:225} INFO - Task exited with return code 0
[2024-03-13T13:17:40.095+0000] {taskinstance.py:2651} INFO - 0 downstream tasks scheduled from follow-on schedule check
[2024-03-13T13:18:13.192+0000] {taskinstance.py:1103} INFO - Dependencies all met for dep_context=non-requeueable deps ti=<TaskInstance: EnergyWarehouse.check_region_dim manual__2024-03-13T13:10:47.931563+00:00 [queued]>
[2024-03-13T13:18:13.225+0000] {taskinstance.py:1103} INFO - Dependencies all met for dep_context=requeueable deps ti=<TaskInstance: EnergyWarehouse.check_region_dim manual__2024-03-13T13:10:47.931563+00:00 [queued]>
[2024-03-13T13:18:13.228+0000] {taskinstance.py:1308} INFO - Starting attempt 1 of 2
[2024-03-13T13:18:13.261+0000] {taskinstance.py:1327} INFO - Executing <Task(PythonSensor): check_region_dim> on 2024-03-13 13:10:47.931563+00:00
[2024-03-13T13:18:13.278+0000] {standard_task_runner.py:57} INFO - Started process 486 to run task
[2024-03-13T13:18:13.289+0000] {standard_task_runner.py:84} INFO - Running: ['***', 'tasks', 'run', 'EnergyWarehouse', 'check_region_dim', 'manual__2024-03-13T13:10:47.931563+00:00', '--job-id', '1587', '--raw', '--subdir', 'DAGS_FOLDER/***-to-bigquery-dag/***_to_bigquerry_dag.py', '--cfg-path', '/tmp/tmpl3ocu6zf']
[2024-03-13T13:18:13.297+0000] {standard_task_runner.py:85} INFO - Job 1587: Subtask check_region_dim
[2024-03-13T13:18:13.627+0000] {task_command.py:410} INFO - Running <TaskInstance: EnergyWarehouse.check_region_dim manual__2024-03-13T13:10:47.931563+00:00 [running]> on host 952b3f8a1a94
[2024-03-13T13:18:13.851+0000] {taskinstance.py:1547} INFO - Exporting env vars: AIRFLOW_CTX_DAG_OWNER='Mbaye SENE' AIRFLOW_CTX_DAG_ID='EnergyWarehouse' AIRFLOW_CTX_TASK_ID='check_region_dim' AIRFLOW_CTX_EXECUTION_DATE='2024-03-13T13:10:47.931563+00:00' AIRFLOW_CTX_TRY_NUMBER='1' AIRFLOW_CTX_DAG_RUN_ID='manual__2024-03-13T13:10:47.931563+00:00'
[2024-03-13T13:18:13.898+0000] {python.py:72} INFO - Poking callable: <function _wait_for_csv at 0x7f0531b9d5f0>
[2024-03-13T13:18:13.904+0000] {base.py:255} INFO - Success criteria met. Exiting.
[2024-03-13T13:18:13.948+0000] {taskinstance.py:1350} INFO - Marking task as SUCCESS. dag_id=EnergyWarehouse, task_id=check_region_dim, execution_date=20240313T131047, start_date=20240313T131813, end_date=20240313T131813
[2024-03-13T13:18:14.103+0000] {local_task_job_runner.py:225} INFO - Task exited with return code 0
[2024-03-13T13:18:14.244+0000] {taskinstance.py:2651} INFO - 0 downstream tasks scheduled from follow-on schedule check
