[2024-03-11T13:26:22.058+0000] {taskinstance.py:1103} INFO - Dependencies all met for dep_context=non-requeueable deps ti=<TaskInstance: EnergyWarehouse.create_fact_table_prod_biomethane_par_site manual__2024-03-11T13:23:36.076689+00:00 [queued]>
[2024-03-11T13:26:22.126+0000] {taskinstance.py:1103} INFO - Dependencies all met for dep_context=requeueable deps ti=<TaskInstance: EnergyWarehouse.create_fact_table_prod_biomethane_par_site manual__2024-03-11T13:23:36.076689+00:00 [queued]>
[2024-03-11T13:26:22.131+0000] {taskinstance.py:1308} INFO - Starting attempt 1 of 2
[2024-03-11T13:26:22.196+0000] {taskinstance.py:1327} INFO - Executing <Task(PythonOperator): create_fact_table_prod_biomethane_par_site> on 2024-03-11 13:23:36.076689+00:00
[2024-03-11T13:26:22.223+0000] {standard_task_runner.py:57} INFO - Started process 3131 to run task
[2024-03-11T13:26:22.248+0000] {standard_task_runner.py:84} INFO - Running: ['***', 'tasks', 'run', 'EnergyWarehouse', 'create_fact_table_prod_biomethane_par_site', 'manual__2024-03-11T13:23:36.076689+00:00', '--job-id', '1201', '--raw', '--subdir', 'DAGS_FOLDER/***-to-bigquery-dag/***_to_bigquerry_dag.py', '--cfg-path', '/tmp/tmpaivxc4bg']
[2024-03-11T13:26:22.257+0000] {standard_task_runner.py:85} INFO - Job 1201: Subtask create_fact_table_prod_biomethane_par_site
[2024-03-11T13:26:22.525+0000] {task_command.py:410} INFO - Running <TaskInstance: EnergyWarehouse.create_fact_table_prod_biomethane_par_site manual__2024-03-11T13:23:36.076689+00:00 [running]> on host 952b3f8a1a94
[2024-03-11T13:26:24.313+0000] {taskinstance.py:1547} INFO - Exporting env vars: AIRFLOW_CTX_DAG_OWNER='Mbaye SENE' AIRFLOW_CTX_DAG_ID='EnergyWarehouse' AIRFLOW_CTX_TASK_ID='create_fact_table_prod_biomethane_par_site' AIRFLOW_CTX_EXECUTION_DATE='2024-03-11T13:23:36.076689+00:00' AIRFLOW_CTX_TRY_NUMBER='1' AIRFLOW_CTX_DAG_RUN_ID='manual__2024-03-11T13:23:36.076689+00:00'
[2024-03-11T13:26:24.883+0000] {taskinstance.py:1824} ERROR - Task failed with exception
Traceback (most recent call last):
  File "/home/airflow/.local/lib/python3.7/site-packages/airflow/operators/python.py", line 181, in execute
    return_value = self.execute_callable()
  File "/home/airflow/.local/lib/python3.7/site-packages/airflow/operators/python.py", line 198, in execute_callable
    return self.python_callable(*self.op_args, **self.op_kwargs)
  File "/opt/airflow/dags/airflow-to-bigquery-dag/airflow_to_bigquerry_dag.py", line 494, in create_fact_table_prod_biomethane_par_site
    fact_table_prod_biomethane_par_site = df_prod_biomethane_par_site.merge(annee_dim, on='annee')\
NameError: name 'annee_dim' is not defined
[2024-03-11T13:26:25.128+0000] {taskinstance.py:1350} INFO - Marking task as UP_FOR_RETRY. dag_id=EnergyWarehouse, task_id=create_fact_table_prod_biomethane_par_site, execution_date=20240311T132336, start_date=20240311T132622, end_date=20240311T132625
[2024-03-11T13:26:25.429+0000] {standard_task_runner.py:109} ERROR - Failed to execute job 1201 for task create_fact_table_prod_biomethane_par_site (name 'annee_dim' is not defined; 3131)
[2024-03-11T13:26:26.503+0000] {local_task_job_runner.py:225} INFO - Task exited with return code 1
[2024-03-11T13:26:27.164+0000] {taskinstance.py:2651} INFO - 0 downstream tasks scheduled from follow-on schedule check
