[2024-02-24T15:47:22.050+0000] {taskinstance.py:1103} INFO - Dependencies all met for dep_context=non-requeueable deps ti=<TaskInstance: extract_energy_data_and_transform._fetch_and_transform manual__2024-02-24T15:47:16.158100+00:00 [queued]>
[2024-02-24T15:47:22.072+0000] {taskinstance.py:1103} INFO - Dependencies all met for dep_context=requeueable deps ti=<TaskInstance: extract_energy_data_and_transform._fetch_and_transform manual__2024-02-24T15:47:16.158100+00:00 [queued]>
[2024-02-24T15:47:22.074+0000] {taskinstance.py:1308} INFO - Starting attempt 1 of 1
[2024-02-24T15:47:22.104+0000] {taskinstance.py:1327} INFO - Executing <Task(PythonOperator): _fetch_and_transform> on 2024-02-24 15:47:16.158100+00:00
[2024-02-24T15:47:22.116+0000] {standard_task_runner.py:57} INFO - Started process 4415 to run task
[2024-02-24T15:47:22.126+0000] {standard_task_runner.py:84} INFO - Running: ['***', 'tasks', 'run', 'extract_energy_data_and_transform', '_fetch_and_transform', 'manual__2024-02-24T15:47:16.158100+00:00', '--job-id', '383', '--raw', '--subdir', 'DAGS_FOLDER/energy-prod-cons-dag/data_energy_dag.py', '--cfg-path', '/tmp/tmpj7bq2mrm']
[2024-02-24T15:47:22.133+0000] {standard_task_runner.py:85} INFO - Job 383: Subtask _fetch_and_transform
[2024-02-24T15:47:22.243+0000] {task_command.py:410} INFO - Running <TaskInstance: extract_energy_data_and_transform._fetch_and_transform manual__2024-02-24T15:47:16.158100+00:00 [running]> on host 952b3f8a1a94
[2024-02-24T15:47:22.480+0000] {taskinstance.py:1547} INFO - Exporting env vars: AIRFLOW_CTX_DAG_OWNER='***' AIRFLOW_CTX_DAG_ID='extract_energy_data_and_transform' AIRFLOW_CTX_TASK_ID='_fetch_and_transform' AIRFLOW_CTX_EXECUTION_DATE='2024-02-24T15:47:16.158100+00:00' AIRFLOW_CTX_TRY_NUMBER='1' AIRFLOW_CTX_DAG_RUN_ID='manual__2024-02-24T15:47:16.158100+00:00'
[2024-02-24T15:47:22.490+0000] {warnings.py:110} WARNING - /home/***/.local/lib/python3.7/site-packages/***/operators/python.py:198: FutureWarning: The error_bad_lines argument has been deprecated and will be removed in a future version.


  return self.python_callable(*self.op_args, **self.op_kwargs)

[2024-02-24T15:48:00.306+0000] {logging_mixin.py:149} INFO - ******* STARTING columns ******  : Index(['operateur', 'annee', 'filiere', 'code_categorie_consommation',
       'libelle_categorie_consommation', 'code_grand_secteur',
       'libelle_grand_secteur', 'code_naf', 'libelle_secteur_naf2', 'conso',
       'pdl', 'indqual', 'nombre_mailles_secretisees', 'code_region',
       'libelle_region'],
      dtype='object')
[2024-02-24T15:48:00.384+0000] {logging_mixin.py:149} INFO - Strip leading and trailing whitespaces from column names
[2024-02-24T15:48:16.258+0000] {python.py:183} INFO - Done. Returned value was: None
[2024-02-24T15:48:17.478+0000] {taskinstance.py:1350} INFO - Marking task as SUCCESS. dag_id=extract_energy_data_and_transform, task_id=_fetch_and_transform, execution_date=20240224T154716, start_date=20240224T154722, end_date=20240224T154817
[2024-02-24T15:48:18.977+0000] {local_task_job_runner.py:225} INFO - Task exited with return code 0
[2024-02-24T15:48:20.394+0000] {taskinstance.py:2651} INFO - 0 downstream tasks scheduled from follow-on schedule check
