[2024-03-10T20:57:38.266+0000] {taskinstance.py:1103} INFO - Dependencies all met for dep_context=non-requeueable deps ti=<TaskInstance: EnergyWarehouse.create_dim_secteur_naf manual__2024-03-10T20:46:17.709120+00:00 [queued]>
[2024-03-10T20:57:38.293+0000] {taskinstance.py:1103} INFO - Dependencies all met for dep_context=requeueable deps ti=<TaskInstance: EnergyWarehouse.create_dim_secteur_naf manual__2024-03-10T20:46:17.709120+00:00 [queued]>
[2024-03-10T20:57:38.295+0000] {taskinstance.py:1308} INFO - Starting attempt 2 of 2
[2024-03-10T20:57:38.322+0000] {taskinstance.py:1327} INFO - Executing <Task(PythonOperator): create_dim_secteur_naf> on 2024-03-10 20:46:17.709120+00:00
[2024-03-10T20:57:38.351+0000] {standard_task_runner.py:57} INFO - Started process 2550 to run task
[2024-03-10T20:57:38.367+0000] {standard_task_runner.py:84} INFO - Running: ['***', 'tasks', 'run', 'EnergyWarehouse', 'create_dim_secteur_naf', 'manual__2024-03-10T20:46:17.709120+00:00', '--job-id', '967', '--raw', '--subdir', 'DAGS_FOLDER/***-to-bigquery-dag/***_to_bigquerry_dag.py', '--cfg-path', '/tmp/tmpnhssfsoe']
[2024-03-10T20:57:38.375+0000] {standard_task_runner.py:85} INFO - Job 967: Subtask create_dim_secteur_naf
[2024-03-10T20:57:38.491+0000] {task_command.py:410} INFO - Running <TaskInstance: EnergyWarehouse.create_dim_secteur_naf manual__2024-03-10T20:46:17.709120+00:00 [running]> on host 952b3f8a1a94
[2024-03-10T20:57:38.695+0000] {taskinstance.py:1547} INFO - Exporting env vars: AIRFLOW_CTX_DAG_OWNER='Mbaye SENE' AIRFLOW_CTX_DAG_ID='EnergyWarehouse' AIRFLOW_CTX_TASK_ID='create_dim_secteur_naf' AIRFLOW_CTX_EXECUTION_DATE='2024-03-10T20:46:17.709120+00:00' AIRFLOW_CTX_TRY_NUMBER='2' AIRFLOW_CTX_DAG_RUN_ID='manual__2024-03-10T20:46:17.709120+00:00'
[2024-03-10T20:57:38.750+0000] {taskinstance.py:1824} ERROR - Task failed with exception
Traceback (most recent call last):
  File "/home/airflow/.local/lib/python3.7/site-packages/airflow/operators/python.py", line 181, in execute
    return_value = self.execute_callable()
  File "/home/airflow/.local/lib/python3.7/site-packages/airflow/operators/python.py", line 198, in execute_callable
    return self.python_callable(*self.op_args, **self.op_kwargs)
  File "/opt/airflow/dags/airflow-to-bigquery-dag/airflow_to_bigquerry_dag.py", line 268, in create_dim_secteur_naf
    secteur_naf_dim = df_conso_energy_region[['code_naf',  'libelle_secteur_naf2']].drop_duplicates().reset_index(drop=True)
TypeError: 'NoneType' object is not subscriptable
[2024-03-10T20:57:38.794+0000] {taskinstance.py:1350} INFO - Marking task as FAILED. dag_id=EnergyWarehouse, task_id=create_dim_secteur_naf, execution_date=20240310T204617, start_date=20240310T205738, end_date=20240310T205738
[2024-03-10T20:57:38.832+0000] {standard_task_runner.py:109} ERROR - Failed to execute job 967 for task create_dim_secteur_naf ('NoneType' object is not subscriptable; 2550)
[2024-03-10T20:57:38.863+0000] {local_task_job_runner.py:225} INFO - Task exited with return code 1
[2024-03-10T20:57:38.982+0000] {taskinstance.py:2651} INFO - 0 downstream tasks scheduled from follow-on schedule check
