[2024-03-10T20:38:19.452+0000] {taskinstance.py:1103} INFO - Dependencies all met for dep_context=non-requeueable deps ti=<TaskInstance: EnergyWarehouse.create_dim_department manual__2024-03-10T20:20:36.100743+00:00 [queued]>
[2024-03-10T20:38:19.484+0000] {taskinstance.py:1103} INFO - Dependencies all met for dep_context=requeueable deps ti=<TaskInstance: EnergyWarehouse.create_dim_department manual__2024-03-10T20:20:36.100743+00:00 [queued]>
[2024-03-10T20:38:19.488+0000] {taskinstance.py:1308} INFO - Starting attempt 2 of 2
[2024-03-10T20:38:19.574+0000] {taskinstance.py:1327} INFO - Executing <Task(PythonOperator): create_dim_department> on 2024-03-10 20:20:36.100743+00:00
[2024-03-10T20:38:19.612+0000] {standard_task_runner.py:57} INFO - Started process 1985 to run task
[2024-03-10T20:38:19.627+0000] {standard_task_runner.py:84} INFO - Running: ['***', 'tasks', 'run', 'EnergyWarehouse', 'create_dim_department', 'manual__2024-03-10T20:20:36.100743+00:00', '--job-id', '923', '--raw', '--subdir', 'DAGS_FOLDER/***-to-bigquery-dag/***_to_bigquerry_dag.py', '--cfg-path', '/tmp/tmpi4qzdwyz']
[2024-03-10T20:38:19.634+0000] {standard_task_runner.py:85} INFO - Job 923: Subtask create_dim_department
[2024-03-10T20:38:19.759+0000] {task_command.py:410} INFO - Running <TaskInstance: EnergyWarehouse.create_dim_department manual__2024-03-10T20:20:36.100743+00:00 [running]> on host 952b3f8a1a94
[2024-03-10T20:38:19.951+0000] {taskinstance.py:1547} INFO - Exporting env vars: AIRFLOW_CTX_DAG_OWNER='Mbaye SENE' AIRFLOW_CTX_DAG_ID='EnergyWarehouse' AIRFLOW_CTX_TASK_ID='create_dim_department' AIRFLOW_CTX_EXECUTION_DATE='2024-03-10T20:20:36.100743+00:00' AIRFLOW_CTX_TRY_NUMBER='2' AIRFLOW_CTX_DAG_RUN_ID='manual__2024-03-10T20:20:36.100743+00:00'
[2024-03-10T20:38:19.984+0000] {taskinstance.py:1824} ERROR - Task failed with exception
Traceback (most recent call last):
  File "/home/airflow/.local/lib/python3.7/site-packages/airflow/operators/python.py", line 181, in execute
    return_value = self.execute_callable()
  File "/home/airflow/.local/lib/python3.7/site-packages/airflow/operators/python.py", line 198, in execute_callable
    return self.python_callable(*self.op_args, **self.op_kwargs)
  File "/opt/airflow/dags/airflow-to-bigquery-dag/airflow_to_bigquerry_dag.py", line 314, in create_dim_department
    departement_dim = df_conso_energy_dept[['code_departement' , 'libelle_departement' , 'code_region']].drop_duplicates().reset_index(drop=True)
TypeError: 'NoneType' object is not subscriptable
[2024-03-10T20:38:20.023+0000] {taskinstance.py:1350} INFO - Marking task as FAILED. dag_id=EnergyWarehouse, task_id=create_dim_department, execution_date=20240310T202036, start_date=20240310T203819, end_date=20240310T203820
[2024-03-10T20:38:20.060+0000] {standard_task_runner.py:109} ERROR - Failed to execute job 923 for task create_dim_department ('NoneType' object is not subscriptable; 1985)
[2024-03-10T20:38:20.110+0000] {local_task_job_runner.py:225} INFO - Task exited with return code 1
[2024-03-10T20:38:20.207+0000] {taskinstance.py:2651} INFO - 0 downstream tasks scheduled from follow-on schedule check
