[2024-02-13T14:03:25.644+0000] {taskinstance.py:1103} INFO - Dependencies all met for dep_context=non-requeueable deps ti=<TaskInstance: get_energy_data_and_transform._fetch_and_transform manual__2024-02-13T14:03:22.625504+00:00 [queued]>
[2024-02-13T14:03:25.662+0000] {taskinstance.py:1103} INFO - Dependencies all met for dep_context=requeueable deps ti=<TaskInstance: get_energy_data_and_transform._fetch_and_transform manual__2024-02-13T14:03:22.625504+00:00 [queued]>
[2024-02-13T14:03:25.665+0000] {taskinstance.py:1308} INFO - Starting attempt 1 of 1
[2024-02-13T14:03:25.689+0000] {taskinstance.py:1327} INFO - Executing <Task(PythonOperator): _fetch_and_transform> on 2024-02-13 14:03:22.625504+00:00
[2024-02-13T14:03:25.698+0000] {standard_task_runner.py:57} INFO - Started process 4143 to run task
[2024-02-13T14:03:25.705+0000] {standard_task_runner.py:84} INFO - Running: ['***', 'tasks', 'run', 'get_energy_data_and_transform', '_fetch_and_transform', 'manual__2024-02-13T14:03:22.625504+00:00', '--job-id', '218', '--raw', '--subdir', 'DAGS_FOLDER/energy-prod-cons-dag/data_energy_dag.py', '--cfg-path', '/tmp/tmpo2ejnww8']
[2024-02-13T14:03:25.713+0000] {standard_task_runner.py:85} INFO - Job 218: Subtask _fetch_and_transform
[2024-02-13T14:03:25.826+0000] {task_command.py:410} INFO - Running <TaskInstance: get_energy_data_and_transform._fetch_and_transform manual__2024-02-13T14:03:22.625504+00:00 [running]> on host 952b3f8a1a94
[2024-02-13T14:03:26.016+0000] {taskinstance.py:1547} INFO - Exporting env vars: AIRFLOW_CTX_DAG_OWNER='***' AIRFLOW_CTX_DAG_ID='get_energy_data_and_transform' AIRFLOW_CTX_TASK_ID='_fetch_and_transform' AIRFLOW_CTX_EXECUTION_DATE='2024-02-13T14:03:22.625504+00:00' AIRFLOW_CTX_TRY_NUMBER='1' AIRFLOW_CTX_DAG_RUN_ID='manual__2024-02-13T14:03:22.625504+00:00'
[2024-02-13T14:03:26.021+0000] {warnings.py:110} WARNING - /home/***/.local/lib/python3.7/site-packages/***/operators/python.py:198: FutureWarning: The error_bad_lines argument has been deprecated and will be removed in a future version.


  return self.python_callable(*self.op_args, **self.op_kwargs)

[2024-02-13T14:03:44.043+0000] {logging_mixin.py:149} INFO - ******* STARTING columns ******  : Index(['operateur', 'annee', 'filiere', 'code_categorie_consommation',
       'libelle_categorie_consommation', 'code_grand_secteur',
       'libelle_grand_secteur', 'code_naf', 'libelle_secteur_naf2', 'conso',
       'pdl', 'indqual', 'nombre_mailles_secretisees', 'code_region',
       'libelle_region'],
      dtype='object')
[2024-02-13T14:03:44.045+0000] {logging_mixin.py:149} INFO - Strip leading and trailing whitespaces from column names
[2024-02-13T14:03:44.590+0000] {logging_mixin.py:149} INFO - conso_energy_region Data has been loaded into CSV: /tmp/csv_file/conso_energy_region.csv
[2024-02-13T14:03:44.592+0000] {logging_mixin.py:149} INFO - conso_energy_dept Data has been loaded into CSV: /tmp/csv_file/conso_energy_dept.csv
[2024-02-13T14:03:44.594+0000] {logging_mixin.py:149} INFO - prod_gaz_region Data has been loaded into CSV: /tmp/csv_file/prod_gaz_region.csv
[2024-02-13T14:03:44.596+0000] {logging_mixin.py:149} INFO - prod_gaz_dept Data has been loaded into CSV: /tmp/csv_file/prod_gaz_dept.csv
[2024-02-13T14:03:44.614+0000] {logging_mixin.py:149} INFO - prod_elec_region Data has been loaded into CSV: /tmp/csv_file/prod_elec_region.csv
[2024-02-13T14:03:44.617+0000] {logging_mixin.py:149} INFO - prod_elec_dept Data has been loaded into CSV: /tmp/csv_file/prod_elec_dept.csv
[2024-02-13T14:03:44.620+0000] {python.py:183} INFO - Done. Returned value was: None
[2024-02-13T14:03:44.669+0000] {taskinstance.py:1350} INFO - Marking task as SUCCESS. dag_id=get_energy_data_and_transform, task_id=_fetch_and_transform, execution_date=20240213T140322, start_date=20240213T140325, end_date=20240213T140344
[2024-02-13T14:03:44.744+0000] {local_task_job_runner.py:225} INFO - Task exited with return code 0
[2024-02-13T14:03:44.900+0000] {taskinstance.py:2651} INFO - 1 downstream tasks scheduled from follow-on schedule check
