[2024-02-06T14:18:23.119+0000] {taskinstance.py:1103} INFO - Dependencies all met for dep_context=non-requeueable deps ti=<TaskInstance: get_energy_data_send_psql.fetch_and_save manual__2024-02-06T14:18:15.634935+00:00 [queued]>
[2024-02-06T14:18:23.141+0000] {taskinstance.py:1103} INFO - Dependencies all met for dep_context=requeueable deps ti=<TaskInstance: get_energy_data_send_psql.fetch_and_save manual__2024-02-06T14:18:15.634935+00:00 [queued]>
[2024-02-06T14:18:23.144+0000] {taskinstance.py:1308} INFO - Starting attempt 1 of 1
[2024-02-06T14:18:23.175+0000] {taskinstance.py:1327} INFO - Executing <Task(PythonOperator): fetch_and_save> on 2024-02-06 14:18:15.634935+00:00
[2024-02-06T14:18:23.191+0000] {standard_task_runner.py:57} INFO - Started process 1136 to run task
[2024-02-06T14:18:23.212+0000] {standard_task_runner.py:84} INFO - Running: ['***', 'tasks', 'run', 'get_energy_data_send_psql', 'fetch_and_save', 'manual__2024-02-06T14:18:15.634935+00:00', '--job-id', '20', '--raw', '--subdir', 'DAGS_FOLDER/energy-prod-cons-dag/data_energy_dag.py', '--cfg-path', '/tmp/tmpz3j8xdku']
[2024-02-06T14:18:23.220+0000] {standard_task_runner.py:85} INFO - Job 20: Subtask fetch_and_save
[2024-02-06T14:18:23.425+0000] {task_command.py:410} INFO - Running <TaskInstance: get_energy_data_send_psql.fetch_and_save manual__2024-02-06T14:18:15.634935+00:00 [running]> on host 952b3f8a1a94
[2024-02-06T14:18:23.630+0000] {taskinstance.py:1547} INFO - Exporting env vars: AIRFLOW_CTX_DAG_OWNER='***' AIRFLOW_CTX_DAG_ID='get_energy_data_send_psql' AIRFLOW_CTX_TASK_ID='fetch_and_save' AIRFLOW_CTX_EXECUTION_DATE='2024-02-06T14:18:15.634935+00:00' AIRFLOW_CTX_TRY_NUMBER='1' AIRFLOW_CTX_DAG_RUN_ID='manual__2024-02-06T14:18:15.634935+00:00'
[2024-02-06T14:18:26.908+0000] {logging_mixin.py:149} INFO - display data :    operateur  annee  ... code_region        libelle_region
0    Enedis   2020  ...          84  Auvergne-Rhône-Alpes
1    Enedis   2020  ...          84  Auvergne-Rhône-Alpes
2    Enedis   2020  ...          84  Auvergne-Rhône-Alpes
3    Enedis   2020  ...          84  Auvergne-Rhône-Alpes
4    Enedis   2020  ...          84  Auvergne-Rhône-Alpes

[5 rows x 15 columns]
[2024-02-06T14:18:28.195+0000] {logging_mixin.py:149} INFO - conso_energy_region Data has been loaded into CSV: /tmp/csv_file/conso_energy_region.csv
[2024-02-06T14:18:28.233+0000] {logging_mixin.py:149} INFO - conso_energy_dept Data has been loaded into CSV: /tmp/csv_file/conso_energy_region.csv
[2024-02-06T14:18:28.247+0000] {python.py:183} INFO - Done. Returned value was: None
[2024-02-06T14:18:28.348+0000] {taskinstance.py:1350} INFO - Marking task as SUCCESS. dag_id=get_energy_data_send_psql, task_id=fetch_and_save, execution_date=20240206T141815, start_date=20240206T141823, end_date=20240206T141828
[2024-02-06T14:18:28.418+0000] {local_task_job_runner.py:225} INFO - Task exited with return code 0
[2024-02-06T14:18:28.511+0000] {taskinstance.py:2651} INFO - 0 downstream tasks scheduled from follow-on schedule check
