[2024-03-13T13:14:58.676+0000] {taskinstance.py:1103} INFO - Dependencies all met for dep_context=non-requeueable deps ti=<TaskInstance: EnergyWarehouse.check_dim_domaine_tension manual__2024-03-13T13:10:47.931563+00:00 [queued]>
[2024-03-13T13:14:59.149+0000] {taskinstance.py:1103} INFO - Dependencies all met for dep_context=requeueable deps ti=<TaskInstance: EnergyWarehouse.check_dim_domaine_tension manual__2024-03-13T13:10:47.931563+00:00 [queued]>
[2024-03-13T13:14:59.259+0000] {taskinstance.py:1308} INFO - Starting attempt 1 of 2
[2024-03-13T13:15:00.199+0000] {taskinstance.py:1327} INFO - Executing <Task(PythonSensor): check_dim_domaine_tension> on 2024-03-13 13:10:47.931563+00:00
[2024-03-13T13:15:00.675+0000] {standard_task_runner.py:57} INFO - Started process 348 to run task
[2024-03-13T13:15:01.625+0000] {standard_task_runner.py:84} INFO - Running: ['***', 'tasks', 'run', 'EnergyWarehouse', 'check_dim_domaine_tension', 'manual__2024-03-13T13:10:47.931563+00:00', '--job-id', '1554', '--raw', '--subdir', 'DAGS_FOLDER/***-to-bigquery-dag/***_to_bigquerry_dag.py', '--cfg-path', '/tmp/tmpxruwslya']
[2024-03-13T13:15:01.790+0000] {standard_task_runner.py:85} INFO - Job 1554: Subtask check_dim_domaine_tension
[2024-03-13T13:15:04.435+0000] {task_command.py:410} INFO - Running <TaskInstance: EnergyWarehouse.check_dim_domaine_tension manual__2024-03-13T13:10:47.931563+00:00 [running]> on host 952b3f8a1a94
[2024-03-13T13:15:11.782+0000] {taskinstance.py:1547} INFO - Exporting env vars: AIRFLOW_CTX_DAG_OWNER='Mbaye SENE' AIRFLOW_CTX_DAG_ID='EnergyWarehouse' AIRFLOW_CTX_TASK_ID='check_dim_domaine_tension' AIRFLOW_CTX_EXECUTION_DATE='2024-03-13T13:10:47.931563+00:00' AIRFLOW_CTX_TRY_NUMBER='1' AIRFLOW_CTX_DAG_RUN_ID='manual__2024-03-13T13:10:47.931563+00:00'
[2024-03-13T13:15:12.222+0000] {python.py:72} INFO - Poking callable: <function _wait_for_csv at 0x7f0531b73b00>
[2024-03-13T13:15:13.695+0000] {taskinstance.py:1784} INFO - Rescheduling task, marking task as UP_FOR_RESCHEDULE
[2024-03-13T13:15:13.987+0000] {local_task_job_runner.py:225} INFO - Task exited with return code 0
[2024-03-13T13:15:14.511+0000] {taskinstance.py:2651} INFO - 0 downstream tasks scheduled from follow-on schedule check
[2024-03-13T13:15:53.585+0000] {taskinstance.py:1103} INFO - Dependencies all met for dep_context=non-requeueable deps ti=<TaskInstance: EnergyWarehouse.check_dim_domaine_tension manual__2024-03-13T13:10:47.931563+00:00 [queued]>
[2024-03-13T13:15:53.982+0000] {taskinstance.py:1103} INFO - Dependencies all met for dep_context=requeueable deps ti=<TaskInstance: EnergyWarehouse.check_dim_domaine_tension manual__2024-03-13T13:10:47.931563+00:00 [queued]>
[2024-03-13T13:15:53.989+0000] {taskinstance.py:1308} INFO - Starting attempt 1 of 2
[2024-03-13T13:15:54.235+0000] {taskinstance.py:1327} INFO - Executing <Task(PythonSensor): check_dim_domaine_tension> on 2024-03-13 13:10:47.931563+00:00
[2024-03-13T13:15:54.367+0000] {standard_task_runner.py:57} INFO - Started process 383 to run task
[2024-03-13T13:15:54.388+0000] {standard_task_runner.py:84} INFO - Running: ['***', 'tasks', 'run', 'EnergyWarehouse', 'check_dim_domaine_tension', 'manual__2024-03-13T13:10:47.931563+00:00', '--job-id', '1561', '--raw', '--subdir', 'DAGS_FOLDER/***-to-bigquery-dag/***_to_bigquerry_dag.py', '--cfg-path', '/tmp/tmpo1px0dmb']
[2024-03-13T13:15:54.398+0000] {standard_task_runner.py:85} INFO - Job 1561: Subtask check_dim_domaine_tension
[2024-03-13T13:15:54.729+0000] {task_command.py:410} INFO - Running <TaskInstance: EnergyWarehouse.check_dim_domaine_tension manual__2024-03-13T13:10:47.931563+00:00 [running]> on host 952b3f8a1a94
[2024-03-13T13:15:55.675+0000] {taskinstance.py:1547} INFO - Exporting env vars: AIRFLOW_CTX_DAG_OWNER='Mbaye SENE' AIRFLOW_CTX_DAG_ID='EnergyWarehouse' AIRFLOW_CTX_TASK_ID='check_dim_domaine_tension' AIRFLOW_CTX_EXECUTION_DATE='2024-03-13T13:10:47.931563+00:00' AIRFLOW_CTX_TRY_NUMBER='1' AIRFLOW_CTX_DAG_RUN_ID='manual__2024-03-13T13:10:47.931563+00:00'
[2024-03-13T13:15:55.804+0000] {python.py:72} INFO - Poking callable: <function _wait_for_csv at 0x7f0531b6eb90>
[2024-03-13T13:15:56.792+0000] {taskinstance.py:1784} INFO - Rescheduling task, marking task as UP_FOR_RESCHEDULE
[2024-03-13T13:15:57.129+0000] {local_task_job_runner.py:225} INFO - Task exited with return code 0
[2024-03-13T13:15:57.831+0000] {taskinstance.py:2651} INFO - 0 downstream tasks scheduled from follow-on schedule check
[2024-03-13T13:16:29.454+0000] {taskinstance.py:1103} INFO - Dependencies all met for dep_context=non-requeueable deps ti=<TaskInstance: EnergyWarehouse.check_dim_domaine_tension manual__2024-03-13T13:10:47.931563+00:00 [queued]>
[2024-03-13T13:16:29.479+0000] {taskinstance.py:1103} INFO - Dependencies all met for dep_context=requeueable deps ti=<TaskInstance: EnergyWarehouse.check_dim_domaine_tension manual__2024-03-13T13:10:47.931563+00:00 [queued]>
[2024-03-13T13:16:29.482+0000] {taskinstance.py:1308} INFO - Starting attempt 1 of 2
[2024-03-13T13:16:29.510+0000] {taskinstance.py:1327} INFO - Executing <Task(PythonSensor): check_dim_domaine_tension> on 2024-03-13 13:10:47.931563+00:00
[2024-03-13T13:16:29.527+0000] {standard_task_runner.py:57} INFO - Started process 401 to run task
[2024-03-13T13:16:29.537+0000] {standard_task_runner.py:84} INFO - Running: ['***', 'tasks', 'run', 'EnergyWarehouse', 'check_dim_domaine_tension', 'manual__2024-03-13T13:10:47.931563+00:00', '--job-id', '1568', '--raw', '--subdir', 'DAGS_FOLDER/***-to-bigquery-dag/***_to_bigquerry_dag.py', '--cfg-path', '/tmp/tmpvdeonty5']
[2024-03-13T13:16:29.543+0000] {standard_task_runner.py:85} INFO - Job 1568: Subtask check_dim_domaine_tension
[2024-03-13T13:16:29.647+0000] {task_command.py:410} INFO - Running <TaskInstance: EnergyWarehouse.check_dim_domaine_tension manual__2024-03-13T13:10:47.931563+00:00 [running]> on host 952b3f8a1a94
[2024-03-13T13:16:29.863+0000] {taskinstance.py:1547} INFO - Exporting env vars: AIRFLOW_CTX_DAG_OWNER='Mbaye SENE' AIRFLOW_CTX_DAG_ID='EnergyWarehouse' AIRFLOW_CTX_TASK_ID='check_dim_domaine_tension' AIRFLOW_CTX_EXECUTION_DATE='2024-03-13T13:10:47.931563+00:00' AIRFLOW_CTX_TRY_NUMBER='1' AIRFLOW_CTX_DAG_RUN_ID='manual__2024-03-13T13:10:47.931563+00:00'
[2024-03-13T13:16:29.901+0000] {python.py:72} INFO - Poking callable: <function _wait_for_csv at 0x7f0531b9e440>
[2024-03-13T13:16:29.981+0000] {taskinstance.py:1784} INFO - Rescheduling task, marking task as UP_FOR_RESCHEDULE
[2024-03-13T13:16:30.037+0000] {local_task_job_runner.py:225} INFO - Task exited with return code 0
[2024-03-13T13:16:30.143+0000] {taskinstance.py:2651} INFO - 0 downstream tasks scheduled from follow-on schedule check
[2024-03-13T13:17:04.874+0000] {taskinstance.py:1103} INFO - Dependencies all met for dep_context=non-requeueable deps ti=<TaskInstance: EnergyWarehouse.check_dim_domaine_tension manual__2024-03-13T13:10:47.931563+00:00 [queued]>
[2024-03-13T13:17:04.932+0000] {taskinstance.py:1103} INFO - Dependencies all met for dep_context=requeueable deps ti=<TaskInstance: EnergyWarehouse.check_dim_domaine_tension manual__2024-03-13T13:10:47.931563+00:00 [queued]>
[2024-03-13T13:17:04.935+0000] {taskinstance.py:1308} INFO - Starting attempt 1 of 2
[2024-03-13T13:17:04.997+0000] {taskinstance.py:1327} INFO - Executing <Task(PythonSensor): check_dim_domaine_tension> on 2024-03-13 13:10:47.931563+00:00
[2024-03-13T13:17:05.015+0000] {standard_task_runner.py:57} INFO - Started process 439 to run task
[2024-03-13T13:17:05.029+0000] {standard_task_runner.py:84} INFO - Running: ['***', 'tasks', 'run', 'EnergyWarehouse', 'check_dim_domaine_tension', 'manual__2024-03-13T13:10:47.931563+00:00', '--job-id', '1575', '--raw', '--subdir', 'DAGS_FOLDER/***-to-bigquery-dag/***_to_bigquerry_dag.py', '--cfg-path', '/tmp/tmp4t4lt1y4']
[2024-03-13T13:17:05.036+0000] {standard_task_runner.py:85} INFO - Job 1575: Subtask check_dim_domaine_tension
[2024-03-13T13:17:05.269+0000] {task_command.py:410} INFO - Running <TaskInstance: EnergyWarehouse.check_dim_domaine_tension manual__2024-03-13T13:10:47.931563+00:00 [running]> on host 952b3f8a1a94
[2024-03-13T13:17:05.564+0000] {taskinstance.py:1547} INFO - Exporting env vars: AIRFLOW_CTX_DAG_OWNER='Mbaye SENE' AIRFLOW_CTX_DAG_ID='EnergyWarehouse' AIRFLOW_CTX_TASK_ID='check_dim_domaine_tension' AIRFLOW_CTX_EXECUTION_DATE='2024-03-13T13:10:47.931563+00:00' AIRFLOW_CTX_TRY_NUMBER='1' AIRFLOW_CTX_DAG_RUN_ID='manual__2024-03-13T13:10:47.931563+00:00'
[2024-03-13T13:17:05.622+0000] {python.py:72} INFO - Poking callable: <function _wait_for_csv at 0x7f0531b6eb90>
[2024-03-13T13:17:05.804+0000] {taskinstance.py:1784} INFO - Rescheduling task, marking task as UP_FOR_RESCHEDULE
[2024-03-13T13:17:05.879+0000] {local_task_job_runner.py:225} INFO - Task exited with return code 0
[2024-03-13T13:17:06.060+0000] {taskinstance.py:2651} INFO - 0 downstream tasks scheduled from follow-on schedule check
[2024-03-13T13:17:41.880+0000] {taskinstance.py:1103} INFO - Dependencies all met for dep_context=non-requeueable deps ti=<TaskInstance: EnergyWarehouse.check_dim_domaine_tension manual__2024-03-13T13:10:47.931563+00:00 [queued]>
[2024-03-13T13:17:41.938+0000] {taskinstance.py:1103} INFO - Dependencies all met for dep_context=requeueable deps ti=<TaskInstance: EnergyWarehouse.check_dim_domaine_tension manual__2024-03-13T13:10:47.931563+00:00 [queued]>
[2024-03-13T13:17:41.940+0000] {taskinstance.py:1308} INFO - Starting attempt 1 of 2
[2024-03-13T13:17:41.978+0000] {taskinstance.py:1327} INFO - Executing <Task(PythonSensor): check_dim_domaine_tension> on 2024-03-13 13:10:47.931563+00:00
[2024-03-13T13:17:41.997+0000] {standard_task_runner.py:57} INFO - Started process 471 to run task
[2024-03-13T13:17:42.013+0000] {standard_task_runner.py:84} INFO - Running: ['***', 'tasks', 'run', 'EnergyWarehouse', 'check_dim_domaine_tension', 'manual__2024-03-13T13:10:47.931563+00:00', '--job-id', '1582', '--raw', '--subdir', 'DAGS_FOLDER/***-to-bigquery-dag/***_to_bigquerry_dag.py', '--cfg-path', '/tmp/tmprdywdo77']
[2024-03-13T13:17:42.022+0000] {standard_task_runner.py:85} INFO - Job 1582: Subtask check_dim_domaine_tension
[2024-03-13T13:17:42.283+0000] {task_command.py:410} INFO - Running <TaskInstance: EnergyWarehouse.check_dim_domaine_tension manual__2024-03-13T13:10:47.931563+00:00 [running]> on host 952b3f8a1a94
[2024-03-13T13:17:42.865+0000] {taskinstance.py:1547} INFO - Exporting env vars: AIRFLOW_CTX_DAG_OWNER='Mbaye SENE' AIRFLOW_CTX_DAG_ID='EnergyWarehouse' AIRFLOW_CTX_TASK_ID='check_dim_domaine_tension' AIRFLOW_CTX_EXECUTION_DATE='2024-03-13T13:10:47.931563+00:00' AIRFLOW_CTX_TRY_NUMBER='1' AIRFLOW_CTX_DAG_RUN_ID='manual__2024-03-13T13:10:47.931563+00:00'
[2024-03-13T13:17:43.066+0000] {python.py:72} INFO - Poking callable: <function _wait_for_csv at 0x7f0531b9e440>
[2024-03-13T13:17:43.078+0000] {base.py:255} INFO - Success criteria met. Exiting.
[2024-03-13T13:17:43.172+0000] {taskinstance.py:1350} INFO - Marking task as SUCCESS. dag_id=EnergyWarehouse, task_id=check_dim_domaine_tension, execution_date=20240313T131047, start_date=20240313T131741, end_date=20240313T131743
[2024-03-13T13:17:43.291+0000] {local_task_job_runner.py:225} INFO - Task exited with return code 0
[2024-03-13T13:17:43.451+0000] {taskinstance.py:2651} INFO - 0 downstream tasks scheduled from follow-on schedule check
