[2024-03-13T13:15:16.122+0000] {taskinstance.py:1103} INFO - Dependencies all met for dep_context=non-requeueable deps ti=<TaskInstance: EnergyWarehouse.check_filiere_dim manual__2024-03-13T13:10:47.931563+00:00 [queued]>
[2024-03-13T13:15:16.564+0000] {taskinstance.py:1103} INFO - Dependencies all met for dep_context=requeueable deps ti=<TaskInstance: EnergyWarehouse.check_filiere_dim manual__2024-03-13T13:10:47.931563+00:00 [queued]>
[2024-03-13T13:15:16.571+0000] {taskinstance.py:1308} INFO - Starting attempt 1 of 2
[2024-03-13T13:15:17.040+0000] {taskinstance.py:1327} INFO - Executing <Task(PythonSensor): check_filiere_dim> on 2024-03-13 13:10:47.931563+00:00
[2024-03-13T13:15:17.070+0000] {standard_task_runner.py:57} INFO - Started process 357 to run task
[2024-03-13T13:15:17.175+0000] {standard_task_runner.py:84} INFO - Running: ['***', 'tasks', 'run', 'EnergyWarehouse', 'check_filiere_dim', 'manual__2024-03-13T13:10:47.931563+00:00', '--job-id', '1557', '--raw', '--subdir', 'DAGS_FOLDER/***-to-bigquery-dag/***_to_bigquerry_dag.py', '--cfg-path', '/tmp/tmpr_qgkuar']
[2024-03-13T13:15:17.201+0000] {standard_task_runner.py:85} INFO - Job 1557: Subtask check_filiere_dim
[2024-03-13T13:15:18.192+0000] {task_command.py:410} INFO - Running <TaskInstance: EnergyWarehouse.check_filiere_dim manual__2024-03-13T13:10:47.931563+00:00 [running]> on host 952b3f8a1a94
[2024-03-13T13:15:20.449+0000] {taskinstance.py:1547} INFO - Exporting env vars: AIRFLOW_CTX_DAG_OWNER='Mbaye SENE' AIRFLOW_CTX_DAG_ID='EnergyWarehouse' AIRFLOW_CTX_TASK_ID='check_filiere_dim' AIRFLOW_CTX_EXECUTION_DATE='2024-03-13T13:10:47.931563+00:00' AIRFLOW_CTX_TRY_NUMBER='1' AIRFLOW_CTX_DAG_RUN_ID='manual__2024-03-13T13:10:47.931563+00:00'
[2024-03-13T13:15:20.575+0000] {python.py:72} INFO - Poking callable: <function _wait_for_csv at 0x7f0531a8fc20>
[2024-03-13T13:15:21.137+0000] {taskinstance.py:1784} INFO - Rescheduling task, marking task as UP_FOR_RESCHEDULE
[2024-03-13T13:15:21.536+0000] {local_task_job_runner.py:225} INFO - Task exited with return code 0
[2024-03-13T13:15:24.221+0000] {taskinstance.py:2651} INFO - 0 downstream tasks scheduled from follow-on schedule check
[2024-03-13T13:16:03.544+0000] {taskinstance.py:1103} INFO - Dependencies all met for dep_context=non-requeueable deps ti=<TaskInstance: EnergyWarehouse.check_filiere_dim manual__2024-03-13T13:10:47.931563+00:00 [queued]>
[2024-03-13T13:16:03.613+0000] {taskinstance.py:1103} INFO - Dependencies all met for dep_context=requeueable deps ti=<TaskInstance: EnergyWarehouse.check_filiere_dim manual__2024-03-13T13:10:47.931563+00:00 [queued]>
[2024-03-13T13:16:03.616+0000] {taskinstance.py:1308} INFO - Starting attempt 1 of 2
[2024-03-13T13:16:03.713+0000] {taskinstance.py:1327} INFO - Executing <Task(PythonSensor): check_filiere_dim> on 2024-03-13 13:10:47.931563+00:00
[2024-03-13T13:16:03.750+0000] {standard_task_runner.py:57} INFO - Started process 388 to run task
[2024-03-13T13:16:03.789+0000] {standard_task_runner.py:84} INFO - Running: ['***', 'tasks', 'run', 'EnergyWarehouse', 'check_filiere_dim', 'manual__2024-03-13T13:10:47.931563+00:00', '--job-id', '1563', '--raw', '--subdir', 'DAGS_FOLDER/***-to-bigquery-dag/***_to_bigquerry_dag.py', '--cfg-path', '/tmp/tmp7u7nmmxt']
[2024-03-13T13:16:03.815+0000] {standard_task_runner.py:85} INFO - Job 1563: Subtask check_filiere_dim
[2024-03-13T13:16:04.285+0000] {task_command.py:410} INFO - Running <TaskInstance: EnergyWarehouse.check_filiere_dim manual__2024-03-13T13:10:47.931563+00:00 [running]> on host 952b3f8a1a94
[2024-03-13T13:16:04.782+0000] {taskinstance.py:1547} INFO - Exporting env vars: AIRFLOW_CTX_DAG_OWNER='Mbaye SENE' AIRFLOW_CTX_DAG_ID='EnergyWarehouse' AIRFLOW_CTX_TASK_ID='check_filiere_dim' AIRFLOW_CTX_EXECUTION_DATE='2024-03-13T13:10:47.931563+00:00' AIRFLOW_CTX_TRY_NUMBER='1' AIRFLOW_CTX_DAG_RUN_ID='manual__2024-03-13T13:10:47.931563+00:00'
[2024-03-13T13:16:04.853+0000] {python.py:72} INFO - Poking callable: <function _wait_for_csv at 0x7f0531b9d440>
[2024-03-13T13:16:04.947+0000] {taskinstance.py:1784} INFO - Rescheduling task, marking task as UP_FOR_RESCHEDULE
[2024-03-13T13:16:05.034+0000] {local_task_job_runner.py:225} INFO - Task exited with return code 0
[2024-03-13T13:16:05.213+0000] {taskinstance.py:2651} INFO - 0 downstream tasks scheduled from follow-on schedule check
[2024-03-13T13:16:39.941+0000] {taskinstance.py:1103} INFO - Dependencies all met for dep_context=non-requeueable deps ti=<TaskInstance: EnergyWarehouse.check_filiere_dim manual__2024-03-13T13:10:47.931563+00:00 [queued]>
[2024-03-13T13:16:39.982+0000] {taskinstance.py:1103} INFO - Dependencies all met for dep_context=requeueable deps ti=<TaskInstance: EnergyWarehouse.check_filiere_dim manual__2024-03-13T13:10:47.931563+00:00 [queued]>
[2024-03-13T13:16:39.985+0000] {taskinstance.py:1308} INFO - Starting attempt 1 of 2
[2024-03-13T13:16:40.034+0000] {taskinstance.py:1327} INFO - Executing <Task(PythonSensor): check_filiere_dim> on 2024-03-13 13:10:47.931563+00:00
[2024-03-13T13:16:40.057+0000] {standard_task_runner.py:57} INFO - Started process 418 to run task
[2024-03-13T13:16:40.084+0000] {standard_task_runner.py:84} INFO - Running: ['***', 'tasks', 'run', 'EnergyWarehouse', 'check_filiere_dim', 'manual__2024-03-13T13:10:47.931563+00:00', '--job-id', '1569', '--raw', '--subdir', 'DAGS_FOLDER/***-to-bigquery-dag/***_to_bigquerry_dag.py', '--cfg-path', '/tmp/tmp3ip02692']
[2024-03-13T13:16:40.097+0000] {standard_task_runner.py:85} INFO - Job 1569: Subtask check_filiere_dim
[2024-03-13T13:16:40.255+0000] {task_command.py:410} INFO - Running <TaskInstance: EnergyWarehouse.check_filiere_dim manual__2024-03-13T13:10:47.931563+00:00 [running]> on host 952b3f8a1a94
[2024-03-13T13:16:40.614+0000] {taskinstance.py:1547} INFO - Exporting env vars: AIRFLOW_CTX_DAG_OWNER='Mbaye SENE' AIRFLOW_CTX_DAG_ID='EnergyWarehouse' AIRFLOW_CTX_TASK_ID='check_filiere_dim' AIRFLOW_CTX_EXECUTION_DATE='2024-03-13T13:10:47.931563+00:00' AIRFLOW_CTX_TRY_NUMBER='1' AIRFLOW_CTX_DAG_RUN_ID='manual__2024-03-13T13:10:47.931563+00:00'
[2024-03-13T13:16:40.740+0000] {python.py:72} INFO - Poking callable: <function _wait_for_csv at 0x7f0531b9d5f0>
[2024-03-13T13:16:40.945+0000] {taskinstance.py:1784} INFO - Rescheduling task, marking task as UP_FOR_RESCHEDULE
[2024-03-13T13:16:41.000+0000] {local_task_job_runner.py:225} INFO - Task exited with return code 0
[2024-03-13T13:16:41.229+0000] {taskinstance.py:2651} INFO - 0 downstream tasks scheduled from follow-on schedule check
[2024-03-13T13:17:18.482+0000] {taskinstance.py:1103} INFO - Dependencies all met for dep_context=non-requeueable deps ti=<TaskInstance: EnergyWarehouse.check_filiere_dim manual__2024-03-13T13:10:47.931563+00:00 [queued]>
[2024-03-13T13:17:18.881+0000] {taskinstance.py:1103} INFO - Dependencies all met for dep_context=requeueable deps ti=<TaskInstance: EnergyWarehouse.check_filiere_dim manual__2024-03-13T13:10:47.931563+00:00 [queued]>
[2024-03-13T13:17:18.885+0000] {taskinstance.py:1308} INFO - Starting attempt 1 of 2
[2024-03-13T13:17:19.511+0000] {taskinstance.py:1327} INFO - Executing <Task(PythonSensor): check_filiere_dim> on 2024-03-13 13:10:47.931563+00:00
[2024-03-13T13:17:19.675+0000] {standard_task_runner.py:84} INFO - Running: ['***', 'tasks', 'run', 'EnergyWarehouse', 'check_filiere_dim', 'manual__2024-03-13T13:10:47.931563+00:00', '--job-id', '1576', '--raw', '--subdir', 'DAGS_FOLDER/***-to-bigquery-dag/***_to_bigquerry_dag.py', '--cfg-path', '/tmp/tmpwtngf7k8']
[2024-03-13T13:17:19.735+0000] {standard_task_runner.py:85} INFO - Job 1576: Subtask check_filiere_dim
[2024-03-13T13:17:19.736+0000] {standard_task_runner.py:57} INFO - Started process 449 to run task
[2024-03-13T13:17:20.493+0000] {task_command.py:410} INFO - Running <TaskInstance: EnergyWarehouse.check_filiere_dim manual__2024-03-13T13:10:47.931563+00:00 [running]> on host 952b3f8a1a94
[2024-03-13T13:17:21.667+0000] {taskinstance.py:1547} INFO - Exporting env vars: AIRFLOW_CTX_DAG_OWNER='Mbaye SENE' AIRFLOW_CTX_DAG_ID='EnergyWarehouse' AIRFLOW_CTX_TASK_ID='check_filiere_dim' AIRFLOW_CTX_EXECUTION_DATE='2024-03-13T13:10:47.931563+00:00' AIRFLOW_CTX_TRY_NUMBER='1' AIRFLOW_CTX_DAG_RUN_ID='manual__2024-03-13T13:10:47.931563+00:00'
[2024-03-13T13:17:21.809+0000] {python.py:72} INFO - Poking callable: <function _wait_for_csv at 0x7f0531b9d440>
[2024-03-13T13:17:21.920+0000] {taskinstance.py:1784} INFO - Rescheduling task, marking task as UP_FOR_RESCHEDULE
[2024-03-13T13:17:22.018+0000] {local_task_job_runner.py:225} INFO - Task exited with return code 0
[2024-03-13T13:17:22.280+0000] {taskinstance.py:2651} INFO - 0 downstream tasks scheduled from follow-on schedule check
[2024-03-13T13:17:56.823+0000] {taskinstance.py:1103} INFO - Dependencies all met for dep_context=non-requeueable deps ti=<TaskInstance: EnergyWarehouse.check_filiere_dim manual__2024-03-13T13:10:47.931563+00:00 [queued]>
[2024-03-13T13:17:56.859+0000] {taskinstance.py:1103} INFO - Dependencies all met for dep_context=requeueable deps ti=<TaskInstance: EnergyWarehouse.check_filiere_dim manual__2024-03-13T13:10:47.931563+00:00 [queued]>
[2024-03-13T13:17:56.862+0000] {taskinstance.py:1308} INFO - Starting attempt 1 of 2
[2024-03-13T13:17:56.912+0000] {taskinstance.py:1327} INFO - Executing <Task(PythonSensor): check_filiere_dim> on 2024-03-13 13:10:47.931563+00:00
[2024-03-13T13:17:56.938+0000] {standard_task_runner.py:57} INFO - Started process 477 to run task
[2024-03-13T13:17:56.981+0000] {standard_task_runner.py:84} INFO - Running: ['***', 'tasks', 'run', 'EnergyWarehouse', 'check_filiere_dim', 'manual__2024-03-13T13:10:47.931563+00:00', '--job-id', '1584', '--raw', '--subdir', 'DAGS_FOLDER/***-to-bigquery-dag/***_to_bigquerry_dag.py', '--cfg-path', '/tmp/tmpz1c6drjv']
[2024-03-13T13:17:56.998+0000] {standard_task_runner.py:85} INFO - Job 1584: Subtask check_filiere_dim
[2024-03-13T13:17:57.262+0000] {task_command.py:410} INFO - Running <TaskInstance: EnergyWarehouse.check_filiere_dim manual__2024-03-13T13:10:47.931563+00:00 [running]> on host 952b3f8a1a94
[2024-03-13T13:17:57.702+0000] {taskinstance.py:1547} INFO - Exporting env vars: AIRFLOW_CTX_DAG_OWNER='Mbaye SENE' AIRFLOW_CTX_DAG_ID='EnergyWarehouse' AIRFLOW_CTX_TASK_ID='check_filiere_dim' AIRFLOW_CTX_EXECUTION_DATE='2024-03-13T13:10:47.931563+00:00' AIRFLOW_CTX_TRY_NUMBER='1' AIRFLOW_CTX_DAG_RUN_ID='manual__2024-03-13T13:10:47.931563+00:00'
[2024-03-13T13:17:57.772+0000] {python.py:72} INFO - Poking callable: <function _wait_for_csv at 0x7f0531b9d5f0>
[2024-03-13T13:17:57.777+0000] {base.py:255} INFO - Success criteria met. Exiting.
[2024-03-13T13:17:57.831+0000] {taskinstance.py:1350} INFO - Marking task as SUCCESS. dag_id=EnergyWarehouse, task_id=check_filiere_dim, execution_date=20240313T131047, start_date=20240313T131756, end_date=20240313T131757
[2024-03-13T13:17:57.901+0000] {local_task_job_runner.py:225} INFO - Task exited with return code 0
[2024-03-13T13:17:58.141+0000] {taskinstance.py:2651} INFO - 0 downstream tasks scheduled from follow-on schedule check
